nohup: ignoring input
Namespace(batch_size=32, data_dir='./data/assist2015', data_name='assist2015', dataset_type='assist2015', decay_epoch=20, final_fc_dim=100, final_lr=1e-05, future_sequence_len=2, generate_files=0, gpu=0, init_lr=0.01, init_std=0.1, learning_trend_embed_dim=200, load='assist2015', lr=0.01, lr_decay=0, max_iter=50, maxgradnorm=50.0, memory_key_state_dim=50, memory_size=20, memory_value_state_dim=200, model_type='SAKT', momentum=0.9, n_question=110, num_attention_heads=4, q_embed_dim=50, qa_embed_dim=200, read_dim=100, save='assist2015', seed=4, seqlen=200, show=True, similar_user_num=2, test=False, train_test=0, wd=1e-05)
./data/assist2015/assist2015_train4.csv
train_qa_data_shape:  (11295, 200)
valid_qa_data_shape:  (2793, 200)
test_qa_data_shape:  (5956, 200)
device: 0
Epoch 1/50, loss : 0.55335, auc : 0.64548, accuracy : 0.73414
Epoch 1/50, valid auc : 0.67187, valid accuracy : 0.72943
0.0000 to 0.6719
test_auc: 0.6682	test_accuracy: 0.7362	test_loss: 0.5399	
Epoch 2/50, loss : 0.54152, auc : 0.66678, accuracy : 0.73882
Epoch 2/50, valid auc : 0.67595, valid accuracy : 0.72995
0.6719 to 0.6760
test_auc: 0.6714	test_accuracy: 0.7366	test_loss: 0.5387	
Epoch 3/50, loss : 0.53991, auc : 0.67001, accuracy : 0.73970
Epoch 3/50, valid auc : 0.67765, valid accuracy : 0.73026
0.6760 to 0.6777
test_auc: 0.6729	test_accuracy: 0.7374	test_loss: 0.5377	
Epoch 4/50, loss : 0.53900, auc : 0.67178, accuracy : 0.73998
Epoch 4/50, valid auc : 0.67870, valid accuracy : 0.73025
0.6777 to 0.6787
test_auc: 0.6739	test_accuracy: 0.7375	test_loss: 0.5373	
Epoch 5/50, loss : 0.53805, auc : 0.67368, accuracy : 0.74044
Epoch 5/50, valid auc : 0.67941, valid accuracy : 0.73032
0.6787 to 0.6794
test_auc: 0.6746	test_accuracy: 0.7378	test_loss: 0.5367	
Epoch 6/50, loss : 0.53746, auc : 0.67474, accuracy : 0.74058
Epoch 6/50, valid auc : 0.67993, valid accuracy : 0.73074
0.6794 to 0.6799
test_auc: 0.6751	test_accuracy: 0.7376	test_loss: 0.5364	
Epoch 7/50, loss : 0.53673, auc : 0.67627, accuracy : 0.74109
Epoch 7/50, valid auc : 0.68020, valid accuracy : 0.73088
0.6799 to 0.6802
test_auc: 0.6754	test_accuracy: 0.7378	test_loss: 0.5363	
Epoch 8/50, loss : 0.53614, auc : 0.67736, accuracy : 0.74106
Epoch 8/50, valid auc : 0.68095, valid accuracy : 0.73086
0.6802 to 0.6810
test_auc: 0.6761	test_accuracy: 0.7378	test_loss: 0.5357	
Epoch 9/50, loss : 0.53550, auc : 0.67860, accuracy : 0.74140
Epoch 9/50, valid auc : 0.68089, valid accuracy : 0.73105
Epoch 10/50, loss : 0.53494, auc : 0.67960, accuracy : 0.74160
Epoch 10/50, valid auc : 0.68112, valid accuracy : 0.73096
0.6810 to 0.6811
test_auc: 0.6766	test_accuracy: 0.7378	test_loss: 0.5353	
Epoch 11/50, loss : 0.53445, auc : 0.68068, accuracy : 0.74169
Epoch 11/50, valid auc : 0.68119, valid accuracy : 0.73080
0.6811 to 0.6812
test_auc: 0.6767	test_accuracy: 0.7378	test_loss: 0.5352	
Epoch 12/50, loss : 0.53386, auc : 0.68172, accuracy : 0.74200
Epoch 12/50, valid auc : 0.68148, valid accuracy : 0.73119
0.6812 to 0.6815
test_auc: 0.6771	test_accuracy: 0.7378	test_loss: 0.5351	
Epoch 13/50, loss : 0.53341, auc : 0.68263, accuracy : 0.74210
Epoch 13/50, valid auc : 0.68131, valid accuracy : 0.73107
Epoch 14/50, loss : 0.53282, auc : 0.68359, accuracy : 0.74245
Epoch 14/50, valid auc : 0.68123, valid accuracy : 0.73068
Epoch 15/50, loss : 0.53235, auc : 0.68453, accuracy : 0.74271
Epoch 15/50, valid auc : 0.68131, valid accuracy : 0.73074
Epoch 16/50, loss : 0.53186, auc : 0.68539, accuracy : 0.74255
Epoch 16/50, valid auc : 0.68107, valid accuracy : 0.73083
Epoch 17/50, loss : 0.53145, auc : 0.68602, accuracy : 0.74316
Epoch 17/50, valid auc : 0.68113, valid accuracy : 0.73074
Epoch 18/50, loss : 0.53104, auc : 0.68686, accuracy : 0.74310
Epoch 18/50, valid auc : 0.68106, valid accuracy : 0.73082
Epoch 19/50, loss : 0.53059, auc : 0.68748, accuracy : 0.74353
Epoch 19/50, valid auc : 0.68106, valid accuracy : 0.73073
Epoch 20/50, loss : 0.53009, auc : 0.68843, accuracy : 0.74360
Epoch 20/50, valid auc : 0.68109, valid accuracy : 0.73065
Epoch 21/50, loss : 0.52970, auc : 0.68912, accuracy : 0.74399
Epoch 21/50, valid auc : 0.68067, valid accuracy : 0.73064
Epoch 22/50, loss : 0.52938, auc : 0.68975, accuracy : 0.74401
Epoch 22/50, valid auc : 0.68087, valid accuracy : 0.73077
Epoch 23/50, loss : 0.52903, auc : 0.69025, accuracy : 0.74411
Epoch 23/50, valid auc : 0.68050, valid accuracy : 0.73068
Epoch 24/50, loss : 0.52870, auc : 0.69092, accuracy : 0.74452
Epoch 24/50, valid auc : 0.68030, valid accuracy : 0.73056
Epoch 25/50, loss : 0.52821, auc : 0.69168, accuracy : 0.74462
Epoch 25/50, valid auc : 0.67979, valid accuracy : 0.73078
Epoch 26/50, loss : 0.52793, auc : 0.69214, accuracy : 0.74476
Epoch 26/50, valid auc : 0.67994, valid accuracy : 0.73073
Epoch 27/50, loss : 0.52749, auc : 0.69289, accuracy : 0.74476
Epoch 27/50, valid auc : 0.67963, valid accuracy : 0.73087
Epoch 28/50, loss : 0.52703, auc : 0.69373, accuracy : 0.74495
Epoch 28/50, valid auc : 0.67970, valid accuracy : 0.73119
Epoch 29/50, loss : 0.52675, auc : 0.69414, accuracy : 0.74493
Epoch 29/50, valid auc : 0.67956, valid accuracy : 0.73067
Epoch 30/50, loss : 0.52628, auc : 0.69509, accuracy : 0.74518
Epoch 30/50, valid auc : 0.67941, valid accuracy : 0.73054
Epoch 31/50, loss : 0.52606, auc : 0.69556, accuracy : 0.74511
Epoch 31/50, valid auc : 0.67922, valid accuracy : 0.73069
Epoch 32/50, loss : 0.52564, auc : 0.69604, accuracy : 0.74571
Epoch 32/50, valid auc : 0.67842, valid accuracy : 0.73032
Epoch 33/50, loss : 0.52547, auc : 0.69626, accuracy : 0.74576
Epoch 33/50, valid auc : 0.67843, valid accuracy : 0.73066
Epoch 34/50, loss : 0.52494, auc : 0.69737, accuracy : 0.74534
Epoch 34/50, valid auc : 0.67813, valid accuracy : 0.73051
Epoch 35/50, loss : 0.52474, auc : 0.69765, accuracy : 0.74598
Epoch 35/50, valid auc : 0.67802, valid accuracy : 0.73073
Epoch 36/50, loss : 0.52441, auc : 0.69816, accuracy : 0.74600
Epoch 36/50, valid auc : 0.67789, valid accuracy : 0.73045
Epoch 37/50, loss : 0.52410, auc : 0.69871, accuracy : 0.74615
Epoch 37/50, valid auc : 0.67788, valid accuracy : 0.73050
Epoch 38/50, loss : 0.52374, auc : 0.69944, accuracy : 0.74620
Epoch 38/50, valid auc : 0.67767, valid accuracy : 0.73063
Epoch 39/50, loss : 0.52362, auc : 0.69952, accuracy : 0.74614
Epoch 39/50, valid auc : 0.67749, valid accuracy : 0.73040
Epoch 40/50, loss : 0.52330, auc : 0.70001, accuracy : 0.74634
Epoch 40/50, valid auc : 0.67712, valid accuracy : 0.73012
Epoch 41/50, loss : 0.52288, auc : 0.70085, accuracy : 0.74672
Epoch 41/50, valid auc : 0.67706, valid accuracy : 0.73006
Epoch 42/50, loss : 0.52247, auc : 0.70144, accuracy : 0.74665
Epoch 42/50, valid auc : 0.67694, valid accuracy : 0.72963
Epoch 43/50, loss : 0.52227, auc : 0.70189, accuracy : 0.74655
Epoch 43/50, valid auc : 0.67657, valid accuracy : 0.72959
Epoch 44/50, loss : 0.52208, auc : 0.70205, accuracy : 0.74678
Epoch 44/50, valid auc : 0.67602, valid accuracy : 0.72963
Epoch 45/50, loss : 0.52163, auc : 0.70287, accuracy : 0.74682
Epoch 45/50, valid auc : 0.67614, valid accuracy : 0.72977
Epoch 46/50, loss : 0.52131, auc : 0.70331, accuracy : 0.74714
Epoch 46/50, valid auc : 0.67669, valid accuracy : 0.72929
Epoch 47/50, loss : 0.52122, auc : 0.70368, accuracy : 0.74708
Epoch 47/50, valid auc : 0.67568, valid accuracy : 0.72939
Epoch 48/50, loss : 0.52084, auc : 0.70426, accuracy : 0.74711
Epoch 48/50, valid auc : 0.67531, valid accuracy : 0.72979
Epoch 49/50, loss : 0.52054, auc : 0.70480, accuracy : 0.74733
Epoch 49/50, valid auc : 0.67497, valid accuracy : 0.72932
Epoch 50/50, loss : 0.52034, auc : 0.70498, accuracy : 0.74718
Epoch 50/50, valid auc : 0.67514, valid accuracy : 0.72951
best outcome: best epoch: 12.0000
valid_auc: 0.6815	valid_accuracy: 0.7312	valid_loss: 0.5449	
test_auc: 0.6771	test_accuracy: 0.7378	test_loss: 0.5351	
