nohup: ignoring input
Namespace(batch_size=32, data_dir='./data/assist2015', data_name='assist2015', dataset_type='assist2015', decay_epoch=20, final_fc_dim=100, final_lr=1e-05, future_sequence_len=2, generate_files=0, gpu=0, init_lr=0.01, init_std=0.1, learning_trend_embed_dim=200, load='assist2015', lr=0.01, lr_decay=0, max_iter=50, maxgradnorm=50.0, memory_key_state_dim=50, memory_size=20, memory_value_state_dim=200, model_type='SAKT', momentum=0.9, n_question=110, num_attention_heads=4, q_embed_dim=50, qa_embed_dim=200, read_dim=100, save='assist2015', seed=5, seqlen=200, show=True, similar_user_num=2, test=False, train_test=0, wd=1e-05)
./data/assist2015/assist2015_train5.csv
train_qa_data_shape:  (11291, 200)
valid_qa_data_shape:  (2797, 200)
test_qa_data_shape:  (5956, 200)
device: 0
Epoch 1/50, loss : 0.55572, auc : 0.64628, accuracy : 0.73338
Epoch 1/50, valid auc : 0.65995, valid accuracy : 0.73900
0.0000 to 0.6600
test_auc: 0.6657	test_accuracy: 0.7351	test_loss: 0.5402	
Epoch 2/50, loss : 0.54321, auc : 0.67004, accuracy : 0.73665
Epoch 2/50, valid auc : 0.66387, valid accuracy : 0.73947
0.6600 to 0.6639
test_auc: 0.6692	test_accuracy: 0.7356	test_loss: 0.5385	
Epoch 3/50, loss : 0.54160, auc : 0.67322, accuracy : 0.73737
Epoch 3/50, valid auc : 0.66563, valid accuracy : 0.73954
0.6639 to 0.6656
test_auc: 0.6708	test_accuracy: 0.7356	test_loss: 0.5377	
Epoch 4/50, loss : 0.54075, auc : 0.67476, accuracy : 0.73780
Epoch 4/50, valid auc : 0.66688, valid accuracy : 0.73978
0.6656 to 0.6669
test_auc: 0.6720	test_accuracy: 0.7361	test_loss: 0.5370	
Epoch 5/50, loss : 0.54004, auc : 0.67609, accuracy : 0.73819
Epoch 5/50, valid auc : 0.66744, valid accuracy : 0.73946
0.6669 to 0.6674
test_auc: 0.6726	test_accuracy: 0.7362	test_loss: 0.5367	
Epoch 6/50, loss : 0.53947, auc : 0.67725, accuracy : 0.73841
Epoch 6/50, valid auc : 0.66788, valid accuracy : 0.73991
0.6674 to 0.6679
test_auc: 0.6730	test_accuracy: 0.7365	test_loss: 0.5365	
Epoch 7/50, loss : 0.53879, auc : 0.67844, accuracy : 0.73872
Epoch 7/50, valid auc : 0.66833, valid accuracy : 0.74049
0.6679 to 0.6683
test_auc: 0.6738	test_accuracy: 0.7367	test_loss: 0.5361	
Epoch 8/50, loss : 0.53820, auc : 0.67955, accuracy : 0.73899
Epoch 8/50, valid auc : 0.66866, valid accuracy : 0.74027
0.6683 to 0.6687
test_auc: 0.6742	test_accuracy: 0.7371	test_loss: 0.5359	
Epoch 9/50, loss : 0.53758, auc : 0.68059, accuracy : 0.73937
Epoch 9/50, valid auc : 0.66901, valid accuracy : 0.74001
0.6687 to 0.6690
test_auc: 0.6749	test_accuracy: 0.7371	test_loss: 0.5356	
Epoch 10/50, loss : 0.53707, auc : 0.68166, accuracy : 0.73965
Epoch 10/50, valid auc : 0.66901, valid accuracy : 0.73968
Epoch 11/50, loss : 0.53660, auc : 0.68261, accuracy : 0.73970
Epoch 11/50, valid auc : 0.66941, valid accuracy : 0.73943
0.6690 to 0.6694
test_auc: 0.6755	test_accuracy: 0.7374	test_loss: 0.5353	
Epoch 12/50, loss : 0.53601, auc : 0.68363, accuracy : 0.73975
Epoch 12/50, valid auc : 0.66932, valid accuracy : 0.73960
Epoch 13/50, loss : 0.53553, auc : 0.68435, accuracy : 0.74014
Epoch 13/50, valid auc : 0.66965, valid accuracy : 0.73989
0.6694 to 0.6696
test_auc: 0.6761	test_accuracy: 0.7372	test_loss: 0.5351	
Epoch 14/50, loss : 0.53511, auc : 0.68525, accuracy : 0.74018
Epoch 14/50, valid auc : 0.66954, valid accuracy : 0.73983
Epoch 15/50, loss : 0.53465, auc : 0.68607, accuracy : 0.74056
Epoch 15/50, valid auc : 0.66961, valid accuracy : 0.73978
Epoch 16/50, loss : 0.53419, auc : 0.68691, accuracy : 0.74081
Epoch 16/50, valid auc : 0.66974, valid accuracy : 0.74020
0.6696 to 0.6697
test_auc: 0.6764	test_accuracy: 0.7372	test_loss: 0.5350	
Epoch 17/50, loss : 0.53367, auc : 0.68785, accuracy : 0.74113
Epoch 17/50, valid auc : 0.66968, valid accuracy : 0.73992
Epoch 18/50, loss : 0.53325, auc : 0.68854, accuracy : 0.74119
Epoch 18/50, valid auc : 0.66989, valid accuracy : 0.74001
0.6697 to 0.6699
test_auc: 0.6768	test_accuracy: 0.7373	test_loss: 0.5349	
Epoch 19/50, loss : 0.53294, auc : 0.68906, accuracy : 0.74125
Epoch 19/50, valid auc : 0.66994, valid accuracy : 0.74004
0.6699 to 0.6699
test_auc: 0.6769	test_accuracy: 0.7372	test_loss: 0.5348	
Epoch 20/50, loss : 0.53253, auc : 0.68985, accuracy : 0.74123
Epoch 20/50, valid auc : 0.66979, valid accuracy : 0.74010
Epoch 21/50, loss : 0.53197, auc : 0.69074, accuracy : 0.74203
Epoch 21/50, valid auc : 0.66982, valid accuracy : 0.73965
Epoch 22/50, loss : 0.53157, auc : 0.69149, accuracy : 0.74211
Epoch 22/50, valid auc : 0.66978, valid accuracy : 0.73979
Epoch 23/50, loss : 0.53122, auc : 0.69217, accuracy : 0.74225
Epoch 23/50, valid auc : 0.66979, valid accuracy : 0.73978
Epoch 24/50, loss : 0.53096, auc : 0.69258, accuracy : 0.74234
Epoch 24/50, valid auc : 0.66954, valid accuracy : 0.73962
Epoch 25/50, loss : 0.53060, auc : 0.69309, accuracy : 0.74235
Epoch 25/50, valid auc : 0.66951, valid accuracy : 0.73973
Epoch 26/50, loss : 0.53011, auc : 0.69399, accuracy : 0.74267
Epoch 26/50, valid auc : 0.66943, valid accuracy : 0.73976
Epoch 27/50, loss : 0.52980, auc : 0.69462, accuracy : 0.74273
Epoch 27/50, valid auc : 0.66929, valid accuracy : 0.73943
Epoch 28/50, loss : 0.52935, auc : 0.69536, accuracy : 0.74323
Epoch 28/50, valid auc : 0.66927, valid accuracy : 0.73954
Epoch 29/50, loss : 0.52913, auc : 0.69577, accuracy : 0.74313
Epoch 29/50, valid auc : 0.66901, valid accuracy : 0.73918
Epoch 30/50, loss : 0.52854, auc : 0.69663, accuracy : 0.74315
Epoch 30/50, valid auc : 0.66896, valid accuracy : 0.73916
Epoch 31/50, loss : 0.52827, auc : 0.69712, accuracy : 0.74336
Epoch 31/50, valid auc : 0.66886, valid accuracy : 0.73929
Epoch 32/50, loss : 0.52794, auc : 0.69762, accuracy : 0.74340
Epoch 32/50, valid auc : 0.66867, valid accuracy : 0.73898
Epoch 33/50, loss : 0.52771, auc : 0.69809, accuracy : 0.74345
Epoch 33/50, valid auc : 0.66868, valid accuracy : 0.73881
Epoch 34/50, loss : 0.52728, auc : 0.69869, accuracy : 0.74383
Epoch 34/50, valid auc : 0.66866, valid accuracy : 0.73867
Epoch 35/50, loss : 0.52691, auc : 0.69928, accuracy : 0.74400
Epoch 35/50, valid auc : 0.66818, valid accuracy : 0.73796
Epoch 36/50, loss : 0.52662, auc : 0.69988, accuracy : 0.74398
Epoch 36/50, valid auc : 0.66807, valid accuracy : 0.73861
Epoch 37/50, loss : 0.52631, auc : 0.70040, accuracy : 0.74413
Epoch 37/50, valid auc : 0.66811, valid accuracy : 0.73822
Epoch 38/50, loss : 0.52611, auc : 0.70073, accuracy : 0.74423
Epoch 38/50, valid auc : 0.66793, valid accuracy : 0.73838
Epoch 39/50, loss : 0.52564, auc : 0.70141, accuracy : 0.74439
Epoch 39/50, valid auc : 0.66780, valid accuracy : 0.73848
Epoch 40/50, loss : 0.52523, auc : 0.70211, accuracy : 0.74484
Epoch 40/50, valid auc : 0.66761, valid accuracy : 0.73819
Epoch 41/50, loss : 0.52500, auc : 0.70258, accuracy : 0.74460
Epoch 41/50, valid auc : 0.66740, valid accuracy : 0.73833
Epoch 42/50, loss : 0.52478, auc : 0.70285, accuracy : 0.74474
Epoch 42/50, valid auc : 0.66745, valid accuracy : 0.73855
Epoch 43/50, loss : 0.52453, auc : 0.70327, accuracy : 0.74509
Epoch 43/50, valid auc : 0.66728, valid accuracy : 0.73840
Epoch 44/50, loss : 0.52416, auc : 0.70399, accuracy : 0.74491
Epoch 44/50, valid auc : 0.66711, valid accuracy : 0.73816
Epoch 45/50, loss : 0.52375, auc : 0.70451, accuracy : 0.74548
Epoch 45/50, valid auc : 0.66676, valid accuracy : 0.73825
Epoch 46/50, loss : 0.52357, auc : 0.70488, accuracy : 0.74509
Epoch 46/50, valid auc : 0.66656, valid accuracy : 0.73805
Epoch 47/50, loss : 0.52330, auc : 0.70515, accuracy : 0.74511
Epoch 47/50, valid auc : 0.66627, valid accuracy : 0.73766
Epoch 48/50, loss : 0.52305, auc : 0.70562, accuracy : 0.74533
Epoch 48/50, valid auc : 0.66567, valid accuracy : 0.73745
Epoch 49/50, loss : 0.52262, auc : 0.70631, accuracy : 0.74562
Epoch 49/50, valid auc : 0.66579, valid accuracy : 0.73777
Epoch 50/50, loss : 0.52223, auc : 0.70684, accuracy : 0.74572
Epoch 50/50, valid auc : 0.66554, valid accuracy : 0.73752
best outcome: best epoch: 19.0000
valid_auc: 0.6699	valid_accuracy: 0.7400	valid_loss: 0.5396	
test_auc: 0.6769	test_accuracy: 0.7372	test_loss: 0.5348	
