Namespace(batch_size=32, data_dir='./data/HDUOJ', data_name='HDUOJ', dataset_type='HDUOJ', decay_epoch=20, final_fc_dim=50, final_lr=1e-05, gpu=0, init_lr=0.001, init_std=0.1, load='HDUOJ', lr=0.001, lr_decay=0.75, max_iter=25, maxgradnorm=50.0, memory_key_state_dim=50, memory_size=20, memory_value_state_dim=200, momentum=0.9, n_question=5320, q_embed_dim=50, qa_embed_dim=200, save='HDUOJ', seed='5', seqlen=100, show=True, test=False, train_test=True, wd=1e-05)
device: 0
Epoch 1/25, loss : 0.60724, auc : 0.68102, accuracy : 0.65566
Epoch 1/25, valid auc : 0.69997, valid accuracy : 0.66979
0.0000 to 0.7000
test_auc: 0.7585	test_accuracy: 0.7073	test_loss: 0.5402	
Epoch 2/25, loss : 0.52544, auc : 0.77541, accuracy : 0.71937
Epoch 2/25, valid auc : 0.81864, valid accuracy : 0.75848
0.7000 to 0.8186
test_auc: 0.8684	test_accuracy: 0.8054	test_loss: 0.4242	
Epoch 3/25, loss : 0.45085, auc : 0.84764, accuracy : 0.78141
Epoch 3/25, valid auc : 0.84971, valid accuracy : 0.78551
0.8186 to 0.8497
test_auc: 0.8881	test_accuracy: 0.8292	test_loss: 0.3969	
Epoch 4/25, loss : 0.43014, auc : 0.86445, accuracy : 0.79856
Epoch 4/25, valid auc : 0.85794, valid accuracy : 0.79385
0.8497 to 0.8579
test_auc: 0.8934	test_accuracy: 0.8358	test_loss: 0.3888	
Epoch 5/25, loss : 0.42124, auc : 0.87090, accuracy : 0.80586
Epoch 5/25, valid auc : 0.86206, valid accuracy : 0.79839
0.8579 to 0.8621
test_auc: 0.8964	test_accuracy: 0.8399	test_loss: 0.3842	
Epoch 6/25, loss : 0.41595, auc : 0.87462, accuracy : 0.81014
Epoch 6/25, valid auc : 0.86457, valid accuracy : 0.80114
0.8621 to 0.8646
test_auc: 0.8982	test_accuracy: 0.8425	test_loss: 0.3813	
Epoch 7/25, loss : 0.41248, auc : 0.87698, accuracy : 0.81265
Epoch 7/25, valid auc : 0.86636, valid accuracy : 0.80292
0.8646 to 0.8664
test_auc: 0.8994	test_accuracy: 0.8434	test_loss: 0.3794	
Epoch 8/25, loss : 0.40965, auc : 0.87890, accuracy : 0.81475
Epoch 8/25, valid auc : 0.86791, valid accuracy : 0.80464
0.8664 to 0.8679
test_auc: 0.9007	test_accuracy: 0.8443	test_loss: 0.3776	
Epoch 9/25, loss : 0.40736, auc : 0.88042, accuracy : 0.81631
Epoch 9/25, valid auc : 0.86914, valid accuracy : 0.80581
0.8679 to 0.8691
test_auc: 0.9013	test_accuracy: 0.8453	test_loss: 0.3764	
Epoch 10/25, loss : 0.40549, auc : 0.88165, accuracy : 0.81763
Epoch 10/25, valid auc : 0.87006, valid accuracy : 0.80662
0.8691 to 0.8701
test_auc: 0.9016	test_accuracy: 0.8458	test_loss: 0.3754	
Epoch 11/25, loss : 0.40391, auc : 0.88266, accuracy : 0.81871
Epoch 11/25, valid auc : 0.87078, valid accuracy : 0.80743
0.8701 to 0.8708
test_auc: 0.9018	test_accuracy: 0.8461	test_loss: 0.3746	
Epoch 12/25, loss : 0.40228, auc : 0.88359, accuracy : 0.81964
Epoch 12/25, valid auc : 0.87172, valid accuracy : 0.80787
0.8708 to 0.8717
test_auc: 0.9027	test_accuracy: 0.8467	test_loss: 0.3719	
Epoch 13/25, loss : 0.40018, auc : 0.88477, accuracy : 0.82049
Epoch 13/25, valid auc : 0.87249, valid accuracy : 0.80840
0.8717 to 0.8725
test_auc: 0.9032	test_accuracy: 0.8474	test_loss: 0.3708	
Epoch 14/25, loss : 0.39898, auc : 0.88553, accuracy : 0.82116
Epoch 14/25, valid auc : 0.87313, valid accuracy : 0.80884
0.8725 to 0.8731
test_auc: 0.9036	test_accuracy: 0.8480	test_loss: 0.3700	
Epoch 15/25, loss : 0.39801, auc : 0.88615, accuracy : 0.82175
Epoch 15/25, valid auc : 0.87364, valid accuracy : 0.80917
0.8731 to 0.8736
test_auc: 0.9040	test_accuracy: 0.8485	test_loss: 0.3694	
Epoch 16/25, loss : 0.39716, auc : 0.88670, accuracy : 0.82231
Epoch 16/25, valid auc : 0.87406, valid accuracy : 0.80945
0.8736 to 0.8741
test_auc: 0.9043	test_accuracy: 0.8488	test_loss: 0.3688	
Epoch 17/25, loss : 0.39642, auc : 0.88718, accuracy : 0.82275
Epoch 17/25, valid auc : 0.87440, valid accuracy : 0.80977
0.8741 to 0.8744
test_auc: 0.9045	test_accuracy: 0.8491	test_loss: 0.3685	
Epoch 18/25, loss : 0.39575, auc : 0.88760, accuracy : 0.82320
Epoch 18/25, valid auc : 0.87472, valid accuracy : 0.81016
0.8744 to 0.8747
test_auc: 0.9046	test_accuracy: 0.8495	test_loss: 0.3681	
Epoch 19/25, loss : 0.39516, auc : 0.88797, accuracy : 0.82358
Epoch 19/25, valid auc : 0.87497, valid accuracy : 0.81035
0.8747 to 0.8750
test_auc: 0.9047	test_accuracy: 0.8498	test_loss: 0.3677	
Epoch 20/25, loss : 0.39469, auc : 0.88827, accuracy : 0.82388
Epoch 20/25, valid auc : 0.87519, valid accuracy : 0.81053
0.8750 to 0.8752
test_auc: 0.9050	test_accuracy: 0.8501	test_loss: 0.3674	
Epoch 21/25, loss : 0.39431, auc : 0.88851, accuracy : 0.82411
Epoch 21/25, valid auc : 0.87542, valid accuracy : 0.81073
0.8752 to 0.8754
test_auc: 0.9051	test_accuracy: 0.8503	test_loss: 0.3671	
Epoch 22/25, loss : 0.39394, auc : 0.88874, accuracy : 0.82435
Epoch 22/25, valid auc : 0.87561, valid accuracy : 0.81077
0.8754 to 0.8756
test_auc: 0.9052	test_accuracy: 0.8503	test_loss: 0.3669	
Epoch 23/25, loss : 0.39363, auc : 0.88894, accuracy : 0.82453
Epoch 23/25, valid auc : 0.87578, valid accuracy : 0.81088
0.8756 to 0.8758
test_auc: 0.9054	test_accuracy: 0.8504	test_loss: 0.3666	
Epoch 24/25, loss : 0.39337, auc : 0.88910, accuracy : 0.82472
Epoch 24/25, valid auc : 0.87594, valid accuracy : 0.81099
0.8758 to 0.8759
test_auc: 0.9055	test_accuracy: 0.8504	test_loss: 0.3664	
Epoch 25/25, loss : 0.39310, auc : 0.88927, accuracy : 0.82491
Epoch 25/25, valid auc : 0.87618, valid accuracy : 0.81112
0.8759 to 0.8762
test_auc: 0.9054	test_accuracy: 0.8504	test_loss: 0.3663	

