nohup: ignoring input
Namespace(batch_size=32, data_dir='./data/assist2009', data_name='assist2009', dataset_type='assist2009', decay_epoch=20, final_fc_dim=100, final_lr=1e-05, future_sequence_len=5, generate_files=1, gpu=0, init_lr=0.01, init_std=0.1, learning_trend_embed_dim=200, load='assist2009', lr=0.01, lr_decay=0, max_iter=300, maxgradnorm=50.0, memory_key_state_dim=50, memory_size=20, memory_value_state_dim=200, model_type='RKT', momentum=0.9, n_question=110, num_attention_heads=4, q_embed_dim=50, qa_embed_dim=200, read_dim=100, save='assist2009', seed=1, seqlen=200, show=True, similar_user_num=10, test=False, train_test=0, wd=1e-05)
./data/assist2009/assist2009_train1.csv
train_qa_data_shape:  (2697, 200)
valid_qa_data_shape:  (740, 200)
test_qa_data_shape:  (1481, 200)
device: 0
Epoch 1/300, loss : 0.62274, auc : 0.63274, accuracy : 0.62808
Epoch 1/300, valid auc : 0.70920, valid accuracy : 0.65957
0.0000 to 0.7092
test_auc: 0.7039	test_accuracy: 0.6674	test_loss: 0.5859	
Epoch 2/300, loss : 0.58052, auc : 0.70629, accuracy : 0.67723
Epoch 2/300, valid auc : 0.72048, valid accuracy : 0.68374
0.7092 to 0.7205
test_auc: 0.7144	test_accuracy: 0.6856	test_loss: 0.5761	
Epoch 3/300, loss : 0.57587, auc : 0.71286, accuracy : 0.68497
Epoch 3/300, valid auc : 0.72311, valid accuracy : 0.68668
0.7205 to 0.7231
test_auc: 0.7166	test_accuracy: 0.6892	test_loss: 0.5740	
Epoch 4/300, loss : 0.57451, auc : 0.71446, accuracy : 0.68674
Epoch 4/300, valid auc : 0.72414, valid accuracy : 0.68881
0.7231 to 0.7241
test_auc: 0.7174	test_accuracy: 0.6908	test_loss: 0.5730	
Epoch 5/300, loss : 0.57370, auc : 0.71518, accuracy : 0.68772
Epoch 5/300, valid auc : 0.72461, valid accuracy : 0.68875
0.7241 to 0.7246
test_auc: 0.7176	test_accuracy: 0.6915	test_loss: 0.5724	
Epoch 6/300, loss : 0.57310, auc : 0.71572, accuracy : 0.68819
Epoch 6/300, valid auc : 0.72498, valid accuracy : 0.68940
0.7246 to 0.7250
test_auc: 0.7179	test_accuracy: 0.6922	test_loss: 0.5720	
Epoch 7/300, loss : 0.57260, auc : 0.71639, accuracy : 0.68883
Epoch 7/300, valid auc : 0.72513, valid accuracy : 0.68982
0.7250 to 0.7251
test_auc: 0.7181	test_accuracy: 0.6922	test_loss: 0.5717	
Epoch 8/300, loss : 0.57208, auc : 0.71670, accuracy : 0.68894
Epoch 8/300, valid auc : 0.72536, valid accuracy : 0.69026
0.7251 to 0.7254
test_auc: 0.7183	test_accuracy: 0.6929	test_loss: 0.5714	
Epoch 9/300, loss : 0.57159, auc : 0.71724, accuracy : 0.68976
Epoch 9/300, valid auc : 0.72574, valid accuracy : 0.68953
0.7254 to 0.7257
test_auc: 0.7186	test_accuracy: 0.6923	test_loss: 0.5709	
Epoch 10/300, loss : 0.57117, auc : 0.71763, accuracy : 0.68985
Epoch 10/300, valid auc : 0.72651, valid accuracy : 0.69079
0.7257 to 0.7265
test_auc: 0.7192	test_accuracy: 0.6931	test_loss: 0.5704	
Epoch 11/300, loss : 0.57030, auc : 0.71860, accuracy : 0.69130
Epoch 11/300, valid auc : 0.72771, valid accuracy : 0.69119
0.7265 to 0.7277
test_auc: 0.7202	test_accuracy: 0.6938	test_loss: 0.5697	
Epoch 12/300, loss : 0.56948, auc : 0.71955, accuracy : 0.69174
Epoch 12/300, valid auc : 0.72831, valid accuracy : 0.69119
0.7277 to 0.7283
test_auc: 0.7206	test_accuracy: 0.6938	test_loss: 0.5692	
Epoch 13/300, loss : 0.56897, auc : 0.71997, accuracy : 0.69192
Epoch 13/300, valid auc : 0.72874, valid accuracy : 0.69167
0.7283 to 0.7287
test_auc: 0.7210	test_accuracy: 0.6949	test_loss: 0.5687	
Epoch 14/300, loss : 0.56868, auc : 0.72004, accuracy : 0.69287
Epoch 14/300, valid auc : 0.72907, valid accuracy : 0.69190
0.7287 to 0.7291
test_auc: 0.7213	test_accuracy: 0.6953	test_loss: 0.5684	
Epoch 15/300, loss : 0.56828, auc : 0.72030, accuracy : 0.69277
Epoch 15/300, valid auc : 0.72941, valid accuracy : 0.69195
0.7291 to 0.7294
test_auc: 0.7217	test_accuracy: 0.6952	test_loss: 0.5680	
Epoch 16/300, loss : 0.56766, auc : 0.72091, accuracy : 0.69383
Epoch 16/300, valid auc : 0.72963, valid accuracy : 0.69176
0.7294 to 0.7296
test_auc: 0.7219	test_accuracy: 0.6955	test_loss: 0.5678	
Epoch 17/300, loss : 0.56755, auc : 0.72099, accuracy : 0.69375
Epoch 17/300, valid auc : 0.73001, valid accuracy : 0.69144
0.7296 to 0.7300
test_auc: 0.7223	test_accuracy: 0.6949	test_loss: 0.5675	
Epoch 18/300, loss : 0.56754, auc : 0.72120, accuracy : 0.69425
Epoch 18/300, valid auc : 0.73025, valid accuracy : 0.69241
0.7300 to 0.7302
test_auc: 0.7226	test_accuracy: 0.6958	test_loss: 0.5672	
Epoch 19/300, loss : 0.56714, auc : 0.72141, accuracy : 0.69432
Epoch 19/300, valid auc : 0.73059, valid accuracy : 0.69251
0.7302 to 0.7306
test_auc: 0.7230	test_accuracy: 0.6963	test_loss: 0.5669	
Epoch 20/300, loss : 0.56648, auc : 0.72182, accuracy : 0.69480
Epoch 20/300, valid auc : 0.73102, valid accuracy : 0.69298
0.7306 to 0.7310
test_auc: 0.7234	test_accuracy: 0.6962	test_loss: 0.5665	
Epoch 21/300, loss : 0.56596, auc : 0.72229, accuracy : 0.69499
Epoch 21/300, valid auc : 0.73149, valid accuracy : 0.69357
0.7310 to 0.7315
test_auc: 0.7240	test_accuracy: 0.6963	test_loss: 0.5661	
Epoch 22/300, loss : 0.56575, auc : 0.72302, accuracy : 0.69516
Epoch 22/300, valid auc : 0.73207, valid accuracy : 0.69380
0.7315 to 0.7321
test_auc: 0.7246	test_accuracy: 0.6968	test_loss: 0.5657	
Epoch 23/300, loss : 0.56516, auc : 0.72338, accuracy : 0.69600
Epoch 23/300, valid auc : 0.73252, valid accuracy : 0.69416
0.7321 to 0.7325
test_auc: 0.7253	test_accuracy: 0.6971	test_loss: 0.5652	
Epoch 24/300, loss : 0.56414, auc : 0.72434, accuracy : 0.69604
Epoch 24/300, valid auc : 0.73297, valid accuracy : 0.69449
0.7325 to 0.7330
test_auc: 0.7259	test_accuracy: 0.6979	test_loss: 0.5648	
Epoch 25/300, loss : 0.56405, auc : 0.72470, accuracy : 0.69667
Epoch 25/300, valid auc : 0.73357, valid accuracy : 0.69397
0.7330 to 0.7336
test_auc: 0.7266	test_accuracy: 0.6978	test_loss: 0.5644	
Epoch 26/300, loss : 0.56360, auc : 0.72501, accuracy : 0.69646
Epoch 26/300, valid auc : 0.73389, valid accuracy : 0.69510
0.7336 to 0.7339
test_auc: 0.7269	test_accuracy: 0.6982	test_loss: 0.5643	
Epoch 27/300, loss : 0.56315, auc : 0.72564, accuracy : 0.69708
Epoch 27/300, valid auc : 0.73430, valid accuracy : 0.69584
0.7339 to 0.7343
test_auc: 0.7274	test_accuracy: 0.6983	test_loss: 0.5640	
Epoch 28/300, loss : 0.56284, auc : 0.72586, accuracy : 0.69739
Epoch 28/300, valid auc : 0.73458, valid accuracy : 0.69578
0.7343 to 0.7346
test_auc: 0.7276	test_accuracy: 0.6982	test_loss: 0.5639	
Epoch 29/300, loss : 0.56234, auc : 0.72667, accuracy : 0.69732
Epoch 29/300, valid auc : 0.73489, valid accuracy : 0.69620
0.7346 to 0.7349
test_auc: 0.7279	test_accuracy: 0.6986	test_loss: 0.5638	
Epoch 30/300, loss : 0.56219, auc : 0.72677, accuracy : 0.69752
Epoch 30/300, valid auc : 0.73524, valid accuracy : 0.69605
0.7349 to 0.7352
test_auc: 0.7283	test_accuracy: 0.6982	test_loss: 0.5637	
Epoch 31/300, loss : 0.56184, auc : 0.72727, accuracy : 0.69798
Epoch 31/300, valid auc : 0.73567, valid accuracy : 0.69681
0.7352 to 0.7357
test_auc: 0.7286	test_accuracy: 0.6986	test_loss: 0.5636	
Epoch 32/300, loss : 0.56153, auc : 0.72739, accuracy : 0.69773
Epoch 32/300, valid auc : 0.73599, valid accuracy : 0.69738
0.7357 to 0.7360
test_auc: 0.7290	test_accuracy: 0.6988	test_loss: 0.5634	
Epoch 33/300, loss : 0.56075, auc : 0.72827, accuracy : 0.69705
Epoch 33/300, valid auc : 0.73645, valid accuracy : 0.69816
0.7360 to 0.7365
test_auc: 0.7295	test_accuracy: 0.6995	test_loss: 0.5631	
Epoch 34/300, loss : 0.56050, auc : 0.72845, accuracy : 0.69758
Epoch 34/300, valid auc : 0.73685, valid accuracy : 0.69835
0.7365 to 0.7368
test_auc: 0.7301	test_accuracy: 0.6999	test_loss: 0.5629	
Epoch 35/300, loss : 0.56018, auc : 0.72905, accuracy : 0.69828
Epoch 35/300, valid auc : 0.73716, valid accuracy : 0.69900
0.7368 to 0.7372
test_auc: 0.7304	test_accuracy: 0.7001	test_loss: 0.5627	
Epoch 36/300, loss : 0.55988, auc : 0.72916, accuracy : 0.69849
Epoch 36/300, valid auc : 0.73740, valid accuracy : 0.69904
0.7372 to 0.7374
test_auc: 0.7306	test_accuracy: 0.6998	test_loss: 0.5626	
Epoch 37/300, loss : 0.55970, auc : 0.72950, accuracy : 0.69790
Epoch 37/300, valid auc : 0.73775, valid accuracy : 0.69883
0.7374 to 0.7378
test_auc: 0.7310	test_accuracy: 0.7001	test_loss: 0.5623	
Epoch 38/300, loss : 0.55946, auc : 0.72981, accuracy : 0.69801
Epoch 38/300, valid auc : 0.73793, valid accuracy : 0.69883
0.7378 to 0.7379
test_auc: 0.7311	test_accuracy: 0.7002	test_loss: 0.5622	
Epoch 39/300, loss : 0.55884, auc : 0.73023, accuracy : 0.69926
Epoch 39/300, valid auc : 0.73831, valid accuracy : 0.69906
0.7379 to 0.7383
test_auc: 0.7315	test_accuracy: 0.7003	test_loss: 0.5619	
Epoch 40/300, loss : 0.55881, auc : 0.73058, accuracy : 0.69886
Epoch 40/300, valid auc : 0.73874, valid accuracy : 0.69875
0.7383 to 0.7387
test_auc: 0.7319	test_accuracy: 0.7001	test_loss: 0.5616	
Epoch 41/300, loss : 0.55835, auc : 0.73066, accuracy : 0.69866
Epoch 41/300, valid auc : 0.73909, valid accuracy : 0.69900
0.7387 to 0.7391
test_auc: 0.7322	test_accuracy: 0.7005	test_loss: 0.5614	
Epoch 42/300, loss : 0.55783, auc : 0.73155, accuracy : 0.69979
Epoch 42/300, valid auc : 0.73948, valid accuracy : 0.69936
0.7391 to 0.7395
test_auc: 0.7325	test_accuracy: 0.7010	test_loss: 0.5612	
Epoch 43/300, loss : 0.55755, auc : 0.73186, accuracy : 0.69973
Epoch 43/300, valid auc : 0.73983, valid accuracy : 0.69891
0.7395 to 0.7398
test_auc: 0.7327	test_accuracy: 0.7012	test_loss: 0.5609	
Epoch 44/300, loss : 0.55725, auc : 0.73201, accuracy : 0.69891
Epoch 44/300, valid auc : 0.74031, valid accuracy : 0.69856
0.7398 to 0.7403
test_auc: 0.7331	test_accuracy: 0.7011	test_loss: 0.5606	
Epoch 45/300, loss : 0.55693, auc : 0.73252, accuracy : 0.70025
Epoch 45/300, valid auc : 0.74063, valid accuracy : 0.69923
0.7403 to 0.7406
test_auc: 0.7334	test_accuracy: 0.7017	test_loss: 0.5604	
Epoch 46/300, loss : 0.55706, auc : 0.73265, accuracy : 0.69982
Epoch 46/300, valid auc : 0.74107, valid accuracy : 0.69891
0.7406 to 0.7411
test_auc: 0.7338	test_accuracy: 0.7014	test_loss: 0.5602	
Epoch 47/300, loss : 0.55674, auc : 0.73275, accuracy : 0.70012
Epoch 47/300, valid auc : 0.74138, valid accuracy : 0.69919
0.7411 to 0.7414
test_auc: 0.7341	test_accuracy: 0.7015	test_loss: 0.5599	
Epoch 48/300, loss : 0.55639, auc : 0.73332, accuracy : 0.70032
Epoch 48/300, valid auc : 0.74178, valid accuracy : 0.69959
0.7414 to 0.7418
test_auc: 0.7344	test_accuracy: 0.7017	test_loss: 0.5597	
Epoch 49/300, loss : 0.55613, auc : 0.73369, accuracy : 0.70065
Epoch 49/300, valid auc : 0.74209, valid accuracy : 0.69946
0.7418 to 0.7421
test_auc: 0.7346	test_accuracy: 0.7018	test_loss: 0.5595	
Epoch 50/300, loss : 0.55583, auc : 0.73375, accuracy : 0.70021
Epoch 50/300, valid auc : 0.74245, valid accuracy : 0.69967
0.7421 to 0.7424
test_auc: 0.7349	test_accuracy: 0.7018	test_loss: 0.5592	
Epoch 51/300, loss : 0.55570, auc : 0.73382, accuracy : 0.70061
Epoch 51/300, valid auc : 0.74288, valid accuracy : 0.69957
0.7424 to 0.7429
test_auc: 0.7353	test_accuracy: 0.7020	test_loss: 0.5590	
Epoch 52/300, loss : 0.55511, auc : 0.73450, accuracy : 0.70053
Epoch 52/300, valid auc : 0.74315, valid accuracy : 0.69997
0.7429 to 0.7432
test_auc: 0.7355	test_accuracy: 0.7023	test_loss: 0.5588	
Epoch 53/300, loss : 0.55468, auc : 0.73476, accuracy : 0.70109
Epoch 53/300, valid auc : 0.74351, valid accuracy : 0.70024
0.7432 to 0.7435
test_auc: 0.7358	test_accuracy: 0.7023	test_loss: 0.5585	
Epoch 54/300, loss : 0.55465, auc : 0.73518, accuracy : 0.70137
Epoch 54/300, valid auc : 0.74375, valid accuracy : 0.70020
0.7435 to 0.7438
test_auc: 0.7360	test_accuracy: 0.7022	test_loss: 0.5582	
Epoch 55/300, loss : 0.55460, auc : 0.73525, accuracy : 0.70141
Epoch 55/300, valid auc : 0.74409, valid accuracy : 0.70049
0.7438 to 0.7441
test_auc: 0.7363	test_accuracy: 0.7024	test_loss: 0.5581	
Epoch 56/300, loss : 0.55412, auc : 0.73557, accuracy : 0.70111
Epoch 56/300, valid auc : 0.74441, valid accuracy : 0.70009
0.7441 to 0.7444
test_auc: 0.7366	test_accuracy: 0.7023	test_loss: 0.5578	
Epoch 57/300, loss : 0.55394, auc : 0.73600, accuracy : 0.70133
Epoch 57/300, valid auc : 0.74465, valid accuracy : 0.70056
0.7444 to 0.7447
test_auc: 0.7369	test_accuracy: 0.7025	test_loss: 0.5576	
Epoch 58/300, loss : 0.55330, auc : 0.73661, accuracy : 0.70198
Epoch 58/300, valid auc : 0.74497, valid accuracy : 0.70127
0.7447 to 0.7450
test_auc: 0.7372	test_accuracy: 0.7030	test_loss: 0.5573	
Epoch 59/300, loss : 0.55357, auc : 0.73653, accuracy : 0.70178
Epoch 59/300, valid auc : 0.74534, valid accuracy : 0.70133
0.7450 to 0.7453
test_auc: 0.7375	test_accuracy: 0.7031	test_loss: 0.5570	
Epoch 60/300, loss : 0.55308, auc : 0.73678, accuracy : 0.70203
Epoch 60/300, valid auc : 0.74567, valid accuracy : 0.70131
0.7453 to 0.7457
test_auc: 0.7378	test_accuracy: 0.7029	test_loss: 0.5567	
Epoch 61/300, loss : 0.55257, auc : 0.73754, accuracy : 0.70211
Epoch 61/300, valid auc : 0.74588, valid accuracy : 0.70140
0.7457 to 0.7459
test_auc: 0.7381	test_accuracy: 0.7033	test_loss: 0.5565	
Epoch 62/300, loss : 0.55241, auc : 0.73759, accuracy : 0.70212
Epoch 62/300, valid auc : 0.74618, valid accuracy : 0.70155
0.7459 to 0.7462
test_auc: 0.7383	test_accuracy: 0.7036	test_loss: 0.5562	
Epoch 63/300, loss : 0.55237, auc : 0.73775, accuracy : 0.70239
Epoch 63/300, valid auc : 0.74646, valid accuracy : 0.70150
0.7462 to 0.7465
test_auc: 0.7386	test_accuracy: 0.7036	test_loss: 0.5559	
Epoch 64/300, loss : 0.55213, auc : 0.73782, accuracy : 0.70233
Epoch 64/300, valid auc : 0.74668, valid accuracy : 0.70167
0.7465 to 0.7467
test_auc: 0.7388	test_accuracy: 0.7037	test_loss: 0.5557	
Epoch 65/300, loss : 0.55130, auc : 0.73855, accuracy : 0.70250
Epoch 65/300, valid auc : 0.74696, valid accuracy : 0.70184
0.7467 to 0.7470
test_auc: 0.7390	test_accuracy: 0.7040	test_loss: 0.5556	
Epoch 66/300, loss : 0.55141, auc : 0.73856, accuracy : 0.70267
Epoch 66/300, valid auc : 0.74717, valid accuracy : 0.70178
0.7470 to 0.7472
test_auc: 0.7392	test_accuracy: 0.7040	test_loss: 0.5553	
Epoch 67/300, loss : 0.55097, auc : 0.73919, accuracy : 0.70346
Epoch 67/300, valid auc : 0.74731, valid accuracy : 0.70226
0.7472 to 0.7473
test_auc: 0.7393	test_accuracy: 0.7045	test_loss: 0.5551	
Epoch 68/300, loss : 0.55073, auc : 0.73929, accuracy : 0.70340
Epoch 68/300, valid auc : 0.74759, valid accuracy : 0.70243
0.7473 to 0.7476
test_auc: 0.7395	test_accuracy: 0.7047	test_loss: 0.5549	
Epoch 69/300, loss : 0.55056, auc : 0.73941, accuracy : 0.70359
Epoch 69/300, valid auc : 0.74779, valid accuracy : 0.70314
0.7476 to 0.7478
test_auc: 0.7397	test_accuracy: 0.7049	test_loss: 0.5547	
Epoch 70/300, loss : 0.55036, auc : 0.73943, accuracy : 0.70278
Epoch 70/300, valid auc : 0.74804, valid accuracy : 0.70237
0.7478 to 0.7480
test_auc: 0.7399	test_accuracy: 0.7044	test_loss: 0.5544	
Epoch 71/300, loss : 0.55018, auc : 0.73970, accuracy : 0.70342
Epoch 71/300, valid auc : 0.74817, valid accuracy : 0.70308
0.7480 to 0.7482
test_auc: 0.7399	test_accuracy: 0.7050	test_loss: 0.5543	
Epoch 72/300, loss : 0.55011, auc : 0.74008, accuracy : 0.70368
Epoch 72/300, valid auc : 0.74847, valid accuracy : 0.70283
0.7482 to 0.7485
test_auc: 0.7402	test_accuracy: 0.7044	test_loss: 0.5540	
Epoch 73/300, loss : 0.55001, auc : 0.73985, accuracy : 0.70295
Epoch 73/300, valid auc : 0.74874, valid accuracy : 0.70272
0.7485 to 0.7487
test_auc: 0.7405	test_accuracy: 0.7045	test_loss: 0.5538	
Epoch 74/300, loss : 0.54981, auc : 0.74021, accuracy : 0.70372
Epoch 74/300, valid auc : 0.74884, valid accuracy : 0.70390
0.7487 to 0.7488
test_auc: 0.7405	test_accuracy: 0.7052	test_loss: 0.5537	
Epoch 75/300, loss : 0.54919, auc : 0.74074, accuracy : 0.70418
Epoch 75/300, valid auc : 0.74912, valid accuracy : 0.70363
0.7488 to 0.7491
test_auc: 0.7407	test_accuracy: 0.7052	test_loss: 0.5535	
Epoch 76/300, loss : 0.54928, auc : 0.74059, accuracy : 0.70373
Epoch 76/300, valid auc : 0.74916, valid accuracy : 0.70321
0.7491 to 0.7492
test_auc: 0.7408	test_accuracy: 0.7049	test_loss: 0.5532	
Epoch 77/300, loss : 0.54926, auc : 0.74078, accuracy : 0.70451
Epoch 77/300, valid auc : 0.74940, valid accuracy : 0.70327
0.7492 to 0.7494
test_auc: 0.7409	test_accuracy: 0.7050	test_loss: 0.5531	
Epoch 78/300, loss : 0.54891, auc : 0.74110, accuracy : 0.70476
Epoch 78/300, valid auc : 0.74957, valid accuracy : 0.70357
0.7494 to 0.7496
test_auc: 0.7411	test_accuracy: 0.7051	test_loss: 0.5529	
Epoch 79/300, loss : 0.54859, auc : 0.74137, accuracy : 0.70476
Epoch 79/300, valid auc : 0.74975, valid accuracy : 0.70342
0.7496 to 0.7497
test_auc: 0.7412	test_accuracy: 0.7051	test_loss: 0.5528	
Epoch 80/300, loss : 0.54845, auc : 0.74144, accuracy : 0.70454
Epoch 80/300, valid auc : 0.74988, valid accuracy : 0.70365
0.7497 to 0.7499
test_auc: 0.7414	test_accuracy: 0.7054	test_loss: 0.5526	
Epoch 81/300, loss : 0.54832, auc : 0.74151, accuracy : 0.70427
Epoch 81/300, valid auc : 0.75010, valid accuracy : 0.70293
0.7499 to 0.7501
test_auc: 0.7415	test_accuracy: 0.7050	test_loss: 0.5525	
Epoch 82/300, loss : 0.54826, auc : 0.74179, accuracy : 0.70492
Epoch 82/300, valid auc : 0.75025, valid accuracy : 0.70416
0.7501 to 0.7502
test_auc: 0.7416	test_accuracy: 0.7054	test_loss: 0.5523	
Epoch 83/300, loss : 0.54813, auc : 0.74190, accuracy : 0.70543
Epoch 83/300, valid auc : 0.75038, valid accuracy : 0.70354
0.7502 to 0.7504
test_auc: 0.7417	test_accuracy: 0.7056	test_loss: 0.5521	
Epoch 84/300, loss : 0.54775, auc : 0.74237, accuracy : 0.70564
Epoch 84/300, valid auc : 0.75055, valid accuracy : 0.70340
0.7504 to 0.7506
test_auc: 0.7419	test_accuracy: 0.7055	test_loss: 0.5519	
Epoch 85/300, loss : 0.54772, auc : 0.74224, accuracy : 0.70534
Epoch 85/300, valid auc : 0.75064, valid accuracy : 0.70392
0.7506 to 0.7506
test_auc: 0.7420	test_accuracy: 0.7058	test_loss: 0.5518	
Epoch 86/300, loss : 0.54740, auc : 0.74261, accuracy : 0.70615
Epoch 86/300, valid auc : 0.75081, valid accuracy : 0.70466
0.7506 to 0.7508
test_auc: 0.7421	test_accuracy: 0.7064	test_loss: 0.5516	
Epoch 87/300, loss : 0.54742, auc : 0.74259, accuracy : 0.70602
Epoch 87/300, valid auc : 0.75097, valid accuracy : 0.70466
0.7508 to 0.7510
test_auc: 0.7423	test_accuracy: 0.7066	test_loss: 0.5515	
Epoch 88/300, loss : 0.54705, auc : 0.74304, accuracy : 0.70601
Epoch 88/300, valid auc : 0.75105, valid accuracy : 0.70426
0.7510 to 0.7511
test_auc: 0.7423	test_accuracy: 0.7066	test_loss: 0.5514	
Epoch 89/300, loss : 0.54709, auc : 0.74282, accuracy : 0.70578
Epoch 89/300, valid auc : 0.75121, valid accuracy : 0.70434
0.7511 to 0.7512
test_auc: 0.7425	test_accuracy: 0.7066	test_loss: 0.5512	
Epoch 90/300, loss : 0.54680, auc : 0.74299, accuracy : 0.70592
Epoch 90/300, valid auc : 0.75128, valid accuracy : 0.70506
0.7512 to 0.7513
test_auc: 0.7426	test_accuracy: 0.7073	test_loss: 0.5512	
Epoch 91/300, loss : 0.54666, auc : 0.74350, accuracy : 0.70616
Epoch 91/300, valid auc : 0.75145, valid accuracy : 0.70428
0.7513 to 0.7515
test_auc: 0.7427	test_accuracy: 0.7067	test_loss: 0.5509	
Epoch 92/300, loss : 0.54635, auc : 0.74337, accuracy : 0.70626
Epoch 92/300, valid auc : 0.75152, valid accuracy : 0.70424
0.7515 to 0.7515
test_auc: 0.7428	test_accuracy: 0.7071	test_loss: 0.5509	
Epoch 93/300, loss : 0.54641, auc : 0.74364, accuracy : 0.70639
Epoch 93/300, valid auc : 0.75173, valid accuracy : 0.70460
0.7515 to 0.7517
test_auc: 0.7429	test_accuracy: 0.7070	test_loss: 0.5507	
Epoch 94/300, loss : 0.54684, auc : 0.74319, accuracy : 0.70604
Epoch 94/300, valid auc : 0.75177, valid accuracy : 0.70531
0.7517 to 0.7518
test_auc: 0.7430	test_accuracy: 0.7072	test_loss: 0.5507	
Epoch 95/300, loss : 0.54610, auc : 0.74396, accuracy : 0.70676
Epoch 95/300, valid auc : 0.75192, valid accuracy : 0.70538
0.7518 to 0.7519
test_auc: 0.7431	test_accuracy: 0.7075	test_loss: 0.5505	
Epoch 96/300, loss : 0.54610, auc : 0.74430, accuracy : 0.70647
Epoch 96/300, valid auc : 0.75206, valid accuracy : 0.70493
0.7519 to 0.7521
test_auc: 0.7432	test_accuracy: 0.7076	test_loss: 0.5504	
Epoch 97/300, loss : 0.54578, auc : 0.74419, accuracy : 0.70697
Epoch 97/300, valid auc : 0.75220, valid accuracy : 0.70483
0.7521 to 0.7522
test_auc: 0.7433	test_accuracy: 0.7076	test_loss: 0.5502	
Epoch 98/300, loss : 0.54587, auc : 0.74419, accuracy : 0.70673
Epoch 98/300, valid auc : 0.75226, valid accuracy : 0.70540
0.7522 to 0.7523
test_auc: 0.7434	test_accuracy: 0.7071	test_loss: 0.5501	
Epoch 99/300, loss : 0.54550, auc : 0.74461, accuracy : 0.70662
Epoch 99/300, valid auc : 0.75238, valid accuracy : 0.70483
0.7523 to 0.7524
test_auc: 0.7435	test_accuracy: 0.7067	test_loss: 0.5499	
Epoch 100/300, loss : 0.54527, auc : 0.74463, accuracy : 0.70707
Epoch 100/300, valid auc : 0.75243, valid accuracy : 0.70544
0.7524 to 0.7524
test_auc: 0.7436	test_accuracy: 0.7078	test_loss: 0.5499	
Epoch 101/300, loss : 0.54536, auc : 0.74476, accuracy : 0.70704
Epoch 101/300, valid auc : 0.75250, valid accuracy : 0.70504
0.7524 to 0.7525
test_auc: 0.7437	test_accuracy: 0.7075	test_loss: 0.5498	
Epoch 102/300, loss : 0.54532, auc : 0.74479, accuracy : 0.70710
Epoch 102/300, valid auc : 0.75261, valid accuracy : 0.70521
0.7525 to 0.7526
test_auc: 0.7438	test_accuracy: 0.7073	test_loss: 0.5497	
Epoch 103/300, loss : 0.54456, auc : 0.74553, accuracy : 0.70795
Epoch 103/300, valid auc : 0.75258, valid accuracy : 0.70554
Epoch 104/300, loss : 0.54472, auc : 0.74526, accuracy : 0.70777
Epoch 104/300, valid auc : 0.75268, valid accuracy : 0.70582
0.7526 to 0.7527
test_auc: 0.7438	test_accuracy: 0.7076	test_loss: 0.5496	
Epoch 105/300, loss : 0.54496, auc : 0.74500, accuracy : 0.70642
Epoch 105/300, valid auc : 0.75274, valid accuracy : 0.70620
0.7527 to 0.7527
test_auc: 0.7439	test_accuracy: 0.7082	test_loss: 0.5495	
Epoch 106/300, loss : 0.54490, auc : 0.74508, accuracy : 0.70766
Epoch 106/300, valid auc : 0.75278, valid accuracy : 0.70634
0.7527 to 0.7528
test_auc: 0.7441	test_accuracy: 0.7085	test_loss: 0.5494	
Epoch 107/300, loss : 0.54470, auc : 0.74535, accuracy : 0.70765
Epoch 107/300, valid auc : 0.75286, valid accuracy : 0.70630
0.7528 to 0.7529
test_auc: 0.7440	test_accuracy: 0.7082	test_loss: 0.5493	
Epoch 108/300, loss : 0.54466, auc : 0.74522, accuracy : 0.70750
Epoch 108/300, valid auc : 0.75296, valid accuracy : 0.70626
0.7529 to 0.7530
test_auc: 0.7442	test_accuracy: 0.7084	test_loss: 0.5492	
Epoch 109/300, loss : 0.54432, auc : 0.74562, accuracy : 0.70774
Epoch 109/300, valid auc : 0.75306, valid accuracy : 0.70613
0.7530 to 0.7531
test_auc: 0.7442	test_accuracy: 0.7081	test_loss: 0.5491	
Epoch 110/300, loss : 0.54421, auc : 0.74570, accuracy : 0.70857
Epoch 110/300, valid auc : 0.75312, valid accuracy : 0.70575
0.7531 to 0.7531
test_auc: 0.7443	test_accuracy: 0.7082	test_loss: 0.5491	
Epoch 111/300, loss : 0.54443, auc : 0.74549, accuracy : 0.70806
Epoch 111/300, valid auc : 0.75315, valid accuracy : 0.70611
0.7531 to 0.7532
test_auc: 0.7444	test_accuracy: 0.7084	test_loss: 0.5490	
Epoch 112/300, loss : 0.54403, auc : 0.74606, accuracy : 0.70750
Epoch 112/300, valid auc : 0.75317, valid accuracy : 0.70584
0.7532 to 0.7532
test_auc: 0.7444	test_accuracy: 0.7082	test_loss: 0.5490	
Epoch 113/300, loss : 0.54442, auc : 0.74566, accuracy : 0.70786
Epoch 113/300, valid auc : 0.75320, valid accuracy : 0.70637
0.7532 to 0.7532
test_auc: 0.7444	test_accuracy: 0.7087	test_loss: 0.5489	
Epoch 114/300, loss : 0.54401, auc : 0.74623, accuracy : 0.70852
Epoch 114/300, valid auc : 0.75332, valid accuracy : 0.70578
0.7532 to 0.7533
test_auc: 0.7445	test_accuracy: 0.7084	test_loss: 0.5488	
Epoch 115/300, loss : 0.54428, auc : 0.74561, accuracy : 0.70817
Epoch 115/300, valid auc : 0.75334, valid accuracy : 0.70613
0.7533 to 0.7533
test_auc: 0.7445	test_accuracy: 0.7085	test_loss: 0.5488	
Epoch 116/300, loss : 0.54367, auc : 0.74651, accuracy : 0.70875
Epoch 116/300, valid auc : 0.75330, valid accuracy : 0.70643
Epoch 117/300, loss : 0.54366, auc : 0.74648, accuracy : 0.70835
Epoch 117/300, valid auc : 0.75345, valid accuracy : 0.70628
0.7533 to 0.7535
test_auc: 0.7446	test_accuracy: 0.7088	test_loss: 0.5487	
Epoch 118/300, loss : 0.54365, auc : 0.74643, accuracy : 0.70813
Epoch 118/300, valid auc : 0.75347, valid accuracy : 0.70649
0.7535 to 0.7535
test_auc: 0.7447	test_accuracy: 0.7089	test_loss: 0.5487	
Epoch 119/300, loss : 0.54302, auc : 0.74694, accuracy : 0.70858
Epoch 119/300, valid auc : 0.75348, valid accuracy : 0.70672
0.7535 to 0.7535
test_auc: 0.7447	test_accuracy: 0.7088	test_loss: 0.5486	
Epoch 120/300, loss : 0.54324, auc : 0.74668, accuracy : 0.70883
Epoch 120/300, valid auc : 0.75350, valid accuracy : 0.70670
0.7535 to 0.7535
test_auc: 0.7447	test_accuracy: 0.7085	test_loss: 0.5486	
Epoch 121/300, loss : 0.54359, auc : 0.74650, accuracy : 0.70800
Epoch 121/300, valid auc : 0.75355, valid accuracy : 0.70641
0.7535 to 0.7536
test_auc: 0.7448	test_accuracy: 0.7089	test_loss: 0.5485	
Epoch 122/300, loss : 0.54322, auc : 0.74657, accuracy : 0.70906
Epoch 122/300, valid auc : 0.75363, valid accuracy : 0.70651
0.7536 to 0.7536
test_auc: 0.7448	test_accuracy: 0.7091	test_loss: 0.5485	
Epoch 123/300, loss : 0.54324, auc : 0.74686, accuracy : 0.70831
Epoch 123/300, valid auc : 0.75368, valid accuracy : 0.70658
0.7536 to 0.7537
test_auc: 0.7448	test_accuracy: 0.7087	test_loss: 0.5484	
Epoch 124/300, loss : 0.54312, auc : 0.74684, accuracy : 0.70832
Epoch 124/300, valid auc : 0.75368, valid accuracy : 0.70691
0.7537 to 0.7537
test_auc: 0.7449	test_accuracy: 0.7090	test_loss: 0.5484	
Epoch 125/300, loss : 0.54296, auc : 0.74731, accuracy : 0.70922
Epoch 125/300, valid auc : 0.75372, valid accuracy : 0.70647
0.7537 to 0.7537
test_auc: 0.7450	test_accuracy: 0.7089	test_loss: 0.5483	
Epoch 126/300, loss : 0.54283, auc : 0.74705, accuracy : 0.70872
Epoch 126/300, valid auc : 0.75372, valid accuracy : 0.70670
Epoch 127/300, loss : 0.54290, auc : 0.74695, accuracy : 0.70905
Epoch 127/300, valid auc : 0.75385, valid accuracy : 0.70693
0.7537 to 0.7539
test_auc: 0.7450	test_accuracy: 0.7095	test_loss: 0.5483	
Epoch 128/300, loss : 0.54275, auc : 0.74720, accuracy : 0.70909
Epoch 128/300, valid auc : 0.75385, valid accuracy : 0.70668
Epoch 129/300, loss : 0.54282, auc : 0.74723, accuracy : 0.70929
Epoch 129/300, valid auc : 0.75382, valid accuracy : 0.70677
Epoch 130/300, loss : 0.54241, auc : 0.74743, accuracy : 0.70957
Epoch 130/300, valid auc : 0.75390, valid accuracy : 0.70651
0.7539 to 0.7539
test_auc: 0.7451	test_accuracy: 0.7092	test_loss: 0.5482	
Epoch 131/300, loss : 0.54227, auc : 0.74766, accuracy : 0.70947
Epoch 131/300, valid auc : 0.75394, valid accuracy : 0.70628
0.7539 to 0.7539
test_auc: 0.7451	test_accuracy: 0.7083	test_loss: 0.5482	
Epoch 132/300, loss : 0.54286, auc : 0.74726, accuracy : 0.70946
Epoch 132/300, valid auc : 0.75398, valid accuracy : 0.70643
0.7539 to 0.7540
test_auc: 0.7453	test_accuracy: 0.7088	test_loss: 0.5481	
Epoch 133/300, loss : 0.54223, auc : 0.74749, accuracy : 0.70941
Epoch 133/300, valid auc : 0.75404, valid accuracy : 0.70660
0.7540 to 0.7540
test_auc: 0.7453	test_accuracy: 0.7094	test_loss: 0.5481	
Epoch 134/300, loss : 0.54223, auc : 0.74783, accuracy : 0.70983
Epoch 134/300, valid auc : 0.75407, valid accuracy : 0.70668
0.7540 to 0.7541
test_auc: 0.7453	test_accuracy: 0.7089	test_loss: 0.5480	
Epoch 135/300, loss : 0.54184, auc : 0.74778, accuracy : 0.70981
Epoch 135/300, valid auc : 0.75413, valid accuracy : 0.70613
0.7541 to 0.7541
test_auc: 0.7454	test_accuracy: 0.7085	test_loss: 0.5479	
Epoch 136/300, loss : 0.54260, auc : 0.74742, accuracy : 0.70928
Epoch 136/300, valid auc : 0.75417, valid accuracy : 0.70685
0.7541 to 0.7542
test_auc: 0.7454	test_accuracy: 0.7085	test_loss: 0.5479	
Epoch 137/300, loss : 0.54253, auc : 0.74732, accuracy : 0.70953
Epoch 137/300, valid auc : 0.75422, valid accuracy : 0.70660
0.7542 to 0.7542
test_auc: 0.7453	test_accuracy: 0.7081	test_loss: 0.5479	
Epoch 138/300, loss : 0.54164, auc : 0.74831, accuracy : 0.70942
Epoch 138/300, valid auc : 0.75422, valid accuracy : 0.70735
0.7542 to 0.7542
test_auc: 0.7454	test_accuracy: 0.7090	test_loss: 0.5479	
Epoch 139/300, loss : 0.54179, auc : 0.74842, accuracy : 0.70985
Epoch 139/300, valid auc : 0.75421, valid accuracy : 0.70704
Epoch 140/300, loss : 0.54240, auc : 0.74776, accuracy : 0.70938
Epoch 140/300, valid auc : 0.75424, valid accuracy : 0.70677
0.7542 to 0.7542
test_auc: 0.7454	test_accuracy: 0.7088	test_loss: 0.5479	
Epoch 141/300, loss : 0.54207, auc : 0.74776, accuracy : 0.70974
Epoch 141/300, valid auc : 0.75435, valid accuracy : 0.70706
0.7542 to 0.7544
test_auc: 0.7455	test_accuracy: 0.7091	test_loss: 0.5479	
Epoch 142/300, loss : 0.54203, auc : 0.74792, accuracy : 0.70997
Epoch 142/300, valid auc : 0.75433, valid accuracy : 0.70704
Epoch 143/300, loss : 0.54132, auc : 0.74877, accuracy : 0.71026
Epoch 143/300, valid auc : 0.75439, valid accuracy : 0.70651
0.7544 to 0.7544
test_auc: 0.7456	test_accuracy: 0.7084	test_loss: 0.5478	
Epoch 144/300, loss : 0.54187, auc : 0.74800, accuracy : 0.70920
Epoch 144/300, valid auc : 0.75442, valid accuracy : 0.70626
0.7544 to 0.7544
test_auc: 0.7456	test_accuracy: 0.7083	test_loss: 0.5477	
Epoch 145/300, loss : 0.54153, auc : 0.74834, accuracy : 0.70981
Epoch 145/300, valid auc : 0.75445, valid accuracy : 0.70643
0.7544 to 0.7544
test_auc: 0.7456	test_accuracy: 0.7086	test_loss: 0.5477	
Epoch 146/300, loss : 0.54147, auc : 0.74843, accuracy : 0.70970
Epoch 146/300, valid auc : 0.75450, valid accuracy : 0.70651
0.7544 to 0.7545
test_auc: 0.7456	test_accuracy: 0.7085	test_loss: 0.5477	
Epoch 147/300, loss : 0.54157, auc : 0.74831, accuracy : 0.70972
Epoch 147/300, valid auc : 0.75452, valid accuracy : 0.70698
0.7545 to 0.7545
test_auc: 0.7457	test_accuracy: 0.7086	test_loss: 0.5476	
Epoch 148/300, loss : 0.54163, auc : 0.74836, accuracy : 0.70997
Epoch 148/300, valid auc : 0.75455, valid accuracy : 0.70693
0.7545 to 0.7545
test_auc: 0.7458	test_accuracy: 0.7087	test_loss: 0.5477	
Epoch 149/300, loss : 0.54153, auc : 0.74824, accuracy : 0.71006
Epoch 149/300, valid auc : 0.75458, valid accuracy : 0.70668
0.7545 to 0.7546
test_auc: 0.7458	test_accuracy: 0.7089	test_loss: 0.5476	
Epoch 150/300, loss : 0.54117, auc : 0.74877, accuracy : 0.71029
Epoch 150/300, valid auc : 0.75458, valid accuracy : 0.70681
0.7546 to 0.7546
test_auc: 0.7458	test_accuracy: 0.7085	test_loss: 0.5476	
Epoch 151/300, loss : 0.54130, auc : 0.74878, accuracy : 0.71087
Epoch 151/300, valid auc : 0.75463, valid accuracy : 0.70677
0.7546 to 0.7546
test_auc: 0.7459	test_accuracy: 0.7086	test_loss: 0.5475	
Epoch 152/300, loss : 0.54122, auc : 0.74851, accuracy : 0.71039
Epoch 152/300, valid auc : 0.75472, valid accuracy : 0.70687
0.7546 to 0.7547
test_auc: 0.7459	test_accuracy: 0.7089	test_loss: 0.5475	
Epoch 153/300, loss : 0.54117, auc : 0.74869, accuracy : 0.71018
Epoch 153/300, valid auc : 0.75469, valid accuracy : 0.70698
Epoch 154/300, loss : 0.54098, auc : 0.74891, accuracy : 0.71022
Epoch 154/300, valid auc : 0.75479, valid accuracy : 0.70666
0.7547 to 0.7548
test_auc: 0.7460	test_accuracy: 0.7089	test_loss: 0.5475	
Epoch 155/300, loss : 0.54098, auc : 0.74902, accuracy : 0.70984
Epoch 155/300, valid auc : 0.75478, valid accuracy : 0.70632
Epoch 156/300, loss : 0.54092, auc : 0.74907, accuracy : 0.70985
Epoch 156/300, valid auc : 0.75468, valid accuracy : 0.70653
Epoch 157/300, loss : 0.54109, auc : 0.74908, accuracy : 0.70997
Epoch 157/300, valid auc : 0.75484, valid accuracy : 0.70702
0.7548 to 0.7548
test_auc: 0.7461	test_accuracy: 0.7087	test_loss: 0.5474	
Epoch 158/300, loss : 0.54120, auc : 0.74902, accuracy : 0.70983
Epoch 158/300, valid auc : 0.75482, valid accuracy : 0.70641
Epoch 159/300, loss : 0.54066, auc : 0.74914, accuracy : 0.71052
Epoch 159/300, valid auc : 0.75489, valid accuracy : 0.70609
0.7548 to 0.7549
test_auc: 0.7462	test_accuracy: 0.7083	test_loss: 0.5473	
Epoch 160/300, loss : 0.54087, auc : 0.74897, accuracy : 0.71062
Epoch 160/300, valid auc : 0.75492, valid accuracy : 0.70691
0.7549 to 0.7549
test_auc: 0.7462	test_accuracy: 0.7091	test_loss: 0.5473	
Epoch 161/300, loss : 0.54095, auc : 0.74918, accuracy : 0.71052
Epoch 161/300, valid auc : 0.75499, valid accuracy : 0.70658
0.7549 to 0.7550
test_auc: 0.7463	test_accuracy: 0.7087	test_loss: 0.5473	
Epoch 162/300, loss : 0.54082, auc : 0.74909, accuracy : 0.71036
Epoch 162/300, valid auc : 0.75494, valid accuracy : 0.70645
Epoch 163/300, loss : 0.54050, auc : 0.74936, accuracy : 0.71062
Epoch 163/300, valid auc : 0.75502, valid accuracy : 0.70622
0.7550 to 0.7550
test_auc: 0.7463	test_accuracy: 0.7085	test_loss: 0.5472	
Epoch 164/300, loss : 0.54047, auc : 0.74956, accuracy : 0.71148
Epoch 164/300, valid auc : 0.75505, valid accuracy : 0.70664
0.7550 to 0.7550
test_auc: 0.7464	test_accuracy: 0.7089	test_loss: 0.5472	
Epoch 165/300, loss : 0.54060, auc : 0.74951, accuracy : 0.70995
Epoch 165/300, valid auc : 0.75507, valid accuracy : 0.70666
0.7550 to 0.7551
test_auc: 0.7465	test_accuracy: 0.7090	test_loss: 0.5471	
Epoch 166/300, loss : 0.54024, auc : 0.74977, accuracy : 0.71079
Epoch 166/300, valid auc : 0.75502, valid accuracy : 0.70668
Epoch 167/300, loss : 0.54049, auc : 0.74964, accuracy : 0.71049
Epoch 167/300, valid auc : 0.75509, valid accuracy : 0.70685
0.7551 to 0.7551
test_auc: 0.7466	test_accuracy: 0.7089	test_loss: 0.5470	
Epoch 168/300, loss : 0.54036, auc : 0.74967, accuracy : 0.71051
Epoch 168/300, valid auc : 0.75513, valid accuracy : 0.70683
0.7551 to 0.7551
test_auc: 0.7466	test_accuracy: 0.7088	test_loss: 0.5470	
Epoch 169/300, loss : 0.54038, auc : 0.74980, accuracy : 0.71053
Epoch 169/300, valid auc : 0.75514, valid accuracy : 0.70647
0.7551 to 0.7551
test_auc: 0.7466	test_accuracy: 0.7089	test_loss: 0.5470	
Epoch 170/300, loss : 0.53988, auc : 0.74989, accuracy : 0.71056
Epoch 170/300, valid auc : 0.75523, valid accuracy : 0.70655
0.7551 to 0.7552
test_auc: 0.7467	test_accuracy: 0.7083	test_loss: 0.5470	
Epoch 171/300, loss : 0.53997, auc : 0.74993, accuracy : 0.71043
Epoch 171/300, valid auc : 0.75515, valid accuracy : 0.70681
Epoch 172/300, loss : 0.54021, auc : 0.74959, accuracy : 0.71017
Epoch 172/300, valid auc : 0.75519, valid accuracy : 0.70651
Epoch 173/300, loss : 0.53999, auc : 0.74996, accuracy : 0.71081
Epoch 173/300, valid auc : 0.75518, valid accuracy : 0.70681
Epoch 174/300, loss : 0.53997, auc : 0.75008, accuracy : 0.71074
Epoch 174/300, valid auc : 0.75520, valid accuracy : 0.70687
Epoch 175/300, loss : 0.53992, auc : 0.74989, accuracy : 0.71027
Epoch 175/300, valid auc : 0.75533, valid accuracy : 0.70670
0.7552 to 0.7553
test_auc: 0.7468	test_accuracy: 0.7088	test_loss: 0.5469	
Epoch 176/300, loss : 0.53996, auc : 0.75023, accuracy : 0.71150
Epoch 176/300, valid auc : 0.75534, valid accuracy : 0.70655
0.7553 to 0.7553
test_auc: 0.7468	test_accuracy: 0.7089	test_loss: 0.5469	
Epoch 177/300, loss : 0.53977, auc : 0.75009, accuracy : 0.71123
Epoch 177/300, valid auc : 0.75538, valid accuracy : 0.70685
0.7553 to 0.7554
test_auc: 0.7468	test_accuracy: 0.7093	test_loss: 0.5469	
Epoch 178/300, loss : 0.53985, auc : 0.75014, accuracy : 0.71047
Epoch 178/300, valid auc : 0.75536, valid accuracy : 0.70683
Epoch 179/300, loss : 0.53981, auc : 0.75011, accuracy : 0.71073
Epoch 179/300, valid auc : 0.75531, valid accuracy : 0.70752
Epoch 180/300, loss : 0.53969, auc : 0.75038, accuracy : 0.71120
Epoch 180/300, valid auc : 0.75541, valid accuracy : 0.70687
0.7554 to 0.7554
test_auc: 0.7468	test_accuracy: 0.7092	test_loss: 0.5469	
Epoch 181/300, loss : 0.53954, auc : 0.75037, accuracy : 0.71068
Epoch 181/300, valid auc : 0.75538, valid accuracy : 0.70685
Epoch 182/300, loss : 0.53947, auc : 0.75064, accuracy : 0.71092
Epoch 182/300, valid auc : 0.75542, valid accuracy : 0.70695
0.7554 to 0.7554
test_auc: 0.7469	test_accuracy: 0.7091	test_loss: 0.5468	
Epoch 183/300, loss : 0.53939, auc : 0.75063, accuracy : 0.71192
Epoch 183/300, valid auc : 0.75538, valid accuracy : 0.70677
Epoch 184/300, loss : 0.53943, auc : 0.75067, accuracy : 0.71114
Epoch 184/300, valid auc : 0.75538, valid accuracy : 0.70704
Epoch 185/300, loss : 0.53951, auc : 0.75043, accuracy : 0.71145
Epoch 185/300, valid auc : 0.75544, valid accuracy : 0.70721
0.7554 to 0.7554
test_auc: 0.7470	test_accuracy: 0.7098	test_loss: 0.5468	
Epoch 186/300, loss : 0.53939, auc : 0.75066, accuracy : 0.71160
Epoch 186/300, valid auc : 0.75543, valid accuracy : 0.70681
Epoch 187/300, loss : 0.53957, auc : 0.75048, accuracy : 0.71143
Epoch 187/300, valid auc : 0.75546, valid accuracy : 0.70717
0.7554 to 0.7555
test_auc: 0.7471	test_accuracy: 0.7095	test_loss: 0.5468	
Epoch 188/300, loss : 0.53939, auc : 0.75047, accuracy : 0.71089
Epoch 188/300, valid auc : 0.75558, valid accuracy : 0.70685
0.7555 to 0.7556
test_auc: 0.7471	test_accuracy: 0.7089	test_loss: 0.5467	
Epoch 189/300, loss : 0.53922, auc : 0.75065, accuracy : 0.71196
Epoch 189/300, valid auc : 0.75559, valid accuracy : 0.70687
0.7556 to 0.7556
test_auc: 0.7471	test_accuracy: 0.7091	test_loss: 0.5466	
Epoch 190/300, loss : 0.53926, auc : 0.75101, accuracy : 0.71147
Epoch 190/300, valid auc : 0.75566, valid accuracy : 0.70721
0.7556 to 0.7557
test_auc: 0.7472	test_accuracy: 0.7089	test_loss: 0.5466	
Epoch 191/300, loss : 0.53935, auc : 0.75066, accuracy : 0.71127
Epoch 191/300, valid auc : 0.75566, valid accuracy : 0.70744
Epoch 192/300, loss : 0.53915, auc : 0.75100, accuracy : 0.71174
Epoch 192/300, valid auc : 0.75559, valid accuracy : 0.70712
Epoch 193/300, loss : 0.53884, auc : 0.75105, accuracy : 0.71144
Epoch 193/300, valid auc : 0.75572, valid accuracy : 0.70685
0.7557 to 0.7557
test_auc: 0.7473	test_accuracy: 0.7089	test_loss: 0.5466	
Epoch 194/300, loss : 0.53873, auc : 0.75140, accuracy : 0.71155
Epoch 194/300, valid auc : 0.75572, valid accuracy : 0.70750
0.7557 to 0.7557
test_auc: 0.7472	test_accuracy: 0.7096	test_loss: 0.5466	
Epoch 195/300, loss : 0.53870, auc : 0.75123, accuracy : 0.71170
Epoch 195/300, valid auc : 0.75572, valid accuracy : 0.70700
Epoch 196/300, loss : 0.53868, auc : 0.75144, accuracy : 0.71152
Epoch 196/300, valid auc : 0.75572, valid accuracy : 0.70681
Epoch 197/300, loss : 0.53889, auc : 0.75123, accuracy : 0.71073
Epoch 197/300, valid auc : 0.75577, valid accuracy : 0.70719
0.7557 to 0.7558
test_auc: 0.7473	test_accuracy: 0.7093	test_loss: 0.5466	
Epoch 198/300, loss : 0.53859, auc : 0.75145, accuracy : 0.71139
Epoch 198/300, valid auc : 0.75577, valid accuracy : 0.70706
Epoch 199/300, loss : 0.53884, auc : 0.75090, accuracy : 0.71178
Epoch 199/300, valid auc : 0.75586, valid accuracy : 0.70719
0.7558 to 0.7559
test_auc: 0.7474	test_accuracy: 0.7091	test_loss: 0.5465	
Epoch 200/300, loss : 0.53844, auc : 0.75156, accuracy : 0.71234
Epoch 200/300, valid auc : 0.75587, valid accuracy : 0.70731
0.7559 to 0.7559
test_auc: 0.7474	test_accuracy: 0.7093	test_loss: 0.5466	
Epoch 201/300, loss : 0.53872, auc : 0.75117, accuracy : 0.71103
Epoch 201/300, valid auc : 0.75589, valid accuracy : 0.70759
0.7559 to 0.7559
test_auc: 0.7474	test_accuracy: 0.7100	test_loss: 0.5466	
Epoch 202/300, loss : 0.53868, auc : 0.75122, accuracy : 0.71189
Epoch 202/300, valid auc : 0.75594, valid accuracy : 0.70700
0.7559 to 0.7559
test_auc: 0.7475	test_accuracy: 0.7090	test_loss: 0.5465	
Epoch 203/300, loss : 0.53886, auc : 0.75137, accuracy : 0.71139
Epoch 203/300, valid auc : 0.75593, valid accuracy : 0.70754
Epoch 204/300, loss : 0.53834, auc : 0.75179, accuracy : 0.71172
Epoch 204/300, valid auc : 0.75598, valid accuracy : 0.70763
0.7559 to 0.7560
test_auc: 0.7475	test_accuracy: 0.7092	test_loss: 0.5465	
Epoch 205/300, loss : 0.53838, auc : 0.75198, accuracy : 0.71181
Epoch 205/300, valid auc : 0.75591, valid accuracy : 0.70702
Epoch 206/300, loss : 0.53870, auc : 0.75120, accuracy : 0.71193
Epoch 206/300, valid auc : 0.75600, valid accuracy : 0.70746
0.7560 to 0.7560
test_auc: 0.7475	test_accuracy: 0.7095	test_loss: 0.5464	
Epoch 207/300, loss : 0.53835, auc : 0.75158, accuracy : 0.71187
Epoch 207/300, valid auc : 0.75595, valid accuracy : 0.70771
Epoch 208/300, loss : 0.53895, auc : 0.75114, accuracy : 0.71114
Epoch 208/300, valid auc : 0.75598, valid accuracy : 0.70714
Epoch 209/300, loss : 0.53838, auc : 0.75188, accuracy : 0.71168
Epoch 209/300, valid auc : 0.75605, valid accuracy : 0.70740
0.7560 to 0.7561
test_auc: 0.7476	test_accuracy: 0.7097	test_loss: 0.5464	
Epoch 210/300, loss : 0.53848, auc : 0.75151, accuracy : 0.71181
Epoch 210/300, valid auc : 0.75609, valid accuracy : 0.70687
0.7561 to 0.7561
test_auc: 0.7477	test_accuracy: 0.7086	test_loss: 0.5463	
Epoch 211/300, loss : 0.53808, auc : 0.75169, accuracy : 0.71148
Epoch 211/300, valid auc : 0.75599, valid accuracy : 0.70717
Epoch 212/300, loss : 0.53863, auc : 0.75132, accuracy : 0.71150
Epoch 212/300, valid auc : 0.75610, valid accuracy : 0.70801
0.7561 to 0.7561
test_auc: 0.7476	test_accuracy: 0.7098	test_loss: 0.5464	
Epoch 213/300, loss : 0.53792, auc : 0.75187, accuracy : 0.71218
Epoch 213/300, valid auc : 0.75612, valid accuracy : 0.70780
0.7561 to 0.7561
test_auc: 0.7477	test_accuracy: 0.7094	test_loss: 0.5463	
Epoch 214/300, loss : 0.53822, auc : 0.75173, accuracy : 0.71179
Epoch 214/300, valid auc : 0.75616, valid accuracy : 0.70735
0.7561 to 0.7562
test_auc: 0.7477	test_accuracy: 0.7094	test_loss: 0.5463	
Epoch 215/300, loss : 0.53825, auc : 0.75141, accuracy : 0.71160
Epoch 215/300, valid auc : 0.75612, valid accuracy : 0.70763
Epoch 216/300, loss : 0.53795, auc : 0.75177, accuracy : 0.71160
Epoch 216/300, valid auc : 0.75618, valid accuracy : 0.70754
0.7562 to 0.7562
test_auc: 0.7477	test_accuracy: 0.7090	test_loss: 0.5463	
Epoch 217/300, loss : 0.53790, auc : 0.75215, accuracy : 0.71189
Epoch 217/300, valid auc : 0.75619, valid accuracy : 0.70744
0.7562 to 0.7562
test_auc: 0.7478	test_accuracy: 0.7094	test_loss: 0.5463	
Epoch 218/300, loss : 0.53809, auc : 0.75207, accuracy : 0.71154
Epoch 218/300, valid auc : 0.75621, valid accuracy : 0.70771
0.7562 to 0.7562
test_auc: 0.7477	test_accuracy: 0.7096	test_loss: 0.5463	
Epoch 219/300, loss : 0.53799, auc : 0.75212, accuracy : 0.71227
Epoch 219/300, valid auc : 0.75622, valid accuracy : 0.70763
0.7562 to 0.7562
test_auc: 0.7477	test_accuracy: 0.7097	test_loss: 0.5463	
Epoch 220/300, loss : 0.53758, auc : 0.75207, accuracy : 0.71152
Epoch 220/300, valid auc : 0.75622, valid accuracy : 0.70742
0.7562 to 0.7562
test_auc: 0.7477	test_accuracy: 0.7093	test_loss: 0.5463	
Epoch 221/300, loss : 0.53774, auc : 0.75225, accuracy : 0.71150
Epoch 221/300, valid auc : 0.75615, valid accuracy : 0.70782
Epoch 222/300, loss : 0.53782, auc : 0.75201, accuracy : 0.71185
Epoch 222/300, valid auc : 0.75619, valid accuracy : 0.70744
Epoch 223/300, loss : 0.53779, auc : 0.75230, accuracy : 0.71226
Epoch 223/300, valid auc : 0.75625, valid accuracy : 0.70738
0.7562 to 0.7563
test_auc: 0.7478	test_accuracy: 0.7092	test_loss: 0.5462	
Epoch 224/300, loss : 0.53777, auc : 0.75200, accuracy : 0.71222
Epoch 224/300, valid auc : 0.75620, valid accuracy : 0.70759
Epoch 225/300, loss : 0.53783, auc : 0.75218, accuracy : 0.71184
Epoch 225/300, valid auc : 0.75621, valid accuracy : 0.70788
Epoch 226/300, loss : 0.53768, auc : 0.75221, accuracy : 0.71193
Epoch 226/300, valid auc : 0.75624, valid accuracy : 0.70786
Epoch 227/300, loss : 0.53759, auc : 0.75221, accuracy : 0.71214
Epoch 227/300, valid auc : 0.75623, valid accuracy : 0.70746
Epoch 228/300, loss : 0.53716, auc : 0.75292, accuracy : 0.71211
Epoch 228/300, valid auc : 0.75625, valid accuracy : 0.70778
Epoch 229/300, loss : 0.53739, auc : 0.75274, accuracy : 0.71256
Epoch 229/300, valid auc : 0.75620, valid accuracy : 0.70786
Epoch 230/300, loss : 0.53728, auc : 0.75261, accuracy : 0.71183
Epoch 230/300, valid auc : 0.75627, valid accuracy : 0.70778
0.7563 to 0.7563
test_auc: 0.7478	test_accuracy: 0.7093	test_loss: 0.5461	
Epoch 231/300, loss : 0.53701, auc : 0.75311, accuracy : 0.71288
Epoch 231/300, valid auc : 0.75623, valid accuracy : 0.70788
Epoch 232/300, loss : 0.53717, auc : 0.75272, accuracy : 0.71271
Epoch 232/300, valid auc : 0.75624, valid accuracy : 0.70763
Epoch 233/300, loss : 0.53740, auc : 0.75251, accuracy : 0.71137
Epoch 233/300, valid auc : 0.75631, valid accuracy : 0.70830
0.7563 to 0.7563
test_auc: 0.7479	test_accuracy: 0.7095	test_loss: 0.5461	
Epoch 234/300, loss : 0.53690, auc : 0.75307, accuracy : 0.71189
Epoch 234/300, valid auc : 0.75629, valid accuracy : 0.70790
Epoch 235/300, loss : 0.53731, auc : 0.75293, accuracy : 0.71187
Epoch 235/300, valid auc : 0.75630, valid accuracy : 0.70834
Epoch 236/300, loss : 0.53732, auc : 0.75272, accuracy : 0.71189
Epoch 236/300, valid auc : 0.75629, valid accuracy : 0.70836
Epoch 237/300, loss : 0.53730, auc : 0.75286, accuracy : 0.71159
Epoch 237/300, valid auc : 0.75635, valid accuracy : 0.70818
0.7563 to 0.7564
test_auc: 0.7481	test_accuracy: 0.7094	test_loss: 0.5460	
Epoch 238/300, loss : 0.53732, auc : 0.75278, accuracy : 0.71209
Epoch 238/300, valid auc : 0.75637, valid accuracy : 0.70843
0.7564 to 0.7564
test_auc: 0.7480	test_accuracy: 0.7093	test_loss: 0.5460	
Epoch 239/300, loss : 0.53718, auc : 0.75268, accuracy : 0.71238
Epoch 239/300, valid auc : 0.75632, valid accuracy : 0.70864
Epoch 240/300, loss : 0.53719, auc : 0.75291, accuracy : 0.71255
Epoch 240/300, valid auc : 0.75635, valid accuracy : 0.70828
Epoch 241/300, loss : 0.53727, auc : 0.75284, accuracy : 0.71225
Epoch 241/300, valid auc : 0.75638, valid accuracy : 0.70811
0.7564 to 0.7564
test_auc: 0.7480	test_accuracy: 0.7090	test_loss: 0.5460	
Epoch 242/300, loss : 0.53706, auc : 0.75315, accuracy : 0.71249
Epoch 242/300, valid auc : 0.75638, valid accuracy : 0.70813
Epoch 243/300, loss : 0.53740, auc : 0.75257, accuracy : 0.71239
Epoch 243/300, valid auc : 0.75642, valid accuracy : 0.70824
0.7564 to 0.7564
test_auc: 0.7480	test_accuracy: 0.7093	test_loss: 0.5460	
Epoch 244/300, loss : 0.53657, auc : 0.75337, accuracy : 0.71204
Epoch 244/300, valid auc : 0.75641, valid accuracy : 0.70826
Epoch 245/300, loss : 0.53676, auc : 0.75317, accuracy : 0.71231
Epoch 245/300, valid auc : 0.75645, valid accuracy : 0.70874
0.7564 to 0.7565
test_auc: 0.7480	test_accuracy: 0.7095	test_loss: 0.5460	
Epoch 246/300, loss : 0.53672, auc : 0.75312, accuracy : 0.71253
Epoch 246/300, valid auc : 0.75639, valid accuracy : 0.70862
Epoch 247/300, loss : 0.53672, auc : 0.75320, accuracy : 0.71205
Epoch 247/300, valid auc : 0.75638, valid accuracy : 0.70780
Epoch 248/300, loss : 0.53675, auc : 0.75315, accuracy : 0.71273
Epoch 248/300, valid auc : 0.75644, valid accuracy : 0.70809
Epoch 249/300, loss : 0.53717, auc : 0.75305, accuracy : 0.71159
Epoch 249/300, valid auc : 0.75646, valid accuracy : 0.70870
0.7565 to 0.7565
test_auc: 0.7481	test_accuracy: 0.7090	test_loss: 0.5459	
Epoch 250/300, loss : 0.53658, auc : 0.75359, accuracy : 0.71257
Epoch 250/300, valid auc : 0.75650, valid accuracy : 0.70832
0.7565 to 0.7565
test_auc: 0.7481	test_accuracy: 0.7090	test_loss: 0.5459	
Epoch 251/300, loss : 0.53664, auc : 0.75340, accuracy : 0.71268
Epoch 251/300, valid auc : 0.75646, valid accuracy : 0.70868
Epoch 252/300, loss : 0.53654, auc : 0.75370, accuracy : 0.71292
Epoch 252/300, valid auc : 0.75643, valid accuracy : 0.70796
Epoch 253/300, loss : 0.53647, auc : 0.75359, accuracy : 0.71292
Epoch 253/300, valid auc : 0.75647, valid accuracy : 0.70767
Epoch 254/300, loss : 0.53659, auc : 0.75336, accuracy : 0.71265
Epoch 254/300, valid auc : 0.75649, valid accuracy : 0.70921
Epoch 255/300, loss : 0.53641, auc : 0.75345, accuracy : 0.71260
Epoch 255/300, valid auc : 0.75645, valid accuracy : 0.70836
Epoch 256/300, loss : 0.53685, auc : 0.75336, accuracy : 0.71173
Epoch 256/300, valid auc : 0.75645, valid accuracy : 0.70799
Epoch 257/300, loss : 0.53688, auc : 0.75318, accuracy : 0.71187
Epoch 257/300, valid auc : 0.75645, valid accuracy : 0.70807
Epoch 258/300, loss : 0.53654, auc : 0.75340, accuracy : 0.71272
Epoch 258/300, valid auc : 0.75645, valid accuracy : 0.70801
Epoch 259/300, loss : 0.53660, auc : 0.75348, accuracy : 0.71249
Epoch 259/300, valid auc : 0.75641, valid accuracy : 0.70832
Epoch 260/300, loss : 0.53667, auc : 0.75345, accuracy : 0.71260
Epoch 260/300, valid auc : 0.75641, valid accuracy : 0.70830
Epoch 261/300, loss : 0.53620, auc : 0.75389, accuracy : 0.71252
Epoch 261/300, valid auc : 0.75644, valid accuracy : 0.70834
Epoch 262/300, loss : 0.53671, auc : 0.75330, accuracy : 0.71220
Epoch 262/300, valid auc : 0.75649, valid accuracy : 0.70881
Epoch 263/300, loss : 0.53617, auc : 0.75371, accuracy : 0.71306
Epoch 263/300, valid auc : 0.75652, valid accuracy : 0.70839
0.7565 to 0.7565
test_auc: 0.7481	test_accuracy: 0.7092	test_loss: 0.5458	
Epoch 264/300, loss : 0.53605, auc : 0.75401, accuracy : 0.71225
Epoch 264/300, valid auc : 0.75650, valid accuracy : 0.70799
Epoch 265/300, loss : 0.53602, auc : 0.75406, accuracy : 0.71279
Epoch 265/300, valid auc : 0.75652, valid accuracy : 0.70832
0.7565 to 0.7565
test_auc: 0.7483	test_accuracy: 0.7091	test_loss: 0.5457	
Epoch 266/300, loss : 0.53629, auc : 0.75350, accuracy : 0.71353
Epoch 266/300, valid auc : 0.75648, valid accuracy : 0.70849
Epoch 267/300, loss : 0.53605, auc : 0.75362, accuracy : 0.71238
Epoch 267/300, valid auc : 0.75651, valid accuracy : 0.70851
Epoch 268/300, loss : 0.53640, auc : 0.75362, accuracy : 0.71347
Epoch 268/300, valid auc : 0.75647, valid accuracy : 0.70839
Epoch 269/300, loss : 0.53584, auc : 0.75390, accuracy : 0.71258
Epoch 269/300, valid auc : 0.75646, valid accuracy : 0.70853
Epoch 270/300, loss : 0.53585, auc : 0.75391, accuracy : 0.71304
Epoch 270/300, valid auc : 0.75647, valid accuracy : 0.70912
Epoch 271/300, loss : 0.53610, auc : 0.75376, accuracy : 0.71298
Epoch 271/300, valid auc : 0.75647, valid accuracy : 0.70830
Epoch 272/300, loss : 0.53619, auc : 0.75364, accuracy : 0.71262
Epoch 272/300, valid auc : 0.75650, valid accuracy : 0.70858
Epoch 273/300, loss : 0.53605, auc : 0.75400, accuracy : 0.71315
Epoch 273/300, valid auc : 0.75652, valid accuracy : 0.70849
Epoch 274/300, loss : 0.53613, auc : 0.75396, accuracy : 0.71250
Epoch 274/300, valid auc : 0.75656, valid accuracy : 0.70836
0.7565 to 0.7566
test_auc: 0.7483	test_accuracy: 0.7092	test_loss: 0.5457	
Epoch 275/300, loss : 0.53613, auc : 0.75382, accuracy : 0.71246
Epoch 275/300, valid auc : 0.75652, valid accuracy : 0.70839
Epoch 276/300, loss : 0.53632, auc : 0.75371, accuracy : 0.71280
Epoch 276/300, valid auc : 0.75654, valid accuracy : 0.70853
Epoch 277/300, loss : 0.53617, auc : 0.75392, accuracy : 0.71296
Epoch 277/300, valid auc : 0.75651, valid accuracy : 0.70887
Epoch 278/300, loss : 0.53576, auc : 0.75411, accuracy : 0.71237
Epoch 278/300, valid auc : 0.75646, valid accuracy : 0.70843
Epoch 279/300, loss : 0.53572, auc : 0.75446, accuracy : 0.71237
Epoch 279/300, valid auc : 0.75651, valid accuracy : 0.70870
Epoch 280/300, loss : 0.53581, auc : 0.75427, accuracy : 0.71229
Epoch 280/300, valid auc : 0.75646, valid accuracy : 0.70860
Epoch 281/300, loss : 0.53586, auc : 0.75395, accuracy : 0.71256
Epoch 281/300, valid auc : 0.75645, valid accuracy : 0.70796
Epoch 282/300, loss : 0.53589, auc : 0.75419, accuracy : 0.71322
Epoch 282/300, valid auc : 0.75647, valid accuracy : 0.70845
Epoch 283/300, loss : 0.53576, auc : 0.75411, accuracy : 0.71289
Epoch 283/300, valid auc : 0.75652, valid accuracy : 0.70754
Epoch 284/300, loss : 0.53560, auc : 0.75408, accuracy : 0.71233
Epoch 284/300, valid auc : 0.75653, valid accuracy : 0.70778
Epoch 285/300, loss : 0.53547, auc : 0.75441, accuracy : 0.71378
Epoch 285/300, valid auc : 0.75647, valid accuracy : 0.70830
Epoch 286/300, loss : 0.53572, auc : 0.75421, accuracy : 0.71352
Epoch 286/300, valid auc : 0.75641, valid accuracy : 0.70784
Epoch 287/300, loss : 0.53535, auc : 0.75461, accuracy : 0.71404
Epoch 287/300, valid auc : 0.75643, valid accuracy : 0.70780
Epoch 288/300, loss : 0.53565, auc : 0.75431, accuracy : 0.71308
Epoch 288/300, valid auc : 0.75643, valid accuracy : 0.70744
Epoch 289/300, loss : 0.53540, auc : 0.75432, accuracy : 0.71335
Epoch 289/300, valid auc : 0.75642, valid accuracy : 0.70763
Epoch 290/300, loss : 0.53579, auc : 0.75425, accuracy : 0.71328
Epoch 290/300, valid auc : 0.75642, valid accuracy : 0.70750
Epoch 291/300, loss : 0.53575, auc : 0.75426, accuracy : 0.71323
Epoch 291/300, valid auc : 0.75636, valid accuracy : 0.70792
Epoch 292/300, loss : 0.53549, auc : 0.75428, accuracy : 0.71295
Epoch 292/300, valid auc : 0.75632, valid accuracy : 0.70780
Epoch 293/300, loss : 0.53525, auc : 0.75450, accuracy : 0.71270
Epoch 293/300, valid auc : 0.75633, valid accuracy : 0.70767
Epoch 294/300, loss : 0.53538, auc : 0.75460, accuracy : 0.71263
Epoch 294/300, valid auc : 0.75630, valid accuracy : 0.70801
Epoch 295/300, loss : 0.53551, auc : 0.75433, accuracy : 0.71302
Epoch 295/300, valid auc : 0.75642, valid accuracy : 0.70805
Epoch 296/300, loss : 0.53510, auc : 0.75469, accuracy : 0.71297
Epoch 296/300, valid auc : 0.75641, valid accuracy : 0.70754
Epoch 297/300, loss : 0.53515, auc : 0.75480, accuracy : 0.71325
Epoch 297/300, valid auc : 0.75637, valid accuracy : 0.70778
Epoch 298/300, loss : 0.53569, auc : 0.75406, accuracy : 0.71254
Epoch 298/300, valid auc : 0.75642, valid accuracy : 0.70752
Epoch 299/300, loss : 0.53519, auc : 0.75457, accuracy : 0.71301
Epoch 299/300, valid auc : 0.75638, valid accuracy : 0.70727
Epoch 300/300, loss : 0.53566, auc : 0.75417, accuracy : 0.71277
Epoch 300/300, valid auc : 0.75635, valid accuracy : 0.70784
best outcome: best epoch: 274.0000
valid_auc: 0.7566	valid_accuracy: 0.7084	valid_loss: 0.5438	
test_auc: 0.7483	test_accuracy: 0.7092	test_loss: 0.5457	
