Namespace(batch_size=32, data_dir='./data/assist2009', data_name='assist2009', dataset_type='assist2009', decay_epoch=20, final_fc_dim=100, final_lr=1e-05, future_sequence_len=2, generate_files=0, gpu=0, init_lr=0.01, init_std=0.1, learning_trend_embed_dim=200, load='assist2009', lr=0.01, lr_decay=0, max_iter=300, maxgradnorm=50.0, memory_key_state_dim=50, memory_size=20, memory_value_state_dim=200, model_type='DKT', momentum=0.9, n_question=110, num_attention_heads=4, q_embed_dim=50, qa_embed_dim=200, read_dim=100, save='assist2009', seed=2, seqlen=200, show=True, similar_user_num=2, test=False, train_test=0, wd=5e-05)
./data/assist2009/assist2009_train2.csv
train_qa_data_shape:  (2762, 200)
valid_qa_data_shape:  (675, 200)
test_qa_data_shape:  (1481, 200)
device: 0
Epoch 1/300, loss : 0.55099, auc : 0.74617, accuracy : 0.73442
Epoch 1/300, valid auc : 0.78238, valid accuracy : 0.74763
0.0000 to 0.7824
test_auc: 0.7873	test_accuracy: 0.7519	test_loss: 0.5154	
Epoch 2/300, loss : 0.50346, auc : 0.79280, accuracy : 0.75843
Epoch 2/300, valid auc : 0.79013, valid accuracy : 0.75179
0.7824 to 0.7901
test_auc: 0.7937	test_accuracy: 0.7563	test_loss: 0.5077	
Epoch 3/300, loss : 0.49711, auc : 0.79842, accuracy : 0.76198
Epoch 3/300, valid auc : 0.79354, valid accuracy : 0.75515
0.7901 to 0.7935
test_auc: 0.7970	test_accuracy: 0.7592	test_loss: 0.5043	
Epoch 4/300, loss : 0.49436, auc : 0.80117, accuracy : 0.76339
Epoch 4/300, valid auc : 0.79488, valid accuracy : 0.75607
0.7935 to 0.7949
test_auc: 0.7984	test_accuracy: 0.7604	test_loss: 0.5028	
Epoch 5/300, loss : 0.49277, auc : 0.80263, accuracy : 0.76420
Epoch 5/300, valid auc : 0.79579, valid accuracy : 0.75644
0.7949 to 0.7958
test_auc: 0.7994	test_accuracy: 0.7610	test_loss: 0.5017	
Epoch 6/300, loss : 0.49157, auc : 0.80374, accuracy : 0.76479
Epoch 6/300, valid auc : 0.79647, valid accuracy : 0.75639
0.7958 to 0.7965
test_auc: 0.8002	test_accuracy: 0.7610	test_loss: 0.5008	
Epoch 7/300, loss : 0.49060, auc : 0.80462, accuracy : 0.76528
Epoch 7/300, valid auc : 0.79702, valid accuracy : 0.75670
0.7965 to 0.7970
test_auc: 0.8009	test_accuracy: 0.7612	test_loss: 0.5001	
Epoch 8/300, loss : 0.48978, auc : 0.80536, accuracy : 0.76568
Epoch 8/300, valid auc : 0.79746, valid accuracy : 0.75692
0.7970 to 0.7975
test_auc: 0.8014	test_accuracy: 0.7613	test_loss: 0.4994	
Epoch 9/300, loss : 0.48907, auc : 0.80598, accuracy : 0.76597
Epoch 9/300, valid auc : 0.79784, valid accuracy : 0.75718
0.7975 to 0.7978
test_auc: 0.8019	test_accuracy: 0.7616	test_loss: 0.4989	
Epoch 10/300, loss : 0.48844, auc : 0.80654, accuracy : 0.76604
Epoch 10/300, valid auc : 0.79816, valid accuracy : 0.75744
0.7978 to 0.7982
test_auc: 0.8024	test_accuracy: 0.7617	test_loss: 0.4984	
Epoch 11/300, loss : 0.48786, auc : 0.80703, accuracy : 0.76643
Epoch 11/300, valid auc : 0.79844, valid accuracy : 0.75761
0.7982 to 0.7984
test_auc: 0.8028	test_accuracy: 0.7620	test_loss: 0.4979	
Epoch 12/300, loss : 0.48733, auc : 0.80747, accuracy : 0.76665
Epoch 12/300, valid auc : 0.79871, valid accuracy : 0.75785
0.7984 to 0.7987
test_auc: 0.8032	test_accuracy: 0.7619	test_loss: 0.4975	
Epoch 13/300, loss : 0.48683, auc : 0.80788, accuracy : 0.76692
Epoch 13/300, valid auc : 0.79892, valid accuracy : 0.75779
0.7987 to 0.7989
test_auc: 0.8035	test_accuracy: 0.7624	test_loss: 0.4972	
Epoch 14/300, loss : 0.48639, auc : 0.80822, accuracy : 0.76700
Epoch 14/300, valid auc : 0.79922, valid accuracy : 0.75803
0.7989 to 0.7992
test_auc: 0.8038	test_accuracy: 0.7624	test_loss: 0.4969	
Epoch 15/300, loss : 0.48596, auc : 0.80856, accuracy : 0.76725
Epoch 15/300, valid auc : 0.79933, valid accuracy : 0.75833
0.7992 to 0.7993
test_auc: 0.8040	test_accuracy: 0.7626	test_loss: 0.4966	
Epoch 16/300, loss : 0.48555, auc : 0.80889, accuracy : 0.76765
Epoch 16/300, valid auc : 0.79949, valid accuracy : 0.75862
0.7993 to 0.7995
test_auc: 0.8042	test_accuracy: 0.7631	test_loss: 0.4963	
Epoch 17/300, loss : 0.48518, auc : 0.80915, accuracy : 0.76788
Epoch 17/300, valid auc : 0.79971, valid accuracy : 0.75859
0.7995 to 0.7997
test_auc: 0.8044	test_accuracy: 0.7633	test_loss: 0.4960	
Epoch 18/300, loss : 0.48482, auc : 0.80943, accuracy : 0.76803
Epoch 18/300, valid auc : 0.79983, valid accuracy : 0.75877
0.7997 to 0.7998
test_auc: 0.8046	test_accuracy: 0.7633	test_loss: 0.4958	
Epoch 19/300, loss : 0.48447, auc : 0.80969, accuracy : 0.76800
Epoch 19/300, valid auc : 0.80000, valid accuracy : 0.75890
0.7998 to 0.8000
test_auc: 0.8048	test_accuracy: 0.7633	test_loss: 0.4955	
Epoch 20/300, loss : 0.48414, auc : 0.80995, accuracy : 0.76801
Epoch 20/300, valid auc : 0.80012, valid accuracy : 0.75923
0.8000 to 0.8001
test_auc: 0.8050	test_accuracy: 0.7635	test_loss: 0.4953	
Epoch 21/300, loss : 0.48382, auc : 0.81016, accuracy : 0.76807
Epoch 21/300, valid auc : 0.80035, valid accuracy : 0.76019
0.8001 to 0.8003
test_auc: 0.8051	test_accuracy: 0.7634	test_loss: 0.4951	
Epoch 22/300, loss : 0.48350, auc : 0.81040, accuracy : 0.76809
Epoch 22/300, valid auc : 0.80043, valid accuracy : 0.76023
0.8003 to 0.8004
test_auc: 0.8053	test_accuracy: 0.7637	test_loss: 0.4948	
Epoch 23/300, loss : 0.48317, auc : 0.81064, accuracy : 0.76832
Epoch 23/300, valid auc : 0.80056, valid accuracy : 0.76023
0.8004 to 0.8006
test_auc: 0.8054	test_accuracy: 0.7638	test_loss: 0.4946	
Epoch 24/300, loss : 0.48286, auc : 0.81086, accuracy : 0.76845
Epoch 24/300, valid auc : 0.80069, valid accuracy : 0.76016
0.8006 to 0.8007
test_auc: 0.8056	test_accuracy: 0.7641	test_loss: 0.4944	
Epoch 25/300, loss : 0.48254, auc : 0.81109, accuracy : 0.76870
Epoch 25/300, valid auc : 0.80084, valid accuracy : 0.76005
0.8007 to 0.8008
test_auc: 0.8057	test_accuracy: 0.7642	test_loss: 0.4942	
Epoch 26/300, loss : 0.48222, auc : 0.81132, accuracy : 0.76906
Epoch 26/300, valid auc : 0.80099, valid accuracy : 0.76067
0.8008 to 0.8010
test_auc: 0.8058	test_accuracy: 0.7643	test_loss: 0.4940	
Epoch 27/300, loss : 0.48192, auc : 0.81154, accuracy : 0.76927
Epoch 27/300, valid auc : 0.80112, valid accuracy : 0.76069
0.8010 to 0.8011
test_auc: 0.8059	test_accuracy: 0.7645	test_loss: 0.4938	
Epoch 28/300, loss : 0.48163, auc : 0.81175, accuracy : 0.76924
Epoch 28/300, valid auc : 0.80124, valid accuracy : 0.76071
0.8011 to 0.8012
test_auc: 0.8061	test_accuracy: 0.7643	test_loss: 0.4937	
Epoch 29/300, loss : 0.48136, auc : 0.81195, accuracy : 0.76945
Epoch 29/300, valid auc : 0.80136, valid accuracy : 0.76071
0.8012 to 0.8014
test_auc: 0.8062	test_accuracy: 0.7643	test_loss: 0.4935	
Epoch 30/300, loss : 0.48109, auc : 0.81214, accuracy : 0.76950
Epoch 30/300, valid auc : 0.80146, valid accuracy : 0.76056
0.8014 to 0.8015
test_auc: 0.8063	test_accuracy: 0.7643	test_loss: 0.4934	
Epoch 31/300, loss : 0.48084, auc : 0.81233, accuracy : 0.76974
Epoch 31/300, valid auc : 0.80156, valid accuracy : 0.76067
0.8015 to 0.8016
test_auc: 0.8064	test_accuracy: 0.7643	test_loss: 0.4933	
Epoch 32/300, loss : 0.48059, auc : 0.81251, accuracy : 0.76974
Epoch 32/300, valid auc : 0.80166, valid accuracy : 0.76095
0.8016 to 0.8017
test_auc: 0.8065	test_accuracy: 0.7642	test_loss: 0.4931	
Epoch 33/300, loss : 0.48035, auc : 0.81269, accuracy : 0.76985
Epoch 33/300, valid auc : 0.80175, valid accuracy : 0.76104
0.8017 to 0.8018
test_auc: 0.8066	test_accuracy: 0.7644	test_loss: 0.4930	
Epoch 34/300, loss : 0.48011, auc : 0.81287, accuracy : 0.76986
Epoch 34/300, valid auc : 0.80184, valid accuracy : 0.76117
0.8018 to 0.8018
test_auc: 0.8067	test_accuracy: 0.7644	test_loss: 0.4929	
Epoch 35/300, loss : 0.47988, auc : 0.81304, accuracy : 0.76989
Epoch 35/300, valid auc : 0.80194, valid accuracy : 0.76125
0.8018 to 0.8019
test_auc: 0.8068	test_accuracy: 0.7645	test_loss: 0.4928	
Epoch 36/300, loss : 0.47966, auc : 0.81321, accuracy : 0.77008
Epoch 36/300, valid auc : 0.80203, valid accuracy : 0.76130
0.8019 to 0.8020
test_auc: 0.8069	test_accuracy: 0.7647	test_loss: 0.4926	
Epoch 37/300, loss : 0.47943, auc : 0.81338, accuracy : 0.77006
Epoch 37/300, valid auc : 0.80211, valid accuracy : 0.76134
0.8020 to 0.8021
test_auc: 0.8070	test_accuracy: 0.7648	test_loss: 0.4925	
Epoch 38/300, loss : 0.47921, auc : 0.81355, accuracy : 0.77014
Epoch 38/300, valid auc : 0.80220, valid accuracy : 0.76132
0.8021 to 0.8022
test_auc: 0.8070	test_accuracy: 0.7648	test_loss: 0.4924	
Epoch 39/300, loss : 0.47898, auc : 0.81373, accuracy : 0.77027
Epoch 39/300, valid auc : 0.80229, valid accuracy : 0.76132
0.8022 to 0.8023
test_auc: 0.8071	test_accuracy: 0.7649	test_loss: 0.4923	
Epoch 40/300, loss : 0.47876, auc : 0.81390, accuracy : 0.77027
Epoch 40/300, valid auc : 0.80238, valid accuracy : 0.76147
0.8023 to 0.8024
test_auc: 0.8073	test_accuracy: 0.7649	test_loss: 0.4922	
Epoch 41/300, loss : 0.47854, auc : 0.81408, accuracy : 0.77039
Epoch 41/300, valid auc : 0.80247, valid accuracy : 0.76154
0.8024 to 0.8025
test_auc: 0.8074	test_accuracy: 0.7650	test_loss: 0.4921	
Epoch 42/300, loss : 0.47832, auc : 0.81426, accuracy : 0.77041
Epoch 42/300, valid auc : 0.80256, valid accuracy : 0.76145
0.8025 to 0.8026
test_auc: 0.8075	test_accuracy: 0.7650	test_loss: 0.4919	
Epoch 43/300, loss : 0.47809, auc : 0.81444, accuracy : 0.77035
Epoch 43/300, valid auc : 0.80265, valid accuracy : 0.76169
0.8026 to 0.8026
test_auc: 0.8076	test_accuracy: 0.7649	test_loss: 0.4918	
Epoch 44/300, loss : 0.47787, auc : 0.81463, accuracy : 0.77047
Epoch 44/300, valid auc : 0.80274, valid accuracy : 0.76162
0.8026 to 0.8027
test_auc: 0.8077	test_accuracy: 0.7649	test_loss: 0.4917	
Epoch 45/300, loss : 0.47765, auc : 0.81481, accuracy : 0.77056
Epoch 45/300, valid auc : 0.80282, valid accuracy : 0.76147
0.8027 to 0.8028
test_auc: 0.8078	test_accuracy: 0.7650	test_loss: 0.4916	
Epoch 46/300, loss : 0.47744, auc : 0.81500, accuracy : 0.77067
Epoch 46/300, valid auc : 0.80291, valid accuracy : 0.76156
0.8028 to 0.8029
test_auc: 0.8079	test_accuracy: 0.7651	test_loss: 0.4915	
Epoch 47/300, loss : 0.47722, auc : 0.81519, accuracy : 0.77075
Epoch 47/300, valid auc : 0.80300, valid accuracy : 0.76145
0.8029 to 0.8030
test_auc: 0.8080	test_accuracy: 0.7652	test_loss: 0.4913	
Epoch 48/300, loss : 0.47700, auc : 0.81539, accuracy : 0.77078
Epoch 48/300, valid auc : 0.80309, valid accuracy : 0.76167
0.8030 to 0.8031
test_auc: 0.8082	test_accuracy: 0.7651	test_loss: 0.4912	
Epoch 49/300, loss : 0.47679, auc : 0.81558, accuracy : 0.77080
Epoch 49/300, valid auc : 0.80318, valid accuracy : 0.76176
0.8031 to 0.8032
test_auc: 0.8083	test_accuracy: 0.7652	test_loss: 0.4911	
Epoch 50/300, loss : 0.47657, auc : 0.81578, accuracy : 0.77096
Epoch 50/300, valid auc : 0.80327, valid accuracy : 0.76173
0.8032 to 0.8033
test_auc: 0.8084	test_accuracy: 0.7652	test_loss: 0.4910	
Epoch 51/300, loss : 0.47636, auc : 0.81597, accuracy : 0.77092
Epoch 51/300, valid auc : 0.80335, valid accuracy : 0.76165
0.8033 to 0.8034
test_auc: 0.8085	test_accuracy: 0.7651	test_loss: 0.4908	
Epoch 52/300, loss : 0.47615, auc : 0.81617, accuracy : 0.77104
Epoch 52/300, valid auc : 0.80343, valid accuracy : 0.76191
0.8034 to 0.8034
test_auc: 0.8086	test_accuracy: 0.7652	test_loss: 0.4907	
Epoch 53/300, loss : 0.47594, auc : 0.81636, accuracy : 0.77114
Epoch 53/300, valid auc : 0.80351, valid accuracy : 0.76221
0.8034 to 0.8035
test_auc: 0.8087	test_accuracy: 0.7655	test_loss: 0.4906	
Epoch 54/300, loss : 0.47573, auc : 0.81655, accuracy : 0.77119
Epoch 54/300, valid auc : 0.80358, valid accuracy : 0.76173
0.8035 to 0.8036
test_auc: 0.8089	test_accuracy: 0.7654	test_loss: 0.4904	
Epoch 55/300, loss : 0.47552, auc : 0.81674, accuracy : 0.77127
Epoch 55/300, valid auc : 0.80364, valid accuracy : 0.76154
0.8036 to 0.8036
test_auc: 0.8090	test_accuracy: 0.7655	test_loss: 0.4903	
Epoch 56/300, loss : 0.47531, auc : 0.81692, accuracy : 0.77149
Epoch 56/300, valid auc : 0.80370, valid accuracy : 0.76180
0.8036 to 0.8037
test_auc: 0.8091	test_accuracy: 0.7655	test_loss: 0.4902	
Epoch 57/300, loss : 0.47511, auc : 0.81710, accuracy : 0.77162
Epoch 57/300, valid auc : 0.80376, valid accuracy : 0.76184
0.8037 to 0.8038
test_auc: 0.8092	test_accuracy: 0.7654	test_loss: 0.4901	
Epoch 58/300, loss : 0.47491, auc : 0.81728, accuracy : 0.77172
Epoch 58/300, valid auc : 0.80381, valid accuracy : 0.76171
0.8038 to 0.8038
test_auc: 0.8093	test_accuracy: 0.7654	test_loss: 0.4900	
Epoch 59/300, loss : 0.47472, auc : 0.81745, accuracy : 0.77177
Epoch 59/300, valid auc : 0.80386, valid accuracy : 0.76173
0.8038 to 0.8039
test_auc: 0.8094	test_accuracy: 0.7655	test_loss: 0.4899	
Epoch 60/300, loss : 0.47453, auc : 0.81762, accuracy : 0.77182
Epoch 60/300, valid auc : 0.80390, valid accuracy : 0.76186
0.8039 to 0.8039
test_auc: 0.8094	test_accuracy: 0.7656	test_loss: 0.4898	
Epoch 61/300, loss : 0.47434, auc : 0.81778, accuracy : 0.77187
Epoch 61/300, valid auc : 0.80393, valid accuracy : 0.76171
0.8039 to 0.8039
test_auc: 0.8095	test_accuracy: 0.7657	test_loss: 0.4898	
Epoch 62/300, loss : 0.47415, auc : 0.81794, accuracy : 0.77180
Epoch 62/300, valid auc : 0.80396, valid accuracy : 0.76193
0.8039 to 0.8040
test_auc: 0.8096	test_accuracy: 0.7657	test_loss: 0.4897	
Epoch 63/300, loss : 0.47397, auc : 0.81809, accuracy : 0.77186
Epoch 63/300, valid auc : 0.80398, valid accuracy : 0.76191
0.8040 to 0.8040
test_auc: 0.8096	test_accuracy: 0.7658	test_loss: 0.4896	
Epoch 64/300, loss : 0.47379, auc : 0.81824, accuracy : 0.77199
Epoch 64/300, valid auc : 0.80400, valid accuracy : 0.76195
0.8040 to 0.8040
test_auc: 0.8097	test_accuracy: 0.7659	test_loss: 0.4896	
Epoch 65/300, loss : 0.47360, auc : 0.81839, accuracy : 0.77207
Epoch 65/300, valid auc : 0.80401, valid accuracy : 0.76184
0.8040 to 0.8040
test_auc: 0.8098	test_accuracy: 0.7659	test_loss: 0.4895	
Epoch 66/300, loss : 0.47343, auc : 0.81853, accuracy : 0.77220
Epoch 66/300, valid auc : 0.80402, valid accuracy : 0.76176
0.8040 to 0.8040
test_auc: 0.8098	test_accuracy: 0.7662	test_loss: 0.4895	
Epoch 67/300, loss : 0.47325, auc : 0.81868, accuracy : 0.77216
Epoch 67/300, valid auc : 0.80402, valid accuracy : 0.76167
0.8040 to 0.8040
test_auc: 0.8098	test_accuracy: 0.7660	test_loss: 0.4895	
Epoch 68/300, loss : 0.47308, auc : 0.81881, accuracy : 0.77227
Epoch 68/300, valid auc : 0.80402, valid accuracy : 0.76171
Epoch 69/300, loss : 0.47290, auc : 0.81895, accuracy : 0.77236
Epoch 69/300, valid auc : 0.80402, valid accuracy : 0.76193
Epoch 70/300, loss : 0.47273, auc : 0.81908, accuracy : 0.77245
Epoch 70/300, valid auc : 0.80401, valid accuracy : 0.76186
Epoch 71/300, loss : 0.47256, auc : 0.81921, accuracy : 0.77254
Epoch 71/300, valid auc : 0.80400, valid accuracy : 0.76202
Epoch 72/300, loss : 0.47239, auc : 0.81931, accuracy : 0.77268
Epoch 72/300, valid auc : 0.80398, valid accuracy : 0.76210
Epoch 73/300, loss : 0.47223, auc : 0.81942, accuracy : 0.77277
Epoch 73/300, valid auc : 0.80398, valid accuracy : 0.76202
Epoch 74/300, loss : 0.47206, auc : 0.81956, accuracy : 0.77264
Epoch 74/300, valid auc : 0.80397, valid accuracy : 0.76206
Epoch 75/300, loss : 0.47190, auc : 0.81966, accuracy : 0.77276
Epoch 75/300, valid auc : 0.80397, valid accuracy : 0.76189
Epoch 76/300, loss : 0.47172, auc : 0.81979, accuracy : 0.77281
Epoch 76/300, valid auc : 0.80395, valid accuracy : 0.76215
Epoch 77/300, loss : 0.47153, auc : 0.81994, accuracy : 0.77287
Epoch 77/300, valid auc : 0.80391, valid accuracy : 0.76178
Epoch 78/300, loss : 0.47139, auc : 0.82004, accuracy : 0.77285
Epoch 78/300, valid auc : 0.80393, valid accuracy : 0.76180
Epoch 79/300, loss : 0.47118, auc : 0.82027, accuracy : 0.77313
Epoch 79/300, valid auc : 0.80389, valid accuracy : 0.76173
Epoch 80/300, loss : 0.47103, auc : 0.82036, accuracy : 0.77313
Epoch 80/300, valid auc : 0.80383, valid accuracy : 0.76147
Epoch 81/300, loss : 0.47094, auc : 0.82043, accuracy : 0.77300
Epoch 81/300, valid auc : 0.80391, valid accuracy : 0.76134
Epoch 82/300, loss : 0.47074, auc : 0.82060, accuracy : 0.77300
Epoch 82/300, valid auc : 0.80381, valid accuracy : 0.76141
Epoch 83/300, loss : 0.47079, auc : 0.82047, accuracy : 0.77324
Epoch 83/300, valid auc : 0.80379, valid accuracy : 0.76101
Epoch 84/300, loss : 0.47044, auc : 0.82087, accuracy : 0.77329
Epoch 84/300, valid auc : 0.80380, valid accuracy : 0.76097
Epoch 85/300, loss : 0.47072, auc : 0.82029, accuracy : 0.77285
Epoch 85/300, valid auc : 0.80370, valid accuracy : 0.76097
Epoch 86/300, loss : 0.47037, auc : 0.82068, accuracy : 0.77320
Epoch 86/300, valid auc : 0.80375, valid accuracy : 0.76152
Epoch 87/300, loss : 0.46996, auc : 0.82116, accuracy : 0.77337
Epoch 87/300, valid auc : 0.80361, valid accuracy : 0.76152
Epoch 88/300, loss : 0.46987, auc : 0.82118, accuracy : 0.77333
Epoch 88/300, valid auc : 0.80366, valid accuracy : 0.76119
Epoch 89/300, loss : 0.46968, auc : 0.82135, accuracy : 0.77337
Epoch 89/300, valid auc : 0.80370, valid accuracy : 0.76117
Epoch 90/300, loss : 0.46950, auc : 0.82155, accuracy : 0.77350
Epoch 90/300, valid auc : 0.80360, valid accuracy : 0.76123
Epoch 91/300, loss : 0.46933, auc : 0.82171, accuracy : 0.77362
Epoch 91/300, valid auc : 0.80362, valid accuracy : 0.76154
Epoch 92/300, loss : 0.46936, auc : 0.82151, accuracy : 0.77364
Epoch 92/300, valid auc : 0.80353, valid accuracy : 0.76160
Epoch 93/300, loss : 0.46927, auc : 0.82156, accuracy : 0.77361
Epoch 93/300, valid auc : 0.80351, valid accuracy : 0.76156
Epoch 94/300, loss : 0.46911, auc : 0.82173, accuracy : 0.77369
Epoch 94/300, valid auc : 0.80344, valid accuracy : 0.76091
Epoch 95/300, loss : 0.46887, auc : 0.82202, accuracy : 0.77391
Epoch 95/300, valid auc : 0.80334, valid accuracy : 0.76110
Epoch 96/300, loss : 0.46873, auc : 0.82203, accuracy : 0.77359
Epoch 96/300, valid auc : 0.80331, valid accuracy : 0.76104
Epoch 97/300, loss : 0.46898, auc : 0.82171, accuracy : 0.77371
Epoch 97/300, valid auc : 0.80331, valid accuracy : 0.76071
Epoch 98/300, loss : 0.46857, auc : 0.82210, accuracy : 0.77359
Epoch 98/300, valid auc : 0.80327, valid accuracy : 0.76099
Epoch 99/300, loss : 0.46860, auc : 0.82206, accuracy : 0.77396
Epoch 99/300, valid auc : 0.80308, valid accuracy : 0.76062
Epoch 100/300, loss : 0.46885, auc : 0.82204, accuracy : 0.77367
Epoch 100/300, valid auc : 0.80339, valid accuracy : 0.76145
Epoch 101/300, loss : 0.46840, auc : 0.82234, accuracy : 0.77387
Epoch 101/300, valid auc : 0.80316, valid accuracy : 0.76036
Epoch 102/300, loss : 0.46813, auc : 0.82255, accuracy : 0.77382
Epoch 102/300, valid auc : 0.80316, valid accuracy : 0.76075
Epoch 103/300, loss : 0.46814, auc : 0.82243, accuracy : 0.77402
Epoch 103/300, valid auc : 0.80322, valid accuracy : 0.76073
Epoch 104/300, loss : 0.46779, auc : 0.82274, accuracy : 0.77406
Epoch 104/300, valid auc : 0.80297, valid accuracy : 0.76086
Epoch 105/300, loss : 0.46766, auc : 0.82289, accuracy : 0.77425
Epoch 105/300, valid auc : 0.80289, valid accuracy : 0.76064
Epoch 106/300, loss : 0.46747, auc : 0.82293, accuracy : 0.77424
Epoch 106/300, valid auc : 0.80275, valid accuracy : 0.76019
Epoch 107/300, loss : 0.46723, auc : 0.82315, accuracy : 0.77416
Epoch 107/300, valid auc : 0.80272, valid accuracy : 0.76069
Epoch 108/300, loss : 0.46726, auc : 0.82311, accuracy : 0.77423
Epoch 108/300, valid auc : 0.80276, valid accuracy : 0.76106
Epoch 109/300, loss : 0.46722, auc : 0.82297, accuracy : 0.77419
Epoch 109/300, valid auc : 0.80262, valid accuracy : 0.76112
Epoch 110/300, loss : 0.46694, auc : 0.82333, accuracy : 0.77430
Epoch 110/300, valid auc : 0.80262, valid accuracy : 0.76119
Epoch 111/300, loss : 0.46681, auc : 0.82339, accuracy : 0.77458
Epoch 111/300, valid auc : 0.80239, valid accuracy : 0.76132
Epoch 112/300, loss : 0.46679, auc : 0.82341, accuracy : 0.77458
Epoch 112/300, valid auc : 0.80244, valid accuracy : 0.76045
Epoch 113/300, loss : 0.46653, auc : 0.82370, accuracy : 0.77447
Epoch 113/300, valid auc : 0.80220, valid accuracy : 0.75999
Epoch 114/300, loss : 0.46650, auc : 0.82366, accuracy : 0.77455
Epoch 114/300, valid auc : 0.80236, valid accuracy : 0.76077
Epoch 115/300, loss : 0.46638, auc : 0.82385, accuracy : 0.77482
Epoch 115/300, valid auc : 0.80238, valid accuracy : 0.76056
Epoch 116/300, loss : 0.46610, auc : 0.82391, accuracy : 0.77502
Epoch 116/300, valid auc : 0.80228, valid accuracy : 0.76027
Epoch 117/300, loss : 0.46703, auc : 0.82275, accuracy : 0.77440
Epoch 117/300, valid auc : 0.80247, valid accuracy : 0.76036
Epoch 118/300, loss : 0.46660, auc : 0.82316, accuracy : 0.77417
Epoch 118/300, valid auc : 0.80251, valid accuracy : 0.76027
Epoch 119/300, loss : 0.46580, auc : 0.82422, accuracy : 0.77471
Epoch 119/300, valid auc : 0.80220, valid accuracy : 0.75975
Epoch 120/300, loss : 0.46617, auc : 0.82419, accuracy : 0.77473
Epoch 120/300, valid auc : 0.80226, valid accuracy : 0.75992
Epoch 121/300, loss : 0.46563, auc : 0.82438, accuracy : 0.77515
Epoch 121/300, valid auc : 0.80220, valid accuracy : 0.76023
Epoch 122/300, loss : 0.46541, auc : 0.82451, accuracy : 0.77499
Epoch 122/300, valid auc : 0.80205, valid accuracy : 0.75982
Epoch 123/300, loss : 0.46532, auc : 0.82464, accuracy : 0.77510
Epoch 123/300, valid auc : 0.80192, valid accuracy : 0.75934
Epoch 124/300, loss : 0.46514, auc : 0.82469, accuracy : 0.77523
Epoch 124/300, valid auc : 0.80187, valid accuracy : 0.75951
Epoch 125/300, loss : 0.46502, auc : 0.82481, accuracy : 0.77514
Epoch 125/300, valid auc : 0.80178, valid accuracy : 0.76014
Epoch 126/300, loss : 0.46488, auc : 0.82493, accuracy : 0.77533
Epoch 126/300, valid auc : 0.80181, valid accuracy : 0.75949
Epoch 127/300, loss : 0.46490, auc : 0.82476, accuracy : 0.77502
Epoch 127/300, valid auc : 0.80187, valid accuracy : 0.75929
Epoch 128/300, loss : 0.46460, auc : 0.82508, accuracy : 0.77535
Epoch 128/300, valid auc : 0.80172, valid accuracy : 0.75912
Epoch 129/300, loss : 0.46462, auc : 0.82509, accuracy : 0.77516
Epoch 129/300, valid auc : 0.80162, valid accuracy : 0.75944
Epoch 130/300, loss : 0.46469, auc : 0.82493, accuracy : 0.77540
Epoch 130/300, valid auc : 0.80137, valid accuracy : 0.75888
Epoch 131/300, loss : 0.46445, auc : 0.82533, accuracy : 0.77519
Epoch 131/300, valid auc : 0.80203, valid accuracy : 0.75942
Epoch 132/300, loss : 0.46412, auc : 0.82555, accuracy : 0.77539
Epoch 132/300, valid auc : 0.80169, valid accuracy : 0.75984
Epoch 133/300, loss : 0.46412, auc : 0.82539, accuracy : 0.77520
Epoch 133/300, valid auc : 0.80158, valid accuracy : 0.75940
Epoch 134/300, loss : 0.46387, auc : 0.82562, accuracy : 0.77558
Epoch 134/300, valid auc : 0.80143, valid accuracy : 0.75894
Epoch 135/300, loss : 0.46452, auc : 0.82516, accuracy : 0.77518
Epoch 135/300, valid auc : 0.80154, valid accuracy : 0.75888
Epoch 136/300, loss : 0.46447, auc : 0.82546, accuracy : 0.77499
Epoch 136/300, valid auc : 0.80185, valid accuracy : 0.75986
Epoch 137/300, loss : 0.46369, auc : 0.82597, accuracy : 0.77541
Epoch 137/300, valid auc : 0.80164, valid accuracy : 0.75971
Epoch 138/300, loss : 0.46348, auc : 0.82601, accuracy : 0.77536
Epoch 138/300, valid auc : 0.80166, valid accuracy : 0.75925
Epoch 139/300, loss : 0.46316, auc : 0.82623, accuracy : 0.77532
Epoch 139/300, valid auc : 0.80127, valid accuracy : 0.75923
Epoch 140/300, loss : 0.46328, auc : 0.82609, accuracy : 0.77542
Epoch 140/300, valid auc : 0.80072, valid accuracy : 0.75816
Epoch 141/300, loss : 0.46300, auc : 0.82630, accuracy : 0.77553
Epoch 141/300, valid auc : 0.80116, valid accuracy : 0.75896
Epoch 142/300, loss : 0.46290, auc : 0.82650, accuracy : 0.77541
Epoch 142/300, valid auc : 0.80110, valid accuracy : 0.75892
Epoch 143/300, loss : 0.46291, auc : 0.82643, accuracy : 0.77581
Epoch 143/300, valid auc : 0.80118, valid accuracy : 0.75944
Epoch 144/300, loss : 0.46342, auc : 0.82553, accuracy : 0.77509
Epoch 144/300, valid auc : 0.80090, valid accuracy : 0.75912
Epoch 145/300, loss : 0.46458, auc : 0.82587, accuracy : 0.77562
Epoch 145/300, valid auc : 0.80154, valid accuracy : 0.75975
Epoch 146/300, loss : 0.46361, auc : 0.82646, accuracy : 0.77597
Epoch 146/300, valid auc : 0.80121, valid accuracy : 0.75942
Epoch 147/300, loss : 0.46249, auc : 0.82691, accuracy : 0.77566
Epoch 147/300, valid auc : 0.80082, valid accuracy : 0.75886
Epoch 148/300, loss : 0.46231, auc : 0.82681, accuracy : 0.77569
Epoch 148/300, valid auc : 0.80101, valid accuracy : 0.75899
Epoch 149/300, loss : 0.46235, auc : 0.82681, accuracy : 0.77582
Epoch 149/300, valid auc : 0.80107, valid accuracy : 0.75995
Epoch 150/300, loss : 0.46192, auc : 0.82721, accuracy : 0.77587
Epoch 150/300, valid auc : 0.80058, valid accuracy : 0.75816
Epoch 151/300, loss : 0.46171, auc : 0.82732, accuracy : 0.77610
Epoch 151/300, valid auc : 0.80066, valid accuracy : 0.75816
Epoch 152/300, loss : 0.46215, auc : 0.82667, accuracy : 0.77580
Epoch 152/300, valid auc : 0.80083, valid accuracy : 0.75890
Epoch 153/300, loss : 0.46144, auc : 0.82749, accuracy : 0.77643
Epoch 153/300, valid auc : 0.80044, valid accuracy : 0.75892
Epoch 154/300, loss : 0.46136, auc : 0.82754, accuracy : 0.77616
Epoch 154/300, valid auc : 0.80031, valid accuracy : 0.75883
Epoch 155/300, loss : 0.46352, auc : 0.82454, accuracy : 0.77509
Epoch 155/300, valid auc : 0.80060, valid accuracy : 0.75851
Epoch 156/300, loss : 0.46174, auc : 0.82704, accuracy : 0.77589
Epoch 156/300, valid auc : 0.80068, valid accuracy : 0.75801
Epoch 157/300, loss : 0.46134, auc : 0.82736, accuracy : 0.77602
Epoch 157/300, valid auc : 0.80085, valid accuracy : 0.75877
Epoch 158/300, loss : 0.46114, auc : 0.82750, accuracy : 0.77619
Epoch 158/300, valid auc : 0.80083, valid accuracy : 0.75838
Epoch 159/300, loss : 0.46120, auc : 0.82768, accuracy : 0.77627
Epoch 159/300, valid auc : 0.80100, valid accuracy : 0.75870
Epoch 160/300, loss : 0.46061, auc : 0.82805, accuracy : 0.77654
Epoch 160/300, valid auc : 0.80042, valid accuracy : 0.75866
Epoch 161/300, loss : 0.46075, auc : 0.82799, accuracy : 0.77661
Epoch 161/300, valid auc : 0.80028, valid accuracy : 0.75803
Epoch 162/300, loss : 0.46059, auc : 0.82817, accuracy : 0.77671
Epoch 162/300, valid auc : 0.79922, valid accuracy : 0.75679
Epoch 163/300, loss : 0.46055, auc : 0.82813, accuracy : 0.77684
Epoch 163/300, valid auc : 0.80004, valid accuracy : 0.75783
Epoch 164/300, loss : 0.46307, auc : 0.82511, accuracy : 0.77563
Epoch 164/300, valid auc : 0.79994, valid accuracy : 0.75761
Epoch 165/300, loss : 0.46238, auc : 0.82701, accuracy : 0.77619
Epoch 165/300, valid auc : 0.80039, valid accuracy : 0.75761
Epoch 166/300, loss : 0.46012, auc : 0.82857, accuracy : 0.77696
Epoch 166/300, valid auc : 0.80000, valid accuracy : 0.75840
Epoch 167/300, loss : 0.45987, auc : 0.82862, accuracy : 0.77709
Epoch 167/300, valid auc : 0.79799, valid accuracy : 0.75665
Epoch 168/300, loss : 0.46001, auc : 0.82842, accuracy : 0.77692
Epoch 168/300, valid auc : 0.79991, valid accuracy : 0.75617
Epoch 169/300, loss : 0.45988, auc : 0.82863, accuracy : 0.77710
Epoch 169/300, valid auc : 0.79997, valid accuracy : 0.75846
Epoch 170/300, loss : 0.45962, auc : 0.82848, accuracy : 0.77711
Epoch 170/300, valid auc : 0.79987, valid accuracy : 0.75748
Epoch 171/300, loss : 0.45931, auc : 0.82903, accuracy : 0.77744
Epoch 171/300, valid auc : 0.79974, valid accuracy : 0.75807
Epoch 172/300, loss : 0.45903, auc : 0.82925, accuracy : 0.77763
Epoch 172/300, valid auc : 0.79916, valid accuracy : 0.75724
Epoch 173/300, loss : 0.45929, auc : 0.82910, accuracy : 0.77755
Epoch 173/300, valid auc : 0.79998, valid accuracy : 0.75859
Epoch 174/300, loss : 0.45966, auc : 0.82882, accuracy : 0.77733
Epoch 174/300, valid auc : 0.79954, valid accuracy : 0.75766
Epoch 175/300, loss : 0.45941, auc : 0.82864, accuracy : 0.77710
Epoch 175/300, valid auc : 0.79988, valid accuracy : 0.75711
Epoch 176/300, loss : 0.45855, auc : 0.82954, accuracy : 0.77782
Epoch 176/300, valid auc : 0.79965, valid accuracy : 0.75729
Epoch 177/300, loss : 0.45846, auc : 0.82952, accuracy : 0.77812
Epoch 177/300, valid auc : 0.79928, valid accuracy : 0.75755
Epoch 178/300, loss : 0.46031, auc : 0.82716, accuracy : 0.77676
Epoch 178/300, valid auc : 0.79897, valid accuracy : 0.75672
Epoch 179/300, loss : 0.45870, auc : 0.82939, accuracy : 0.77791
Epoch 179/300, valid auc : 0.79869, valid accuracy : 0.75552
Epoch 180/300, loss : 0.45981, auc : 0.82895, accuracy : 0.77768
Epoch 180/300, valid auc : 0.79969, valid accuracy : 0.75607
Epoch 181/300, loss : 0.45833, auc : 0.82987, accuracy : 0.77815
Epoch 181/300, valid auc : 0.79952, valid accuracy : 0.75726
Epoch 182/300, loss : 0.45779, auc : 0.83015, accuracy : 0.77804
Epoch 182/300, valid auc : 0.79883, valid accuracy : 0.75764
Epoch 183/300, loss : 0.45808, auc : 0.82946, accuracy : 0.77766
Epoch 183/300, valid auc : 0.79942, valid accuracy : 0.75724
Epoch 184/300, loss : 0.45768, auc : 0.83021, accuracy : 0.77823
Epoch 184/300, valid auc : 0.79914, valid accuracy : 0.75722
Epoch 185/300, loss : 0.45727, auc : 0.83052, accuracy : 0.77873
Epoch 185/300, valid auc : 0.79874, valid accuracy : 0.75729
Epoch 186/300, loss : 0.45755, auc : 0.83041, accuracy : 0.77851
Epoch 186/300, valid auc : 0.79707, valid accuracy : 0.75502
Epoch 187/300, loss : 0.45822, auc : 0.82963, accuracy : 0.77786
Epoch 187/300, valid auc : 0.79926, valid accuracy : 0.75788
Epoch 188/300, loss : 0.45779, auc : 0.82991, accuracy : 0.77837
Epoch 188/300, valid auc : 0.79291, valid accuracy : 0.75304
Epoch 189/300, loss : 0.46067, auc : 0.82830, accuracy : 0.77633
Epoch 189/300, valid auc : 0.79916, valid accuracy : 0.75702
Epoch 190/300, loss : 0.45761, auc : 0.83039, accuracy : 0.77804
Epoch 190/300, valid auc : 0.79866, valid accuracy : 0.75716
Epoch 191/300, loss : 0.45673, auc : 0.83094, accuracy : 0.77838
Epoch 191/300, valid auc : 0.79878, valid accuracy : 0.75705
Epoch 192/300, loss : 0.45699, auc : 0.83064, accuracy : 0.77874
Epoch 192/300, valid auc : 0.79875, valid accuracy : 0.75556
Epoch 193/300, loss : 0.45683, auc : 0.83082, accuracy : 0.77824
Epoch 193/300, valid auc : 0.79866, valid accuracy : 0.75681
Epoch 194/300, loss : 0.45617, auc : 0.83134, accuracy : 0.77896
Epoch 194/300, valid auc : 0.79805, valid accuracy : 0.75620
Epoch 195/300, loss : 0.45613, auc : 0.83137, accuracy : 0.77883
Epoch 195/300, valid auc : 0.79853, valid accuracy : 0.75696
Epoch 196/300, loss : 0.45622, auc : 0.83122, accuracy : 0.77898
Epoch 196/300, valid auc : 0.79854, valid accuracy : 0.75600
Epoch 197/300, loss : 0.45604, auc : 0.83131, accuracy : 0.77873
Epoch 197/300, valid auc : 0.79858, valid accuracy : 0.75604
Epoch 198/300, loss : 0.45622, auc : 0.83130, accuracy : 0.77882
Epoch 198/300, valid auc : 0.79884, valid accuracy : 0.75698
Epoch 199/300, loss : 0.45632, auc : 0.83102, accuracy : 0.77877
Epoch 199/300, valid auc : 0.79852, valid accuracy : 0.75637
Epoch 200/300, loss : 0.45634, auc : 0.83115, accuracy : 0.77896
Epoch 200/300, valid auc : 0.79894, valid accuracy : 0.75526
Epoch 201/300, loss : 0.45825, auc : 0.83056, accuracy : 0.77790
Epoch 201/300, valid auc : 0.79886, valid accuracy : 0.75726
Epoch 202/300, loss : 0.45622, auc : 0.83162, accuracy : 0.77891
Epoch 202/300, valid auc : 0.79803, valid accuracy : 0.75707
Epoch 203/300, loss : 0.45545, auc : 0.83185, accuracy : 0.77919
Epoch 203/300, valid auc : 0.79834, valid accuracy : 0.75687
Epoch 204/300, loss : 0.45536, auc : 0.83192, accuracy : 0.77956
Epoch 204/300, valid auc : 0.79754, valid accuracy : 0.75631
Epoch 205/300, loss : 0.45500, auc : 0.83229, accuracy : 0.77957
Epoch 205/300, valid auc : 0.79747, valid accuracy : 0.75659
Epoch 206/300, loss : 0.45558, auc : 0.83216, accuracy : 0.77935
Epoch 206/300, valid auc : 0.79773, valid accuracy : 0.75716
Epoch 207/300, loss : 0.45459, auc : 0.83262, accuracy : 0.77981
Epoch 207/300, valid auc : 0.79696, valid accuracy : 0.75572
Epoch 208/300, loss : 0.45545, auc : 0.83140, accuracy : 0.77891
Epoch 208/300, valid auc : 0.79788, valid accuracy : 0.75639
Epoch 209/300, loss : 0.45441, auc : 0.83252, accuracy : 0.77960
Epoch 209/300, valid auc : 0.79780, valid accuracy : 0.75641
Epoch 210/300, loss : 0.45399, auc : 0.83292, accuracy : 0.77998
Epoch 210/300, valid auc : 0.79719, valid accuracy : 0.75665
Epoch 211/300, loss : 0.45413, auc : 0.83296, accuracy : 0.78021
Epoch 211/300, valid auc : 0.79751, valid accuracy : 0.75692
Epoch 212/300, loss : 0.45657, auc : 0.83154, accuracy : 0.77935
Epoch 212/300, valid auc : 0.79754, valid accuracy : 0.75609
Epoch 213/300, loss : 0.45662, auc : 0.83208, accuracy : 0.77906
Epoch 213/300, valid auc : 0.79679, valid accuracy : 0.75476
Epoch 214/300, loss : 0.45563, auc : 0.83215, accuracy : 0.77925
Epoch 214/300, valid auc : 0.79611, valid accuracy : 0.75506
Epoch 215/300, loss : 0.45484, auc : 0.83262, accuracy : 0.77987
Epoch 215/300, valid auc : 0.79700, valid accuracy : 0.75705
Epoch 216/300, loss : 0.45404, auc : 0.83317, accuracy : 0.78012
Epoch 216/300, valid auc : 0.79828, valid accuracy : 0.75657
Epoch 217/300, loss : 0.45427, auc : 0.83256, accuracy : 0.78024
Epoch 217/300, valid auc : 0.79895, valid accuracy : 0.75626
Epoch 218/300, loss : 0.45401, auc : 0.83285, accuracy : 0.77975
Epoch 218/300, valid auc : 0.79606, valid accuracy : 0.75615
Epoch 219/300, loss : 0.45454, auc : 0.83260, accuracy : 0.77983
Epoch 219/300, valid auc : 0.79727, valid accuracy : 0.75537
Epoch 220/300, loss : 0.45331, auc : 0.83354, accuracy : 0.78036
Epoch 220/300, valid auc : 0.79723, valid accuracy : 0.75635
Epoch 221/300, loss : 0.45261, auc : 0.83391, accuracy : 0.78056
Epoch 221/300, valid auc : 0.79671, valid accuracy : 0.75513
Epoch 222/300, loss : 0.46226, auc : 0.82342, accuracy : 0.77523
Epoch 222/300, valid auc : 0.79607, valid accuracy : 0.75434
Epoch 223/300, loss : 0.46294, auc : 0.82412, accuracy : 0.77576
Epoch 223/300, valid auc : 0.79765, valid accuracy : 0.75635
Epoch 224/300, loss : 0.45950, auc : 0.82691, accuracy : 0.77726
Epoch 224/300, valid auc : 0.79702, valid accuracy : 0.75559
Epoch 225/300, loss : 0.45788, auc : 0.82815, accuracy : 0.77804
Epoch 225/300, valid auc : 0.79758, valid accuracy : 0.75524
Epoch 226/300, loss : 0.45732, auc : 0.82857, accuracy : 0.77793
Epoch 226/300, valid auc : 0.79649, valid accuracy : 0.75546
Epoch 227/300, loss : 0.45631, auc : 0.82960, accuracy : 0.77858
Epoch 227/300, valid auc : 0.79704, valid accuracy : 0.75563
Epoch 228/300, loss : 0.45566, auc : 0.83020, accuracy : 0.77876
Epoch 228/300, valid auc : 0.79651, valid accuracy : 0.75478
Epoch 229/300, loss : 0.45511, auc : 0.83070, accuracy : 0.77926
Epoch 229/300, valid auc : 0.79680, valid accuracy : 0.75517
Epoch 230/300, loss : 0.45871, auc : 0.82936, accuracy : 0.77838
Epoch 230/300, valid auc : 0.79805, valid accuracy : 0.75689
Epoch 231/300, loss : 0.45494, auc : 0.83203, accuracy : 0.77983
Epoch 231/300, valid auc : 0.79763, valid accuracy : 0.75622
Epoch 232/300, loss : 0.45298, auc : 0.83336, accuracy : 0.78010
Epoch 232/300, valid auc : 0.79747, valid accuracy : 0.75641
Epoch 233/300, loss : 0.45220, auc : 0.83402, accuracy : 0.78049
Epoch 233/300, valid auc : 0.79705, valid accuracy : 0.75604
Epoch 234/300, loss : 0.45171, auc : 0.83444, accuracy : 0.78128
Epoch 234/300, valid auc : 0.79713, valid accuracy : 0.75611
Epoch 235/300, loss : 0.45224, auc : 0.83369, accuracy : 0.78074
Epoch 235/300, valid auc : 0.79701, valid accuracy : 0.75539
Epoch 236/300, loss : 0.45144, auc : 0.83466, accuracy : 0.78133
Epoch 236/300, valid auc : 0.79625, valid accuracy : 0.75546
Epoch 237/300, loss : 0.45140, auc : 0.83454, accuracy : 0.78114
Epoch 237/300, valid auc : 0.79742, valid accuracy : 0.75698
Epoch 238/300, loss : 0.45096, auc : 0.83506, accuracy : 0.78124
Epoch 238/300, valid auc : 0.79646, valid accuracy : 0.75482
Epoch 239/300, loss : 0.45082, auc : 0.83514, accuracy : 0.78147
Epoch 239/300, valid auc : 0.79728, valid accuracy : 0.75506
Epoch 240/300, loss : 0.45086, auc : 0.83508, accuracy : 0.78114
Epoch 240/300, valid auc : 0.79559, valid accuracy : 0.75522
Epoch 241/300, loss : 0.45072, auc : 0.83520, accuracy : 0.78134
Epoch 241/300, valid auc : 0.79580, valid accuracy : 0.75408
Epoch 242/300, loss : 0.45048, auc : 0.83549, accuracy : 0.78156
Epoch 242/300, valid auc : 0.79659, valid accuracy : 0.75452
Epoch 243/300, loss : 0.44998, auc : 0.83585, accuracy : 0.78181
Epoch 243/300, valid auc : 0.79630, valid accuracy : 0.75434
Epoch 244/300, loss : 0.44931, auc : 0.83620, accuracy : 0.78200
Epoch 244/300, valid auc : 0.79648, valid accuracy : 0.75450
Epoch 245/300, loss : 0.45126, auc : 0.83374, accuracy : 0.78111
Epoch 245/300, valid auc : 0.79564, valid accuracy : 0.75498
Epoch 246/300, loss : 0.45180, auc : 0.83384, accuracy : 0.78046
Epoch 246/300, valid auc : 0.79562, valid accuracy : 0.75578
Epoch 247/300, loss : 0.45144, auc : 0.83450, accuracy : 0.78109
Epoch 247/300, valid auc : 0.79647, valid accuracy : 0.75467
Epoch 248/300, loss : 0.44936, auc : 0.83611, accuracy : 0.78188
Epoch 248/300, valid auc : 0.79570, valid accuracy : 0.75413
Epoch 249/300, loss : 0.44881, auc : 0.83648, accuracy : 0.78178
Epoch 249/300, valid auc : 0.79483, valid accuracy : 0.75404
Epoch 250/300, loss : 0.45005, auc : 0.83565, accuracy : 0.78132
Epoch 250/300, valid auc : 0.79553, valid accuracy : 0.75408
Epoch 251/300, loss : 0.44876, auc : 0.83673, accuracy : 0.78211
Epoch 251/300, valid auc : 0.79584, valid accuracy : 0.75323
Epoch 252/300, loss : 0.44853, auc : 0.83682, accuracy : 0.78240
Epoch 252/300, valid auc : 0.79449, valid accuracy : 0.75310
Epoch 253/300, loss : 0.44789, auc : 0.83714, accuracy : 0.78241
Epoch 253/300, valid auc : 0.79583, valid accuracy : 0.75493
Epoch 254/300, loss : 0.44925, auc : 0.83634, accuracy : 0.78228
Epoch 254/300, valid auc : 0.79560, valid accuracy : 0.75367
Epoch 255/300, loss : 0.44753, auc : 0.83756, accuracy : 0.78274
Epoch 255/300, valid auc : 0.79483, valid accuracy : 0.75358
Epoch 256/300, loss : 0.44769, auc : 0.83725, accuracy : 0.78276
Epoch 256/300, valid auc : 0.79452, valid accuracy : 0.75334
Epoch 257/300, loss : 0.44770, auc : 0.83717, accuracy : 0.78247
Epoch 257/300, valid auc : 0.79511, valid accuracy : 0.75382
Epoch 258/300, loss : 0.44693, auc : 0.83791, accuracy : 0.78295
Epoch 258/300, valid auc : 0.79525, valid accuracy : 0.75402
Epoch 259/300, loss : 0.44742, auc : 0.83755, accuracy : 0.78253
Epoch 259/300, valid auc : 0.79590, valid accuracy : 0.75277
Epoch 260/300, loss : 0.44809, auc : 0.83685, accuracy : 0.78224
Epoch 260/300, valid auc : 0.79440, valid accuracy : 0.75312
Epoch 261/300, loss : 0.44654, auc : 0.83828, accuracy : 0.78325
Epoch 261/300, valid auc : 0.79427, valid accuracy : 0.75343
Epoch 262/300, loss : 0.44678, auc : 0.83802, accuracy : 0.78312
Epoch 262/300, valid auc : 0.79453, valid accuracy : 0.75341
Epoch 263/300, loss : 0.44629, auc : 0.83850, accuracy : 0.78370
Epoch 263/300, valid auc : 0.79423, valid accuracy : 0.75328
Epoch 264/300, loss : 0.44567, auc : 0.83874, accuracy : 0.78362
Epoch 264/300, valid auc : 0.79379, valid accuracy : 0.75321
Epoch 265/300, loss : 0.44712, auc : 0.83789, accuracy : 0.78287
Epoch 265/300, valid auc : 0.79315, valid accuracy : 0.75280
Epoch 266/300, loss : 0.44628, auc : 0.83821, accuracy : 0.78362
Epoch 266/300, valid auc : 0.79402, valid accuracy : 0.75360
Epoch 267/300, loss : 0.44531, auc : 0.83897, accuracy : 0.78392
Epoch 267/300, valid auc : 0.79370, valid accuracy : 0.75293
Epoch 268/300, loss : 0.44568, auc : 0.83884, accuracy : 0.78428
Epoch 268/300, valid auc : 0.79344, valid accuracy : 0.75236
Epoch 269/300, loss : 0.44489, auc : 0.83934, accuracy : 0.78397
Epoch 269/300, valid auc : 0.79402, valid accuracy : 0.75421
Epoch 270/300, loss : 0.44486, auc : 0.83928, accuracy : 0.78376
Epoch 270/300, valid auc : 0.79297, valid accuracy : 0.75260
Epoch 271/300, loss : 0.44526, auc : 0.83899, accuracy : 0.78393
Epoch 271/300, valid auc : 0.79487, valid accuracy : 0.75299
Epoch 272/300, loss : 0.44434, auc : 0.83971, accuracy : 0.78441
Epoch 272/300, valid auc : 0.79311, valid accuracy : 0.75216
Epoch 273/300, loss : 0.44460, auc : 0.83926, accuracy : 0.78407
Epoch 273/300, valid auc : 0.79217, valid accuracy : 0.75155
Epoch 274/300, loss : 0.44363, auc : 0.84013, accuracy : 0.78495
Epoch 274/300, valid auc : 0.79236, valid accuracy : 0.75216
Epoch 275/300, loss : 0.44368, auc : 0.83999, accuracy : 0.78466
Epoch 275/300, valid auc : 0.79172, valid accuracy : 0.75110
Epoch 276/300, loss : 0.44411, auc : 0.83966, accuracy : 0.78445
Epoch 276/300, valid auc : 0.79280, valid accuracy : 0.75179
Epoch 277/300, loss : 0.44531, auc : 0.83828, accuracy : 0.78392
Epoch 277/300, valid auc : 0.79268, valid accuracy : 0.75210
Epoch 278/300, loss : 0.44467, auc : 0.83944, accuracy : 0.78429
Epoch 278/300, valid auc : 0.79421, valid accuracy : 0.75264
Epoch 279/300, loss : 0.44347, auc : 0.84040, accuracy : 0.78505
Epoch 279/300, valid auc : 0.79263, valid accuracy : 0.75210
Epoch 280/300, loss : 0.44295, auc : 0.84069, accuracy : 0.78523
Epoch 280/300, valid auc : 0.79201, valid accuracy : 0.75212
Epoch 281/300, loss : 0.44420, auc : 0.83964, accuracy : 0.78490
Epoch 281/300, valid auc : 0.79157, valid accuracy : 0.75127
Epoch 282/300, loss : 0.44318, auc : 0.84034, accuracy : 0.78503
Epoch 282/300, valid auc : 0.79229, valid accuracy : 0.75262
Epoch 283/300, loss : 0.44262, auc : 0.84096, accuracy : 0.78607
Epoch 283/300, valid auc : 0.79262, valid accuracy : 0.75341
Epoch 284/300, loss : 0.44214, auc : 0.84104, accuracy : 0.78530
Epoch 284/300, valid auc : 0.79127, valid accuracy : 0.75125
Epoch 285/300, loss : 0.44153, auc : 0.84162, accuracy : 0.78569
Epoch 285/300, valid auc : 0.78646, valid accuracy : 0.74314
Epoch 286/300, loss : 0.44905, auc : 0.83626, accuracy : 0.78184
Epoch 286/300, valid auc : 0.79332, valid accuracy : 0.75295
Epoch 287/300, loss : 0.44279, auc : 0.84104, accuracy : 0.78554
Epoch 287/300, valid auc : 0.79189, valid accuracy : 0.75181
Epoch 288/300, loss : 0.44163, auc : 0.84174, accuracy : 0.78590
Epoch 288/300, valid auc : 0.79207, valid accuracy : 0.75144
Epoch 289/300, loss : 0.44106, auc : 0.84213, accuracy : 0.78639
Epoch 289/300, valid auc : 0.79192, valid accuracy : 0.75164
Epoch 290/300, loss : 0.44077, auc : 0.84197, accuracy : 0.78613
Epoch 290/300, valid auc : 0.79161, valid accuracy : 0.75184
Epoch 291/300, loss : 0.44031, auc : 0.84236, accuracy : 0.78627
Epoch 291/300, valid auc : 0.79210, valid accuracy : 0.75131
Epoch 292/300, loss : 0.44022, auc : 0.84259, accuracy : 0.78633
Epoch 292/300, valid auc : 0.79093, valid accuracy : 0.75144
Epoch 293/300, loss : 0.44019, auc : 0.84257, accuracy : 0.78668
Epoch 293/300, valid auc : 0.79076, valid accuracy : 0.75116
Epoch 294/300, loss : 0.43917, auc : 0.84318, accuracy : 0.78709
Epoch 294/300, valid auc : 0.79043, valid accuracy : 0.75112
Epoch 295/300, loss : 0.43951, auc : 0.84287, accuracy : 0.78717
Epoch 295/300, valid auc : 0.79069, valid accuracy : 0.75027
Epoch 296/300, loss : 0.44062, auc : 0.84164, accuracy : 0.78662
Epoch 296/300, valid auc : 0.78960, valid accuracy : 0.75110
Epoch 297/300, loss : 0.44727, auc : 0.83760, accuracy : 0.78281
Epoch 297/300, valid auc : 0.79250, valid accuracy : 0.75295
Epoch 298/300, loss : 0.44250, auc : 0.84165, accuracy : 0.78565
Epoch 298/300, valid auc : 0.79226, valid accuracy : 0.75175
Epoch 299/300, loss : 0.43971, auc : 0.84279, accuracy : 0.78664
Epoch 299/300, valid auc : 0.79133, valid accuracy : 0.75168
Epoch 300/300, loss : 0.44078, auc : 0.84264, accuracy : 0.78617
Epoch 300/300, valid auc : 0.78964, valid accuracy : 0.74977
best outcome: best epoch: 67.0000
valid_auc: 0.8040	valid_accuracy: 0.7617	valid_loss: 0.4943	
test_auc: 0.8098	test_accuracy: 0.7660	test_loss: 0.4895	
