Namespace(batch_size=32, data_dir='./data/assist2009', data_name='assist2009', dataset_type='assist2009', decay_epoch=20, final_fc_dim=100, final_lr=1e-05, future_sequence_len=2, generate_files=0, gpu=0, init_lr=0.01, init_std=0.1, learning_trend_embed_dim=200, load='assist2009', lr=0.01, lr_decay=0, max_iter=300, maxgradnorm=50.0, memory_key_state_dim=50, memory_size=20, memory_value_state_dim=200, model_type='DKT', momentum=0.9, n_question=110, num_attention_heads=4, q_embed_dim=50, qa_embed_dim=200, read_dim=100, save='assist2009', seed=1, seqlen=200, show=True, similar_user_num=2, test=False, train_test=0, wd=5e-05)
./data/assist2009/assist2009_train1.csv
train_qa_data_shape:  (2697, 200)
valid_qa_data_shape:  (740, 200)
test_qa_data_shape:  (1481, 200)
device: 0
Epoch 1/300, loss : 0.54946, auc : 0.74138, accuracy : 0.73515
Epoch 1/300, valid auc : 0.79600, valid accuracy : 0.75442
0.0000 to 0.7960
test_auc: 0.7880	test_accuracy: 0.7525	test_loss: 0.5141	
Epoch 2/300, loss : 0.50397, auc : 0.79011, accuracy : 0.75744
Epoch 2/300, valid auc : 0.80369, valid accuracy : 0.76019
0.7960 to 0.8037
test_auc: 0.7948	test_accuracy: 0.7579	test_loss: 0.5066	
Epoch 3/300, loss : 0.49797, auc : 0.79558, accuracy : 0.76046
Epoch 3/300, valid auc : 0.80628, valid accuracy : 0.76158
0.8037 to 0.8063
test_auc: 0.7976	test_accuracy: 0.7590	test_loss: 0.5038	
Epoch 4/300, loss : 0.49563, auc : 0.79787, accuracy : 0.76184
Epoch 4/300, valid auc : 0.80721, valid accuracy : 0.76227
0.8063 to 0.8072
test_auc: 0.7988	test_accuracy: 0.7602	test_loss: 0.5025	
Epoch 5/300, loss : 0.49423, auc : 0.79919, accuracy : 0.76283
Epoch 5/300, valid auc : 0.80774, valid accuracy : 0.76309
0.8072 to 0.8077
test_auc: 0.7996	test_accuracy: 0.7608	test_loss: 0.5017	
Epoch 6/300, loss : 0.49320, auc : 0.80013, accuracy : 0.76354
Epoch 6/300, valid auc : 0.80810, valid accuracy : 0.76335
0.8077 to 0.8081
test_auc: 0.8002	test_accuracy: 0.7609	test_loss: 0.5010	
Epoch 7/300, loss : 0.49237, auc : 0.80088, accuracy : 0.76386
Epoch 7/300, valid auc : 0.80836, valid accuracy : 0.76364
0.8081 to 0.8084
test_auc: 0.8007	test_accuracy: 0.7610	test_loss: 0.5004	
Epoch 8/300, loss : 0.49168, auc : 0.80151, accuracy : 0.76431
Epoch 8/300, valid auc : 0.80858, valid accuracy : 0.76341
0.8084 to 0.8086
test_auc: 0.8011	test_accuracy: 0.7613	test_loss: 0.5000	
Epoch 9/300, loss : 0.49108, auc : 0.80205, accuracy : 0.76444
Epoch 9/300, valid auc : 0.80877, valid accuracy : 0.76316
0.8086 to 0.8088
test_auc: 0.8014	test_accuracy: 0.7614	test_loss: 0.4996	
Epoch 10/300, loss : 0.49054, auc : 0.80254, accuracy : 0.76459
Epoch 10/300, valid auc : 0.80894, valid accuracy : 0.76307
0.8088 to 0.8089
test_auc: 0.8018	test_accuracy: 0.7615	test_loss: 0.4992	
Epoch 11/300, loss : 0.49005, auc : 0.80298, accuracy : 0.76482
Epoch 11/300, valid auc : 0.80910, valid accuracy : 0.76307
0.8089 to 0.8091
test_auc: 0.8020	test_accuracy: 0.7618	test_loss: 0.4989	
Epoch 12/300, loss : 0.48959, auc : 0.80339, accuracy : 0.76511
Epoch 12/300, valid auc : 0.80925, valid accuracy : 0.76301
0.8091 to 0.8093
test_auc: 0.8023	test_accuracy: 0.7619	test_loss: 0.4986	
Epoch 13/300, loss : 0.48916, auc : 0.80377, accuracy : 0.76541
Epoch 13/300, valid auc : 0.80941, valid accuracy : 0.76313
0.8093 to 0.8094
test_auc: 0.8025	test_accuracy: 0.7619	test_loss: 0.4983	
Epoch 14/300, loss : 0.48876, auc : 0.80413, accuracy : 0.76572
Epoch 14/300, valid auc : 0.80956, valid accuracy : 0.76332
0.8094 to 0.8096
test_auc: 0.8028	test_accuracy: 0.7620	test_loss: 0.4981	
Epoch 15/300, loss : 0.48838, auc : 0.80447, accuracy : 0.76592
Epoch 15/300, valid auc : 0.80971, valid accuracy : 0.76349
0.8096 to 0.8097
test_auc: 0.8030	test_accuracy: 0.7620	test_loss: 0.4978	
Epoch 16/300, loss : 0.48801, auc : 0.80479, accuracy : 0.76605
Epoch 16/300, valid auc : 0.80985, valid accuracy : 0.76372
0.8097 to 0.8099
test_auc: 0.8032	test_accuracy: 0.7622	test_loss: 0.4976	
Epoch 17/300, loss : 0.48766, auc : 0.80510, accuracy : 0.76610
Epoch 17/300, valid auc : 0.81000, valid accuracy : 0.76385
0.8099 to 0.8100
test_auc: 0.8034	test_accuracy: 0.7623	test_loss: 0.4974	
Epoch 18/300, loss : 0.48731, auc : 0.80540, accuracy : 0.76639
Epoch 18/300, valid auc : 0.81015, valid accuracy : 0.76402
0.8100 to 0.8101
test_auc: 0.8036	test_accuracy: 0.7624	test_loss: 0.4972	
Epoch 19/300, loss : 0.48698, auc : 0.80568, accuracy : 0.76643
Epoch 19/300, valid auc : 0.81028, valid accuracy : 0.76419
0.8101 to 0.8103
test_auc: 0.8037	test_accuracy: 0.7626	test_loss: 0.4970	
Epoch 20/300, loss : 0.48665, auc : 0.80596, accuracy : 0.76640
Epoch 20/300, valid auc : 0.81042, valid accuracy : 0.76417
0.8103 to 0.8104
test_auc: 0.8039	test_accuracy: 0.7626	test_loss: 0.4968	
Epoch 21/300, loss : 0.48634, auc : 0.80623, accuracy : 0.76667
Epoch 21/300, valid auc : 0.81053, valid accuracy : 0.76404
0.8104 to 0.8105
test_auc: 0.8040	test_accuracy: 0.7626	test_loss: 0.4966	
Epoch 22/300, loss : 0.48603, auc : 0.80647, accuracy : 0.76690
Epoch 22/300, valid auc : 0.81066, valid accuracy : 0.76408
0.8105 to 0.8107
test_auc: 0.8042	test_accuracy: 0.7628	test_loss: 0.4964	
Epoch 23/300, loss : 0.48572, auc : 0.80673, accuracy : 0.76702
Epoch 23/300, valid auc : 0.81076, valid accuracy : 0.76425
0.8107 to 0.8108
test_auc: 0.8043	test_accuracy: 0.7629	test_loss: 0.4962	
Epoch 24/300, loss : 0.48544, auc : 0.80695, accuracy : 0.76701
Epoch 24/300, valid auc : 0.81088, valid accuracy : 0.76446
0.8108 to 0.8109
test_auc: 0.8044	test_accuracy: 0.7629	test_loss: 0.4959	
Epoch 25/300, loss : 0.48515, auc : 0.80720, accuracy : 0.76709
Epoch 25/300, valid auc : 0.81096, valid accuracy : 0.76476
0.8109 to 0.8110
test_auc: 0.8046	test_accuracy: 0.7631	test_loss: 0.4957	
Epoch 26/300, loss : 0.48489, auc : 0.80740, accuracy : 0.76721
Epoch 26/300, valid auc : 0.81106, valid accuracy : 0.76484
0.8110 to 0.8111
test_auc: 0.8047	test_accuracy: 0.7630	test_loss: 0.4955	
Epoch 27/300, loss : 0.48460, auc : 0.80760, accuracy : 0.76733
Epoch 27/300, valid auc : 0.81116, valid accuracy : 0.76488
0.8111 to 0.8112
test_auc: 0.8048	test_accuracy: 0.7630	test_loss: 0.4953	
Epoch 28/300, loss : 0.48430, auc : 0.80782, accuracy : 0.76746
Epoch 28/300, valid auc : 0.81124, valid accuracy : 0.76516
0.8112 to 0.8112
test_auc: 0.8049	test_accuracy: 0.7631	test_loss: 0.4951	
Epoch 29/300, loss : 0.48401, auc : 0.80801, accuracy : 0.76760
Epoch 29/300, valid auc : 0.81134, valid accuracy : 0.76516
0.8112 to 0.8113
test_auc: 0.8049	test_accuracy: 0.7632	test_loss: 0.4949	
Epoch 30/300, loss : 0.48372, auc : 0.80821, accuracy : 0.76759
Epoch 30/300, valid auc : 0.81143, valid accuracy : 0.76503
0.8113 to 0.8114
test_auc: 0.8051	test_accuracy: 0.7632	test_loss: 0.4947	
Epoch 31/300, loss : 0.48342, auc : 0.80841, accuracy : 0.76785
Epoch 31/300, valid auc : 0.81151, valid accuracy : 0.76494
0.8114 to 0.8115
test_auc: 0.8051	test_accuracy: 0.7632	test_loss: 0.4945	
Epoch 32/300, loss : 0.48313, auc : 0.80861, accuracy : 0.76772
Epoch 32/300, valid auc : 0.81159, valid accuracy : 0.76505
0.8115 to 0.8116
test_auc: 0.8052	test_accuracy: 0.7632	test_loss: 0.4943	
Epoch 33/300, loss : 0.48286, auc : 0.80877, accuracy : 0.76808
Epoch 33/300, valid auc : 0.81168, valid accuracy : 0.76501
0.8116 to 0.8117
test_auc: 0.8053	test_accuracy: 0.7633	test_loss: 0.4942	
Epoch 34/300, loss : 0.48257, auc : 0.80897, accuracy : 0.76801
Epoch 34/300, valid auc : 0.81176, valid accuracy : 0.76505
0.8117 to 0.8118
test_auc: 0.8053	test_accuracy: 0.7635	test_loss: 0.4940	
Epoch 35/300, loss : 0.48230, auc : 0.80916, accuracy : 0.76824
Epoch 35/300, valid auc : 0.81182, valid accuracy : 0.76522
0.8118 to 0.8118
test_auc: 0.8054	test_accuracy: 0.7635	test_loss: 0.4940	
Epoch 36/300, loss : 0.48203, auc : 0.80936, accuracy : 0.76832
Epoch 36/300, valid auc : 0.81187, valid accuracy : 0.76522
0.8118 to 0.8119
test_auc: 0.8054	test_accuracy: 0.7634	test_loss: 0.4939	
Epoch 37/300, loss : 0.48179, auc : 0.80951, accuracy : 0.76855
Epoch 37/300, valid auc : 0.81192, valid accuracy : 0.76545
0.8119 to 0.8119
test_auc: 0.8054	test_accuracy: 0.7635	test_loss: 0.4938	
Epoch 38/300, loss : 0.48153, auc : 0.80969, accuracy : 0.76858
Epoch 38/300, valid auc : 0.81196, valid accuracy : 0.76547
0.8119 to 0.8120
test_auc: 0.8054	test_accuracy: 0.7636	test_loss: 0.4937	
Epoch 39/300, loss : 0.48129, auc : 0.80985, accuracy : 0.76879
Epoch 39/300, valid auc : 0.81199, valid accuracy : 0.76520
0.8120 to 0.8120
test_auc: 0.8055	test_accuracy: 0.7636	test_loss: 0.4936	
Epoch 40/300, loss : 0.48105, auc : 0.81005, accuracy : 0.76890
Epoch 40/300, valid auc : 0.81199, valid accuracy : 0.76547
0.8120 to 0.8120
test_auc: 0.8055	test_accuracy: 0.7636	test_loss: 0.4935	
Epoch 41/300, loss : 0.48084, auc : 0.81018, accuracy : 0.76890
Epoch 41/300, valid auc : 0.81203, valid accuracy : 0.76545
0.8120 to 0.8120
test_auc: 0.8055	test_accuracy: 0.7637	test_loss: 0.4934	
Epoch 42/300, loss : 0.48060, auc : 0.81036, accuracy : 0.76906
Epoch 42/300, valid auc : 0.81208, valid accuracy : 0.76551
0.8120 to 0.8121
test_auc: 0.8056	test_accuracy: 0.7637	test_loss: 0.4933	
Epoch 43/300, loss : 0.48037, auc : 0.81054, accuracy : 0.76909
Epoch 43/300, valid auc : 0.81208, valid accuracy : 0.76549
0.8121 to 0.8121
test_auc: 0.8056	test_accuracy: 0.7638	test_loss: 0.4932	
Epoch 44/300, loss : 0.48017, auc : 0.81069, accuracy : 0.76913
Epoch 44/300, valid auc : 0.81211, valid accuracy : 0.76574
0.8121 to 0.8121
test_auc: 0.8056	test_accuracy: 0.7637	test_loss: 0.4932	
Epoch 45/300, loss : 0.47995, auc : 0.81085, accuracy : 0.76915
Epoch 45/300, valid auc : 0.81214, valid accuracy : 0.76560
0.8121 to 0.8121
test_auc: 0.8057	test_accuracy: 0.7637	test_loss: 0.4931	
Epoch 46/300, loss : 0.47973, auc : 0.81103, accuracy : 0.76927
Epoch 46/300, valid auc : 0.81215, valid accuracy : 0.76562
0.8121 to 0.8122
test_auc: 0.8057	test_accuracy: 0.7637	test_loss: 0.4930	
Epoch 47/300, loss : 0.47954, auc : 0.81117, accuracy : 0.76936
Epoch 47/300, valid auc : 0.81218, valid accuracy : 0.76547
0.8122 to 0.8122
test_auc: 0.8057	test_accuracy: 0.7639	test_loss: 0.4929	
Epoch 48/300, loss : 0.47933, auc : 0.81134, accuracy : 0.76943
Epoch 48/300, valid auc : 0.81222, valid accuracy : 0.76539
0.8122 to 0.8122
test_auc: 0.8058	test_accuracy: 0.7639	test_loss: 0.4928	
Epoch 49/300, loss : 0.47912, auc : 0.81149, accuracy : 0.76950
Epoch 49/300, valid auc : 0.81224, valid accuracy : 0.76513
0.8122 to 0.8122
test_auc: 0.8058	test_accuracy: 0.7639	test_loss: 0.4928	
Epoch 50/300, loss : 0.47892, auc : 0.81167, accuracy : 0.76951
Epoch 50/300, valid auc : 0.81225, valid accuracy : 0.76547
0.8122 to 0.8123
test_auc: 0.8059	test_accuracy: 0.7641	test_loss: 0.4927	
Epoch 51/300, loss : 0.47875, auc : 0.81179, accuracy : 0.76965
Epoch 51/300, valid auc : 0.81228, valid accuracy : 0.76530
0.8123 to 0.8123
test_auc: 0.8059	test_accuracy: 0.7641	test_loss: 0.4927	
Epoch 52/300, loss : 0.47854, auc : 0.81196, accuracy : 0.76965
Epoch 52/300, valid auc : 0.81234, valid accuracy : 0.76534
0.8123 to 0.8123
test_auc: 0.8059	test_accuracy: 0.7642	test_loss: 0.4926	
Epoch 53/300, loss : 0.47833, auc : 0.81211, accuracy : 0.76980
Epoch 53/300, valid auc : 0.81235, valid accuracy : 0.76530
0.8123 to 0.8124
test_auc: 0.8059	test_accuracy: 0.7642	test_loss: 0.4926	
Epoch 54/300, loss : 0.47815, auc : 0.81226, accuracy : 0.76980
Epoch 54/300, valid auc : 0.81239, valid accuracy : 0.76537
0.8124 to 0.8124
test_auc: 0.8060	test_accuracy: 0.7641	test_loss: 0.4926	
Epoch 55/300, loss : 0.47795, auc : 0.81241, accuracy : 0.77003
Epoch 55/300, valid auc : 0.81241, valid accuracy : 0.76534
0.8124 to 0.8124
test_auc: 0.8060	test_accuracy: 0.7642	test_loss: 0.4926	
Epoch 56/300, loss : 0.47778, auc : 0.81256, accuracy : 0.77007
Epoch 56/300, valid auc : 0.81245, valid accuracy : 0.76556
0.8124 to 0.8125
test_auc: 0.8060	test_accuracy: 0.7639	test_loss: 0.4925	
Epoch 57/300, loss : 0.47758, auc : 0.81273, accuracy : 0.77022
Epoch 57/300, valid auc : 0.81247, valid accuracy : 0.76553
0.8125 to 0.8125
test_auc: 0.8060	test_accuracy: 0.7639	test_loss: 0.4925	
Epoch 58/300, loss : 0.47741, auc : 0.81287, accuracy : 0.77015
Epoch 58/300, valid auc : 0.81250, valid accuracy : 0.76564
0.8125 to 0.8125
test_auc: 0.8061	test_accuracy: 0.7637	test_loss: 0.4924	
Epoch 59/300, loss : 0.47722, auc : 0.81302, accuracy : 0.77029
Epoch 59/300, valid auc : 0.81254, valid accuracy : 0.76556
0.8125 to 0.8125
test_auc: 0.8061	test_accuracy: 0.7640	test_loss: 0.4924	
Epoch 60/300, loss : 0.47705, auc : 0.81316, accuracy : 0.77032
Epoch 60/300, valid auc : 0.81255, valid accuracy : 0.76566
0.8125 to 0.8126
test_auc: 0.8061	test_accuracy: 0.7637	test_loss: 0.4923	
Epoch 61/300, loss : 0.47689, auc : 0.81330, accuracy : 0.77041
Epoch 61/300, valid auc : 0.81262, valid accuracy : 0.76524
0.8126 to 0.8126
test_auc: 0.8061	test_accuracy: 0.7640	test_loss: 0.4924	
Epoch 62/300, loss : 0.47669, auc : 0.81346, accuracy : 0.77039
Epoch 62/300, valid auc : 0.81261, valid accuracy : 0.76537
Epoch 63/300, loss : 0.47652, auc : 0.81360, accuracy : 0.77048
Epoch 63/300, valid auc : 0.81264, valid accuracy : 0.76524
0.8126 to 0.8126
test_auc: 0.8062	test_accuracy: 0.7638	test_loss: 0.4924	
Epoch 64/300, loss : 0.47635, auc : 0.81374, accuracy : 0.77053
Epoch 64/300, valid auc : 0.81266, valid accuracy : 0.76532
0.8126 to 0.8127
test_auc: 0.8062	test_accuracy: 0.7636	test_loss: 0.4922	
Epoch 65/300, loss : 0.47618, auc : 0.81387, accuracy : 0.77058
Epoch 65/300, valid auc : 0.81271, valid accuracy : 0.76499
0.8127 to 0.8127
test_auc: 0.8062	test_accuracy: 0.7637	test_loss: 0.4923	
Epoch 66/300, loss : 0.47600, auc : 0.81403, accuracy : 0.77068
Epoch 66/300, valid auc : 0.81270, valid accuracy : 0.76505
Epoch 67/300, loss : 0.47586, auc : 0.81415, accuracy : 0.77082
Epoch 67/300, valid auc : 0.81278, valid accuracy : 0.76509
0.8127 to 0.8128
test_auc: 0.8063	test_accuracy: 0.7639	test_loss: 0.4922	
Epoch 68/300, loss : 0.47571, auc : 0.81424, accuracy : 0.77082
Epoch 68/300, valid auc : 0.81275, valid accuracy : 0.76503
Epoch 69/300, loss : 0.47550, auc : 0.81442, accuracy : 0.77079
Epoch 69/300, valid auc : 0.81279, valid accuracy : 0.76499
0.8128 to 0.8128
test_auc: 0.8063	test_accuracy: 0.7636	test_loss: 0.4922	
Epoch 70/300, loss : 0.47533, auc : 0.81457, accuracy : 0.77088
Epoch 70/300, valid auc : 0.81278, valid accuracy : 0.76492
Epoch 71/300, loss : 0.47517, auc : 0.81469, accuracy : 0.77079
Epoch 71/300, valid auc : 0.81282, valid accuracy : 0.76480
0.8128 to 0.8128
test_auc: 0.8064	test_accuracy: 0.7638	test_loss: 0.4921	
Epoch 72/300, loss : 0.47501, auc : 0.81482, accuracy : 0.77114
Epoch 72/300, valid auc : 0.81280, valid accuracy : 0.76465
Epoch 73/300, loss : 0.47482, auc : 0.81496, accuracy : 0.77095
Epoch 73/300, valid auc : 0.81284, valid accuracy : 0.76446
0.8128 to 0.8128
test_auc: 0.8064	test_accuracy: 0.7636	test_loss: 0.4921	
Epoch 74/300, loss : 0.47471, auc : 0.81506, accuracy : 0.77116
Epoch 74/300, valid auc : 0.81284, valid accuracy : 0.76469
Epoch 75/300, loss : 0.47457, auc : 0.81515, accuracy : 0.77102
Epoch 75/300, valid auc : 0.81289, valid accuracy : 0.76467
0.8128 to 0.8129
test_auc: 0.8065	test_accuracy: 0.7638	test_loss: 0.4921	
Epoch 76/300, loss : 0.47436, auc : 0.81533, accuracy : 0.77124
Epoch 76/300, valid auc : 0.81290, valid accuracy : 0.76473
0.8129 to 0.8129
test_auc: 0.8066	test_accuracy: 0.7639	test_loss: 0.4919	
Epoch 77/300, loss : 0.47422, auc : 0.81544, accuracy : 0.77114
Epoch 77/300, valid auc : 0.81287, valid accuracy : 0.76478
Epoch 78/300, loss : 0.47402, auc : 0.81560, accuracy : 0.77123
Epoch 78/300, valid auc : 0.81286, valid accuracy : 0.76469
Epoch 79/300, loss : 0.47384, auc : 0.81574, accuracy : 0.77135
Epoch 79/300, valid auc : 0.81290, valid accuracy : 0.76469
0.8129 to 0.8129
test_auc: 0.8066	test_accuracy: 0.7635	test_loss: 0.4920	
Epoch 80/300, loss : 0.47371, auc : 0.81585, accuracy : 0.77143
Epoch 80/300, valid auc : 0.81286, valid accuracy : 0.76448
Epoch 81/300, loss : 0.47358, auc : 0.81598, accuracy : 0.77175
Epoch 81/300, valid auc : 0.81295, valid accuracy : 0.76448
0.8129 to 0.8130
test_auc: 0.8067	test_accuracy: 0.7636	test_loss: 0.4919	
Epoch 82/300, loss : 0.47342, auc : 0.81611, accuracy : 0.77136
Epoch 82/300, valid auc : 0.81286, valid accuracy : 0.76459
Epoch 83/300, loss : 0.47324, auc : 0.81625, accuracy : 0.77161
Epoch 83/300, valid auc : 0.81289, valid accuracy : 0.76478
Epoch 84/300, loss : 0.47311, auc : 0.81636, accuracy : 0.77169
Epoch 84/300, valid auc : 0.81287, valid accuracy : 0.76454
Epoch 85/300, loss : 0.47291, auc : 0.81650, accuracy : 0.77174
Epoch 85/300, valid auc : 0.81290, valid accuracy : 0.76471
Epoch 86/300, loss : 0.47277, auc : 0.81660, accuracy : 0.77193
Epoch 86/300, valid auc : 0.81282, valid accuracy : 0.76473
Epoch 87/300, loss : 0.47258, auc : 0.81676, accuracy : 0.77192
Epoch 87/300, valid auc : 0.81280, valid accuracy : 0.76484
Epoch 88/300, loss : 0.47256, auc : 0.81682, accuracy : 0.77173
Epoch 88/300, valid auc : 0.81280, valid accuracy : 0.76505
Epoch 89/300, loss : 0.47236, auc : 0.81699, accuracy : 0.77212
Epoch 89/300, valid auc : 0.81288, valid accuracy : 0.76513
Epoch 90/300, loss : 0.47235, auc : 0.81702, accuracy : 0.77207
Epoch 90/300, valid auc : 0.81288, valid accuracy : 0.76471
Epoch 91/300, loss : 0.47209, auc : 0.81722, accuracy : 0.77209
Epoch 91/300, valid auc : 0.81277, valid accuracy : 0.76509
Epoch 92/300, loss : 0.47193, auc : 0.81731, accuracy : 0.77240
Epoch 92/300, valid auc : 0.81282, valid accuracy : 0.76492
Epoch 93/300, loss : 0.47171, auc : 0.81748, accuracy : 0.77228
Epoch 93/300, valid auc : 0.81279, valid accuracy : 0.76499
Epoch 94/300, loss : 0.47159, auc : 0.81762, accuracy : 0.77238
Epoch 94/300, valid auc : 0.81287, valid accuracy : 0.76463
Epoch 95/300, loss : 0.47145, auc : 0.81771, accuracy : 0.77244
Epoch 95/300, valid auc : 0.81288, valid accuracy : 0.76539
Epoch 96/300, loss : 0.47131, auc : 0.81783, accuracy : 0.77248
Epoch 96/300, valid auc : 0.81298, valid accuracy : 0.76442
0.8130 to 0.8130
test_auc: 0.8069	test_accuracy: 0.7636	test_loss: 0.4917	
Epoch 97/300, loss : 0.47130, auc : 0.81789, accuracy : 0.77248
Epoch 97/300, valid auc : 0.81297, valid accuracy : 0.76532
Epoch 98/300, loss : 0.47096, auc : 0.81809, accuracy : 0.77255
Epoch 98/300, valid auc : 0.81285, valid accuracy : 0.76511
Epoch 99/300, loss : 0.47083, auc : 0.81821, accuracy : 0.77245
Epoch 99/300, valid auc : 0.81299, valid accuracy : 0.76465
0.8130 to 0.8130
test_auc: 0.8070	test_accuracy: 0.7635	test_loss: 0.4918	
Epoch 100/300, loss : 0.47070, auc : 0.81833, accuracy : 0.77264
Epoch 100/300, valid auc : 0.81283, valid accuracy : 0.76532
Epoch 101/300, loss : 0.47053, auc : 0.81841, accuracy : 0.77282
Epoch 101/300, valid auc : 0.81293, valid accuracy : 0.76471
Epoch 102/300, loss : 0.47051, auc : 0.81850, accuracy : 0.77276
Epoch 102/300, valid auc : 0.81304, valid accuracy : 0.76484
0.8130 to 0.8130
test_auc: 0.8071	test_accuracy: 0.7637	test_loss: 0.4921	
Epoch 103/300, loss : 0.47020, auc : 0.81870, accuracy : 0.77283
Epoch 103/300, valid auc : 0.81285, valid accuracy : 0.76488
Epoch 104/300, loss : 0.47007, auc : 0.81881, accuracy : 0.77295
Epoch 104/300, valid auc : 0.81283, valid accuracy : 0.76436
Epoch 105/300, loss : 0.46987, auc : 0.81897, accuracy : 0.77315
Epoch 105/300, valid auc : 0.81281, valid accuracy : 0.76459
Epoch 106/300, loss : 0.46977, auc : 0.81909, accuracy : 0.77307
Epoch 106/300, valid auc : 0.81285, valid accuracy : 0.76473
Epoch 107/300, loss : 0.46978, auc : 0.81913, accuracy : 0.77308
Epoch 107/300, valid auc : 0.81289, valid accuracy : 0.76484
Epoch 108/300, loss : 0.46947, auc : 0.81930, accuracy : 0.77340
Epoch 108/300, valid auc : 0.81286, valid accuracy : 0.76446
Epoch 109/300, loss : 0.46930, auc : 0.81943, accuracy : 0.77336
Epoch 109/300, valid auc : 0.81270, valid accuracy : 0.76454
Epoch 110/300, loss : 0.46936, auc : 0.81948, accuracy : 0.77318
Epoch 110/300, valid auc : 0.81300, valid accuracy : 0.76492
Epoch 111/300, loss : 0.46914, auc : 0.81974, accuracy : 0.77348
Epoch 111/300, valid auc : 0.81304, valid accuracy : 0.76446
Epoch 112/300, loss : 0.47047, auc : 0.81894, accuracy : 0.77280
Epoch 112/300, valid auc : 0.81308, valid accuracy : 0.76497
0.8130 to 0.8131
test_auc: 0.8075	test_accuracy: 0.7641	test_loss: 0.4914	
Epoch 113/300, loss : 0.46899, auc : 0.81989, accuracy : 0.77377
Epoch 113/300, valid auc : 0.81307, valid accuracy : 0.76463
Epoch 114/300, loss : 0.46861, auc : 0.82010, accuracy : 0.77389
Epoch 114/300, valid auc : 0.81287, valid accuracy : 0.76469
Epoch 115/300, loss : 0.46847, auc : 0.82012, accuracy : 0.77380
Epoch 115/300, valid auc : 0.81280, valid accuracy : 0.76440
Epoch 116/300, loss : 0.46836, auc : 0.82030, accuracy : 0.77379
Epoch 116/300, valid auc : 0.81291, valid accuracy : 0.76476
Epoch 117/300, loss : 0.46811, auc : 0.82040, accuracy : 0.77378
Epoch 117/300, valid auc : 0.81276, valid accuracy : 0.76446
Epoch 118/300, loss : 0.46806, auc : 0.82053, accuracy : 0.77392
Epoch 118/300, valid auc : 0.81303, valid accuracy : 0.76499
Epoch 119/300, loss : 0.46785, auc : 0.82060, accuracy : 0.77384
Epoch 119/300, valid auc : 0.81275, valid accuracy : 0.76516
Epoch 120/300, loss : 0.46763, auc : 0.82083, accuracy : 0.77420
Epoch 120/300, valid auc : 0.81273, valid accuracy : 0.76444
Epoch 121/300, loss : 0.46770, auc : 0.82079, accuracy : 0.77430
Epoch 121/300, valid auc : 0.81292, valid accuracy : 0.76457
Epoch 122/300, loss : 0.46963, auc : 0.81982, accuracy : 0.77356
Epoch 122/300, valid auc : 0.81310, valid accuracy : 0.76494
0.8131 to 0.8131
test_auc: 0.8076	test_accuracy: 0.7643	test_loss: 0.4913	
Epoch 123/300, loss : 0.46749, auc : 0.82097, accuracy : 0.77433
Epoch 123/300, valid auc : 0.81287, valid accuracy : 0.76478
Epoch 124/300, loss : 0.46715, auc : 0.82123, accuracy : 0.77449
Epoch 124/300, valid auc : 0.81275, valid accuracy : 0.76425
Epoch 125/300, loss : 0.46697, auc : 0.82137, accuracy : 0.77450
Epoch 125/300, valid auc : 0.81270, valid accuracy : 0.76406
Epoch 126/300, loss : 0.46690, auc : 0.82134, accuracy : 0.77420
Epoch 126/300, valid auc : 0.81252, valid accuracy : 0.76393
Epoch 127/300, loss : 0.46662, auc : 0.82159, accuracy : 0.77483
Epoch 127/300, valid auc : 0.81258, valid accuracy : 0.76372
Epoch 128/300, loss : 0.46658, auc : 0.82165, accuracy : 0.77503
Epoch 128/300, valid auc : 0.81271, valid accuracy : 0.76391
Epoch 129/300, loss : 0.46660, auc : 0.82148, accuracy : 0.77470
Epoch 129/300, valid auc : 0.81245, valid accuracy : 0.76404
Epoch 130/300, loss : 0.46621, auc : 0.82187, accuracy : 0.77514
Epoch 130/300, valid auc : 0.81254, valid accuracy : 0.76316
Epoch 131/300, loss : 0.46624, auc : 0.82194, accuracy : 0.77517
Epoch 131/300, valid auc : 0.81267, valid accuracy : 0.76377
Epoch 132/300, loss : 0.46610, auc : 0.82186, accuracy : 0.77504
Epoch 132/300, valid auc : 0.81197, valid accuracy : 0.76316
Epoch 133/300, loss : 0.46604, auc : 0.82205, accuracy : 0.77504
Epoch 133/300, valid auc : 0.81230, valid accuracy : 0.76307
Epoch 134/300, loss : 0.46584, auc : 0.82217, accuracy : 0.77535
Epoch 134/300, valid auc : 0.81215, valid accuracy : 0.76377
Epoch 135/300, loss : 0.46723, auc : 0.82162, accuracy : 0.77505
Epoch 135/300, valid auc : 0.81236, valid accuracy : 0.76330
Epoch 136/300, loss : 0.46557, auc : 0.82245, accuracy : 0.77531
Epoch 136/300, valid auc : 0.81232, valid accuracy : 0.76263
Epoch 137/300, loss : 0.46541, auc : 0.82250, accuracy : 0.77528
Epoch 137/300, valid auc : 0.81241, valid accuracy : 0.76358
Epoch 138/300, loss : 0.46530, auc : 0.82245, accuracy : 0.77537
Epoch 138/300, valid auc : 0.81210, valid accuracy : 0.76305
Epoch 139/300, loss : 0.46501, auc : 0.82280, accuracy : 0.77556
Epoch 139/300, valid auc : 0.81218, valid accuracy : 0.76313
Epoch 140/300, loss : 0.46489, auc : 0.82288, accuracy : 0.77552
Epoch 140/300, valid auc : 0.81153, valid accuracy : 0.76364
Epoch 141/300, loss : 0.46531, auc : 0.82267, accuracy : 0.77528
Epoch 141/300, valid auc : 0.81218, valid accuracy : 0.76233
Epoch 142/300, loss : 0.46465, auc : 0.82304, accuracy : 0.77563
Epoch 142/300, valid auc : 0.81181, valid accuracy : 0.76286
Epoch 143/300, loss : 0.46448, auc : 0.82321, accuracy : 0.77585
Epoch 143/300, valid auc : 0.81191, valid accuracy : 0.76299
Epoch 144/300, loss : 0.46431, auc : 0.82318, accuracy : 0.77570
Epoch 144/300, valid auc : 0.81163, valid accuracy : 0.76299
Epoch 145/300, loss : 0.46445, auc : 0.82329, accuracy : 0.77588
Epoch 145/300, valid auc : 0.81187, valid accuracy : 0.76320
Epoch 146/300, loss : 0.46417, auc : 0.82332, accuracy : 0.77570
Epoch 146/300, valid auc : 0.81135, valid accuracy : 0.76299
Epoch 147/300, loss : 0.46418, auc : 0.82329, accuracy : 0.77611
Epoch 147/300, valid auc : 0.81142, valid accuracy : 0.76242
Epoch 148/300, loss : 0.46416, auc : 0.82340, accuracy : 0.77568
Epoch 148/300, valid auc : 0.81171, valid accuracy : 0.76292
Epoch 149/300, loss : 0.46369, auc : 0.82372, accuracy : 0.77609
Epoch 149/300, valid auc : 0.81140, valid accuracy : 0.76299
Epoch 150/300, loss : 0.46352, auc : 0.82374, accuracy : 0.77611
Epoch 150/300, valid auc : 0.81125, valid accuracy : 0.76284
Epoch 151/300, loss : 0.46343, auc : 0.82389, accuracy : 0.77609
Epoch 151/300, valid auc : 0.81137, valid accuracy : 0.76286
Epoch 152/300, loss : 0.46321, auc : 0.82398, accuracy : 0.77632
Epoch 152/300, valid auc : 0.81106, valid accuracy : 0.76246
Epoch 153/300, loss : 0.46322, auc : 0.82399, accuracy : 0.77637
Epoch 153/300, valid auc : 0.81116, valid accuracy : 0.76187
Epoch 154/300, loss : 0.46386, auc : 0.82384, accuracy : 0.77664
Epoch 154/300, valid auc : 0.81141, valid accuracy : 0.76265
Epoch 155/300, loss : 0.46309, auc : 0.82422, accuracy : 0.77626
Epoch 155/300, valid auc : 0.81133, valid accuracy : 0.76238
Epoch 156/300, loss : 0.46272, auc : 0.82449, accuracy : 0.77669
Epoch 156/300, valid auc : 0.81049, valid accuracy : 0.76265
Epoch 157/300, loss : 0.46246, auc : 0.82456, accuracy : 0.77640
Epoch 157/300, valid auc : 0.81080, valid accuracy : 0.76309
Epoch 158/300, loss : 0.46253, auc : 0.82458, accuracy : 0.77677
Epoch 158/300, valid auc : 0.81062, valid accuracy : 0.76215
Epoch 159/300, loss : 0.46265, auc : 0.82445, accuracy : 0.77686
Epoch 159/300, valid auc : 0.81102, valid accuracy : 0.76223
Epoch 160/300, loss : 0.46229, auc : 0.82469, accuracy : 0.77680
Epoch 160/300, valid auc : 0.81065, valid accuracy : 0.76269
Epoch 161/300, loss : 0.46192, auc : 0.82502, accuracy : 0.77676
Epoch 161/300, valid auc : 0.80997, valid accuracy : 0.76223
Epoch 162/300, loss : 0.46342, auc : 0.82420, accuracy : 0.77630
Epoch 162/300, valid auc : 0.81123, valid accuracy : 0.76248
Epoch 163/300, loss : 0.46196, auc : 0.82499, accuracy : 0.77668
Epoch 163/300, valid auc : 0.81073, valid accuracy : 0.76172
Epoch 164/300, loss : 0.46175, auc : 0.82514, accuracy : 0.77716
Epoch 164/300, valid auc : 0.81056, valid accuracy : 0.76181
Epoch 165/300, loss : 0.46158, auc : 0.82526, accuracy : 0.77703
Epoch 165/300, valid auc : 0.81045, valid accuracy : 0.76236
Epoch 166/300, loss : 0.46160, auc : 0.82513, accuracy : 0.77699
Epoch 166/300, valid auc : 0.81023, valid accuracy : 0.76198
Epoch 167/300, loss : 0.46118, auc : 0.82548, accuracy : 0.77727
Epoch 167/300, valid auc : 0.80999, valid accuracy : 0.76200
Epoch 168/300, loss : 0.46113, auc : 0.82549, accuracy : 0.77717
Epoch 168/300, valid auc : 0.80987, valid accuracy : 0.76198
Epoch 169/300, loss : 0.46077, auc : 0.82574, accuracy : 0.77755
Epoch 169/300, valid auc : 0.80990, valid accuracy : 0.76198
Epoch 170/300, loss : 0.46082, auc : 0.82571, accuracy : 0.77745
Epoch 170/300, valid auc : 0.80964, valid accuracy : 0.76120
Epoch 171/300, loss : 0.46105, auc : 0.82554, accuracy : 0.77737
Epoch 171/300, valid auc : 0.81032, valid accuracy : 0.76259
Epoch 172/300, loss : 0.46085, auc : 0.82564, accuracy : 0.77732
Epoch 172/300, valid auc : 0.80976, valid accuracy : 0.76156
Epoch 173/300, loss : 0.46035, auc : 0.82606, accuracy : 0.77751
Epoch 173/300, valid auc : 0.80981, valid accuracy : 0.76166
Epoch 174/300, loss : 0.46045, auc : 0.82594, accuracy : 0.77773
Epoch 174/300, valid auc : 0.80967, valid accuracy : 0.76153
Epoch 175/300, loss : 0.46020, auc : 0.82619, accuracy : 0.77776
Epoch 175/300, valid auc : 0.78785, valid accuracy : 0.74489
Epoch 176/300, loss : 0.48088, auc : 0.80936, accuracy : 0.76734
Epoch 176/300, valid auc : 0.81095, valid accuracy : 0.76534
Epoch 177/300, loss : 0.47174, auc : 0.81864, accuracy : 0.77257
Epoch 177/300, valid auc : 0.81173, valid accuracy : 0.76534
Epoch 178/300, loss : 0.46959, auc : 0.82044, accuracy : 0.77368
Epoch 178/300, valid auc : 0.81227, valid accuracy : 0.76497
Epoch 179/300, loss : 0.46848, auc : 0.82132, accuracy : 0.77404
Epoch 179/300, valid auc : 0.81245, valid accuracy : 0.76471
Epoch 180/300, loss : 0.46770, auc : 0.82190, accuracy : 0.77443
Epoch 180/300, valid auc : 0.81254, valid accuracy : 0.76490
Epoch 181/300, loss : 0.46708, auc : 0.82233, accuracy : 0.77473
Epoch 181/300, valid auc : 0.81255, valid accuracy : 0.76440
Epoch 182/300, loss : 0.46656, auc : 0.82268, accuracy : 0.77492
Epoch 182/300, valid auc : 0.81251, valid accuracy : 0.76463
Epoch 183/300, loss : 0.46605, auc : 0.82305, accuracy : 0.77517
Epoch 183/300, valid auc : 0.81255, valid accuracy : 0.76444
Epoch 184/300, loss : 0.46561, auc : 0.82335, accuracy : 0.77538
Epoch 184/300, valid auc : 0.81248, valid accuracy : 0.76440
Epoch 185/300, loss : 0.46520, auc : 0.82362, accuracy : 0.77546
Epoch 185/300, valid auc : 0.81239, valid accuracy : 0.76414
Epoch 186/300, loss : 0.46481, auc : 0.82385, accuracy : 0.77556
Epoch 186/300, valid auc : 0.81228, valid accuracy : 0.76425
Epoch 187/300, loss : 0.46443, auc : 0.82408, accuracy : 0.77579
Epoch 187/300, valid auc : 0.81222, valid accuracy : 0.76402
Epoch 188/300, loss : 0.46407, auc : 0.82428, accuracy : 0.77605
Epoch 188/300, valid auc : 0.81215, valid accuracy : 0.76372
Epoch 189/300, loss : 0.46371, auc : 0.82450, accuracy : 0.77613
Epoch 189/300, valid auc : 0.81210, valid accuracy : 0.76381
Epoch 190/300, loss : 0.46335, auc : 0.82475, accuracy : 0.77630
Epoch 190/300, valid auc : 0.81205, valid accuracy : 0.76347
Epoch 191/300, loss : 0.46299, auc : 0.82499, accuracy : 0.77630
Epoch 191/300, valid auc : 0.81192, valid accuracy : 0.76349
Epoch 192/300, loss : 0.46265, auc : 0.82519, accuracy : 0.77646
Epoch 192/300, valid auc : 0.81179, valid accuracy : 0.76364
Epoch 193/300, loss : 0.46235, auc : 0.82536, accuracy : 0.77664
Epoch 193/300, valid auc : 0.81165, valid accuracy : 0.76360
Epoch 194/300, loss : 0.46205, auc : 0.82555, accuracy : 0.77685
Epoch 194/300, valid auc : 0.81151, valid accuracy : 0.76356
Epoch 195/300, loss : 0.46171, auc : 0.82578, accuracy : 0.77726
Epoch 195/300, valid auc : 0.81139, valid accuracy : 0.76387
Epoch 196/300, loss : 0.46139, auc : 0.82596, accuracy : 0.77722
Epoch 196/300, valid auc : 0.81117, valid accuracy : 0.76356
Epoch 197/300, loss : 0.46109, auc : 0.82616, accuracy : 0.77739
Epoch 197/300, valid auc : 0.81111, valid accuracy : 0.76353
Epoch 198/300, loss : 0.46077, auc : 0.82636, accuracy : 0.77740
Epoch 198/300, valid auc : 0.81115, valid accuracy : 0.76328
Epoch 199/300, loss : 0.46056, auc : 0.82647, accuracy : 0.77744
Epoch 199/300, valid auc : 0.81095, valid accuracy : 0.76280
Epoch 200/300, loss : 0.46032, auc : 0.82662, accuracy : 0.77759
Epoch 200/300, valid auc : 0.81060, valid accuracy : 0.76261
Epoch 201/300, loss : 0.46018, auc : 0.82677, accuracy : 0.77750
Epoch 201/300, valid auc : 0.81098, valid accuracy : 0.76307
Epoch 202/300, loss : 0.45989, auc : 0.82694, accuracy : 0.77760
Epoch 202/300, valid auc : 0.81037, valid accuracy : 0.76219
Epoch 203/300, loss : 0.45973, auc : 0.82703, accuracy : 0.77766
Epoch 203/300, valid auc : 0.81060, valid accuracy : 0.76246
Epoch 204/300, loss : 0.45942, auc : 0.82729, accuracy : 0.77778
Epoch 204/300, valid auc : 0.81051, valid accuracy : 0.76242
Epoch 205/300, loss : 0.45923, auc : 0.82739, accuracy : 0.77787
Epoch 205/300, valid auc : 0.81030, valid accuracy : 0.76240
Epoch 206/300, loss : 0.45905, auc : 0.82747, accuracy : 0.77778
Epoch 206/300, valid auc : 0.81018, valid accuracy : 0.76238
Epoch 207/300, loss : 0.45879, auc : 0.82768, accuracy : 0.77812
Epoch 207/300, valid auc : 0.81010, valid accuracy : 0.76261
Epoch 208/300, loss : 0.45859, auc : 0.82781, accuracy : 0.77820
Epoch 208/300, valid auc : 0.81003, valid accuracy : 0.76261
Epoch 209/300, loss : 0.45842, auc : 0.82793, accuracy : 0.77820
Epoch 209/300, valid auc : 0.80975, valid accuracy : 0.76236
Epoch 210/300, loss : 0.45831, auc : 0.82803, accuracy : 0.77830
Epoch 210/300, valid auc : 0.80994, valid accuracy : 0.76259
Epoch 211/300, loss : 0.45847, auc : 0.82780, accuracy : 0.77839
Epoch 211/300, valid auc : 0.80953, valid accuracy : 0.76290
Epoch 212/300, loss : 0.45849, auc : 0.82758, accuracy : 0.77805
Epoch 212/300, valid auc : 0.80993, valid accuracy : 0.76233
Epoch 213/300, loss : 0.45776, auc : 0.82837, accuracy : 0.77843
Epoch 213/300, valid auc : 0.80977, valid accuracy : 0.76240
Epoch 214/300, loss : 0.45766, auc : 0.82844, accuracy : 0.77836
Epoch 214/300, valid auc : 0.80946, valid accuracy : 0.76193
Epoch 215/300, loss : 0.45758, auc : 0.82840, accuracy : 0.77840
Epoch 215/300, valid auc : 0.80944, valid accuracy : 0.76200
Epoch 216/300, loss : 0.45727, auc : 0.82865, accuracy : 0.77862
Epoch 216/300, valid auc : 0.80917, valid accuracy : 0.76187
Epoch 217/300, loss : 0.45724, auc : 0.82865, accuracy : 0.77858
Epoch 217/300, valid auc : 0.80880, valid accuracy : 0.76183
Epoch 218/300, loss : 0.45744, auc : 0.82846, accuracy : 0.77866
Epoch 218/300, valid auc : 0.80928, valid accuracy : 0.76168
Epoch 219/300, loss : 0.45705, auc : 0.82872, accuracy : 0.77902
Epoch 219/300, valid auc : 0.80859, valid accuracy : 0.76139
Epoch 220/300, loss : 0.45699, auc : 0.82866, accuracy : 0.77852
Epoch 220/300, valid auc : 0.80869, valid accuracy : 0.76055
Epoch 221/300, loss : 0.45676, auc : 0.82898, accuracy : 0.77894
Epoch 221/300, valid auc : 0.80863, valid accuracy : 0.76122
Epoch 222/300, loss : 0.45683, auc : 0.82900, accuracy : 0.77875
Epoch 222/300, valid auc : 0.80819, valid accuracy : 0.76031
Epoch 223/300, loss : 0.45670, auc : 0.82890, accuracy : 0.77861
Epoch 223/300, valid auc : 0.80900, valid accuracy : 0.76158
Epoch 224/300, loss : 0.45630, auc : 0.82930, accuracy : 0.77900
Epoch 224/300, valid auc : 0.80853, valid accuracy : 0.76050
Epoch 225/300, loss : 0.45619, auc : 0.82935, accuracy : 0.77907
Epoch 225/300, valid auc : 0.80858, valid accuracy : 0.76071
Epoch 226/300, loss : 0.45590, auc : 0.82946, accuracy : 0.77877
Epoch 226/300, valid auc : 0.80814, valid accuracy : 0.76061
Epoch 227/300, loss : 0.45570, auc : 0.82945, accuracy : 0.77902
Epoch 227/300, valid auc : 0.80764, valid accuracy : 0.75970
Epoch 228/300, loss : 0.45550, auc : 0.82977, accuracy : 0.77885
Epoch 228/300, valid auc : 0.80814, valid accuracy : 0.76069
Epoch 229/300, loss : 0.45552, auc : 0.82976, accuracy : 0.77902
Epoch 229/300, valid auc : 0.80763, valid accuracy : 0.75964
Epoch 230/300, loss : 0.45534, auc : 0.82978, accuracy : 0.77952
Epoch 230/300, valid auc : 0.80722, valid accuracy : 0.75956
Epoch 231/300, loss : 0.45530, auc : 0.82982, accuracy : 0.77898
Epoch 231/300, valid auc : 0.80765, valid accuracy : 0.76078
Epoch 232/300, loss : 0.45498, auc : 0.83016, accuracy : 0.77921
Epoch 232/300, valid auc : 0.80765, valid accuracy : 0.76010
Epoch 233/300, loss : 0.45480, auc : 0.83023, accuracy : 0.77966
Epoch 233/300, valid auc : 0.80704, valid accuracy : 0.75956
Epoch 234/300, loss : 0.45467, auc : 0.83022, accuracy : 0.77964
Epoch 234/300, valid auc : 0.80752, valid accuracy : 0.75951
Epoch 235/300, loss : 0.45460, auc : 0.83039, accuracy : 0.77974
Epoch 235/300, valid auc : 0.80741, valid accuracy : 0.75998
Epoch 236/300, loss : 0.45432, auc : 0.83042, accuracy : 0.77970
Epoch 236/300, valid auc : 0.80654, valid accuracy : 0.75905
Epoch 237/300, loss : 0.45481, auc : 0.83011, accuracy : 0.77947
Epoch 237/300, valid auc : 0.80787, valid accuracy : 0.76050
Epoch 238/300, loss : 0.45424, auc : 0.83069, accuracy : 0.77977
Epoch 238/300, valid auc : 0.80705, valid accuracy : 0.75943
Epoch 239/300, loss : 0.45491, auc : 0.83011, accuracy : 0.77937
Epoch 239/300, valid auc : 0.80725, valid accuracy : 0.75991
Epoch 240/300, loss : 0.45386, auc : 0.83090, accuracy : 0.77971
Epoch 240/300, valid auc : 0.80701, valid accuracy : 0.75911
Epoch 241/300, loss : 0.45369, auc : 0.83086, accuracy : 0.77975
Epoch 241/300, valid auc : 0.80618, valid accuracy : 0.75918
Epoch 242/300, loss : 0.45825, auc : 0.82639, accuracy : 0.77797
Epoch 242/300, valid auc : 0.80715, valid accuracy : 0.75966
Epoch 243/300, loss : 0.45519, auc : 0.82921, accuracy : 0.77953
Epoch 243/300, valid auc : 0.80698, valid accuracy : 0.75880
Epoch 244/300, loss : 0.45427, auc : 0.83024, accuracy : 0.77976
Epoch 244/300, valid auc : 0.80663, valid accuracy : 0.75855
Epoch 245/300, loss : 0.45359, auc : 0.83082, accuracy : 0.77999
Epoch 245/300, valid auc : 0.80633, valid accuracy : 0.75859
Epoch 246/300, loss : 0.45510, auc : 0.83044, accuracy : 0.77976
Epoch 246/300, valid auc : 0.80690, valid accuracy : 0.75958
Epoch 247/300, loss : 0.45321, auc : 0.83134, accuracy : 0.78025
Epoch 247/300, valid auc : 0.80611, valid accuracy : 0.75773
Epoch 248/300, loss : 0.45286, auc : 0.83149, accuracy : 0.78045
Epoch 248/300, valid auc : 0.80621, valid accuracy : 0.75770
Epoch 249/300, loss : 0.45259, auc : 0.83166, accuracy : 0.78054
Epoch 249/300, valid auc : 0.80650, valid accuracy : 0.75897
Epoch 250/300, loss : 0.45251, auc : 0.83163, accuracy : 0.78052
Epoch 250/300, valid auc : 0.80581, valid accuracy : 0.75829
Epoch 251/300, loss : 0.45222, auc : 0.83180, accuracy : 0.78092
Epoch 251/300, valid auc : 0.80559, valid accuracy : 0.75821
Epoch 252/300, loss : 0.45192, auc : 0.83202, accuracy : 0.78059
Epoch 252/300, valid auc : 0.80498, valid accuracy : 0.75701
Epoch 253/300, loss : 0.45198, auc : 0.83192, accuracy : 0.78052
Epoch 253/300, valid auc : 0.80596, valid accuracy : 0.75827
Epoch 254/300, loss : 0.45228, auc : 0.83184, accuracy : 0.78062
Epoch 254/300, valid auc : 0.80651, valid accuracy : 0.75972
Epoch 255/300, loss : 0.45165, auc : 0.83218, accuracy : 0.78052
Epoch 255/300, valid auc : 0.80495, valid accuracy : 0.75798
Epoch 256/300, loss : 0.45123, auc : 0.83241, accuracy : 0.78104
Epoch 256/300, valid auc : 0.80467, valid accuracy : 0.75724
Epoch 257/300, loss : 0.45109, auc : 0.83257, accuracy : 0.78132
Epoch 257/300, valid auc : 0.80444, valid accuracy : 0.75709
Epoch 258/300, loss : 0.45167, auc : 0.83210, accuracy : 0.78066
Epoch 258/300, valid auc : 0.80548, valid accuracy : 0.75842
Epoch 259/300, loss : 0.45270, auc : 0.83144, accuracy : 0.78060
Epoch 259/300, valid auc : 0.80554, valid accuracy : 0.75770
Epoch 260/300, loss : 0.45172, auc : 0.83214, accuracy : 0.78096
Epoch 260/300, valid auc : 0.80583, valid accuracy : 0.75827
Epoch 261/300, loss : 0.45192, auc : 0.83200, accuracy : 0.78057
Epoch 261/300, valid auc : 0.80585, valid accuracy : 0.75886
Epoch 262/300, loss : 0.45103, auc : 0.83266, accuracy : 0.78113
Epoch 262/300, valid auc : 0.80475, valid accuracy : 0.75716
Epoch 263/300, loss : 0.45065, auc : 0.83286, accuracy : 0.78157
Epoch 263/300, valid auc : 0.80556, valid accuracy : 0.75775
Epoch 264/300, loss : 0.45040, auc : 0.83295, accuracy : 0.78156
Epoch 264/300, valid auc : 0.80355, valid accuracy : 0.75655
Epoch 265/300, loss : 0.45009, auc : 0.83307, accuracy : 0.78170
Epoch 265/300, valid auc : 0.80434, valid accuracy : 0.75663
Epoch 266/300, loss : 0.45139, auc : 0.83182, accuracy : 0.78086
Epoch 266/300, valid auc : 0.80550, valid accuracy : 0.75716
Epoch 267/300, loss : 0.45068, auc : 0.83270, accuracy : 0.78138
Epoch 267/300, valid auc : 0.80547, valid accuracy : 0.75821
Epoch 268/300, loss : 0.45006, auc : 0.83329, accuracy : 0.78186
Epoch 268/300, valid auc : 0.80450, valid accuracy : 0.75733
Epoch 269/300, loss : 0.44989, auc : 0.83337, accuracy : 0.78196
Epoch 269/300, valid auc : 0.80574, valid accuracy : 0.75880
Epoch 270/300, loss : 0.44931, auc : 0.83370, accuracy : 0.78221
Epoch 270/300, valid auc : 0.80283, valid accuracy : 0.75526
Epoch 271/300, loss : 0.44912, auc : 0.83370, accuracy : 0.78195
Epoch 271/300, valid auc : 0.80381, valid accuracy : 0.75638
Epoch 272/300, loss : 0.44995, auc : 0.83318, accuracy : 0.78149
Epoch 272/300, valid auc : 0.80483, valid accuracy : 0.75764
Epoch 273/300, loss : 0.44925, auc : 0.83363, accuracy : 0.78212
Epoch 273/300, valid auc : 0.80350, valid accuracy : 0.75625
Epoch 274/300, loss : 0.44902, auc : 0.83373, accuracy : 0.78210
Epoch 274/300, valid auc : 0.80394, valid accuracy : 0.75709
Epoch 275/300, loss : 0.44851, auc : 0.83424, accuracy : 0.78267
Epoch 275/300, valid auc : 0.80400, valid accuracy : 0.75615
Epoch 276/300, loss : 0.44881, auc : 0.83404, accuracy : 0.78218
Epoch 276/300, valid auc : 0.80308, valid accuracy : 0.75499
Epoch 277/300, loss : 0.44826, auc : 0.83425, accuracy : 0.78291
Epoch 277/300, valid auc : 0.80334, valid accuracy : 0.75602
Epoch 278/300, loss : 0.44804, auc : 0.83441, accuracy : 0.78276
Epoch 278/300, valid auc : 0.80315, valid accuracy : 0.75503
Epoch 279/300, loss : 0.44785, auc : 0.83446, accuracy : 0.78259
Epoch 279/300, valid auc : 0.80265, valid accuracy : 0.75551
Epoch 280/300, loss : 0.44943, auc : 0.83392, accuracy : 0.78198
Epoch 280/300, valid auc : 0.80254, valid accuracy : 0.75507
Epoch 281/300, loss : 0.44856, auc : 0.83413, accuracy : 0.78248
Epoch 281/300, valid auc : 0.80377, valid accuracy : 0.75644
Epoch 282/300, loss : 0.44764, auc : 0.83478, accuracy : 0.78329
Epoch 282/300, valid auc : 0.80198, valid accuracy : 0.75455
Epoch 283/300, loss : 0.44711, auc : 0.83506, accuracy : 0.78296
Epoch 283/300, valid auc : 0.80219, valid accuracy : 0.75432
Epoch 284/300, loss : 0.44729, auc : 0.83499, accuracy : 0.78350
Epoch 284/300, valid auc : 0.80336, valid accuracy : 0.75627
Epoch 285/300, loss : 0.44678, auc : 0.83539, accuracy : 0.78359
Epoch 285/300, valid auc : 0.80255, valid accuracy : 0.75516
Epoch 286/300, loss : 0.44652, auc : 0.83548, accuracy : 0.78326
Epoch 286/300, valid auc : 0.80169, valid accuracy : 0.75389
Epoch 287/300, loss : 0.44663, auc : 0.83528, accuracy : 0.78352
Epoch 287/300, valid auc : 0.80203, valid accuracy : 0.75556
Epoch 288/300, loss : 0.44747, auc : 0.83480, accuracy : 0.78323
Epoch 288/300, valid auc : 0.80191, valid accuracy : 0.75423
Epoch 289/300, loss : 0.44702, auc : 0.83499, accuracy : 0.78351
Epoch 289/300, valid auc : 0.80179, valid accuracy : 0.75453
Epoch 290/300, loss : 0.44594, auc : 0.83580, accuracy : 0.78320
Epoch 290/300, valid auc : 0.80089, valid accuracy : 0.75364
Epoch 291/300, loss : 0.44558, auc : 0.83604, accuracy : 0.78394
Epoch 291/300, valid auc : 0.80135, valid accuracy : 0.75459
Epoch 292/300, loss : 0.45038, auc : 0.83323, accuracy : 0.78204
Epoch 292/300, valid auc : 0.80297, valid accuracy : 0.75560
Epoch 293/300, loss : 0.44807, auc : 0.83478, accuracy : 0.78311
Epoch 293/300, valid auc : 0.80270, valid accuracy : 0.75499
Epoch 294/300, loss : 0.44552, auc : 0.83604, accuracy : 0.78398
Epoch 294/300, valid auc : 0.80169, valid accuracy : 0.75493
Epoch 295/300, loss : 0.44551, auc : 0.83573, accuracy : 0.78363
Epoch 295/300, valid auc : 0.80130, valid accuracy : 0.75419
Epoch 296/300, loss : 0.44536, auc : 0.83624, accuracy : 0.78389
Epoch 296/300, valid auc : 0.80129, valid accuracy : 0.75402
Epoch 297/300, loss : 0.44456, auc : 0.83657, accuracy : 0.78423
Epoch 297/300, valid auc : 0.80059, valid accuracy : 0.75354
Epoch 298/300, loss : 0.44600, auc : 0.83591, accuracy : 0.78338
Epoch 298/300, valid auc : 0.80213, valid accuracy : 0.75450
Epoch 299/300, loss : 0.44480, auc : 0.83648, accuracy : 0.78429
Epoch 299/300, valid auc : 0.80105, valid accuracy : 0.75453
Epoch 300/300, loss : 0.44399, auc : 0.83699, accuracy : 0.78441
Epoch 300/300, valid auc : 0.79971, valid accuracy : 0.75286
best outcome: best epoch: 122.0000
valid_auc: 0.8131	valid_accuracy: 0.7649	valid_loss: 0.4907	
test_auc: 0.8076	test_accuracy: 0.7643	test_loss: 0.4913	
