Namespace(batch_size=32, data_dir='./data/assist2009', data_name='assist2009', dataset_type='assist2009', decay_epoch=20, final_fc_dim=50, final_lr=1e-05, gpu=0, init_lr=0.001, init_std=0.1, load='assist2009', lr=0.001, lr_decay=0.75, max_iter=300, maxgradnorm=50.0, memory_key_state_dim=50, memory_size=20, memory_value_state_dim=200, momentum=0.9, n_question=110, q_embed_dim=50, qa_embed_dim=200, save='assist2009', seed='3', seqlen=200, show=True, test=False, train_test=True, wd=5e-05)
device: 0
Epoch 1/300, loss : 0.63185, auc : 0.61192, accuracy : 0.65687
Epoch 1/300, valid auc : 0.67977, valid accuracy : 0.69637
0.0000 to 0.6798
test_auc: 0.6776	test_accuracy: 0.6914	test_loss: 0.6106	
Epoch 2/300, loss : 0.59682, auc : 0.68365, accuracy : 0.69254
Epoch 2/300, valid auc : 0.70143, valid accuracy : 0.70558
0.6798 to 0.7014
test_auc: 0.6966	test_accuracy: 0.6987	test_loss: 0.5967	
Epoch 3/300, loss : 0.58819, auc : 0.69788, accuracy : 0.69841
Epoch 3/300, valid auc : 0.70951, valid accuracy : 0.70796
0.7014 to 0.7095
test_auc: 0.7037	test_accuracy: 0.7003	test_loss: 0.5911	
Epoch 4/300, loss : 0.58435, auc : 0.70428, accuracy : 0.70143
Epoch 4/300, valid auc : 0.71358, valid accuracy : 0.71100
0.7095 to 0.7136
test_auc: 0.7077	test_accuracy: 0.7027	test_loss: 0.5879	
Epoch 5/300, loss : 0.58203, auc : 0.70809, accuracy : 0.70281
Epoch 5/300, valid auc : 0.71634, valid accuracy : 0.71117
0.7136 to 0.7163
test_auc: 0.7106	test_accuracy: 0.7045	test_loss: 0.5856	
Epoch 6/300, loss : 0.58026, auc : 0.71089, accuracy : 0.70443
Epoch 6/300, valid auc : 0.71860, valid accuracy : 0.71242
0.7163 to 0.7186
test_auc: 0.7130	test_accuracy: 0.7069	test_loss: 0.5836	
Epoch 7/300, loss : 0.57869, auc : 0.71324, accuracy : 0.70607
Epoch 7/300, valid auc : 0.72066, valid accuracy : 0.71366
0.7186 to 0.7207
test_auc: 0.7154	test_accuracy: 0.7082	test_loss: 0.5818	
Epoch 8/300, loss : 0.57715, auc : 0.71547, accuracy : 0.70738
Epoch 8/300, valid auc : 0.72274, valid accuracy : 0.71468
0.7207 to 0.7227
test_auc: 0.7178	test_accuracy: 0.7097	test_loss: 0.5800	
Epoch 9/300, loss : 0.57539, auc : 0.71797, accuracy : 0.70850
Epoch 9/300, valid auc : 0.72521, valid accuracy : 0.71592
0.7227 to 0.7252
test_auc: 0.7206	test_accuracy: 0.7118	test_loss: 0.5778	
Epoch 10/300, loss : 0.57312, auc : 0.72118, accuracy : 0.71022
Epoch 10/300, valid auc : 0.72826, valid accuracy : 0.71784
0.7252 to 0.7283
test_auc: 0.7242	test_accuracy: 0.7135	test_loss: 0.5751	
Epoch 11/300, loss : 0.57028, auc : 0.72510, accuracy : 0.71210
Epoch 11/300, valid auc : 0.73144, valid accuracy : 0.72007
0.7283 to 0.7314
test_auc: 0.7278	test_accuracy: 0.7157	test_loss: 0.5718	
Epoch 12/300, loss : 0.56755, auc : 0.72852, accuracy : 0.71404
Epoch 12/300, valid auc : 0.73413, valid accuracy : 0.72146
0.7314 to 0.7341
test_auc: 0.7304	test_accuracy: 0.7175	test_loss: 0.5690	
Epoch 13/300, loss : 0.56552, auc : 0.73083, accuracy : 0.71604
Epoch 13/300, valid auc : 0.73635, valid accuracy : 0.72276
0.7341 to 0.7364
test_auc: 0.7323	test_accuracy: 0.7189	test_loss: 0.5669	
Epoch 14/300, loss : 0.56373, auc : 0.73281, accuracy : 0.71754
Epoch 14/300, valid auc : 0.73832, valid accuracy : 0.72433
0.7364 to 0.7383
test_auc: 0.7342	test_accuracy: 0.7200	test_loss: 0.5650	
Epoch 15/300, loss : 0.56178, auc : 0.73501, accuracy : 0.71945
Epoch 15/300, valid auc : 0.74051, valid accuracy : 0.72636
0.7383 to 0.7405
test_auc: 0.7366	test_accuracy: 0.7211	test_loss: 0.5629	
Epoch 16/300, loss : 0.55946, auc : 0.73764, accuracy : 0.72099
Epoch 16/300, valid auc : 0.74280, valid accuracy : 0.72749
0.7405 to 0.7428
test_auc: 0.7392	test_accuracy: 0.7222	test_loss: 0.5608	
Epoch 17/300, loss : 0.55729, auc : 0.74007, accuracy : 0.72181
Epoch 17/300, valid auc : 0.74460, valid accuracy : 0.72818
0.7428 to 0.7446
test_auc: 0.7415	test_accuracy: 0.7235	test_loss: 0.5591	
Epoch 18/300, loss : 0.55569, auc : 0.74190, accuracy : 0.72274
Epoch 18/300, valid auc : 0.74590, valid accuracy : 0.72859
0.7446 to 0.7459
test_auc: 0.7432	test_accuracy: 0.7241	test_loss: 0.5579	
Epoch 19/300, loss : 0.55452, auc : 0.74326, accuracy : 0.72358
Epoch 19/300, valid auc : 0.74683, valid accuracy : 0.72891
0.7459 to 0.7468
test_auc: 0.7444	test_accuracy: 0.7249	test_loss: 0.5571	
Epoch 20/300, loss : 0.55361, auc : 0.74437, accuracy : 0.72440
Epoch 20/300, valid auc : 0.74760, valid accuracy : 0.73001
0.7468 to 0.7476
test_auc: 0.7454	test_accuracy: 0.7255	test_loss: 0.5564	
Epoch 21/300, loss : 0.55271, auc : 0.74548, accuracy : 0.72525
Epoch 21/300, valid auc : 0.74850, valid accuracy : 0.72998
0.7476 to 0.7485
test_auc: 0.7465	test_accuracy: 0.7258	test_loss: 0.5555	
Epoch 22/300, loss : 0.55154, auc : 0.74693, accuracy : 0.72619
Epoch 22/300, valid auc : 0.74978, valid accuracy : 0.73117
0.7485 to 0.7498
test_auc: 0.7481	test_accuracy: 0.7270	test_loss: 0.5542	
Epoch 23/300, loss : 0.54987, auc : 0.74890, accuracy : 0.72711
Epoch 23/300, valid auc : 0.75146, valid accuracy : 0.73230
0.7498 to 0.7515
test_auc: 0.7502	test_accuracy: 0.7284	test_loss: 0.5520	
Epoch 24/300, loss : 0.54762, auc : 0.75136, accuracy : 0.72884
Epoch 24/300, valid auc : 0.75332, valid accuracy : 0.73305
0.7515 to 0.7533
test_auc: 0.7528	test_accuracy: 0.7299	test_loss: 0.5492	
Epoch 25/300, loss : 0.54534, auc : 0.75367, accuracy : 0.73040
Epoch 25/300, valid auc : 0.75472, valid accuracy : 0.73346
0.7533 to 0.7547
test_auc: 0.7547	test_accuracy: 0.7310	test_loss: 0.5467	
Epoch 26/300, loss : 0.54373, auc : 0.75517, accuracy : 0.73112
Epoch 26/300, valid auc : 0.75559, valid accuracy : 0.73430
0.7547 to 0.7556
test_auc: 0.7558	test_accuracy: 0.7317	test_loss: 0.5452	
Epoch 27/300, loss : 0.54267, auc : 0.75613, accuracy : 0.73205
Epoch 27/300, valid auc : 0.75621, valid accuracy : 0.73418
0.7556 to 0.7562
test_auc: 0.7565	test_accuracy: 0.7322	test_loss: 0.5443	
Epoch 28/300, loss : 0.54191, auc : 0.75685, accuracy : 0.73258
Epoch 28/300, valid auc : 0.75675, valid accuracy : 0.73377
0.7562 to 0.7567
test_auc: 0.7571	test_accuracy: 0.7324	test_loss: 0.5438	
Epoch 29/300, loss : 0.54131, auc : 0.75745, accuracy : 0.73291
Epoch 29/300, valid auc : 0.75728, valid accuracy : 0.73453
0.7567 to 0.7573
test_auc: 0.7576	test_accuracy: 0.7327	test_loss: 0.5434	
Epoch 30/300, loss : 0.54075, auc : 0.75804, accuracy : 0.73355
Epoch 30/300, valid auc : 0.75785, valid accuracy : 0.73479
0.7573 to 0.7578
test_auc: 0.7582	test_accuracy: 0.7327	test_loss: 0.5430	
Epoch 31/300, loss : 0.54017, auc : 0.75868, accuracy : 0.73416
Epoch 31/300, valid auc : 0.75855, valid accuracy : 0.73551
0.7578 to 0.7586
test_auc: 0.7590	test_accuracy: 0.7331	test_loss: 0.5425	
Epoch 32/300, loss : 0.53950, auc : 0.75946, accuracy : 0.73438
Epoch 32/300, valid auc : 0.75948, valid accuracy : 0.73543
0.7586 to 0.7595
test_auc: 0.7600	test_accuracy: 0.7340	test_loss: 0.5419	
Epoch 33/300, loss : 0.53883, auc : 0.76029, accuracy : 0.73467
Epoch 33/300, valid auc : 0.76037, valid accuracy : 0.73705
0.7595 to 0.7604
test_auc: 0.7609	test_accuracy: 0.7346	test_loss: 0.5413	
Epoch 34/300, loss : 0.53843, auc : 0.76084, accuracy : 0.73508
Epoch 34/300, valid auc : 0.76084, valid accuracy : 0.73719
0.7604 to 0.7608
test_auc: 0.7613	test_accuracy: 0.7349	test_loss: 0.5412	
Epoch 35/300, loss : 0.53825, auc : 0.76110, accuracy : 0.73493
Epoch 35/300, valid auc : 0.76120, valid accuracy : 0.73766
0.7608 to 0.7612
test_auc: 0.7616	test_accuracy: 0.7350	test_loss: 0.5410	
Epoch 36/300, loss : 0.53793, auc : 0.76145, accuracy : 0.73515
Epoch 36/300, valid auc : 0.76162, valid accuracy : 0.73760
0.7612 to 0.7616
test_auc: 0.7621	test_accuracy: 0.7355	test_loss: 0.5406	
Epoch 37/300, loss : 0.53752, auc : 0.76190, accuracy : 0.73537
Epoch 37/300, valid auc : 0.76207, valid accuracy : 0.73769
0.7616 to 0.7621
test_auc: 0.7626	test_accuracy: 0.7361	test_loss: 0.5401	
Epoch 38/300, loss : 0.53707, auc : 0.76241, accuracy : 0.73552
Epoch 38/300, valid auc : 0.76254, valid accuracy : 0.73850
0.7621 to 0.7625
test_auc: 0.7632	test_accuracy: 0.7365	test_loss: 0.5397	
Epoch 39/300, loss : 0.53661, auc : 0.76296, accuracy : 0.73583
Epoch 39/300, valid auc : 0.76302, valid accuracy : 0.73908
0.7625 to 0.7630
test_auc: 0.7638	test_accuracy: 0.7372	test_loss: 0.5392	
Epoch 40/300, loss : 0.53611, auc : 0.76355, accuracy : 0.73626
Epoch 40/300, valid auc : 0.76352, valid accuracy : 0.73928
0.7630 to 0.7635
test_auc: 0.7644	test_accuracy: 0.7379	test_loss: 0.5387	
Epoch 41/300, loss : 0.53558, auc : 0.76417, accuracy : 0.73688
Epoch 41/300, valid auc : 0.76406, valid accuracy : 0.73960
0.7635 to 0.7641
test_auc: 0.7651	test_accuracy: 0.7381	test_loss: 0.5381	
Epoch 42/300, loss : 0.53501, auc : 0.76484, accuracy : 0.73779
Epoch 42/300, valid auc : 0.76466, valid accuracy : 0.74009
0.7641 to 0.7647
test_auc: 0.7658	test_accuracy: 0.7388	test_loss: 0.5376	
Epoch 43/300, loss : 0.53437, auc : 0.76557, accuracy : 0.73852
Epoch 43/300, valid auc : 0.76534, valid accuracy : 0.74122
0.7647 to 0.7653
test_auc: 0.7666	test_accuracy: 0.7396	test_loss: 0.5371	
Epoch 44/300, loss : 0.53356, auc : 0.76646, accuracy : 0.73955
Epoch 44/300, valid auc : 0.76623, valid accuracy : 0.74137
0.7653 to 0.7662
test_auc: 0.7676	test_accuracy: 0.7402	test_loss: 0.5364	
Epoch 45/300, loss : 0.53248, auc : 0.76766, accuracy : 0.74063
Epoch 45/300, valid auc : 0.76741, valid accuracy : 0.74203
0.7662 to 0.7674
test_auc: 0.7688	test_accuracy: 0.7411	test_loss: 0.5355	
Epoch 46/300, loss : 0.53107, auc : 0.76921, accuracy : 0.74187
Epoch 46/300, valid auc : 0.76874, valid accuracy : 0.74310
0.7674 to 0.7687
test_auc: 0.7704	test_accuracy: 0.7420	test_loss: 0.5344	
Epoch 47/300, loss : 0.52962, auc : 0.77077, accuracy : 0.74319
Epoch 47/300, valid auc : 0.76980, valid accuracy : 0.74377
0.7687 to 0.7698
test_auc: 0.7716	test_accuracy: 0.7423	test_loss: 0.5335	
Epoch 48/300, loss : 0.52855, auc : 0.77188, accuracy : 0.74384
Epoch 48/300, valid auc : 0.77047, valid accuracy : 0.74377
0.7698 to 0.7705
test_auc: 0.7724	test_accuracy: 0.7426	test_loss: 0.5330	
Epoch 49/300, loss : 0.52783, auc : 0.77259, accuracy : 0.74424
Epoch 49/300, valid auc : 0.77097, valid accuracy : 0.74476
0.7705 to 0.7710
test_auc: 0.7729	test_accuracy: 0.7429	test_loss: 0.5325	
Epoch 50/300, loss : 0.52725, auc : 0.77316, accuracy : 0.74464
Epoch 50/300, valid auc : 0.77139, valid accuracy : 0.74470
0.7710 to 0.7714
test_auc: 0.7734	test_accuracy: 0.7431	test_loss: 0.5321	
Epoch 51/300, loss : 0.52672, auc : 0.77367, accuracy : 0.74474
Epoch 51/300, valid auc : 0.77177, valid accuracy : 0.74481
0.7714 to 0.7718
test_auc: 0.7738	test_accuracy: 0.7432	test_loss: 0.5317	
Epoch 52/300, loss : 0.52621, auc : 0.77416, accuracy : 0.74484
Epoch 52/300, valid auc : 0.77213, valid accuracy : 0.74528
0.7718 to 0.7721
test_auc: 0.7742	test_accuracy: 0.7436	test_loss: 0.5313	
Epoch 53/300, loss : 0.52573, auc : 0.77462, accuracy : 0.74511
Epoch 53/300, valid auc : 0.77246, valid accuracy : 0.74539
0.7721 to 0.7725
test_auc: 0.7746	test_accuracy: 0.7437	test_loss: 0.5309	
Epoch 54/300, loss : 0.52526, auc : 0.77506, accuracy : 0.74538
Epoch 54/300, valid auc : 0.77278, valid accuracy : 0.74589
0.7725 to 0.7728
test_auc: 0.7750	test_accuracy: 0.7442	test_loss: 0.5305	
Epoch 55/300, loss : 0.52483, auc : 0.77547, accuracy : 0.74562
Epoch 55/300, valid auc : 0.77308, valid accuracy : 0.74600
0.7728 to 0.7731
test_auc: 0.7753	test_accuracy: 0.7443	test_loss: 0.5302	
Epoch 56/300, loss : 0.52440, auc : 0.77586, accuracy : 0.74594
Epoch 56/300, valid auc : 0.77338, valid accuracy : 0.74620
0.7731 to 0.7734
test_auc: 0.7757	test_accuracy: 0.7445	test_loss: 0.5298	
Epoch 57/300, loss : 0.52398, auc : 0.77625, accuracy : 0.74625
Epoch 57/300, valid auc : 0.77368, valid accuracy : 0.74632
0.7734 to 0.7737
test_auc: 0.7760	test_accuracy: 0.7445	test_loss: 0.5295	
Epoch 58/300, loss : 0.52357, auc : 0.77662, accuracy : 0.74667
Epoch 58/300, valid auc : 0.77399, valid accuracy : 0.74678
0.7737 to 0.7740
test_auc: 0.7763	test_accuracy: 0.7448	test_loss: 0.5291	
Epoch 59/300, loss : 0.52317, auc : 0.77698, accuracy : 0.74679
Epoch 59/300, valid auc : 0.77431, valid accuracy : 0.74733
0.7740 to 0.7743
test_auc: 0.7766	test_accuracy: 0.7452	test_loss: 0.5287	
Epoch 60/300, loss : 0.52277, auc : 0.77735, accuracy : 0.74703
Epoch 60/300, valid auc : 0.77465, valid accuracy : 0.74771
0.7743 to 0.7746
test_auc: 0.7769	test_accuracy: 0.7456	test_loss: 0.5284	
Epoch 61/300, loss : 0.52237, auc : 0.77773, accuracy : 0.74711
Epoch 61/300, valid auc : 0.77498, valid accuracy : 0.74771
0.7746 to 0.7750
test_auc: 0.7772	test_accuracy: 0.7458	test_loss: 0.5280	
Epoch 62/300, loss : 0.52196, auc : 0.77810, accuracy : 0.74734
Epoch 62/300, valid auc : 0.77532, valid accuracy : 0.74800
0.7750 to 0.7753
test_auc: 0.7775	test_accuracy: 0.7463	test_loss: 0.5276	
Epoch 63/300, loss : 0.52155, auc : 0.77848, accuracy : 0.74747
Epoch 63/300, valid auc : 0.77566, valid accuracy : 0.74815
0.7753 to 0.7757
test_auc: 0.7778	test_accuracy: 0.7464	test_loss: 0.5273	
Epoch 64/300, loss : 0.52115, auc : 0.77885, accuracy : 0.74773
Epoch 64/300, valid auc : 0.77599, valid accuracy : 0.74844
0.7757 to 0.7760
test_auc: 0.7781	test_accuracy: 0.7467	test_loss: 0.5269	
Epoch 65/300, loss : 0.52075, auc : 0.77922, accuracy : 0.74796
Epoch 65/300, valid auc : 0.77633, valid accuracy : 0.74864
0.7760 to 0.7763
test_auc: 0.7784	test_accuracy: 0.7468	test_loss: 0.5266	
Epoch 66/300, loss : 0.52036, auc : 0.77958, accuracy : 0.74814
Epoch 66/300, valid auc : 0.77665, valid accuracy : 0.74887
0.7763 to 0.7767
test_auc: 0.7787	test_accuracy: 0.7469	test_loss: 0.5262	
Epoch 67/300, loss : 0.51997, auc : 0.77993, accuracy : 0.74829
Epoch 67/300, valid auc : 0.77697, valid accuracy : 0.74925
0.7767 to 0.7770
test_auc: 0.7790	test_accuracy: 0.7473	test_loss: 0.5259	
Epoch 68/300, loss : 0.51958, auc : 0.78028, accuracy : 0.74844
Epoch 68/300, valid auc : 0.77729, valid accuracy : 0.74928
0.7770 to 0.7773
test_auc: 0.7792	test_accuracy: 0.7474	test_loss: 0.5255	
Epoch 69/300, loss : 0.51920, auc : 0.78063, accuracy : 0.74861
Epoch 69/300, valid auc : 0.77759, valid accuracy : 0.74951
0.7773 to 0.7776
test_auc: 0.7795	test_accuracy: 0.7475	test_loss: 0.5252	
Epoch 70/300, loss : 0.51882, auc : 0.78097, accuracy : 0.74895
Epoch 70/300, valid auc : 0.77790, valid accuracy : 0.75020
0.7776 to 0.7779
test_auc: 0.7797	test_accuracy: 0.7476	test_loss: 0.5249	
Epoch 71/300, loss : 0.51844, auc : 0.78130, accuracy : 0.74915
Epoch 71/300, valid auc : 0.77820, valid accuracy : 0.75038
0.7779 to 0.7782
test_auc: 0.7800	test_accuracy: 0.7477	test_loss: 0.5245	
Epoch 72/300, loss : 0.51807, auc : 0.78163, accuracy : 0.74936
Epoch 72/300, valid auc : 0.77850, valid accuracy : 0.75061
0.7782 to 0.7785
test_auc: 0.7802	test_accuracy: 0.7479	test_loss: 0.5242	
Epoch 73/300, loss : 0.51770, auc : 0.78195, accuracy : 0.74944
Epoch 73/300, valid auc : 0.77879, valid accuracy : 0.75072
0.7785 to 0.7788
test_auc: 0.7805	test_accuracy: 0.7482	test_loss: 0.5239	
Epoch 74/300, loss : 0.51733, auc : 0.78227, accuracy : 0.74961
Epoch 74/300, valid auc : 0.77907, valid accuracy : 0.75075
0.7788 to 0.7791
test_auc: 0.7807	test_accuracy: 0.7483	test_loss: 0.5236	
Epoch 75/300, loss : 0.51697, auc : 0.78258, accuracy : 0.74981
Epoch 75/300, valid auc : 0.77936, valid accuracy : 0.75078
0.7791 to 0.7794
test_auc: 0.7810	test_accuracy: 0.7484	test_loss: 0.5233	
Epoch 76/300, loss : 0.51661, auc : 0.78289, accuracy : 0.75000
Epoch 76/300, valid auc : 0.77963, valid accuracy : 0.75081
0.7794 to 0.7796
test_auc: 0.7812	test_accuracy: 0.7483	test_loss: 0.5229	
Epoch 77/300, loss : 0.51626, auc : 0.78320, accuracy : 0.75016
Epoch 77/300, valid auc : 0.77991, valid accuracy : 0.75072
0.7796 to 0.7799
test_auc: 0.7814	test_accuracy: 0.7483	test_loss: 0.5226	
Epoch 78/300, loss : 0.51591, auc : 0.78350, accuracy : 0.75034
Epoch 78/300, valid auc : 0.78018, valid accuracy : 0.75087
0.7799 to 0.7802
test_auc: 0.7817	test_accuracy: 0.7484	test_loss: 0.5223	
Epoch 79/300, loss : 0.51556, auc : 0.78379, accuracy : 0.75055
Epoch 79/300, valid auc : 0.78046, valid accuracy : 0.75087
0.7802 to 0.7805
test_auc: 0.7819	test_accuracy: 0.7484	test_loss: 0.5220	
Epoch 80/300, loss : 0.51521, auc : 0.78409, accuracy : 0.75076
Epoch 80/300, valid auc : 0.78071, valid accuracy : 0.75090
0.7805 to 0.7807
test_auc: 0.7821	test_accuracy: 0.7484	test_loss: 0.5217	
Epoch 81/300, loss : 0.51486, auc : 0.78438, accuracy : 0.75090
Epoch 81/300, valid auc : 0.78098, valid accuracy : 0.75133
0.7807 to 0.7810
test_auc: 0.7824	test_accuracy: 0.7486	test_loss: 0.5214	
Epoch 82/300, loss : 0.51452, auc : 0.78467, accuracy : 0.75105
Epoch 82/300, valid auc : 0.78125, valid accuracy : 0.75145
0.7810 to 0.7813
test_auc: 0.7826	test_accuracy: 0.7485	test_loss: 0.5211	
Epoch 83/300, loss : 0.51418, auc : 0.78496, accuracy : 0.75117
Epoch 83/300, valid auc : 0.78153, valid accuracy : 0.75139
0.7813 to 0.7815
test_auc: 0.7828	test_accuracy: 0.7485	test_loss: 0.5208	
Epoch 84/300, loss : 0.51383, auc : 0.78525, accuracy : 0.75132
Epoch 84/300, valid auc : 0.78179, valid accuracy : 0.75142
0.7815 to 0.7818
test_auc: 0.7831	test_accuracy: 0.7486	test_loss: 0.5204	
Epoch 85/300, loss : 0.51349, auc : 0.78554, accuracy : 0.75139
Epoch 85/300, valid auc : 0.78205, valid accuracy : 0.75168
0.7818 to 0.7820
test_auc: 0.7833	test_accuracy: 0.7486	test_loss: 0.5201	
Epoch 86/300, loss : 0.51316, auc : 0.78582, accuracy : 0.75155
Epoch 86/300, valid auc : 0.78231, valid accuracy : 0.75122
0.7820 to 0.7823
test_auc: 0.7836	test_accuracy: 0.7488	test_loss: 0.5198	
Epoch 87/300, loss : 0.51282, auc : 0.78611, accuracy : 0.75160
Epoch 87/300, valid auc : 0.78257, valid accuracy : 0.75154
0.7823 to 0.7826
test_auc: 0.7838	test_accuracy: 0.7489	test_loss: 0.5195	
Epoch 88/300, loss : 0.51248, auc : 0.78639, accuracy : 0.75175
Epoch 88/300, valid auc : 0.78284, valid accuracy : 0.75165
0.7826 to 0.7828
test_auc: 0.7841	test_accuracy: 0.7489	test_loss: 0.5191	
Epoch 89/300, loss : 0.51214, auc : 0.78668, accuracy : 0.75197
Epoch 89/300, valid auc : 0.78308, valid accuracy : 0.75174
0.7828 to 0.7831
test_auc: 0.7843	test_accuracy: 0.7490	test_loss: 0.5188	
Epoch 90/300, loss : 0.51180, auc : 0.78696, accuracy : 0.75221
Epoch 90/300, valid auc : 0.78331, valid accuracy : 0.75168
0.7831 to 0.7833
test_auc: 0.7846	test_accuracy: 0.7492	test_loss: 0.5184	
Epoch 91/300, loss : 0.51146, auc : 0.78724, accuracy : 0.75251
Epoch 91/300, valid auc : 0.78353, valid accuracy : 0.75197
0.7833 to 0.7835
test_auc: 0.7848	test_accuracy: 0.7495	test_loss: 0.5181	
Epoch 92/300, loss : 0.51112, auc : 0.78752, accuracy : 0.75263
Epoch 92/300, valid auc : 0.78376, valid accuracy : 0.75223
0.7835 to 0.7838
test_auc: 0.7851	test_accuracy: 0.7498	test_loss: 0.5178	
Epoch 93/300, loss : 0.51077, auc : 0.78780, accuracy : 0.75270
Epoch 93/300, valid auc : 0.78400, valid accuracy : 0.75240
0.7838 to 0.7840
test_auc: 0.7854	test_accuracy: 0.7498	test_loss: 0.5174	
Epoch 94/300, loss : 0.51043, auc : 0.78809, accuracy : 0.75287
Epoch 94/300, valid auc : 0.78424, valid accuracy : 0.75287
0.7840 to 0.7842
test_auc: 0.7856	test_accuracy: 0.7499	test_loss: 0.5171	
Epoch 95/300, loss : 0.51008, auc : 0.78838, accuracy : 0.75296
Epoch 95/300, valid auc : 0.78448, valid accuracy : 0.75275
0.7842 to 0.7845
test_auc: 0.7859	test_accuracy: 0.7499	test_loss: 0.5168	
Epoch 96/300, loss : 0.50974, auc : 0.78866, accuracy : 0.75310
Epoch 96/300, valid auc : 0.78471, valid accuracy : 0.75316
0.7845 to 0.7847
test_auc: 0.7861	test_accuracy: 0.7502	test_loss: 0.5165	
Epoch 97/300, loss : 0.50939, auc : 0.78895, accuracy : 0.75339
Epoch 97/300, valid auc : 0.78495, valid accuracy : 0.75330
0.7847 to 0.7849
test_auc: 0.7864	test_accuracy: 0.7503	test_loss: 0.5162	
Epoch 98/300, loss : 0.50906, auc : 0.78923, accuracy : 0.75345
Epoch 98/300, valid auc : 0.78518, valid accuracy : 0.75336
0.7849 to 0.7852
test_auc: 0.7866	test_accuracy: 0.7504	test_loss: 0.5159	
Epoch 99/300, loss : 0.50872, auc : 0.78951, accuracy : 0.75367
Epoch 99/300, valid auc : 0.78542, valid accuracy : 0.75354
0.7852 to 0.7854
test_auc: 0.7868	test_accuracy: 0.7505	test_loss: 0.5156	
Epoch 100/300, loss : 0.50838, auc : 0.78979, accuracy : 0.75376
Epoch 100/300, valid auc : 0.78564, valid accuracy : 0.75322
0.7854 to 0.7856
test_auc: 0.7871	test_accuracy: 0.7506	test_loss: 0.5153	
Epoch 101/300, loss : 0.50804, auc : 0.79007, accuracy : 0.75383
Epoch 101/300, valid auc : 0.78586, valid accuracy : 0.75356
0.7856 to 0.7859
test_auc: 0.7873	test_accuracy: 0.7508	test_loss: 0.5150	
Epoch 102/300, loss : 0.50771, auc : 0.79035, accuracy : 0.75389
Epoch 102/300, valid auc : 0.78608, valid accuracy : 0.75382
0.7859 to 0.7861
test_auc: 0.7875	test_accuracy: 0.7509	test_loss: 0.5147	
Epoch 103/300, loss : 0.50738, auc : 0.79063, accuracy : 0.75404
Epoch 103/300, valid auc : 0.78632, valid accuracy : 0.75420
0.7861 to 0.7863
test_auc: 0.7877	test_accuracy: 0.7513	test_loss: 0.5144	
Epoch 104/300, loss : 0.50705, auc : 0.79091, accuracy : 0.75416
Epoch 104/300, valid auc : 0.78654, valid accuracy : 0.75432
0.7863 to 0.7865
test_auc: 0.7879	test_accuracy: 0.7515	test_loss: 0.5142	
Epoch 105/300, loss : 0.50672, auc : 0.79119, accuracy : 0.75435
Epoch 105/300, valid auc : 0.78677, valid accuracy : 0.75455
0.7865 to 0.7868
test_auc: 0.7882	test_accuracy: 0.7517	test_loss: 0.5139	
Epoch 106/300, loss : 0.50639, auc : 0.79147, accuracy : 0.75440
Epoch 106/300, valid auc : 0.78698, valid accuracy : 0.75455
0.7868 to 0.7870
test_auc: 0.7884	test_accuracy: 0.7517	test_loss: 0.5136	
Epoch 107/300, loss : 0.50607, auc : 0.79174, accuracy : 0.75454
Epoch 107/300, valid auc : 0.78720, valid accuracy : 0.75443
0.7870 to 0.7872
test_auc: 0.7886	test_accuracy: 0.7521	test_loss: 0.5134	
Epoch 108/300, loss : 0.50575, auc : 0.79201, accuracy : 0.75471
Epoch 108/300, valid auc : 0.78743, valid accuracy : 0.75449
0.7872 to 0.7874
test_auc: 0.7888	test_accuracy: 0.7523	test_loss: 0.5131	
Epoch 109/300, loss : 0.50543, auc : 0.79228, accuracy : 0.75499
Epoch 109/300, valid auc : 0.78766, valid accuracy : 0.75435
0.7874 to 0.7877
test_auc: 0.7890	test_accuracy: 0.7525	test_loss: 0.5129	
Epoch 110/300, loss : 0.50511, auc : 0.79256, accuracy : 0.75517
Epoch 110/300, valid auc : 0.78788, valid accuracy : 0.75467
0.7877 to 0.7879
test_auc: 0.7892	test_accuracy: 0.7526	test_loss: 0.5126	
Epoch 111/300, loss : 0.50480, auc : 0.79283, accuracy : 0.75534
Epoch 111/300, valid auc : 0.78811, valid accuracy : 0.75478
0.7879 to 0.7881
test_auc: 0.7894	test_accuracy: 0.7528	test_loss: 0.5124	
Epoch 112/300, loss : 0.50449, auc : 0.79310, accuracy : 0.75552
Epoch 112/300, valid auc : 0.78834, valid accuracy : 0.75504
0.7881 to 0.7883
test_auc: 0.7896	test_accuracy: 0.7529	test_loss: 0.5122	
Epoch 113/300, loss : 0.50418, auc : 0.79337, accuracy : 0.75563
Epoch 113/300, valid auc : 0.78858, valid accuracy : 0.75536
0.7883 to 0.7886
test_auc: 0.7898	test_accuracy: 0.7528	test_loss: 0.5119	
Epoch 114/300, loss : 0.50386, auc : 0.79365, accuracy : 0.75572
Epoch 114/300, valid auc : 0.78885, valid accuracy : 0.75568
0.7886 to 0.7888
test_auc: 0.7900	test_accuracy: 0.7531	test_loss: 0.5117	
Epoch 115/300, loss : 0.50354, auc : 0.79394, accuracy : 0.75586
Epoch 115/300, valid auc : 0.78914, valid accuracy : 0.75553
0.7888 to 0.7891
test_auc: 0.7903	test_accuracy: 0.7533	test_loss: 0.5114	
Epoch 116/300, loss : 0.50319, auc : 0.79427, accuracy : 0.75598
Epoch 116/300, valid auc : 0.78950, valid accuracy : 0.75562
0.7891 to 0.7895
test_auc: 0.7906	test_accuracy: 0.7536	test_loss: 0.5111	
Epoch 117/300, loss : 0.50278, auc : 0.79466, accuracy : 0.75640
Epoch 117/300, valid auc : 0.78997, valid accuracy : 0.75594
0.7895 to 0.7900
test_auc: 0.7910	test_accuracy: 0.7541	test_loss: 0.5107	
Epoch 118/300, loss : 0.50230, auc : 0.79516, accuracy : 0.75664
Epoch 118/300, valid auc : 0.79058, valid accuracy : 0.75626
0.7900 to 0.7906
test_auc: 0.7915	test_accuracy: 0.7545	test_loss: 0.5102	
Epoch 119/300, loss : 0.50177, auc : 0.79571, accuracy : 0.75714
Epoch 119/300, valid auc : 0.79117, valid accuracy : 0.75678
0.7906 to 0.7912
test_auc: 0.7920	test_accuracy: 0.7548	test_loss: 0.5097	
Epoch 120/300, loss : 0.50126, auc : 0.79623, accuracy : 0.75754
Epoch 120/300, valid auc : 0.79167, valid accuracy : 0.75704
0.7912 to 0.7917
test_auc: 0.7924	test_accuracy: 0.7552	test_loss: 0.5092	
Epoch 121/300, loss : 0.50075, auc : 0.79671, accuracy : 0.75786
Epoch 121/300, valid auc : 0.79214, valid accuracy : 0.75707
0.7917 to 0.7921
test_auc: 0.7928	test_accuracy: 0.7553	test_loss: 0.5089	
Epoch 122/300, loss : 0.50008, auc : 0.79729, accuracy : 0.75801
Epoch 122/300, valid auc : 0.79299, valid accuracy : 0.75785
0.7921 to 0.7930
test_auc: 0.7933	test_accuracy: 0.7555	test_loss: 0.5083	
Epoch 123/300, loss : 0.49903, auc : 0.79811, accuracy : 0.75846
Epoch 123/300, valid auc : 0.79437, valid accuracy : 0.75907
0.7930 to 0.7944
test_auc: 0.7940	test_accuracy: 0.7560	test_loss: 0.5072	
Epoch 124/300, loss : 0.49811, auc : 0.79874, accuracy : 0.75875
Epoch 124/300, valid auc : 0.79519, valid accuracy : 0.75956
0.7944 to 0.7952
test_auc: 0.7945	test_accuracy: 0.7562	test_loss: 0.5063	
Epoch 125/300, loss : 0.49758, auc : 0.79911, accuracy : 0.75872
Epoch 125/300, valid auc : 0.79555, valid accuracy : 0.75979
0.7952 to 0.7956
test_auc: 0.7948	test_accuracy: 0.7564	test_loss: 0.5058	
Epoch 126/300, loss : 0.49718, auc : 0.79938, accuracy : 0.75889
Epoch 126/300, valid auc : 0.79581, valid accuracy : 0.75982
0.7956 to 0.7958
test_auc: 0.7950	test_accuracy: 0.7565	test_loss: 0.5055	
Epoch 127/300, loss : 0.49680, auc : 0.79961, accuracy : 0.75903
Epoch 127/300, valid auc : 0.79601, valid accuracy : 0.76008
0.7958 to 0.7960
test_auc: 0.7951	test_accuracy: 0.7566	test_loss: 0.5052	
Epoch 128/300, loss : 0.49646, auc : 0.79983, accuracy : 0.75915
Epoch 128/300, valid auc : 0.79621, valid accuracy : 0.76037
0.7960 to 0.7962
test_auc: 0.7953	test_accuracy: 0.7565	test_loss: 0.5049	
Epoch 129/300, loss : 0.49613, auc : 0.80004, accuracy : 0.75947
Epoch 129/300, valid auc : 0.79639, valid accuracy : 0.76046
0.7962 to 0.7964
test_auc: 0.7954	test_accuracy: 0.7565	test_loss: 0.5047	
Epoch 130/300, loss : 0.49582, auc : 0.80023, accuracy : 0.75955
Epoch 130/300, valid auc : 0.79654, valid accuracy : 0.76058
0.7964 to 0.7965
test_auc: 0.7956	test_accuracy: 0.7568	test_loss: 0.5044	
Epoch 131/300, loss : 0.49553, auc : 0.80042, accuracy : 0.75978
Epoch 131/300, valid auc : 0.79670, valid accuracy : 0.76061
0.7965 to 0.7967
test_auc: 0.7957	test_accuracy: 0.7567	test_loss: 0.5042	
Epoch 132/300, loss : 0.49526, auc : 0.80060, accuracy : 0.75984
Epoch 132/300, valid auc : 0.79682, valid accuracy : 0.76063
0.7967 to 0.7968
test_auc: 0.7958	test_accuracy: 0.7569	test_loss: 0.5041	
Epoch 133/300, loss : 0.49500, auc : 0.80076, accuracy : 0.75998
Epoch 133/300, valid auc : 0.79694, valid accuracy : 0.76092
0.7968 to 0.7969
test_auc: 0.7959	test_accuracy: 0.7568	test_loss: 0.5039	
Epoch 134/300, loss : 0.49475, auc : 0.80092, accuracy : 0.76010
Epoch 134/300, valid auc : 0.79706, valid accuracy : 0.76101
0.7969 to 0.7971
test_auc: 0.7960	test_accuracy: 0.7570	test_loss: 0.5037	
Epoch 135/300, loss : 0.49452, auc : 0.80107, accuracy : 0.76016
Epoch 135/300, valid auc : 0.79717, valid accuracy : 0.76113
0.7971 to 0.7972
test_auc: 0.7961	test_accuracy: 0.7572	test_loss: 0.5035	
Epoch 136/300, loss : 0.49430, auc : 0.80122, accuracy : 0.76034
Epoch 136/300, valid auc : 0.79727, valid accuracy : 0.76118
0.7972 to 0.7973
test_auc: 0.7962	test_accuracy: 0.7572	test_loss: 0.5034	
Epoch 137/300, loss : 0.49408, auc : 0.80137, accuracy : 0.76044
Epoch 137/300, valid auc : 0.79737, valid accuracy : 0.76107
0.7973 to 0.7974
test_auc: 0.7963	test_accuracy: 0.7573	test_loss: 0.5033	
Epoch 138/300, loss : 0.49386, auc : 0.80151, accuracy : 0.76042
Epoch 138/300, valid auc : 0.79747, valid accuracy : 0.76113
0.7974 to 0.7975
test_auc: 0.7964	test_accuracy: 0.7574	test_loss: 0.5031	
Epoch 139/300, loss : 0.49366, auc : 0.80165, accuracy : 0.76052
Epoch 139/300, valid auc : 0.79758, valid accuracy : 0.76084
0.7975 to 0.7976
test_auc: 0.7966	test_accuracy: 0.7576	test_loss: 0.5030	
Epoch 140/300, loss : 0.49346, auc : 0.80180, accuracy : 0.76055
Epoch 140/300, valid auc : 0.79768, valid accuracy : 0.76139
0.7976 to 0.7977
test_auc: 0.7967	test_accuracy: 0.7576	test_loss: 0.5028	
Epoch 141/300, loss : 0.49326, auc : 0.80194, accuracy : 0.76068
Epoch 141/300, valid auc : 0.79778, valid accuracy : 0.76130
0.7977 to 0.7978
test_auc: 0.7968	test_accuracy: 0.7576	test_loss: 0.5027	
Epoch 142/300, loss : 0.49306, auc : 0.80209, accuracy : 0.76082
Epoch 142/300, valid auc : 0.79788, valid accuracy : 0.76159
0.7978 to 0.7979
test_auc: 0.7969	test_accuracy: 0.7576	test_loss: 0.5026	
Epoch 143/300, loss : 0.49287, auc : 0.80223, accuracy : 0.76098
Epoch 143/300, valid auc : 0.79798, valid accuracy : 0.76153
0.7979 to 0.7980
test_auc: 0.7970	test_accuracy: 0.7576	test_loss: 0.5024	
Epoch 144/300, loss : 0.49268, auc : 0.80237, accuracy : 0.76104
Epoch 144/300, valid auc : 0.79807, valid accuracy : 0.76118
0.7980 to 0.7981
test_auc: 0.7971	test_accuracy: 0.7577	test_loss: 0.5023	
Epoch 145/300, loss : 0.49249, auc : 0.80251, accuracy : 0.76117
Epoch 145/300, valid auc : 0.79819, valid accuracy : 0.76116
0.7981 to 0.7982
test_auc: 0.7972	test_accuracy: 0.7578	test_loss: 0.5022	
Epoch 146/300, loss : 0.49230, auc : 0.80265, accuracy : 0.76129
Epoch 146/300, valid auc : 0.79827, valid accuracy : 0.76127
0.7982 to 0.7983
test_auc: 0.7973	test_accuracy: 0.7579	test_loss: 0.5021	
Epoch 147/300, loss : 0.49211, auc : 0.80280, accuracy : 0.76138
Epoch 147/300, valid auc : 0.79836, valid accuracy : 0.76116
0.7983 to 0.7984
test_auc: 0.7974	test_accuracy: 0.7579	test_loss: 0.5020	
Epoch 148/300, loss : 0.49193, auc : 0.80294, accuracy : 0.76155
Epoch 148/300, valid auc : 0.79846, valid accuracy : 0.76121
0.7984 to 0.7985
test_auc: 0.7975	test_accuracy: 0.7580	test_loss: 0.5018	
Epoch 149/300, loss : 0.49175, auc : 0.80308, accuracy : 0.76163
Epoch 149/300, valid auc : 0.79856, valid accuracy : 0.76101
0.7985 to 0.7986
test_auc: 0.7976	test_accuracy: 0.7578	test_loss: 0.5017	
Epoch 150/300, loss : 0.49158, auc : 0.80321, accuracy : 0.76156
Epoch 150/300, valid auc : 0.79866, valid accuracy : 0.76116
0.7986 to 0.7987
test_auc: 0.7977	test_accuracy: 0.7577	test_loss: 0.5016	
Epoch 151/300, loss : 0.49140, auc : 0.80335, accuracy : 0.76158
Epoch 151/300, valid auc : 0.79875, valid accuracy : 0.76110
0.7987 to 0.7988
test_auc: 0.7978	test_accuracy: 0.7579	test_loss: 0.5015	
Epoch 152/300, loss : 0.49123, auc : 0.80348, accuracy : 0.76155
Epoch 152/300, valid auc : 0.79883, valid accuracy : 0.76104
0.7988 to 0.7988
test_auc: 0.7978	test_accuracy: 0.7578	test_loss: 0.5014	
Epoch 153/300, loss : 0.49105, auc : 0.80362, accuracy : 0.76161
Epoch 153/300, valid auc : 0.79891, valid accuracy : 0.76078
0.7988 to 0.7989
test_auc: 0.7979	test_accuracy: 0.7578	test_loss: 0.5013	
Epoch 154/300, loss : 0.49088, auc : 0.80375, accuracy : 0.76175
Epoch 154/300, valid auc : 0.79899, valid accuracy : 0.76081
0.7989 to 0.7990
test_auc: 0.7980	test_accuracy: 0.7580	test_loss: 0.5012	
Epoch 155/300, loss : 0.49072, auc : 0.80387, accuracy : 0.76180
Epoch 155/300, valid auc : 0.79908, valid accuracy : 0.76089
0.7990 to 0.7991
test_auc: 0.7981	test_accuracy: 0.7579	test_loss: 0.5011	
Epoch 156/300, loss : 0.49056, auc : 0.80399, accuracy : 0.76187
Epoch 156/300, valid auc : 0.79917, valid accuracy : 0.76089
0.7991 to 0.7992
test_auc: 0.7982	test_accuracy: 0.7579	test_loss: 0.5010	
Epoch 157/300, loss : 0.49040, auc : 0.80412, accuracy : 0.76204
Epoch 157/300, valid auc : 0.79924, valid accuracy : 0.76098
0.7992 to 0.7992
test_auc: 0.7982	test_accuracy: 0.7580	test_loss: 0.5009	
Epoch 158/300, loss : 0.49024, auc : 0.80424, accuracy : 0.76213
Epoch 158/300, valid auc : 0.79931, valid accuracy : 0.76107
0.7992 to 0.7993
test_auc: 0.7983	test_accuracy: 0.7580	test_loss: 0.5008	
Epoch 159/300, loss : 0.49008, auc : 0.80436, accuracy : 0.76221
Epoch 159/300, valid auc : 0.79938, valid accuracy : 0.76092
0.7993 to 0.7994
test_auc: 0.7984	test_accuracy: 0.7580	test_loss: 0.5007	
Epoch 160/300, loss : 0.48993, auc : 0.80447, accuracy : 0.76232
Epoch 160/300, valid auc : 0.79947, valid accuracy : 0.76087
0.7994 to 0.7995
test_auc: 0.7984	test_accuracy: 0.7581	test_loss: 0.5006	
Epoch 161/300, loss : 0.48979, auc : 0.80459, accuracy : 0.76236
Epoch 161/300, valid auc : 0.79955, valid accuracy : 0.76075
0.7995 to 0.7995
test_auc: 0.7985	test_accuracy: 0.7583	test_loss: 0.5006	
Epoch 162/300, loss : 0.48964, auc : 0.80470, accuracy : 0.76245
Epoch 162/300, valid auc : 0.79961, valid accuracy : 0.76069
0.7995 to 0.7996
test_auc: 0.7986	test_accuracy: 0.7582	test_loss: 0.5005	
Epoch 163/300, loss : 0.48949, auc : 0.80481, accuracy : 0.76255
Epoch 163/300, valid auc : 0.79969, valid accuracy : 0.76095
0.7996 to 0.7997
test_auc: 0.7986	test_accuracy: 0.7582	test_loss: 0.5004	
Epoch 164/300, loss : 0.48935, auc : 0.80492, accuracy : 0.76259
Epoch 164/300, valid auc : 0.79975, valid accuracy : 0.76113
0.7997 to 0.7998
test_auc: 0.7987	test_accuracy: 0.7582	test_loss: 0.5003	
Epoch 165/300, loss : 0.48921, auc : 0.80502, accuracy : 0.76260
Epoch 165/300, valid auc : 0.79981, valid accuracy : 0.76113
0.7998 to 0.7998
test_auc: 0.7987	test_accuracy: 0.7582	test_loss: 0.5003	
Epoch 166/300, loss : 0.48907, auc : 0.80512, accuracy : 0.76271
Epoch 166/300, valid auc : 0.79989, valid accuracy : 0.76098
0.7998 to 0.7999
test_auc: 0.7988	test_accuracy: 0.7582	test_loss: 0.5002	
Epoch 167/300, loss : 0.48894, auc : 0.80523, accuracy : 0.76278
Epoch 167/300, valid auc : 0.79995, valid accuracy : 0.76113
0.7999 to 0.8000
test_auc: 0.7989	test_accuracy: 0.7582	test_loss: 0.5001	
Epoch 168/300, loss : 0.48880, auc : 0.80533, accuracy : 0.76278
Epoch 168/300, valid auc : 0.80001, valid accuracy : 0.76116
0.8000 to 0.8000
test_auc: 0.7989	test_accuracy: 0.7582	test_loss: 0.5000	
Epoch 169/300, loss : 0.48867, auc : 0.80542, accuracy : 0.76280
Epoch 169/300, valid auc : 0.80007, valid accuracy : 0.76116
0.8000 to 0.8001
test_auc: 0.7990	test_accuracy: 0.7582	test_loss: 0.5000	
Epoch 170/300, loss : 0.48855, auc : 0.80552, accuracy : 0.76286
Epoch 170/300, valid auc : 0.80013, valid accuracy : 0.76110
0.8001 to 0.8001
test_auc: 0.7990	test_accuracy: 0.7583	test_loss: 0.4999	
Epoch 171/300, loss : 0.48842, auc : 0.80561, accuracy : 0.76287
Epoch 171/300, valid auc : 0.80019, valid accuracy : 0.76098
0.8001 to 0.8002
test_auc: 0.7990	test_accuracy: 0.7584	test_loss: 0.4998	
Epoch 172/300, loss : 0.48830, auc : 0.80570, accuracy : 0.76308
Epoch 172/300, valid auc : 0.80025, valid accuracy : 0.76107
0.8002 to 0.8002
test_auc: 0.7991	test_accuracy: 0.7584	test_loss: 0.4998	
Epoch 173/300, loss : 0.48819, auc : 0.80579, accuracy : 0.76305
Epoch 173/300, valid auc : 0.80031, valid accuracy : 0.76101
0.8002 to 0.8003
test_auc: 0.7991	test_accuracy: 0.7583	test_loss: 0.4997	
Epoch 174/300, loss : 0.48807, auc : 0.80587, accuracy : 0.76297
Epoch 174/300, valid auc : 0.80036, valid accuracy : 0.76110
0.8003 to 0.8004
test_auc: 0.7992	test_accuracy: 0.7582	test_loss: 0.4997	
Epoch 175/300, loss : 0.48797, auc : 0.80595, accuracy : 0.76295
Epoch 175/300, valid auc : 0.80040, valid accuracy : 0.76113
0.8004 to 0.8004
test_auc: 0.7992	test_accuracy: 0.7583	test_loss: 0.4996	
Epoch 176/300, loss : 0.48786, auc : 0.80603, accuracy : 0.76297
Epoch 176/300, valid auc : 0.80045, valid accuracy : 0.76110
0.8004 to 0.8005
test_auc: 0.7992	test_accuracy: 0.7583	test_loss: 0.4996	
Epoch 177/300, loss : 0.48776, auc : 0.80610, accuracy : 0.76302
Epoch 177/300, valid auc : 0.80051, valid accuracy : 0.76107
0.8005 to 0.8005
test_auc: 0.7993	test_accuracy: 0.7582	test_loss: 0.4995	
Epoch 178/300, loss : 0.48766, auc : 0.80617, accuracy : 0.76306
Epoch 178/300, valid auc : 0.80056, valid accuracy : 0.76095
0.8005 to 0.8006
test_auc: 0.7993	test_accuracy: 0.7583	test_loss: 0.4994	
Epoch 179/300, loss : 0.48757, auc : 0.80624, accuracy : 0.76314
Epoch 179/300, valid auc : 0.80060, valid accuracy : 0.76087
0.8006 to 0.8006
test_auc: 0.7993	test_accuracy: 0.7583	test_loss: 0.4994	
Epoch 180/300, loss : 0.48748, auc : 0.80630, accuracy : 0.76315
Epoch 180/300, valid auc : 0.80064, valid accuracy : 0.76081
0.8006 to 0.8006
test_auc: 0.7994	test_accuracy: 0.7583	test_loss: 0.4993	
Epoch 181/300, loss : 0.48740, auc : 0.80636, accuracy : 0.76312
Epoch 181/300, valid auc : 0.80067, valid accuracy : 0.76087
0.8006 to 0.8007
test_auc: 0.7994	test_accuracy: 0.7583	test_loss: 0.4993	
Epoch 182/300, loss : 0.48731, auc : 0.80642, accuracy : 0.76308
Epoch 182/300, valid auc : 0.80072, valid accuracy : 0.76069
0.8007 to 0.8007
test_auc: 0.7994	test_accuracy: 0.7583	test_loss: 0.4992	
Epoch 183/300, loss : 0.48724, auc : 0.80647, accuracy : 0.76312
Epoch 183/300, valid auc : 0.80075, valid accuracy : 0.76049
0.8007 to 0.8008
test_auc: 0.7995	test_accuracy: 0.7583	test_loss: 0.4992	
Epoch 184/300, loss : 0.48715, auc : 0.80653, accuracy : 0.76305
Epoch 184/300, valid auc : 0.80080, valid accuracy : 0.76040
0.8008 to 0.8008
test_auc: 0.7996	test_accuracy: 0.7583	test_loss: 0.4991	
Epoch 185/300, loss : 0.48705, auc : 0.80660, accuracy : 0.76312
Epoch 185/300, valid auc : 0.80088, valid accuracy : 0.76037
0.8008 to 0.8009
test_auc: 0.7997	test_accuracy: 0.7584	test_loss: 0.4989	
Epoch 186/300, loss : 0.48690, auc : 0.80668, accuracy : 0.76306
Epoch 186/300, valid auc : 0.80100, valid accuracy : 0.76040
0.8009 to 0.8010
test_auc: 0.7999	test_accuracy: 0.7584	test_loss: 0.4987	
Epoch 187/300, loss : 0.48669, auc : 0.80678, accuracy : 0.76304
Epoch 187/300, valid auc : 0.80112, valid accuracy : 0.76055
0.8010 to 0.8011
test_auc: 0.7999	test_accuracy: 0.7582	test_loss: 0.4987	
Epoch 188/300, loss : 0.48647, auc : 0.80688, accuracy : 0.76300
Epoch 188/300, valid auc : 0.80125, valid accuracy : 0.76066
0.8011 to 0.8012
test_auc: 0.7998	test_accuracy: 0.7580	test_loss: 0.4988	
Epoch 189/300, loss : 0.48627, auc : 0.80699, accuracy : 0.76311
Epoch 189/300, valid auc : 0.80137, valid accuracy : 0.76069
0.8012 to 0.8014
test_auc: 0.7996	test_accuracy: 0.7575	test_loss: 0.4992	
Epoch 190/300, loss : 0.48611, auc : 0.80708, accuracy : 0.76314
Epoch 190/300, valid auc : 0.80147, valid accuracy : 0.76055
0.8014 to 0.8015
test_auc: 0.7991	test_accuracy: 0.7575	test_loss: 0.4998	
Epoch 191/300, loss : 0.48598, auc : 0.80714, accuracy : 0.76321
Epoch 191/300, valid auc : 0.80156, valid accuracy : 0.76058
0.8015 to 0.8016
test_auc: 0.7988	test_accuracy: 0.7576	test_loss: 0.5002	
Epoch 192/300, loss : 0.48588, auc : 0.80719, accuracy : 0.76331
Epoch 192/300, valid auc : 0.80166, valid accuracy : 0.76061
0.8016 to 0.8017
test_auc: 0.7987	test_accuracy: 0.7576	test_loss: 0.5003	
Epoch 193/300, loss : 0.48577, auc : 0.80728, accuracy : 0.76345
Epoch 193/300, valid auc : 0.80179, valid accuracy : 0.76058
0.8017 to 0.8018
test_auc: 0.7989	test_accuracy: 0.7575	test_loss: 0.5003	
Epoch 194/300, loss : 0.48562, auc : 0.80742, accuracy : 0.76350
Epoch 194/300, valid auc : 0.80195, valid accuracy : 0.76087
0.8018 to 0.8020
test_auc: 0.7991	test_accuracy: 0.7576	test_loss: 0.5001	
Epoch 195/300, loss : 0.48544, auc : 0.80762, accuracy : 0.76359
Epoch 195/300, valid auc : 0.80208, valid accuracy : 0.76078
0.8020 to 0.8021
test_auc: 0.7995	test_accuracy: 0.7580	test_loss: 0.4996	
Epoch 196/300, loss : 0.48528, auc : 0.80780, accuracy : 0.76368
Epoch 196/300, valid auc : 0.80215, valid accuracy : 0.76081
0.8021 to 0.8021
test_auc: 0.7999	test_accuracy: 0.7581	test_loss: 0.4992	
Epoch 197/300, loss : 0.48515, auc : 0.80794, accuracy : 0.76375
Epoch 197/300, valid auc : 0.80222, valid accuracy : 0.76072
0.8021 to 0.8022
test_auc: 0.8001	test_accuracy: 0.7580	test_loss: 0.4990	
Epoch 198/300, loss : 0.48503, auc : 0.80806, accuracy : 0.76380
Epoch 198/300, valid auc : 0.80227, valid accuracy : 0.76040
0.8022 to 0.8023
test_auc: 0.8002	test_accuracy: 0.7582	test_loss: 0.4989	
Epoch 199/300, loss : 0.48491, auc : 0.80816, accuracy : 0.76397
Epoch 199/300, valid auc : 0.80235, valid accuracy : 0.76078
0.8023 to 0.8023
test_auc: 0.8004	test_accuracy: 0.7582	test_loss: 0.4988	
Epoch 200/300, loss : 0.48479, auc : 0.80827, accuracy : 0.76405
Epoch 200/300, valid auc : 0.80242, valid accuracy : 0.76116
0.8023 to 0.8024
test_auc: 0.8004	test_accuracy: 0.7584	test_loss: 0.4987	
Epoch 201/300, loss : 0.48466, auc : 0.80838, accuracy : 0.76420
Epoch 201/300, valid auc : 0.80250, valid accuracy : 0.76104
0.8024 to 0.8025
test_auc: 0.8005	test_accuracy: 0.7583	test_loss: 0.4986	
Epoch 202/300, loss : 0.48452, auc : 0.80849, accuracy : 0.76424
Epoch 202/300, valid auc : 0.80257, valid accuracy : 0.76095
0.8025 to 0.8026
test_auc: 0.8006	test_accuracy: 0.7583	test_loss: 0.4985	
Epoch 203/300, loss : 0.48439, auc : 0.80860, accuracy : 0.76433
Epoch 203/300, valid auc : 0.80264, valid accuracy : 0.76107
0.8026 to 0.8026
test_auc: 0.8006	test_accuracy: 0.7584	test_loss: 0.4984	
Epoch 204/300, loss : 0.48425, auc : 0.80871, accuracy : 0.76452
Epoch 204/300, valid auc : 0.80271, valid accuracy : 0.76104
0.8026 to 0.8027
test_auc: 0.8007	test_accuracy: 0.7584	test_loss: 0.4984	
Epoch 205/300, loss : 0.48412, auc : 0.80881, accuracy : 0.76462
Epoch 205/300, valid auc : 0.80279, valid accuracy : 0.76110
0.8027 to 0.8028
test_auc: 0.8008	test_accuracy: 0.7585	test_loss: 0.4983	
Epoch 206/300, loss : 0.48399, auc : 0.80892, accuracy : 0.76464
Epoch 206/300, valid auc : 0.80286, valid accuracy : 0.76113
0.8028 to 0.8029
test_auc: 0.8008	test_accuracy: 0.7586	test_loss: 0.4982	
Epoch 207/300, loss : 0.48386, auc : 0.80903, accuracy : 0.76464
Epoch 207/300, valid auc : 0.80293, valid accuracy : 0.76116
0.8029 to 0.8029
test_auc: 0.8009	test_accuracy: 0.7585	test_loss: 0.4982	
Epoch 208/300, loss : 0.48373, auc : 0.80913, accuracy : 0.76468
Epoch 208/300, valid auc : 0.80299, valid accuracy : 0.76127
0.8029 to 0.8030
test_auc: 0.8009	test_accuracy: 0.7585	test_loss: 0.4981	
Epoch 209/300, loss : 0.48360, auc : 0.80923, accuracy : 0.76470
Epoch 209/300, valid auc : 0.80307, valid accuracy : 0.76113
0.8030 to 0.8031
test_auc: 0.8010	test_accuracy: 0.7585	test_loss: 0.4981	
Epoch 210/300, loss : 0.48348, auc : 0.80933, accuracy : 0.76473
Epoch 210/300, valid auc : 0.80313, valid accuracy : 0.76145
0.8031 to 0.8031
test_auc: 0.8010	test_accuracy: 0.7585	test_loss: 0.4980	
Epoch 211/300, loss : 0.48336, auc : 0.80943, accuracy : 0.76481
Epoch 211/300, valid auc : 0.80319, valid accuracy : 0.76139
0.8031 to 0.8032
test_auc: 0.8010	test_accuracy: 0.7586	test_loss: 0.4980	
Epoch 212/300, loss : 0.48324, auc : 0.80952, accuracy : 0.76481
Epoch 212/300, valid auc : 0.80325, valid accuracy : 0.76142
0.8032 to 0.8032
test_auc: 0.8011	test_accuracy: 0.7587	test_loss: 0.4979	
Epoch 213/300, loss : 0.48312, auc : 0.80962, accuracy : 0.76479
Epoch 213/300, valid auc : 0.80330, valid accuracy : 0.76162
0.8032 to 0.8033
test_auc: 0.8011	test_accuracy: 0.7587	test_loss: 0.4979	
Epoch 214/300, loss : 0.48300, auc : 0.80971, accuracy : 0.76489
Epoch 214/300, valid auc : 0.80336, valid accuracy : 0.76162
0.8033 to 0.8034
test_auc: 0.8011	test_accuracy: 0.7587	test_loss: 0.4978	
Epoch 215/300, loss : 0.48289, auc : 0.80980, accuracy : 0.76494
Epoch 215/300, valid auc : 0.80342, valid accuracy : 0.76182
0.8034 to 0.8034
test_auc: 0.8012	test_accuracy: 0.7584	test_loss: 0.4978	
Epoch 216/300, loss : 0.48277, auc : 0.80989, accuracy : 0.76501
Epoch 216/300, valid auc : 0.80347, valid accuracy : 0.76205
0.8034 to 0.8035
test_auc: 0.8012	test_accuracy: 0.7585	test_loss: 0.4978	
Epoch 217/300, loss : 0.48266, auc : 0.80998, accuracy : 0.76508
Epoch 217/300, valid auc : 0.80352, valid accuracy : 0.76208
0.8035 to 0.8035
test_auc: 0.8012	test_accuracy: 0.7584	test_loss: 0.4977	
Epoch 218/300, loss : 0.48256, auc : 0.81007, accuracy : 0.76512
Epoch 218/300, valid auc : 0.80358, valid accuracy : 0.76194
0.8035 to 0.8036
test_auc: 0.8013	test_accuracy: 0.7584	test_loss: 0.4977	
Epoch 219/300, loss : 0.48245, auc : 0.81015, accuracy : 0.76522
Epoch 219/300, valid auc : 0.80362, valid accuracy : 0.76208
0.8036 to 0.8036
test_auc: 0.8013	test_accuracy: 0.7584	test_loss: 0.4976	
Epoch 220/300, loss : 0.48234, auc : 0.81024, accuracy : 0.76519
Epoch 220/300, valid auc : 0.80367, valid accuracy : 0.76191
0.8036 to 0.8037
test_auc: 0.8013	test_accuracy: 0.7583	test_loss: 0.4976	
Epoch 221/300, loss : 0.48224, auc : 0.81032, accuracy : 0.76524
Epoch 221/300, valid auc : 0.80372, valid accuracy : 0.76191
0.8037 to 0.8037
test_auc: 0.8014	test_accuracy: 0.7584	test_loss: 0.4976	
Epoch 222/300, loss : 0.48214, auc : 0.81040, accuracy : 0.76532
Epoch 222/300, valid auc : 0.80376, valid accuracy : 0.76182
0.8037 to 0.8038
test_auc: 0.8014	test_accuracy: 0.7582	test_loss: 0.4975	
Epoch 223/300, loss : 0.48204, auc : 0.81048, accuracy : 0.76541
Epoch 223/300, valid auc : 0.80380, valid accuracy : 0.76185
0.8038 to 0.8038
test_auc: 0.8014	test_accuracy: 0.7582	test_loss: 0.4975	
Epoch 224/300, loss : 0.48194, auc : 0.81055, accuracy : 0.76544
Epoch 224/300, valid auc : 0.80384, valid accuracy : 0.76174
0.8038 to 0.8038
test_auc: 0.8014	test_accuracy: 0.7582	test_loss: 0.4974	
Epoch 225/300, loss : 0.48185, auc : 0.81063, accuracy : 0.76551
Epoch 225/300, valid auc : 0.80388, valid accuracy : 0.76185
0.8038 to 0.8039
test_auc: 0.8015	test_accuracy: 0.7580	test_loss: 0.4974	
Epoch 226/300, loss : 0.48175, auc : 0.81070, accuracy : 0.76560
Epoch 226/300, valid auc : 0.80392, valid accuracy : 0.76176
0.8039 to 0.8039
test_auc: 0.8015	test_accuracy: 0.7580	test_loss: 0.4974	
Epoch 227/300, loss : 0.48166, auc : 0.81077, accuracy : 0.76559
Epoch 227/300, valid auc : 0.80394, valid accuracy : 0.76174
0.8039 to 0.8039
test_auc: 0.8015	test_accuracy: 0.7580	test_loss: 0.4974	
Epoch 228/300, loss : 0.48158, auc : 0.81083, accuracy : 0.76563
Epoch 228/300, valid auc : 0.80397, valid accuracy : 0.76145
0.8039 to 0.8040
test_auc: 0.8015	test_accuracy: 0.7582	test_loss: 0.4973	
Epoch 229/300, loss : 0.48150, auc : 0.81088, accuracy : 0.76571
Epoch 229/300, valid auc : 0.80399, valid accuracy : 0.76150
0.8040 to 0.8040
test_auc: 0.8015	test_accuracy: 0.7581	test_loss: 0.4973	
Epoch 230/300, loss : 0.48144, auc : 0.81091, accuracy : 0.76574
Epoch 230/300, valid auc : 0.80399, valid accuracy : 0.76142
0.8040 to 0.8040
test_auc: 0.8015	test_accuracy: 0.7579	test_loss: 0.4973	
Epoch 231/300, loss : 0.48139, auc : 0.81092, accuracy : 0.76574
Epoch 231/300, valid auc : 0.80398, valid accuracy : 0.76133
Epoch 232/300, loss : 0.48136, auc : 0.81093, accuracy : 0.76569
Epoch 232/300, valid auc : 0.80396, valid accuracy : 0.76139
Epoch 233/300, loss : 0.48133, auc : 0.81095, accuracy : 0.76574
Epoch 233/300, valid auc : 0.80394, valid accuracy : 0.76127
Epoch 234/300, loss : 0.48128, auc : 0.81097, accuracy : 0.76577
Epoch 234/300, valid auc : 0.80394, valid accuracy : 0.76133
Epoch 235/300, loss : 0.48124, auc : 0.81100, accuracy : 0.76585
Epoch 235/300, valid auc : 0.80394, valid accuracy : 0.76139
Epoch 236/300, loss : 0.48119, auc : 0.81104, accuracy : 0.76590
Epoch 236/300, valid auc : 0.80395, valid accuracy : 0.76159
Epoch 237/300, loss : 0.48113, auc : 0.81108, accuracy : 0.76586
Epoch 237/300, valid auc : 0.80395, valid accuracy : 0.76147
Epoch 238/300, loss : 0.48107, auc : 0.81112, accuracy : 0.76585
Epoch 238/300, valid auc : 0.80396, valid accuracy : 0.76159
Epoch 239/300, loss : 0.48100, auc : 0.81118, accuracy : 0.76583
Epoch 239/300, valid auc : 0.80398, valid accuracy : 0.76162
Epoch 240/300, loss : 0.48093, auc : 0.81123, accuracy : 0.76592
Epoch 240/300, valid auc : 0.80401, valid accuracy : 0.76165
0.8040 to 0.8040
test_auc: 0.8014	test_accuracy: 0.7578	test_loss: 0.4972	
Epoch 241/300, loss : 0.48085, auc : 0.81128, accuracy : 0.76605
Epoch 241/300, valid auc : 0.80403, valid accuracy : 0.76171
0.8040 to 0.8040
test_auc: 0.8015	test_accuracy: 0.7579	test_loss: 0.4972	
Epoch 242/300, loss : 0.48078, auc : 0.81134, accuracy : 0.76608
Epoch 242/300, valid auc : 0.80405, valid accuracy : 0.76156
0.8040 to 0.8041
test_auc: 0.8015	test_accuracy: 0.7580	test_loss: 0.4972	
Epoch 243/300, loss : 0.48069, auc : 0.81140, accuracy : 0.76611
Epoch 243/300, valid auc : 0.80408, valid accuracy : 0.76153
0.8041 to 0.8041
test_auc: 0.8015	test_accuracy: 0.7580	test_loss: 0.4972	
Epoch 244/300, loss : 0.48061, auc : 0.81146, accuracy : 0.76609
Epoch 244/300, valid auc : 0.80411, valid accuracy : 0.76145
0.8041 to 0.8041
test_auc: 0.8015	test_accuracy: 0.7580	test_loss: 0.4971	
Epoch 245/300, loss : 0.48053, auc : 0.81152, accuracy : 0.76611
Epoch 245/300, valid auc : 0.80414, valid accuracy : 0.76142
0.8041 to 0.8041
test_auc: 0.8016	test_accuracy: 0.7581	test_loss: 0.4971	
Epoch 246/300, loss : 0.48044, auc : 0.81158, accuracy : 0.76623
Epoch 246/300, valid auc : 0.80417, valid accuracy : 0.76159
0.8041 to 0.8042
test_auc: 0.8016	test_accuracy: 0.7582	test_loss: 0.4970	
Epoch 247/300, loss : 0.48036, auc : 0.81165, accuracy : 0.76627
Epoch 247/300, valid auc : 0.80420, valid accuracy : 0.76179
0.8042 to 0.8042
test_auc: 0.8016	test_accuracy: 0.7583	test_loss: 0.4970	
Epoch 248/300, loss : 0.48027, auc : 0.81171, accuracy : 0.76629
Epoch 248/300, valid auc : 0.80423, valid accuracy : 0.76165
0.8042 to 0.8042
test_auc: 0.8017	test_accuracy: 0.7584	test_loss: 0.4970	
Epoch 249/300, loss : 0.48018, auc : 0.81178, accuracy : 0.76632
Epoch 249/300, valid auc : 0.80427, valid accuracy : 0.76165
0.8042 to 0.8043
test_auc: 0.8017	test_accuracy: 0.7584	test_loss: 0.4969	
Epoch 250/300, loss : 0.48009, auc : 0.81184, accuracy : 0.76643
Epoch 250/300, valid auc : 0.80430, valid accuracy : 0.76153
0.8043 to 0.8043
test_auc: 0.8018	test_accuracy: 0.7585	test_loss: 0.4969	
Epoch 251/300, loss : 0.48000, auc : 0.81191, accuracy : 0.76649
Epoch 251/300, valid auc : 0.80433, valid accuracy : 0.76162
0.8043 to 0.8043
test_auc: 0.8018	test_accuracy: 0.7584	test_loss: 0.4968	
Epoch 252/300, loss : 0.47992, auc : 0.81197, accuracy : 0.76650
Epoch 252/300, valid auc : 0.80437, valid accuracy : 0.76179
0.8043 to 0.8044
test_auc: 0.8018	test_accuracy: 0.7584	test_loss: 0.4968	
Epoch 253/300, loss : 0.47983, auc : 0.81204, accuracy : 0.76649
Epoch 253/300, valid auc : 0.80440, valid accuracy : 0.76179
0.8044 to 0.8044
test_auc: 0.8019	test_accuracy: 0.7584	test_loss: 0.4967	
Epoch 254/300, loss : 0.47974, auc : 0.81210, accuracy : 0.76651
Epoch 254/300, valid auc : 0.80443, valid accuracy : 0.76185
0.8044 to 0.8044
test_auc: 0.8019	test_accuracy: 0.7584	test_loss: 0.4967	
Epoch 255/300, loss : 0.47965, auc : 0.81217, accuracy : 0.76655
Epoch 255/300, valid auc : 0.80446, valid accuracy : 0.76191
0.8044 to 0.8045
test_auc: 0.8020	test_accuracy: 0.7585	test_loss: 0.4966	
Epoch 256/300, loss : 0.47956, auc : 0.81223, accuracy : 0.76652
Epoch 256/300, valid auc : 0.80450, valid accuracy : 0.76182
0.8045 to 0.8045
test_auc: 0.8020	test_accuracy: 0.7585	test_loss: 0.4966	
Epoch 257/300, loss : 0.47948, auc : 0.81229, accuracy : 0.76650
Epoch 257/300, valid auc : 0.80453, valid accuracy : 0.76171
0.8045 to 0.8045
test_auc: 0.8020	test_accuracy: 0.7585	test_loss: 0.4965	
Epoch 258/300, loss : 0.47939, auc : 0.81236, accuracy : 0.76655
Epoch 258/300, valid auc : 0.80457, valid accuracy : 0.76179
0.8045 to 0.8046
test_auc: 0.8021	test_accuracy: 0.7584	test_loss: 0.4965	
Epoch 259/300, loss : 0.47931, auc : 0.81242, accuracy : 0.76664
Epoch 259/300, valid auc : 0.80459, valid accuracy : 0.76188
0.8046 to 0.8046
test_auc: 0.8021	test_accuracy: 0.7584	test_loss: 0.4964	
Epoch 260/300, loss : 0.47922, auc : 0.81248, accuracy : 0.76668
Epoch 260/300, valid auc : 0.80462, valid accuracy : 0.76182
0.8046 to 0.8046
test_auc: 0.8022	test_accuracy: 0.7584	test_loss: 0.4964	
Epoch 261/300, loss : 0.47914, auc : 0.81253, accuracy : 0.76671
Epoch 261/300, valid auc : 0.80464, valid accuracy : 0.76179
0.8046 to 0.8046
test_auc: 0.8022	test_accuracy: 0.7583	test_loss: 0.4964	
Epoch 262/300, loss : 0.47906, auc : 0.81259, accuracy : 0.76677
Epoch 262/300, valid auc : 0.80467, valid accuracy : 0.76194
0.8046 to 0.8047
test_auc: 0.8022	test_accuracy: 0.7584	test_loss: 0.4963	
Epoch 263/300, loss : 0.47898, auc : 0.81264, accuracy : 0.76675
Epoch 263/300, valid auc : 0.80470, valid accuracy : 0.76197
0.8047 to 0.8047
test_auc: 0.8023	test_accuracy: 0.7584	test_loss: 0.4963	
Epoch 264/300, loss : 0.47890, auc : 0.81270, accuracy : 0.76680
Epoch 264/300, valid auc : 0.80472, valid accuracy : 0.76205
0.8047 to 0.8047
test_auc: 0.8023	test_accuracy: 0.7584	test_loss: 0.4962	
Epoch 265/300, loss : 0.47882, auc : 0.81275, accuracy : 0.76687
Epoch 265/300, valid auc : 0.80473, valid accuracy : 0.76220
0.8047 to 0.8047
test_auc: 0.8023	test_accuracy: 0.7585	test_loss: 0.4962	
Epoch 266/300, loss : 0.47876, auc : 0.81279, accuracy : 0.76690
Epoch 266/300, valid auc : 0.80475, valid accuracy : 0.76217
0.8047 to 0.8047
test_auc: 0.8024	test_accuracy: 0.7587	test_loss: 0.4961	
Epoch 267/300, loss : 0.47869, auc : 0.81284, accuracy : 0.76697
Epoch 267/300, valid auc : 0.80476, valid accuracy : 0.76208
0.8047 to 0.8048
test_auc: 0.8024	test_accuracy: 0.7586	test_loss: 0.4961	
Epoch 268/300, loss : 0.47862, auc : 0.81289, accuracy : 0.76694
Epoch 268/300, valid auc : 0.80478, valid accuracy : 0.76205
0.8048 to 0.8048
test_auc: 0.8024	test_accuracy: 0.7586	test_loss: 0.4961	
Epoch 269/300, loss : 0.47856, auc : 0.81293, accuracy : 0.76695
Epoch 269/300, valid auc : 0.80479, valid accuracy : 0.76202
0.8048 to 0.8048
test_auc: 0.8025	test_accuracy: 0.7588	test_loss: 0.4960	
Epoch 270/300, loss : 0.47850, auc : 0.81297, accuracy : 0.76694
Epoch 270/300, valid auc : 0.80480, valid accuracy : 0.76202
0.8048 to 0.8048
test_auc: 0.8025	test_accuracy: 0.7586	test_loss: 0.4960	
Epoch 271/300, loss : 0.47844, auc : 0.81301, accuracy : 0.76707
Epoch 271/300, valid auc : 0.80480, valid accuracy : 0.76197
0.8048 to 0.8048
test_auc: 0.8025	test_accuracy: 0.7587	test_loss: 0.4960	
Epoch 272/300, loss : 0.47839, auc : 0.81305, accuracy : 0.76711
Epoch 272/300, valid auc : 0.80482, valid accuracy : 0.76202
0.8048 to 0.8048
test_auc: 0.8025	test_accuracy: 0.7586	test_loss: 0.4960	
Epoch 273/300, loss : 0.47833, auc : 0.81309, accuracy : 0.76716
Epoch 273/300, valid auc : 0.80483, valid accuracy : 0.76202
0.8048 to 0.8048
test_auc: 0.8025	test_accuracy: 0.7587	test_loss: 0.4959	
Epoch 274/300, loss : 0.47828, auc : 0.81313, accuracy : 0.76720
Epoch 274/300, valid auc : 0.80484, valid accuracy : 0.76179
0.8048 to 0.8048
test_auc: 0.8026	test_accuracy: 0.7587	test_loss: 0.4959	
Epoch 275/300, loss : 0.47823, auc : 0.81317, accuracy : 0.76727
Epoch 275/300, valid auc : 0.80485, valid accuracy : 0.76185
0.8048 to 0.8048
test_auc: 0.8026	test_accuracy: 0.7586	test_loss: 0.4959	
Epoch 276/300, loss : 0.47817, auc : 0.81321, accuracy : 0.76727
Epoch 276/300, valid auc : 0.80485, valid accuracy : 0.76185
0.8048 to 0.8049
test_auc: 0.8026	test_accuracy: 0.7587	test_loss: 0.4959	
Epoch 277/300, loss : 0.47812, auc : 0.81324, accuracy : 0.76735
Epoch 277/300, valid auc : 0.80486, valid accuracy : 0.76179
0.8049 to 0.8049
test_auc: 0.8026	test_accuracy: 0.7589	test_loss: 0.4959	
Epoch 278/300, loss : 0.47807, auc : 0.81328, accuracy : 0.76736
Epoch 278/300, valid auc : 0.80487, valid accuracy : 0.76182
0.8049 to 0.8049
test_auc: 0.8026	test_accuracy: 0.7589	test_loss: 0.4958	
Epoch 279/300, loss : 0.47802, auc : 0.81332, accuracy : 0.76739
Epoch 279/300, valid auc : 0.80488, valid accuracy : 0.76188
0.8049 to 0.8049
test_auc: 0.8026	test_accuracy: 0.7588	test_loss: 0.4958	
Epoch 280/300, loss : 0.47797, auc : 0.81336, accuracy : 0.76740
Epoch 280/300, valid auc : 0.80490, valid accuracy : 0.76174
0.8049 to 0.8049
test_auc: 0.8026	test_accuracy: 0.7588	test_loss: 0.4958	
Epoch 281/300, loss : 0.47792, auc : 0.81339, accuracy : 0.76742
Epoch 281/300, valid auc : 0.80490, valid accuracy : 0.76165
0.8049 to 0.8049
test_auc: 0.8026	test_accuracy: 0.7588	test_loss: 0.4958	
Epoch 282/300, loss : 0.47787, auc : 0.81343, accuracy : 0.76739
Epoch 282/300, valid auc : 0.80491, valid accuracy : 0.76156
0.8049 to 0.8049
test_auc: 0.8027	test_accuracy: 0.7588	test_loss: 0.4958	
Epoch 283/300, loss : 0.47783, auc : 0.81346, accuracy : 0.76743
Epoch 283/300, valid auc : 0.80491, valid accuracy : 0.76159
0.8049 to 0.8049
test_auc: 0.8027	test_accuracy: 0.7588	test_loss: 0.4958	
Epoch 284/300, loss : 0.47778, auc : 0.81349, accuracy : 0.76743
Epoch 284/300, valid auc : 0.80493, valid accuracy : 0.76168
0.8049 to 0.8049
test_auc: 0.8027	test_accuracy: 0.7587	test_loss: 0.4957	
Epoch 285/300, loss : 0.47774, auc : 0.81353, accuracy : 0.76745
Epoch 285/300, valid auc : 0.80493, valid accuracy : 0.76171
Epoch 286/300, loss : 0.47769, auc : 0.81356, accuracy : 0.76755
Epoch 286/300, valid auc : 0.80493, valid accuracy : 0.76145
0.8049 to 0.8049
test_auc: 0.8027	test_accuracy: 0.7588	test_loss: 0.4957	
Epoch 287/300, loss : 0.47765, auc : 0.81359, accuracy : 0.76750
Epoch 287/300, valid auc : 0.80493, valid accuracy : 0.76130
0.8049 to 0.8049
test_auc: 0.8027	test_accuracy: 0.7588	test_loss: 0.4957	
Epoch 288/300, loss : 0.47760, auc : 0.81362, accuracy : 0.76750
Epoch 288/300, valid auc : 0.80494, valid accuracy : 0.76147
0.8049 to 0.8049
test_auc: 0.8027	test_accuracy: 0.7587	test_loss: 0.4957	
Epoch 289/300, loss : 0.47756, auc : 0.81365, accuracy : 0.76748
Epoch 289/300, valid auc : 0.80494, valid accuracy : 0.76150
0.8049 to 0.8049
test_auc: 0.8027	test_accuracy: 0.7588	test_loss: 0.4957	
Epoch 290/300, loss : 0.47752, auc : 0.81368, accuracy : 0.76748
Epoch 290/300, valid auc : 0.80494, valid accuracy : 0.76159
0.8049 to 0.8049
test_auc: 0.8027	test_accuracy: 0.7588	test_loss: 0.4957	
Epoch 291/300, loss : 0.47748, auc : 0.81371, accuracy : 0.76759
Epoch 291/300, valid auc : 0.80494, valid accuracy : 0.76159
Epoch 292/300, loss : 0.47744, auc : 0.81374, accuracy : 0.76761
Epoch 292/300, valid auc : 0.80494, valid accuracy : 0.76165
Epoch 293/300, loss : 0.47741, auc : 0.81376, accuracy : 0.76769
Epoch 293/300, valid auc : 0.80494, valid accuracy : 0.76174
Epoch 294/300, loss : 0.47737, auc : 0.81378, accuracy : 0.76777
Epoch 294/300, valid auc : 0.80494, valid accuracy : 0.76162
Epoch 295/300, loss : 0.47734, auc : 0.81380, accuracy : 0.76779
Epoch 295/300, valid auc : 0.80493, valid accuracy : 0.76162
Epoch 296/300, loss : 0.47731, auc : 0.81382, accuracy : 0.76778
Epoch 296/300, valid auc : 0.80492, valid accuracy : 0.76174
Epoch 297/300, loss : 0.47729, auc : 0.81383, accuracy : 0.76781
Epoch 297/300, valid auc : 0.80491, valid accuracy : 0.76202
Epoch 298/300, loss : 0.47726, auc : 0.81385, accuracy : 0.76790
Epoch 298/300, valid auc : 0.80490, valid accuracy : 0.76188
Epoch 299/300, loss : 0.47724, auc : 0.81386, accuracy : 0.76792
Epoch 299/300, valid auc : 0.80489, valid accuracy : 0.76188
Epoch 300/300, loss : 0.47722, auc : 0.81386, accuracy : 0.76801
Epoch 300/300, valid auc : 0.80488, valid accuracy : 0.76182
best outcome: best epoch: 290.0000
valid_auc: 0.8049	valid_accuracy: 0.7616	valid_loss: 0.4951	
test_auc: 0.8027	test_accuracy: 0.7588	test_loss: 0.4957	
