Namespace(batch_size=32, data_dir='./data/assist2009', data_name='assist2009', dataset_type='assist2009', decay_epoch=20, final_fc_dim=50, final_lr=1e-05, gpu=0, init_lr=0.001, init_std=0.1, load='assist2009', lr=0.001, lr_decay=0.75, max_iter=300, maxgradnorm=50.0, memory_key_state_dim=50, memory_size=20, memory_value_state_dim=200, momentum=0.9, n_question=110, q_embed_dim=50, qa_embed_dim=200, save='assist2009', seed='4', seqlen=200, show=True, test=False, train_test=True, wd=5e-05)
device: 0
Epoch 1/300, loss : 0.63145, auc : 0.61365, accuracy : 0.65694
Epoch 1/300, valid auc : 0.66361, valid accuracy : 0.68973
0.0000 to 0.6636
test_auc: 0.6771	test_accuracy: 0.6936	test_loss: 0.6105	
Epoch 2/300, loss : 0.59495, auc : 0.69066, accuracy : 0.69541
Epoch 2/300, valid auc : 0.68772, valid accuracy : 0.69919
0.6636 to 0.6877
test_auc: 0.6987	test_accuracy: 0.7019	test_loss: 0.5947	
Epoch 3/300, loss : 0.58607, auc : 0.70474, accuracy : 0.70111
Epoch 3/300, valid auc : 0.69613, valid accuracy : 0.70291
0.6877 to 0.6961
test_auc: 0.7065	test_accuracy: 0.7049	test_loss: 0.5889	
Epoch 4/300, loss : 0.58261, auc : 0.70978, accuracy : 0.70377
Epoch 4/300, valid auc : 0.69980, valid accuracy : 0.70495
0.6961 to 0.6998
test_auc: 0.7102	test_accuracy: 0.7060	test_loss: 0.5861	
Epoch 5/300, loss : 0.58074, auc : 0.71233, accuracy : 0.70455
Epoch 5/300, valid auc : 0.70189, valid accuracy : 0.70656
0.6998 to 0.7019
test_auc: 0.7124	test_accuracy: 0.7068	test_loss: 0.5844	
Epoch 6/300, loss : 0.57940, auc : 0.71412, accuracy : 0.70565
Epoch 6/300, valid auc : 0.70348, valid accuracy : 0.70694
0.7019 to 0.7035
test_auc: 0.7141	test_accuracy: 0.7077	test_loss: 0.5830	
Epoch 7/300, loss : 0.57815, auc : 0.71575, accuracy : 0.70633
Epoch 7/300, valid auc : 0.70502, valid accuracy : 0.70832
0.7035 to 0.7050
test_auc: 0.7158	test_accuracy: 0.7081	test_loss: 0.5816	
Epoch 8/300, loss : 0.57676, auc : 0.71752, accuracy : 0.70696
Epoch 8/300, valid auc : 0.70679, valid accuracy : 0.70933
0.7050 to 0.7068
test_auc: 0.7177	test_accuracy: 0.7090	test_loss: 0.5800	
Epoch 9/300, loss : 0.57512, auc : 0.71963, accuracy : 0.70773
Epoch 9/300, valid auc : 0.70914, valid accuracy : 0.71070
0.7068 to 0.7091
test_auc: 0.7202	test_accuracy: 0.7096	test_loss: 0.5781	
Epoch 10/300, loss : 0.57306, auc : 0.72229, accuracy : 0.70941
Epoch 10/300, valid auc : 0.71203, valid accuracy : 0.71206
0.7091 to 0.7120
test_auc: 0.7230	test_accuracy: 0.7113	test_loss: 0.5759	
Epoch 11/300, loss : 0.57084, auc : 0.72503, accuracy : 0.71102
Epoch 11/300, valid auc : 0.71435, valid accuracy : 0.71292
0.7120 to 0.7143
test_auc: 0.7254	test_accuracy: 0.7127	test_loss: 0.5738	
Epoch 12/300, loss : 0.56902, auc : 0.72707, accuracy : 0.71256
Epoch 12/300, valid auc : 0.71577, valid accuracy : 0.71399
0.7143 to 0.7158
test_auc: 0.7269	test_accuracy: 0.7138	test_loss: 0.5722	
Epoch 13/300, loss : 0.56757, auc : 0.72860, accuracy : 0.71384
Epoch 13/300, valid auc : 0.71697, valid accuracy : 0.71542
0.7158 to 0.7170
test_auc: 0.7282	test_accuracy: 0.7154	test_loss: 0.5707	
Epoch 14/300, loss : 0.56618, auc : 0.73002, accuracy : 0.71494
Epoch 14/300, valid auc : 0.71807, valid accuracy : 0.71630
0.7170 to 0.7181
test_auc: 0.7293	test_accuracy: 0.7164	test_loss: 0.5692	
Epoch 15/300, loss : 0.56489, auc : 0.73128, accuracy : 0.71616
Epoch 15/300, valid auc : 0.71890, valid accuracy : 0.71733
0.7181 to 0.7189
test_auc: 0.7302	test_accuracy: 0.7172	test_loss: 0.5681	
Epoch 16/300, loss : 0.56387, auc : 0.73233, accuracy : 0.71669
Epoch 16/300, valid auc : 0.71967, valid accuracy : 0.71796
0.7189 to 0.7197
test_auc: 0.7311	test_accuracy: 0.7182	test_loss: 0.5672	
Epoch 17/300, loss : 0.56292, auc : 0.73334, accuracy : 0.71743
Epoch 17/300, valid auc : 0.72050, valid accuracy : 0.71901
0.7197 to 0.7205
test_auc: 0.7320	test_accuracy: 0.7188	test_loss: 0.5664	
Epoch 18/300, loss : 0.56195, auc : 0.73435, accuracy : 0.71825
Epoch 18/300, valid auc : 0.72137, valid accuracy : 0.71932
0.7205 to 0.7214
test_auc: 0.7329	test_accuracy: 0.7193	test_loss: 0.5655	
Epoch 19/300, loss : 0.56096, auc : 0.73540, accuracy : 0.71904
Epoch 19/300, valid auc : 0.72233, valid accuracy : 0.72008
0.7214 to 0.7223
test_auc: 0.7339	test_accuracy: 0.7197	test_loss: 0.5646	
Epoch 20/300, loss : 0.55986, auc : 0.73658, accuracy : 0.71992
Epoch 20/300, valid auc : 0.72348, valid accuracy : 0.72039
0.7223 to 0.7235
test_auc: 0.7350	test_accuracy: 0.7205	test_loss: 0.5634	
Epoch 21/300, loss : 0.55861, auc : 0.73791, accuracy : 0.72046
Epoch 21/300, valid auc : 0.72477, valid accuracy : 0.72088
0.7235 to 0.7248
test_auc: 0.7362	test_accuracy: 0.7214	test_loss: 0.5622	
Epoch 22/300, loss : 0.55740, auc : 0.73922, accuracy : 0.72134
Epoch 22/300, valid auc : 0.72598, valid accuracy : 0.72174
0.7248 to 0.7260
test_auc: 0.7375	test_accuracy: 0.7220	test_loss: 0.5611	
Epoch 23/300, loss : 0.55646, auc : 0.74029, accuracy : 0.72197
Epoch 23/300, valid auc : 0.72692, valid accuracy : 0.72226
0.7260 to 0.7269
test_auc: 0.7384	test_accuracy: 0.7227	test_loss: 0.5602	
Epoch 24/300, loss : 0.55579, auc : 0.74107, accuracy : 0.72258
Epoch 24/300, valid auc : 0.72769, valid accuracy : 0.72279
0.7269 to 0.7277
test_auc: 0.7392	test_accuracy: 0.7235	test_loss: 0.5596	
Epoch 25/300, loss : 0.55523, auc : 0.74175, accuracy : 0.72307
Epoch 25/300, valid auc : 0.72837, valid accuracy : 0.72304
0.7277 to 0.7284
test_auc: 0.7398	test_accuracy: 0.7238	test_loss: 0.5591	
Epoch 26/300, loss : 0.55472, auc : 0.74234, accuracy : 0.72338
Epoch 26/300, valid auc : 0.72894, valid accuracy : 0.72350
0.7284 to 0.7289
test_auc: 0.7404	test_accuracy: 0.7241	test_loss: 0.5586	
Epoch 27/300, loss : 0.55427, auc : 0.74285, accuracy : 0.72332
Epoch 27/300, valid auc : 0.72944, valid accuracy : 0.72325
0.7289 to 0.7294
test_auc: 0.7409	test_accuracy: 0.7242	test_loss: 0.5582	
Epoch 28/300, loss : 0.55380, auc : 0.74336, accuracy : 0.72339
Epoch 28/300, valid auc : 0.72998, valid accuracy : 0.72358
0.7294 to 0.7300
test_auc: 0.7414	test_accuracy: 0.7246	test_loss: 0.5578	
Epoch 29/300, loss : 0.55327, auc : 0.74394, accuracy : 0.72377
Epoch 29/300, valid auc : 0.73059, valid accuracy : 0.72379
0.7300 to 0.7306
test_auc: 0.7419	test_accuracy: 0.7246	test_loss: 0.5573	
Epoch 30/300, loss : 0.55266, auc : 0.74459, accuracy : 0.72390
Epoch 30/300, valid auc : 0.73132, valid accuracy : 0.72438
0.7306 to 0.7313
test_auc: 0.7426	test_accuracy: 0.7251	test_loss: 0.5568	
Epoch 31/300, loss : 0.55198, auc : 0.74535, accuracy : 0.72419
Epoch 31/300, valid auc : 0.73221, valid accuracy : 0.72522
0.7313 to 0.7322
test_auc: 0.7433	test_accuracy: 0.7252	test_loss: 0.5561	
Epoch 32/300, loss : 0.55122, auc : 0.74622, accuracy : 0.72454
Epoch 32/300, valid auc : 0.73326, valid accuracy : 0.72568
0.7322 to 0.7333
test_auc: 0.7441	test_accuracy: 0.7255	test_loss: 0.5554	
Epoch 33/300, loss : 0.55036, auc : 0.74724, accuracy : 0.72508
Epoch 33/300, valid auc : 0.73455, valid accuracy : 0.72623
0.7333 to 0.7345
test_auc: 0.7452	test_accuracy: 0.7259	test_loss: 0.5545	
Epoch 34/300, loss : 0.54937, auc : 0.74843, accuracy : 0.72576
Epoch 34/300, valid auc : 0.73600, valid accuracy : 0.72709
0.7345 to 0.7360
test_auc: 0.7464	test_accuracy: 0.7263	test_loss: 0.5534	
Epoch 35/300, loss : 0.54826, auc : 0.74974, accuracy : 0.72652
Epoch 35/300, valid auc : 0.73749, valid accuracy : 0.72747
0.7360 to 0.7375
test_auc: 0.7478	test_accuracy: 0.7270	test_loss: 0.5522	
Epoch 36/300, loss : 0.54714, auc : 0.75105, accuracy : 0.72754
Epoch 36/300, valid auc : 0.73906, valid accuracy : 0.72803
0.7375 to 0.7391
test_auc: 0.7492	test_accuracy: 0.7277	test_loss: 0.5508	
Epoch 37/300, loss : 0.54604, auc : 0.75232, accuracy : 0.72829
Epoch 37/300, valid auc : 0.74066, valid accuracy : 0.72906
0.7391 to 0.7407
test_auc: 0.7505	test_accuracy: 0.7282	test_loss: 0.5493	
Epoch 38/300, loss : 0.54493, auc : 0.75361, accuracy : 0.72922
Epoch 38/300, valid auc : 0.74235, valid accuracy : 0.73053
0.7407 to 0.7423
test_auc: 0.7519	test_accuracy: 0.7292	test_loss: 0.5478	
Epoch 39/300, loss : 0.54365, auc : 0.75508, accuracy : 0.73033
Epoch 39/300, valid auc : 0.74422, valid accuracy : 0.73206
0.7423 to 0.7442
test_auc: 0.7534	test_accuracy: 0.7303	test_loss: 0.5464	
Epoch 40/300, loss : 0.54225, auc : 0.75669, accuracy : 0.73188
Epoch 40/300, valid auc : 0.74599, valid accuracy : 0.73448
0.7442 to 0.7460
test_auc: 0.7548	test_accuracy: 0.7321	test_loss: 0.5452	
Epoch 41/300, loss : 0.54109, auc : 0.75801, accuracy : 0.73351
Epoch 41/300, valid auc : 0.74717, valid accuracy : 0.73580
0.7460 to 0.7472
test_auc: 0.7557	test_accuracy: 0.7324	test_loss: 0.5444	
Epoch 42/300, loss : 0.54039, auc : 0.75883, accuracy : 0.73421
Epoch 42/300, valid auc : 0.74794, valid accuracy : 0.73653
0.7472 to 0.7479
test_auc: 0.7563	test_accuracy: 0.7329	test_loss: 0.5438	
Epoch 43/300, loss : 0.53992, auc : 0.75938, accuracy : 0.73452
Epoch 43/300, valid auc : 0.74859, valid accuracy : 0.73635
0.7479 to 0.7486
test_auc: 0.7567	test_accuracy: 0.7331	test_loss: 0.5434	
Epoch 44/300, loss : 0.53954, auc : 0.75980, accuracy : 0.73467
Epoch 44/300, valid auc : 0.74909, valid accuracy : 0.73668
0.7486 to 0.7491
test_auc: 0.7571	test_accuracy: 0.7332	test_loss: 0.5430	
Epoch 45/300, loss : 0.53923, auc : 0.76013, accuracy : 0.73490
Epoch 45/300, valid auc : 0.74950, valid accuracy : 0.73702
0.7491 to 0.7495
test_auc: 0.7574	test_accuracy: 0.7335	test_loss: 0.5427	
Epoch 46/300, loss : 0.53895, auc : 0.76042, accuracy : 0.73512
Epoch 46/300, valid auc : 0.74986, valid accuracy : 0.73767
0.7495 to 0.7499
test_auc: 0.7577	test_accuracy: 0.7337	test_loss: 0.5425	
Epoch 47/300, loss : 0.53868, auc : 0.76070, accuracy : 0.73525
Epoch 47/300, valid auc : 0.75023, valid accuracy : 0.73788
0.7499 to 0.7502
test_auc: 0.7580	test_accuracy: 0.7337	test_loss: 0.5422	
Epoch 48/300, loss : 0.53840, auc : 0.76099, accuracy : 0.73535
Epoch 48/300, valid auc : 0.75061, valid accuracy : 0.73817
0.7502 to 0.7506
test_auc: 0.7583	test_accuracy: 0.7338	test_loss: 0.5419	
Epoch 49/300, loss : 0.53809, auc : 0.76132, accuracy : 0.73550
Epoch 49/300, valid auc : 0.75101, valid accuracy : 0.73870
0.7506 to 0.7510
test_auc: 0.7586	test_accuracy: 0.7341	test_loss: 0.5416	
Epoch 50/300, loss : 0.53776, auc : 0.76167, accuracy : 0.73595
Epoch 50/300, valid auc : 0.75143, valid accuracy : 0.73884
0.7510 to 0.7514
test_auc: 0.7590	test_accuracy: 0.7341	test_loss: 0.5413	
Epoch 51/300, loss : 0.53741, auc : 0.76205, accuracy : 0.73619
Epoch 51/300, valid auc : 0.75188, valid accuracy : 0.73897
0.7514 to 0.7519
test_auc: 0.7595	test_accuracy: 0.7344	test_loss: 0.5410	
Epoch 52/300, loss : 0.53704, auc : 0.76246, accuracy : 0.73620
Epoch 52/300, valid auc : 0.75239, valid accuracy : 0.73937
0.7519 to 0.7524
test_auc: 0.7599	test_accuracy: 0.7348	test_loss: 0.5406	
Epoch 53/300, loss : 0.53662, auc : 0.76291, accuracy : 0.73666
Epoch 53/300, valid auc : 0.75293, valid accuracy : 0.74006
0.7524 to 0.7529
test_auc: 0.7604	test_accuracy: 0.7353	test_loss: 0.5402	
Epoch 54/300, loss : 0.53616, auc : 0.76339, accuracy : 0.73699
Epoch 54/300, valid auc : 0.75351, valid accuracy : 0.74036
0.7529 to 0.7535
test_auc: 0.7609	test_accuracy: 0.7357	test_loss: 0.5398	
Epoch 55/300, loss : 0.53567, auc : 0.76391, accuracy : 0.73741
Epoch 55/300, valid auc : 0.75411, valid accuracy : 0.74052
0.7535 to 0.7541
test_auc: 0.7614	test_accuracy: 0.7359	test_loss: 0.5394	
Epoch 56/300, loss : 0.53513, auc : 0.76448, accuracy : 0.73766
Epoch 56/300, valid auc : 0.75474, valid accuracy : 0.74069
0.7541 to 0.7547
test_auc: 0.7620	test_accuracy: 0.7363	test_loss: 0.5389	
Epoch 57/300, loss : 0.53457, auc : 0.76508, accuracy : 0.73800
Epoch 57/300, valid auc : 0.75541, valid accuracy : 0.74124
0.7547 to 0.7554
test_auc: 0.7625	test_accuracy: 0.7369	test_loss: 0.5385	
Epoch 58/300, loss : 0.53397, auc : 0.76571, accuracy : 0.73815
Epoch 58/300, valid auc : 0.75608, valid accuracy : 0.74151
0.7554 to 0.7561
test_auc: 0.7631	test_accuracy: 0.7372	test_loss: 0.5380	
Epoch 59/300, loss : 0.53334, auc : 0.76638, accuracy : 0.73845
Epoch 59/300, valid auc : 0.75677, valid accuracy : 0.74153
0.7561 to 0.7568
test_auc: 0.7637	test_accuracy: 0.7375	test_loss: 0.5375	
Epoch 60/300, loss : 0.53270, auc : 0.76704, accuracy : 0.73894
Epoch 60/300, valid auc : 0.75744, valid accuracy : 0.74229
0.7568 to 0.7574
test_auc: 0.7643	test_accuracy: 0.7378	test_loss: 0.5370	
Epoch 61/300, loss : 0.53210, auc : 0.76766, accuracy : 0.73922
Epoch 61/300, valid auc : 0.75805, valid accuracy : 0.74289
0.7574 to 0.7580
test_auc: 0.7648	test_accuracy: 0.7383	test_loss: 0.5365	
Epoch 62/300, loss : 0.53156, auc : 0.76820, accuracy : 0.73958
Epoch 62/300, valid auc : 0.75856, valid accuracy : 0.74319
0.7580 to 0.7586
test_auc: 0.7653	test_accuracy: 0.7385	test_loss: 0.5362	
Epoch 63/300, loss : 0.53110, auc : 0.76865, accuracy : 0.73984
Epoch 63/300, valid auc : 0.75898, valid accuracy : 0.74329
0.7586 to 0.7590
test_auc: 0.7656	test_accuracy: 0.7388	test_loss: 0.5358	
Epoch 64/300, loss : 0.53073, auc : 0.76901, accuracy : 0.73998
Epoch 64/300, valid auc : 0.75933, valid accuracy : 0.74329
0.7590 to 0.7593
test_auc: 0.7659	test_accuracy: 0.7389	test_loss: 0.5355	
Epoch 65/300, loss : 0.53041, auc : 0.76931, accuracy : 0.74019
Epoch 65/300, valid auc : 0.75963, valid accuracy : 0.74357
0.7593 to 0.7596
test_auc: 0.7662	test_accuracy: 0.7391	test_loss: 0.5352	
Epoch 66/300, loss : 0.53013, auc : 0.76958, accuracy : 0.74021
Epoch 66/300, valid auc : 0.75989, valid accuracy : 0.74382
0.7596 to 0.7599
test_auc: 0.7664	test_accuracy: 0.7393	test_loss: 0.5350	
Epoch 67/300, loss : 0.52987, auc : 0.76982, accuracy : 0.74023
Epoch 67/300, valid auc : 0.76014, valid accuracy : 0.74403
0.7599 to 0.7601
test_auc: 0.7667	test_accuracy: 0.7392	test_loss: 0.5347	
Epoch 68/300, loss : 0.52962, auc : 0.77006, accuracy : 0.74041
Epoch 68/300, valid auc : 0.76039, valid accuracy : 0.74390
0.7601 to 0.7604
test_auc: 0.7669	test_accuracy: 0.7392	test_loss: 0.5345	
Epoch 69/300, loss : 0.52938, auc : 0.77030, accuracy : 0.74056
Epoch 69/300, valid auc : 0.76064, valid accuracy : 0.74407
0.7604 to 0.7606
test_auc: 0.7671	test_accuracy: 0.7393	test_loss: 0.5342	
Epoch 70/300, loss : 0.52913, auc : 0.77053, accuracy : 0.74076
Epoch 70/300, valid auc : 0.76090, valid accuracy : 0.74426
0.7606 to 0.7609
test_auc: 0.7673	test_accuracy: 0.7393	test_loss: 0.5340	
Epoch 71/300, loss : 0.52888, auc : 0.77077, accuracy : 0.74090
Epoch 71/300, valid auc : 0.76117, valid accuracy : 0.74432
0.7609 to 0.7612
test_auc: 0.7675	test_accuracy: 0.7395	test_loss: 0.5337	
Epoch 72/300, loss : 0.52863, auc : 0.77101, accuracy : 0.74109
Epoch 72/300, valid auc : 0.76143, valid accuracy : 0.74445
0.7612 to 0.7614
test_auc: 0.7678	test_accuracy: 0.7395	test_loss: 0.5335	
Epoch 73/300, loss : 0.52837, auc : 0.77126, accuracy : 0.74126
Epoch 73/300, valid auc : 0.76171, valid accuracy : 0.74464
0.7614 to 0.7617
test_auc: 0.7680	test_accuracy: 0.7397	test_loss: 0.5332	
Epoch 74/300, loss : 0.52809, auc : 0.77153, accuracy : 0.74128
Epoch 74/300, valid auc : 0.76201, valid accuracy : 0.74457
0.7617 to 0.7620
test_auc: 0.7682	test_accuracy: 0.7397	test_loss: 0.5329	
Epoch 75/300, loss : 0.52781, auc : 0.77180, accuracy : 0.74145
Epoch 75/300, valid auc : 0.76230, valid accuracy : 0.74489
0.7620 to 0.7623
test_auc: 0.7685	test_accuracy: 0.7399	test_loss: 0.5326	
Epoch 76/300, loss : 0.52752, auc : 0.77208, accuracy : 0.74147
Epoch 76/300, valid auc : 0.76261, valid accuracy : 0.74520
0.7623 to 0.7626
test_auc: 0.7687	test_accuracy: 0.7401	test_loss: 0.5323	
Epoch 77/300, loss : 0.52722, auc : 0.77237, accuracy : 0.74161
Epoch 77/300, valid auc : 0.76293, valid accuracy : 0.74541
0.7626 to 0.7629
test_auc: 0.7690	test_accuracy: 0.7403	test_loss: 0.5320	
Epoch 78/300, loss : 0.52691, auc : 0.77266, accuracy : 0.74184
Epoch 78/300, valid auc : 0.76325, valid accuracy : 0.74560
0.7629 to 0.7632
test_auc: 0.7693	test_accuracy: 0.7404	test_loss: 0.5317	
Epoch 79/300, loss : 0.52658, auc : 0.77297, accuracy : 0.74193
Epoch 79/300, valid auc : 0.76358, valid accuracy : 0.74562
0.7632 to 0.7636
test_auc: 0.7696	test_accuracy: 0.7409	test_loss: 0.5314	
Epoch 80/300, loss : 0.52625, auc : 0.77329, accuracy : 0.74228
Epoch 80/300, valid auc : 0.76392, valid accuracy : 0.74560
0.7636 to 0.7639
test_auc: 0.7699	test_accuracy: 0.7413	test_loss: 0.5311	
Epoch 81/300, loss : 0.52591, auc : 0.77362, accuracy : 0.74243
Epoch 81/300, valid auc : 0.76427, valid accuracy : 0.74579
0.7639 to 0.7643
test_auc: 0.7702	test_accuracy: 0.7415	test_loss: 0.5308	
Epoch 82/300, loss : 0.52556, auc : 0.77396, accuracy : 0.74250
Epoch 82/300, valid auc : 0.76463, valid accuracy : 0.74588
0.7643 to 0.7646
test_auc: 0.7705	test_accuracy: 0.7417	test_loss: 0.5305	
Epoch 83/300, loss : 0.52520, auc : 0.77430, accuracy : 0.74269
Epoch 83/300, valid auc : 0.76500, valid accuracy : 0.74592
0.7646 to 0.7650
test_auc: 0.7708	test_accuracy: 0.7417	test_loss: 0.5301	
Epoch 84/300, loss : 0.52483, auc : 0.77466, accuracy : 0.74283
Epoch 84/300, valid auc : 0.76536, valid accuracy : 0.74611
0.7650 to 0.7654
test_auc: 0.7711	test_accuracy: 0.7417	test_loss: 0.5298	
Epoch 85/300, loss : 0.52445, auc : 0.77502, accuracy : 0.74321
Epoch 85/300, valid auc : 0.76574, valid accuracy : 0.74623
0.7654 to 0.7657
test_auc: 0.7715	test_accuracy: 0.7418	test_loss: 0.5294	
Epoch 86/300, loss : 0.52407, auc : 0.77539, accuracy : 0.74345
Epoch 86/300, valid auc : 0.76612, valid accuracy : 0.74638
0.7657 to 0.7661
test_auc: 0.7718	test_accuracy: 0.7422	test_loss: 0.5291	
Epoch 87/300, loss : 0.52368, auc : 0.77576, accuracy : 0.74368
Epoch 87/300, valid auc : 0.76650, valid accuracy : 0.74653
0.7661 to 0.7665
test_auc: 0.7721	test_accuracy: 0.7424	test_loss: 0.5287	
Epoch 88/300, loss : 0.52329, auc : 0.77613, accuracy : 0.74382
Epoch 88/300, valid auc : 0.76689, valid accuracy : 0.74644
0.7665 to 0.7669
test_auc: 0.7725	test_accuracy: 0.7426	test_loss: 0.5284	
Epoch 89/300, loss : 0.52289, auc : 0.77651, accuracy : 0.74400
Epoch 89/300, valid auc : 0.76727, valid accuracy : 0.74672
0.7669 to 0.7673
test_auc: 0.7728	test_accuracy: 0.7427	test_loss: 0.5281	
Epoch 90/300, loss : 0.52249, auc : 0.77689, accuracy : 0.74432
Epoch 90/300, valid auc : 0.76766, valid accuracy : 0.74686
0.7673 to 0.7677
test_auc: 0.7731	test_accuracy: 0.7430	test_loss: 0.5277	
Epoch 91/300, loss : 0.52209, auc : 0.77727, accuracy : 0.74452
Epoch 91/300, valid auc : 0.76806, valid accuracy : 0.74690
0.7677 to 0.7681
test_auc: 0.7735	test_accuracy: 0.7434	test_loss: 0.5274	
Epoch 92/300, loss : 0.52168, auc : 0.77766, accuracy : 0.74483
Epoch 92/300, valid auc : 0.76844, valid accuracy : 0.74722
0.7681 to 0.7684
test_auc: 0.7738	test_accuracy: 0.7434	test_loss: 0.5270	
Epoch 93/300, loss : 0.52127, auc : 0.77805, accuracy : 0.74507
Epoch 93/300, valid auc : 0.76883, valid accuracy : 0.74768
0.7684 to 0.7688
test_auc: 0.7741	test_accuracy: 0.7435	test_loss: 0.5267	
Epoch 94/300, loss : 0.52087, auc : 0.77843, accuracy : 0.74538
Epoch 94/300, valid auc : 0.76922, valid accuracy : 0.74774
0.7688 to 0.7692
test_auc: 0.7745	test_accuracy: 0.7437	test_loss: 0.5264	
Epoch 95/300, loss : 0.52046, auc : 0.77881, accuracy : 0.74555
Epoch 95/300, valid auc : 0.76961, valid accuracy : 0.74802
0.7692 to 0.7696
test_auc: 0.7748	test_accuracy: 0.7439	test_loss: 0.5260	
Epoch 96/300, loss : 0.52006, auc : 0.77919, accuracy : 0.74585
Epoch 96/300, valid auc : 0.76998, valid accuracy : 0.74846
0.7696 to 0.7700
test_auc: 0.7751	test_accuracy: 0.7439	test_loss: 0.5257	
Epoch 97/300, loss : 0.51967, auc : 0.77957, accuracy : 0.74630
Epoch 97/300, valid auc : 0.77035, valid accuracy : 0.74898
0.7700 to 0.7703
test_auc: 0.7754	test_accuracy: 0.7443	test_loss: 0.5254	
Epoch 98/300, loss : 0.51927, auc : 0.77994, accuracy : 0.74683
Epoch 98/300, valid auc : 0.77070, valid accuracy : 0.74919
0.7703 to 0.7707
test_auc: 0.7758	test_accuracy: 0.7443	test_loss: 0.5250	
Epoch 99/300, loss : 0.51888, auc : 0.78030, accuracy : 0.74690
Epoch 99/300, valid auc : 0.77105, valid accuracy : 0.74934
0.7707 to 0.7710
test_auc: 0.7761	test_accuracy: 0.7441	test_loss: 0.5247	
Epoch 100/300, loss : 0.51849, auc : 0.78066, accuracy : 0.74701
Epoch 100/300, valid auc : 0.77138, valid accuracy : 0.74953
0.7710 to 0.7714
test_auc: 0.7764	test_accuracy: 0.7443	test_loss: 0.5244	
Epoch 101/300, loss : 0.51811, auc : 0.78102, accuracy : 0.74712
Epoch 101/300, valid auc : 0.77171, valid accuracy : 0.74967
0.7714 to 0.7717
test_auc: 0.7767	test_accuracy: 0.7445	test_loss: 0.5241	
Epoch 102/300, loss : 0.51772, auc : 0.78138, accuracy : 0.74740
Epoch 102/300, valid auc : 0.77204, valid accuracy : 0.74988
0.7717 to 0.7720
test_auc: 0.7770	test_accuracy: 0.7447	test_loss: 0.5238	
Epoch 103/300, loss : 0.51734, auc : 0.78173, accuracy : 0.74762
Epoch 103/300, valid auc : 0.77238, valid accuracy : 0.75003
0.7720 to 0.7724
test_auc: 0.7773	test_accuracy: 0.7450	test_loss: 0.5235	
Epoch 104/300, loss : 0.51697, auc : 0.78208, accuracy : 0.74766
Epoch 104/300, valid auc : 0.77272, valid accuracy : 0.74995
0.7724 to 0.7727
test_auc: 0.7776	test_accuracy: 0.7451	test_loss: 0.5232	
Epoch 105/300, loss : 0.51659, auc : 0.78243, accuracy : 0.74773
Epoch 105/300, valid auc : 0.77306, valid accuracy : 0.75016
0.7727 to 0.7731
test_auc: 0.7779	test_accuracy: 0.7454	test_loss: 0.5229	
Epoch 106/300, loss : 0.51623, auc : 0.78278, accuracy : 0.74791
Epoch 106/300, valid auc : 0.77342, valid accuracy : 0.75020
0.7731 to 0.7734
test_auc: 0.7782	test_accuracy: 0.7458	test_loss: 0.5226	
Epoch 107/300, loss : 0.51587, auc : 0.78314, accuracy : 0.74810
Epoch 107/300, valid auc : 0.77380, valid accuracy : 0.75030
0.7734 to 0.7738
test_auc: 0.7785	test_accuracy: 0.7459	test_loss: 0.5222	
Epoch 108/300, loss : 0.51551, auc : 0.78349, accuracy : 0.74826
Epoch 108/300, valid auc : 0.77420, valid accuracy : 0.75041
0.7738 to 0.7742
test_auc: 0.7789	test_accuracy: 0.7460	test_loss: 0.5219	
Epoch 109/300, loss : 0.51515, auc : 0.78385, accuracy : 0.74859
Epoch 109/300, valid auc : 0.77464, valid accuracy : 0.75033
0.7742 to 0.7746
test_auc: 0.7792	test_accuracy: 0.7463	test_loss: 0.5216	
Epoch 110/300, loss : 0.51479, auc : 0.78422, accuracy : 0.74892
Epoch 110/300, valid auc : 0.77506, valid accuracy : 0.75093
0.7746 to 0.7751
test_auc: 0.7796	test_accuracy: 0.7461	test_loss: 0.5213	
Epoch 111/300, loss : 0.51445, auc : 0.78456, accuracy : 0.74917
Epoch 111/300, valid auc : 0.77541, valid accuracy : 0.75083
0.7751 to 0.7754
test_auc: 0.7799	test_accuracy: 0.7464	test_loss: 0.5210	
Epoch 112/300, loss : 0.51413, auc : 0.78487, accuracy : 0.74949
Epoch 112/300, valid auc : 0.77568, valid accuracy : 0.75133
0.7754 to 0.7757
test_auc: 0.7802	test_accuracy: 0.7468	test_loss: 0.5207	
Epoch 113/300, loss : 0.51383, auc : 0.78514, accuracy : 0.74963
Epoch 113/300, valid auc : 0.77591, valid accuracy : 0.75148
0.7757 to 0.7759
test_auc: 0.7804	test_accuracy: 0.7471	test_loss: 0.5205	
Epoch 114/300, loss : 0.51354, auc : 0.78539, accuracy : 0.74990
Epoch 114/300, valid auc : 0.77611, valid accuracy : 0.75150
0.7759 to 0.7761
test_auc: 0.7806	test_accuracy: 0.7474	test_loss: 0.5202	
Epoch 115/300, loss : 0.51327, auc : 0.78563, accuracy : 0.74990
Epoch 115/300, valid auc : 0.77630, valid accuracy : 0.75144
0.7761 to 0.7763
test_auc: 0.7808	test_accuracy: 0.7476	test_loss: 0.5200	
Epoch 116/300, loss : 0.51300, auc : 0.78586, accuracy : 0.74998
Epoch 116/300, valid auc : 0.77647, valid accuracy : 0.75154
0.7763 to 0.7765
test_auc: 0.7809	test_accuracy: 0.7480	test_loss: 0.5198	
Epoch 117/300, loss : 0.51275, auc : 0.78607, accuracy : 0.75013
Epoch 117/300, valid auc : 0.77664, valid accuracy : 0.75171
0.7765 to 0.7766
test_auc: 0.7811	test_accuracy: 0.7480	test_loss: 0.5195	
Epoch 118/300, loss : 0.51250, auc : 0.78627, accuracy : 0.75026
Epoch 118/300, valid auc : 0.77679, valid accuracy : 0.75182
0.7766 to 0.7768
test_auc: 0.7813	test_accuracy: 0.7481	test_loss: 0.5193	
Epoch 119/300, loss : 0.51227, auc : 0.78647, accuracy : 0.75029
Epoch 119/300, valid auc : 0.77695, valid accuracy : 0.75177
0.7768 to 0.7770
test_auc: 0.7814	test_accuracy: 0.7483	test_loss: 0.5191	
Epoch 120/300, loss : 0.51204, auc : 0.78666, accuracy : 0.75030
Epoch 120/300, valid auc : 0.77711, valid accuracy : 0.75205
0.7770 to 0.7771
test_auc: 0.7816	test_accuracy: 0.7484	test_loss: 0.5189	
Epoch 121/300, loss : 0.51182, auc : 0.78684, accuracy : 0.75055
Epoch 121/300, valid auc : 0.77728, valid accuracy : 0.75221
0.7771 to 0.7773
test_auc: 0.7817	test_accuracy: 0.7487	test_loss: 0.5188	
Epoch 122/300, loss : 0.51162, auc : 0.78702, accuracy : 0.75055
Epoch 122/300, valid auc : 0.77748, valid accuracy : 0.75240
0.7773 to 0.7775
test_auc: 0.7819	test_accuracy: 0.7489	test_loss: 0.5186	
Epoch 123/300, loss : 0.51141, auc : 0.78722, accuracy : 0.75063
Epoch 123/300, valid auc : 0.77772, valid accuracy : 0.75245
0.7775 to 0.7777
test_auc: 0.7821	test_accuracy: 0.7491	test_loss: 0.5184	
Epoch 124/300, loss : 0.51126, auc : 0.78743, accuracy : 0.75087
Epoch 124/300, valid auc : 0.77786, valid accuracy : 0.75228
0.7777 to 0.7779
test_auc: 0.7822	test_accuracy: 0.7492	test_loss: 0.5184	
Epoch 125/300, loss : 0.51111, auc : 0.78762, accuracy : 0.75122
Epoch 125/300, valid auc : 0.77803, valid accuracy : 0.75266
0.7779 to 0.7780
test_auc: 0.7824	test_accuracy: 0.7490	test_loss: 0.5182	
Epoch 126/300, loss : 0.51087, auc : 0.78789, accuracy : 0.75150
Epoch 126/300, valid auc : 0.77830, valid accuracy : 0.75316
0.7780 to 0.7783
test_auc: 0.7826	test_accuracy: 0.7492	test_loss: 0.5180	
Epoch 127/300, loss : 0.51057, auc : 0.78827, accuracy : 0.75198
Epoch 127/300, valid auc : 0.77866, valid accuracy : 0.75345
0.7783 to 0.7787
test_auc: 0.7829	test_accuracy: 0.7493	test_loss: 0.5179	
Epoch 128/300, loss : 0.51021, auc : 0.78868, accuracy : 0.75193
Epoch 128/300, valid auc : 0.77915, valid accuracy : 0.75364
0.7787 to 0.7792
test_auc: 0.7832	test_accuracy: 0.7492	test_loss: 0.5177	
Epoch 129/300, loss : 0.50959, auc : 0.78934, accuracy : 0.75262
Epoch 129/300, valid auc : 0.77993, valid accuracy : 0.75433
0.7792 to 0.7799
test_auc: 0.7839	test_accuracy: 0.7499	test_loss: 0.5171	
Epoch 130/300, loss : 0.50878, auc : 0.79016, accuracy : 0.75335
Epoch 130/300, valid auc : 0.78079, valid accuracy : 0.75513
0.7799 to 0.7808
test_auc: 0.7847	test_accuracy: 0.7508	test_loss: 0.5165	
Epoch 131/300, loss : 0.50791, auc : 0.79103, accuracy : 0.75421
Epoch 131/300, valid auc : 0.78172, valid accuracy : 0.75578
0.7808 to 0.7817
test_auc: 0.7856	test_accuracy: 0.7516	test_loss: 0.5158	
Epoch 132/300, loss : 0.50702, auc : 0.79192, accuracy : 0.75493
Epoch 132/300, valid auc : 0.78264, valid accuracy : 0.75669
0.7817 to 0.7826
test_auc: 0.7865	test_accuracy: 0.7520	test_loss: 0.5151	
Epoch 133/300, loss : 0.50614, auc : 0.79276, accuracy : 0.75546
Epoch 133/300, valid auc : 0.78346, valid accuracy : 0.75706
0.7826 to 0.7835
test_auc: 0.7874	test_accuracy: 0.7527	test_loss: 0.5144	
Epoch 134/300, loss : 0.50528, auc : 0.79354, accuracy : 0.75592
Epoch 134/300, valid auc : 0.78422, valid accuracy : 0.75721
0.7835 to 0.7842
test_auc: 0.7881	test_accuracy: 0.7530	test_loss: 0.5136	
Epoch 135/300, loss : 0.50442, auc : 0.79430, accuracy : 0.75628
Epoch 135/300, valid auc : 0.78500, valid accuracy : 0.75788
0.7842 to 0.7850
test_auc: 0.7888	test_accuracy: 0.7534	test_loss: 0.5129	
Epoch 136/300, loss : 0.50345, auc : 0.79515, accuracy : 0.75669
Epoch 136/300, valid auc : 0.78591, valid accuracy : 0.75834
0.7850 to 0.7859
test_auc: 0.7897	test_accuracy: 0.7541	test_loss: 0.5120	
Epoch 137/300, loss : 0.50236, auc : 0.79614, accuracy : 0.75728
Epoch 137/300, valid auc : 0.78682, valid accuracy : 0.75914
0.7859 to 0.7868
test_auc: 0.7905	test_accuracy: 0.7545	test_loss: 0.5111	
Epoch 138/300, loss : 0.50146, auc : 0.79694, accuracy : 0.75776
Epoch 138/300, valid auc : 0.78747, valid accuracy : 0.75927
0.7868 to 0.7875
test_auc: 0.7912	test_accuracy: 0.7546	test_loss: 0.5104	
Epoch 139/300, loss : 0.50082, auc : 0.79752, accuracy : 0.75795
Epoch 139/300, valid auc : 0.78805, valid accuracy : 0.75937
0.7875 to 0.7881
test_auc: 0.7917	test_accuracy: 0.7552	test_loss: 0.5098	
Epoch 140/300, loss : 0.50026, auc : 0.79802, accuracy : 0.75819
Epoch 140/300, valid auc : 0.78867, valid accuracy : 0.75956
0.7881 to 0.7887
test_auc: 0.7922	test_accuracy: 0.7556	test_loss: 0.5092	
Epoch 141/300, loss : 0.49976, auc : 0.79842, accuracy : 0.75829
Epoch 141/300, valid auc : 0.78909, valid accuracy : 0.75958
0.7887 to 0.7891
test_auc: 0.7926	test_accuracy: 0.7558	test_loss: 0.5088	
Epoch 142/300, loss : 0.49938, auc : 0.79872, accuracy : 0.75847
Epoch 142/300, valid auc : 0.78937, valid accuracy : 0.75979
0.7891 to 0.7894
test_auc: 0.7929	test_accuracy: 0.7558	test_loss: 0.5085	
Epoch 143/300, loss : 0.49903, auc : 0.79899, accuracy : 0.75854
Epoch 143/300, valid auc : 0.78962, valid accuracy : 0.75977
0.7894 to 0.7896
test_auc: 0.7931	test_accuracy: 0.7558	test_loss: 0.5081	
Epoch 144/300, loss : 0.49871, auc : 0.79926, accuracy : 0.75871
Epoch 144/300, valid auc : 0.78985, valid accuracy : 0.75973
0.7896 to 0.7899
test_auc: 0.7934	test_accuracy: 0.7560	test_loss: 0.5078	
Epoch 145/300, loss : 0.49838, auc : 0.79952, accuracy : 0.75887
Epoch 145/300, valid auc : 0.79007, valid accuracy : 0.75969
0.7899 to 0.7901
test_auc: 0.7936	test_accuracy: 0.7563	test_loss: 0.5075	
Epoch 146/300, loss : 0.49807, auc : 0.79978, accuracy : 0.75901
Epoch 146/300, valid auc : 0.79028, valid accuracy : 0.75985
0.7901 to 0.7903
test_auc: 0.7939	test_accuracy: 0.7566	test_loss: 0.5072	
Epoch 147/300, loss : 0.49777, auc : 0.80002, accuracy : 0.75910
Epoch 147/300, valid auc : 0.79047, valid accuracy : 0.75990
0.7903 to 0.7905
test_auc: 0.7941	test_accuracy: 0.7565	test_loss: 0.5069	
Epoch 148/300, loss : 0.49747, auc : 0.80025, accuracy : 0.75921
Epoch 148/300, valid auc : 0.79065, valid accuracy : 0.76006
0.7905 to 0.7906
test_auc: 0.7943	test_accuracy: 0.7562	test_loss: 0.5067	
Epoch 149/300, loss : 0.49718, auc : 0.80048, accuracy : 0.75931
Epoch 149/300, valid auc : 0.79084, valid accuracy : 0.76030
0.7906 to 0.7908
test_auc: 0.7945	test_accuracy: 0.7563	test_loss: 0.5064	
Epoch 150/300, loss : 0.49691, auc : 0.80070, accuracy : 0.75948
Epoch 150/300, valid auc : 0.79102, valid accuracy : 0.76030
0.7908 to 0.7910
test_auc: 0.7947	test_accuracy: 0.7565	test_loss: 0.5062	
Epoch 151/300, loss : 0.49664, auc : 0.80091, accuracy : 0.75951
Epoch 151/300, valid auc : 0.79116, valid accuracy : 0.76046
0.7910 to 0.7912
test_auc: 0.7948	test_accuracy: 0.7563	test_loss: 0.5060	
Epoch 152/300, loss : 0.49637, auc : 0.80111, accuracy : 0.75952
Epoch 152/300, valid auc : 0.79132, valid accuracy : 0.76051
0.7912 to 0.7913
test_auc: 0.7950	test_accuracy: 0.7562	test_loss: 0.5057	
Epoch 153/300, loss : 0.49611, auc : 0.80131, accuracy : 0.75963
Epoch 153/300, valid auc : 0.79148, valid accuracy : 0.76074
0.7913 to 0.7915
test_auc: 0.7952	test_accuracy: 0.7561	test_loss: 0.5055	
Epoch 154/300, loss : 0.49587, auc : 0.80150, accuracy : 0.75985
Epoch 154/300, valid auc : 0.79162, valid accuracy : 0.76078
0.7915 to 0.7916
test_auc: 0.7953	test_accuracy: 0.7563	test_loss: 0.5053	
Epoch 155/300, loss : 0.49562, auc : 0.80169, accuracy : 0.76000
Epoch 155/300, valid auc : 0.79175, valid accuracy : 0.76084
0.7916 to 0.7917
test_auc: 0.7954	test_accuracy: 0.7564	test_loss: 0.5051	
Epoch 156/300, loss : 0.49538, auc : 0.80188, accuracy : 0.76008
Epoch 156/300, valid auc : 0.79189, valid accuracy : 0.76078
0.7917 to 0.7919
test_auc: 0.7956	test_accuracy: 0.7565	test_loss: 0.5049	
Epoch 157/300, loss : 0.49515, auc : 0.80205, accuracy : 0.76028
Epoch 157/300, valid auc : 0.79202, valid accuracy : 0.76076
0.7919 to 0.7920
test_auc: 0.7957	test_accuracy: 0.7567	test_loss: 0.5048	
Epoch 158/300, loss : 0.49492, auc : 0.80223, accuracy : 0.76047
Epoch 158/300, valid auc : 0.79213, valid accuracy : 0.76057
0.7920 to 0.7921
test_auc: 0.7958	test_accuracy: 0.7566	test_loss: 0.5046	
Epoch 159/300, loss : 0.49470, auc : 0.80240, accuracy : 0.76054
Epoch 159/300, valid auc : 0.79225, valid accuracy : 0.76082
0.7921 to 0.7923
test_auc: 0.7959	test_accuracy: 0.7565	test_loss: 0.5045	
Epoch 160/300, loss : 0.49448, auc : 0.80257, accuracy : 0.76076
Epoch 160/300, valid auc : 0.79238, valid accuracy : 0.76105
0.7923 to 0.7924
test_auc: 0.7961	test_accuracy: 0.7566	test_loss: 0.5043	
Epoch 161/300, loss : 0.49427, auc : 0.80273, accuracy : 0.76091
Epoch 161/300, valid auc : 0.79249, valid accuracy : 0.76114
0.7924 to 0.7925
test_auc: 0.7962	test_accuracy: 0.7567	test_loss: 0.5041	
Epoch 162/300, loss : 0.49406, auc : 0.80289, accuracy : 0.76097
Epoch 162/300, valid auc : 0.79259, valid accuracy : 0.76132
0.7925 to 0.7926
test_auc: 0.7963	test_accuracy: 0.7568	test_loss: 0.5040	
Epoch 163/300, loss : 0.49385, auc : 0.80305, accuracy : 0.76112
Epoch 163/300, valid auc : 0.79271, valid accuracy : 0.76128
0.7926 to 0.7927
test_auc: 0.7964	test_accuracy: 0.7570	test_loss: 0.5039	
Epoch 164/300, loss : 0.49365, auc : 0.80321, accuracy : 0.76114
Epoch 164/300, valid auc : 0.79283, valid accuracy : 0.76143
0.7927 to 0.7928
test_auc: 0.7965	test_accuracy: 0.7573	test_loss: 0.5037	
Epoch 165/300, loss : 0.49346, auc : 0.80336, accuracy : 0.76137
Epoch 165/300, valid auc : 0.79291, valid accuracy : 0.76135
0.7928 to 0.7929
test_auc: 0.7966	test_accuracy: 0.7573	test_loss: 0.5036	
Epoch 166/300, loss : 0.49326, auc : 0.80351, accuracy : 0.76150
Epoch 166/300, valid auc : 0.79301, valid accuracy : 0.76135
0.7929 to 0.7930
test_auc: 0.7967	test_accuracy: 0.7573	test_loss: 0.5035	
Epoch 167/300, loss : 0.49308, auc : 0.80366, accuracy : 0.76149
Epoch 167/300, valid auc : 0.79312, valid accuracy : 0.76126
0.7930 to 0.7931
test_auc: 0.7968	test_accuracy: 0.7574	test_loss: 0.5033	
Epoch 168/300, loss : 0.49289, auc : 0.80380, accuracy : 0.76151
Epoch 168/300, valid auc : 0.79322, valid accuracy : 0.76139
0.7931 to 0.7932
test_auc: 0.7969	test_accuracy: 0.7574	test_loss: 0.5032	
Epoch 169/300, loss : 0.49271, auc : 0.80395, accuracy : 0.76156
Epoch 169/300, valid auc : 0.79330, valid accuracy : 0.76139
0.7932 to 0.7933
test_auc: 0.7970	test_accuracy: 0.7575	test_loss: 0.5031	
Epoch 170/300, loss : 0.49253, auc : 0.80408, accuracy : 0.76163
Epoch 170/300, valid auc : 0.79340, valid accuracy : 0.76145
0.7933 to 0.7934
test_auc: 0.7971	test_accuracy: 0.7574	test_loss: 0.5030	
Epoch 171/300, loss : 0.49236, auc : 0.80422, accuracy : 0.76176
Epoch 171/300, valid auc : 0.79349, valid accuracy : 0.76164
0.7934 to 0.7935
test_auc: 0.7972	test_accuracy: 0.7573	test_loss: 0.5028	
Epoch 172/300, loss : 0.49218, auc : 0.80436, accuracy : 0.76171
Epoch 172/300, valid auc : 0.79357, valid accuracy : 0.76176
0.7935 to 0.7936
test_auc: 0.7973	test_accuracy: 0.7575	test_loss: 0.5027	
Epoch 173/300, loss : 0.49201, auc : 0.80449, accuracy : 0.76174
Epoch 173/300, valid auc : 0.79367, valid accuracy : 0.76181
0.7936 to 0.7937
test_auc: 0.7974	test_accuracy: 0.7574	test_loss: 0.5026	
Epoch 174/300, loss : 0.49185, auc : 0.80462, accuracy : 0.76182
Epoch 174/300, valid auc : 0.79376, valid accuracy : 0.76183
0.7937 to 0.7938
test_auc: 0.7975	test_accuracy: 0.7574	test_loss: 0.5025	
Epoch 175/300, loss : 0.49168, auc : 0.80476, accuracy : 0.76179
Epoch 175/300, valid auc : 0.79385, valid accuracy : 0.76187
0.7938 to 0.7938
test_auc: 0.7975	test_accuracy: 0.7577	test_loss: 0.5024	
Epoch 176/300, loss : 0.49152, auc : 0.80489, accuracy : 0.76194
Epoch 176/300, valid auc : 0.79393, valid accuracy : 0.76191
0.7938 to 0.7939
test_auc: 0.7976	test_accuracy: 0.7577	test_loss: 0.5023	
Epoch 177/300, loss : 0.49136, auc : 0.80501, accuracy : 0.76209
Epoch 177/300, valid auc : 0.79402, valid accuracy : 0.76185
0.7939 to 0.7940
test_auc: 0.7977	test_accuracy: 0.7578	test_loss: 0.5021	
Epoch 178/300, loss : 0.49120, auc : 0.80514, accuracy : 0.76217
Epoch 178/300, valid auc : 0.79411, valid accuracy : 0.76191
0.7940 to 0.7941
test_auc: 0.7978	test_accuracy: 0.7577	test_loss: 0.5020	
Epoch 179/300, loss : 0.49103, auc : 0.80527, accuracy : 0.76232
Epoch 179/300, valid auc : 0.79419, valid accuracy : 0.76172
0.7941 to 0.7942
test_auc: 0.7979	test_accuracy: 0.7578	test_loss: 0.5019	
Epoch 180/300, loss : 0.49088, auc : 0.80539, accuracy : 0.76243
Epoch 180/300, valid auc : 0.79428, valid accuracy : 0.76197
0.7942 to 0.7943
test_auc: 0.7980	test_accuracy: 0.7579	test_loss: 0.5018	
Epoch 181/300, loss : 0.49072, auc : 0.80552, accuracy : 0.76244
Epoch 181/300, valid auc : 0.79438, valid accuracy : 0.76208
0.7943 to 0.7944
test_auc: 0.7981	test_accuracy: 0.7579	test_loss: 0.5017	
Epoch 182/300, loss : 0.49056, auc : 0.80564, accuracy : 0.76252
Epoch 182/300, valid auc : 0.79446, valid accuracy : 0.76212
0.7944 to 0.7945
test_auc: 0.7982	test_accuracy: 0.7580	test_loss: 0.5016	
Epoch 183/300, loss : 0.49040, auc : 0.80577, accuracy : 0.76247
Epoch 183/300, valid auc : 0.79456, valid accuracy : 0.76216
0.7945 to 0.7946
test_auc: 0.7982	test_accuracy: 0.7580	test_loss: 0.5015	
Epoch 184/300, loss : 0.49025, auc : 0.80589, accuracy : 0.76259
Epoch 184/300, valid auc : 0.79465, valid accuracy : 0.76210
0.7946 to 0.7947
test_auc: 0.7984	test_accuracy: 0.7580	test_loss: 0.5014	
Epoch 185/300, loss : 0.49010, auc : 0.80601, accuracy : 0.76264
Epoch 185/300, valid auc : 0.79473, valid accuracy : 0.76223
0.7947 to 0.7947
test_auc: 0.7984	test_accuracy: 0.7580	test_loss: 0.5013	
Epoch 186/300, loss : 0.48994, auc : 0.80613, accuracy : 0.76271
Epoch 186/300, valid auc : 0.79482, valid accuracy : 0.76237
0.7947 to 0.7948
test_auc: 0.7985	test_accuracy: 0.7580	test_loss: 0.5012	
Epoch 187/300, loss : 0.48979, auc : 0.80625, accuracy : 0.76273
Epoch 187/300, valid auc : 0.79491, valid accuracy : 0.76246
0.7948 to 0.7949
test_auc: 0.7986	test_accuracy: 0.7580	test_loss: 0.5010	
Epoch 188/300, loss : 0.48964, auc : 0.80637, accuracy : 0.76275
Epoch 188/300, valid auc : 0.79500, valid accuracy : 0.76265
0.7949 to 0.7950
test_auc: 0.7987	test_accuracy: 0.7582	test_loss: 0.5009	
Epoch 189/300, loss : 0.48948, auc : 0.80649, accuracy : 0.76287
Epoch 189/300, valid auc : 0.79508, valid accuracy : 0.76281
0.7950 to 0.7951
test_auc: 0.7988	test_accuracy: 0.7582	test_loss: 0.5008	
Epoch 190/300, loss : 0.48933, auc : 0.80661, accuracy : 0.76291
Epoch 190/300, valid auc : 0.79517, valid accuracy : 0.76267
0.7951 to 0.7952
test_auc: 0.7989	test_accuracy: 0.7583	test_loss: 0.5007	
Epoch 191/300, loss : 0.48918, auc : 0.80672, accuracy : 0.76300
Epoch 191/300, valid auc : 0.79526, valid accuracy : 0.76273
0.7952 to 0.7953
test_auc: 0.7990	test_accuracy: 0.7584	test_loss: 0.5006	
Epoch 192/300, loss : 0.48903, auc : 0.80685, accuracy : 0.76307
Epoch 192/300, valid auc : 0.79534, valid accuracy : 0.76271
0.7953 to 0.7953
test_auc: 0.7991	test_accuracy: 0.7583	test_loss: 0.5005	
Epoch 193/300, loss : 0.48887, auc : 0.80696, accuracy : 0.76311
Epoch 193/300, valid auc : 0.79544, valid accuracy : 0.76263
0.7953 to 0.7954
test_auc: 0.7991	test_accuracy: 0.7583	test_loss: 0.5004	
Epoch 194/300, loss : 0.48872, auc : 0.80709, accuracy : 0.76315
Epoch 194/300, valid auc : 0.79554, valid accuracy : 0.76252
0.7954 to 0.7955
test_auc: 0.7992	test_accuracy: 0.7584	test_loss: 0.5003	
Epoch 195/300, loss : 0.48856, auc : 0.80721, accuracy : 0.76323
Epoch 195/300, valid auc : 0.79562, valid accuracy : 0.76250
0.7955 to 0.7956
test_auc: 0.7993	test_accuracy: 0.7585	test_loss: 0.5002	
Epoch 196/300, loss : 0.48839, auc : 0.80734, accuracy : 0.76319
Epoch 196/300, valid auc : 0.79572, valid accuracy : 0.76267
0.7956 to 0.7957
test_auc: 0.7994	test_accuracy: 0.7584	test_loss: 0.5001	
Epoch 197/300, loss : 0.48821, auc : 0.80747, accuracy : 0.76328
Epoch 197/300, valid auc : 0.79582, valid accuracy : 0.76273
0.7957 to 0.7958
test_auc: 0.7995	test_accuracy: 0.7584	test_loss: 0.5000	
Epoch 198/300, loss : 0.48804, auc : 0.80760, accuracy : 0.76339
Epoch 198/300, valid auc : 0.79592, valid accuracy : 0.76260
0.7958 to 0.7959
test_auc: 0.7996	test_accuracy: 0.7584	test_loss: 0.4999	
Epoch 199/300, loss : 0.48786, auc : 0.80773, accuracy : 0.76349
Epoch 199/300, valid auc : 0.79602, valid accuracy : 0.76258
0.7959 to 0.7960
test_auc: 0.7997	test_accuracy: 0.7583	test_loss: 0.4998	
Epoch 200/300, loss : 0.48770, auc : 0.80785, accuracy : 0.76355
Epoch 200/300, valid auc : 0.79611, valid accuracy : 0.76267
0.7960 to 0.7961
test_auc: 0.7998	test_accuracy: 0.7584	test_loss: 0.4996	
Epoch 201/300, loss : 0.48754, auc : 0.80798, accuracy : 0.76353
Epoch 201/300, valid auc : 0.79619, valid accuracy : 0.76269
0.7961 to 0.7962
test_auc: 0.7999	test_accuracy: 0.7585	test_loss: 0.4995	
Epoch 202/300, loss : 0.48738, auc : 0.80810, accuracy : 0.76360
Epoch 202/300, valid auc : 0.79627, valid accuracy : 0.76284
0.7962 to 0.7963
test_auc: 0.7999	test_accuracy: 0.7584	test_loss: 0.4994	
Epoch 203/300, loss : 0.48724, auc : 0.80821, accuracy : 0.76369
Epoch 203/300, valid auc : 0.79635, valid accuracy : 0.76275
0.7963 to 0.7964
test_auc: 0.8000	test_accuracy: 0.7585	test_loss: 0.4993	
Epoch 204/300, loss : 0.48709, auc : 0.80832, accuracy : 0.76376
Epoch 204/300, valid auc : 0.79644, valid accuracy : 0.76277
0.7964 to 0.7964
test_auc: 0.8001	test_accuracy: 0.7585	test_loss: 0.4992	
Epoch 205/300, loss : 0.48695, auc : 0.80843, accuracy : 0.76386
Epoch 205/300, valid auc : 0.79651, valid accuracy : 0.76277
0.7964 to 0.7965
test_auc: 0.8002	test_accuracy: 0.7587	test_loss: 0.4991	
Epoch 206/300, loss : 0.48681, auc : 0.80854, accuracy : 0.76389
Epoch 206/300, valid auc : 0.79658, valid accuracy : 0.76284
0.7965 to 0.7966
test_auc: 0.8003	test_accuracy: 0.7587	test_loss: 0.4990	
Epoch 207/300, loss : 0.48667, auc : 0.80865, accuracy : 0.76388
Epoch 207/300, valid auc : 0.79666, valid accuracy : 0.76284
0.7966 to 0.7967
test_auc: 0.8003	test_accuracy: 0.7587	test_loss: 0.4989	
Epoch 208/300, loss : 0.48654, auc : 0.80875, accuracy : 0.76393
Epoch 208/300, valid auc : 0.79674, valid accuracy : 0.76277
0.7967 to 0.7967
test_auc: 0.8004	test_accuracy: 0.7587	test_loss: 0.4988	
Epoch 209/300, loss : 0.48640, auc : 0.80886, accuracy : 0.76395
Epoch 209/300, valid auc : 0.79680, valid accuracy : 0.76286
0.7967 to 0.7968
test_auc: 0.8005	test_accuracy: 0.7587	test_loss: 0.4988	
Epoch 210/300, loss : 0.48627, auc : 0.80896, accuracy : 0.76400
Epoch 210/300, valid auc : 0.79687, valid accuracy : 0.76290
0.7968 to 0.7969
test_auc: 0.8006	test_accuracy: 0.7588	test_loss: 0.4987	
Epoch 211/300, loss : 0.48614, auc : 0.80906, accuracy : 0.76402
Epoch 211/300, valid auc : 0.79694, valid accuracy : 0.76302
0.7969 to 0.7969
test_auc: 0.8006	test_accuracy: 0.7589	test_loss: 0.4986	
Epoch 212/300, loss : 0.48601, auc : 0.80916, accuracy : 0.76402
Epoch 212/300, valid auc : 0.79701, valid accuracy : 0.76307
0.7969 to 0.7970
test_auc: 0.8007	test_accuracy: 0.7590	test_loss: 0.4985	
Epoch 213/300, loss : 0.48588, auc : 0.80926, accuracy : 0.76410
Epoch 213/300, valid auc : 0.79708, valid accuracy : 0.76305
0.7970 to 0.7971
test_auc: 0.8008	test_accuracy: 0.7591	test_loss: 0.4984	
Epoch 214/300, loss : 0.48576, auc : 0.80936, accuracy : 0.76415
Epoch 214/300, valid auc : 0.79715, valid accuracy : 0.76315
0.7971 to 0.7972
test_auc: 0.8008	test_accuracy: 0.7592	test_loss: 0.4983	
Epoch 215/300, loss : 0.48563, auc : 0.80946, accuracy : 0.76417
Epoch 215/300, valid auc : 0.79722, valid accuracy : 0.76309
0.7972 to 0.7972
test_auc: 0.8009	test_accuracy: 0.7595	test_loss: 0.4982	
Epoch 216/300, loss : 0.48550, auc : 0.80956, accuracy : 0.76419
Epoch 216/300, valid auc : 0.79728, valid accuracy : 0.76307
0.7972 to 0.7973
test_auc: 0.8010	test_accuracy: 0.7596	test_loss: 0.4982	
Epoch 217/300, loss : 0.48538, auc : 0.80965, accuracy : 0.76430
Epoch 217/300, valid auc : 0.79735, valid accuracy : 0.76300
0.7973 to 0.7974
test_auc: 0.8010	test_accuracy: 0.7596	test_loss: 0.4981	
Epoch 218/300, loss : 0.48526, auc : 0.80974, accuracy : 0.76435
Epoch 218/300, valid auc : 0.79743, valid accuracy : 0.76286
0.7974 to 0.7974
test_auc: 0.8011	test_accuracy: 0.7595	test_loss: 0.4980	
Epoch 219/300, loss : 0.48514, auc : 0.80984, accuracy : 0.76445
Epoch 219/300, valid auc : 0.79749, valid accuracy : 0.76307
0.7974 to 0.7975
test_auc: 0.8012	test_accuracy: 0.7596	test_loss: 0.4979	
Epoch 220/300, loss : 0.48502, auc : 0.80993, accuracy : 0.76445
Epoch 220/300, valid auc : 0.79756, valid accuracy : 0.76302
0.7975 to 0.7976
test_auc: 0.8012	test_accuracy: 0.7596	test_loss: 0.4978	
Epoch 221/300, loss : 0.48490, auc : 0.81002, accuracy : 0.76453
Epoch 221/300, valid auc : 0.79762, valid accuracy : 0.76302
0.7976 to 0.7976
test_auc: 0.8013	test_accuracy: 0.7596	test_loss: 0.4978	
Epoch 222/300, loss : 0.48479, auc : 0.81011, accuracy : 0.76453
Epoch 222/300, valid auc : 0.79768, valid accuracy : 0.76309
0.7976 to 0.7977
test_auc: 0.8013	test_accuracy: 0.7597	test_loss: 0.4977	
Epoch 223/300, loss : 0.48467, auc : 0.81020, accuracy : 0.76453
Epoch 223/300, valid auc : 0.79775, valid accuracy : 0.76321
0.7977 to 0.7978
test_auc: 0.8014	test_accuracy: 0.7598	test_loss: 0.4976	
Epoch 224/300, loss : 0.48456, auc : 0.81029, accuracy : 0.76459
Epoch 224/300, valid auc : 0.79782, valid accuracy : 0.76311
0.7978 to 0.7978
test_auc: 0.8015	test_accuracy: 0.7596	test_loss: 0.4975	
Epoch 225/300, loss : 0.48444, auc : 0.81038, accuracy : 0.76463
Epoch 225/300, valid auc : 0.79788, valid accuracy : 0.76315
0.7978 to 0.7979
test_auc: 0.8015	test_accuracy: 0.7597	test_loss: 0.4975	
Epoch 226/300, loss : 0.48432, auc : 0.81047, accuracy : 0.76465
Epoch 226/300, valid auc : 0.79794, valid accuracy : 0.76315
0.7979 to 0.7979
test_auc: 0.8016	test_accuracy: 0.7598	test_loss: 0.4974	
Epoch 227/300, loss : 0.48421, auc : 0.81055, accuracy : 0.76470
Epoch 227/300, valid auc : 0.79801, valid accuracy : 0.76326
0.7979 to 0.7980
test_auc: 0.8016	test_accuracy: 0.7598	test_loss: 0.4973	
Epoch 228/300, loss : 0.48410, auc : 0.81064, accuracy : 0.76479
Epoch 228/300, valid auc : 0.79807, valid accuracy : 0.76321
0.7980 to 0.7981
test_auc: 0.8017	test_accuracy: 0.7600	test_loss: 0.4973	
Epoch 229/300, loss : 0.48399, auc : 0.81072, accuracy : 0.76480
Epoch 229/300, valid auc : 0.79813, valid accuracy : 0.76332
0.7981 to 0.7981
test_auc: 0.8017	test_accuracy: 0.7599	test_loss: 0.4972	
Epoch 230/300, loss : 0.48388, auc : 0.81080, accuracy : 0.76484
Epoch 230/300, valid auc : 0.79819, valid accuracy : 0.76319
0.7981 to 0.7982
test_auc: 0.8018	test_accuracy: 0.7600	test_loss: 0.4971	
Epoch 231/300, loss : 0.48377, auc : 0.81088, accuracy : 0.76494
Epoch 231/300, valid auc : 0.79826, valid accuracy : 0.76330
0.7982 to 0.7983
test_auc: 0.8018	test_accuracy: 0.7600	test_loss: 0.4971	
Epoch 232/300, loss : 0.48366, auc : 0.81097, accuracy : 0.76497
Epoch 232/300, valid auc : 0.79831, valid accuracy : 0.76332
0.7983 to 0.7983
test_auc: 0.8019	test_accuracy: 0.7600	test_loss: 0.4970	
Epoch 233/300, loss : 0.48356, auc : 0.81105, accuracy : 0.76498
Epoch 233/300, valid auc : 0.79837, valid accuracy : 0.76342
0.7983 to 0.7984
test_auc: 0.8019	test_accuracy: 0.7600	test_loss: 0.4969	
Epoch 234/300, loss : 0.48345, auc : 0.81113, accuracy : 0.76507
Epoch 234/300, valid auc : 0.79844, valid accuracy : 0.76328
0.7984 to 0.7984
test_auc: 0.8020	test_accuracy: 0.7601	test_loss: 0.4969	
Epoch 235/300, loss : 0.48334, auc : 0.81121, accuracy : 0.76520
Epoch 235/300, valid auc : 0.79849, valid accuracy : 0.76338
0.7984 to 0.7985
test_auc: 0.8020	test_accuracy: 0.7601	test_loss: 0.4968	
Epoch 236/300, loss : 0.48324, auc : 0.81129, accuracy : 0.76527
Epoch 236/300, valid auc : 0.79854, valid accuracy : 0.76321
0.7985 to 0.7985
test_auc: 0.8021	test_accuracy: 0.7602	test_loss: 0.4968	
Epoch 237/300, loss : 0.48313, auc : 0.81136, accuracy : 0.76529
Epoch 237/300, valid auc : 0.79861, valid accuracy : 0.76311
0.7985 to 0.7986
test_auc: 0.8021	test_accuracy: 0.7603	test_loss: 0.4967	
Epoch 238/300, loss : 0.48303, auc : 0.81144, accuracy : 0.76526
Epoch 238/300, valid auc : 0.79866, valid accuracy : 0.76317
0.7986 to 0.7987
test_auc: 0.8022	test_accuracy: 0.7604	test_loss: 0.4966	
Epoch 239/300, loss : 0.48293, auc : 0.81152, accuracy : 0.76539
Epoch 239/300, valid auc : 0.79872, valid accuracy : 0.76315
0.7987 to 0.7987
test_auc: 0.8022	test_accuracy: 0.7604	test_loss: 0.4966	
Epoch 240/300, loss : 0.48282, auc : 0.81159, accuracy : 0.76548
Epoch 240/300, valid auc : 0.79877, valid accuracy : 0.76332
0.7987 to 0.7988
test_auc: 0.8022	test_accuracy: 0.7605	test_loss: 0.4965	
Epoch 241/300, loss : 0.48272, auc : 0.81167, accuracy : 0.76555
Epoch 241/300, valid auc : 0.79883, valid accuracy : 0.76328
0.7988 to 0.7988
test_auc: 0.8023	test_accuracy: 0.7605	test_loss: 0.4965	
Epoch 242/300, loss : 0.48262, auc : 0.81174, accuracy : 0.76562
Epoch 242/300, valid auc : 0.79888, valid accuracy : 0.76330
0.7988 to 0.7989
test_auc: 0.8023	test_accuracy: 0.7604	test_loss: 0.4964	
Epoch 243/300, loss : 0.48252, auc : 0.81182, accuracy : 0.76565
Epoch 243/300, valid auc : 0.79894, valid accuracy : 0.76328
0.7989 to 0.7989
test_auc: 0.8024	test_accuracy: 0.7604	test_loss: 0.4964	
Epoch 244/300, loss : 0.48242, auc : 0.81189, accuracy : 0.76560
Epoch 244/300, valid auc : 0.79900, valid accuracy : 0.76326
0.7989 to 0.7990
test_auc: 0.8024	test_accuracy: 0.7605	test_loss: 0.4963	
Epoch 245/300, loss : 0.48232, auc : 0.81196, accuracy : 0.76558
Epoch 245/300, valid auc : 0.79905, valid accuracy : 0.76315
0.7990 to 0.7990
test_auc: 0.8024	test_accuracy: 0.7605	test_loss: 0.4963	
Epoch 246/300, loss : 0.48222, auc : 0.81204, accuracy : 0.76568
Epoch 246/300, valid auc : 0.79910, valid accuracy : 0.76313
0.7990 to 0.7991
test_auc: 0.8025	test_accuracy: 0.7605	test_loss: 0.4962	
Epoch 247/300, loss : 0.48213, auc : 0.81211, accuracy : 0.76568
Epoch 247/300, valid auc : 0.79915, valid accuracy : 0.76300
0.7991 to 0.7992
test_auc: 0.8025	test_accuracy: 0.7606	test_loss: 0.4961	
Epoch 248/300, loss : 0.48203, auc : 0.81218, accuracy : 0.76581
Epoch 248/300, valid auc : 0.79920, valid accuracy : 0.76313
0.7992 to 0.7992
test_auc: 0.8026	test_accuracy: 0.7607	test_loss: 0.4961	
Epoch 249/300, loss : 0.48193, auc : 0.81225, accuracy : 0.76590
Epoch 249/300, valid auc : 0.79924, valid accuracy : 0.76313
0.7992 to 0.7992
test_auc: 0.8026	test_accuracy: 0.7607	test_loss: 0.4960	
Epoch 250/300, loss : 0.48184, auc : 0.81232, accuracy : 0.76598
Epoch 250/300, valid auc : 0.79930, valid accuracy : 0.76302
0.7992 to 0.7993
test_auc: 0.8026	test_accuracy: 0.7607	test_loss: 0.4960	
Epoch 251/300, loss : 0.48175, auc : 0.81239, accuracy : 0.76602
Epoch 251/300, valid auc : 0.79934, valid accuracy : 0.76315
0.7993 to 0.7993
test_auc: 0.8027	test_accuracy: 0.7608	test_loss: 0.4959	
Epoch 252/300, loss : 0.48165, auc : 0.81246, accuracy : 0.76603
Epoch 252/300, valid auc : 0.79939, valid accuracy : 0.76328
0.7993 to 0.7994
test_auc: 0.8027	test_accuracy: 0.7608	test_loss: 0.4959	
Epoch 253/300, loss : 0.48156, auc : 0.81253, accuracy : 0.76609
Epoch 253/300, valid auc : 0.79944, valid accuracy : 0.76334
0.7994 to 0.7994
test_auc: 0.8028	test_accuracy: 0.7607	test_loss: 0.4958	
Epoch 254/300, loss : 0.48147, auc : 0.81260, accuracy : 0.76605
Epoch 254/300, valid auc : 0.79948, valid accuracy : 0.76344
0.7994 to 0.7995
test_auc: 0.8028	test_accuracy: 0.7607	test_loss: 0.4958	
Epoch 255/300, loss : 0.48137, auc : 0.81266, accuracy : 0.76609
Epoch 255/300, valid auc : 0.79953, valid accuracy : 0.76349
0.7995 to 0.7995
test_auc: 0.8028	test_accuracy: 0.7607	test_loss: 0.4957	
Epoch 256/300, loss : 0.48128, auc : 0.81273, accuracy : 0.76613
Epoch 256/300, valid auc : 0.79957, valid accuracy : 0.76355
0.7995 to 0.7996
test_auc: 0.8029	test_accuracy: 0.7608	test_loss: 0.4957	
Epoch 257/300, loss : 0.48119, auc : 0.81280, accuracy : 0.76615
Epoch 257/300, valid auc : 0.79961, valid accuracy : 0.76338
0.7996 to 0.7996
test_auc: 0.8029	test_accuracy: 0.7609	test_loss: 0.4956	
Epoch 258/300, loss : 0.48111, auc : 0.81286, accuracy : 0.76624
Epoch 258/300, valid auc : 0.79965, valid accuracy : 0.76326
0.7996 to 0.7996
test_auc: 0.8029	test_accuracy: 0.7608	test_loss: 0.4956	
Epoch 259/300, loss : 0.48102, auc : 0.81292, accuracy : 0.76632
Epoch 259/300, valid auc : 0.79969, valid accuracy : 0.76340
0.7996 to 0.7997
test_auc: 0.8029	test_accuracy: 0.7610	test_loss: 0.4955	
Epoch 260/300, loss : 0.48094, auc : 0.81299, accuracy : 0.76633
Epoch 260/300, valid auc : 0.79973, valid accuracy : 0.76347
0.7997 to 0.7997
test_auc: 0.8030	test_accuracy: 0.7610	test_loss: 0.4955	
Epoch 261/300, loss : 0.48085, auc : 0.81305, accuracy : 0.76634
Epoch 261/300, valid auc : 0.79976, valid accuracy : 0.76353
0.7997 to 0.7998
test_auc: 0.8030	test_accuracy: 0.7609	test_loss: 0.4955	
Epoch 262/300, loss : 0.48077, auc : 0.81311, accuracy : 0.76638
Epoch 262/300, valid auc : 0.79980, valid accuracy : 0.76363
0.7998 to 0.7998
test_auc: 0.8030	test_accuracy: 0.7608	test_loss: 0.4954	
Epoch 263/300, loss : 0.48069, auc : 0.81317, accuracy : 0.76641
Epoch 263/300, valid auc : 0.79984, valid accuracy : 0.76380
0.7998 to 0.7998
test_auc: 0.8031	test_accuracy: 0.7609	test_loss: 0.4954	
Epoch 264/300, loss : 0.48061, auc : 0.81323, accuracy : 0.76641
Epoch 264/300, valid auc : 0.79986, valid accuracy : 0.76374
0.7998 to 0.7999
test_auc: 0.8031	test_accuracy: 0.7609	test_loss: 0.4953	
Epoch 265/300, loss : 0.48052, auc : 0.81329, accuracy : 0.76639
Epoch 265/300, valid auc : 0.79989, valid accuracy : 0.76372
0.7999 to 0.7999
test_auc: 0.8031	test_accuracy: 0.7608	test_loss: 0.4953	
Epoch 266/300, loss : 0.48045, auc : 0.81335, accuracy : 0.76647
Epoch 266/300, valid auc : 0.79993, valid accuracy : 0.76376
0.7999 to 0.7999
test_auc: 0.8031	test_accuracy: 0.7608	test_loss: 0.4952	
Epoch 267/300, loss : 0.48037, auc : 0.81340, accuracy : 0.76645
Epoch 267/300, valid auc : 0.79996, valid accuracy : 0.76395
0.7999 to 0.8000
test_auc: 0.8032	test_accuracy: 0.7608	test_loss: 0.4952	
Epoch 268/300, loss : 0.48029, auc : 0.81346, accuracy : 0.76647
Epoch 268/300, valid auc : 0.79999, valid accuracy : 0.76405
0.8000 to 0.8000
test_auc: 0.8032	test_accuracy: 0.7608	test_loss: 0.4951	
Epoch 269/300, loss : 0.48021, auc : 0.81351, accuracy : 0.76654
Epoch 269/300, valid auc : 0.80001, valid accuracy : 0.76414
0.8000 to 0.8000
test_auc: 0.8032	test_accuracy: 0.7607	test_loss: 0.4951	
Epoch 270/300, loss : 0.48013, auc : 0.81357, accuracy : 0.76662
Epoch 270/300, valid auc : 0.80003, valid accuracy : 0.76416
0.8000 to 0.8000
test_auc: 0.8032	test_accuracy: 0.7606	test_loss: 0.4951	
Epoch 271/300, loss : 0.48006, auc : 0.81362, accuracy : 0.76670
Epoch 271/300, valid auc : 0.80006, valid accuracy : 0.76424
0.8000 to 0.8001
test_auc: 0.8033	test_accuracy: 0.7606	test_loss: 0.4950	
Epoch 272/300, loss : 0.47999, auc : 0.81367, accuracy : 0.76676
Epoch 272/300, valid auc : 0.80008, valid accuracy : 0.76428
0.8001 to 0.8001
test_auc: 0.8033	test_accuracy: 0.7606	test_loss: 0.4950	
Epoch 273/300, loss : 0.47992, auc : 0.81373, accuracy : 0.76677
Epoch 273/300, valid auc : 0.80010, valid accuracy : 0.76418
0.8001 to 0.8001
test_auc: 0.8033	test_accuracy: 0.7605	test_loss: 0.4950	
Epoch 274/300, loss : 0.47984, auc : 0.81378, accuracy : 0.76680
Epoch 274/300, valid auc : 0.80011, valid accuracy : 0.76424
0.8001 to 0.8001
test_auc: 0.8033	test_accuracy: 0.7606	test_loss: 0.4949	
Epoch 275/300, loss : 0.47978, auc : 0.81382, accuracy : 0.76684
Epoch 275/300, valid auc : 0.80012, valid accuracy : 0.76420
0.8001 to 0.8001
test_auc: 0.8033	test_accuracy: 0.7606	test_loss: 0.4949	
Epoch 276/300, loss : 0.47971, auc : 0.81387, accuracy : 0.76683
Epoch 276/300, valid auc : 0.80014, valid accuracy : 0.76424
0.8001 to 0.8001
test_auc: 0.8034	test_accuracy: 0.7606	test_loss: 0.4949	
Epoch 277/300, loss : 0.47964, auc : 0.81392, accuracy : 0.76689
Epoch 277/300, valid auc : 0.80015, valid accuracy : 0.76416
0.8001 to 0.8001
test_auc: 0.8034	test_accuracy: 0.7606	test_loss: 0.4948	
Epoch 278/300, loss : 0.47957, auc : 0.81397, accuracy : 0.76705
Epoch 278/300, valid auc : 0.80016, valid accuracy : 0.76418
0.8001 to 0.8002
test_auc: 0.8034	test_accuracy: 0.7607	test_loss: 0.4948	
Epoch 279/300, loss : 0.47951, auc : 0.81401, accuracy : 0.76711
Epoch 279/300, valid auc : 0.80017, valid accuracy : 0.76418
0.8002 to 0.8002
test_auc: 0.8034	test_accuracy: 0.7608	test_loss: 0.4948	
Epoch 280/300, loss : 0.47944, auc : 0.81406, accuracy : 0.76722
Epoch 280/300, valid auc : 0.80017, valid accuracy : 0.76418
0.8002 to 0.8002
test_auc: 0.8034	test_accuracy: 0.7608	test_loss: 0.4947	
Epoch 281/300, loss : 0.47937, auc : 0.81410, accuracy : 0.76719
Epoch 281/300, valid auc : 0.80019, valid accuracy : 0.76418
0.8002 to 0.8002
test_auc: 0.8034	test_accuracy: 0.7609	test_loss: 0.4947	
Epoch 282/300, loss : 0.47931, auc : 0.81414, accuracy : 0.76721
Epoch 282/300, valid auc : 0.80019, valid accuracy : 0.76422
0.8002 to 0.8002
test_auc: 0.8034	test_accuracy: 0.7609	test_loss: 0.4947	
Epoch 283/300, loss : 0.47924, auc : 0.81419, accuracy : 0.76727
Epoch 283/300, valid auc : 0.80020, valid accuracy : 0.76424
0.8002 to 0.8002
test_auc: 0.8035	test_accuracy: 0.7610	test_loss: 0.4946	
Epoch 284/300, loss : 0.47918, auc : 0.81424, accuracy : 0.76727
Epoch 284/300, valid auc : 0.80021, valid accuracy : 0.76433
0.8002 to 0.8002
test_auc: 0.8035	test_accuracy: 0.7610	test_loss: 0.4946	
Epoch 285/300, loss : 0.47911, auc : 0.81428, accuracy : 0.76730
Epoch 285/300, valid auc : 0.80024, valid accuracy : 0.76422
0.8002 to 0.8002
test_auc: 0.8035	test_accuracy: 0.7611	test_loss: 0.4946	
Epoch 286/300, loss : 0.47904, auc : 0.81434, accuracy : 0.76741
Epoch 286/300, valid auc : 0.80028, valid accuracy : 0.76420
0.8002 to 0.8003
test_auc: 0.8035	test_accuracy: 0.7611	test_loss: 0.4945	
Epoch 287/300, loss : 0.47897, auc : 0.81440, accuracy : 0.76738
Epoch 287/300, valid auc : 0.80035, valid accuracy : 0.76430
0.8003 to 0.8004
test_auc: 0.8036	test_accuracy: 0.7611	test_loss: 0.4945	
Epoch 288/300, loss : 0.47889, auc : 0.81447, accuracy : 0.76738
Epoch 288/300, valid auc : 0.80045, valid accuracy : 0.76430
0.8004 to 0.8004
test_auc: 0.8037	test_accuracy: 0.7611	test_loss: 0.4944	
Epoch 289/300, loss : 0.47880, auc : 0.81455, accuracy : 0.76735
Epoch 289/300, valid auc : 0.80055, valid accuracy : 0.76428
0.8004 to 0.8006
test_auc: 0.8037	test_accuracy: 0.7611	test_loss: 0.4944	
Epoch 290/300, loss : 0.47872, auc : 0.81463, accuracy : 0.76740
Epoch 290/300, valid auc : 0.80064, valid accuracy : 0.76428
0.8006 to 0.8006
test_auc: 0.8038	test_accuracy: 0.7609	test_loss: 0.4944	
Epoch 291/300, loss : 0.47864, auc : 0.81470, accuracy : 0.76742
Epoch 291/300, valid auc : 0.80072, valid accuracy : 0.76424
0.8006 to 0.8007
test_auc: 0.8038	test_accuracy: 0.7610	test_loss: 0.4943	
Epoch 292/300, loss : 0.47857, auc : 0.81477, accuracy : 0.76742
Epoch 292/300, valid auc : 0.80078, valid accuracy : 0.76424
0.8007 to 0.8008
test_auc: 0.8039	test_accuracy: 0.7611	test_loss: 0.4943	
Epoch 293/300, loss : 0.47849, auc : 0.81483, accuracy : 0.76744
Epoch 293/300, valid auc : 0.80082, valid accuracy : 0.76420
0.8008 to 0.8008
test_auc: 0.8039	test_accuracy: 0.7610	test_loss: 0.4942	
Epoch 294/300, loss : 0.47842, auc : 0.81489, accuracy : 0.76747
Epoch 294/300, valid auc : 0.80088, valid accuracy : 0.76437
0.8008 to 0.8009
test_auc: 0.8039	test_accuracy: 0.7611	test_loss: 0.4942	
Epoch 295/300, loss : 0.47835, auc : 0.81495, accuracy : 0.76758
Epoch 295/300, valid auc : 0.80092, valid accuracy : 0.76447
0.8009 to 0.8009
test_auc: 0.8040	test_accuracy: 0.7610	test_loss: 0.4941	
Epoch 296/300, loss : 0.47828, auc : 0.81500, accuracy : 0.76750
Epoch 296/300, valid auc : 0.80094, valid accuracy : 0.76445
0.8009 to 0.8009
test_auc: 0.8040	test_accuracy: 0.7611	test_loss: 0.4941	
Epoch 297/300, loss : 0.47821, auc : 0.81506, accuracy : 0.76757
Epoch 297/300, valid auc : 0.80098, valid accuracy : 0.76449
0.8009 to 0.8010
test_auc: 0.8040	test_accuracy: 0.7612	test_loss: 0.4941	
Epoch 298/300, loss : 0.47815, auc : 0.81511, accuracy : 0.76759
Epoch 298/300, valid auc : 0.80101, valid accuracy : 0.76443
0.8010 to 0.8010
test_auc: 0.8041	test_accuracy: 0.7611	test_loss: 0.4940	
Epoch 299/300, loss : 0.47808, auc : 0.81516, accuracy : 0.76766
Epoch 299/300, valid auc : 0.80104, valid accuracy : 0.76447
0.8010 to 0.8010
test_auc: 0.8041	test_accuracy: 0.7611	test_loss: 0.4940	
Epoch 300/300, loss : 0.47801, auc : 0.81521, accuracy : 0.76769
Epoch 300/300, valid auc : 0.80107, valid accuracy : 0.76454
0.8010 to 0.8011
test_auc: 0.8041	test_accuracy: 0.7611	test_loss: 0.4940	
best outcome: best epoch: 300.0000
valid_auc: 0.8011	valid_accuracy: 0.7645	valid_loss: 0.4881	
test_auc: 0.8041	test_accuracy: 0.7611	test_loss: 0.4940	
