Namespace(batch_size=32, data_dir='./data/HDUOJ', data_name='HDUOJ', dataset_type='HDUOJ', decay_epoch=20, final_fc_dim=100, final_lr=1e-05, future_sequence_len=2, generate_files=0, gpu=0, init_lr=0.01, init_std=0.1, learning_trend_embed_dim=200, load='HDUOJ', lr=0.01, lr_decay=0, max_iter=20, maxgradnorm=50.0, memory_key_state_dim=50, memory_size=20, memory_value_state_dim=200, model_type='SAKT', momentum=0.9, n_question=5320, num_attention_heads=4, q_embed_dim=50, qa_embed_dim=200, read_dim=100, save='HDUOJ', seed=2, seqlen=100, show=True, similar_user_num=2, test=False, train_test=0, wd=1e-05)Epoch 1/20, loss : 0.61829, auc : 0.67776, accuracy : 0.65761
Epoch 1/20, valid auc : 0.68546, valid accuracy : 0.66460
0.0000 to 0.6855
test_auc: 0.7104	test_accuracy: 0.6833	test_loss: 0.5871	
Epoch 2/20, loss : 0.60616, auc : 0.69840, accuracy : 0.67114
Epoch 2/20, valid auc : 0.69324, valid accuracy : 0.66982
0.6855 to 0.6932
test_auc: 0.7165	test_accuracy: 0.6869	test_loss: 0.5835	
Epoch 3/20, loss : 0.60216, auc : 0.70456, accuracy : 0.67504
Epoch 3/20, valid auc : 0.69568, valid accuracy : 0.67167
0.6932 to 0.6957
test_auc: 0.7187	test_accuracy: 0.6883	test_loss: 0.5820	
Epoch 4/20, loss : 0.59984, auc : 0.70801, accuracy : 0.67709
Epoch 4/20, valid auc : 0.69679, valid accuracy : 0.67236
0.6957 to 0.6968
test_auc: 0.7193	test_accuracy: 0.6891	test_loss: 0.5814	
Epoch 5/20, loss : 0.59808, auc : 0.71052, accuracy : 0.67862
Epoch 5/20, valid auc : 0.69697, valid accuracy : 0.67244
0.6968 to 0.6970
test_auc: 0.7193	test_accuracy: 0.6893	test_loss: 0.5813	
Epoch 6/20, loss : 0.59670, auc : 0.71249, accuracy : 0.67989
Epoch 6/20, valid auc : 0.69730, valid accuracy : 0.67270
0.6970 to 0.6973
test_auc: 0.7193	test_accuracy: 0.6895	test_loss: 0.5811	
Epoch 7/20, loss : 0.59544, auc : 0.71422, accuracy : 0.68103
Epoch 7/20, valid auc : 0.69658, valid accuracy : 0.67226
Epoch 8/20, loss : 0.59430, auc : 0.71579, accuracy : 0.68191
Epoch 8/20, valid auc : 0.69644, valid accuracy : 0.67212
Epoch 9/20, loss : 0.59329, auc : 0.71713, accuracy : 0.68273
Epoch 9/20, valid auc : 0.69579, valid accuracy : 0.67163
Epoch 10/20, loss : 0.59230, auc : 0.71848, accuracy : 0.68364
Epoch 10/20, valid auc : 0.69497, valid accuracy : 0.67112
Epoch 11/20, loss : 0.59133, auc : 0.71976, accuracy : 0.68450
Epoch 11/20, valid auc : 0.69403, valid accuracy : 0.67037
Epoch 12/20, loss : 0.59034, auc : 0.72103, accuracy : 0.68531
Epoch 12/20, valid auc : 0.69331, valid accuracy : 0.67002
Epoch 13/20, loss : 0.58937, auc : 0.72231, accuracy : 0.68619
Epoch 13/20, valid auc : 0.69220, valid accuracy : 0.66920
Epoch 14/20, loss : 0.58849, auc : 0.72344, accuracy : 0.68687
Epoch 14/20, valid auc : 0.69191, valid accuracy : 0.66895
Epoch 15/20, loss : 0.58757, auc : 0.72462, accuracy : 0.68768
Epoch 15/20, valid auc : 0.69055, valid accuracy : 0.66770
Epoch 16/20, loss : 0.58668, auc : 0.72576, accuracy : 0.68838
Epoch 16/20, valid auc : 0.68990, valid accuracy : 0.66762
Epoch 17/20, loss : 0.58572, auc : 0.72699, accuracy : 0.68915
Epoch 17/20, valid auc : 0.68842, valid accuracy : 0.66635
Epoch 18/20, loss : 0.58478, auc : 0.72813, accuracy : 0.68992
Epoch 18/20, valid auc : 0.68796, valid accuracy : 0.66610
Epoch 19/20, loss : 0.58385, auc : 0.72932, accuracy : 0.69069
Epoch 19/20, valid auc : 0.68667, valid accuracy : 0.66502
Epoch 20/20, loss : 0.58297, auc : 0.73036, accuracy : 0.69130
Epoch 20/20, valid auc : 0.68579, valid accuracy : 0.66456
best outcome: best epoch: 6.0000
valid_auc: 0.6973	valid_accuracy: 0.6727	valid_loss: 0.6061	
test_auc: 0.7193	test_accuracy: 0.6895	test_loss: 0.5811	
