Namespace(batch_size=32, data_dir='./data/HDUOJ', data_name='HDUOJ', dataset_type='HDUOJ', decay_epoch=20, final_fc_dim=100, final_lr=1e-05, future_sequence_len=2, generate_files=0, gpu=0, init_lr=0.01, init_std=0.1, learning_trend_embed_dim=200, load='HDUOJ', lr=0.01, lr_decay=0, max_iter=20, maxgradnorm=50.0, memory_key_state_dim=50, memory_size=20, memory_value_state_dim=200, model_type='SAKT', momentum=0.9, n_question=5320, num_attention_heads=4, q_embed_dim=50, qa_embed_dim=200, read_dim=100, save='HDUOJ', seed=1, seqlen=100, show=True, similar_user_num=2, test=False, train_test=0, wd=1e-05)Epoch 1/20, loss : 0.61852, auc : 0.67586, accuracy : 0.65764
Epoch 1/20, valid auc : 0.68870, valid accuracy : 0.66247
0.0000 to 0.6887
test_auc: 0.7094	test_accuracy: 0.6830	test_loss: 0.5876	
Epoch 2/20, loss : 0.60646, auc : 0.69667, accuracy : 0.67094
Epoch 2/20, valid auc : 0.69681, valid accuracy : 0.66829
0.6887 to 0.6968
test_auc: 0.7163	test_accuracy: 0.6875	test_loss: 0.5837	
Epoch 3/20, loss : 0.60208, auc : 0.70341, accuracy : 0.67510
Epoch 3/20, valid auc : 0.69958, valid accuracy : 0.67034
0.6968 to 0.6996
test_auc: 0.7195	test_accuracy: 0.6891	test_loss: 0.5821	
Epoch 4/20, loss : 0.59953, auc : 0.70722, accuracy : 0.67753
Epoch 4/20, valid auc : 0.70057, valid accuracy : 0.67111
0.6996 to 0.7006
test_auc: 0.7207	test_accuracy: 0.6897	test_loss: 0.5815	
Epoch 5/20, loss : 0.59765, auc : 0.70999, accuracy : 0.67920
Epoch 5/20, valid auc : 0.70092, valid accuracy : 0.67158
0.7006 to 0.7009
test_auc: 0.7210	test_accuracy: 0.6902	test_loss: 0.5814	
Epoch 6/20, loss : 0.59615, auc : 0.71213, accuracy : 0.68058
Epoch 6/20, valid auc : 0.70033, valid accuracy : 0.67107
Epoch 7/20, loss : 0.59483, auc : 0.71399, accuracy : 0.68167
Epoch 7/20, valid auc : 0.70030, valid accuracy : 0.67117
Epoch 8/20, loss : 0.59366, auc : 0.71558, accuracy : 0.68260
Epoch 8/20, valid auc : 0.69943, valid accuracy : 0.67062
Epoch 9/20, loss : 0.59254, auc : 0.71717, accuracy : 0.68355
Epoch 9/20, valid auc : 0.69889, valid accuracy : 0.67032
Epoch 10/20, loss : 0.59145, auc : 0.71858, accuracy : 0.68446
Epoch 10/20, valid auc : 0.69781, valid accuracy : 0.66964
Epoch 11/20, loss : 0.59041, auc : 0.71999, accuracy : 0.68542
Epoch 11/20, valid auc : 0.69711, valid accuracy : 0.66931
Epoch 12/20, loss : 0.58940, auc : 0.72129, accuracy : 0.68630
Epoch 12/20, valid auc : 0.69627, valid accuracy : 0.66876
Epoch 13/20, loss : 0.58840, auc : 0.72259, accuracy : 0.68708
Epoch 13/20, valid auc : 0.69500, valid accuracy : 0.66786
Epoch 14/20, loss : 0.58731, auc : 0.72398, accuracy : 0.68799
Epoch 14/20, valid auc : 0.69400, valid accuracy : 0.66728
Epoch 15/20, loss : 0.58634, auc : 0.72520, accuracy : 0.68889
Epoch 15/20, valid auc : 0.69244, valid accuracy : 0.66682
Epoch 16/20, loss : 0.58538, auc : 0.72641, accuracy : 0.68962
Epoch 16/20, valid auc : 0.69142, valid accuracy : 0.66586
Epoch 17/20, loss : 0.58448, auc : 0.72755, accuracy : 0.69032
Epoch 17/20, valid auc : 0.69069, valid accuracy : 0.66545
Epoch 18/20, loss : 0.58340, auc : 0.72888, accuracy : 0.69126
Epoch 18/20, valid auc : 0.68845, valid accuracy : 0.66382
Epoch 19/20, loss : 0.58248, auc : 0.72998, accuracy : 0.69189
Epoch 19/20, valid auc : 0.68754, valid accuracy : 0.66311
Epoch 20/20, loss : 0.58149, auc : 0.73116, accuracy : 0.69281
Epoch 20/20, valid auc : 0.68635, valid accuracy : 0.66241
best outcome: best epoch: 5.0000
valid_auc: 0.7009	valid_accuracy: 0.6716	valid_loss: 0.6070	
test_auc: 0.7210	test_accuracy: 0.6902	test_loss: 0.5814	
