Namespace(batch_size=32, data_dir='./data/HDUOJ', data_name='HDUOJ', dataset_type='HDUOJ', decay_epoch=20, final_fc_dim=100, final_lr=1e-05, future_sequence_len=2, generate_files=0, gpu=0, init_lr=0.01, init_std=0.1, learning_trend_embed_dim=200, load='HDUOJ', lr=0.01, lr_decay=0, max_iter=20, maxgradnorm=50.0, memory_key_state_dim=50, memory_size=20, memory_value_state_dim=200, model_type='SAKT', momentum=0.9, n_question=5320, num_attention_heads=4, q_embed_dim=50, qa_embed_dim=200, read_dim=100, save='HDUOJ', seed=5, seqlen=100, show=True, similar_user_num=2, test=False, train_test=0, wd=1e-05)Epoch 1/20, loss : 0.61892, auc : 0.67639, accuracy : 0.65703
Epoch 1/20, valid auc : 0.68561, valid accuracy : 0.66448
0.0000 to 0.6856
test_auc: 0.7095	test_accuracy: 0.6825	test_loss: 0.5881	
Epoch 2/20, loss : 0.60715, auc : 0.69606, accuracy : 0.66963
Epoch 2/20, valid auc : 0.69448, valid accuracy : 0.67063
0.6856 to 0.6945
test_auc: 0.7163	test_accuracy: 0.6878	test_loss: 0.5840	
Epoch 3/20, loss : 0.60270, auc : 0.70303, accuracy : 0.67407
Epoch 3/20, valid auc : 0.69782, valid accuracy : 0.67274
0.6945 to 0.6978
test_auc: 0.7182	test_accuracy: 0.6893	test_loss: 0.5825	
Epoch 4/20, loss : 0.60008, auc : 0.70695, accuracy : 0.67645
Epoch 4/20, valid auc : 0.69981, valid accuracy : 0.67412
0.6978 to 0.6998
test_auc: 0.7206	test_accuracy: 0.6906	test_loss: 0.5814	
Epoch 5/20, loss : 0.59815, auc : 0.70982, accuracy : 0.67833
Epoch 5/20, valid auc : 0.70029, valid accuracy : 0.67466
0.6998 to 0.7003
test_auc: 0.7212	test_accuracy: 0.6912	test_loss: 0.5810	
Epoch 6/20, loss : 0.59661, auc : 0.71206, accuracy : 0.67966
Epoch 6/20, valid auc : 0.70040, valid accuracy : 0.67462
0.7003 to 0.7004
test_auc: 0.7210	test_accuracy: 0.6913	test_loss: 0.5810	
Epoch 7/20, loss : 0.59527, auc : 0.71397, accuracy : 0.68096
Epoch 7/20, valid auc : 0.69992, valid accuracy : 0.67442
Epoch 8/20, loss : 0.59408, auc : 0.71569, accuracy : 0.68205
Epoch 8/20, valid auc : 0.69911, valid accuracy : 0.67400
Epoch 9/20, loss : 0.59292, auc : 0.71724, accuracy : 0.68295
Epoch 9/20, valid auc : 0.69887, valid accuracy : 0.67378
Epoch 10/20, loss : 0.59186, auc : 0.71867, accuracy : 0.68398
Epoch 10/20, valid auc : 0.69763, valid accuracy : 0.67281
Epoch 11/20, loss : 0.59078, auc : 0.72011, accuracy : 0.68498
Epoch 11/20, valid auc : 0.69635, valid accuracy : 0.67220
Epoch 12/20, loss : 0.58974, auc : 0.72145, accuracy : 0.68573
Epoch 12/20, valid auc : 0.69529, valid accuracy : 0.67147
Epoch 13/20, loss : 0.58871, auc : 0.72280, accuracy : 0.68664
Epoch 13/20, valid auc : 0.69438, valid accuracy : 0.67057
Epoch 14/20, loss : 0.58771, auc : 0.72416, accuracy : 0.68754
Epoch 14/20, valid auc : 0.69297, valid accuracy : 0.67017
Epoch 15/20, loss : 0.58671, auc : 0.72542, accuracy : 0.68820
Epoch 15/20, valid auc : 0.69152, valid accuracy : 0.66921
Epoch 16/20, loss : 0.58569, auc : 0.72667, accuracy : 0.68907
Epoch 16/20, valid auc : 0.69009, valid accuracy : 0.66843
Epoch 17/20, loss : 0.58467, auc : 0.72796, accuracy : 0.68999
Epoch 17/20, valid auc : 0.68848, valid accuracy : 0.66729
Epoch 18/20, loss : 0.58375, auc : 0.72910, accuracy : 0.69067
Epoch 18/20, valid auc : 0.68710, valid accuracy : 0.66657
Epoch 19/20, loss : 0.58276, auc : 0.73029, accuracy : 0.69149
Epoch 19/20, valid auc : 0.68579, valid accuracy : 0.66575
Epoch 20/20, loss : 0.58181, auc : 0.73148, accuracy : 0.69217
Epoch 20/20, valid auc : 0.68478, valid accuracy : 0.66488
best outcome: best epoch: 6.0000
valid_auc: 0.7004	valid_accuracy: 0.6746	valid_loss: 0.6058	
test_auc: 0.7210	test_accuracy: 0.6913	test_loss: 0.5810	
