nohup: ignoring input
	 max_iter 	 300
	 train_set 	 1
	 seed 	 224
	 wd 	 5e-05
	 optim 	 adam
	 batch_size 	 32
	 lr 	 1e-05
	 maxgradnorm 	 -1
	 final_fc_dim 	 512
	 d_model 	 256
	 d_ff 	 1024
	 dropout 	 0.05
	 n_block 	 1
	 n_head 	 8
	 kq_same 	 1
	 l2 	 1e-05
	 q_embed_dim 	 50
	 qa_embed_dim 	 256
	 memory_size 	 50
	 init_std 	 0.1
	 hidden_dim 	 512
	 lamda_r 	 0.1
	 lamda_w1 	 0.1
	 lamda_w2 	 0.1
	 model 	 akt_cid
	 dataset 	 assist2015
	 n_question 	 110
	 seqlen 	 200
	 data_dir 	 data/assist2015
	 data_name 	 assist2015
	 save 	 assist2015
	 load 	 assist2015


train_q_data.shape (11239, 200)
train_qa_data.shape (11239, 200)
valid_q_data.shape (2849, 200)
valid_qa_data.shape (2849, 200)




epoch 1
valid_auc	 0.6826849673655769 	train_auc	 0.6176995377804915
valid_accuracy	 0.7400644145002859 	train_accuracy	 0.7251315779204054
valid_loss	 0.5376797115146598 	train_loss	 0.5702634781462932
epoch 2
valid_auc	 0.6930884724477296 	train_auc	 0.6872666012196019
valid_accuracy	 0.7410376553924569 	train_accuracy	 0.7356161853199886
valid_loss	 0.53115836822871 	train_loss	 0.5401880355221109
epoch 3
valid_auc	 0.6994973161739154 	train_auc	 0.6963441704625194
valid_accuracy	 0.7430343042330962 	train_accuracy	 0.737265624796747
valid_loss	 0.5270805420296616 	train_loss	 0.5349020768747081
epoch 4
valid_auc	 0.7052508578501641 	train_auc	 0.7021061501922822
valid_accuracy	 0.7448102180260266 	train_accuracy	 0.7397866135238427
valid_loss	 0.5238929015909857 	train_loss	 0.53151384710272
epoch 5
valid_auc	 0.7088151813800816 	train_auc	 0.7067073348674601
valid_accuracy	 0.7478503416376534 	train_accuracy	 0.7419017464806321
valid_loss	 0.5215342591208413 	train_loss	 0.5288447697808283
epoch 6
valid_auc	 0.7127089636187233 	train_auc	 0.7101969254935114
valid_accuracy	 0.7505192290326789 	train_accuracy	 0.7443576942188967
valid_loss	 0.5192411649975078 	train_loss	 0.5265894449502962
epoch 7
valid_auc	 0.7148342007472471 	train_auc	 0.7132619196597858
valid_accuracy	 0.7515526703924067 	train_accuracy	 0.7457911976127356
valid_loss	 0.5180374702181612 	train_loss	 0.5246521482961967
epoch 8
valid_auc	 0.7165957561641593 	train_auc	 0.7154666792577602
valid_accuracy	 0.75109113347447 	train_accuracy	 0.7464806320943459
valid_loss	 0.51803421689275 	train_loss	 0.5233297634749529
epoch 9
valid_auc	 0.7176542128609282 	train_auc	 0.7168701080017692
valid_accuracy	 0.7520242407216029 	train_accuracy	 0.7469489272139302
valid_loss	 0.5165928508332095 	train_loss	 0.5224429038220765
epoch 10
valid_auc	 0.7187477188041405 	train_auc	 0.7180597659226017
valid_accuracy	 0.751923906609008 	train_accuracy	 0.747188278052829
valid_loss	 0.5159394818386708 	train_loss	 0.5217190337518847
epoch 11
valid_auc	 0.7191725035773826 	train_auc	 0.7191048017038049
valid_accuracy	 0.7523653767044257 	train_accuracy	 0.7477502321963301
valid_loss	 0.5157751950043541 	train_loss	 0.5210615285147838
epoch 12
valid_auc	 0.7201790090092661 	train_auc	 0.7202918750342264
valid_accuracy	 0.7529473145574764 	train_accuracy	 0.747622751858221
valid_loss	 0.5147207196920125 	train_loss	 0.5203673006871056
epoch 13
valid_auc	 0.7210848807812784 	train_auc	 0.721475430279519
valid_accuracy	 0.7520041738990839 	train_accuracy	 0.7484292601197274
valid_loss	 0.5145130209286577 	train_loss	 0.519653913567672
epoch 14
valid_auc	 0.7215185425428147 	train_auc	 0.7220308956363728
valid_accuracy	 0.7523553432931662 	train_accuracy	 0.7488143027736079
valid_loss	 0.5142807512142354 	train_loss	 0.5192324662444281
epoch 15
valid_auc	 0.7219529006762382 	train_auc	 0.7227051035834151
valid_accuracy	 0.7532182166614827 	train_accuracy	 0.7491082880431248
valid_loss	 0.5136439448146698 	train_loss	 0.5188359463480934
epoch 16
valid_auc	 0.7225484846160193 	train_auc	 0.7236426222009211
valid_accuracy	 0.7534991521767486 	train_accuracy	 0.7492279634625741
valid_loss	 0.5133439003784884 	train_loss	 0.5182214546058231
epoch 17
valid_auc	 0.722878923336355 	train_auc	 0.7239451378796505
valid_accuracy	 0.753689786990679 	train_accuracy	 0.7492591831372131
valid_loss	 0.5131286233969119 	train_loss	 0.5180030936079276
epoch 18
valid_auc	 0.7232875151904656 	train_auc	 0.7249011282311709
valid_accuracy	 0.7532182166614827 	train_accuracy	 0.7497769094083091
valid_loss	 0.5132610666247768 	train_loss	 0.5174230089770508
epoch 19
valid_auc	 0.7236767561659504 	train_auc	 0.7253700722627627
valid_accuracy	 0.7538603549820904 	train_accuracy	 0.7498393487575871
valid_loss	 0.512836760882341 	train_loss	 0.51709917071888
epoch 20
valid_auc	 0.7241444048236807 	train_auc	 0.7256911744786029
valid_accuracy	 0.753629586523122 	train_accuracy	 0.7495583716858364
valid_loss	 0.5125918419013152 	train_loss	 0.5169374994829979
epoch 21
valid_auc	 0.724811560520557 	train_auc	 0.7263583673739327
valid_accuracy	 0.7532683837177802 	train_accuracy	 0.7501853668181688
valid_loss	 0.5125511776456616 	train_loss	 0.516547077409199
epoch 22
valid_auc	 0.7243311309321737 	train_auc	 0.7268035349127164
valid_accuracy	 0.7538302547483119 	train_accuracy	 0.7501645537017428
valid_loss	 0.5121256353641339 	train_loss	 0.5162310333459763
epoch 23
valid_auc	 0.7244441457777023 	train_auc	 0.7270771131143549
valid_accuracy	 0.7539907893284638 	train_accuracy	 0.7507108980079246
valid_loss	 0.5130916709818709 	train_loss	 0.5159899757837317
epoch 24
valid_auc	 0.7248739378830001 	train_auc	 0.7273272949570124
valid_accuracy	 0.7540008227397232 	train_accuracy	 0.7509112242535245
valid_loss	 0.512208091327708 	train_loss	 0.5157695804330976
epoch 25
valid_auc	 0.7254246106413089 	train_auc	 0.7275959770926943
valid_accuracy	 0.7540008227397232 	train_accuracy	 0.7508800045788856
valid_loss	 0.5115037776495738 	train_loss	 0.5156319376830225
epoch 26
valid_auc	 0.7253576898484104 	train_auc	 0.7279705180793025
valid_accuracy	 0.7542014909649132 	train_accuracy	 0.7510178914752077
valid_loss	 0.5115413991254366 	train_loss	 0.5153491016454784
epoch 27
valid_auc	 0.7259968218366298 	train_auc	 0.728864843238924
valid_accuracy	 0.754422226012622 	train_accuracy	 0.7509736636028025
valid_loss	 0.5113165767584875 	train_loss	 0.5148425384051687
epoch 28
valid_auc	 0.7261227581339571 	train_auc	 0.7290335571717678
valid_accuracy	 0.7541011568523183 	train_accuracy	 0.751168786569296
valid_loss	 0.511428207879865 	train_loss	 0.5147190374368822
epoch 29
valid_auc	 0.726089302412888 	train_auc	 0.7294377069612219
valid_accuracy	 0.7541713907311347 	train_accuracy	 0.750999679998335
valid_loss	 0.5112659682673252 	train_loss	 0.5144701299653099
epoch 30
valid_auc	 0.7262398135468401 	train_auc	 0.7297214666046004
valid_accuracy	 0.7540309229735017 	train_accuracy	 0.7516526915261998
valid_loss	 0.5110894626266574 	train_loss	 0.5142024856861087
epoch 31
valid_auc	 0.7269100438255999 	train_auc	 0.7303046379987754
valid_accuracy	 0.7538804218046093 	train_accuracy	 0.7517047243172648
valid_loss	 0.5112869166457967 	train_loss	 0.5138432469000451
epoch 32
valid_auc	 0.7270209441006198 	train_auc	 0.7302312819991159
valid_accuracy	 0.7548636961080398 	train_accuracy	 0.7517697653060958
valid_loss	 0.5108059299419103 	train_loss	 0.5138548042617717
epoch 33
valid_auc	 0.7269461902278995 	train_auc	 0.7306091533408984
valid_accuracy	 0.754382092367584 	train_accuracy	 0.7515954554560283
valid_loss	 0.510536194727557 	train_loss	 0.5136703117907412
epoch 34
valid_auc	 0.7270939317186466 	train_auc	 0.7312871426245946
valid_accuracy	 0.753749987458236 	train_accuracy	 0.7516266751306674
valid_loss	 0.5105542467096225 	train_loss	 0.5132604212238845
epoch 35
valid_auc	 0.7268756683533735 	train_auc	 0.731315038093039
valid_accuracy	 0.7539105220383878 	train_accuracy	 0.7519987095867816
valid_loss	 0.5109979408399035 	train_loss	 0.5132018646984652
epoch 36
valid_auc	 0.7276324718656718 	train_auc	 0.7319785138321616
valid_accuracy	 0.7543921257788435 	train_accuracy	 0.7522172473092543
valid_loss	 0.5112753868330207 	train_loss	 0.5128377678510802
epoch 37
valid_auc	 0.727691236458037 	train_auc	 0.7321008719208534
valid_accuracy	 0.7542817582549891 	train_accuracy	 0.7523317194495971
valid_loss	 0.5107323093714714 	train_loss	 0.512695663056819
epoch 38
valid_auc	 0.7279718228993958 	train_auc	 0.7321335828473625
valid_accuracy	 0.7542115243761727 	train_accuracy	 0.7523083046936179
valid_loss	 0.5102432477828939 	train_loss	 0.5126146872421266
epoch 39
valid_auc	 0.7277179954763848 	train_auc	 0.7324388139346398
valid_accuracy	 0.7542817582549891 	train_accuracy	 0.7519518800748232
valid_loss	 0.5102812728802263 	train_loss	 0.5125049213970149
epoch 40
valid_auc	 0.727717556510145 	train_auc	 0.7326860248669921
valid_accuracy	 0.7542014909649132 	train_accuracy	 0.752404565357088
valid_loss	 0.5100858377077776 	train_loss	 0.5121928341041369
epoch 41
valid_auc	 0.7282537776686552 	train_auc	 0.7331149399920902
valid_accuracy	 0.7545325935364765 	train_accuracy	 0.7525372489743036
valid_loss	 0.5097815555282159 	train_loss	 0.5120230494856403
epoch 42
valid_auc	 0.7283275595818073 	train_auc	 0.7334002001004258
valid_accuracy	 0.754422226012622 	train_accuracy	 0.752594485044475
valid_loss	 0.5097370827747446 	train_loss	 0.5118373728115809
epoch 43
valid_auc	 0.7283611366030149 	train_auc	 0.7333586226151191
valid_accuracy	 0.7545526603589955 	train_accuracy	 0.7525580620907296
valid_loss	 0.5099823714568752 	train_loss	 0.5118141889036658
epoch 44
valid_auc	 0.7281290390478559 	train_auc	 0.7339084288718154
valid_accuracy	 0.7547934622292233 	train_accuracy	 0.7523629391242361
valid_loss	 0.5100244294572118 	train_loss	 0.5114809848208378
epoch 45
valid_auc	 0.7283162056810488 	train_auc	 0.7341543304371354
valid_accuracy	 0.7544121926013625 	train_accuracy	 0.7528910719535451
valid_loss	 0.512290349059907 	train_loss	 0.511317850930637
epoch 46
valid_auc	 0.7285629382148026 	train_auc	 0.7347041407835094
valid_accuracy	 0.7547131949391473 	train_accuracy	 0.7528546489997997
valid_loss	 0.5101014843534789 	train_loss	 0.5109667842097078
epoch 47
valid_auc	 0.728827723949469 	train_auc	 0.7345924974270975
valid_accuracy	 0.7542215577874322 	train_accuracy	 0.7530601785245061
valid_loss	 0.5103295279364081 	train_loss	 0.5109784670208489
epoch 48
valid_auc	 0.7289384088972624 	train_auc	 0.7347716874131299
valid_accuracy	 0.7546329276490714 	train_accuracy	 0.7531928621417218
valid_loss	 0.5104424173436571 	train_loss	 0.5108040760513114
epoch 49
valid_auc	 0.7288998250634858 	train_auc	 0.7350383307585435
valid_accuracy	 0.7553452998484955 	train_accuracy	 0.7531668457461892
valid_loss	 0.5100842722552243 	train_loss	 0.5106647387645644
epoch 50
valid_auc	 0.7287385176977204 	train_auc	 0.7352656946738668
valid_accuracy	 0.7546028274152929 	train_accuracy	 0.7534582293761528
valid_loss	 0.5109489487451542 	train_loss	 0.5104962901676173
epoch 51
valid_auc	 0.7288397188967836 	train_auc	 0.7352960357008625
valid_accuracy	 0.7548235624630018 	train_accuracy	 0.7530419670476334
valid_loss	 0.5099444967913733 	train_loss	 0.5104792432971254
epoch 52
valid_auc	 0.7288193664478493 	train_auc	 0.7355962800962992
valid_accuracy	 0.7548135290517423 	train_accuracy	 0.7533619687126827
valid_loss	 0.5103112855796251 	train_loss	 0.5103697563326678
epoch 53
valid_auc	 0.7293123481330058 	train_auc	 0.735990326199441
valid_accuracy	 0.7549539968093752 	train_accuracy	 0.7532813178865321
valid_loss	 0.5094381535793164 	train_loss	 0.5100790429892288
epoch 54
valid_auc	 0.7290034143427918 	train_auc	 0.7361535250300241
valid_accuracy	 0.754582760592774 	train_accuracy	 0.7531564391879763
valid_loss	 0.5111886103766721 	train_loss	 0.5098930684022585
epoch 55
valid_auc	 0.7291520893510929 	train_auc	 0.7363828893476324
valid_accuracy	 0.7551245648007866 	train_accuracy	 0.7536871736568386
valid_loss	 0.5098944975219479 	train_loss	 0.5097704732915799
epoch 56
valid_auc	 0.729198680032984 	train_auc	 0.7367589041131912
valid_accuracy	 0.7548937963418183 	train_accuracy	 0.7535102621672177
valid_loss	 0.5092389146807665 	train_loss	 0.509587208299586
epoch 57
valid_auc	 0.7293901737304325 	train_auc	 0.7369217722813008
valid_accuracy	 0.7549740636318942 	train_accuracy	 0.753734003168797
valid_loss	 0.5107475911821436 	train_loss	 0.5094241398937536
epoch 58
valid_auc	 0.729496195506092 	train_auc	 0.7371741799740246
valid_accuracy	 0.7550242306881917 	train_accuracy	 0.7536767670986255
valid_loss	 0.5094341377826355 	train_loss	 0.5092515256214724
epoch 59
valid_auc	 0.7291563927787046 	train_auc	 0.7373199804047963
valid_accuracy	 0.7545325935364765 	train_accuracy	 0.7542179081257008
valid_loss	 0.5099877019021372 	train_loss	 0.5091441677624284
epoch 60
valid_auc	 0.7295445155591226 	train_auc	 0.7374061159428533
valid_accuracy	 0.7548737295192993 	train_accuracy	 0.7540878261480385
valid_loss	 0.5092886300982801 	train_loss	 0.5089855232934796
epoch 61
valid_auc	 0.7295917143001661 	train_auc	 0.7378000337022851
valid_accuracy	 0.7549941304544132 	train_accuracy	 0.7541840868115086
valid_loss	 0.5097832761434253 	train_loss	 0.5088126151433149
epoch 62
valid_auc	 0.7294028531014407 	train_auc	 0.7375784092372583
valid_accuracy	 0.7548135290517423 	train_accuracy	 0.7544468524063865
valid_loss	 0.5091931052186095 	train_loss	 0.5089237910257227
epoch 63
valid_auc	 0.7298512033486992 	train_auc	 0.7383083080787365
valid_accuracy	 0.7543419587225461 	train_accuracy	 0.7543271769869372
valid_loss	 0.5093171661361885 	train_loss	 0.508443062547796
epoch 64
valid_auc	 0.7296766911511543 	train_auc	 0.7380642982986725
valid_accuracy	 0.7546730612941094 	train_accuracy	 0.7539889638450151
valid_loss	 0.5089653604574063 	train_loss	 0.5086832473556351
epoch 65
valid_auc	 0.7295928021052626 	train_auc	 0.7386197695494737
valid_accuracy	 0.7550041638656727 	train_accuracy	 0.7543479901033632
valid_loss	 0.5090751953880933 	train_loss	 0.5082917912442937
epoch 66
valid_auc	 0.7296771807673449 	train_auc	 0.7383368097302121
valid_accuracy	 0.7551044979782676 	train_accuracy	 0.7543115671496177
valid_loss	 0.5094698891185837 	train_loss	 0.5084076025321121
epoch 67
valid_auc	 0.7299100874229995 	train_auc	 0.7386406456531421
valid_accuracy	 0.7551145313895271 	train_accuracy	 0.7543531933824696
valid_loss	 0.5090938586499499 	train_loss	 0.5081999848867734
epoch 68
valid_auc	 0.7298943287947279 	train_auc	 0.7388266243323793
valid_accuracy	 0.7546028274152929 	train_accuracy	 0.7542048999279346
valid_loss	 0.5087845598608978 	train_loss	 0.5080535349893224
epoch 69
valid_auc	 0.7298241619893436 	train_auc	 0.7390330873997654
valid_accuracy	 0.7550041638656727 	train_accuracy	 0.7545092917556644
valid_loss	 0.511119426653596 	train_loss	 0.5079854938460862
epoch 70
valid_auc	 0.7300077724765063 	train_auc	 0.7395822626260609
valid_accuracy	 0.7546730612941094 	train_accuracy	 0.7549541721192695
valid_loss	 0.5101060375883969 	train_loss	 0.5076674873332283
epoch 71
valid_auc	 0.7298582927833464 	train_auc	 0.7396517828860423
valid_accuracy	 0.7549840970431537 	train_accuracy	 0.7549619770379293
valid_loss	 0.5099544426780648 	train_loss	 0.5075768575818468
epoch 72
valid_auc	 0.7297107923344164 	train_auc	 0.7398763193734514
valid_accuracy	 0.755234932324641 	train_accuracy	 0.7548344966998203
valid_loss	 0.5093078183938431 	train_loss	 0.5074180541337456
epoch 73
valid_auc	 0.7295011459543569 	train_auc	 0.7401255558819455
valid_accuracy	 0.7550141972769322 	train_accuracy	 0.7549983999916747
valid_loss	 0.5100716906749864 	train_loss	 0.5071568469192166
epoch 74
valid_auc	 0.7300498753130162 	train_auc	 0.740416488854438
valid_accuracy	 0.755194798679603 	train_accuracy	 0.7551414901671033
valid_loss	 0.5107113266729543 	train_loss	 0.5069747370126994
epoch 75
valid_auc	 0.7300220282298285 	train_auc	 0.7405599823804806
valid_accuracy	 0.7551847652683435 	train_accuracy	 0.7552247426328071
valid_loss	 0.5096196871770525 	train_loss	 0.5068527051117317
epoch 76
valid_auc	 0.7297293395671569 	train_auc	 0.7404666852840207
valid_accuracy	 0.7548837629305588 	train_accuracy	 0.7549775868752487
valid_loss	 0.510994856829996 	train_loss	 0.506931516570312
epoch 77
valid_auc	 0.7300059729746659 	train_auc	 0.7407674811157943
valid_accuracy	 0.7548536626967802 	train_accuracy	 0.7548370983393735
valid_loss	 0.5089572106512867 	train_loss	 0.5067838937519512
epoch 78
valid_auc	 0.7298839351650874 	train_auc	 0.7409523111798277
valid_accuracy	 0.7546028274152929 	train_accuracy	 0.7553027918194046
valid_loss	 0.5096481907158427 	train_loss	 0.5066586595755308
epoch 79
valid_auc	 0.7300798335900491 	train_auc	 0.7414271437803017
valid_accuracy	 0.755234932324641 	train_accuracy	 0.7556149885657941
valid_loss	 0.509099465969236 	train_loss	 0.5062908094221623
epoch 80
valid_auc	 0.7299582677341145 	train_auc	 0.741424554601891
valid_accuracy	 0.7552048320908625 	train_accuracy	 0.755201327876828
valid_loss	 0.50996935031557 	train_loss	 0.5063187079668119
epoch 81
valid_auc	 0.7301675432006883 	train_auc	 0.7418945479451253
valid_accuracy	 0.7548135290517423 	train_accuracy	 0.7555759639724955
valid_loss	 0.5096784142810599 	train_loss	 0.505992883095912
epoch 82
valid_auc	 0.7301113046122781 	train_auc	 0.7415165959095333
valid_accuracy	 0.7548335958742612 	train_accuracy	 0.7553262065753839
valid_loss	 0.5090286398755447 	train_loss	 0.5060591777271107
epoch 83
valid_auc	 0.7299769245785432 	train_auc	 0.7418012454874071
valid_accuracy	 0.7554055003160525 	train_accuracy	 0.7552429541096799
valid_loss	 0.5089519946231571 	train_loss	 0.5060817103401759
epoch 84
valid_auc	 0.7302070086033517 	train_auc	 0.7417029193245468
valid_accuracy	 0.7558068367664322 	train_accuracy	 0.7557398672643499
valid_loss	 0.5091382668791203 	train_loss	 0.5060230818817173
epoch 85
valid_auc	 0.730154702788811 	train_auc	 0.742159407950477
valid_accuracy	 0.7556362687750208 	train_accuracy	 0.7556097852866877
valid_loss	 0.5088848283461762 	train_loss	 0.5057064225562574
epoch 86
valid_auc	 0.7299788557702559 	train_auc	 0.7424393321462972
valid_accuracy	 0.7550141972769322 	train_accuracy	 0.7554927115067915
valid_loss	 0.5089296418923471 	train_loss	 0.5055392663311082
epoch 87
valid_auc	 0.7299767726286909 	train_auc	 0.7424771117815875
valid_accuracy	 0.7549941304544132 	train_accuracy	 0.7556826311941786
valid_loss	 0.5097842130263229 	train_loss	 0.5055089114490885
epoch 88
valid_auc	 0.7299619342710633 	train_auc	 0.7425412063967127
valid_accuracy	 0.7548436292855207 	train_accuracy	 0.7556956393919448
valid_loss	 0.5093379202809302 	train_loss	 0.5054494958951883
epoch 89
valid_auc	 0.7302744826495586 	train_auc	 0.7426546064930973
valid_accuracy	 0.7549539968093752 	train_accuracy	 0.7559948279405682
valid_loss	 0.5086303163890793 	train_loss	 0.5053510844787674
epoch 90
valid_auc	 0.7296901307909106 	train_auc	 0.7433502118402514
valid_accuracy	 0.7551646984458246 	train_accuracy	 0.7563148296056175
valid_loss	 0.5115516889486078 	train_loss	 0.5048997833900994
epoch 91
valid_auc	 0.730040721957811 	train_auc	 0.7430307108535291
valid_accuracy	 0.7552449657359005 	train_accuracy	 0.7563330410824902
valid_loss	 0.5089270042845654 	train_loss	 0.5050922081095571
epoch 92
valid_auc	 0.7304403324068061 	train_auc	 0.7434614475176538
valid_accuracy	 0.7550242306881917 	train_accuracy	 0.756447513222833
valid_loss	 0.5090567611830509 	train_loss	 0.5048080235298654
epoch 93
valid_auc	 0.729567565962101 	train_auc	 0.7435672467245824
valid_accuracy	 0.7551847652683435 	train_accuracy	 0.7562159673025941
valid_loss	 0.5102208763670995 	train_loss	 0.5048192775613027
epoch 94
valid_auc	 0.7300062724587336 	train_auc	 0.7438922299414916
valid_accuracy	 0.7552750659696791 	train_accuracy	 0.7560832836853785
valid_loss	 0.5090496139946707 	train_loss	 0.5045721081278459
epoch 95
valid_auc	 0.7301129490473465 	train_auc	 0.7439051061715556
valid_accuracy	 0.7547432951729258 	train_accuracy	 0.7564214968273005
valid_loss	 0.5090358608900912 	train_loss	 0.5044868875230585
epoch 96
valid_auc	 0.730324912857461 	train_auc	 0.7442545293713432
valid_accuracy	 0.75525499914716 	train_accuracy	 0.7569184099819707
valid_loss	 0.5097740130910208 	train_loss	 0.5042467361476344
epoch 97
valid_auc	 0.729864577792878 	train_auc	 0.7440704135403143
valid_accuracy	 0.7548737295192993 	train_accuracy	 0.7565255624094305
valid_loss	 0.5104701399628222 	train_loss	 0.5044143710091111
epoch 98
valid_auc	 0.729935279669537 	train_auc	 0.7447835734682916
valid_accuracy	 0.7549740636318942 	train_accuracy	 0.756509952572111
valid_loss	 0.5093981272728332 	train_loss	 0.503988098126974
epoch 99
valid_auc	 0.7303033042897477 	train_auc	 0.7444761212392328
valid_accuracy	 0.7548235624630018 	train_accuracy	 0.7564605214205993
valid_loss	 0.5102117302994515 	train_loss	 0.5041486519264973
epoch 100
valid_auc	 0.7297836591717913 	train_auc	 0.7450542016032344
valid_accuracy	 0.7547131949391473 	train_accuracy	 0.75663743291022
valid_loss	 0.5089300422437594 	train_loss	 0.5037214134185688
epoch 101
valid_auc	 0.729933981212594 	train_auc	 0.7450217330502733
valid_accuracy	 0.7553252330259765 	train_accuracy	 0.7563980820713213
valid_loss	 0.5102973216683232 	train_loss	 0.5037712318034115
epoch 102
valid_auc	 0.7298684453711699 	train_auc	 0.7450089104327916
valid_accuracy	 0.7546329276490714 	train_accuracy	 0.7565671886422823
valid_loss	 0.5099477272835078 	train_loss	 0.5037308389486491
epoch 103
valid_auc	 0.7295098421612882 	train_auc	 0.7457351180995446
valid_accuracy	 0.7548235624630018 	train_accuracy	 0.7568663771909057
valid_loss	 0.509637572580813 	train_loss	 0.5033637923591192
epoch 104
valid_auc	 0.7298909975864274 	train_auc	 0.7452873330810929
valid_accuracy	 0.7550643643332297 	train_accuracy	 0.7572045903328277
valid_loss	 0.5091591453620999 	train_loss	 0.5034468738200956
epoch 105
valid_auc	 0.7299395929673955 	train_auc	 0.7457040880993185
valid_accuracy	 0.7556563355975398 	train_accuracy	 0.7567597099692226
valid_loss	 0.5098248546475567 	train_loss	 0.5033211434046467
epoch 106
valid_auc	 0.7299820313922971 	train_auc	 0.7453867517721482
valid_accuracy	 0.7550242306881917 	train_accuracy	 0.7571655657395291
valid_loss	 0.5094023569557463 	train_loss	 0.5033857528611464
epoch 107
valid_auc	 0.7297729738503832 	train_auc	 0.7459968905184913
valid_accuracy	 0.7551345982120461 	train_accuracy	 0.7566634493057525
valid_loss	 0.5100168216095077 	train_loss	 0.5030227546087104
epoch 108
valid_auc	 0.7297529055606599 	train_auc	 0.7460871289655934
valid_accuracy	 0.7548436292855207 	train_accuracy	 0.757503778881451
valid_loss	 0.5092228255778383 	train_loss	 0.5029209475293993
epoch 109
valid_auc	 0.7299475528019659 	train_auc	 0.7460502370824914
valid_accuracy	 0.7551646984458246 	train_accuracy	 0.7570328821223135
valid_loss	 0.5098954325957084 	train_loss	 0.5029864253977315
epoch 110
valid_auc	 0.7298578291414894 	train_auc	 0.7467703276567312
valid_accuracy	 0.7554456339610904 	train_accuracy	 0.7572566231238926
valid_loss	 0.5099901111770343 	train_loss	 0.5024514150414409
epoch 111
valid_auc	 0.7293930916870832 	train_auc	 0.746192832288481
valid_accuracy	 0.7544322594238815 	train_accuracy	 0.7571369477044433
valid_loss	 0.5090944808707184 	train_loss	 0.5028646342184108
epoch 112
valid_auc	 0.7299084219487209 	train_auc	 0.7467294889253118
valid_accuracy	 0.7552850993809386 	train_accuracy	 0.757207191972381
valid_loss	 0.5103152905399105 	train_loss	 0.5024623806309546
epoch 113
valid_auc	 0.7296534612655297 	train_auc	 0.7469974645605735
valid_accuracy	 0.7549941304544132 	train_accuracy	 0.7572462165656797
valid_loss	 0.5107498283819916 	train_loss	 0.5023553969078332
epoch 114
valid_auc	 0.729914794232014 	train_auc	 0.7467360433727734
valid_accuracy	 0.75525499914716 	train_accuracy	 0.7578706100584588
valid_loss	 0.5102861078531159 	train_loss	 0.5024132701314178
epoch 115
valid_auc	 0.7297754424510604 	train_auc	 0.7470171986646931
valid_accuracy	 0.7548536626967802 	train_accuracy	 0.7573476805082563
valid_loss	 0.5094782914324926 	train_loss	 0.5022575913884566
epoch 116
valid_auc	 0.7294843049755989 	train_auc	 0.7474290465507756
valid_accuracy	 0.755315199614717 	train_accuracy	 0.7576260559404536
valid_loss	 0.5094963006763066 	train_loss	 0.5019890526975253
epoch 117
valid_auc	 0.7297038216024745 	train_auc	 0.7471175522079648
valid_accuracy	 0.7549941304544132 	train_accuracy	 0.7576780887315187
valid_loss	 0.5113464709468505 	train_loss	 0.5022339963520412
epoch 118
valid_auc	 0.7300591289291494 	train_auc	 0.747556838927634
valid_accuracy	 0.7549840970431537 	train_accuracy	 0.7577717477554354
valid_loss	 0.5098218632118041 	train_loss	 0.5018682446813417
epoch 119
valid_auc	 0.7295536967068647 	train_auc	 0.7476869872681712
valid_accuracy	 0.7546228942378119 	train_accuracy	 0.7577509346390096
valid_loss	 0.509479932620385 	train_loss	 0.5017373554983069
epoch 120
valid_auc	 0.7303283786128101 	train_auc	 0.7479115618514441
valid_accuracy	 0.7549740636318942 	train_accuracy	 0.7579876838383549
valid_loss	 0.5094446492911143 	train_loss	 0.5016467137629348
epoch 121
valid_auc	 0.7295556136126936 	train_auc	 0.7479173879754151
valid_accuracy	 0.7548837629305588 	train_accuracy	 0.7580006920361212
valid_loss	 0.5095083048372118 	train_loss	 0.5016414688274003
epoch 122
valid_auc	 0.7293422682277682 	train_auc	 0.7478878027999087
valid_accuracy	 0.7548937963418183 	train_accuracy	 0.7580345133503134
valid_loss	 0.5093640569920288 	train_loss	 0.5016569222273984
epoch 123
valid_auc	 0.7295959083758329 	train_auc	 0.7484054878684987
valid_accuracy	 0.755355333259755 	train_accuracy	 0.7581177658160173
valid_loss	 0.5113643376788113 	train_loss	 0.5013323772393248
epoch 124
valid_auc	 0.7297977429750243 	train_auc	 0.7485401406453907
valid_accuracy	 0.7549640302206347 	train_accuracy	 0.7585132150281108
valid_loss	 0.510045508430101 	train_loss	 0.5011710898895619
epoch 125
valid_auc	 0.7293100860282816 	train_auc	 0.7488040102442062
valid_accuracy	 0.7550342640994512 	train_accuracy	 0.7581125625369107
valid_loss	 0.5113205058643845 	train_loss	 0.500999129709284
epoch 126
valid_auc	 0.7292921772446642 	train_auc	 0.7486174902497253
valid_accuracy	 0.752796813388584 	train_accuracy	 0.7585912642147081
valid_loss	 0.5101756798567212 	train_loss	 0.5010194941389731
epoch 127
valid_auc	 0.7294915359703649 	train_auc	 0.7488715077461431
valid_accuracy	 0.755214865502122 	train_accuracy	 0.758325896980277
valid_loss	 0.5110261804802466 	train_loss	 0.5008896522549174
epoch 128
valid_auc	 0.7290765341701774 	train_auc	 0.7490511881498333
valid_accuracy	 0.7548837629305588 	train_accuracy	 0.7582504494332328
valid_loss	 0.5108178019484416 	train_loss	 0.5008590928167008
epoch 129
valid_auc	 0.7291200520883886 	train_auc	 0.74905127288177
valid_accuracy	 0.7550944645670081 	train_accuracy	 0.7581307740137835
valid_loss	 0.5096809048371962 	train_loss	 0.500765445651194
epoch 130
valid_auc	 0.7295167796460832 	train_auc	 0.7496139904744613
valid_accuracy	 0.7550041638656727 	train_accuracy	 0.7582790674683185
valid_loss	 0.5097766207719364 	train_loss	 0.5004090599336052
epoch 131
valid_auc	 0.7296773973932882 	train_auc	 0.7496484737779466
valid_accuracy	 0.7538603549820904 	train_accuracy	 0.758453377318386
valid_loss	 0.5100948250490591 	train_loss	 0.5003448344127328
epoch 132
valid_auc	 0.7297219098687379 	train_auc	 0.7495569054466893
valid_accuracy	 0.7549840970431537 	train_accuracy	 0.7587265494714769
valid_loss	 0.5098050442296327 	train_loss	 0.5003666463179232
epoch 133
valid_auc	 0.7292191122231229 	train_auc	 0.7499372559064373
valid_accuracy	 0.7539406222721663 	train_accuracy	 0.758474190434812
valid_loss	 0.5100564380895394 	train_loss	 0.5001542871515469
epoch 134
valid_auc	 0.7293447565689393 	train_auc	 0.7501661113856546
valid_accuracy	 0.7547834288179638 	train_accuracy	 0.7590621609738457
valid_loss	 0.5097111242853125 	train_loss	 0.4999510354848167


Start testing ......................
 Best epoch: 92

test_auc	 0.732261612982475
test_accuracy	 0.7516932734617868
test_loss	 0.5126883453598552
