nohup: ignoring input
	 max_iter 	 300
	 train_set 	 2
	 seed 	 224
	 wd 	 5e-05
	 optim 	 adam
	 batch_size 	 32
	 lr 	 1e-05
	 maxgradnorm 	 -1
	 final_fc_dim 	 512
	 d_model 	 256
	 d_ff 	 1024
	 dropout 	 0.05
	 n_block 	 1
	 n_head 	 8
	 kq_same 	 1
	 l2 	 1e-05
	 q_embed_dim 	 50
	 qa_embed_dim 	 256
	 memory_size 	 50
	 init_std 	 0.1
	 hidden_dim 	 512
	 lamda_r 	 0.1
	 lamda_w1 	 0.1
	 lamda_w2 	 0.1
	 model 	 akt_cid
	 dataset 	 assist2015
	 n_question 	 110
	 seqlen 	 200
	 data_dir 	 data/assist2015
	 data_name 	 assist2015
	 save 	 assist2015
	 load 	 assist2015


train_q_data.shape (11250, 200)
train_qa_data.shape (11250, 200)
valid_q_data.shape (2838, 200)
valid_qa_data.shape (2838, 200)




epoch 1
valid_auc	 0.6856481738922172 	train_auc	 0.6214328789510403
valid_accuracy	 0.7333634617557339 	train_accuracy	 0.7275517936065833
valid_loss	 0.5446960500656308 	train_loss	 0.5665657237270048
epoch 2
valid_auc	 0.6959278996109133 	train_auc	 0.687057312641347
valid_accuracy	 0.7341440617906554 	train_accuracy	 0.7370971787968832
valid_loss	 0.5383397897667574 	train_loss	 0.5379602069414123
epoch 3
valid_auc	 0.7027076454327492 	train_auc	 0.6961802141288996
valid_accuracy	 0.7367939934881523 	train_accuracy	 0.7390264276053263
valid_loss	 0.5344661284453175 	train_loss	 0.5327145020403993
epoch 4
valid_auc	 0.707651629574303 	train_auc	 0.7020849302224185
valid_accuracy	 0.7388892883187314 	train_accuracy	 0.7408936094279751
valid_loss	 0.5318204725403761 	train_loss	 0.5293253253872027
epoch 5
valid_auc	 0.7118755829481402 	train_auc	 0.7060173349528056
valid_accuracy	 0.7400910015303869 	train_accuracy	 0.7430194036914339
valid_loss	 0.5290272743315041 	train_loss	 0.5269183797461316
epoch 6
valid_auc	 0.7151515305361891 	train_auc	 0.7101131488138285
valid_accuracy	 0.7425971384846088 	train_accuracy	 0.7454555328838649
valid_loss	 0.5270469541389977 	train_loss	 0.5244311115716864
epoch 7
valid_auc	 0.7170214023918344 	train_auc	 0.7126469766363299
valid_accuracy	 0.7457606228366594 	train_accuracy	 0.746818420446934
valid_loss	 0.5256663451019247 	train_loss	 0.5228339927724942
epoch 8
valid_auc	 0.7189187549522844 	train_auc	 0.7148872446460711
valid_accuracy	 0.7449183964831915 	train_accuracy	 0.7477002888700964
valid_loss	 0.5245868456806637 	train_loss	 0.5214706485816577
epoch 9
valid_auc	 0.7195693957909888 	train_auc	 0.7165308474594269
valid_accuracy	 0.7460584833763005 	train_accuracy	 0.7482847529863271
valid_loss	 0.5244065814391047 	train_loss	 0.5204894081080604
epoch 10
valid_auc	 0.7209042864338882 	train_auc	 0.7174916761586818
valid_accuracy	 0.7465001386592167 	train_accuracy	 0.7482459611202057
valid_loss	 0.5229659439747312 	train_loss	 0.5198523010988241
epoch 11
valid_auc	 0.7216967988992569 	train_auc	 0.7184948275073474
valid_accuracy	 0.7463460728628506 	train_accuracy	 0.748742497006561
valid_loss	 0.5227941778581043 	train_loss	 0.519284974415999
epoch 12
valid_auc	 0.7221408998131438 	train_auc	 0.719573715188831
valid_accuracy	 0.7472191123755919 	train_accuracy	 0.7493942003574023
valid_loss	 0.5225175722825386 	train_loss	 0.5185432075492143
epoch 13
valid_auc	 0.7226883427084614 	train_auc	 0.7205704987976496
valid_accuracy	 0.7445999938373682 	train_accuracy	 0.7497484994013122
valid_loss	 0.5268560007745899 	train_loss	 0.5180145381939993
epoch 14
valid_auc	 0.7232626016607093 	train_auc	 0.7210402845879463
valid_accuracy	 0.747229383428683 	train_accuracy	 0.7500303869617951
valid_loss	 0.521768265628055 	train_loss	 0.517701351725321
epoch 15
valid_auc	 0.723910402132969 	train_auc	 0.7218903091574945
valid_accuracy	 0.7478251045079652 	train_accuracy	 0.749766602272169
valid_loss	 0.5209924530740799 	train_loss	 0.5172096561273241
epoch 16
valid_auc	 0.7245228954790358 	train_auc	 0.7231912642089683
valid_accuracy	 0.7479175439857849 	train_accuracy	 0.7500174563397547
valid_loss	 0.5213781122398394 	train_loss	 0.5165130623254272
epoch 17
valid_auc	 0.7246956183538821 	train_auc	 0.7231300996956523
valid_accuracy	 0.7485646203305225 	train_accuracy	 0.7506277817000665
valid_loss	 0.5209487522688294 	train_loss	 0.5163692393890346
epoch 18
valid_auc	 0.7249294981344943 	train_auc	 0.724259683212643
valid_accuracy	 0.7482873018970635 	train_accuracy	 0.7506381261976989
valid_loss	 0.5214366197683897 	train_loss	 0.5157181595017545
epoch 19
valid_auc	 0.725340109937425 	train_auc	 0.7245571442951076
valid_accuracy	 0.7485851624367046 	train_accuracy	 0.7510105281124654
valid_loss	 0.5200452891986412 	train_loss	 0.5154688217415921
epoch 20
valid_auc	 0.7257114378885382 	train_auc	 0.7250667755022671
valid_accuracy	 0.7489549203479833 	train_accuracy	 0.7509251860069981
valid_loss	 0.5202283008685409 	train_loss	 0.5151479951059285
epoch 21
valid_auc	 0.7261410042476352 	train_auc	 0.7255546394185504
valid_accuracy	 0.7490165466665297 	train_accuracy	 0.7515536142381666
valid_loss	 0.5194307047704002 	train_loss	 0.5148788296054353
epoch 22
valid_auc	 0.7263540412980927 	train_auc	 0.726242303713726
valid_accuracy	 0.7488316677108904 	train_accuracy	 0.7513518965343347
valid_loss	 0.519267409188175 	train_loss	 0.5144837761006493
epoch 23
valid_auc	 0.726454931443743 	train_auc	 0.7268488089096568
valid_accuracy	 0.7492116966752601 	train_accuracy	 0.7521639395984783
valid_loss	 0.5196426251972412 	train_loss	 0.5140293710331076
epoch 24
valid_auc	 0.7267784121890014 	train_auc	 0.7270762740533754
valid_accuracy	 0.7490987150912584 	train_accuracy	 0.7516544730900825
valid_loss	 0.5194206816843145 	train_loss	 0.5139053900397591
epoch 25
valid_auc	 0.7272519266281601 	train_auc	 0.7275776263223662
valid_accuracy	 0.7496225387989031 	train_accuracy	 0.7523889324219831
valid_loss	 0.5189436752911752 	train_loss	 0.5135500688147961
epoch 26
valid_auc	 0.7272811256908829 	train_auc	 0.7282568985886936
valid_accuracy	 0.7494992861618102 	train_accuracy	 0.7521354922299892
valid_loss	 0.5195664303441303 	train_loss	 0.5131518992748708
epoch 27
valid_auc	 0.7273777037308136 	train_auc	 0.7284366901171978
valid_accuracy	 0.7493760335247173 	train_accuracy	 0.7524044491684317
valid_loss	 0.5189307409931313 	train_loss	 0.5130173588617336
epoch 28
valid_auc	 0.7275321614123825 	train_auc	 0.7291354117083793
valid_accuracy	 0.7492527808876244 	train_accuracy	 0.7524070352928398
valid_loss	 0.5207353457819399 	train_loss	 0.5125833409148929
epoch 29
valid_auc	 0.7276612970995353 	train_auc	 0.7290981497643882
valid_accuracy	 0.7493657624716262 	train_accuracy	 0.7524328965369208
valid_loss	 0.5189028068859788 	train_loss	 0.512586454525237
epoch 30
valid_auc	 0.7278901615923908 	train_auc	 0.7294519874732017
valid_accuracy	 0.7491295282505315 	train_accuracy	 0.752233764957497
valid_loss	 0.5196630862162879 	train_loss	 0.5123709545886516
epoch 31
valid_auc	 0.7280682595843506 	train_auc	 0.7298052706276879
valid_accuracy	 0.7493965756308995 	train_accuracy	 0.7530096022799273
valid_loss	 0.5185658141146342 	train_loss	 0.5120861957054967
epoch 32
valid_auc	 0.7276793172686863 	train_auc	 0.7298674021517316
valid_accuracy	 0.7488624808701636 	train_accuracy	 0.7527484037147091
valid_loss	 0.5188401127805076 	train_loss	 0.5120498977885931
epoch 33
valid_auc	 0.7280568795158723 	train_auc	 0.7304968042640967
valid_accuracy	 0.7490987150912584 	train_accuracy	 0.7525958223746312
valid_loss	 0.5197515447920018 	train_loss	 0.5117076230529322
epoch 34
valid_auc	 0.727985188167192 	train_auc	 0.7308899420945311
valid_accuracy	 0.7489343782418011 	train_accuracy	 0.7531621836200052
valid_loss	 0.5186362877099522 	train_loss	 0.5114200782145818
epoch 35
valid_auc	 0.72831500180283 	train_auc	 0.7315235839628136
valid_accuracy	 0.7489857335072565 	train_accuracy	 0.7534595879269368
valid_loss	 0.5186391723699432 	train_loss	 0.5110406694652014
epoch 36
valid_auc	 0.7282760695420311 	train_auc	 0.7312844110979321
valid_accuracy	 0.7488213966577993 	train_accuracy	 0.7530070161555191
valid_loss	 0.5182158921077393 	train_loss	 0.5112385209611915
epoch 37
valid_auc	 0.7287191733512305 	train_auc	 0.7314605067478561
valid_accuracy	 0.7491295282505315 	train_accuracy	 0.7531725281176376
valid_loss	 0.5183540624611478 	train_loss	 0.5109815035936327
epoch 38
valid_auc	 0.7285181456719966 	train_auc	 0.7322550028199041
valid_accuracy	 0.7491295282505315 	train_accuracy	 0.7532552840986968
valid_loss	 0.5179066238068256 	train_loss	 0.5105843475391122
epoch 39
valid_auc	 0.7289410756509609 	train_auc	 0.7324012767821577
valid_accuracy	 0.7490781729850762 	train_accuracy	 0.7535914802717499
valid_loss	 0.5177436789773779 	train_loss	 0.5104807715959301
epoch 40
valid_auc	 0.728741312689533 	train_auc	 0.7322179449174657
valid_accuracy	 0.7487905834985261 	train_accuracy	 0.7536794085016254
valid_loss	 0.518427785560949 	train_loss	 0.5105631408658006
epoch 41
valid_auc	 0.7290420885744272 	train_auc	 0.7329186821877236
valid_accuracy	 0.7493965756308995 	train_accuracy	 0.7534932075442421
valid_loss	 0.5182276871361179 	train_loss	 0.5100806040612811
epoch 42
valid_auc	 0.7288649932679648 	train_auc	 0.732916897080385
valid_accuracy	 0.7492014256221691 	train_accuracy	 0.7539147458227625
valid_loss	 0.5179211233014426 	train_loss	 0.5100737119441419
epoch 43
valid_auc	 0.7290176935259467 	train_auc	 0.7331845955146644
valid_accuracy	 0.7491397993036226 	train_accuracy	 0.7537621644826846
valid_loss	 0.5191889577017823 	train_loss	 0.5099316322437552
epoch 44
valid_auc	 0.7294653834320526 	train_auc	 0.7335231954331211
valid_accuracy	 0.7489960045603475 	train_accuracy	 0.7537285448653793
valid_loss	 0.5175247363308116 	train_loss	 0.5097514418007834
epoch 45
valid_auc	 0.7290741048830972 	train_auc	 0.7340697331173732
valid_accuracy	 0.749324678259262 	train_accuracy	 0.754413867833526
valid_loss	 0.5176608771996544 	train_loss	 0.5093297156928991
epoch 46
valid_auc	 0.7292547203517908 	train_auc	 0.733750156810819
valid_accuracy	 0.7495917256396298 	train_accuracy	 0.7541190496510025
valid_loss	 0.5180140492377753 	train_loss	 0.5095112494567404
epoch 47
valid_auc	 0.7293798716064861 	train_auc	 0.7343613778710123
valid_accuracy	 0.7490781729850762 	train_accuracy	 0.75425870036904
valid_loss	 0.5176642681369125 	train_loss	 0.5091257983714202
epoch 48
valid_auc	 0.7294159850268211 	train_auc	 0.7342695248863405
valid_accuracy	 0.7489960045603475 	train_accuracy	 0.7543440424745073
valid_loss	 0.5178006754006768 	train_loss	 0.5091631854487318
epoch 49
valid_auc	 0.7295549588844255 	train_auc	 0.7347724858446258
valid_accuracy	 0.7488624808701636 	train_accuracy	 0.7544578319484637
valid_loss	 0.5176569217336334 	train_loss	 0.5089067201139121
epoch 50
valid_auc	 0.729513652387678 	train_auc	 0.7349843223347317
valid_accuracy	 0.7490987150912584 	train_accuracy	 0.7545716214224202
valid_loss	 0.5179711452239221 	train_loss	 0.5086658101087518
epoch 51
valid_auc	 0.7294284312957278 	train_auc	 0.735174304460972
valid_accuracy	 0.7491089861443494 	train_accuracy	 0.7546104132885416
valid_loss	 0.5179445604862304 	train_loss	 0.5085335988350411
epoch 52
valid_auc	 0.7295694288612732 	train_auc	 0.7355182607776845
valid_accuracy	 0.7487392282330707 	train_accuracy	 0.754773339126252
valid_loss	 0.5193504991643442 	train_loss	 0.5083830308478495
epoch 53
valid_auc	 0.7294365439329337 	train_auc	 0.73584709926216
valid_accuracy	 0.7487494992861619 	train_accuracy	 0.7546129994129498
valid_loss	 0.517359233933625 	train_loss	 0.5080993003937493
epoch 54
valid_auc	 0.7297459371196934 	train_auc	 0.7360274818005065
valid_accuracy	 0.749345220365444 	train_accuracy	 0.7548871286002085
valid_loss	 0.5175632242986372 	train_loss	 0.5079284503986775
epoch 55
valid_auc	 0.7297082028727354 	train_auc	 0.7364900585724646
valid_accuracy	 0.7498793151261799 	train_accuracy	 0.7545819659200526
valid_loss	 0.5184500372991792 	train_loss	 0.5076920828488257
epoch 56
valid_auc	 0.7298198780662364 	train_auc	 0.736075110008617
valid_accuracy	 0.748626246649069 	train_accuracy	 0.754669894149928
valid_loss	 0.5198482979217622 	train_loss	 0.5079539641721657
epoch 57
valid_auc	 0.7295960644720194 	train_auc	 0.7363687802299971
valid_accuracy	 0.7487803124454351 	train_accuracy	 0.7551017769260808
valid_loss	 0.5189534024168198 	train_loss	 0.5077201908398031
epoch 58
valid_auc	 0.7296459167831161 	train_auc	 0.7363915662082329
valid_accuracy	 0.7493863045778084 	train_accuracy	 0.7549698845812677
valid_loss	 0.5174211065821953 	train_loss	 0.5077020143775565
epoch 59
valid_auc	 0.729737302543893 	train_auc	 0.7370318009556476
valid_accuracy	 0.7493144072061708 	train_accuracy	 0.7552776333858316
valid_loss	 0.5184514928803736 	train_loss	 0.5073212736801301
epoch 60
valid_auc	 0.7300142380065013 	train_auc	 0.7372903588101111
valid_accuracy	 0.7491808835159869 	train_accuracy	 0.7555543486974985
valid_loss	 0.5184529012761392 	train_loss	 0.5072563680085002
epoch 61
valid_auc	 0.729896464582386 	train_auc	 0.7373771640896667
valid_accuracy	 0.7489754624541655 	train_accuracy	 0.7555362458266417
valid_loss	 0.5171122718711563 	train_loss	 0.5070357163644973
epoch 62
valid_auc	 0.7299037650788871 	train_auc	 0.7374050710427962
valid_accuracy	 0.7489035650825279 	train_accuracy	 0.7554302147259097
valid_loss	 0.5175381628975001 	train_loss	 0.5070797870910754
epoch 63
valid_auc	 0.7298690519103107 	train_auc	 0.7377051996986485
valid_accuracy	 0.7496328098519941 	train_accuracy	 0.7556474491761901
valid_loss	 0.5179716500126238 	train_loss	 0.506796024904345
epoch 64
valid_auc	 0.7301061071717097 	train_auc	 0.7377978336240054
valid_accuracy	 0.7493760335247173 	train_accuracy	 0.7553784922377476
valid_loss	 0.5173821597250318 	train_loss	 0.5067619514842931
epoch 65
valid_auc	 0.7299579797229917 	train_auc	 0.7379623816051197
valid_accuracy	 0.7492630519407155 	train_accuracy	 0.7553759061133395
valid_loss	 0.517080755605543 	train_loss	 0.50665410606423
epoch 66
valid_auc	 0.7300191145712712 	train_auc	 0.7381237152313682
valid_accuracy	 0.7492322387814423 	train_accuracy	 0.7559370951098974
valid_loss	 0.51747121513693 	train_loss	 0.5064548227396539
epoch 67
valid_auc	 0.7301371893591169 	train_auc	 0.7385037926428609
valid_accuracy	 0.749324678259262 	train_accuracy	 0.7561258821916887
valid_loss	 0.5184575730424488 	train_loss	 0.5062970514211939
epoch 68
valid_auc	 0.7305236782444839 	train_auc	 0.7387720113625997
valid_accuracy	 0.7496636230112673 	train_accuracy	 0.7556371046785577
valid_loss	 0.517270592430244 	train_loss	 0.5061580614513673
epoch 69
valid_auc	 0.730495938696405 	train_auc	 0.738827654847013
valid_accuracy	 0.7493554914185352 	train_accuracy	 0.7560845042011591
valid_loss	 0.5173482591855085 	train_loss	 0.5060202759515884
epoch 70
valid_auc	 0.730307758307126 	train_auc	 0.7386730462554102
valid_accuracy	 0.749334949312353 	train_accuracy	 0.7562707051585423
valid_loss	 0.5184266036154912 	train_loss	 0.5061830490116878
epoch 71
valid_auc	 0.730528921016679 	train_auc	 0.7392564528849997
valid_accuracy	 0.7488624808701636 	train_accuracy	 0.7561569156845859
valid_loss	 0.5167230795321063 	train_loss	 0.5057521676724079
epoch 72
valid_auc	 0.7304961103727452 	train_auc	 0.739410419456372
valid_accuracy	 0.7488624808701636 	train_accuracy	 0.7562810496561747
valid_loss	 0.5172695572572293 	train_loss	 0.5056358303399129
epoch 73
valid_auc	 0.7303465308504632 	train_auc	 0.7397296886926892
valid_accuracy	 0.749334949312353 	train_accuracy	 0.7562215687947884
valid_loss	 0.5175665973379265 	train_loss	 0.5055053970645826
epoch 74
valid_auc	 0.7305667395072901 	train_auc	 0.7398441077437661
valid_accuracy	 0.7483797413748832 	train_accuracy	 0.7563948391301312
valid_loss	 0.5169594417097447 	train_loss	 0.5053929228846906
epoch 75
valid_auc	 0.7298692570715098 	train_auc	 0.7401115257234097
valid_accuracy	 0.7491706124628958 	train_accuracy	 0.7567129324323276
valid_loss	 0.518269281359974 	train_loss	 0.505236955385808
epoch 76
valid_auc	 0.7306025773419212 	train_auc	 0.7403349279734173
valid_accuracy	 0.7494684730025369 	train_accuracy	 0.7565163869773119
valid_loss	 0.5173567668731103 	train_loss	 0.5050889302719508
epoch 77
valid_auc	 0.730359113184828 	train_auc	 0.7405339799721736
valid_accuracy	 0.7492219677283511 	train_accuracy	 0.7566327625756765
valid_loss	 0.5181048864556913 	train_loss	 0.5049399697387789
epoch 78
valid_auc	 0.7306894612494446 	train_auc	 0.7406826816599078
valid_accuracy	 0.7493041361530798 	train_accuracy	 0.7567465520496329
valid_loss	 0.5179075455688111 	train_loss	 0.5047898344029724
epoch 79
valid_auc	 0.7305193079388904 	train_auc	 0.7406193996517374
valid_accuracy	 0.7495198282679923 	train_accuracy	 0.7567905161645706
valid_loss	 0.5175348200247363 	train_loss	 0.5048143246294294
epoch 80
valid_auc	 0.730842814727928 	train_auc	 0.7408879761275212
valid_accuracy	 0.7492219677283511 	train_accuracy	 0.756490525733231
valid_loss	 0.5172442401843275 	train_loss	 0.5046176103135324
epoch 81
valid_auc	 0.7306212773068586 	train_auc	 0.740830541385823
valid_accuracy	 0.7491911545690779 	train_accuracy	 0.7566120735804117
valid_loss	 0.5175985821473538 	train_loss	 0.5046572203991605
epoch 82
valid_auc	 0.7307220220857009 	train_auc	 0.7409162060894985
valid_accuracy	 0.7485235361181581 	train_accuracy	 0.7572689491800693
valid_loss	 0.5173068916953143 	train_loss	 0.5046258777004728
epoch 83
valid_auc	 0.7309753132516258 	train_auc	 0.7413882265652938
valid_accuracy	 0.7497252493298138 	train_accuracy	 0.7568862027676704
valid_loss	 0.5178999527744937 	train_loss	 0.5042671337610424
epoch 84
valid_auc	 0.7307225687393102 	train_auc	 0.7414394899383479
valid_accuracy	 0.7494992861618102 	train_accuracy	 0.756467250613558
valid_loss	 0.5189321869225951 	train_loss	 0.5043028587996342
epoch 85
valid_auc	 0.7308349962791253 	train_auc	 0.7417207643620697
valid_accuracy	 0.7494582019494459 	train_accuracy	 0.7569301668826081
valid_loss	 0.5176241000871578 	train_loss	 0.5040619048556182
epoch 86
valid_auc	 0.7302805024292314 	train_auc	 0.7419764194931144
valid_accuracy	 0.7498279598607245 	train_accuracy	 0.757033611858932
valid_loss	 0.5173056652107445 	train_loss	 0.5039050600304318
epoch 87
valid_auc	 0.7308070319041365 	train_auc	 0.7418431520694394
valid_accuracy	 0.749345220365444 	train_accuracy	 0.7568318941551002
valid_loss	 0.5173843759672847 	train_loss	 0.5039401387673015
epoch 88
valid_auc	 0.7308363237146036 	train_auc	 0.742392442162172
valid_accuracy	 0.7496944361705405 	train_accuracy	 0.757364635783169
valid_loss	 0.5192430771754694 	train_loss	 0.5035758695756442
epoch 89
valid_auc	 0.7300394090532997 	train_auc	 0.7423884149893993
valid_accuracy	 0.7492733229938066 	train_accuracy	 0.7573129132950069
valid_loss	 0.5171881025726399 	train_loss	 0.5035657187248042
epoch 90
valid_auc	 0.7309269648358988 	train_auc	 0.7425320894376718
valid_accuracy	 0.7492733229938066 	train_accuracy	 0.7576620400901005
valid_loss	 0.5170270348142231 	train_loss	 0.5034664591226532
epoch 91
valid_auc	 0.7303111243327052 	train_auc	 0.7425954039380589
valid_accuracy	 0.7491295282505315 	train_accuracy	 0.7572973965485583
valid_loss	 0.5171563556958417 	train_loss	 0.5033615957957929
epoch 92
valid_auc	 0.7308391234208624 	train_auc	 0.7430028019223816
valid_accuracy	 0.7485954334897957 	train_accuracy	 0.7575327338696956
valid_loss	 0.5169335262648053 	train_loss	 0.5031298374855219
epoch 93
valid_auc	 0.7302557818335114 	train_auc	 0.7430247749289621
valid_accuracy	 0.7494273887901727 	train_accuracy	 0.7574706668839011
valid_loss	 0.5172267689904549 	train_loss	 0.5031950996808099
epoch 94
valid_auc	 0.730174097114716 	train_auc	 0.7429909982449726
valid_accuracy	 0.7494479308963548 	train_accuracy	 0.7575042865012064
valid_loss	 0.5182036731864431 	train_loss	 0.5031254845770677
epoch 95
valid_auc	 0.730202056174648 	train_auc	 0.7430968435875368
valid_accuracy	 0.7493760335247173 	train_accuracy	 0.7575017003767983
valid_loss	 0.5179994642547987 	train_loss	 0.5030647687392306
epoch 96
valid_auc	 0.7308566721444602 	train_auc	 0.7435297046900663
valid_accuracy	 0.7499203993385442 	train_accuracy	 0.7579232386553187
valid_loss	 0.5174522606517664 	train_loss	 0.5027531996973191
epoch 97
valid_auc	 0.7309695977051132 	train_auc	 0.743620236905431
valid_accuracy	 0.7494684730025369 	train_accuracy	 0.7576775568365491
valid_loss	 0.516847578314704 	train_loss	 0.5027522550005145
epoch 98
valid_auc	 0.7304934648031384 	train_auc	 0.7439142327664692
valid_accuracy	 0.7491500703567137 	train_accuracy	 0.7580784061198048
valid_loss	 0.5182717703993275 	train_loss	 0.5024829218197565
epoch 99
valid_auc	 0.7308808240290843 	train_auc	 0.7439108305307429
valid_accuracy	 0.7494992861618102 	train_accuracy	 0.7581171979859264
valid_loss	 0.5171536862365076 	train_loss	 0.5024522567183367
epoch 100
valid_auc	 0.7302236666647819 	train_auc	 0.7442039237504918
valid_accuracy	 0.7489754624541655 	train_accuracy	 0.7579723750190727
valid_loss	 0.5173094432419415 	train_loss	 0.5023161912260382
epoch 101
valid_auc	 0.7303090931836841 	train_auc	 0.7440746027473772
valid_accuracy	 0.7487905834985261 	train_accuracy	 0.7578327243010352
valid_loss	 0.5184486646994636 	train_loss	 0.5023330930609229
epoch 102
valid_auc	 0.7308864558634497 	train_auc	 0.74456876424287
valid_accuracy	 0.7490987150912584 	train_accuracy	 0.758365465929104
valid_loss	 0.5173129072800392 	train_loss	 0.50210273312775
epoch 103
valid_auc	 0.730381309659993 	train_auc	 0.7446991182319699
valid_accuracy	 0.7494376598432637 	train_accuracy	 0.7579439276505836
valid_loss	 0.5177730789402999 	train_loss	 0.5018966856999044
epoch 104
valid_auc	 0.7307368346179703 	train_auc	 0.7449918399437108
valid_accuracy	 0.7489446492948922 	train_accuracy	 0.7581327147323749
valid_loss	 0.5183362380080716 	train_loss	 0.5017701649374103
epoch 105
valid_auc	 0.7303892623139844 	train_auc	 0.74533968697272
valid_accuracy	 0.7488316677108904 	train_accuracy	 0.7583033989433096
valid_loss	 0.5174635851568701 	train_loss	 0.501540229360352
epoch 106
valid_auc	 0.730410275391715 	train_auc	 0.7454077284414391
valid_accuracy	 0.7490781729850762 	train_accuracy	 0.758621492245506
valid_loss	 0.5170563741861082 	train_loss	 0.501457546054585
epoch 107
valid_auc	 0.7306802412201188 	train_auc	 0.7451819314535797
valid_accuracy	 0.7493965756308995 	train_accuracy	 0.7585749420061602
valid_loss	 0.5179924055921646 	train_loss	 0.5015244744789018
epoch 108
valid_auc	 0.7304696265068754 	train_auc	 0.7451678898448673
valid_accuracy	 0.7490884440381672 	train_accuracy	 0.7581508176032317
valid_loss	 0.5175463790095849 	train_loss	 0.5016109836683871
epoch 109
valid_auc	 0.7302893496073107 	train_auc	 0.7461431966452754
valid_accuracy	 0.7488111256047083 	train_accuracy	 0.7585982171258331
valid_loss	 0.5170953429300122 	train_loss	 0.500944317743513
epoch 110
valid_auc	 0.7303704533903791 	train_auc	 0.7458160941881501
valid_accuracy	 0.7485029940119761 	train_accuracy	 0.758391327173185
valid_loss	 0.5172429627748574 	train_loss	 0.5012423076026671
epoch 111
valid_auc	 0.7305959646137921 	train_auc	 0.7461417921171157
valid_accuracy	 0.7491911545690779 	train_accuracy	 0.7588930353083565
valid_loss	 0.5189919254039587 	train_loss	 0.500826615881219
epoch 112
valid_auc	 0.7307562114554128 	train_auc	 0.7463477174667233
valid_accuracy	 0.749334949312353 	train_accuracy	 0.758931827174478
valid_loss	 0.5188248203639788 	train_loss	 0.5007905109252961
epoch 113
valid_auc	 0.7305925334787652 	train_auc	 0.7464615658881966
valid_accuracy	 0.7494479308963548 	train_accuracy	 0.7590404443996183
valid_loss	 0.5187642998620996 	train_loss	 0.5007016594337867
epoch 114
valid_auc	 0.7304059353819462 	train_auc	 0.7465276107768394
valid_accuracy	 0.7486159755959778 	train_accuracy	 0.7589525161697429
valid_loss	 0.5182811127623074 	train_loss	 0.5006115526272003
epoch 115
valid_auc	 0.7303154204932538 	train_auc	 0.7464017836778176
valid_accuracy	 0.7487905834985261 	train_accuracy	 0.7591025113854127
valid_loss	 0.5183978190570098 	train_loss	 0.5006602851706977
epoch 116
valid_auc	 0.7307709607385044 	train_auc	 0.7465765213170924
valid_accuracy	 0.7483283861094278 	train_accuracy	 0.758621492245506
valid_loss	 0.5177017676812928 	train_loss	 0.5006267601474047
epoch 117
valid_auc	 0.7299910877443632 	train_auc	 0.7470045071180009
valid_accuracy	 0.7491397993036226 	train_accuracy	 0.7585801142549764
valid_loss	 0.518307818977408 	train_loss	 0.5003311078620253
epoch 118
valid_auc	 0.7303949263044444 	train_auc	 0.7470660857447862
valid_accuracy	 0.7492014256221691 	train_accuracy	 0.7589111381792133
valid_loss	 0.5175217780181738 	train_loss	 0.50032691041202
epoch 119
valid_auc	 0.7300054670994897 	train_auc	 0.7471379302036509
valid_accuracy	 0.7488419387639814 	train_accuracy	 0.759211128610553
valid_loss	 0.5176054517226337 	train_loss	 0.5001562884332736
epoch 120
valid_auc	 0.7299769265723254 	train_auc	 0.7471411266553396
valid_accuracy	 0.748646788755251 	train_accuracy	 0.7591956118641043
valid_loss	 0.5177028794051136 	train_loss	 0.5001950556585063
epoch 121
valid_auc	 0.7305018758807933 	train_auc	 0.747437221800558
valid_accuracy	 0.7489651914010743 	train_accuracy	 0.7588283821981541
valid_loss	 0.5179977268942881 	train_loss	 0.5000114584374633
epoch 122
valid_auc	 0.7302065067376017 	train_auc	 0.7477056635925169
valid_accuracy	 0.7485748913836135 	train_accuracy	 0.7593843989458957
valid_loss	 0.5185460234498154 	train_loss	 0.4997562265631293
epoch 123
valid_auc	 0.7303065140522894 	train_auc	 0.7476421114137874
valid_accuracy	 0.7486878729676154 	train_accuracy	 0.7594749133001792
valid_loss	 0.5173393227107509 	train_loss	 0.4997693913310571
epoch 124
valid_auc	 0.7296937629259594 	train_auc	 0.7482099418693066
valid_accuracy	 0.7488727519232546 	train_accuracy	 0.7593895711947118
valid_loss	 0.5177456617060753 	train_loss	 0.49949185213784897
epoch 125
valid_auc	 0.7301389021362255 	train_auc	 0.7481022284805442
valid_accuracy	 0.7490884440381672 	train_accuracy	 0.7592266453570016
valid_loss	 0.5182533653848886 	train_loss	 0.4994285850088218


Start testing ......................
 Best epoch: 83

test_auc	 0.7326517568840228
test_accuracy	 0.7520236682835989
test_loss	 0.5132100383296778
