nohup: ignoring input
	 max_iter 	 300
	 train_set 	 3
	 seed 	 224
	 wd 	 5e-05
	 optim 	 adam
	 batch_size 	 32
	 lr 	 1e-05
	 maxgradnorm 	 -1
	 final_fc_dim 	 512
	 d_model 	 256
	 d_ff 	 1024
	 dropout 	 0.05
	 n_block 	 1
	 n_head 	 8
	 kq_same 	 1
	 l2 	 1e-05
	 q_embed_dim 	 50
	 qa_embed_dim 	 256
	 memory_size 	 50
	 init_std 	 0.1
	 hidden_dim 	 512
	 lamda_r 	 0.1
	 lamda_w1 	 0.1
	 lamda_w2 	 0.1
	 model 	 akt_cid
	 dataset 	 assist2015
	 n_question 	 110
	 seqlen 	 200
	 data_dir 	 data/assist2015
	 data_name 	 assist2015
	 save 	 assist2015
	 load 	 assist2015


train_q_data.shape (11277, 200)
train_qa_data.shape (11277, 200)
valid_q_data.shape (2811, 200)
valid_qa_data.shape (2811, 200)




epoch 1
valid_auc	 0.6827525810398585 	train_auc	 0.6233604619984288
valid_accuracy	 0.7390145646110939 	train_accuracy	 0.7262092296567931
valid_loss	 0.5389117301064524 	train_loss	 0.5676804717588106
epoch 2
valid_auc	 0.6929824321026342 	train_auc	 0.68795305851409
valid_accuracy	 0.7409461832455325 	train_accuracy	 0.7354853704516695
valid_loss	 0.5322614700045422 	train_loss	 0.539389693704927
epoch 3
valid_auc	 0.7005568080040678 	train_auc	 0.6969260845278772
valid_accuracy	 0.7422063836380539 	train_accuracy	 0.7376546238669525
valid_loss	 0.5281707861670367 	train_loss	 0.5342037950877071
epoch 4
valid_auc	 0.7055674956225508 	train_auc	 0.702636258249029
valid_accuracy	 0.7441276727610784 	train_accuracy	 0.739606951940707
valid_loss	 0.5251269613898187 	train_loss	 0.53091589279813
epoch 5
valid_auc	 0.7100092516180886 	train_auc	 0.7068284344065165
valid_accuracy	 0.7474227869021796 	train_accuracy	 0.7423675851561088
valid_loss	 0.5223383101580905 	train_loss	 0.5283277336378449
epoch 6
valid_auc	 0.7132502937818433 	train_auc	 0.710562083229979
valid_accuracy	 0.7499638467100506 	train_accuracy	 0.7449112930299822
valid_loss	 0.5201766220940276 	train_loss	 0.5259960239389574
epoch 7
valid_auc	 0.7155278708122106 	train_auc	 0.7132000227123794
valid_accuracy	 0.7511000929656028 	train_accuracy	 0.7464555948661002
valid_loss	 0.5186805283227279 	train_loss	 0.5242758178740501
epoch 8
valid_auc	 0.7165230671024935 	train_auc	 0.7152709014262163
valid_accuracy	 0.7511930585683297 	train_accuracy	 0.7464401001988482
valid_loss	 0.5182344168014212 	train_loss	 0.5230670101664094
epoch 9
valid_auc	 0.71759325531051 	train_auc	 0.7167740784851662
valid_accuracy	 0.7515545914678236 	train_accuracy	 0.7469255997727449
valid_loss	 0.5178327137516427 	train_loss	 0.5221746580902525
epoch 10
valid_auc	 0.7189617372321238 	train_auc	 0.7178184957506616
valid_accuracy	 0.7518438177874186 	train_accuracy	 0.7474369237920616
valid_loss	 0.5166612052584856 	train_loss	 0.5214850459477273
epoch 11
valid_auc	 0.7197017357787615 	train_auc	 0.7190593713864999
valid_accuracy	 0.7524325999380229 	train_accuracy	 0.7475582986855357
valid_loss	 0.51619635036377 	train_loss	 0.5207877803668384
epoch 12
valid_auc	 0.7202682246030307 	train_auc	 0.7200483051710571
valid_accuracy	 0.7525978721206487 	train_accuracy	 0.7481755029310746
valid_loss	 0.5161118535633352 	train_loss	 0.5200984133067731
epoch 13
valid_auc	 0.7212304728612893 	train_auc	 0.7208603312791951
valid_accuracy	 0.7527734738146886 	train_accuracy	 0.7482968778245487
valid_loss	 0.5153705308277515 	train_loss	 0.5196011957099342
epoch 14
valid_auc	 0.7214213503365969 	train_auc	 0.7218432762037691
valid_accuracy	 0.7525152360293358 	train_accuracy	 0.7484027580507708
valid_loss	 0.5152982317885737 	train_loss	 0.5190616454194262
epoch 15
valid_auc	 0.7222443099895101 	train_auc	 0.7229121097941257
valid_accuracy	 0.7527631443032744 	train_accuracy	 0.7489011698473775
valid_loss	 0.514747865494064 	train_loss	 0.5183873507084621
epoch 16
valid_auc	 0.7228289633758951 	train_auc	 0.7235215541285217
valid_accuracy	 0.7528147918603451 	train_accuracy	 0.7489889729618057
valid_loss	 0.5142784838512072 	train_loss	 0.5179927764855601
epoch 17
valid_auc	 0.7230260050174432 	train_auc	 0.7240784231909635
valid_accuracy	 0.7531556657370106 	train_accuracy	 0.7496190894300545
valid_loss	 0.5141941932292747 	train_loss	 0.5176342139463147
epoch 18
valid_auc	 0.7233260124465782 	train_auc	 0.7246524564712028
valid_accuracy	 0.7529697345315567 	train_accuracy	 0.7498592567724608
valid_loss	 0.5151652207782604 	train_loss	 0.5172912178630791
epoch 19
valid_auc	 0.7239375204409247 	train_auc	 0.7249884663809338
valid_accuracy	 0.7534242330337775 	train_accuracy	 0.7499703018877669
valid_loss	 0.5137282987208817 	train_loss	 0.5170368241429093
epoch 20
valid_auc	 0.7244730121269378 	train_auc	 0.7256991469577094
valid_accuracy	 0.7534345625451916 	train_accuracy	 0.7501614027838752
valid_loss	 0.5135033005543377 	train_loss	 0.516617486232353
epoch 21
valid_auc	 0.7247099789534015 	train_auc	 0.7262634315352612
valid_accuracy	 0.754415866129532 	train_accuracy	 0.7502956899000593
valid_loss	 0.513364213444204 	train_loss	 0.5162298654437587
epoch 22
valid_auc	 0.7244468860537256 	train_auc	 0.726252213685592
valid_accuracy	 0.7536721413077161 	train_accuracy	 0.7498695865506289
valid_loss	 0.5133391768452907 	train_loss	 0.516264904790018
epoch 23
valid_auc	 0.725000962367807 	train_auc	 0.7267189456425388
valid_accuracy	 0.7538890610474125 	train_accuracy	 0.7503964052371975
valid_loss	 0.5143873422705125 	train_loss	 0.515918879104466
epoch 24
valid_auc	 0.7254473995234816 	train_auc	 0.7271789027842575
valid_accuracy	 0.7543952071067038 	train_accuracy	 0.7504558014616636
valid_loss	 0.5131717377213663 	train_loss	 0.5155907469747947
epoch 25
valid_auc	 0.7257556451259494 	train_auc	 0.7279130365597843
valid_accuracy	 0.7540130151843818 	train_accuracy	 0.7506391550241459
valid_loss	 0.5126493546246518 	train_loss	 0.5151764500457374
epoch 26
valid_auc	 0.7260349341455258 	train_auc	 0.728272235717068
valid_accuracy	 0.7540026856729677 	train_accuracy	 0.7506701443586499
valid_loss	 0.5122000131056877 	train_loss	 0.5149138119169272
epoch 27
valid_auc	 0.7262033378181754 	train_auc	 0.7285370910752306
valid_accuracy	 0.753940708604483 	train_accuracy	 0.7509051468119722
valid_loss	 0.51226239835505 	train_loss	 0.5147374970282708
epoch 28
valid_auc	 0.7260706616870549 	train_auc	 0.7288698026712584
valid_accuracy	 0.7548703646317529 	train_accuracy	 0.7511763034888825
valid_loss	 0.5128437205552078 	train_loss	 0.5144643083820024
epoch 29
valid_auc	 0.7267294967464675 	train_auc	 0.7294275510625505
valid_accuracy	 0.7542092759012499 	train_accuracy	 0.7514629548330449
valid_loss	 0.5117704018901977 	train_loss	 0.5141677145612149
epoch 30
valid_auc	 0.7268252098157046 	train_auc	 0.7296617183014723
valid_accuracy	 0.7543229005268051 	train_accuracy	 0.7513209203832347
valid_loss	 0.5117092682640315 	train_loss	 0.5139814804573879
epoch 31
valid_auc	 0.7270215848904571 	train_auc	 0.7302325663536309
valid_accuracy	 0.7540026856729677 	train_accuracy	 0.7517082870645353
valid_loss	 0.5117817628457404 	train_loss	 0.5136631117693004
epoch 32
valid_auc	 0.7271494261502054 	train_auc	 0.7304509451142331
valid_accuracy	 0.754415866129532 	train_accuracy	 0.7515585052810991
valid_loss	 0.5118618900470636 	train_loss	 0.5134784507529148
epoch 33
valid_auc	 0.7268252926224394 	train_auc	 0.7307813728112009
valid_accuracy	 0.7542092759012499 	train_accuracy	 0.7517031221754513
valid_loss	 0.5124897692577837 	train_loss	 0.5132611044303087
epoch 34
valid_auc	 0.7274374282479643 	train_auc	 0.7308507701627074
valid_accuracy	 0.7539923561615536 	train_accuracy	 0.7518554864034295
valid_loss	 0.5116359671551837 	train_loss	 0.5132530963457974
epoch 35
valid_auc	 0.7277012096499946 	train_auc	 0.7313589484578826
valid_accuracy	 0.7545501497779155 	train_accuracy	 0.7518477390698035
valid_loss	 0.5118115299456064 	train_loss	 0.512918823026859
epoch 36
valid_auc	 0.7277509159006159 	train_auc	 0.7316836799920515
valid_accuracy	 0.7550253073029646 	train_accuracy	 0.7521292255248818
valid_loss	 0.5117741339219787 	train_loss	 0.5127081705449704
epoch 37
valid_auc	 0.7274811057844214 	train_auc	 0.731793961609633
valid_accuracy	 0.7545914678235719 	train_accuracy	 0.7520440048549958
valid_loss	 0.5124430123933622 	train_loss	 0.5126449977421564
epoch 38
valid_auc	 0.7278656956318277 	train_auc	 0.7321361197534639
valid_accuracy	 0.7540543332300382 	train_accuracy	 0.7521576324148439
valid_loss	 0.5115568898304125 	train_loss	 0.5123085193089536
epoch 39
valid_auc	 0.7279314288243518 	train_auc	 0.7323653228522102
valid_accuracy	 0.7545398202665013 	train_accuracy	 0.7517831779562534
valid_loss	 0.511085497887018 	train_loss	 0.5122548962285488
epoch 40
valid_auc	 0.72809207909952 	train_auc	 0.7327711653202111
valid_accuracy	 0.7546224563578143 	train_accuracy	 0.7526586266559926
valid_loss	 0.5115925750898538 	train_loss	 0.51185767353646
epoch 41
valid_auc	 0.7281614028688385 	train_auc	 0.7325072640372408
valid_accuracy	 0.7543435595496333 	train_accuracy	 0.7527980786612607
valid_loss	 0.5108258033479331 	train_loss	 0.5120719666096343
epoch 42
valid_auc	 0.7284866808843893 	train_auc	 0.7332292793289985
valid_accuracy	 0.7548600351203388 	train_accuracy	 0.7525630762079384
valid_loss	 0.5107335221033142 	train_loss	 0.5116828443303363
epoch 43
valid_auc	 0.728473233564211 	train_auc	 0.7334120122370136
valid_accuracy	 0.7550149777915505 	train_accuracy	 0.7526896159904966
valid_loss	 0.5107824401577686 	train_loss	 0.5115060605851429
epoch 44
valid_auc	 0.7281133678336096 	train_auc	 0.7338184091160916
valid_accuracy	 0.7547670695176119 	train_accuracy	 0.7524649433153423
valid_loss	 0.5119991462652128 	train_loss	 0.5112887297808943
epoch 45
valid_auc	 0.7287645748024207 	train_auc	 0.7334970282689132
valid_accuracy	 0.7545501497779155 	train_accuracy	 0.7524107119799602
valid_loss	 0.5110627014425652 	train_loss	 0.511417305617943
epoch 46
valid_auc	 0.7285494590829373 	train_auc	 0.7345051257443942
valid_accuracy	 0.7547877285404401 	train_accuracy	 0.752924618443819
valid_loss	 0.5107263711984543 	train_loss	 0.5108128072382437
epoch 47
valid_auc	 0.7285472764948286 	train_auc	 0.734457279136214
valid_accuracy	 0.7544778431980167 	train_accuracy	 0.7532293468997753
valid_loss	 0.5112512282874694 	train_loss	 0.5108034528566452
epoch 48
valid_auc	 0.7286148983389724 	train_auc	 0.734632080762409
valid_accuracy	 0.7546431153806425 	train_accuracy	 0.7533455569041655
valid_loss	 0.5114851770798923 	train_loss	 0.5106613475732246
epoch 49
valid_auc	 0.7284284000238009 	train_auc	 0.7349227212357043
valid_accuracy	 0.7548083875632683 	train_accuracy	 0.7532964904578674
valid_loss	 0.5107596492268589 	train_loss	 0.5105413241911545
epoch 50
valid_auc	 0.7290446781796207 	train_auc	 0.7354358266199205
valid_accuracy	 0.7545294907550872 	train_accuracy	 0.7536916044727939
valid_loss	 0.5102807231292255 	train_loss	 0.5102319865167398
epoch 51
valid_auc	 0.7289734037907286 	train_auc	 0.73508399106209
valid_accuracy	 0.7547464104947836 	train_accuracy	 0.7532809957906154
valid_loss	 0.5113817319645574 	train_loss	 0.5103560287147607
epoch 52
valid_auc	 0.7288254300750384 	train_auc	 0.7356990241516729
valid_accuracy	 0.7546121268464001 	train_accuracy	 0.7535444051338998
valid_loss	 0.5105081860303425 	train_loss	 0.5099779709581787
epoch 53
valid_auc	 0.7290680387272468 	train_auc	 0.735603914346614
valid_accuracy	 0.7546327858692284 	train_accuracy	 0.7533713813495855
valid_loss	 0.5102434295210374 	train_loss	 0.5100076211337021
epoch 54
valid_auc	 0.7293714722164848 	train_auc	 0.7360575285239097
valid_accuracy	 0.7547670695176119 	train_accuracy	 0.7540479818195904
valid_loss	 0.5101503900315583 	train_loss	 0.5097064894305596
epoch 55
valid_auc	 0.7291923944266887 	train_auc	 0.7361659363473049
valid_accuracy	 0.7547980580518542 	train_accuracy	 0.7535676471347778
valid_loss	 0.5103423868705985 	train_loss	 0.5096128418053936
epoch 56
valid_auc	 0.7290308705678881 	train_auc	 0.7361968643497612
valid_accuracy	 0.7550459663257928 	train_accuracy	 0.7532939080133254
valid_loss	 0.5102018979561981 	train_loss	 0.5096590887886353
epoch 57
valid_auc	 0.7288051522960188 	train_auc	 0.7366213866744271
valid_accuracy	 0.7543848775952897 	train_accuracy	 0.7539782558169563
valid_loss	 0.5122415683835043 	train_loss	 0.5093278306252144
epoch 58
valid_auc	 0.7291441054873656 	train_auc	 0.7366941479333654
valid_accuracy	 0.7544571841751885 	train_accuracy	 0.7538439687007722
valid_loss	 0.5103620580818138 	train_loss	 0.5092022466689426
epoch 59
valid_auc	 0.7290515047997393 	train_auc	 0.7368928616771235
valid_accuracy	 0.7546947629377131 	train_accuracy	 0.7541435322676445
valid_loss	 0.510953468932213 	train_loss	 0.5091393531080928
epoch 60
valid_auc	 0.7291873295061427 	train_auc	 0.7373924542955759
valid_accuracy	 0.7547464104947836 	train_accuracy	 0.7540273222632544
valid_loss	 0.5109183603393501 	train_loss	 0.5088387998493953
epoch 61
valid_auc	 0.7294887443755746 	train_auc	 0.7377185255011465
valid_accuracy	 0.7543229005268051 	train_accuracy	 0.7544921622808151
valid_loss	 0.5100550291922982 	train_loss	 0.5085401914573852
epoch 62
valid_auc	 0.7296629201163495 	train_auc	 0.7375607405153335
valid_accuracy	 0.7551905794855903 	train_accuracy	 0.7540970482658885
valid_loss	 0.510354270534866 	train_loss	 0.5086687244101329
epoch 63
valid_auc	 0.7295059221117352 	train_auc	 0.7377874862390988
valid_accuracy	 0.7548290465860965 	train_accuracy	 0.7542106758257366
valid_loss	 0.5103991900929328 	train_loss	 0.5085171635461642
epoch 64
valid_auc	 0.7294104270271144 	train_auc	 0.7379041024142583
valid_accuracy	 0.7547670695176119 	train_accuracy	 0.7544921622808151
valid_loss	 0.5108284372922643 	train_loss	 0.5083586591393003
epoch 65
valid_auc	 0.7292543272836364 	train_auc	 0.7382431810426923
valid_accuracy	 0.7547670695176119 	train_accuracy	 0.7544327660563489
valid_loss	 0.5105580158338879 	train_loss	 0.5081466325936213
epoch 66
valid_auc	 0.72992406596098 	train_auc	 0.7383321816478521
valid_accuracy	 0.754508831732259 	train_accuracy	 0.754505074503525
valid_loss	 0.5112447456257488 	train_loss	 0.508180013718591
epoch 67
valid_auc	 0.7295517158812355 	train_auc	 0.7384576327050564
valid_accuracy	 0.7552112385084185 	train_accuracy	 0.7545438111716551
valid_loss	 0.5096206260420915 	train_loss	 0.5080264322314743
epoch 68
valid_auc	 0.7296224202197911 	train_auc	 0.7386746760993748
valid_accuracy	 0.7545604792893296 	train_accuracy	 0.7548304625158174
valid_loss	 0.5099020146194294 	train_loss	 0.5078809471088308
epoch 69
valid_auc	 0.7294538668369521 	train_auc	 0.7388472819627866
valid_accuracy	 0.754508831732259 	train_accuracy	 0.7548227151821915
valid_loss	 0.5128800639526211 	train_loss	 0.507800555649748
epoch 70
valid_auc	 0.7300156400644506 	train_auc	 0.7393730061397349
valid_accuracy	 0.754973659745894 	train_accuracy	 0.754468920279937
valid_loss	 0.5098986632437064 	train_loss	 0.5074841899653195
epoch 71
valid_auc	 0.7295017935653592 	train_auc	 0.7394234492087203
valid_accuracy	 0.7549530007230658 	train_accuracy	 0.7548072205149394
valid_loss	 0.510846805229981 	train_loss	 0.5073992014660798
epoch 72
valid_auc	 0.7300359822791744 	train_auc	 0.7397561457876827
valid_accuracy	 0.7548600351203388 	train_accuracy	 0.7549983214110477
valid_loss	 0.510073614789634 	train_loss	 0.5071462654570486
epoch 73
valid_auc	 0.7296612387557613 	train_auc	 0.7395000774637359
valid_accuracy	 0.7547877285404401 	train_accuracy	 0.755210081863492
valid_loss	 0.5099251524790517 	train_loss	 0.5072171690501794
epoch 74
valid_auc	 0.72936214960396 	train_auc	 0.7403220564795343
valid_accuracy	 0.755066625348621 	train_accuracy	 0.7554166774268523
valid_loss	 0.5100647471731056 	train_loss	 0.5067709537330933
epoch 75
valid_auc	 0.7299846283938867 	train_auc	 0.739833051841462
valid_accuracy	 0.7544985022208449 	train_accuracy	 0.7548666167394055
valid_loss	 0.5102342639100396 	train_loss	 0.5070906951764743
epoch 76
valid_auc	 0.7301092783040122 	train_auc	 0.7402032257448355
valid_accuracy	 0.7550562958372069 	train_accuracy	 0.75529788497792
valid_loss	 0.5106161237774843 	train_loss	 0.5068148839254534
epoch 77
valid_auc	 0.7296043318837423 	train_auc	 0.7402015964440701
valid_accuracy	 0.7545398202665013 	train_accuracy	 0.7550680474136818
valid_loss	 0.5100923292721873 	train_loss	 0.5067881889576504
epoch 78
valid_auc	 0.7298823193020937 	train_auc	 0.7410464088741542
valid_accuracy	 0.7550149777915505 	train_accuracy	 0.7555767889884565
valid_loss	 0.5098544378997445 	train_loss	 0.5063413367485675
epoch 79
valid_auc	 0.7300599224739439 	train_auc	 0.7405702259625906
valid_accuracy	 0.7547154219605413 	train_accuracy	 0.7556568447692585
valid_loss	 0.5097814095687805 	train_loss	 0.5064805998731384
epoch 80
valid_auc	 0.730177032309898 	train_auc	 0.7409619132191697
valid_accuracy	 0.7549426712116517 	train_accuracy	 0.7557059112155566
valid_loss	 0.5100033077054928 	train_loss	 0.506269831329363
epoch 81
valid_auc	 0.7297960933620731 	train_auc	 0.7413387882592343
valid_accuracy	 0.754973659745894 	train_accuracy	 0.7554554140949823
valid_loss	 0.5097072788332617 	train_loss	 0.506049542942038
epoch 82
valid_auc	 0.730258289845832 	train_auc	 0.7416351951670597
valid_accuracy	 0.7553971697138725 	train_accuracy	 0.755979650337009
valid_loss	 0.5098793828476997 	train_loss	 0.5058444834118536
epoch 83
valid_auc	 0.7300692165702423 	train_auc	 0.7416534758172402
valid_accuracy	 0.7544055366181179 	train_accuracy	 0.7557498127727708
valid_loss	 0.5103420220985642 	train_loss	 0.5058543239546903
epoch 84
valid_auc	 0.7297728674439398 	train_auc	 0.7414255782201389
valid_accuracy	 0.7547980580518542 	train_accuracy	 0.755933166335253
valid_loss	 0.5114174272586796 	train_loss	 0.5059039427780277
epoch 85
valid_auc	 0.7297346526842278 	train_auc	 0.7417101317309958
valid_accuracy	 0.7549220121888235 	train_accuracy	 0.755951243447047
valid_loss	 0.5103774537629809 	train_loss	 0.5057442394813935
epoch 86
valid_auc	 0.7301117795061136 	train_auc	 0.7421683846561139
valid_accuracy	 0.755345522156802 	train_accuracy	 0.7559280014461689
valid_loss	 0.5100315105947413 	train_loss	 0.5054228531875249
epoch 87
valid_auc	 0.7297987459195309 	train_auc	 0.7421566391413376
valid_accuracy	 0.7543745480838756 	train_accuracy	 0.7560442114505591
valid_loss	 0.5101899630983621 	train_loss	 0.5054130008746028
epoch 88
valid_auc	 0.7298491872855692 	train_auc	 0.7424643336281861
valid_accuracy	 0.7544571841751885 	train_accuracy	 0.7554476667613563
valid_loss	 0.5101452094184659 	train_loss	 0.5052833519165479
epoch 89
valid_auc	 0.7297404433975783 	train_auc	 0.7426210623176754
valid_accuracy	 0.7545294907550872 	train_accuracy	 0.756018387005139
valid_loss	 0.5100620625340756 	train_loss	 0.5051304044748214
epoch 90
valid_auc	 0.729919291960784 	train_auc	 0.7430348308132182
valid_accuracy	 0.7544571841751885 	train_accuracy	 0.7562301474575833
valid_loss	 0.5100997510130209 	train_loss	 0.5049039303237379
epoch 91
valid_auc	 0.7302465534992466 	train_auc	 0.7427954077199953
valid_accuracy	 0.7548910236545812 	train_accuracy	 0.7564935568008677
valid_loss	 0.5096770610447662 	train_loss	 0.5049950508987375
epoch 92
valid_auc	 0.7301765683728277 	train_auc	 0.7430112195793437
valid_accuracy	 0.7546947629377131 	train_accuracy	 0.7565374583580817
valid_loss	 0.5096374125712719 	train_loss	 0.5047132814977097
epoch 93
valid_auc	 0.7300450726489698 	train_auc	 0.7432626391892888
valid_accuracy	 0.7551182729056916 	train_accuracy	 0.7563928414637295
valid_loss	 0.5100846292622839 	train_loss	 0.504676472359373
epoch 94
valid_auc	 0.7301744214300022 	train_auc	 0.7431487019501498
valid_accuracy	 0.7546534448920567 	train_accuracy	 0.7564083361309816
valid_loss	 0.5102533516849589 	train_loss	 0.5046774628670017
epoch 95
valid_auc	 0.7296172585085916 	train_auc	 0.7432554198112923
valid_accuracy	 0.7543848775952897 	train_accuracy	 0.7564083361309816
valid_loss	 0.5118375971089375 	train_loss	 0.504709518526011
epoch 96
valid_auc	 0.7296556473818022 	train_auc	 0.743557170031724
valid_accuracy	 0.753837413490342 	train_accuracy	 0.7569842212638483
valid_loss	 0.5100312107420231 	train_loss	 0.504415686497959
epoch 97
valid_auc	 0.729261190645816 	train_auc	 0.7438105714366923
valid_accuracy	 0.7543538890610474 	train_accuracy	 0.7566226790279679
valid_loss	 0.511965129532483 	train_loss	 0.504290670398497
epoch 98
valid_auc	 0.730135278521955 	train_auc	 0.7436509722673248
valid_accuracy	 0.7548393760975106 	train_accuracy	 0.756731141698732
valid_loss	 0.5097086172548512 	train_loss	 0.5043826478411497
epoch 99
valid_auc	 0.7304578028022826 	train_auc	 0.7444213698154828
valid_accuracy	 0.7551079433942774 	train_accuracy	 0.7568938357048782
valid_loss	 0.509480365564269 	train_loss	 0.5038746558588991
epoch 100
valid_auc	 0.7303224357264764 	train_auc	 0.7446495478215371
valid_accuracy	 0.754684433426299 	train_accuracy	 0.7569222425948403
valid_loss	 0.5110068054610245 	train_loss	 0.5037573788952737
epoch 101
valid_auc	 0.7300851905926091 	train_auc	 0.7443485128439381
valid_accuracy	 0.7545604792893296 	train_accuracy	 0.756738889032358
valid_loss	 0.5112410324256884 	train_loss	 0.5038600031793568
epoch 102
valid_auc	 0.7297365599810726 	train_auc	 0.7448280119845979
valid_accuracy	 0.7544881727094308 	train_accuracy	 0.7568241097022441
valid_loss	 0.5102694943633372 	train_loss	 0.5035662649006725
epoch 103
valid_auc	 0.7299985785867522 	train_auc	 0.7448174280211983
valid_accuracy	 0.754508831732259 	train_accuracy	 0.7568499341476642
valid_loss	 0.5096309038044864 	train_loss	 0.5035479098246606
epoch 104
valid_auc	 0.7298685832551217 	train_auc	 0.7452921339043634
valid_accuracy	 0.7546534448920567 	train_accuracy	 0.7571185083800326
valid_loss	 0.5104467733223109 	train_loss	 0.5031854002581465
epoch 105
valid_auc	 0.7304462038271347 	train_auc	 0.7449609871170755
valid_accuracy	 0.7550769548600351 	train_accuracy	 0.756720811920564
valid_loss	 0.5096451117183768 	train_loss	 0.5034498589418019
epoch 106
valid_auc	 0.7304977441646732 	train_auc	 0.7452275792853116
valid_accuracy	 0.7542609234583204 	train_accuracy	 0.7571598274927046
valid_loss	 0.5105705726823189 	train_loss	 0.5032801059129584
epoch 107
valid_auc	 0.7306990928532076 	train_auc	 0.7450009964950127
valid_accuracy	 0.7538787315359984 	train_accuracy	 0.7567802081450301
valid_loss	 0.5098513536139736 	train_loss	 0.5033290375215075
epoch 108
valid_auc	 0.7300294087405665 	train_auc	 0.745815688878056
valid_accuracy	 0.7540749922528664 	train_accuracy	 0.757456808615035
valid_loss	 0.5097534074304156 	train_loss	 0.5028954659400485
epoch 109
valid_auc	 0.7302194203096872 	train_auc	 0.745648955856779
valid_accuracy	 0.7543848775952897 	train_accuracy	 0.7575626888412571
valid_loss	 0.5101837850879893 	train_loss	 0.5028676110989382
epoch 110
valid_auc	 0.7301830541692003 	train_auc	 0.7460476226589869
valid_accuracy	 0.7541163102985229 	train_accuracy	 0.7577098881801513
valid_loss	 0.5099275965979324 	train_loss	 0.5026900479034111
epoch 111
valid_auc	 0.7299154910768186 	train_auc	 0.7461457097752604
valid_accuracy	 0.754508831732259 	train_accuracy	 0.7577589546264494
valid_loss	 0.5106696084487478 	train_loss	 0.5026360118907046
epoch 112
valid_auc	 0.7292665697932429 	train_auc	 0.7457219929822626
valid_accuracy	 0.7539097200702407 	train_accuracy	 0.7576504919556852
valid_loss	 0.5105846327937318 	train_loss	 0.5028052565607459
epoch 113
valid_auc	 0.7300711586897868 	train_auc	 0.7460438205108696
valid_accuracy	 0.7548703646317529 	train_accuracy	 0.7578131859618314
valid_loss	 0.5097569082994318 	train_loss	 0.5026507732215931
epoch 114
valid_auc	 0.7302692562543005 	train_auc	 0.746722980300933
valid_accuracy	 0.754880694143167 	train_accuracy	 0.7575833483975931
valid_loss	 0.510115927775689 	train_loss	 0.5021121859493765
epoch 115
valid_auc	 0.7300503711832177 	train_auc	 0.7466941130941122
valid_accuracy	 0.7544985022208449 	train_accuracy	 0.7576892286238153
valid_loss	 0.5099853190765068 	train_loss	 0.5022039902018685
epoch 116
valid_auc	 0.7298680650275431 	train_auc	 0.7466500290405218
valid_accuracy	 0.754508831732259 	train_accuracy	 0.7578596699635876
valid_loss	 0.5114615542400711 	train_loss	 0.5022058289209697
epoch 117
valid_auc	 0.7296453823628288 	train_auc	 0.7467788811071402
valid_accuracy	 0.7540130151843818 	train_accuracy	 0.7580094517470237
valid_loss	 0.5103718975307191 	train_loss	 0.5021267079988536
epoch 118
valid_auc	 0.7302451611396464 	train_auc	 0.7468107615576576
valid_accuracy	 0.7542092759012499 	train_accuracy	 0.7579991219688558
valid_loss	 0.5108173663323918 	train_loss	 0.502052736982019
epoch 119
valid_auc	 0.7302691778346776 	train_auc	 0.7470399708428925
valid_accuracy	 0.7548497056089247 	train_accuracy	 0.7578984066317176
valid_loss	 0.5116347484655539 	train_loss	 0.5018866364663732
epoch 120
valid_auc	 0.7295745592980607 	train_auc	 0.7476097349544454
valid_accuracy	 0.7545708088007437 	train_accuracy	 0.7581282441959559
valid_loss	 0.5099885293880386 	train_loss	 0.5015331351118786
epoch 121
valid_auc	 0.7299876565977903 	train_auc	 0.7473867505140736
valid_accuracy	 0.7542815824811486 	train_accuracy	 0.7579784624125196
valid_loss	 0.5105044206344522 	train_loss	 0.5016438103441074
epoch 122
valid_auc	 0.7304704141034729 	train_auc	 0.7478292732155611
valid_accuracy	 0.7540956512756947 	train_accuracy	 0.7583761588719882
valid_loss	 0.5105834877249446 	train_loss	 0.5012937354186748
epoch 123
valid_auc	 0.7301440105195571 	train_auc	 0.7480815292048708
valid_accuracy	 0.7538270839789278 	train_accuracy	 0.7580197815251918
valid_loss	 0.5104658394387688 	train_loss	 0.5012199034848703
epoch 124
valid_auc	 0.7296686982167535 	train_auc	 0.7475621932638828
valid_accuracy	 0.754415866129532 	train_accuracy	 0.7583477519820262
valid_loss	 0.5103042740271412 	train_loss	 0.5014764116263207
epoch 125
valid_auc	 0.7299967864515915 	train_auc	 0.7481108526694654
valid_accuracy	 0.7540233446957959 	train_accuracy	 0.7584768742091264
valid_loss	 0.5103879225933571 	train_loss	 0.5012068624388207
epoch 126
valid_auc	 0.7301977509936513 	train_auc	 0.7483023078145844
valid_accuracy	 0.7543229005268051 	train_accuracy	 0.7582341244221781
valid_loss	 0.5105140556559264 	train_loss	 0.5010405207176145
epoch 127
valid_auc	 0.7297022837509579 	train_auc	 0.7482382914200436
valid_accuracy	 0.7544675136866026 	train_accuracy	 0.7587919324432508
valid_loss	 0.5105402264523093 	train_loss	 0.5009959584567419
epoch 128
valid_auc	 0.7297356142842903 	train_auc	 0.74844301639684
valid_accuracy	 0.7548703646317529 	train_accuracy	 0.7585646773235545
valid_loss	 0.5107040796625073 	train_loss	 0.5008490028772574
epoch 129
valid_auc	 0.7300515400743115 	train_auc	 0.7485123405104904
valid_accuracy	 0.7543435595496333 	train_accuracy	 0.7587712728869147
valid_loss	 0.5101705633033549 	train_loss	 0.5008122008421262
epoch 130
valid_auc	 0.7300520818826159 	train_auc	 0.7488461310470853
valid_accuracy	 0.7541369693213511 	train_accuracy	 0.7590088577847791
valid_loss	 0.5104868429743856 	train_loss	 0.5005904317315505
epoch 131
valid_auc	 0.7291848255620963 	train_auc	 0.7493351752956342
valid_accuracy	 0.7535378576593327 	train_accuracy	 0.7588177568886708
valid_loss	 0.5106595813143968 	train_loss	 0.5002806916327447
epoch 132
valid_auc	 0.7296664182896023 	train_auc	 0.7491081396543672
valid_accuracy	 0.7543848775952897 	train_accuracy	 0.7583245099811482
valid_loss	 0.5112507773505641 	train_loss	 0.5004471248309195
epoch 133
valid_auc	 0.7297148983424822 	train_auc	 0.7497309894316613
valid_accuracy	 0.7542815824811486 	train_accuracy	 0.7585724246571804
valid_loss	 0.5102234889761604 	train_loss	 0.499987935806904
epoch 134
valid_auc	 0.7293141071654797 	train_auc	 0.7492655005182486
valid_accuracy	 0.7546741039148849 	train_accuracy	 0.7591560571236733
valid_loss	 0.5110543022249059 	train_loss	 0.5002279608423611
epoch 135
valid_auc	 0.7300113601627183 	train_auc	 0.7495102796190911
valid_accuracy	 0.7544675136866026 	train_accuracy	 0.7588151744441288
valid_loss	 0.5109425303543611 	train_loss	 0.5001142814053616
epoch 136
valid_auc	 0.7299663851379534 	train_auc	 0.7495404736497563
valid_accuracy	 0.7545604792893296 	train_accuracy	 0.7588177568886708
valid_loss	 0.5113527611798653 	train_loss	 0.5000992674076664
epoch 137
valid_auc	 0.7294325150381308 	train_auc	 0.7500128372605276
valid_accuracy	 0.7536514822848879 	train_accuracy	 0.7593264984634455
valid_loss	 0.5112408794607415 	train_loss	 0.49965514123005705
epoch 138
valid_auc	 0.7292909728283048 	train_auc	 0.7499407229388074
valid_accuracy	 0.7536721413077161 	train_accuracy	 0.7588952302249309
valid_loss	 0.5121332072200779 	train_loss	 0.49974172492948576
epoch 139
valid_auc	 0.7292254025073055 	train_auc	 0.7498501048973809
valid_accuracy	 0.7543952071067038 	train_accuracy	 0.7590450120083672
valid_loss	 0.5108314416411089 	train_loss	 0.4997902918801932
epoch 140
valid_auc	 0.7302246102629188 	train_auc	 0.7500473296804445
valid_accuracy	 0.7547464104947836 	train_accuracy	 0.7592077060145134
valid_loss	 0.5109833956904344 	train_loss	 0.499668632026645
epoch 141
valid_auc	 0.7299400780963806 	train_auc	 0.7500991978791212
valid_accuracy	 0.7525152360293358 	train_accuracy	 0.7590992433437492
valid_loss	 0.5107924478665932 	train_loss	 0.4996980535326654
epoch 142
valid_auc	 0.7297412341744759 	train_auc	 0.7500277626813094
valid_accuracy	 0.75403367420721 	train_accuracy	 0.7590837486764972
valid_loss	 0.5104818536895823 	train_loss	 0.4996271660146177
epoch 143
valid_auc	 0.7300746461694546 	train_auc	 0.7505872991712079
valid_accuracy	 0.7541989463898358 	train_accuracy	 0.7593497404643236
valid_loss	 0.5110704826600427 	train_loss	 0.4993106955560484
epoch 144
valid_auc	 0.7301485665351368 	train_auc	 0.750893624613546
valid_accuracy	 0.7540853217642806 	train_accuracy	 0.7593574877979495
valid_loss	 0.5100482588392646 	train_loss	 0.49911428305201155
epoch 145
valid_auc	 0.7298524504741475 	train_auc	 0.7504976018826817
valid_accuracy	 0.754880694143167 	train_accuracy	 0.7595046871368437
valid_loss	 0.511672129658329 	train_loss	 0.4993689467853764
epoch 146
valid_auc	 0.7300443070979648 	train_auc	 0.7508407098982826
valid_accuracy	 0.7541472988327652 	train_accuracy	 0.7596028200294399
valid_loss	 0.511228439380059 	train_loss	 0.49905485274099737
epoch 147
valid_auc	 0.7298879964989269 	train_auc	 0.7509969904826033
valid_accuracy	 0.75327961987398 	train_accuracy	 0.7595098520259277
valid_loss	 0.5110256367543232 	train_loss	 0.49894085052849557
epoch 148
valid_auc	 0.7292145471476037 	train_auc	 0.7511662933034617
valid_accuracy	 0.7547050924491272 	train_accuracy	 0.7594943573586758
valid_loss	 0.511430923981566 	train_loss	 0.49889447442960333
epoch 149
valid_auc	 0.7296383577742913 	train_auc	 0.7514178381347164
valid_accuracy	 0.7537134593533726 	train_accuracy	 0.7600108462670764
valid_loss	 0.5106531289846553 	train_loss	 0.498622176157838


Start testing ......................
 Best epoch: 107

test_auc	 0.7319166494549192
test_accuracy	 0.7514579923007995
test_loss	 0.5128984579341824
