nohup: ignoring input
	 max_iter 	 300
	 train_set 	 5
	 seed 	 224
	 wd 	 5e-05
	 optim 	 adam
	 batch_size 	 32
	 lr 	 1e-05
	 maxgradnorm 	 -1
	 final_fc_dim 	 512
	 d_model 	 256
	 d_ff 	 1024
	 dropout 	 0.05
	 n_block 	 1
	 n_head 	 8
	 kq_same 	 1
	 l2 	 1e-05
	 q_embed_dim 	 50
	 qa_embed_dim 	 256
	 memory_size 	 50
	 init_std 	 0.1
	 hidden_dim 	 512
	 lamda_r 	 0.1
	 lamda_w1 	 0.1
	 lamda_w2 	 0.1
	 model 	 akt_cid
	 dataset 	 assist2015
	 n_question 	 110
	 seqlen 	 200
	 data_dir 	 data/assist2015
	 data_name 	 assist2015
	 save 	 assist2015
	 load 	 assist2015


train_q_data.shape (11291, 200)
train_qa_data.shape (11291, 200)
valid_q_data.shape (2797, 200)
valid_qa_data.shape (2797, 200)




epoch 1
valid_auc	 0.6804988445004864 	train_auc	 0.6234647275968028
valid_accuracy	 0.73769234141423 	train_accuracy	 0.7262701249503559
valid_loss	 0.5398319913252791 	train_loss	 0.5678621530835567
epoch 2
valid_auc	 0.6906847689638788 	train_auc	 0.6888419619880648
valid_accuracy	 0.739084213756521 	train_accuracy	 0.7359341744824285
valid_loss	 0.5332701596269389 	train_loss	 0.5389686837765044
epoch 3
valid_auc	 0.6963690872997412 	train_auc	 0.6981212996322974
valid_accuracy	 0.7417802814431634 	train_accuracy	 0.738098147638978
valid_loss	 0.5303322790834595 	train_loss	 0.5336089128541727
epoch 4
valid_auc	 0.7009969702151707 	train_auc	 0.7036353231989356
valid_accuracy	 0.7434242251545307 	train_accuracy	 0.7399693479567002
valid_loss	 0.52788088263329 	train_loss	 0.53036445954001
epoch 5
valid_auc	 0.7050217033657716 	train_auc	 0.708230932817186
valid_accuracy	 0.7455284731050809 	train_accuracy	 0.7423191682196356
valid_loss	 0.5252999975334801 	train_loss	 0.5275994962613073
epoch 6
valid_auc	 0.7082824470613642 	train_auc	 0.7119483961593597
valid_accuracy	 0.7491561088948314 	train_accuracy	 0.7448090102750538
valid_loss	 0.5229624979604869 	train_loss	 0.5252301905450134
epoch 7
valid_auc	 0.7107614287249889 	train_auc	 0.7140065684783785
valid_accuracy	 0.7493753013896804 	train_accuracy	 0.7463085163800038
valid_loss	 0.5212813484477813 	train_loss	 0.5238780774793143
epoch 8
valid_auc	 0.7120435679653697 	train_auc	 0.7162151370214938
valid_accuracy	 0.7498356056288633 	train_accuracy	 0.7467642236682654
valid_loss	 0.5205162045866415 	train_loss	 0.5225195524346942
epoch 9
valid_auc	 0.7126362397616275 	train_auc	 0.7178718144869545
valid_accuracy	 0.7497917671298935 	train_accuracy	 0.7474694243322233
valid_loss	 0.5200619755227592 	train_loss	 0.5214887646601528
epoch 10
valid_auc	 0.7134482665727506 	train_auc	 0.7194401595697776
valid_accuracy	 0.7495177765113322 	train_accuracy	 0.7479582276805263
valid_loss	 0.5209509173876363 	train_loss	 0.5205507951271279
epoch 11
valid_auc	 0.7144930613846244 	train_auc	 0.7204364187419402
valid_accuracy	 0.7501643943711367 	train_accuracy	 0.7483426511471604
valid_loss	 0.519063032647811 	train_loss	 0.5199557297352702
epoch 12
valid_auc	 0.7153309489045097 	train_auc	 0.7212966988546385
valid_accuracy	 0.7502849502433037 	train_accuracy	 0.7484903104919602
valid_loss	 0.5187218758793617 	train_loss	 0.5193477935675365
epoch 13
valid_auc	 0.716395231835983 	train_auc	 0.721792857557232
valid_accuracy	 0.750317829117531 	train_accuracy	 0.7488951007647736
valid_loss	 0.5180319932090877 	train_loss	 0.5190505573273674
epoch 14
valid_auc	 0.7163557419224214 	train_auc	 0.7225786700046272
valid_accuracy	 0.750975406602078 	train_accuracy	 0.7490223933033942
valid_loss	 0.5180924917347878 	train_loss	 0.5185656703523263
epoch 15
valid_auc	 0.7175268410128852 	train_auc	 0.7235218994250362
valid_accuracy	 0.7508767699793959 	train_accuracy	 0.7492540657236836
valid_loss	 0.5173378495275266 	train_loss	 0.5180001094976816
epoch 16
valid_auc	 0.717563149728454 	train_auc	 0.7241972387864563
valid_accuracy	 0.7512055587216694 	train_accuracy	 0.7496792228026762
valid_loss	 0.5174612165355208 	train_loss	 0.5174987503624479
epoch 17
valid_auc	 0.7182999339019398 	train_auc	 0.7248844828122463
valid_accuracy	 0.7516549033361097 	train_accuracy	 0.7498599782075174
valid_loss	 0.5174384497703671 	train_loss	 0.5171105896864329
epoch 18
valid_auc	 0.7183513047359393 	train_auc	 0.7254036629744693
valid_accuracy	 0.7515891455876551 	train_accuracy	 0.7501400217924826
valid_loss	 0.5177966555079785 	train_loss	 0.5167177225139772
epoch 19
valid_auc	 0.7190491868024254 	train_auc	 0.7263925248908315
valid_accuracy	 0.7512165183464118 	train_accuracy	 0.7505269911098891
valid_loss	 0.516349262985309 	train_loss	 0.5161129034140846
epoch 20
valid_auc	 0.7191732198557661 	train_auc	 0.7264120638306267
valid_accuracy	 0.751512428214458 	train_accuracy	 0.7503436898542755
valid_loss	 0.5168795853433598 	train_loss	 0.5161227072687601
epoch 21
valid_auc	 0.7196210969496804 	train_auc	 0.7269868049573746
valid_accuracy	 0.7516329840866248 	train_accuracy	 0.7509241438303852
valid_loss	 0.5167614837518377 	train_loss	 0.5157332441923969
epoch 22
valid_auc	 0.7202726887088765 	train_auc	 0.7272082371439207
valid_accuracy	 0.7523234404453991 	train_accuracy	 0.7507586635301785
valid_loss	 0.5164976118222578 	train_loss	 0.5156293689308398
epoch 23
valid_auc	 0.7200517117432723 	train_auc	 0.7275106073070078
valid_accuracy	 0.7518302573319889 	train_accuracy	 0.7508834102180266
valid_loss	 0.5160586798069298 	train_loss	 0.5153547775422069
epoch 24
valid_auc	 0.7209706146369136 	train_auc	 0.7282362945190015
valid_accuracy	 0.7523234404453991 	train_accuracy	 0.7512907463416124
valid_loss	 0.5153999025820556 	train_loss	 0.5149404462577175
epoch 25
valid_auc	 0.7205524163688979 	train_auc	 0.7287743066143277
valid_accuracy	 0.7518960150804437 	train_accuracy	 0.75128820049084
valid_loss	 0.5154558355489038 	train_loss	 0.5145737013162995
epoch 26
valid_auc	 0.7211763914128664 	train_auc	 0.729036187767089
valid_accuracy	 0.7524987944412783 	train_accuracy	 0.7512627419831159
valid_loss	 0.5156802242922843 	train_loss	 0.5144475808784079
epoch 27
valid_auc	 0.7211604443413093 	train_auc	 0.7294869381943926
valid_accuracy	 0.7525316733155056 	train_accuracy	 0.7513569384616952
valid_loss	 0.5167020490267252 	train_loss	 0.5141603768080012
epoch 28
valid_auc	 0.7212226971643643 	train_auc	 0.7297736042301526
valid_accuracy	 0.7523891981938539 	train_accuracy	 0.7520570474241082
valid_loss	 0.5155853673002111 	train_loss	 0.5138256383081575
epoch 29
valid_auc	 0.7213922260749281 	train_auc	 0.7301446908446494
valid_accuracy	 0.7524878348165359 	train_accuracy	 0.75172099512215
valid_loss	 0.5163981382653459 	train_loss	 0.5136617433793071
epoch 30
valid_auc	 0.7215882875173084 	train_auc	 0.7305506482033439
valid_accuracy	 0.7526083906887028 	train_accuracy	 0.751962850945529
valid_loss	 0.5164024580441039 	train_loss	 0.5133820305195792
epoch 31
valid_auc	 0.7217495151659972 	train_auc	 0.7308744445846618
valid_accuracy	 0.7521152075752926 	train_accuracy	 0.7521410604995977
valid_loss	 0.5150157471250614 	train_loss	 0.5131276206717796
epoch 32
valid_auc	 0.7222756486803252 	train_auc	 0.7313844514664215
valid_accuracy	 0.7521919249484897 	train_accuracy	 0.7519424841393497
valid_loss	 0.515496532368125 	train_loss	 0.5128388318245279
epoch 33
valid_auc	 0.7224297648889337 	train_auc	 0.7315771805418794
valid_accuracy	 0.7527179869361273 	train_accuracy	 0.7520112221102048
valid_loss	 0.5149156443525977 	train_loss	 0.5127014395518381
epoch 34
valid_auc	 0.7220599440584958 	train_auc	 0.7317679731691484
valid_accuracy	 0.7522905615711718 	train_accuracy	 0.7520926893349219
valid_loss	 0.5153645183234343 	train_loss	 0.5125760159582449
epoch 35
valid_auc	 0.7224820077029248 	train_auc	 0.7323303290363109
valid_accuracy	 0.752465915567051 	train_accuracy	 0.7524796586523285
valid_loss	 0.5144917393672034 	train_loss	 0.5122212289449539
epoch 36
valid_auc	 0.7226519915998606 	train_auc	 0.732583581926908
valid_accuracy	 0.7525316733155056 	train_accuracy	 0.7523803704722044
valid_loss	 0.5148404361430386 	train_loss	 0.5120871717759747
epoch 37
valid_auc	 0.7233010934438204 	train_auc	 0.7326973932520251
valid_accuracy	 0.7528714216825216 	train_accuracy	 0.7525000254585077
valid_loss	 0.5142820607933692 	train_loss	 0.5118759618236655
epoch 38
valid_auc	 0.7227307054777196 	train_auc	 0.7333277872586156
valid_accuracy	 0.7527289465608697 	train_accuracy	 0.7525280298170043
valid_loss	 0.5142122878872422 	train_loss	 0.5115779843926461
epoch 39
valid_auc	 0.7227254325161764 	train_auc	 0.7332155836444127
valid_accuracy	 0.7526631888124151 	train_accuracy	 0.7525942219370869
valid_loss	 0.5142373827155191 	train_loss	 0.5115839006004068
epoch 40
valid_auc	 0.7228759746261372 	train_auc	 0.733599672504182
valid_accuracy	 0.7516001052123975 	train_accuracy	 0.752991374657583
valid_loss	 0.5145616550823754 	train_loss	 0.5112917267133351
epoch 41
valid_auc	 0.7228716944182931 	train_auc	 0.7338821918578133
valid_accuracy	 0.7529700583052036 	train_accuracy	 0.7526884184156661
valid_loss	 0.5149535713423892 	train_loss	 0.511146709134906
epoch 42
valid_auc	 0.7226954494393775 	train_auc	 0.734249664421327
valid_accuracy	 0.7524987944412783 	train_accuracy	 0.7529175449851832
valid_loss	 0.5141766719930064 	train_loss	 0.5109022564555814
epoch 43
valid_auc	 0.7232294764884859 	train_auc	 0.7343703787185654
valid_accuracy	 0.7525974310639604 	train_accuracy	 0.7533757981242172
valid_loss	 0.514179104785111 	train_loss	 0.5107865684891171
epoch 44
valid_auc	 0.723323816816141 	train_auc	 0.7344674772528156
valid_accuracy	 0.7524768751917934 	train_accuracy	 0.7531466715547002
valid_loss	 0.5143748112163937 	train_loss	 0.5107196372659137
epoch 45
valid_auc	 0.7231532997851402 	train_auc	 0.735077199175058
valid_accuracy	 0.7523234404453991 	train_accuracy	 0.7534216234381206
valid_loss	 0.5140536089306531 	train_loss	 0.5103853071994255
epoch 46
valid_auc	 0.7235553409403682 	train_auc	 0.7351630783905833
valid_accuracy	 0.7529810179299461 	train_accuracy	 0.7534063483334861
valid_loss	 0.5141738113117347 	train_loss	 0.5102629910797084
epoch 47
valid_auc	 0.723171908202644 	train_auc	 0.735338213441186
valid_accuracy	 0.7525755118144755 	train_accuracy	 0.753424169288893
valid_loss	 0.5141182579752458 	train_loss	 0.5101432841826087
epoch 48
valid_auc	 0.7235838141913793 	train_auc	 0.7358361687917351
valid_accuracy	 0.753002937179431 	train_accuracy	 0.7534139858858033
valid_loss	 0.5141121888855713 	train_loss	 0.5098311469533028
epoch 49
valid_auc	 0.7239349759473107 	train_auc	 0.7358513557718593
valid_accuracy	 0.7535947569155232 	train_accuracy	 0.7535310950213342
valid_loss	 0.5137072465486566 	train_loss	 0.5097657735355324
epoch 50
valid_auc	 0.7241091384292009 	train_auc	 0.7361997207057343
valid_accuracy	 0.7533646047959318 	train_accuracy	 0.7537856800985754
valid_loss	 0.5146702882990924 	train_loss	 0.5095799111979148
epoch 51
valid_auc	 0.7238767454138237 	train_auc	 0.7365812086091028
valid_accuracy	 0.7532659681732498 	train_accuracy	 0.753783134247803
valid_loss	 0.5150441126233459 	train_loss	 0.5092903505707874
epoch 52
valid_auc	 0.7243518441601214 	train_auc	 0.736512658412406
valid_accuracy	 0.753320766296962 	train_accuracy	 0.7541650118636646
valid_loss	 0.5135882115269991 	train_loss	 0.5093288364206556
epoch 53
valid_auc	 0.7237165321407256 	train_auc	 0.7371642368900588
valid_accuracy	 0.7536166761650082 	train_accuracy	 0.7539460686972372
valid_loss	 0.5135704002127118 	train_loss	 0.509012053293753
epoch 54
valid_auc	 0.724125689060412 	train_auc	 0.7369372946767305
valid_accuracy	 0.7538906667835693 	train_accuracy	 0.754098819743582
valid_loss	 0.5135290630465704 	train_loss	 0.5090945109007465
epoch 55
valid_auc	 0.7243516347366591 	train_auc	 0.7373903721593775
valid_accuracy	 0.7537591512866599 	train_accuracy	 0.7544195969409057
valid_loss	 0.5132433573591191 	train_loss	 0.5086960435130427
epoch 56
valid_auc	 0.7236420249562798 	train_auc	 0.7375238724702804
valid_accuracy	 0.7534851606680987 	train_accuracy	 0.7541217324005336
valid_loss	 0.5141546598583487 	train_loss	 0.5086430056624902
epoch 57
valid_auc	 0.7245094930768998 	train_auc	 0.7377959148943343
valid_accuracy	 0.7537591512866599 	train_accuracy	 0.7540326276234992
valid_loss	 0.5136484416988115 	train_loss	 0.5084527090159626
epoch 58
valid_auc	 0.7242857528335752 	train_auc	 0.7382254300335944
valid_accuracy	 0.7535509184165534 	train_accuracy	 0.754210837177568
valid_loss	 0.5141827621306895 	train_loss	 0.5082271355370136
epoch 59
valid_auc	 0.7244538877499125 	train_auc	 0.7381247066096012
valid_accuracy	 0.7540769804041909 	train_accuracy	 0.754396684283954
valid_loss	 0.5132670148057487 	train_loss	 0.508303164048788
epoch 60
valid_auc	 0.7246322365388611 	train_auc	 0.7389008448380527
valid_accuracy	 0.7535180395423261 	train_accuracy	 0.7543635882239127
valid_loss	 0.5131719163924272 	train_loss	 0.5078699723716047
epoch 61
valid_auc	 0.7244063387396593 	train_auc	 0.7384729438174236
valid_accuracy	 0.7526741484371575 	train_accuracy	 0.7545214309718021
valid_loss	 0.5142883591963432 	train_loss	 0.5079934421886365
epoch 62
valid_auc	 0.7244195179002335 	train_auc	 0.739124397814063
valid_accuracy	 0.7533646047959318 	train_accuracy	 0.7542999419546024
valid_loss	 0.5131944619237425 	train_loss	 0.5076832803473161
epoch 63
valid_auc	 0.724419446547992 	train_auc	 0.7390354407861288
valid_accuracy	 0.7533098066722196 	train_accuracy	 0.7545799855395676
valid_loss	 0.5134013665215038 	train_loss	 0.5076261407470529
epoch 64
valid_auc	 0.7242426140713986 	train_auc	 0.7391665658602719
valid_accuracy	 0.7533426855464469 	train_accuracy	 0.7547734701982709
valid_loss	 0.5138715701339548 	train_loss	 0.5076232694554101
epoch 65
valid_auc	 0.7245041323922545 	train_auc	 0.7393148856382793
valid_accuracy	 0.753857787909342 	train_accuracy	 0.7551324351571809
valid_loss	 0.5134806356135463 	train_loss	 0.5073487460881471
epoch 66
valid_auc	 0.7246971982760239 	train_auc	 0.739431011565697
valid_accuracy	 0.7536057165402656 	train_accuracy	 0.7547403741382295
valid_loss	 0.5132145220180065 	train_loss	 0.5073458499793004
epoch 67
valid_auc	 0.7245375552030903 	train_auc	 0.7394204353906378
valid_accuracy	 0.753419402919644 	train_accuracy	 0.7552851862035255
valid_loss	 0.5144498771790963 	train_loss	 0.5072914193779255
epoch 68
valid_auc	 0.7243876395102117 	train_auc	 0.740229729203696
valid_accuracy	 0.7531015738021131 	train_accuracy	 0.7554328455483253
valid_loss	 0.5146389293797814 	train_loss	 0.5068310502942421
epoch 69
valid_auc	 0.7252351981932341 	train_auc	 0.7402971276421644
valid_accuracy	 0.7537481916619175 	train_accuracy	 0.7555270420269046
valid_loss	 0.5130612861462372 	train_loss	 0.5067265844744184
epoch 70
valid_auc	 0.7246461279863148 	train_auc	 0.740526618561824
valid_accuracy	 0.7532330892990224 	train_accuracy	 0.7551171600525464
valid_loss	 0.5143167043898174 	train_loss	 0.5065592249652365
epoch 71
valid_auc	 0.7244557744143789 	train_auc	 0.7407724306933311
valid_accuracy	 0.7534084432949015 	train_accuracy	 0.7552495442927117
valid_loss	 0.5135956577573497 	train_loss	 0.5064316447729074
epoch 72
valid_auc	 0.7247005419470861 	train_auc	 0.7405778305152158
valid_accuracy	 0.7533865240454167 	train_accuracy	 0.7555194044745873
valid_loss	 0.5133217485338339 	train_loss	 0.5065194575765987
epoch 73
valid_auc	 0.724408694599169 	train_auc	 0.7410453840673646
valid_accuracy	 0.753539958791811 	train_accuracy	 0.7553157364127945
valid_loss	 0.5140528724851837 	train_loss	 0.5062662629314738
epoch 74
valid_auc	 0.7244468448821165 	train_auc	 0.741135911183528
valid_accuracy	 0.7533317259217044 	train_accuracy	 0.75530046130816
valid_loss	 0.5136305335793229 	train_loss	 0.5061793775501404
epoch 75
valid_auc	 0.724497710999394 	train_auc	 0.7414300126413594
valid_accuracy	 0.7522028845732323 	train_accuracy	 0.7556136009531665
valid_loss	 0.5137720641889182 	train_loss	 0.5059705271805357
epoch 76
valid_auc	 0.7251475078327201 	train_auc	 0.7418354923698485
valid_accuracy	 0.7531454123010828 	train_accuracy	 0.7558121773134145
valid_loss	 0.5135376487490756 	train_loss	 0.505782102818897
epoch 77
valid_auc	 0.7246911914057098 	train_auc	 0.7416876243770403
valid_accuracy	 0.7528933409320064 	train_accuracy	 0.7561227711076488
valid_loss	 0.5137085696798397 	train_loss	 0.505684754797281
epoch 78
valid_auc	 0.7249166997019822 	train_auc	 0.7418959850853248
valid_accuracy	 0.7536714742887204 	train_accuracy	 0.7556263302070286
valid_loss	 0.513797545437317 	train_loss	 0.5056162957965087
epoch 79
valid_auc	 0.7247730886437507 	train_auc	 0.7419906842509263
valid_accuracy	 0.7534632414186139 	train_accuracy	 0.7555677756392631
valid_loss	 0.514020399598452 	train_loss	 0.505590311159275
epoch 80
valid_auc	 0.7245543863011212 	train_auc	 0.7426360381672733
valid_accuracy	 0.7533426855464469 	train_accuracy	 0.7559776576136213
valid_loss	 0.5154849312581122 	train_loss	 0.5050816860465985
epoch 81
valid_auc	 0.7245783930871383 	train_auc	 0.7424346172137094
valid_accuracy	 0.7531782911753102 	train_accuracy	 0.7559929327182557
valid_loss	 0.5142204055252446 	train_loss	 0.5052409715990774
epoch 82
valid_auc	 0.7247014438888415 	train_auc	 0.7426012452875392
valid_accuracy	 0.753320766296962 	train_accuracy	 0.7560362121813867
valid_loss	 0.5141107218115047 	train_loss	 0.505101858465198
epoch 83
valid_auc	 0.7249730305978681 	train_auc	 0.7432045770361814
valid_accuracy	 0.7539125860330542 	train_accuracy	 0.7559267405981731
valid_loss	 0.5140261008853362 	train_loss	 0.5047301059524623
epoch 84
valid_auc	 0.724973717247362 	train_auc	 0.743067245899102
valid_accuracy	 0.7541975362763579 	train_accuracy	 0.7563315308709865
valid_loss	 0.5142726183468097 	train_loss	 0.5048541045027537
epoch 85
valid_auc	 0.7249732773963142 	train_auc	 0.7430288726706675
valid_accuracy	 0.7535837972907807 	train_accuracy	 0.7564384566034277
valid_loss	 0.5141006099902823 	train_loss	 0.5047500897753162
epoch 86
valid_auc	 0.7249431689125452 	train_auc	 0.7434094732453048
valid_accuracy	 0.7539235456577966 	train_accuracy	 0.756272976303221
valid_loss	 0.5148232646818596 	train_loss	 0.5045334984537593
epoch 87
valid_auc	 0.7243225878877575 	train_auc	 0.7433792227118436
valid_accuracy	 0.7535509184165534 	train_accuracy	 0.7560718540922006
valid_loss	 0.5144896244775187 	train_loss	 0.5045779087609913
epoch 88
valid_auc	 0.7245574334433873 	train_auc	 0.7434205432592917
valid_accuracy	 0.7534522817938714 	train_accuracy	 0.7565581115897311
valid_loss	 0.5143200410683841 	train_loss	 0.5044860167101994
epoch 89
valid_auc	 0.7246653340946735 	train_auc	 0.7436463395455783
valid_accuracy	 0.7527179869361273 	train_accuracy	 0.756588661799
valid_loss	 0.5140493676476575 	train_loss	 0.5043363847950546
epoch 90
valid_auc	 0.7244465159204831 	train_auc	 0.7440004320391538
valid_accuracy	 0.7539893034062514 	train_accuracy	 0.7567541420992067
valid_loss	 0.5139036422710077 	train_loss	 0.5040373424075624
epoch 91
valid_auc	 0.7247887617350552 	train_auc	 0.7443702470760639
valid_accuracy	 0.7537262724124326 	train_accuracy	 0.7567923298607929
valid_loss	 0.5136252846824864 	train_loss	 0.5038110957626348
epoch 92
valid_auc	 0.7250238361738498 	train_auc	 0.7440021794679395
valid_accuracy	 0.754175617026873 	train_accuracy	 0.7564690068126967
valid_loss	 0.5138566404776497 	train_loss	 0.5040420773484704
epoch 93
valid_auc	 0.7244889887284048 	train_auc	 0.7448920565105355
valid_accuracy	 0.7534851606680987 	train_accuracy	 0.7569934520718133
valid_loss	 0.5142040032786951 	train_loss	 0.5034801356283248
epoch 94
valid_auc	 0.7247684458058996 	train_auc	 0.7443026086859057
valid_accuracy	 0.753539958791811 	train_accuracy	 0.7568737970855101
valid_loss	 0.5141619224644431 	train_loss	 0.5038486524553524
epoch 95
valid_auc	 0.7242715240846159 	train_auc	 0.7449764442600203
valid_accuracy	 0.7528056639340669 	train_accuracy	 0.7565912076497724
valid_loss	 0.5133290780035618 	train_loss	 0.503459679105619
epoch 96
valid_auc	 0.7239274586334407 	train_auc	 0.7450158040956124
valid_accuracy	 0.7534742010433563 	train_accuracy	 0.7570596441918961
valid_loss	 0.5148718216708064 	train_loss	 0.5033428739000271
epoch 97
valid_auc	 0.7246542967368841 	train_auc	 0.7448437495918169
valid_accuracy	 0.7538029897856298 	train_accuracy	 0.7571232904612063
valid_loss	 0.5145386341644747 	train_loss	 0.5034910424503732
epoch 98
valid_auc	 0.7246222663758541 	train_auc	 0.7453534848127494
valid_accuracy	 0.7532111700495375 	train_accuracy	 0.7573040458660475
valid_loss	 0.5141012185402923 	train_loss	 0.5030743316937866
epoch 99
valid_auc	 0.7247614338265198 	train_auc	 0.7456541669460893
valid_accuracy	 0.753857787909342 	train_accuracy	 0.7569705394148617
valid_loss	 0.5135753971351804 	train_loss	 0.5029618326366322
epoch 100
valid_auc	 0.7246711018886455 	train_auc	 0.7457551505662036
valid_accuracy	 0.7530467756784007 	train_accuracy	 0.7577190195419505
valid_loss	 0.514125736386964 	train_loss	 0.5029098995914021
epoch 101
valid_auc	 0.7243375780361783 	train_auc	 0.745910762259787
valid_accuracy	 0.7533536451711893 	train_accuracy	 0.7570290939826271
valid_loss	 0.5143957207322286 	train_loss	 0.5027292325032329
epoch 102
valid_auc	 0.7247531687040916 	train_auc	 0.7461117779458677
valid_accuracy	 0.7523891981938539 	train_accuracy	 0.757418609150806
valid_loss	 0.5138949488969967 	train_loss	 0.5025213809770823
epoch 103
valid_auc	 0.724490850373254 	train_auc	 0.7459759851549355
valid_accuracy	 0.7532111700495375 	train_accuracy	 0.7578233994236194
valid_loss	 0.5134595124676447 	train_loss	 0.5026051707821911
epoch 104
valid_auc	 0.7246619545930483 	train_auc	 0.7462089752149591
valid_accuracy	 0.753737232037175 	train_accuracy	 0.7576044562571921
valid_loss	 0.5145751118225688 	train_loss	 0.5024965953690198
epoch 105
valid_auc	 0.724432416902872 	train_auc	 0.7461526662936563
valid_accuracy	 0.7524549559423085 	train_accuracy	 0.7576757400788195
valid_loss	 0.5137556888317281 	train_loss	 0.5025453526670886
epoch 106
valid_auc	 0.7249234244190905 	train_auc	 0.7464189975314554
valid_accuracy	 0.7539235456577966 	train_accuracy	 0.7577521156019918
valid_loss	 0.5137111269675182 	train_loss	 0.5023037653260675
epoch 107
valid_auc	 0.7245246234587305 	train_auc	 0.7468601176384391
valid_accuracy	 0.7536605146639779 	train_accuracy	 0.7577521156019918
valid_loss	 0.5146906566355476 	train_loss	 0.5020312054107832
epoch 108
valid_auc	 0.7239699376190456 	train_auc	 0.7471017995106798
valid_accuracy	 0.7535618780412958 	train_accuracy	 0.7580830762024053
valid_loss	 0.5170055638736296 	train_loss	 0.5018198603302453
epoch 109
valid_auc	 0.7242662168369307 	train_auc	 0.74729305629383
valid_accuracy	 0.753320766296962 	train_accuracy	 0.7579303251560606
valid_loss	 0.513844218865013 	train_loss	 0.5017526524624596
epoch 110
valid_auc	 0.7237172098325788 	train_auc	 0.7472476578689631
valid_accuracy	 0.7528604620577791 	train_accuracy	 0.7579023207975641
valid_loss	 0.5140902422203827 	train_loss	 0.5016588615519941
epoch 111
valid_auc	 0.7244966033407862 	train_auc	 0.7472138241700421
valid_accuracy	 0.7533646047959318 	train_accuracy	 0.7580856220531778
valid_loss	 0.5148548755779474 	train_loss	 0.5017453062944144


Start testing ......................
 Best epoch: 69

test_auc	 0.732338637228075
test_accuracy	 0.7523891049804516
test_loss	 0.5121850597605412
