nohup: ignoring input
	 max_iter 	 300
	 train_set 	 4
	 seed 	 224
	 wd 	 5e-05
	 optim 	 adam
	 batch_size 	 32
	 lr 	 1e-05
	 maxgradnorm 	 -1
	 final_fc_dim 	 512
	 d_model 	 256
	 d_ff 	 1024
	 dropout 	 0.05
	 n_block 	 1
	 n_head 	 8
	 kq_same 	 1
	 l2 	 1e-05
	 q_embed_dim 	 50
	 qa_embed_dim 	 256
	 memory_size 	 50
	 init_std 	 0.1
	 hidden_dim 	 512
	 lamda_r 	 0.1
	 lamda_w1 	 0.1
	 lamda_w2 	 0.1
	 model 	 akt_cid
	 dataset 	 assist2015
	 n_question 	 110
	 seqlen 	 200
	 data_dir 	 data/assist2015
	 data_name 	 assist2015
	 save 	 assist2015
	 load 	 assist2015


train_q_data.shape (11295, 200)
train_qa_data.shape (11295, 200)
valid_q_data.shape (2793, 200)
valid_qa_data.shape (2793, 200)




epoch 1
valid_auc	 0.6859598729431275 	train_auc	 0.6221453913865304
valid_accuracy	 0.7287536126437478 	train_accuracy	 0.7287382947008689
valid_loss	 0.5484131000669202 	train_loss	 0.5655531753946105
epoch 2
valid_auc	 0.6974158162775788 	train_auc	 0.6869292839738559
valid_accuracy	 0.730148143656905 	train_accuracy	 0.7384764803340588
valid_loss	 0.5408219044776282 	train_loss	 0.5370897059331539
epoch 3
valid_auc	 0.703866257052775 	train_auc	 0.6958100779510902
valid_accuracy	 0.7325026779037571 	train_accuracy	 0.7399852498948276
valid_loss	 0.5372389746147473 	train_loss	 0.532067859415815
epoch 4
valid_auc	 0.7089066977687222 	train_auc	 0.7017428270993177
valid_accuracy	 0.7338769983225206 	train_accuracy	 0.7420653263460769
valid_loss	 0.5346001362270223 	train_loss	 0.5287059445267245
epoch 5
valid_auc	 0.7131328873328517 	train_auc	 0.7060695407370329
valid_accuracy	 0.7381010125507791 	train_accuracy	 0.7448881017549509
valid_loss	 0.5309408426516459 	train_loss	 0.5260682632451584
epoch 6
valid_auc	 0.7160115047738267 	train_auc	 0.7098829094856207
valid_accuracy	 0.7405464944724024 	train_accuracy	 0.7473706898790388
valid_loss	 0.5289918847127437 	train_loss	 0.5237063885213981
epoch 7
valid_auc	 0.7185729770348341 	train_auc	 0.7126622380917234
valid_accuracy	 0.7399502819377918 	train_accuracy	 0.7487496169646984
valid_loss	 0.5282857440550842 	train_loss	 0.5219306750759368
epoch 8
valid_auc	 0.7195069343049605 	train_auc	 0.7142822432091461
valid_accuracy	 0.7407587057135351 	train_accuracy	 0.7489807365703928
valid_loss	 0.5268152588926459 	train_loss	 0.5209388342828685
epoch 9
valid_auc	 0.7210591163369471 	train_auc	 0.7162098217862327
valid_accuracy	 0.7409810222518645 	train_accuracy	 0.7493624734472139
valid_loss	 0.5260600872939689 	train_loss	 0.5199053547963663
epoch 10
valid_auc	 0.7216840641190939 	train_auc	 0.7172208066227304
valid_accuracy	 0.7406475474443703 	train_accuracy	 0.7499805236287336
valid_loss	 0.5271377872349311 	train_loss	 0.5192480296910251
epoch 11
valid_auc	 0.7219671785407471 	train_auc	 0.718198817749595
valid_accuracy	 0.7415974453808687 	train_accuracy	 0.7503129203650132
valid_loss	 0.5252145549917543 	train_loss	 0.5186053512140543
epoch 12
valid_auc	 0.7232086930529397 	train_auc	 0.7192943931215621
valid_accuracy	 0.7415873400836719 	train_accuracy	 0.7506063643587599
valid_loss	 0.5263057869986412 	train_loss	 0.5179345115145289
epoch 13
valid_auc	 0.7239087437529177 	train_auc	 0.7201571516427139
valid_accuracy	 0.7417288142444269 	train_accuracy	 0.7506790761448211
valid_loss	 0.5245300887984549 	train_loss	 0.5174152530216873
epoch 14
valid_auc	 0.7238980523328018 	train_auc	 0.721200977777063
valid_accuracy	 0.7412639705733746 	train_accuracy	 0.7511413153562099
valid_loss	 0.5266567449044739 	train_loss	 0.5167649597030479
epoch 15
valid_auc	 0.7244074229911741 	train_auc	 0.7217423225018571
valid_accuracy	 0.7426281856949413 	train_accuracy	 0.7512581735838081
valid_loss	 0.5237368629053784 	train_loss	 0.5164182346481397
epoch 16
valid_auc	 0.7252252618644359 	train_auc	 0.7222233697564708
valid_accuracy	 0.7422239738070696 	train_accuracy	 0.7515620049755637
valid_loss	 0.5246617424457899 	train_loss	 0.5160260645007406
epoch 17
valid_auc	 0.7256695291146805 	train_auc	 0.7229267670480467
valid_accuracy	 0.7422947108874473 	train_accuracy	 0.7516321199121226
valid_loss	 0.5239028974428827 	train_loss	 0.5156957127645304
epoch 18
valid_auc	 0.7260482423214181 	train_auc	 0.7233855302163283
valid_accuracy	 0.7429010287192547 	train_accuracy	 0.7521748614580791
valid_loss	 0.5245677284502906 	train_loss	 0.5152958191802545
epoch 19
valid_auc	 0.7261913653944436 	train_auc	 0.7242904216967833
valid_accuracy	 0.7437599789809818 	train_accuracy	 0.7523021070836861
valid_loss	 0.5227625792302939 	train_loss	 0.5148171100961859
epoch 20
valid_auc	 0.7265703226847067 	train_auc	 0.7245352955283824
valid_accuracy	 0.7431031346631904 	train_accuracy	 0.752400787364769
valid_loss	 0.5239707301605799 	train_loss	 0.5146975468821596
epoch 21
valid_auc	 0.7269363647394699 	train_auc	 0.7250985020579521
valid_accuracy	 0.7440530325996888 	train_accuracy	 0.7524475306558084
valid_loss	 0.5222997007706397 	train_loss	 0.5142657800257096
epoch 22
valid_auc	 0.7269760870353892 	train_auc	 0.7255610326184566
valid_accuracy	 0.7431031346631904 	train_accuracy	 0.752541017237887
valid_loss	 0.5226000243320633 	train_loss	 0.5139885913999512
epoch 23
valid_auc	 0.7278463969730637 	train_auc	 0.7259399963793705
valid_accuracy	 0.7438610319529497 	train_accuracy	 0.7528915919206818
valid_loss	 0.5218164995512022 	train_loss	 0.5136837609377021
epoch 24
valid_auc	 0.7277954169628236 	train_auc	 0.7262735853622065
valid_accuracy	 0.7439721902221145 	train_accuracy	 0.7527461683485596
valid_loss	 0.5220417465537885 	train_loss	 0.513494614682361
epoch 25
valid_auc	 0.7281500184959397 	train_auc	 0.7270163142865862
valid_accuracy	 0.7441439802744598 	train_accuracy	 0.7529253509642102
valid_loss	 0.5217616974562241 	train_loss	 0.5130716817496389
epoch 26
valid_auc	 0.7284074211692284 	train_auc	 0.7274668583961642
valid_accuracy	 0.7438408213585561 	train_accuracy	 0.7532655382489963
valid_loss	 0.5217380074083358 	train_loss	 0.5127466094151218
epoch 27
valid_auc	 0.7286932863815763 	train_auc	 0.7277144306421207
valid_accuracy	 0.743365872390307 	train_accuracy	 0.7536368877278086
valid_loss	 0.5235627724153125 	train_loss	 0.5125764374454728
epoch 28
valid_auc	 0.7290801125570445 	train_auc	 0.7282788976296614
valid_accuracy	 0.744234927949231 	train_accuracy	 0.7535485948447344
valid_loss	 0.5207143774755172 	train_loss	 0.5122028567269868
epoch 29
valid_auc	 0.7292471504539026 	train_auc	 0.7284822368319764
valid_accuracy	 0.7439317690333273 	train_accuracy	 0.7534810767576776
valid_loss	 0.5226869169692228 	train_loss	 0.5120828767205496
epoch 30
valid_auc	 0.7294110591795383 	train_auc	 0.7287232993239672
valid_accuracy	 0.7434871359566685 	train_accuracy	 0.7538861852800183
valid_loss	 0.522639255849612 	train_loss	 0.5119476323050113
epoch 31
valid_auc	 0.7293520374341487 	train_auc	 0.7291016205830791
valid_accuracy	 0.7440934537884759 	train_accuracy	 0.7539329285710576
valid_loss	 0.5216356401188427 	train_loss	 0.5116314273576162
epoch 32
valid_auc	 0.7298004541043269 	train_auc	 0.7294738709751957
valid_accuracy	 0.7432345035267487 	train_accuracy	 0.754460089020001
valid_loss	 0.5234833905281474 	train_loss	 0.5114373215724237
epoch 33
valid_auc	 0.729903492075272 	train_auc	 0.7295961265432995
valid_accuracy	 0.744861456375432 	train_accuracy	 0.7544497016219922
valid_loss	 0.5205258538304998 	train_loss	 0.5112987735411387
epoch 34
valid_auc	 0.7298066920213723 	train_auc	 0.7305448589241488
valid_accuracy	 0.7442551385436246 	train_accuracy	 0.7541744355747607
valid_loss	 0.5217172650209877 	train_loss	 0.5107993519770926
epoch 35
valid_auc	 0.7302357579232639 	train_auc	 0.7304686886111035
valid_accuracy	 0.744234927949231 	train_accuracy	 0.7543224559963851
valid_loss	 0.5209960715596995 	train_loss	 0.5107152980750538
epoch 36
valid_auc	 0.7305341127568469 	train_auc	 0.7309909035533187
valid_accuracy	 0.7441742961660502 	train_accuracy	 0.7546003188931188
valid_loss	 0.5224779134539893 	train_loss	 0.5104214534362232
epoch 37
valid_auc	 0.7302958747253907 	train_auc	 0.7313382280446977
valid_accuracy	 0.7447098769174801 	train_accuracy	 0.7546210936891363
valid_loss	 0.520509882620174 	train_loss	 0.5101985894047325
epoch 38
valid_auc	 0.7303462731223764 	train_auc	 0.7315495137318098
valid_accuracy	 0.7448715616726288 	train_accuracy	 0.7548833754888569
valid_loss	 0.5205790628732929 	train_loss	 0.5100019888064986
epoch 39
valid_auc	 0.7306787519051593 	train_auc	 0.7316365712587773
valid_accuracy	 0.7448412457810384 	train_accuracy	 0.754730161368228
valid_loss	 0.5197741586928375 	train_loss	 0.5100284555426521
epoch 40
valid_auc	 0.730646770069745 	train_auc	 0.7319517134559533
valid_accuracy	 0.7456193536651913 	train_accuracy	 0.7544834606655206
valid_loss	 0.5201271958404842 	train_loss	 0.5097693370032641
epoch 41
valid_auc	 0.730828713912614 	train_auc	 0.7317948360131649
valid_accuracy	 0.745002930536187 	train_accuracy	 0.7547795015087696
valid_loss	 0.5199621945586117 	train_loss	 0.5098038793274255
epoch 42
valid_auc	 0.7306370554943662 	train_auc	 0.7324782229864055
valid_accuracy	 0.7455284059904201 	train_accuracy	 0.7549482967264115
valid_loss	 0.5196472056499137 	train_loss	 0.5094375795521753
epoch 43
valid_auc	 0.7311759503019429 	train_auc	 0.732711038577142
valid_accuracy	 0.744861456375432 	train_accuracy	 0.7551612383855906
valid_loss	 0.51988642887477 	train_loss	 0.5092577315184126
epoch 44
valid_auc	 0.7312644413032756 	train_auc	 0.7332687249974675
valid_accuracy	 0.7452252470745164 	train_accuracy	 0.7553715831952675
valid_loss	 0.5196271016162223 	train_loss	 0.5089287328842579
epoch 45
valid_auc	 0.7314259502997728 	train_auc	 0.7335193806548315
valid_accuracy	 0.7450635623193678 	train_accuracy	 0.7553949548407871
valid_loss	 0.5196644782328252 	train_loss	 0.5087783619484505
epoch 46
valid_auc	 0.7314570265240312 	train_auc	 0.7332763034876397
valid_accuracy	 0.7452252470745164 	train_accuracy	 0.7551612383855906
valid_loss	 0.5194173256093628 	train_loss	 0.5088898019582688
epoch 47
valid_auc	 0.7317929983054674 	train_auc	 0.7336086273692031
valid_accuracy	 0.7448210351866449 	train_accuracy	 0.7557221578780623
valid_loss	 0.5194401739855279 	train_loss	 0.5086865544493222
epoch 48
valid_auc	 0.7312106931407516 	train_auc	 0.7338762076377358
valid_accuracy	 0.7448311404838416 	train_accuracy	 0.7558961467947086
valid_loss	 0.5196903412560065 	train_loss	 0.5084242776663129
epoch 49
valid_auc	 0.7318031239420137 	train_auc	 0.7338931140209237
valid_accuracy	 0.7457406172315528 	train_accuracy	 0.755732545276071
valid_loss	 0.5190779335922605 	train_loss	 0.5083951679179497
epoch 50
valid_auc	 0.731617987864501 	train_auc	 0.7344733489023488
valid_accuracy	 0.7447098769174801 	train_accuracy	 0.756296061618045
valid_loss	 0.5205710631900803 	train_loss	 0.5080448943913676
epoch 51
valid_auc	 0.7317916065698006 	train_auc	 0.7345294744088905
valid_accuracy	 0.7449422987530063 	train_accuracy	 0.7557559169215907
valid_loss	 0.5195317522096704 	train_loss	 0.508030247794757
epoch 52
valid_auc	 0.7322705594677348 	train_auc	 0.7347959377820628
valid_accuracy	 0.744861456375432 	train_accuracy	 0.7559376963867436
valid_loss	 0.5200200293807696 	train_loss	 0.5078466888760056
epoch 53
valid_auc	 0.7315904585108874 	train_auc	 0.735240341047151
valid_accuracy	 0.7449726146445967 	train_accuracy	 0.7558961467947086
valid_loss	 0.5198666120332425 	train_loss	 0.5076187908329747
epoch 54
valid_auc	 0.7319116624730777 	train_auc	 0.7352397495698862
valid_accuracy	 0.7455991430707977 	train_accuracy	 0.755984439677783
valid_loss	 0.5191112888952312 	train_loss	 0.5075816971580533
epoch 55
valid_auc	 0.7322128344799038 	train_auc	 0.7354778327536442
valid_accuracy	 0.745002930536187 	train_accuracy	 0.7564596631366826
valid_loss	 0.5195940606621486 	train_loss	 0.5073227235044235
epoch 56
valid_auc	 0.7319814185319223 	train_auc	 0.7357567397617399
valid_accuracy	 0.7449928252389902 	train_accuracy	 0.7560727325608572
valid_loss	 0.5192429140412043 	train_loss	 0.5072345768434314
epoch 57
valid_auc	 0.7324344255553487 	train_auc	 0.7361819263851588
valid_accuracy	 0.7452050364801229 	train_accuracy	 0.7562908679190407
valid_loss	 0.5196886964126097 	train_loss	 0.5070443789300398
epoch 58
valid_auc	 0.7323371000580435 	train_auc	 0.7358807496003862
valid_accuracy	 0.7446997716202833 	train_accuracy	 0.7562415277784992
valid_loss	 0.5200689114260942 	train_loss	 0.5070951427274626
epoch 59
valid_auc	 0.7322529211138892 	train_auc	 0.7361059578745038
valid_accuracy	 0.7451949311829261 	train_accuracy	 0.7564362914911629
valid_loss	 0.5188035100296459 	train_loss	 0.5069041243852938
epoch 60
valid_auc	 0.7321915489156379 	train_auc	 0.7365369991320428
valid_accuracy	 0.7454576689100426 	train_accuracy	 0.7570205826291543
valid_loss	 0.5186013712639348 	train_loss	 0.5066459633887243
epoch 61
valid_auc	 0.7325267909996724 	train_auc	 0.7368240347321304
valid_accuracy	 0.7451747205885325 	train_accuracy	 0.7564570662871803
valid_loss	 0.5189826129079255 	train_loss	 0.5064831749636303
epoch 62
valid_auc	 0.7322143998314676 	train_auc	 0.7371078113384042
valid_accuracy	 0.7451241941025486 	train_accuracy	 0.7568621748095211
valid_loss	 0.5190183156589205 	train_loss	 0.5062476428650536
epoch 63
valid_auc	 0.7320040542151035 	train_auc	 0.7370856391918976
valid_accuracy	 0.745487984801633 	train_accuracy	 0.7570621322211892
valid_loss	 0.5194856197770487 	train_loss	 0.5063294961669343
epoch 64
valid_auc	 0.7324405776857155 	train_auc	 0.737475502491335
valid_accuracy	 0.7456698801511752 	train_accuracy	 0.7571919746962984
valid_loss	 0.519533378293686 	train_loss	 0.5060404974921674
epoch 65
valid_auc	 0.7322651258007997 	train_auc	 0.7377685605748662
valid_accuracy	 0.7453161947492876 	train_accuracy	 0.7567375260334163
valid_loss	 0.5189819002878203 	train_loss	 0.5058875571567734
epoch 66
valid_auc	 0.732518255480487 	train_auc	 0.737678117666513
valid_accuracy	 0.7448008245922513 	train_accuracy	 0.757298445525888
valid_loss	 0.5190781493828812 	train_loss	 0.5058141091997401
epoch 67
valid_auc	 0.7326055975530906 	train_auc	 0.7378779439433606
valid_accuracy	 0.7451949311829261 	train_accuracy	 0.7568725622075299
valid_loss	 0.5193673097279071 	train_loss	 0.505730667290923
epoch 68
valid_auc	 0.732620804773746 	train_auc	 0.738021556698066
valid_accuracy	 0.7448008245922513 	train_accuracy	 0.7570932944152154
valid_loss	 0.5206657658208204 	train_loss	 0.5055505332233494
epoch 69
valid_auc	 0.7327654252838812 	train_auc	 0.7386106276449896
valid_accuracy	 0.7450938782109582 	train_accuracy	 0.7572049589438093
valid_loss	 0.5187014069832308 	train_loss	 0.5052568479889122
epoch 70
valid_auc	 0.7325600726564554 	train_auc	 0.7384133119445379
valid_accuracy	 0.7450635623193678 	train_accuracy	 0.7573867384089622
valid_loss	 0.5188524678985171 	train_loss	 0.5053190057731433
epoch 71
valid_auc	 0.7327354599460449 	train_auc	 0.7387483223128687
valid_accuracy	 0.7450938782109582 	train_accuracy	 0.7576178580146566
valid_loss	 0.5189157487564685 	train_loss	 0.5051671050561175
epoch 72
valid_auc	 0.7330436889284413 	train_auc	 0.7388584256693453
valid_accuracy	 0.7454071424240587 	train_accuracy	 0.757355576214936
valid_loss	 0.5183492136950467 	train_loss	 0.5050080504364026
epoch 73
valid_auc	 0.7330701799058016 	train_auc	 0.739308306684336
valid_accuracy	 0.7456092483679945 	train_accuracy	 0.7579554484499406
valid_loss	 0.519057345926355 	train_loss	 0.5047303215948544
epoch 74
valid_auc	 0.7327613514379262 	train_auc	 0.7395239866266938
valid_accuracy	 0.7451342993997453 	train_accuracy	 0.7574075132049797
valid_loss	 0.5194087714099291 	train_loss	 0.5045998237408118
epoch 75
valid_auc	 0.7328637952850596 	train_auc	 0.7391494025524501
valid_accuracy	 0.745589037773601 	train_accuracy	 0.757721731994744
valid_loss	 0.5193247048124335 	train_loss	 0.5047724041328117
epoch 76
valid_auc	 0.7327618840302214 	train_auc	 0.7394252671620952
valid_accuracy	 0.745295984154894 	train_accuracy	 0.7575607273256085
valid_loss	 0.5188789045167248 	train_loss	 0.5046460887402466
epoch 77
valid_auc	 0.7327170686609056 	train_auc	 0.7400045355635245
valid_accuracy	 0.7456395642595849 	train_accuracy	 0.758046338182517
valid_loss	 0.518550812507089 	train_loss	 0.5042889004265784
epoch 78
valid_auc	 0.7325338415923053 	train_auc	 0.7398728061404677
valid_accuracy	 0.7456496695567817 	train_accuracy	 0.7579710295469536
valid_loss	 0.5197972622785255 	train_loss	 0.5042825073687072
epoch 79
valid_auc	 0.7329658707090474 	train_auc	 0.739951350561711
valid_accuracy	 0.7453161947492876 	train_accuracy	 0.7580930814735563
valid_loss	 0.5201081222243978 	train_loss	 0.5042685072196159
epoch 80
valid_auc	 0.732929837750935 	train_auc	 0.7404521502846811
valid_accuracy	 0.7447300875118738 	train_accuracy	 0.7578541713193554
valid_loss	 0.5208751319337338 	train_loss	 0.5039901828018245
epoch 81
valid_auc	 0.7325181385450741 	train_auc	 0.740765597003457
valid_accuracy	 0.7450433517249743 	train_accuracy	 0.757807428028316
valid_loss	 0.5199994057599947 	train_loss	 0.5037576232187362
epoch 82
valid_auc	 0.7327778732883647 	train_auc	 0.7409883109958888
valid_accuracy	 0.7457204066371592 	train_accuracy	 0.7583865254673031
valid_loss	 0.518510834971736 	train_loss	 0.5035298973066283
epoch 83
valid_auc	 0.7324371503036585 	train_auc	 0.7407420316074484
valid_accuracy	 0.745103983508155 	train_accuracy	 0.758539739587932
valid_loss	 0.5198438433643628 	train_loss	 0.5036839309937458
epoch 84
valid_auc	 0.7330948841713297 	train_auc	 0.7413521832142189
valid_accuracy	 0.7453161947492876 	train_accuracy	 0.7581631964101152
valid_loss	 0.5192541377481598 	train_loss	 0.5033118405733125
epoch 85
valid_auc	 0.7332391870665008 	train_auc	 0.7413515412302573
valid_accuracy	 0.7454071424240587 	train_accuracy	 0.7585241584909188
valid_loss	 0.5193678189403312 	train_loss	 0.5033633215176982
epoch 86
valid_auc	 0.7329289673735937 	train_auc	 0.7412594918947853
valid_accuracy	 0.7455991430707977 	train_accuracy	 0.7583969128653119
valid_loss	 0.5202603415269571 	train_loss	 0.5032974495424203
epoch 87
valid_auc	 0.7323651267701381 	train_auc	 0.7413061153240739
valid_accuracy	 0.7451545099941389 	train_accuracy	 0.7585423364374341
valid_loss	 0.520610909925315 	train_loss	 0.503305943337662
epoch 88
valid_auc	 0.7334673809076918 	train_auc	 0.7415236689509626
valid_accuracy	 0.7449524040502031 	train_accuracy	 0.7584202845108314
valid_loss	 0.51956237839431 	train_loss	 0.5031666947759996
epoch 89
valid_auc	 0.7332978472823171 	train_auc	 0.7420126469307652
valid_accuracy	 0.7452252470745164 	train_accuracy	 0.758539739587932
valid_loss	 0.5190203677286752 	train_loss	 0.5028585877729285
epoch 90
valid_auc	 0.7331367386236526 	train_auc	 0.742024520147265
valid_accuracy	 0.7449220881586127 	train_accuracy	 0.7587371001500979
valid_loss	 0.5184546392409394 	train_loss	 0.5027369344600356
epoch 91
valid_auc	 0.7327941987996496 	train_auc	 0.7421190780913391
valid_accuracy	 0.7449119828614159 	train_accuracy	 0.7589993819498185
valid_loss	 0.5189905317212145 	train_loss	 0.502689512984192
epoch 92
valid_auc	 0.7327753420707164 	train_auc	 0.7426351203764048
valid_accuracy	 0.7452858788576973 	train_accuracy	 0.7589838008528054
valid_loss	 0.5188404642689023 	train_loss	 0.5023501997863347
epoch 93
valid_auc	 0.732962314136338 	train_auc	 0.7426514931078354
valid_accuracy	 0.7450635623193678 	train_accuracy	 0.7589032985182377
valid_loss	 0.5209898049647399 	train_loss	 0.5023539642861414
epoch 94
valid_auc	 0.7330547908990895 	train_auc	 0.7427718089149776
valid_accuracy	 0.7456698801511752 	train_accuracy	 0.7588046182371547
valid_loss	 0.5185104149257452 	train_loss	 0.5023045428736634
epoch 95
valid_auc	 0.7326350897876083 	train_auc	 0.7433027990246645
valid_accuracy	 0.7449422987530063 	train_accuracy	 0.7590045756488228
valid_loss	 0.5183012210326601 	train_loss	 0.5019968688956358
epoch 96
valid_auc	 0.7330355654916932 	train_auc	 0.7432201706899059
valid_accuracy	 0.745589037773601 	train_accuracy	 0.7592279047060106
valid_loss	 0.5186557897898171 	train_loss	 0.50193845850327
epoch 97
valid_auc	 0.7327839904402349 	train_auc	 0.7432194741255697
valid_accuracy	 0.7455789324764042 	train_accuracy	 0.7589941882508141
valid_loss	 0.5200877549253157 	train_loss	 0.5019514621758437
epoch 98
valid_auc	 0.7329709528037914 	train_auc	 0.7439053905936408
valid_accuracy	 0.7457001960427656 	train_accuracy	 0.7593058101910762
valid_loss	 0.519389188432645 	train_loss	 0.5014829480529867
epoch 99
valid_auc	 0.7329933255099526 	train_auc	 0.7434295011326293
valid_accuracy	 0.7450433517249743 	train_accuracy	 0.7594746054087181
valid_loss	 0.5185504792655798 	train_loss	 0.5017509494745935
epoch 100
valid_auc	 0.733300300883447 	train_auc	 0.7439054635055642
valid_accuracy	 0.7458315649063239 	train_accuracy	 0.7593681345791286
valid_loss	 0.5191694489069456 	train_loss	 0.5013670874000434
epoch 101
valid_auc	 0.732808911214999 	train_auc	 0.7435972874868518
valid_accuracy	 0.7451140888053518 	train_accuracy	 0.7596018510343252
valid_loss	 0.5188800391049405 	train_loss	 0.5016692593312003
epoch 102
valid_auc	 0.7333221749545397 	train_auc	 0.7442758238321329
valid_accuracy	 0.7449220881586127 	train_accuracy	 0.759586269937312
valid_loss	 0.5183037788371173 	train_loss	 0.501154744959153
epoch 103
valid_auc	 0.7325767257400866 	train_auc	 0.7443452922551757
valid_accuracy	 0.7445380868651347 	train_accuracy	 0.7598329706400195
valid_loss	 0.519052662047672 	train_loss	 0.5011591067973195
epoch 104
valid_auc	 0.7327047258472301 	train_auc	 0.7445614491457707
valid_accuracy	 0.7455587218820106 	train_accuracy	 0.7598978918775742
valid_loss	 0.5191437448294601 	train_loss	 0.5009295822245167
epoch 105
valid_auc	 0.7326431764586371 	train_auc	 0.7450262722028319
valid_accuracy	 0.7454273530184523 	train_accuracy	 0.7599757973626396
valid_loss	 0.5187927603521943 	train_loss	 0.5006533454348844
epoch 106
valid_auc	 0.7325864237198283 	train_auc	 0.7449244879518176
valid_accuracy	 0.7447907192950545 	train_accuracy	 0.759895295028072
valid_loss	 0.5197283834196561 	train_loss	 0.500790603500401
epoch 107
valid_auc	 0.7329976339926858 	train_auc	 0.7451928048310082
valid_accuracy	 0.7451848258857293 	train_accuracy	 0.7596459974758623
valid_loss	 0.5195914604829824 	train_loss	 0.5006374474928648
epoch 108
valid_auc	 0.7331523844797648 	train_auc	 0.7454336954517817
valid_accuracy	 0.7447502981062673 	train_accuracy	 0.7598355674895217
valid_loss	 0.5198204821543605 	train_loss	 0.5004036363793065
epoch 109
valid_auc	 0.7327605124646366 	train_auc	 0.7453698424033495
valid_accuracy	 0.7455991430707977 	train_accuracy	 0.7600017658576614
valid_loss	 0.5190809292874111 	train_loss	 0.5004673350462983
epoch 110
valid_auc	 0.7324367246893939 	train_auc	 0.7453475177183327
valid_accuracy	 0.7451545099941389 	train_accuracy	 0.7597524683054518
valid_loss	 0.5187126916146941 	train_loss	 0.5003339347256248
epoch 111
valid_auc	 0.73334404825968 	train_auc	 0.7456051544679627
valid_accuracy	 0.7456294589623881 	train_accuracy	 0.7598277769410151
valid_loss	 0.5197685377362504 	train_loss	 0.5002583684992687
epoch 112
valid_auc	 0.7321737647755023 	train_auc	 0.7455841504830126
valid_accuracy	 0.7449524040502031 	train_accuracy	 0.7598355674895217
valid_loss	 0.5192371117208817 	train_loss	 0.5002518244058872
epoch 113
valid_auc	 0.7325461897676482 	train_auc	 0.7456869927509376
valid_accuracy	 0.7449422987530063 	train_accuracy	 0.759825180091513
valid_loss	 0.5209148484563993 	train_loss	 0.5001892506022723
epoch 114
valid_auc	 0.7321920370826888 	train_auc	 0.7457741117110339
valid_accuracy	 0.7448816669698256 	train_accuracy	 0.7604510208215393
valid_loss	 0.5189291049737992 	train_loss	 0.500094590032096
epoch 115
valid_auc	 0.7328239716280947 	train_auc	 0.7460475899051415
valid_accuracy	 0.7451241941025486 	train_accuracy	 0.7604016806809978
valid_loss	 0.5193308635800864 	train_loss	 0.4998708423312433
epoch 116
valid_auc	 0.7330398857190312 	train_auc	 0.7460446845962969
valid_accuracy	 0.7448715616726288 	train_accuracy	 0.7603523405404563
valid_loss	 0.5199963418469902 	train_loss	 0.4998405410877929
epoch 117
valid_auc	 0.7331695382410043 	train_auc	 0.7470989986206016
valid_accuracy	 0.744719982214677 	train_accuracy	 0.7603705184869716
valid_loss	 0.5207665365493708 	train_loss	 0.4992346410286133
epoch 118
valid_auc	 0.7325711848398035 	train_auc	 0.7468133819548981
valid_accuracy	 0.7451241941025486 	train_accuracy	 0.7608457419458713
valid_loss	 0.518915939716712 	train_loss	 0.49944836819555494
epoch 119
valid_auc	 0.7324913131017949 	train_auc	 0.7466969739782855
valid_accuracy	 0.7445481921623315 	train_accuracy	 0.7605081515105874
valid_loss	 0.5200602212190323 	train_loss	 0.4993830860693001
epoch 120
valid_auc	 0.7322925739634498 	train_auc	 0.746926952373447
valid_accuracy	 0.7446896663230865 	train_accuracy	 0.760347146841452
valid_loss	 0.5204519890292703 	train_loss	 0.49929030083708775
epoch 121
valid_auc	 0.7325227988553159 	train_auc	 0.7470847414224138
valid_accuracy	 0.7448513510782352 	train_accuracy	 0.7604016806809978
valid_loss	 0.5204626632687274 	train_loss	 0.4992155084156451
epoch 122
valid_auc	 0.7326357446769837 	train_auc	 0.7473954717750331
valid_accuracy	 0.7455183006932233 	train_accuracy	 0.7606665593302205
valid_loss	 0.5193534778408748 	train_loss	 0.49890686741442314
epoch 123
valid_auc	 0.7329652801596808 	train_auc	 0.7476290110476795
valid_accuracy	 0.7446391398371026 	train_accuracy	 0.7607756270093123
valid_loss	 0.5193025658538617 	train_loss	 0.4988237270086232
epoch 124
valid_auc	 0.7326412442158325 	train_auc	 0.7474961727040039
valid_accuracy	 0.7448311404838416 	train_accuracy	 0.7606899309757402
valid_loss	 0.5193069837441239 	train_loss	 0.4988371708956725
epoch 125
valid_auc	 0.7323732514834738 	train_auc	 0.7480752122372533
valid_accuracy	 0.7448513510782352 	train_accuracy	 0.7611365890901158
valid_loss	 0.5199792032009617 	train_loss	 0.4985032621248576
epoch 126
valid_auc	 0.732418879528377 	train_auc	 0.7483954116979556
valid_accuracy	 0.7451241941025486 	train_accuracy	 0.7611313953911115
valid_loss	 0.5189870732552007 	train_loss	 0.4983151077427966
epoch 127
valid_auc	 0.7330051030506934 	train_auc	 0.7480832253681051
valid_accuracy	 0.7451646152913357 	train_accuracy	 0.7609496159259587
valid_loss	 0.5192416426649337 	train_loss	 0.4984628344596426
epoch 128
valid_auc	 0.7324627537974051 	train_auc	 0.7483605048384566
valid_accuracy	 0.7451848258857293 	train_accuracy	 0.7610456993575394
valid_loss	 0.5193346424450317 	train_loss	 0.49821675278575583
epoch 129
valid_auc	 0.7329251534408489 	train_auc	 0.7483929945744843
valid_accuracy	 0.7443359809211989 	train_accuracy	 0.7612560441672164
valid_loss	 0.5192245274001763 	train_loss	 0.49819668684937213
epoch 130
valid_auc	 0.7323386845584194 	train_auc	 0.7484255944033734
valid_accuracy	 0.7451747205885325 	train_accuracy	 0.7613001906087534
valid_loss	 0.5201272977122738 	train_loss	 0.4982512490758913


Start testing ......................
 Best epoch: 88

test_auc	 0.7323330252930488
test_accuracy	 0.7522439314981403
test_loss	 0.5135159364004651
