nohup: ignoring input
Namespace(batch_size=32, data_dir='./data/Algebra08', data_name='Algebra08', dataset_type='Algebra08', decay_epoch=20, final_fc_dim=100, final_lr=1e-05, future_sequence_len=2, generate_files=0, gpu=0, init_lr=0.01, init_std=0.1, learning_trend_embed_dim=200, load='Algebra08', lr=0.01, lr_decay=0, max_iter=50, maxgradnorm=50.0, memory_key_state_dim=50, memory_size=20, memory_value_state_dim=200, model_type='SAKT', momentum=0.9, n_question=424, num_attention_heads=4, q_embed_dim=50, qa_embed_dim=200, read_dim=100, save='Algebra08', seed=4, seqlen=200, show=True, similar_user_num=2, test=False, train_test=0, wd=1e-05)
./data/Algebra08/Algebra08_train4.csv
train_qa_data_shape:  (3365, 200)
valid_qa_data_shape:  (821, 200)
test_qa_data_shape:  (1185, 200)
device: 0
Epoch 1/50, loss : 0.43864, auc : 0.59953, accuracy : 0.83958
Epoch 1/50, valid auc : 0.63796, valid accuracy : 0.86521
0.0000 to 0.6380
test_auc: 0.6187	test_accuracy: 0.8437	test_loss: 0.4234	
Epoch 2/50, loss : 0.40847, auc : 0.64205, accuracy : 0.84836
Epoch 2/50, valid auc : 0.64864, valid accuracy : 0.86519
0.6380 to 0.6486
test_auc: 0.6282	test_accuracy: 0.8437	test_loss: 0.4210	
Epoch 3/50, loss : 0.40529, auc : 0.65434, accuracy : 0.84845
Epoch 3/50, valid auc : 0.65404, valid accuracy : 0.86534
0.6486 to 0.6540
test_auc: 0.6355	test_accuracy: 0.8438	test_loss: 0.4189	
Epoch 4/50, loss : 0.40317, auc : 0.66183, accuracy : 0.84848
Epoch 4/50, valid auc : 0.65680, valid accuracy : 0.86523
0.6540 to 0.6568
test_auc: 0.6391	test_accuracy: 0.8437	test_loss: 0.4182	
Epoch 5/50, loss : 0.40182, auc : 0.66649, accuracy : 0.84850
Epoch 5/50, valid auc : 0.65877, valid accuracy : 0.86526
0.6568 to 0.6588
test_auc: 0.6420	test_accuracy: 0.8438	test_loss: 0.4174	
Epoch 6/50, loss : 0.40090, auc : 0.66950, accuracy : 0.84863
Epoch 6/50, valid auc : 0.65985, valid accuracy : 0.86528
0.6588 to 0.6599
test_auc: 0.6434	test_accuracy: 0.8438	test_loss: 0.4170	
Epoch 7/50, loss : 0.40028, auc : 0.67150, accuracy : 0.84866
Epoch 7/50, valid auc : 0.66058, valid accuracy : 0.86530
0.6599 to 0.6606
test_auc: 0.6446	test_accuracy: 0.8438	test_loss: 0.4167	
Epoch 8/50, loss : 0.39985, auc : 0.67296, accuracy : 0.84875
Epoch 8/50, valid auc : 0.66101, valid accuracy : 0.86531
0.6606 to 0.6610
test_auc: 0.6452	test_accuracy: 0.8438	test_loss: 0.4166	
Epoch 9/50, loss : 0.39940, auc : 0.67442, accuracy : 0.84875
Epoch 9/50, valid auc : 0.66134, valid accuracy : 0.86531
0.6610 to 0.6613
test_auc: 0.6460	test_accuracy: 0.8438	test_loss: 0.4163	
Epoch 10/50, loss : 0.39907, auc : 0.67543, accuracy : 0.84877
Epoch 10/50, valid auc : 0.66148, valid accuracy : 0.86528
0.6613 to 0.6615
test_auc: 0.6463	test_accuracy: 0.8438	test_loss: 0.4162	
Epoch 11/50, loss : 0.39880, auc : 0.67635, accuracy : 0.84880
Epoch 11/50, valid auc : 0.66159, valid accuracy : 0.86534
0.6615 to 0.6616
test_auc: 0.6468	test_accuracy: 0.8438	test_loss: 0.4161	
Epoch 12/50, loss : 0.39852, auc : 0.67722, accuracy : 0.84881
Epoch 12/50, valid auc : 0.66171, valid accuracy : 0.86534
0.6616 to 0.6617
test_auc: 0.6469	test_accuracy: 0.8438	test_loss: 0.4161	
Epoch 13/50, loss : 0.39829, auc : 0.67795, accuracy : 0.84888
Epoch 13/50, valid auc : 0.66187, valid accuracy : 0.86531
0.6617 to 0.6619
test_auc: 0.6473	test_accuracy: 0.8438	test_loss: 0.4160	
Epoch 14/50, loss : 0.39811, auc : 0.67843, accuracy : 0.84892
Epoch 14/50, valid auc : 0.66190, valid accuracy : 0.86528
0.6619 to 0.6619
test_auc: 0.6472	test_accuracy: 0.8438	test_loss: 0.4160	
Epoch 15/50, loss : 0.39785, auc : 0.67915, accuracy : 0.84891
Epoch 15/50, valid auc : 0.66199, valid accuracy : 0.86532
0.6619 to 0.6620
test_auc: 0.6475	test_accuracy: 0.8438	test_loss: 0.4159	
Epoch 16/50, loss : 0.39776, auc : 0.67951, accuracy : 0.84893
Epoch 16/50, valid auc : 0.66199, valid accuracy : 0.86534
0.6620 to 0.6620
test_auc: 0.6473	test_accuracy: 0.8438	test_loss: 0.4160	
Epoch 17/50, loss : 0.39757, auc : 0.68009, accuracy : 0.84895
Epoch 17/50, valid auc : 0.66201, valid accuracy : 0.86538
0.6620 to 0.6620
test_auc: 0.6477	test_accuracy: 0.8438	test_loss: 0.4159	
Epoch 18/50, loss : 0.39733, auc : 0.68068, accuracy : 0.84896
Epoch 18/50, valid auc : 0.66196, valid accuracy : 0.86532
Epoch 19/50, loss : 0.39721, auc : 0.68116, accuracy : 0.84893
Epoch 19/50, valid auc : 0.66196, valid accuracy : 0.86534
Epoch 20/50, loss : 0.39705, auc : 0.68167, accuracy : 0.84902
Epoch 20/50, valid auc : 0.66198, valid accuracy : 0.86534
Epoch 21/50, loss : 0.39694, auc : 0.68195, accuracy : 0.84901
Epoch 21/50, valid auc : 0.66190, valid accuracy : 0.86531
Epoch 22/50, loss : 0.39673, auc : 0.68262, accuracy : 0.84901
Epoch 22/50, valid auc : 0.66189, valid accuracy : 0.86526
Epoch 23/50, loss : 0.39658, auc : 0.68313, accuracy : 0.84897
Epoch 23/50, valid auc : 0.66188, valid accuracy : 0.86529
Epoch 24/50, loss : 0.39644, auc : 0.68339, accuracy : 0.84905
Epoch 24/50, valid auc : 0.66183, valid accuracy : 0.86528
Epoch 25/50, loss : 0.39632, auc : 0.68375, accuracy : 0.84901
Epoch 25/50, valid auc : 0.66189, valid accuracy : 0.86530
Epoch 26/50, loss : 0.39619, auc : 0.68413, accuracy : 0.84903
Epoch 26/50, valid auc : 0.66183, valid accuracy : 0.86530
Epoch 27/50, loss : 0.39601, auc : 0.68473, accuracy : 0.84908
Epoch 27/50, valid auc : 0.66172, valid accuracy : 0.86526
Epoch 28/50, loss : 0.39590, auc : 0.68510, accuracy : 0.84915
Epoch 28/50, valid auc : 0.66179, valid accuracy : 0.86526
Epoch 29/50, loss : 0.39577, auc : 0.68540, accuracy : 0.84909
Epoch 29/50, valid auc : 0.66179, valid accuracy : 0.86530
Epoch 30/50, loss : 0.39564, auc : 0.68592, accuracy : 0.84906
Epoch 30/50, valid auc : 0.66171, valid accuracy : 0.86534
Epoch 31/50, loss : 0.39547, auc : 0.68637, accuracy : 0.84909
Epoch 31/50, valid auc : 0.66169, valid accuracy : 0.86535
Epoch 32/50, loss : 0.39534, auc : 0.68667, accuracy : 0.84916
Epoch 32/50, valid auc : 0.66164, valid accuracy : 0.86535
Epoch 33/50, loss : 0.39524, auc : 0.68703, accuracy : 0.84915
Epoch 33/50, valid auc : 0.66153, valid accuracy : 0.86537
Epoch 34/50, loss : 0.39503, auc : 0.68763, accuracy : 0.84914
Epoch 34/50, valid auc : 0.66141, valid accuracy : 0.86533
Epoch 35/50, loss : 0.39495, auc : 0.68787, accuracy : 0.84918
Epoch 35/50, valid auc : 0.66154, valid accuracy : 0.86536
Epoch 36/50, loss : 0.39482, auc : 0.68825, accuracy : 0.84911
Epoch 36/50, valid auc : 0.66126, valid accuracy : 0.86526
Epoch 37/50, loss : 0.39467, auc : 0.68855, accuracy : 0.84933
Epoch 37/50, valid auc : 0.66131, valid accuracy : 0.86531
Epoch 38/50, loss : 0.39462, auc : 0.68870, accuracy : 0.84927
Epoch 38/50, valid auc : 0.66126, valid accuracy : 0.86527
Epoch 39/50, loss : 0.39453, auc : 0.68900, accuracy : 0.84926
Epoch 39/50, valid auc : 0.66134, valid accuracy : 0.86528
Epoch 40/50, loss : 0.39435, auc : 0.68950, accuracy : 0.84931
Epoch 40/50, valid auc : 0.66099, valid accuracy : 0.86525
Epoch 41/50, loss : 0.39426, auc : 0.68982, accuracy : 0.84936
Epoch 41/50, valid auc : 0.66130, valid accuracy : 0.86529
Epoch 42/50, loss : 0.39417, auc : 0.69000, accuracy : 0.84935
Epoch 42/50, valid auc : 0.66121, valid accuracy : 0.86526
Epoch 43/50, loss : 0.39395, auc : 0.69069, accuracy : 0.84936
Epoch 43/50, valid auc : 0.66108, valid accuracy : 0.86529
Epoch 44/50, loss : 0.39386, auc : 0.69089, accuracy : 0.84943
Epoch 44/50, valid auc : 0.66077, valid accuracy : 0.86524
Epoch 45/50, loss : 0.39378, auc : 0.69105, accuracy : 0.84943
Epoch 45/50, valid auc : 0.66107, valid accuracy : 0.86524
Epoch 46/50, loss : 0.39372, auc : 0.69124, accuracy : 0.84940
Epoch 46/50, valid auc : 0.66076, valid accuracy : 0.86521
Epoch 47/50, loss : 0.39363, auc : 0.69143, accuracy : 0.84942
Epoch 47/50, valid auc : 0.66069, valid accuracy : 0.86527
Epoch 48/50, loss : 0.39349, auc : 0.69191, accuracy : 0.84947
Epoch 48/50, valid auc : 0.66064, valid accuracy : 0.86523
Epoch 49/50, loss : 0.39335, auc : 0.69214, accuracy : 0.84948
Epoch 49/50, valid auc : 0.66076, valid accuracy : 0.86528
Epoch 50/50, loss : 0.39324, auc : 0.69263, accuracy : 0.84943
Epoch 50/50, valid auc : 0.66028, valid accuracy : 0.86523
best outcome: best epoch: 17.0000
valid_auc: 0.6620	valid_accuracy: 0.8654	valid_loss: 0.3751	
test_auc: 0.6477	test_accuracy: 0.8438	test_loss: 0.4159	
