Namespace(batch_size=32, data_dir='./data/HDUOJ', data_name='HDUOJ', dataset_type='HDUOJ', decay_epoch=20, final_fc_dim=100, final_lr=1e-05, gpu=0, init_lr=0.01, init_std=0.1, load='HDUOJ', lr=0.01, lr_decay=0, max_iter=25, maxgradnorm=50.0, memory_key_state_dim=50, memory_size=20, memory_value_state_dim=200, momentum=0.9, n_question=5320, q_embed_dim=50, qa_embed_dim=200, save='HDUOJ', seed=1, seqlen=100, show=True, test=False, train_test=0, wd=1e-05)
./data/HDUOJ/HDUOJ_train1.csv
train_qa_data_shape:  (123785, 100)
valid_qa_data_shape:  (41840, 100)
test_qa_data_shape:  (30098, 100)
device: 0
Epoch 1/25, loss : 0.56308, auc : 0.74791, accuracy : 0.70559
Epoch 1/25, valid auc : 0.80675, valid accuracy : 0.75368
0.0000 to 0.8067
test_auc: 0.8304	test_accuracy: 0.7828	test_loss: 0.4736	
Epoch 2/25, loss : 0.47308, auc : 0.83631, accuracy : 0.77830
Epoch 2/25, valid auc : 0.84766, valid accuracy : 0.78516
0.8067 to 0.8477
test_auc: 0.8653	test_accuracy: 0.8096	test_loss: 0.4316	
Epoch 3/25, loss : 0.44336, auc : 0.85989, accuracy : 0.80033
Epoch 3/25, valid auc : 0.86045, valid accuracy : 0.79962
0.8477 to 0.8605
test_auc: 0.8757	test_accuracy: 0.8210	test_loss: 0.4151	
Epoch 4/25, loss : 0.42680, auc : 0.87042, accuracy : 0.81199
Epoch 4/25, valid auc : 0.86809, valid accuracy : 0.80842
0.8605 to 0.8681
test_auc: 0.8826	test_accuracy: 0.8275	test_loss: 0.4038	
Epoch 5/25, loss : 0.41630, auc : 0.87701, accuracy : 0.81919
Epoch 5/25, valid auc : 0.87309, valid accuracy : 0.81366
0.8681 to 0.8731
test_auc: 0.8871	test_accuracy: 0.8315	test_loss: 0.3969	
Epoch 6/25, loss : 0.40846, auc : 0.88185, accuracy : 0.82416
Epoch 6/25, valid auc : 0.87704, valid accuracy : 0.81759
0.8731 to 0.8770
test_auc: 0.8908	test_accuracy: 0.8349	test_loss: 0.3913	
Epoch 7/25, loss : 0.40225, auc : 0.88562, accuracy : 0.82789
Epoch 7/25, valid auc : 0.88000, valid accuracy : 0.82051
0.8770 to 0.8800
test_auc: 0.8934	test_accuracy: 0.8374	test_loss: 0.3871	
Epoch 8/25, loss : 0.39755, auc : 0.88842, accuracy : 0.83071
Epoch 8/25, valid auc : 0.88211, valid accuracy : 0.82273
0.8800 to 0.8821
test_auc: 0.8952	test_accuracy: 0.8390	test_loss: 0.3840	
Epoch 9/25, loss : 0.39392, auc : 0.89054, accuracy : 0.83283
Epoch 9/25, valid auc : 0.88376, valid accuracy : 0.82451
0.8821 to 0.8838
test_auc: 0.8965	test_accuracy: 0.8406	test_loss: 0.3817	
Epoch 10/25, loss : 0.39094, auc : 0.89228, accuracy : 0.83450
Epoch 10/25, valid auc : 0.88511, valid accuracy : 0.82588
0.8838 to 0.8851
test_auc: 0.8976	test_accuracy: 0.8416	test_loss: 0.3798	
Epoch 11/25, loss : 0.38841, auc : 0.89374, accuracy : 0.83588
Epoch 11/25, valid auc : 0.88625, valid accuracy : 0.82699
0.8851 to 0.8862
test_auc: 0.8986	test_accuracy: 0.8425	test_loss: 0.3781	
Epoch 12/25, loss : 0.38619, auc : 0.89501, accuracy : 0.83706
Epoch 12/25, valid auc : 0.88724, valid accuracy : 0.82796
0.8862 to 0.8872
test_auc: 0.8994	test_accuracy: 0.8431	test_loss: 0.3767	
Epoch 13/25, loss : 0.38422, auc : 0.89614, accuracy : 0.83810
Epoch 13/25, valid auc : 0.88810, valid accuracy : 0.82880
0.8872 to 0.8881
test_auc: 0.9002	test_accuracy: 0.8438	test_loss: 0.3755	
Epoch 14/25, loss : 0.38245, auc : 0.89714, accuracy : 0.83903
Epoch 14/25, valid auc : 0.88885, valid accuracy : 0.82954
0.8881 to 0.8889
test_auc: 0.9009	test_accuracy: 0.8443	test_loss: 0.3744	
Epoch 15/25, loss : 0.38085, auc : 0.89805, accuracy : 0.83992
Epoch 15/25, valid auc : 0.88951, valid accuracy : 0.83014
0.8889 to 0.8895
test_auc: 0.9015	test_accuracy: 0.8445	test_loss: 0.3735	
Epoch 16/25, loss : 0.37940, auc : 0.89886, accuracy : 0.84067
Epoch 16/25, valid auc : 0.89009, valid accuracy : 0.83075
0.8895 to 0.8901
test_auc: 0.9021	test_accuracy: 0.8448	test_loss: 0.3726	
Epoch 17/25, loss : 0.37807, auc : 0.89960, accuracy : 0.84139
Epoch 17/25, valid auc : 0.89059, valid accuracy : 0.83128
0.8901 to 0.8906
test_auc: 0.9025	test_accuracy: 0.8453	test_loss: 0.3718	
Epoch 18/25, loss : 0.37686, auc : 0.90027, accuracy : 0.84202
Epoch 18/25, valid auc : 0.89104, valid accuracy : 0.83175
0.8906 to 0.8910
test_auc: 0.9030	test_accuracy: 0.8457	test_loss: 0.3712	
Epoch 19/25, loss : 0.37575, auc : 0.90088, accuracy : 0.84259
Epoch 19/25, valid auc : 0.89144, valid accuracy : 0.83211
0.8910 to 0.8914
test_auc: 0.9033	test_accuracy: 0.8460	test_loss: 0.3706	
Epoch 20/25, loss : 0.37471, auc : 0.90145, accuracy : 0.84312
Epoch 20/25, valid auc : 0.89180, valid accuracy : 0.83241
0.8914 to 0.8918
test_auc: 0.9037	test_accuracy: 0.8463	test_loss: 0.3700	
Epoch 21/25, loss : 0.37375, auc : 0.90198, accuracy : 0.84358
Epoch 21/25, valid auc : 0.89212, valid accuracy : 0.83277
0.8918 to 0.8921
test_auc: 0.9040	test_accuracy: 0.8466	test_loss: 0.3695	
Epoch 22/25, loss : 0.37285, auc : 0.90247, accuracy : 0.84402
Epoch 22/25, valid auc : 0.89242, valid accuracy : 0.83307
0.8921 to 0.8924
test_auc: 0.9042	test_accuracy: 0.8469	test_loss: 0.3691	
Epoch 23/25, loss : 0.37200, auc : 0.90293, accuracy : 0.84444
Epoch 23/25, valid auc : 0.89269, valid accuracy : 0.83334
0.8924 to 0.8927
test_auc: 0.9045	test_accuracy: 0.8471	test_loss: 0.3687	
Epoch 24/25, loss : 0.37120, auc : 0.90337, accuracy : 0.84483
Epoch 24/25, valid auc : 0.89295, valid accuracy : 0.83361
0.8927 to 0.8929
test_auc: 0.9047	test_accuracy: 0.8475	test_loss: 0.3683	
Epoch 25/25, loss : 0.37044, auc : 0.90378, accuracy : 0.84519
Epoch 25/25, valid auc : 0.89318, valid accuracy : 0.83384
0.8929 to 0.8932
test_auc: 0.9048	test_accuracy: 0.8477	test_loss: 0.3679	

