nohup: ignoring input
Namespace(batch_size=32, data_dir='./data/assist2015', data_name='assist2015', dataset_type='assist2015', decay_epoch=20, final_fc_dim=50, final_lr=1e-05, gpu=0, init_lr=0.001, init_std=0.1, load='assist2015', lr=0.001, lr_decay=0.75, max_iter=300, maxgradnorm=50.0, memory_key_state_dim=50, memory_size=20, memory_value_state_dim=200, momentum=0.9, n_question=110, q_embed_dim=50, qa_embed_dim=200, save='assist2015', seed='2', seqlen=200, show=True, test=False, train_test=True, wd=1e-05)
device: 0
Epoch 1/300, loss : 0.55243, auc : 0.64362, accuracy : 0.73262
Epoch 1/300, valid auc : 0.67366, valid accuracy : 0.73506
0.0000 to 0.6737
test_auc: 0.6739	test_accuracy: 0.7369	test_loss: 0.5386	
Epoch 2/300, loss : 0.53891, auc : 0.67690, accuracy : 0.73914
Epoch 2/300, valid auc : 0.67911, valid accuracy : 0.73626
0.6737 to 0.6791
test_auc: 0.6794	test_accuracy: 0.7381	test_loss: 0.5358	
Epoch 3/300, loss : 0.53670, auc : 0.68141, accuracy : 0.74015
Epoch 3/300, valid auc : 0.68307, valid accuracy : 0.73695
0.6791 to 0.6831
test_auc: 0.6837	test_accuracy: 0.7391	test_loss: 0.5334	
Epoch 4/300, loss : 0.53480, auc : 0.68501, accuracy : 0.74144
Epoch 4/300, valid auc : 0.68604, valid accuracy : 0.73753
0.6831 to 0.6860
test_auc: 0.6870	test_accuracy: 0.7400	test_loss: 0.5314	
Epoch 5/300, loss : 0.53334, auc : 0.68774, accuracy : 0.74234
Epoch 5/300, valid auc : 0.68845, valid accuracy : 0.73848
0.6860 to 0.6885
test_auc: 0.6895	test_accuracy: 0.7409	test_loss: 0.5299	
Epoch 6/300, loss : 0.53196, auc : 0.69032, accuracy : 0.74309
Epoch 6/300, valid auc : 0.69067, valid accuracy : 0.73935
0.6885 to 0.6907
test_auc: 0.6920	test_accuracy: 0.7421	test_loss: 0.5283	
Epoch 7/300, loss : 0.53077, auc : 0.69258, accuracy : 0.74355
Epoch 7/300, valid auc : 0.69267, valid accuracy : 0.74051
0.6907 to 0.6927
test_auc: 0.6941	test_accuracy: 0.7431	test_loss: 0.5269	
Epoch 8/300, loss : 0.52920, auc : 0.69520, accuracy : 0.74481
Epoch 8/300, valid auc : 0.69549, valid accuracy : 0.74078
0.6927 to 0.6955
test_auc: 0.6971	test_accuracy: 0.7439	test_loss: 0.5248	
Epoch 9/300, loss : 0.52789, auc : 0.69764, accuracy : 0.74522
Epoch 9/300, valid auc : 0.69789, valid accuracy : 0.74158
0.6955 to 0.6979
test_auc: 0.6995	test_accuracy: 0.7443	test_loss: 0.5234	
Epoch 10/300, loss : 0.52692, auc : 0.69943, accuracy : 0.74570
Epoch 10/300, valid auc : 0.69941, valid accuracy : 0.74251
0.6979 to 0.6994
test_auc: 0.7010	test_accuracy: 0.7449	test_loss: 0.5225	
Epoch 11/300, loss : 0.52625, auc : 0.70055, accuracy : 0.74643
Epoch 11/300, valid auc : 0.70022, valid accuracy : 0.74353
0.6994 to 0.7002
test_auc: 0.7019	test_accuracy: 0.7452	test_loss: 0.5219	
Epoch 12/300, loss : 0.52578, auc : 0.70138, accuracy : 0.74675
Epoch 12/300, valid auc : 0.70079, valid accuracy : 0.74367
0.7002 to 0.7008
test_auc: 0.7026	test_accuracy: 0.7453	test_loss: 0.5215	
Epoch 13/300, loss : 0.52537, auc : 0.70210, accuracy : 0.74698
Epoch 13/300, valid auc : 0.70133, valid accuracy : 0.74416
0.7008 to 0.7013
test_auc: 0.7032	test_accuracy: 0.7456	test_loss: 0.5211	
Epoch 14/300, loss : 0.52495, auc : 0.70279, accuracy : 0.74733
Epoch 14/300, valid auc : 0.70186, valid accuracy : 0.74460
0.7013 to 0.7019
test_auc: 0.7039	test_accuracy: 0.7462	test_loss: 0.5207	
Epoch 15/300, loss : 0.52456, auc : 0.70344, accuracy : 0.74759
Epoch 15/300, valid auc : 0.70233, valid accuracy : 0.74504
0.7019 to 0.7023
test_auc: 0.7044	test_accuracy: 0.7467	test_loss: 0.5204	
Epoch 16/300, loss : 0.52427, auc : 0.70395, accuracy : 0.74782
Epoch 16/300, valid auc : 0.70271, valid accuracy : 0.74496
0.7023 to 0.7027
test_auc: 0.7048	test_accuracy: 0.7469	test_loss: 0.5202	
Epoch 17/300, loss : 0.52403, auc : 0.70439, accuracy : 0.74792
Epoch 17/300, valid auc : 0.70306, valid accuracy : 0.74486
0.7027 to 0.7031
test_auc: 0.7051	test_accuracy: 0.7471	test_loss: 0.5200	
Epoch 18/300, loss : 0.52380, auc : 0.70483, accuracy : 0.74803
Epoch 18/300, valid auc : 0.70348, valid accuracy : 0.74483
0.7031 to 0.7035
test_auc: 0.7055	test_accuracy: 0.7471	test_loss: 0.5198	
Epoch 19/300, loss : 0.52355, auc : 0.70531, accuracy : 0.74806
Epoch 19/300, valid auc : 0.70393, valid accuracy : 0.74483
0.7035 to 0.7039
test_auc: 0.7059	test_accuracy: 0.7470	test_loss: 0.5196	
Epoch 20/300, loss : 0.52329, auc : 0.70580, accuracy : 0.74814
Epoch 20/300, valid auc : 0.70442, valid accuracy : 0.74471
0.7039 to 0.7044
test_auc: 0.7063	test_accuracy: 0.7470	test_loss: 0.5194	
Epoch 21/300, loss : 0.52302, auc : 0.70632, accuracy : 0.74828
Epoch 21/300, valid auc : 0.70491, valid accuracy : 0.74474
0.7044 to 0.7049
test_auc: 0.7067	test_accuracy: 0.7472	test_loss: 0.5192	
Epoch 22/300, loss : 0.52273, auc : 0.70687, accuracy : 0.74838
Epoch 22/300, valid auc : 0.70542, valid accuracy : 0.74460
0.7049 to 0.7054
test_auc: 0.7072	test_accuracy: 0.7472	test_loss: 0.5190	
Epoch 23/300, loss : 0.52243, auc : 0.70741, accuracy : 0.74843
Epoch 23/300, valid auc : 0.70590, valid accuracy : 0.74479
0.7054 to 0.7059
test_auc: 0.7077	test_accuracy: 0.7473	test_loss: 0.5187	
Epoch 24/300, loss : 0.52213, auc : 0.70797, accuracy : 0.74842
Epoch 24/300, valid auc : 0.70645, valid accuracy : 0.74494
0.7059 to 0.7064
test_auc: 0.7082	test_accuracy: 0.7473	test_loss: 0.5185	
Epoch 25/300, loss : 0.52183, auc : 0.70854, accuracy : 0.74839
Epoch 25/300, valid auc : 0.70699, valid accuracy : 0.74492
0.7064 to 0.7070
test_auc: 0.7087	test_accuracy: 0.7473	test_loss: 0.5182	
Epoch 26/300, loss : 0.52151, auc : 0.70912, accuracy : 0.74840
Epoch 26/300, valid auc : 0.70758, valid accuracy : 0.74496
0.7070 to 0.7076
test_auc: 0.7093	test_accuracy: 0.7474	test_loss: 0.5180	
Epoch 27/300, loss : 0.52117, auc : 0.70974, accuracy : 0.74849
Epoch 27/300, valid auc : 0.70820, valid accuracy : 0.74507
0.7076 to 0.7082
test_auc: 0.7098	test_accuracy: 0.7474	test_loss: 0.5177	
Epoch 28/300, loss : 0.52083, auc : 0.71038, accuracy : 0.74849
Epoch 28/300, valid auc : 0.70886, valid accuracy : 0.74508
0.7082 to 0.7089
test_auc: 0.7104	test_accuracy: 0.7473	test_loss: 0.5173	
Epoch 29/300, loss : 0.52047, auc : 0.71104, accuracy : 0.74863
Epoch 29/300, valid auc : 0.70954, valid accuracy : 0.74492
0.7089 to 0.7095
test_auc: 0.7110	test_accuracy: 0.7472	test_loss: 0.5170	
Epoch 30/300, loss : 0.52010, auc : 0.71172, accuracy : 0.74866
Epoch 30/300, valid auc : 0.71026, valid accuracy : 0.74501
0.7095 to 0.7103
test_auc: 0.7117	test_accuracy: 0.7472	test_loss: 0.5167	
Epoch 31/300, loss : 0.51972, auc : 0.71243, accuracy : 0.74873
Epoch 31/300, valid auc : 0.71098, valid accuracy : 0.74489
0.7103 to 0.7110
test_auc: 0.7124	test_accuracy: 0.7473	test_loss: 0.5163	
Epoch 32/300, loss : 0.51932, auc : 0.71315, accuracy : 0.74882
Epoch 32/300, valid auc : 0.71173, valid accuracy : 0.74530
0.7110 to 0.7117
test_auc: 0.7130	test_accuracy: 0.7472	test_loss: 0.5160	
Epoch 33/300, loss : 0.51894, auc : 0.71386, accuracy : 0.74903
Epoch 33/300, valid auc : 0.71250, valid accuracy : 0.74534
0.7117 to 0.7125
test_auc: 0.7137	test_accuracy: 0.7472	test_loss: 0.5156	
Epoch 34/300, loss : 0.51855, auc : 0.71455, accuracy : 0.74898
Epoch 34/300, valid auc : 0.71328, valid accuracy : 0.74538
0.7125 to 0.7133
test_auc: 0.7143	test_accuracy: 0.7474	test_loss: 0.5153	
Epoch 35/300, loss : 0.51817, auc : 0.71524, accuracy : 0.74906
Epoch 35/300, valid auc : 0.71408, valid accuracy : 0.74518
0.7133 to 0.7141
test_auc: 0.7150	test_accuracy: 0.7477	test_loss: 0.5149	
Epoch 36/300, loss : 0.51778, auc : 0.71594, accuracy : 0.74926
Epoch 36/300, valid auc : 0.71484, valid accuracy : 0.74524
0.7141 to 0.7148
test_auc: 0.7156	test_accuracy: 0.7478	test_loss: 0.5145	
Epoch 37/300, loss : 0.51739, auc : 0.71663, accuracy : 0.74937
Epoch 37/300, valid auc : 0.71562, valid accuracy : 0.74536
0.7148 to 0.7156
test_auc: 0.7162	test_accuracy: 0.7479	test_loss: 0.5142	
Epoch 38/300, loss : 0.51701, auc : 0.71733, accuracy : 0.74947
Epoch 38/300, valid auc : 0.71636, valid accuracy : 0.74550
0.7156 to 0.7164
test_auc: 0.7168	test_accuracy: 0.7479	test_loss: 0.5138	
Epoch 39/300, loss : 0.51663, auc : 0.71803, accuracy : 0.74962
Epoch 39/300, valid auc : 0.71706, valid accuracy : 0.74565
0.7164 to 0.7171
test_auc: 0.7174	test_accuracy: 0.7479	test_loss: 0.5135	
Epoch 40/300, loss : 0.51625, auc : 0.71872, accuracy : 0.74985
Epoch 40/300, valid auc : 0.71765, valid accuracy : 0.74583
0.7171 to 0.7176
test_auc: 0.7180	test_accuracy: 0.7479	test_loss: 0.5132	
Epoch 41/300, loss : 0.51590, auc : 0.71936, accuracy : 0.74992
Epoch 41/300, valid auc : 0.71822, valid accuracy : 0.74590
0.7176 to 0.7182
test_auc: 0.7185	test_accuracy: 0.7479	test_loss: 0.5129	
Epoch 42/300, loss : 0.51555, auc : 0.71997, accuracy : 0.75002
Epoch 42/300, valid auc : 0.71866, valid accuracy : 0.74596
0.7182 to 0.7187
test_auc: 0.7189	test_accuracy: 0.7478	test_loss: 0.5126	
Epoch 43/300, loss : 0.51523, auc : 0.72055, accuracy : 0.75002
Epoch 43/300, valid auc : 0.71912, valid accuracy : 0.74580
0.7187 to 0.7191
test_auc: 0.7194	test_accuracy: 0.7479	test_loss: 0.5123	
Epoch 44/300, loss : 0.51491, auc : 0.72112, accuracy : 0.75013
Epoch 44/300, valid auc : 0.71955, valid accuracy : 0.74589
0.7191 to 0.7195
test_auc: 0.7198	test_accuracy: 0.7480	test_loss: 0.5121	
Epoch 45/300, loss : 0.51459, auc : 0.72167, accuracy : 0.75024
Epoch 45/300, valid auc : 0.71995, valid accuracy : 0.74596
0.7195 to 0.7199
test_auc: 0.7202	test_accuracy: 0.7480	test_loss: 0.5118	
Epoch 46/300, loss : 0.51427, auc : 0.72223, accuracy : 0.75034
Epoch 46/300, valid auc : 0.72038, valid accuracy : 0.74598
0.7199 to 0.7204
test_auc: 0.7207	test_accuracy: 0.7481	test_loss: 0.5115	
Epoch 47/300, loss : 0.51396, auc : 0.72278, accuracy : 0.75046
Epoch 47/300, valid auc : 0.72070, valid accuracy : 0.74583
0.7204 to 0.7207
test_auc: 0.7211	test_accuracy: 0.7480	test_loss: 0.5113	
Epoch 48/300, loss : 0.51366, auc : 0.72331, accuracy : 0.75050
Epoch 48/300, valid auc : 0.72096, valid accuracy : 0.74594
0.7207 to 0.7210
test_auc: 0.7215	test_accuracy: 0.7482	test_loss: 0.5110	
Epoch 49/300, loss : 0.51336, auc : 0.72381, accuracy : 0.75058
Epoch 49/300, valid auc : 0.72116, valid accuracy : 0.74590
0.7210 to 0.7212
test_auc: 0.7219	test_accuracy: 0.7484	test_loss: 0.5108	
Epoch 50/300, loss : 0.51309, auc : 0.72425, accuracy : 0.75065
Epoch 50/300, valid auc : 0.72142, valid accuracy : 0.74586
0.7212 to 0.7214
test_auc: 0.7223	test_accuracy: 0.7484	test_loss: 0.5106	
Epoch 51/300, loss : 0.51283, auc : 0.72466, accuracy : 0.75075
Epoch 51/300, valid auc : 0.72165, valid accuracy : 0.74606
0.7214 to 0.7216
test_auc: 0.7226	test_accuracy: 0.7485	test_loss: 0.5104	
Epoch 52/300, loss : 0.51259, auc : 0.72504, accuracy : 0.75081
Epoch 52/300, valid auc : 0.72186, valid accuracy : 0.74609
0.7216 to 0.7219
test_auc: 0.7229	test_accuracy: 0.7485	test_loss: 0.5102	
Epoch 53/300, loss : 0.51236, auc : 0.72541, accuracy : 0.75085
Epoch 53/300, valid auc : 0.72208, valid accuracy : 0.74621
0.7219 to 0.7221
test_auc: 0.7231	test_accuracy: 0.7486	test_loss: 0.5100	
Epoch 54/300, loss : 0.51212, auc : 0.72579, accuracy : 0.75098
Epoch 54/300, valid auc : 0.72230, valid accuracy : 0.74620
0.7221 to 0.7223
test_auc: 0.7233	test_accuracy: 0.7486	test_loss: 0.5099	
Epoch 55/300, loss : 0.51190, auc : 0.72615, accuracy : 0.75099
Epoch 55/300, valid auc : 0.72255, valid accuracy : 0.74635
0.7223 to 0.7225
test_auc: 0.7236	test_accuracy: 0.7485	test_loss: 0.5097	
Epoch 56/300, loss : 0.51168, auc : 0.72649, accuracy : 0.75107
Epoch 56/300, valid auc : 0.72270, valid accuracy : 0.74632
0.7225 to 0.7227
test_auc: 0.7237	test_accuracy: 0.7483	test_loss: 0.5096	
Epoch 57/300, loss : 0.51148, auc : 0.72680, accuracy : 0.75119
Epoch 57/300, valid auc : 0.72291, valid accuracy : 0.74637
0.7227 to 0.7229
test_auc: 0.7239	test_accuracy: 0.7485	test_loss: 0.5094	
Epoch 58/300, loss : 0.51129, auc : 0.72710, accuracy : 0.75118
Epoch 58/300, valid auc : 0.72306, valid accuracy : 0.74628
0.7229 to 0.7231
test_auc: 0.7241	test_accuracy: 0.7486	test_loss: 0.5093	
Epoch 59/300, loss : 0.51111, auc : 0.72737, accuracy : 0.75123
Epoch 59/300, valid auc : 0.72322, valid accuracy : 0.74645
0.7231 to 0.7232
test_auc: 0.7242	test_accuracy: 0.7487	test_loss: 0.5092	
Epoch 60/300, loss : 0.51094, auc : 0.72763, accuracy : 0.75120
Epoch 60/300, valid auc : 0.72336, valid accuracy : 0.74662
0.7232 to 0.7234
test_auc: 0.7244	test_accuracy: 0.7487	test_loss: 0.5091	
Epoch 61/300, loss : 0.51078, auc : 0.72788, accuracy : 0.75126
Epoch 61/300, valid auc : 0.72341, valid accuracy : 0.74670
0.7234 to 0.7234
test_auc: 0.7244	test_accuracy: 0.7487	test_loss: 0.5090	
Epoch 62/300, loss : 0.51063, auc : 0.72812, accuracy : 0.75130
Epoch 62/300, valid auc : 0.72353, valid accuracy : 0.74659
0.7234 to 0.7235
test_auc: 0.7245	test_accuracy: 0.7487	test_loss: 0.5089	
Epoch 63/300, loss : 0.51048, auc : 0.72835, accuracy : 0.75126
Epoch 63/300, valid auc : 0.72363, valid accuracy : 0.74659
0.7235 to 0.7236
test_auc: 0.7246	test_accuracy: 0.7488	test_loss: 0.5089	
Epoch 64/300, loss : 0.51033, auc : 0.72856, accuracy : 0.75136
Epoch 64/300, valid auc : 0.72373, valid accuracy : 0.74664
0.7236 to 0.7237
test_auc: 0.7247	test_accuracy: 0.7487	test_loss: 0.5088	
Epoch 65/300, loss : 0.51020, auc : 0.72877, accuracy : 0.75148
Epoch 65/300, valid auc : 0.72384, valid accuracy : 0.74668
0.7237 to 0.7238
test_auc: 0.7248	test_accuracy: 0.7488	test_loss: 0.5087	
Epoch 66/300, loss : 0.51007, auc : 0.72897, accuracy : 0.75156
Epoch 66/300, valid auc : 0.72389, valid accuracy : 0.74660
0.7238 to 0.7239
test_auc: 0.7248	test_accuracy: 0.7488	test_loss: 0.5087	
Epoch 67/300, loss : 0.50994, auc : 0.72916, accuracy : 0.75154
Epoch 67/300, valid auc : 0.72396, valid accuracy : 0.74669
0.7239 to 0.7240
test_auc: 0.7249	test_accuracy: 0.7489	test_loss: 0.5087	
Epoch 68/300, loss : 0.50982, auc : 0.72935, accuracy : 0.75156
Epoch 68/300, valid auc : 0.72405, valid accuracy : 0.74659
0.7240 to 0.7240
test_auc: 0.7249	test_accuracy: 0.7489	test_loss: 0.5086	
Epoch 69/300, loss : 0.50970, auc : 0.72953, accuracy : 0.75170
Epoch 69/300, valid auc : 0.72411, valid accuracy : 0.74658
0.7240 to 0.7241
test_auc: 0.7250	test_accuracy: 0.7489	test_loss: 0.5086	
Epoch 70/300, loss : 0.50959, auc : 0.72970, accuracy : 0.75173
Epoch 70/300, valid auc : 0.72418, valid accuracy : 0.74669
0.7241 to 0.7242
test_auc: 0.7250	test_accuracy: 0.7490	test_loss: 0.5085	
Epoch 71/300, loss : 0.50948, auc : 0.72987, accuracy : 0.75188
Epoch 71/300, valid auc : 0.72427, valid accuracy : 0.74680
0.7242 to 0.7243
test_auc: 0.7251	test_accuracy: 0.7490	test_loss: 0.5085	
Epoch 72/300, loss : 0.50937, auc : 0.73004, accuracy : 0.75193
Epoch 72/300, valid auc : 0.72432, valid accuracy : 0.74695
0.7243 to 0.7243
test_auc: 0.7251	test_accuracy: 0.7490	test_loss: 0.5085	
Epoch 73/300, loss : 0.50927, auc : 0.73020, accuracy : 0.75195
Epoch 73/300, valid auc : 0.72435, valid accuracy : 0.74705
0.7243 to 0.7243
test_auc: 0.7252	test_accuracy: 0.7490	test_loss: 0.5084	
Epoch 74/300, loss : 0.50916, auc : 0.73036, accuracy : 0.75196
Epoch 74/300, valid auc : 0.72440, valid accuracy : 0.74700
0.7243 to 0.7244
test_auc: 0.7252	test_accuracy: 0.7490	test_loss: 0.5084	
Epoch 75/300, loss : 0.50906, auc : 0.73052, accuracy : 0.75201
Epoch 75/300, valid auc : 0.72442, valid accuracy : 0.74712
0.7244 to 0.7244
test_auc: 0.7252	test_accuracy: 0.7491	test_loss: 0.5084	
Epoch 76/300, loss : 0.50896, auc : 0.73067, accuracy : 0.75203
Epoch 76/300, valid auc : 0.72447, valid accuracy : 0.74708
0.7244 to 0.7245
test_auc: 0.7253	test_accuracy: 0.7489	test_loss: 0.5084	
Epoch 77/300, loss : 0.50887, auc : 0.73081, accuracy : 0.75202
Epoch 77/300, valid auc : 0.72453, valid accuracy : 0.74727
0.7245 to 0.7245
test_auc: 0.7253	test_accuracy: 0.7492	test_loss: 0.5083	
Epoch 78/300, loss : 0.50878, auc : 0.73095, accuracy : 0.75205
Epoch 78/300, valid auc : 0.72460, valid accuracy : 0.74731
0.7245 to 0.7246
test_auc: 0.7254	test_accuracy: 0.7493	test_loss: 0.5083	
Epoch 79/300, loss : 0.50869, auc : 0.73110, accuracy : 0.75203
Epoch 79/300, valid auc : 0.72465, valid accuracy : 0.74730
0.7246 to 0.7246
test_auc: 0.7254	test_accuracy: 0.7491	test_loss: 0.5083	
Epoch 80/300, loss : 0.50859, auc : 0.73124, accuracy : 0.75214
Epoch 80/300, valid auc : 0.72467, valid accuracy : 0.74722
0.7246 to 0.7247
test_auc: 0.7254	test_accuracy: 0.7492	test_loss: 0.5083	
Epoch 81/300, loss : 0.50851, auc : 0.73137, accuracy : 0.75217
Epoch 81/300, valid auc : 0.72474, valid accuracy : 0.74730
0.7247 to 0.7247
test_auc: 0.7255	test_accuracy: 0.7492	test_loss: 0.5082	
Epoch 82/300, loss : 0.50842, auc : 0.73151, accuracy : 0.75218
Epoch 82/300, valid auc : 0.72477, valid accuracy : 0.74737
0.7247 to 0.7248
test_auc: 0.7255	test_accuracy: 0.7492	test_loss: 0.5082	
Epoch 83/300, loss : 0.50833, auc : 0.73164, accuracy : 0.75225
Epoch 83/300, valid auc : 0.72480, valid accuracy : 0.74741
0.7248 to 0.7248
test_auc: 0.7255	test_accuracy: 0.7492	test_loss: 0.5082	
Epoch 84/300, loss : 0.50825, auc : 0.73177, accuracy : 0.75234
Epoch 84/300, valid auc : 0.72489, valid accuracy : 0.74735
0.7248 to 0.7249
test_auc: 0.7256	test_accuracy: 0.7492	test_loss: 0.5082	
Epoch 85/300, loss : 0.50817, auc : 0.73190, accuracy : 0.75241
Epoch 85/300, valid auc : 0.72492, valid accuracy : 0.74737
0.7249 to 0.7249
test_auc: 0.7256	test_accuracy: 0.7492	test_loss: 0.5081	
Epoch 86/300, loss : 0.50808, auc : 0.73202, accuracy : 0.75244
Epoch 86/300, valid auc : 0.72498, valid accuracy : 0.74752
0.7249 to 0.7250
test_auc: 0.7256	test_accuracy: 0.7491	test_loss: 0.5081	
Epoch 87/300, loss : 0.50800, auc : 0.73214, accuracy : 0.75250
Epoch 87/300, valid auc : 0.72497, valid accuracy : 0.74748
Epoch 88/300, loss : 0.50792, auc : 0.73226, accuracy : 0.75259
Epoch 88/300, valid auc : 0.72499, valid accuracy : 0.74735
0.7250 to 0.7250
test_auc: 0.7256	test_accuracy: 0.7491	test_loss: 0.5081	
Epoch 89/300, loss : 0.50784, auc : 0.73238, accuracy : 0.75266
Epoch 89/300, valid auc : 0.72505, valid accuracy : 0.74737
0.7250 to 0.7251
test_auc: 0.7257	test_accuracy: 0.7491	test_loss: 0.5081	
Epoch 90/300, loss : 0.50777, auc : 0.73249, accuracy : 0.75272
Epoch 90/300, valid auc : 0.72506, valid accuracy : 0.74737
0.7251 to 0.7251
test_auc: 0.7257	test_accuracy: 0.7490	test_loss: 0.5081	
Epoch 91/300, loss : 0.50769, auc : 0.73260, accuracy : 0.75287
Epoch 91/300, valid auc : 0.72512, valid accuracy : 0.74749
0.7251 to 0.7251
test_auc: 0.7257	test_accuracy: 0.7490	test_loss: 0.5080	
Epoch 92/300, loss : 0.50762, auc : 0.73271, accuracy : 0.75288
Epoch 92/300, valid auc : 0.72514, valid accuracy : 0.74760
0.7251 to 0.7251
test_auc: 0.7258	test_accuracy: 0.7490	test_loss: 0.5080	
Epoch 93/300, loss : 0.50754, auc : 0.73282, accuracy : 0.75292
Epoch 93/300, valid auc : 0.72519, valid accuracy : 0.74734
0.7251 to 0.7252
test_auc: 0.7258	test_accuracy: 0.7491	test_loss: 0.5080	
Epoch 94/300, loss : 0.50747, auc : 0.73293, accuracy : 0.75294
Epoch 94/300, valid auc : 0.72520, valid accuracy : 0.74749
0.7252 to 0.7252
test_auc: 0.7258	test_accuracy: 0.7491	test_loss: 0.5080	
Epoch 95/300, loss : 0.50740, auc : 0.73303, accuracy : 0.75310
Epoch 95/300, valid auc : 0.72517, valid accuracy : 0.74755
Epoch 96/300, loss : 0.50733, auc : 0.73312, accuracy : 0.75313
Epoch 96/300, valid auc : 0.72521, valid accuracy : 0.74769
0.7252 to 0.7252
test_auc: 0.7258	test_accuracy: 0.7491	test_loss: 0.5080	
Epoch 97/300, loss : 0.50726, auc : 0.73322, accuracy : 0.75315
Epoch 97/300, valid auc : 0.72523, valid accuracy : 0.74763
0.7252 to 0.7252
test_auc: 0.7259	test_accuracy: 0.7491	test_loss: 0.5080	
Epoch 98/300, loss : 0.50719, auc : 0.73332, accuracy : 0.75317
Epoch 98/300, valid auc : 0.72525, valid accuracy : 0.74775
0.7252 to 0.7253
test_auc: 0.7259	test_accuracy: 0.7491	test_loss: 0.5079	
Epoch 99/300, loss : 0.50713, auc : 0.73341, accuracy : 0.75315
Epoch 99/300, valid auc : 0.72529, valid accuracy : 0.74775
0.7253 to 0.7253
test_auc: 0.7259	test_accuracy: 0.7492	test_loss: 0.5079	
Epoch 100/300, loss : 0.50706, auc : 0.73350, accuracy : 0.75319
Epoch 100/300, valid auc : 0.72529, valid accuracy : 0.74781
0.7253 to 0.7253
test_auc: 0.7260	test_accuracy: 0.7492	test_loss: 0.5079	
Epoch 101/300, loss : 0.50700, auc : 0.73358, accuracy : 0.75325
Epoch 101/300, valid auc : 0.72529, valid accuracy : 0.74786
Epoch 102/300, loss : 0.50693, auc : 0.73367, accuracy : 0.75335
Epoch 102/300, valid auc : 0.72525, valid accuracy : 0.74795
Epoch 103/300, loss : 0.50687, auc : 0.73375, accuracy : 0.75334
Epoch 103/300, valid auc : 0.72530, valid accuracy : 0.74804
0.7253 to 0.7253
test_auc: 0.7260	test_accuracy: 0.7493	test_loss: 0.5079	
Epoch 104/300, loss : 0.50681, auc : 0.73384, accuracy : 0.75342
Epoch 104/300, valid auc : 0.72533, valid accuracy : 0.74801
0.7253 to 0.7253
test_auc: 0.7260	test_accuracy: 0.7494	test_loss: 0.5078	
Epoch 105/300, loss : 0.50675, auc : 0.73392, accuracy : 0.75349
Epoch 105/300, valid auc : 0.72533, valid accuracy : 0.74801
0.7253 to 0.7253
test_auc: 0.7261	test_accuracy: 0.7493	test_loss: 0.5078	
Epoch 106/300, loss : 0.50668, auc : 0.73401, accuracy : 0.75345
Epoch 106/300, valid auc : 0.72536, valid accuracy : 0.74808
0.7253 to 0.7254
test_auc: 0.7261	test_accuracy: 0.7493	test_loss: 0.5078	
Epoch 107/300, loss : 0.50662, auc : 0.73409, accuracy : 0.75345
Epoch 107/300, valid auc : 0.72536, valid accuracy : 0.74804
0.7254 to 0.7254
test_auc: 0.7261	test_accuracy: 0.7493	test_loss: 0.5078	
Epoch 108/300, loss : 0.50656, auc : 0.73417, accuracy : 0.75350
Epoch 108/300, valid auc : 0.72535, valid accuracy : 0.74806
Epoch 109/300, loss : 0.50650, auc : 0.73426, accuracy : 0.75353
Epoch 109/300, valid auc : 0.72534, valid accuracy : 0.74803
Epoch 110/300, loss : 0.50644, auc : 0.73433, accuracy : 0.75357
Epoch 110/300, valid auc : 0.72534, valid accuracy : 0.74788
Epoch 111/300, loss : 0.50639, auc : 0.73440, accuracy : 0.75358
Epoch 111/300, valid auc : 0.72536, valid accuracy : 0.74789
0.7254 to 0.7254
test_auc: 0.7262	test_accuracy: 0.7493	test_loss: 0.5077	
Epoch 112/300, loss : 0.50633, auc : 0.73448, accuracy : 0.75361
Epoch 112/300, valid auc : 0.72537, valid accuracy : 0.74804
0.7254 to 0.7254
test_auc: 0.7262	test_accuracy: 0.7493	test_loss: 0.5077	
Epoch 113/300, loss : 0.50627, auc : 0.73456, accuracy : 0.75364
Epoch 113/300, valid auc : 0.72537, valid accuracy : 0.74798
Epoch 114/300, loss : 0.50622, auc : 0.73463, accuracy : 0.75364
Epoch 114/300, valid auc : 0.72537, valid accuracy : 0.74806
0.7254 to 0.7254
test_auc: 0.7262	test_accuracy: 0.7494	test_loss: 0.5077	
Epoch 115/300, loss : 0.50617, auc : 0.73470, accuracy : 0.75370
Epoch 115/300, valid auc : 0.72534, valid accuracy : 0.74804
Epoch 116/300, loss : 0.50611, auc : 0.73477, accuracy : 0.75373
Epoch 116/300, valid auc : 0.72533, valid accuracy : 0.74800
Epoch 117/300, loss : 0.50606, auc : 0.73484, accuracy : 0.75376
Epoch 117/300, valid auc : 0.72532, valid accuracy : 0.74798
Epoch 118/300, loss : 0.50601, auc : 0.73491, accuracy : 0.75385
Epoch 118/300, valid auc : 0.72534, valid accuracy : 0.74785
Epoch 119/300, loss : 0.50596, auc : 0.73498, accuracy : 0.75391
Epoch 119/300, valid auc : 0.72534, valid accuracy : 0.74778
Epoch 120/300, loss : 0.50591, auc : 0.73505, accuracy : 0.75385
Epoch 120/300, valid auc : 0.72535, valid accuracy : 0.74777
Epoch 121/300, loss : 0.50586, auc : 0.73511, accuracy : 0.75390
Epoch 121/300, valid auc : 0.72536, valid accuracy : 0.74768
Epoch 122/300, loss : 0.50581, auc : 0.73518, accuracy : 0.75389
Epoch 122/300, valid auc : 0.72534, valid accuracy : 0.74767
Epoch 123/300, loss : 0.50576, auc : 0.73524, accuracy : 0.75392
Epoch 123/300, valid auc : 0.72532, valid accuracy : 0.74784
Epoch 124/300, loss : 0.50571, auc : 0.73531, accuracy : 0.75388
Epoch 124/300, valid auc : 0.72535, valid accuracy : 0.74777
Epoch 125/300, loss : 0.50566, auc : 0.73537, accuracy : 0.75392
Epoch 125/300, valid auc : 0.72536, valid accuracy : 0.74770
Epoch 126/300, loss : 0.50562, auc : 0.73544, accuracy : 0.75387
Epoch 126/300, valid auc : 0.72537, valid accuracy : 0.74769
Epoch 127/300, loss : 0.50557, auc : 0.73550, accuracy : 0.75385
Epoch 127/300, valid auc : 0.72539, valid accuracy : 0.74774
0.7254 to 0.7254
test_auc: 0.7261	test_accuracy: 0.7493	test_loss: 0.5077	
Epoch 128/300, loss : 0.50553, auc : 0.73556, accuracy : 0.75390
Epoch 128/300, valid auc : 0.72538, valid accuracy : 0.74779
Epoch 129/300, loss : 0.50548, auc : 0.73563, accuracy : 0.75393
Epoch 129/300, valid auc : 0.72538, valid accuracy : 0.74771
Epoch 130/300, loss : 0.50543, auc : 0.73569, accuracy : 0.75401
Epoch 130/300, valid auc : 0.72537, valid accuracy : 0.74776
Epoch 131/300, loss : 0.50539, auc : 0.73575, accuracy : 0.75401
Epoch 131/300, valid auc : 0.72537, valid accuracy : 0.74770
Epoch 132/300, loss : 0.50535, auc : 0.73581, accuracy : 0.75408
Epoch 132/300, valid auc : 0.72540, valid accuracy : 0.74775
0.7254 to 0.7254
test_auc: 0.7261	test_accuracy: 0.7492	test_loss: 0.5077	
Epoch 133/300, loss : 0.50530, auc : 0.73587, accuracy : 0.75402
Epoch 133/300, valid auc : 0.72540, valid accuracy : 0.74776
Epoch 134/300, loss : 0.50526, auc : 0.73593, accuracy : 0.75407
Epoch 134/300, valid auc : 0.72541, valid accuracy : 0.74791
0.7254 to 0.7254
test_auc: 0.7261	test_accuracy: 0.7493	test_loss: 0.5077	
Epoch 135/300, loss : 0.50522, auc : 0.73598, accuracy : 0.75409
Epoch 135/300, valid auc : 0.72544, valid accuracy : 0.74789
0.7254 to 0.7254
test_auc: 0.7261	test_accuracy: 0.7494	test_loss: 0.5077	
Epoch 136/300, loss : 0.50518, auc : 0.73604, accuracy : 0.75412
Epoch 136/300, valid auc : 0.72542, valid accuracy : 0.74789
Epoch 137/300, loss : 0.50514, auc : 0.73609, accuracy : 0.75414
Epoch 137/300, valid auc : 0.72543, valid accuracy : 0.74785
Epoch 138/300, loss : 0.50510, auc : 0.73615, accuracy : 0.75413
Epoch 138/300, valid auc : 0.72544, valid accuracy : 0.74773
Epoch 139/300, loss : 0.50506, auc : 0.73620, accuracy : 0.75418
Epoch 139/300, valid auc : 0.72545, valid accuracy : 0.74762
0.7254 to 0.7254
test_auc: 0.7261	test_accuracy: 0.7495	test_loss: 0.5077	
Epoch 140/300, loss : 0.50502, auc : 0.73625, accuracy : 0.75421
Epoch 140/300, valid auc : 0.72546, valid accuracy : 0.74770
0.7254 to 0.7255
test_auc: 0.7261	test_accuracy: 0.7495	test_loss: 0.5077	
Epoch 141/300, loss : 0.50498, auc : 0.73631, accuracy : 0.75420
Epoch 141/300, valid auc : 0.72548, valid accuracy : 0.74784
0.7255 to 0.7255
test_auc: 0.7261	test_accuracy: 0.7496	test_loss: 0.5078	
Epoch 142/300, loss : 0.50494, auc : 0.73636, accuracy : 0.75421
Epoch 142/300, valid auc : 0.72548, valid accuracy : 0.74795
0.7255 to 0.7255
test_auc: 0.7261	test_accuracy: 0.7496	test_loss: 0.5078	
Epoch 143/300, loss : 0.50490, auc : 0.73642, accuracy : 0.75422
Epoch 143/300, valid auc : 0.72549, valid accuracy : 0.74805
0.7255 to 0.7255
test_auc: 0.7260	test_accuracy: 0.7495	test_loss: 0.5078	
Epoch 144/300, loss : 0.50486, auc : 0.73647, accuracy : 0.75426
Epoch 144/300, valid auc : 0.72549, valid accuracy : 0.74802
Epoch 145/300, loss : 0.50483, auc : 0.73652, accuracy : 0.75431
Epoch 145/300, valid auc : 0.72547, valid accuracy : 0.74810
Epoch 146/300, loss : 0.50479, auc : 0.73657, accuracy : 0.75433
Epoch 146/300, valid auc : 0.72547, valid accuracy : 0.74810
Epoch 147/300, loss : 0.50475, auc : 0.73662, accuracy : 0.75439
Epoch 147/300, valid auc : 0.72549, valid accuracy : 0.74802
0.7255 to 0.7255
test_auc: 0.7260	test_accuracy: 0.7495	test_loss: 0.5078	
Epoch 148/300, loss : 0.50472, auc : 0.73667, accuracy : 0.75438
Epoch 148/300, valid auc : 0.72551, valid accuracy : 0.74799
0.7255 to 0.7255
test_auc: 0.7260	test_accuracy: 0.7495	test_loss: 0.5078	
Epoch 149/300, loss : 0.50468, auc : 0.73672, accuracy : 0.75441
Epoch 149/300, valid auc : 0.72551, valid accuracy : 0.74810
0.7255 to 0.7255
test_auc: 0.7260	test_accuracy: 0.7495	test_loss: 0.5078	
Epoch 150/300, loss : 0.50465, auc : 0.73677, accuracy : 0.75436
Epoch 150/300, valid auc : 0.72549, valid accuracy : 0.74813
Epoch 151/300, loss : 0.50461, auc : 0.73681, accuracy : 0.75447
Epoch 151/300, valid auc : 0.72548, valid accuracy : 0.74806
Epoch 152/300, loss : 0.50458, auc : 0.73686, accuracy : 0.75456
Epoch 152/300, valid auc : 0.72549, valid accuracy : 0.74813
Epoch 153/300, loss : 0.50454, auc : 0.73691, accuracy : 0.75457
Epoch 153/300, valid auc : 0.72549, valid accuracy : 0.74817
Epoch 154/300, loss : 0.50451, auc : 0.73695, accuracy : 0.75456
Epoch 154/300, valid auc : 0.72549, valid accuracy : 0.74819
Epoch 155/300, loss : 0.50447, auc : 0.73701, accuracy : 0.75463
Epoch 155/300, valid auc : 0.72548, valid accuracy : 0.74819
Epoch 156/300, loss : 0.50444, auc : 0.73705, accuracy : 0.75461
Epoch 156/300, valid auc : 0.72547, valid accuracy : 0.74819
Epoch 157/300, loss : 0.50441, auc : 0.73710, accuracy : 0.75465
Epoch 157/300, valid auc : 0.72546, valid accuracy : 0.74819
Epoch 158/300, loss : 0.50437, auc : 0.73715, accuracy : 0.75467
Epoch 158/300, valid auc : 0.72545, valid accuracy : 0.74823
Epoch 159/300, loss : 0.50434, auc : 0.73720, accuracy : 0.75464
Epoch 159/300, valid auc : 0.72542, valid accuracy : 0.74816
Epoch 160/300, loss : 0.50431, auc : 0.73724, accuracy : 0.75461
Epoch 160/300, valid auc : 0.72542, valid accuracy : 0.74817
Epoch 161/300, loss : 0.50427, auc : 0.73729, accuracy : 0.75466
Epoch 161/300, valid auc : 0.72541, valid accuracy : 0.74822
Epoch 162/300, loss : 0.50424, auc : 0.73733, accuracy : 0.75464
Epoch 162/300, valid auc : 0.72540, valid accuracy : 0.74814
Epoch 163/300, loss : 0.50421, auc : 0.73738, accuracy : 0.75464
Epoch 163/300, valid auc : 0.72540, valid accuracy : 0.74815
Epoch 164/300, loss : 0.50418, auc : 0.73742, accuracy : 0.75470
Epoch 164/300, valid auc : 0.72539, valid accuracy : 0.74810
Epoch 165/300, loss : 0.50415, auc : 0.73747, accuracy : 0.75472
Epoch 165/300, valid auc : 0.72536, valid accuracy : 0.74808
Epoch 166/300, loss : 0.50412, auc : 0.73751, accuracy : 0.75479
Epoch 166/300, valid auc : 0.72533, valid accuracy : 0.74799
Epoch 167/300, loss : 0.50409, auc : 0.73755, accuracy : 0.75482
Epoch 167/300, valid auc : 0.72533, valid accuracy : 0.74808
Epoch 168/300, loss : 0.50406, auc : 0.73759, accuracy : 0.75485
Epoch 168/300, valid auc : 0.72531, valid accuracy : 0.74808
Epoch 169/300, loss : 0.50403, auc : 0.73763, accuracy : 0.75487
Epoch 169/300, valid auc : 0.72529, valid accuracy : 0.74816
Epoch 170/300, loss : 0.50401, auc : 0.73767, accuracy : 0.75487
Epoch 170/300, valid auc : 0.72527, valid accuracy : 0.74813
Epoch 171/300, loss : 0.50398, auc : 0.73771, accuracy : 0.75493
Epoch 171/300, valid auc : 0.72527, valid accuracy : 0.74803
Epoch 172/300, loss : 0.50395, auc : 0.73774, accuracy : 0.75492
Epoch 172/300, valid auc : 0.72526, valid accuracy : 0.74801
Epoch 173/300, loss : 0.50393, auc : 0.73778, accuracy : 0.75491
Epoch 173/300, valid auc : 0.72523, valid accuracy : 0.74803
Epoch 174/300, loss : 0.50390, auc : 0.73782, accuracy : 0.75491
Epoch 174/300, valid auc : 0.72519, valid accuracy : 0.74796
Epoch 175/300, loss : 0.50388, auc : 0.73785, accuracy : 0.75498
Epoch 175/300, valid auc : 0.72516, valid accuracy : 0.74790
Epoch 176/300, loss : 0.50385, auc : 0.73789, accuracy : 0.75492
Epoch 176/300, valid auc : 0.72515, valid accuracy : 0.74786
Epoch 177/300, loss : 0.50383, auc : 0.73792, accuracy : 0.75488
Epoch 177/300, valid auc : 0.72514, valid accuracy : 0.74790
Epoch 178/300, loss : 0.50380, auc : 0.73795, accuracy : 0.75485
Epoch 178/300, valid auc : 0.72515, valid accuracy : 0.74798
Epoch 179/300, loss : 0.50378, auc : 0.73799, accuracy : 0.75485
Epoch 179/300, valid auc : 0.72511, valid accuracy : 0.74790
Epoch 180/300, loss : 0.50375, auc : 0.73802, accuracy : 0.75484
Epoch 180/300, valid auc : 0.72507, valid accuracy : 0.74788
Epoch 181/300, loss : 0.50373, auc : 0.73806, accuracy : 0.75492
Epoch 181/300, valid auc : 0.72508, valid accuracy : 0.74796
Epoch 182/300, loss : 0.50371, auc : 0.73809, accuracy : 0.75498
Epoch 182/300, valid auc : 0.72507, valid accuracy : 0.74804
Epoch 183/300, loss : 0.50368, auc : 0.73812, accuracy : 0.75493
Epoch 183/300, valid auc : 0.72505, valid accuracy : 0.74800
Epoch 184/300, loss : 0.50366, auc : 0.73815, accuracy : 0.75498
Epoch 184/300, valid auc : 0.72505, valid accuracy : 0.74801
Epoch 185/300, loss : 0.50364, auc : 0.73818, accuracy : 0.75496
Epoch 185/300, valid auc : 0.72504, valid accuracy : 0.74809
Epoch 186/300, loss : 0.50361, auc : 0.73822, accuracy : 0.75493
Epoch 186/300, valid auc : 0.72505, valid accuracy : 0.74804
Epoch 187/300, loss : 0.50359, auc : 0.73825, accuracy : 0.75494
Epoch 187/300, valid auc : 0.72501, valid accuracy : 0.74799
Epoch 188/300, loss : 0.50357, auc : 0.73828, accuracy : 0.75493
Epoch 188/300, valid auc : 0.72500, valid accuracy : 0.74806
Epoch 189/300, loss : 0.50355, auc : 0.73831, accuracy : 0.75492
Epoch 189/300, valid auc : 0.72500, valid accuracy : 0.74799
Epoch 190/300, loss : 0.50352, auc : 0.73834, accuracy : 0.75494
Epoch 190/300, valid auc : 0.72500, valid accuracy : 0.74789
Epoch 191/300, loss : 0.50350, auc : 0.73836, accuracy : 0.75498
Epoch 191/300, valid auc : 0.72499, valid accuracy : 0.74789
Epoch 192/300, loss : 0.50348, auc : 0.73839, accuracy : 0.75500
Epoch 192/300, valid auc : 0.72499, valid accuracy : 0.74784
Epoch 193/300, loss : 0.50346, auc : 0.73842, accuracy : 0.75498
Epoch 193/300, valid auc : 0.72498, valid accuracy : 0.74790
Epoch 194/300, loss : 0.50344, auc : 0.73845, accuracy : 0.75499
Epoch 194/300, valid auc : 0.72496, valid accuracy : 0.74791
Epoch 195/300, loss : 0.50342, auc : 0.73848, accuracy : 0.75500
Epoch 195/300, valid auc : 0.72496, valid accuracy : 0.74793
Epoch 196/300, loss : 0.50340, auc : 0.73850, accuracy : 0.75501
Epoch 196/300, valid auc : 0.72495, valid accuracy : 0.74795
Epoch 197/300, loss : 0.50338, auc : 0.73853, accuracy : 0.75509
Epoch 197/300, valid auc : 0.72492, valid accuracy : 0.74798
Epoch 198/300, loss : 0.50337, auc : 0.73855, accuracy : 0.75510
Epoch 198/300, valid auc : 0.72493, valid accuracy : 0.74806
Epoch 199/300, loss : 0.50335, auc : 0.73858, accuracy : 0.75518
Epoch 199/300, valid auc : 0.72493, valid accuracy : 0.74796
Epoch 200/300, loss : 0.50333, auc : 0.73860, accuracy : 0.75521
Epoch 200/300, valid auc : 0.72493, valid accuracy : 0.74792
Epoch 201/300, loss : 0.50331, auc : 0.73862, accuracy : 0.75522
Epoch 201/300, valid auc : 0.72491, valid accuracy : 0.74792
Epoch 202/300, loss : 0.50329, auc : 0.73864, accuracy : 0.75519
Epoch 202/300, valid auc : 0.72490, valid accuracy : 0.74790
Epoch 203/300, loss : 0.50328, auc : 0.73867, accuracy : 0.75525
Epoch 203/300, valid auc : 0.72489, valid accuracy : 0.74788
Epoch 204/300, loss : 0.50326, auc : 0.73869, accuracy : 0.75529
Epoch 204/300, valid auc : 0.72488, valid accuracy : 0.74789
Epoch 205/300, loss : 0.50324, auc : 0.73871, accuracy : 0.75528
Epoch 205/300, valid auc : 0.72488, valid accuracy : 0.74793
Epoch 206/300, loss : 0.50323, auc : 0.73873, accuracy : 0.75530
Epoch 206/300, valid auc : 0.72488, valid accuracy : 0.74792
Epoch 207/300, loss : 0.50321, auc : 0.73876, accuracy : 0.75531
Epoch 207/300, valid auc : 0.72489, valid accuracy : 0.74791
Epoch 208/300, loss : 0.50319, auc : 0.73878, accuracy : 0.75536
Epoch 208/300, valid auc : 0.72484, valid accuracy : 0.74790
Epoch 209/300, loss : 0.50318, auc : 0.73880, accuracy : 0.75533
Epoch 209/300, valid auc : 0.72484, valid accuracy : 0.74791
Epoch 210/300, loss : 0.50316, auc : 0.73882, accuracy : 0.75539
Epoch 210/300, valid auc : 0.72483, valid accuracy : 0.74792
Epoch 211/300, loss : 0.50314, auc : 0.73884, accuracy : 0.75537
Epoch 211/300, valid auc : 0.72480, valid accuracy : 0.74787
Epoch 212/300, loss : 0.50313, auc : 0.73885, accuracy : 0.75537
Epoch 212/300, valid auc : 0.72481, valid accuracy : 0.74789
Epoch 213/300, loss : 0.50311, auc : 0.73887, accuracy : 0.75536
Epoch 213/300, valid auc : 0.72482, valid accuracy : 0.74781
Epoch 214/300, loss : 0.50310, auc : 0.73889, accuracy : 0.75541
Epoch 214/300, valid auc : 0.72480, valid accuracy : 0.74786
Epoch 215/300, loss : 0.50308, auc : 0.73891, accuracy : 0.75542
Epoch 215/300, valid auc : 0.72478, valid accuracy : 0.74792
Epoch 216/300, loss : 0.50307, auc : 0.73893, accuracy : 0.75542
Epoch 216/300, valid auc : 0.72475, valid accuracy : 0.74794
Epoch 217/300, loss : 0.50305, auc : 0.73895, accuracy : 0.75549
Epoch 217/300, valid auc : 0.72474, valid accuracy : 0.74800
Epoch 218/300, loss : 0.50304, auc : 0.73897, accuracy : 0.75545
Epoch 218/300, valid auc : 0.72475, valid accuracy : 0.74803
Epoch 219/300, loss : 0.50302, auc : 0.73899, accuracy : 0.75546
Epoch 219/300, valid auc : 0.72472, valid accuracy : 0.74808
Epoch 220/300, loss : 0.50301, auc : 0.73900, accuracy : 0.75544
Epoch 220/300, valid auc : 0.72473, valid accuracy : 0.74798
Epoch 221/300, loss : 0.50300, auc : 0.73902, accuracy : 0.75550
Epoch 221/300, valid auc : 0.72473, valid accuracy : 0.74802
Epoch 222/300, loss : 0.50298, auc : 0.73904, accuracy : 0.75554
Epoch 222/300, valid auc : 0.72469, valid accuracy : 0.74804
Epoch 223/300, loss : 0.50297, auc : 0.73906, accuracy : 0.75557
Epoch 223/300, valid auc : 0.72469, valid accuracy : 0.74795
Epoch 224/300, loss : 0.50295, auc : 0.73908, accuracy : 0.75559
Epoch 224/300, valid auc : 0.72469, valid accuracy : 0.74800
Epoch 225/300, loss : 0.50294, auc : 0.73910, accuracy : 0.75559
Epoch 225/300, valid auc : 0.72467, valid accuracy : 0.74799
Epoch 226/300, loss : 0.50292, auc : 0.73911, accuracy : 0.75563
Epoch 226/300, valid auc : 0.72467, valid accuracy : 0.74797
Epoch 227/300, loss : 0.50291, auc : 0.73913, accuracy : 0.75562
Epoch 227/300, valid auc : 0.72466, valid accuracy : 0.74801
Epoch 228/300, loss : 0.50289, auc : 0.73915, accuracy : 0.75564
Epoch 228/300, valid auc : 0.72466, valid accuracy : 0.74797
Epoch 229/300, loss : 0.50288, auc : 0.73917, accuracy : 0.75561
Epoch 229/300, valid auc : 0.72465, valid accuracy : 0.74793
Epoch 230/300, loss : 0.50287, auc : 0.73919, accuracy : 0.75568
Epoch 230/300, valid auc : 0.72462, valid accuracy : 0.74787
Epoch 231/300, loss : 0.50285, auc : 0.73920, accuracy : 0.75573
Epoch 231/300, valid auc : 0.72462, valid accuracy : 0.74787
Epoch 232/300, loss : 0.50284, auc : 0.73921, accuracy : 0.75573
Epoch 232/300, valid auc : 0.72461, valid accuracy : 0.74794
Epoch 233/300, loss : 0.50283, auc : 0.73923, accuracy : 0.75567
Epoch 233/300, valid auc : 0.72459, valid accuracy : 0.74791
Epoch 234/300, loss : 0.50282, auc : 0.73925, accuracy : 0.75565
Epoch 234/300, valid auc : 0.72461, valid accuracy : 0.74787
Epoch 235/300, loss : 0.50280, auc : 0.73926, accuracy : 0.75564
Epoch 235/300, valid auc : 0.72459, valid accuracy : 0.74792
Epoch 236/300, loss : 0.50279, auc : 0.73928, accuracy : 0.75568
Epoch 236/300, valid auc : 0.72458, valid accuracy : 0.74796
Epoch 237/300, loss : 0.50278, auc : 0.73929, accuracy : 0.75566
Epoch 237/300, valid auc : 0.72456, valid accuracy : 0.74798
Epoch 238/300, loss : 0.50277, auc : 0.73931, accuracy : 0.75567
Epoch 238/300, valid auc : 0.72456, valid accuracy : 0.74804
Epoch 239/300, loss : 0.50275, auc : 0.73932, accuracy : 0.75564
Epoch 239/300, valid auc : 0.72455, valid accuracy : 0.74806
Epoch 240/300, loss : 0.50274, auc : 0.73934, accuracy : 0.75566
Epoch 240/300, valid auc : 0.72452, valid accuracy : 0.74802
Epoch 241/300, loss : 0.50273, auc : 0.73935, accuracy : 0.75572
Epoch 241/300, valid auc : 0.72453, valid accuracy : 0.74799
Epoch 242/300, loss : 0.50272, auc : 0.73937, accuracy : 0.75574
Epoch 242/300, valid auc : 0.72454, valid accuracy : 0.74803
Epoch 243/300, loss : 0.50271, auc : 0.73938, accuracy : 0.75577
Epoch 243/300, valid auc : 0.72451, valid accuracy : 0.74806
Epoch 244/300, loss : 0.50269, auc : 0.73940, accuracy : 0.75582
Epoch 244/300, valid auc : 0.72449, valid accuracy : 0.74804
Epoch 245/300, loss : 0.50268, auc : 0.73941, accuracy : 0.75581
Epoch 245/300, valid auc : 0.72449, valid accuracy : 0.74805
Epoch 246/300, loss : 0.50267, auc : 0.73943, accuracy : 0.75583
Epoch 246/300, valid auc : 0.72448, valid accuracy : 0.74804
Epoch 247/300, loss : 0.50266, auc : 0.73944, accuracy : 0.75588
Epoch 247/300, valid auc : 0.72447, valid accuracy : 0.74797
Epoch 248/300, loss : 0.50265, auc : 0.73946, accuracy : 0.75588
Epoch 248/300, valid auc : 0.72447, valid accuracy : 0.74809
Epoch 249/300, loss : 0.50263, auc : 0.73947, accuracy : 0.75588
Epoch 249/300, valid auc : 0.72447, valid accuracy : 0.74797
Epoch 250/300, loss : 0.50262, auc : 0.73949, accuracy : 0.75591
Epoch 250/300, valid auc : 0.72445, valid accuracy : 0.74803
Epoch 251/300, loss : 0.50261, auc : 0.73951, accuracy : 0.75590
Epoch 251/300, valid auc : 0.72442, valid accuracy : 0.74784
Epoch 252/300, loss : 0.50260, auc : 0.73952, accuracy : 0.75589
Epoch 252/300, valid auc : 0.72443, valid accuracy : 0.74783
Epoch 253/300, loss : 0.50259, auc : 0.73954, accuracy : 0.75586
Epoch 253/300, valid auc : 0.72442, valid accuracy : 0.74780
Epoch 254/300, loss : 0.50258, auc : 0.73955, accuracy : 0.75585
Epoch 254/300, valid auc : 0.72440, valid accuracy : 0.74780
Epoch 255/300, loss : 0.50257, auc : 0.73956, accuracy : 0.75586
Epoch 255/300, valid auc : 0.72440, valid accuracy : 0.74792
Epoch 256/300, loss : 0.50256, auc : 0.73958, accuracy : 0.75588
Epoch 256/300, valid auc : 0.72441, valid accuracy : 0.74786
Epoch 257/300, loss : 0.50254, auc : 0.73960, accuracy : 0.75588
Epoch 257/300, valid auc : 0.72439, valid accuracy : 0.74778
Epoch 258/300, loss : 0.50253, auc : 0.73961, accuracy : 0.75591
Epoch 258/300, valid auc : 0.72437, valid accuracy : 0.74786
Epoch 259/300, loss : 0.50252, auc : 0.73963, accuracy : 0.75591
Epoch 259/300, valid auc : 0.72436, valid accuracy : 0.74781
Epoch 260/300, loss : 0.50251, auc : 0.73964, accuracy : 0.75593
Epoch 260/300, valid auc : 0.72437, valid accuracy : 0.74774
Epoch 261/300, loss : 0.50250, auc : 0.73965, accuracy : 0.75595
Epoch 261/300, valid auc : 0.72435, valid accuracy : 0.74775
Epoch 262/300, loss : 0.50249, auc : 0.73967, accuracy : 0.75597
Epoch 262/300, valid auc : 0.72434, valid accuracy : 0.74767
Epoch 263/300, loss : 0.50248, auc : 0.73968, accuracy : 0.75595
Epoch 263/300, valid auc : 0.72435, valid accuracy : 0.74767
Epoch 264/300, loss : 0.50247, auc : 0.73970, accuracy : 0.75590
Epoch 264/300, valid auc : 0.72433, valid accuracy : 0.74761
Epoch 265/300, loss : 0.50246, auc : 0.73972, accuracy : 0.75585
Epoch 265/300, valid auc : 0.72429, valid accuracy : 0.74755
Epoch 266/300, loss : 0.50245, auc : 0.73973, accuracy : 0.75587
Epoch 266/300, valid auc : 0.72430, valid accuracy : 0.74763
Epoch 267/300, loss : 0.50244, auc : 0.73974, accuracy : 0.75584
Epoch 267/300, valid auc : 0.72428, valid accuracy : 0.74761
Epoch 268/300, loss : 0.50243, auc : 0.73976, accuracy : 0.75586
Epoch 268/300, valid auc : 0.72426, valid accuracy : 0.74761
Epoch 269/300, loss : 0.50242, auc : 0.73977, accuracy : 0.75586
Epoch 269/300, valid auc : 0.72427, valid accuracy : 0.74764
Epoch 270/300, loss : 0.50241, auc : 0.73978, accuracy : 0.75585
Epoch 270/300, valid auc : 0.72428, valid accuracy : 0.74778
Epoch 271/300, loss : 0.50240, auc : 0.73980, accuracy : 0.75581
Epoch 271/300, valid auc : 0.72425, valid accuracy : 0.74791
Epoch 272/300, loss : 0.50239, auc : 0.73981, accuracy : 0.75583
Epoch 272/300, valid auc : 0.72422, valid accuracy : 0.74795
Epoch 273/300, loss : 0.50238, auc : 0.73982, accuracy : 0.75583
Epoch 273/300, valid auc : 0.72422, valid accuracy : 0.74791
Epoch 274/300, loss : 0.50237, auc : 0.73983, accuracy : 0.75583
Epoch 274/300, valid auc : 0.72422, valid accuracy : 0.74803
Epoch 275/300, loss : 0.50236, auc : 0.73985, accuracy : 0.75579
Epoch 275/300, valid auc : 0.72419, valid accuracy : 0.74801
Epoch 276/300, loss : 0.50235, auc : 0.73986, accuracy : 0.75582
Epoch 276/300, valid auc : 0.72420, valid accuracy : 0.74796
Epoch 277/300, loss : 0.50235, auc : 0.73987, accuracy : 0.75585
Epoch 277/300, valid auc : 0.72420, valid accuracy : 0.74806
Epoch 278/300, loss : 0.50234, auc : 0.73988, accuracy : 0.75589
Epoch 278/300, valid auc : 0.72418, valid accuracy : 0.74805
Epoch 279/300, loss : 0.50233, auc : 0.73990, accuracy : 0.75592
Epoch 279/300, valid auc : 0.72417, valid accuracy : 0.74804
Epoch 280/300, loss : 0.50232, auc : 0.73991, accuracy : 0.75590
Epoch 280/300, valid auc : 0.72415, valid accuracy : 0.74801
Epoch 281/300, loss : 0.50231, auc : 0.73992, accuracy : 0.75591
Epoch 281/300, valid auc : 0.72415, valid accuracy : 0.74801
Epoch 282/300, loss : 0.50230, auc : 0.73993, accuracy : 0.75591
Epoch 282/300, valid auc : 0.72414, valid accuracy : 0.74808
Epoch 283/300, loss : 0.50229, auc : 0.73994, accuracy : 0.75590
Epoch 283/300, valid auc : 0.72413, valid accuracy : 0.74808
Epoch 284/300, loss : 0.50229, auc : 0.73995, accuracy : 0.75589
Epoch 284/300, valid auc : 0.72415, valid accuracy : 0.74805
Epoch 285/300, loss : 0.50228, auc : 0.73996, accuracy : 0.75590
Epoch 285/300, valid auc : 0.72413, valid accuracy : 0.74797
Epoch 286/300, loss : 0.50227, auc : 0.73998, accuracy : 0.75593
Epoch 286/300, valid auc : 0.72410, valid accuracy : 0.74795
Epoch 287/300, loss : 0.50226, auc : 0.73999, accuracy : 0.75592
Epoch 287/300, valid auc : 0.72410, valid accuracy : 0.74792
Epoch 288/300, loss : 0.50225, auc : 0.74000, accuracy : 0.75590
Epoch 288/300, valid auc : 0.72408, valid accuracy : 0.74794
Epoch 289/300, loss : 0.50225, auc : 0.74001, accuracy : 0.75591
Epoch 289/300, valid auc : 0.72407, valid accuracy : 0.74779
Epoch 290/300, loss : 0.50224, auc : 0.74002, accuracy : 0.75589
Epoch 290/300, valid auc : 0.72406, valid accuracy : 0.74780
Epoch 291/300, loss : 0.50223, auc : 0.74003, accuracy : 0.75589
Epoch 291/300, valid auc : 0.72407, valid accuracy : 0.74771
Epoch 292/300, loss : 0.50222, auc : 0.74004, accuracy : 0.75587
Epoch 292/300, valid auc : 0.72406, valid accuracy : 0.74776
Epoch 293/300, loss : 0.50221, auc : 0.74005, accuracy : 0.75588
Epoch 293/300, valid auc : 0.72404, valid accuracy : 0.74762
Epoch 294/300, loss : 0.50221, auc : 0.74006, accuracy : 0.75592
Epoch 294/300, valid auc : 0.72403, valid accuracy : 0.74759
Epoch 295/300, loss : 0.50220, auc : 0.74007, accuracy : 0.75590
Epoch 295/300, valid auc : 0.72402, valid accuracy : 0.74756
Epoch 296/300, loss : 0.50219, auc : 0.74008, accuracy : 0.75585
Epoch 296/300, valid auc : 0.72401, valid accuracy : 0.74745
Epoch 297/300, loss : 0.50218, auc : 0.74009, accuracy : 0.75587
Epoch 297/300, valid auc : 0.72400, valid accuracy : 0.74741
Epoch 298/300, loss : 0.50218, auc : 0.74010, accuracy : 0.75589
Epoch 298/300, valid auc : 0.72399, valid accuracy : 0.74745
Epoch 299/300, loss : 0.50217, auc : 0.74011, accuracy : 0.75588
Epoch 299/300, valid auc : 0.72398, valid accuracy : 0.74748
Epoch 300/300, loss : 0.50216, auc : 0.74012, accuracy : 0.75589
Epoch 300/300, valid auc : 0.72396, valid accuracy : 0.74738
best outcome: best epoch: 149.0000
valid_auc: 0.7255	valid_accuracy: 0.7481	valid_loss: 0.5177	
test_auc: 0.7260	test_accuracy: 0.7495	test_loss: 0.5078	
