nohup: ignoring input
Namespace(batch_size=32, data_dir='./data/assist2015', data_name='assist2015', dataset_type='assist2015', decay_epoch=20, final_fc_dim=50, final_lr=1e-05, gpu=0, init_lr=0.001, init_std=0.1, load='assist2015', lr=0.001, lr_decay=0.75, max_iter=300, maxgradnorm=50.0, memory_key_state_dim=50, memory_size=20, memory_value_state_dim=200, momentum=0.9, n_question=110, q_embed_dim=50, qa_embed_dim=200, save='assist2015', seed='5', seqlen=200, show=True, test=False, train_test=True, wd=1e-05)
device: 0
Epoch 1/300, loss : 0.55488, auc : 0.64227, accuracy : 0.72942
Epoch 1/300, valid auc : 0.66951, valid accuracy : 0.74066
0.0000 to 0.6695
test_auc: 0.6735	test_accuracy: 0.7363	test_loss: 0.5410	
Epoch 2/300, loss : 0.54027, auc : 0.67738, accuracy : 0.73831
Epoch 2/300, valid auc : 0.67483, valid accuracy : 0.74218
0.6695 to 0.6748
test_auc: 0.6798	test_accuracy: 0.7388	test_loss: 0.5379	
Epoch 3/300, loss : 0.53799, auc : 0.68197, accuracy : 0.73937
Epoch 3/300, valid auc : 0.67770, valid accuracy : 0.74274
0.6748 to 0.6777
test_auc: 0.6832	test_accuracy: 0.7393	test_loss: 0.5357	
Epoch 4/300, loss : 0.53648, auc : 0.68498, accuracy : 0.74004
Epoch 4/300, valid auc : 0.67979, valid accuracy : 0.74325
0.6777 to 0.6798
test_auc: 0.6857	test_accuracy: 0.7398	test_loss: 0.5339	
Epoch 5/300, loss : 0.53535, auc : 0.68720, accuracy : 0.74062
Epoch 5/300, valid auc : 0.68164, valid accuracy : 0.74346
0.6798 to 0.6816
test_auc: 0.6877	test_accuracy: 0.7403	test_loss: 0.5324	
Epoch 6/300, loss : 0.53425, auc : 0.68929, accuracy : 0.74106
Epoch 6/300, valid auc : 0.68348, valid accuracy : 0.74413
0.6816 to 0.6835
test_auc: 0.6900	test_accuracy: 0.7412	test_loss: 0.5307	
Epoch 7/300, loss : 0.53289, auc : 0.69168, accuracy : 0.74210
Epoch 7/300, valid auc : 0.68569, valid accuracy : 0.74500
0.6835 to 0.6857
test_auc: 0.6928	test_accuracy: 0.7423	test_loss: 0.5288	
Epoch 8/300, loss : 0.53170, auc : 0.69375, accuracy : 0.74302
Epoch 8/300, valid auc : 0.68705, valid accuracy : 0.74525
0.6857 to 0.6871
test_auc: 0.6944	test_accuracy: 0.7427	test_loss: 0.5276	
Epoch 9/300, loss : 0.53092, auc : 0.69518, accuracy : 0.74358
Epoch 9/300, valid auc : 0.68818, valid accuracy : 0.74598
0.6871 to 0.6882
test_auc: 0.6957	test_accuracy: 0.7431	test_loss: 0.5267	
Epoch 10/300, loss : 0.53009, auc : 0.69664, accuracy : 0.74408
Epoch 10/300, valid auc : 0.68965, valid accuracy : 0.74663
0.6882 to 0.6896
test_auc: 0.6973	test_accuracy: 0.7441	test_loss: 0.5255	
Epoch 11/300, loss : 0.52918, auc : 0.69813, accuracy : 0.74462
Epoch 11/300, valid auc : 0.69078, valid accuracy : 0.74696
0.6896 to 0.6908
test_auc: 0.6985	test_accuracy: 0.7443	test_loss: 0.5247	
Epoch 12/300, loss : 0.52863, auc : 0.69914, accuracy : 0.74478
Epoch 12/300, valid auc : 0.69154, valid accuracy : 0.74696
0.6908 to 0.6915
test_auc: 0.6992	test_accuracy: 0.7443	test_loss: 0.5242	
Epoch 13/300, loss : 0.52823, auc : 0.69992, accuracy : 0.74501
Epoch 13/300, valid auc : 0.69217, valid accuracy : 0.74684
0.6915 to 0.6922
test_auc: 0.6998	test_accuracy: 0.7444	test_loss: 0.5239	
Epoch 14/300, loss : 0.52783, auc : 0.70068, accuracy : 0.74512
Epoch 14/300, valid auc : 0.69281, valid accuracy : 0.74718
0.6922 to 0.6928
test_auc: 0.7004	test_accuracy: 0.7443	test_loss: 0.5235	
Epoch 15/300, loss : 0.52741, auc : 0.70149, accuracy : 0.74521
Epoch 15/300, valid auc : 0.69352, valid accuracy : 0.74742
0.6928 to 0.6935
test_auc: 0.7010	test_accuracy: 0.7443	test_loss: 0.5231	
Epoch 16/300, loss : 0.52695, auc : 0.70232, accuracy : 0.74532
Epoch 16/300, valid auc : 0.69421, valid accuracy : 0.74773
0.6935 to 0.6942
test_auc: 0.7018	test_accuracy: 0.7448	test_loss: 0.5227	
Epoch 17/300, loss : 0.52653, auc : 0.70303, accuracy : 0.74579
Epoch 17/300, valid auc : 0.69474, valid accuracy : 0.74789
0.6942 to 0.6947
test_auc: 0.7024	test_accuracy: 0.7449	test_loss: 0.5223	
Epoch 18/300, loss : 0.52618, auc : 0.70365, accuracy : 0.74593
Epoch 18/300, valid auc : 0.69522, valid accuracy : 0.74780
0.6947 to 0.6952
test_auc: 0.7029	test_accuracy: 0.7450	test_loss: 0.5219	
Epoch 19/300, loss : 0.52584, auc : 0.70425, accuracy : 0.74619
Epoch 19/300, valid auc : 0.69573, valid accuracy : 0.74813
0.6952 to 0.6957
test_auc: 0.7035	test_accuracy: 0.7450	test_loss: 0.5215	
Epoch 20/300, loss : 0.52547, auc : 0.70486, accuracy : 0.74650
Epoch 20/300, valid auc : 0.69632, valid accuracy : 0.74816
0.6957 to 0.6963
test_auc: 0.7042	test_accuracy: 0.7454	test_loss: 0.5211	
Epoch 21/300, loss : 0.52507, auc : 0.70553, accuracy : 0.74671
Epoch 21/300, valid auc : 0.69694, valid accuracy : 0.74859
0.6963 to 0.6969
test_auc: 0.7049	test_accuracy: 0.7461	test_loss: 0.5207	
Epoch 22/300, loss : 0.52469, auc : 0.70620, accuracy : 0.74690
Epoch 22/300, valid auc : 0.69755, valid accuracy : 0.74861
0.6969 to 0.6975
test_auc: 0.7055	test_accuracy: 0.7463	test_loss: 0.5204	
Epoch 23/300, loss : 0.52433, auc : 0.70689, accuracy : 0.74705
Epoch 23/300, valid auc : 0.69818, valid accuracy : 0.74868
0.6975 to 0.6982
test_auc: 0.7062	test_accuracy: 0.7466	test_loss: 0.5199	
Epoch 24/300, loss : 0.52395, auc : 0.70761, accuracy : 0.74719
Epoch 24/300, valid auc : 0.69887, valid accuracy : 0.74881
0.6982 to 0.6989
test_auc: 0.7071	test_accuracy: 0.7466	test_loss: 0.5195	
Epoch 25/300, loss : 0.52358, auc : 0.70833, accuracy : 0.74732
Epoch 25/300, valid auc : 0.69958, valid accuracy : 0.74921
0.6989 to 0.6996
test_auc: 0.7078	test_accuracy: 0.7467	test_loss: 0.5191	
Epoch 26/300, loss : 0.52318, auc : 0.70907, accuracy : 0.74748
Epoch 26/300, valid auc : 0.70030, valid accuracy : 0.74949
0.6996 to 0.7003
test_auc: 0.7085	test_accuracy: 0.7468	test_loss: 0.5186	
Epoch 27/300, loss : 0.52274, auc : 0.70985, accuracy : 0.74769
Epoch 27/300, valid auc : 0.70108, valid accuracy : 0.74974
0.7003 to 0.7011
test_auc: 0.7093	test_accuracy: 0.7470	test_loss: 0.5181	
Epoch 28/300, loss : 0.52228, auc : 0.71070, accuracy : 0.74777
Epoch 28/300, valid auc : 0.70197, valid accuracy : 0.74983
0.7011 to 0.7020
test_auc: 0.7102	test_accuracy: 0.7471	test_loss: 0.5176	
Epoch 29/300, loss : 0.52176, auc : 0.71167, accuracy : 0.74791
Epoch 29/300, valid auc : 0.70296, valid accuracy : 0.75002
0.7020 to 0.7030
test_auc: 0.7112	test_accuracy: 0.7473	test_loss: 0.5170	
Epoch 30/300, loss : 0.52120, auc : 0.71273, accuracy : 0.74797
Epoch 30/300, valid auc : 0.70388, valid accuracy : 0.75020
0.7030 to 0.7039
test_auc: 0.7122	test_accuracy: 0.7475	test_loss: 0.5165	
Epoch 31/300, loss : 0.52068, auc : 0.71369, accuracy : 0.74798
Epoch 31/300, valid auc : 0.70471, valid accuracy : 0.75042
0.7039 to 0.7047
test_auc: 0.7131	test_accuracy: 0.7477	test_loss: 0.5160	
Epoch 32/300, loss : 0.52020, auc : 0.71458, accuracy : 0.74803
Epoch 32/300, valid auc : 0.70546, valid accuracy : 0.75067
0.7047 to 0.7055
test_auc: 0.7140	test_accuracy: 0.7479	test_loss: 0.5155	
Epoch 33/300, loss : 0.51974, auc : 0.71541, accuracy : 0.74809
Epoch 33/300, valid auc : 0.70610, valid accuracy : 0.75067
0.7055 to 0.7061
test_auc: 0.7147	test_accuracy: 0.7478	test_loss: 0.5150	
Epoch 34/300, loss : 0.51932, auc : 0.71617, accuracy : 0.74825
Epoch 34/300, valid auc : 0.70671, valid accuracy : 0.75073
0.7061 to 0.7067
test_auc: 0.7154	test_accuracy: 0.7479	test_loss: 0.5146	
Epoch 35/300, loss : 0.51891, auc : 0.71690, accuracy : 0.74840
Epoch 35/300, valid auc : 0.70726, valid accuracy : 0.75080
0.7067 to 0.7073
test_auc: 0.7161	test_accuracy: 0.7482	test_loss: 0.5142	
Epoch 36/300, loss : 0.51852, auc : 0.71760, accuracy : 0.74842
Epoch 36/300, valid auc : 0.70774, valid accuracy : 0.75086
0.7073 to 0.7077
test_auc: 0.7166	test_accuracy: 0.7482	test_loss: 0.5139	
Epoch 37/300, loss : 0.51813, auc : 0.71828, accuracy : 0.74846
Epoch 37/300, valid auc : 0.70821, valid accuracy : 0.75088
0.7077 to 0.7082
test_auc: 0.7171	test_accuracy: 0.7484	test_loss: 0.5135	
Epoch 38/300, loss : 0.51776, auc : 0.71893, accuracy : 0.74858
Epoch 38/300, valid auc : 0.70868, valid accuracy : 0.75080
0.7082 to 0.7087
test_auc: 0.7176	test_accuracy: 0.7484	test_loss: 0.5132	
Epoch 39/300, loss : 0.51740, auc : 0.71957, accuracy : 0.74869
Epoch 39/300, valid auc : 0.70916, valid accuracy : 0.75086
0.7087 to 0.7092
test_auc: 0.7181	test_accuracy: 0.7485	test_loss: 0.5129	
Epoch 40/300, loss : 0.51706, auc : 0.72019, accuracy : 0.74875
Epoch 40/300, valid auc : 0.70958, valid accuracy : 0.75068
0.7092 to 0.7096
test_auc: 0.7186	test_accuracy: 0.7485	test_loss: 0.5126	
Epoch 41/300, loss : 0.51672, auc : 0.72079, accuracy : 0.74891
Epoch 41/300, valid auc : 0.71001, valid accuracy : 0.75051
0.7096 to 0.7100
test_auc: 0.7190	test_accuracy: 0.7485	test_loss: 0.5123	
Epoch 42/300, loss : 0.51638, auc : 0.72139, accuracy : 0.74909
Epoch 42/300, valid auc : 0.71046, valid accuracy : 0.75057
0.7100 to 0.7105
test_auc: 0.7195	test_accuracy: 0.7487	test_loss: 0.5120	
Epoch 43/300, loss : 0.51605, auc : 0.72198, accuracy : 0.74922
Epoch 43/300, valid auc : 0.71094, valid accuracy : 0.75079
0.7105 to 0.7109
test_auc: 0.7199	test_accuracy: 0.7488	test_loss: 0.5117	
Epoch 44/300, loss : 0.51571, auc : 0.72261, accuracy : 0.74918
Epoch 44/300, valid auc : 0.71156, valid accuracy : 0.75080
0.7109 to 0.7116
test_auc: 0.7204	test_accuracy: 0.7488	test_loss: 0.5114	
Epoch 45/300, loss : 0.51535, auc : 0.72330, accuracy : 0.74929
Epoch 45/300, valid auc : 0.71213, valid accuracy : 0.75084
0.7116 to 0.7121
test_auc: 0.7209	test_accuracy: 0.7489	test_loss: 0.5111	
Epoch 46/300, loss : 0.51506, auc : 0.72383, accuracy : 0.74942
Epoch 46/300, valid auc : 0.71257, valid accuracy : 0.75076
0.7121 to 0.7126
test_auc: 0.7213	test_accuracy: 0.7490	test_loss: 0.5109	
Epoch 47/300, loss : 0.51481, auc : 0.72426, accuracy : 0.74949
Epoch 47/300, valid auc : 0.71292, valid accuracy : 0.75110
0.7126 to 0.7129
test_auc: 0.7216	test_accuracy: 0.7493	test_loss: 0.5107	
Epoch 48/300, loss : 0.51458, auc : 0.72466, accuracy : 0.74960
Epoch 48/300, valid auc : 0.71322, valid accuracy : 0.75121
0.7129 to 0.7132
test_auc: 0.7219	test_accuracy: 0.7493	test_loss: 0.5105	
Epoch 49/300, loss : 0.51436, auc : 0.72503, accuracy : 0.74974
Epoch 49/300, valid auc : 0.71352, valid accuracy : 0.75111
0.7132 to 0.7135
test_auc: 0.7222	test_accuracy: 0.7493	test_loss: 0.5104	
Epoch 50/300, loss : 0.51414, auc : 0.72539, accuracy : 0.74991
Epoch 50/300, valid auc : 0.71380, valid accuracy : 0.75121
0.7135 to 0.7138
test_auc: 0.7224	test_accuracy: 0.7494	test_loss: 0.5103	
Epoch 51/300, loss : 0.51393, auc : 0.72574, accuracy : 0.74993
Epoch 51/300, valid auc : 0.71403, valid accuracy : 0.75130
0.7138 to 0.7140
test_auc: 0.7227	test_accuracy: 0.7495	test_loss: 0.5101	
Epoch 52/300, loss : 0.51372, auc : 0.72608, accuracy : 0.74998
Epoch 52/300, valid auc : 0.71427, valid accuracy : 0.75133
0.7140 to 0.7143
test_auc: 0.7229	test_accuracy: 0.7495	test_loss: 0.5100	
Epoch 53/300, loss : 0.51353, auc : 0.72639, accuracy : 0.75011
Epoch 53/300, valid auc : 0.71453, valid accuracy : 0.75131
0.7143 to 0.7145
test_auc: 0.7232	test_accuracy: 0.7495	test_loss: 0.5098	
Epoch 54/300, loss : 0.51334, auc : 0.72669, accuracy : 0.75013
Epoch 54/300, valid auc : 0.71473, valid accuracy : 0.75124
0.7145 to 0.7147
test_auc: 0.7233	test_accuracy: 0.7494	test_loss: 0.5097	
Epoch 55/300, loss : 0.51316, auc : 0.72698, accuracy : 0.75021
Epoch 55/300, valid auc : 0.71490, valid accuracy : 0.75122
0.7147 to 0.7149
test_auc: 0.7235	test_accuracy: 0.7495	test_loss: 0.5096	
Epoch 56/300, loss : 0.51298, auc : 0.72727, accuracy : 0.75020
Epoch 56/300, valid auc : 0.71509, valid accuracy : 0.75130
0.7149 to 0.7151
test_auc: 0.7237	test_accuracy: 0.7495	test_loss: 0.5095	
Epoch 57/300, loss : 0.51280, auc : 0.72754, accuracy : 0.75023
Epoch 57/300, valid auc : 0.71524, valid accuracy : 0.75144
0.7151 to 0.7152
test_auc: 0.7238	test_accuracy: 0.7495	test_loss: 0.5094	
Epoch 58/300, loss : 0.51264, auc : 0.72780, accuracy : 0.75037
Epoch 58/300, valid auc : 0.71540, valid accuracy : 0.75135
0.7152 to 0.7154
test_auc: 0.7239	test_accuracy: 0.7496	test_loss: 0.5093	
Epoch 59/300, loss : 0.51247, auc : 0.72806, accuracy : 0.75041
Epoch 59/300, valid auc : 0.71553, valid accuracy : 0.75142
0.7154 to 0.7155
test_auc: 0.7241	test_accuracy: 0.7497	test_loss: 0.5092	
Epoch 60/300, loss : 0.51231, auc : 0.72831, accuracy : 0.75052
Epoch 60/300, valid auc : 0.71568, valid accuracy : 0.75145
0.7155 to 0.7157
test_auc: 0.7242	test_accuracy: 0.7497	test_loss: 0.5091	
Epoch 61/300, loss : 0.51216, auc : 0.72855, accuracy : 0.75054
Epoch 61/300, valid auc : 0.71584, valid accuracy : 0.75138
0.7157 to 0.7158
test_auc: 0.7243	test_accuracy: 0.7497	test_loss: 0.5091	
Epoch 62/300, loss : 0.51201, auc : 0.72879, accuracy : 0.75055
Epoch 62/300, valid auc : 0.71597, valid accuracy : 0.75148
0.7158 to 0.7160
test_auc: 0.7245	test_accuracy: 0.7497	test_loss: 0.5090	
Epoch 63/300, loss : 0.51186, auc : 0.72901, accuracy : 0.75063
Epoch 63/300, valid auc : 0.71611, valid accuracy : 0.75148
0.7160 to 0.7161
test_auc: 0.7246	test_accuracy: 0.7497	test_loss: 0.5089	
Epoch 64/300, loss : 0.51172, auc : 0.72923, accuracy : 0.75077
Epoch 64/300, valid auc : 0.71625, valid accuracy : 0.75135
0.7161 to 0.7163
test_auc: 0.7247	test_accuracy: 0.7497	test_loss: 0.5089	
Epoch 65/300, loss : 0.51158, auc : 0.72945, accuracy : 0.75077
Epoch 65/300, valid auc : 0.71638, valid accuracy : 0.75142
0.7163 to 0.7164
test_auc: 0.7247	test_accuracy: 0.7496	test_loss: 0.5088	
Epoch 66/300, loss : 0.51144, auc : 0.72967, accuracy : 0.75094
Epoch 66/300, valid auc : 0.71650, valid accuracy : 0.75135
0.7164 to 0.7165
test_auc: 0.7248	test_accuracy: 0.7496	test_loss: 0.5087	
Epoch 67/300, loss : 0.51130, auc : 0.72989, accuracy : 0.75097
Epoch 67/300, valid auc : 0.71666, valid accuracy : 0.75141
0.7165 to 0.7167
test_auc: 0.7250	test_accuracy: 0.7497	test_loss: 0.5086	
Epoch 68/300, loss : 0.51115, auc : 0.73013, accuracy : 0.75101
Epoch 68/300, valid auc : 0.71684, valid accuracy : 0.75137
0.7167 to 0.7168
test_auc: 0.7251	test_accuracy: 0.7497	test_loss: 0.5086	
Epoch 69/300, loss : 0.51099, auc : 0.73039, accuracy : 0.75106
Epoch 69/300, valid auc : 0.71703, valid accuracy : 0.75139
0.7168 to 0.7170
test_auc: 0.7253	test_accuracy: 0.7498	test_loss: 0.5085	
Epoch 70/300, loss : 0.51083, auc : 0.73066, accuracy : 0.75120
Epoch 70/300, valid auc : 0.71715, valid accuracy : 0.75139
0.7170 to 0.7171
test_auc: 0.7254	test_accuracy: 0.7501	test_loss: 0.5084	
Epoch 71/300, loss : 0.51067, auc : 0.73091, accuracy : 0.75129
Epoch 71/300, valid auc : 0.71728, valid accuracy : 0.75150
0.7171 to 0.7173
test_auc: 0.7255	test_accuracy: 0.7501	test_loss: 0.5083	
Epoch 72/300, loss : 0.51051, auc : 0.73115, accuracy : 0.75133
Epoch 72/300, valid auc : 0.71739, valid accuracy : 0.75154
0.7173 to 0.7174
test_auc: 0.7256	test_accuracy: 0.7502	test_loss: 0.5082	
Epoch 73/300, loss : 0.51036, auc : 0.73137, accuracy : 0.75146
Epoch 73/300, valid auc : 0.71747, valid accuracy : 0.75189
0.7174 to 0.7175
test_auc: 0.7257	test_accuracy: 0.7502	test_loss: 0.5082	
Epoch 74/300, loss : 0.51022, auc : 0.73158, accuracy : 0.75146
Epoch 74/300, valid auc : 0.71755, valid accuracy : 0.75188
0.7175 to 0.7175
test_auc: 0.7258	test_accuracy: 0.7503	test_loss: 0.5081	
Epoch 75/300, loss : 0.51008, auc : 0.73178, accuracy : 0.75153
Epoch 75/300, valid auc : 0.71764, valid accuracy : 0.75204
0.7175 to 0.7176
test_auc: 0.7259	test_accuracy: 0.7504	test_loss: 0.5081	
Epoch 76/300, loss : 0.50995, auc : 0.73197, accuracy : 0.75161
Epoch 76/300, valid auc : 0.71773, valid accuracy : 0.75220
0.7176 to 0.7177
test_auc: 0.7259	test_accuracy: 0.7504	test_loss: 0.5081	
Epoch 77/300, loss : 0.50983, auc : 0.73215, accuracy : 0.75173
Epoch 77/300, valid auc : 0.71779, valid accuracy : 0.75226
0.7177 to 0.7178
test_auc: 0.7260	test_accuracy: 0.7504	test_loss: 0.5080	
Epoch 78/300, loss : 0.50971, auc : 0.73232, accuracy : 0.75178
Epoch 78/300, valid auc : 0.71785, valid accuracy : 0.75227
0.7178 to 0.7178
test_auc: 0.7260	test_accuracy: 0.7504	test_loss: 0.5080	
Epoch 79/300, loss : 0.50960, auc : 0.73249, accuracy : 0.75181
Epoch 79/300, valid auc : 0.71788, valid accuracy : 0.75215
0.7178 to 0.7179
test_auc: 0.7260	test_accuracy: 0.7503	test_loss: 0.5080	
Epoch 80/300, loss : 0.50949, auc : 0.73264, accuracy : 0.75188
Epoch 80/300, valid auc : 0.71792, valid accuracy : 0.75214
0.7179 to 0.7179
test_auc: 0.7261	test_accuracy: 0.7503	test_loss: 0.5080	
Epoch 81/300, loss : 0.50938, auc : 0.73280, accuracy : 0.75192
Epoch 81/300, valid auc : 0.71796, valid accuracy : 0.75208
0.7179 to 0.7180
test_auc: 0.7261	test_accuracy: 0.7502	test_loss: 0.5080	
Epoch 82/300, loss : 0.50927, auc : 0.73294, accuracy : 0.75201
Epoch 82/300, valid auc : 0.71799, valid accuracy : 0.75208
0.7180 to 0.7180
test_auc: 0.7262	test_accuracy: 0.7502	test_loss: 0.5080	
Epoch 83/300, loss : 0.50917, auc : 0.73309, accuracy : 0.75201
Epoch 83/300, valid auc : 0.71807, valid accuracy : 0.75199
0.7180 to 0.7181
test_auc: 0.7262	test_accuracy: 0.7501	test_loss: 0.5079	
Epoch 84/300, loss : 0.50907, auc : 0.73323, accuracy : 0.75213
Epoch 84/300, valid auc : 0.71811, valid accuracy : 0.75214
0.7181 to 0.7181
test_auc: 0.7262	test_accuracy: 0.7500	test_loss: 0.5079	
Epoch 85/300, loss : 0.50898, auc : 0.73337, accuracy : 0.75215
Epoch 85/300, valid auc : 0.71816, valid accuracy : 0.75211
0.7181 to 0.7182
test_auc: 0.7263	test_accuracy: 0.7501	test_loss: 0.5079	
Epoch 86/300, loss : 0.50888, auc : 0.73350, accuracy : 0.75218
Epoch 86/300, valid auc : 0.71822, valid accuracy : 0.75211
0.7182 to 0.7182
test_auc: 0.7263	test_accuracy: 0.7501	test_loss: 0.5079	
Epoch 87/300, loss : 0.50879, auc : 0.73363, accuracy : 0.75231
Epoch 87/300, valid auc : 0.71827, valid accuracy : 0.75212
0.7182 to 0.7183
test_auc: 0.7263	test_accuracy: 0.7500	test_loss: 0.5079	
Epoch 88/300, loss : 0.50870, auc : 0.73376, accuracy : 0.75237
Epoch 88/300, valid auc : 0.71832, valid accuracy : 0.75224
0.7183 to 0.7183
test_auc: 0.7263	test_accuracy: 0.7500	test_loss: 0.5079	
Epoch 89/300, loss : 0.50862, auc : 0.73388, accuracy : 0.75245
Epoch 89/300, valid auc : 0.71832, valid accuracy : 0.75223
0.7183 to 0.7183
test_auc: 0.7263	test_accuracy: 0.7500	test_loss: 0.5079	
Epoch 90/300, loss : 0.50853, auc : 0.73400, accuracy : 0.75243
Epoch 90/300, valid auc : 0.71836, valid accuracy : 0.75231
0.7183 to 0.7184
test_auc: 0.7263	test_accuracy: 0.7500	test_loss: 0.5079	
Epoch 91/300, loss : 0.50845, auc : 0.73411, accuracy : 0.75240
Epoch 91/300, valid auc : 0.71841, valid accuracy : 0.75230
0.7184 to 0.7184
test_auc: 0.7264	test_accuracy: 0.7501	test_loss: 0.5079	
Epoch 92/300, loss : 0.50838, auc : 0.73423, accuracy : 0.75240
Epoch 92/300, valid auc : 0.71845, valid accuracy : 0.75224
0.7184 to 0.7185
test_auc: 0.7264	test_accuracy: 0.7500	test_loss: 0.5079	
Epoch 93/300, loss : 0.50830, auc : 0.73434, accuracy : 0.75246
Epoch 93/300, valid auc : 0.71846, valid accuracy : 0.75218
0.7185 to 0.7185
test_auc: 0.7264	test_accuracy: 0.7501	test_loss: 0.5079	
Epoch 94/300, loss : 0.50823, auc : 0.73444, accuracy : 0.75252
Epoch 94/300, valid auc : 0.71849, valid accuracy : 0.75216
0.7185 to 0.7185
test_auc: 0.7264	test_accuracy: 0.7500	test_loss: 0.5079	
Epoch 95/300, loss : 0.50815, auc : 0.73455, accuracy : 0.75254
Epoch 95/300, valid auc : 0.71850, valid accuracy : 0.75207
0.7185 to 0.7185
test_auc: 0.7264	test_accuracy: 0.7501	test_loss: 0.5079	
Epoch 96/300, loss : 0.50808, auc : 0.73464, accuracy : 0.75257
Epoch 96/300, valid auc : 0.71851, valid accuracy : 0.75203
0.7185 to 0.7185
test_auc: 0.7264	test_accuracy: 0.7500	test_loss: 0.5079	
Epoch 97/300, loss : 0.50802, auc : 0.73474, accuracy : 0.75255
Epoch 97/300, valid auc : 0.71851, valid accuracy : 0.75212
0.7185 to 0.7185
test_auc: 0.7264	test_accuracy: 0.7501	test_loss: 0.5079	
Epoch 98/300, loss : 0.50795, auc : 0.73483, accuracy : 0.75264
Epoch 98/300, valid auc : 0.71852, valid accuracy : 0.75225
0.7185 to 0.7185
test_auc: 0.7264	test_accuracy: 0.7501	test_loss: 0.5079	
Epoch 99/300, loss : 0.50789, auc : 0.73492, accuracy : 0.75270
Epoch 99/300, valid auc : 0.71854, valid accuracy : 0.75230
0.7185 to 0.7185
test_auc: 0.7265	test_accuracy: 0.7501	test_loss: 0.5079	
Epoch 100/300, loss : 0.50782, auc : 0.73501, accuracy : 0.75272
Epoch 100/300, valid auc : 0.71855, valid accuracy : 0.75230
0.7185 to 0.7185
test_auc: 0.7265	test_accuracy: 0.7501	test_loss: 0.5079	
Epoch 101/300, loss : 0.50777, auc : 0.73509, accuracy : 0.75276
Epoch 101/300, valid auc : 0.71857, valid accuracy : 0.75229
0.7185 to 0.7186
test_auc: 0.7265	test_accuracy: 0.7501	test_loss: 0.5079	
Epoch 102/300, loss : 0.50770, auc : 0.73517, accuracy : 0.75287
Epoch 102/300, valid auc : 0.71858, valid accuracy : 0.75231
0.7186 to 0.7186
test_auc: 0.7265	test_accuracy: 0.7501	test_loss: 0.5079	
Epoch 103/300, loss : 0.50764, auc : 0.73525, accuracy : 0.75290
Epoch 103/300, valid auc : 0.71856, valid accuracy : 0.75223
Epoch 104/300, loss : 0.50759, auc : 0.73533, accuracy : 0.75292
Epoch 104/300, valid auc : 0.71859, valid accuracy : 0.75238
0.7186 to 0.7186
test_auc: 0.7265	test_accuracy: 0.7502	test_loss: 0.5079	
Epoch 105/300, loss : 0.50753, auc : 0.73541, accuracy : 0.75296
Epoch 105/300, valid auc : 0.71860, valid accuracy : 0.75236
0.7186 to 0.7186
test_auc: 0.7265	test_accuracy: 0.7501	test_loss: 0.5079	
Epoch 106/300, loss : 0.50747, auc : 0.73549, accuracy : 0.75300
Epoch 106/300, valid auc : 0.71858, valid accuracy : 0.75238
Epoch 107/300, loss : 0.50741, auc : 0.73557, accuracy : 0.75303
Epoch 107/300, valid auc : 0.71857, valid accuracy : 0.75245
Epoch 108/300, loss : 0.50736, auc : 0.73564, accuracy : 0.75304
Epoch 108/300, valid auc : 0.71858, valid accuracy : 0.75243
Epoch 109/300, loss : 0.50730, auc : 0.73572, accuracy : 0.75298
Epoch 109/300, valid auc : 0.71859, valid accuracy : 0.75240
Epoch 110/300, loss : 0.50725, auc : 0.73580, accuracy : 0.75303
Epoch 110/300, valid auc : 0.71862, valid accuracy : 0.75242
0.7186 to 0.7186
test_auc: 0.7265	test_accuracy: 0.7502	test_loss: 0.5079	
Epoch 111/300, loss : 0.50719, auc : 0.73588, accuracy : 0.75304
Epoch 111/300, valid auc : 0.71860, valid accuracy : 0.75229
Epoch 112/300, loss : 0.50713, auc : 0.73596, accuracy : 0.75304
Epoch 112/300, valid auc : 0.71858, valid accuracy : 0.75224
Epoch 113/300, loss : 0.50707, auc : 0.73603, accuracy : 0.75313
Epoch 113/300, valid auc : 0.71858, valid accuracy : 0.75229
Epoch 114/300, loss : 0.50702, auc : 0.73610, accuracy : 0.75315
Epoch 114/300, valid auc : 0.71856, valid accuracy : 0.75229
Epoch 115/300, loss : 0.50697, auc : 0.73617, accuracy : 0.75316
Epoch 115/300, valid auc : 0.71857, valid accuracy : 0.75236
Epoch 116/300, loss : 0.50692, auc : 0.73624, accuracy : 0.75314
Epoch 116/300, valid auc : 0.71859, valid accuracy : 0.75236
Epoch 117/300, loss : 0.50687, auc : 0.73631, accuracy : 0.75321
Epoch 117/300, valid auc : 0.71858, valid accuracy : 0.75236
Epoch 118/300, loss : 0.50682, auc : 0.73638, accuracy : 0.75320
Epoch 118/300, valid auc : 0.71857, valid accuracy : 0.75235
Epoch 119/300, loss : 0.50677, auc : 0.73645, accuracy : 0.75320
Epoch 119/300, valid auc : 0.71856, valid accuracy : 0.75229
Epoch 120/300, loss : 0.50673, auc : 0.73651, accuracy : 0.75327
Epoch 120/300, valid auc : 0.71856, valid accuracy : 0.75231
Epoch 121/300, loss : 0.50668, auc : 0.73657, accuracy : 0.75329
Epoch 121/300, valid auc : 0.71856, valid accuracy : 0.75233
Epoch 122/300, loss : 0.50663, auc : 0.73664, accuracy : 0.75326
Epoch 122/300, valid auc : 0.71855, valid accuracy : 0.75230
Epoch 123/300, loss : 0.50659, auc : 0.73670, accuracy : 0.75330
Epoch 123/300, valid auc : 0.71853, valid accuracy : 0.75229
Epoch 124/300, loss : 0.50654, auc : 0.73676, accuracy : 0.75328
Epoch 124/300, valid auc : 0.71853, valid accuracy : 0.75220
Epoch 125/300, loss : 0.50650, auc : 0.73682, accuracy : 0.75330
Epoch 125/300, valid auc : 0.71857, valid accuracy : 0.75220
Epoch 126/300, loss : 0.50646, auc : 0.73688, accuracy : 0.75328
Epoch 126/300, valid auc : 0.71856, valid accuracy : 0.75220
Epoch 127/300, loss : 0.50642, auc : 0.73694, accuracy : 0.75328
Epoch 127/300, valid auc : 0.71854, valid accuracy : 0.75223
Epoch 128/300, loss : 0.50637, auc : 0.73700, accuracy : 0.75328
Epoch 128/300, valid auc : 0.71854, valid accuracy : 0.75229
Epoch 129/300, loss : 0.50633, auc : 0.73706, accuracy : 0.75331
Epoch 129/300, valid auc : 0.71854, valid accuracy : 0.75232
Epoch 130/300, loss : 0.50629, auc : 0.73711, accuracy : 0.75334
Epoch 130/300, valid auc : 0.71851, valid accuracy : 0.75231
Epoch 131/300, loss : 0.50626, auc : 0.73716, accuracy : 0.75334
Epoch 131/300, valid auc : 0.71851, valid accuracy : 0.75240
Epoch 132/300, loss : 0.50622, auc : 0.73722, accuracy : 0.75334
Epoch 132/300, valid auc : 0.71851, valid accuracy : 0.75221
Epoch 133/300, loss : 0.50618, auc : 0.73727, accuracy : 0.75336
Epoch 133/300, valid auc : 0.71850, valid accuracy : 0.75231
Epoch 134/300, loss : 0.50614, auc : 0.73732, accuracy : 0.75345
Epoch 134/300, valid auc : 0.71848, valid accuracy : 0.75215
Epoch 135/300, loss : 0.50610, auc : 0.73738, accuracy : 0.75345
Epoch 135/300, valid auc : 0.71845, valid accuracy : 0.75221
Epoch 136/300, loss : 0.50607, auc : 0.73743, accuracy : 0.75347
Epoch 136/300, valid auc : 0.71847, valid accuracy : 0.75216
Epoch 137/300, loss : 0.50603, auc : 0.73748, accuracy : 0.75346
Epoch 137/300, valid auc : 0.71845, valid accuracy : 0.75210
Epoch 138/300, loss : 0.50600, auc : 0.73753, accuracy : 0.75350
Epoch 138/300, valid auc : 0.71841, valid accuracy : 0.75213
Epoch 139/300, loss : 0.50596, auc : 0.73758, accuracy : 0.75350
Epoch 139/300, valid auc : 0.71839, valid accuracy : 0.75222
Epoch 140/300, loss : 0.50592, auc : 0.73763, accuracy : 0.75346
Epoch 140/300, valid auc : 0.71839, valid accuracy : 0.75216
Epoch 141/300, loss : 0.50589, auc : 0.73767, accuracy : 0.75346
Epoch 141/300, valid auc : 0.71840, valid accuracy : 0.75216
Epoch 142/300, loss : 0.50585, auc : 0.73772, accuracy : 0.75351
Epoch 142/300, valid auc : 0.71839, valid accuracy : 0.75222
Epoch 143/300, loss : 0.50582, auc : 0.73777, accuracy : 0.75352
Epoch 143/300, valid auc : 0.71836, valid accuracy : 0.75220
Epoch 144/300, loss : 0.50579, auc : 0.73782, accuracy : 0.75365
Epoch 144/300, valid auc : 0.71835, valid accuracy : 0.75221
Epoch 145/300, loss : 0.50575, auc : 0.73787, accuracy : 0.75365
Epoch 145/300, valid auc : 0.71835, valid accuracy : 0.75201
Epoch 146/300, loss : 0.50572, auc : 0.73791, accuracy : 0.75374
Epoch 146/300, valid auc : 0.71836, valid accuracy : 0.75186
Epoch 147/300, loss : 0.50569, auc : 0.73796, accuracy : 0.75371
Epoch 147/300, valid auc : 0.71835, valid accuracy : 0.75193
Epoch 148/300, loss : 0.50566, auc : 0.73800, accuracy : 0.75371
Epoch 148/300, valid auc : 0.71835, valid accuracy : 0.75194
Epoch 149/300, loss : 0.50562, auc : 0.73805, accuracy : 0.75367
Epoch 149/300, valid auc : 0.71836, valid accuracy : 0.75215
Epoch 150/300, loss : 0.50559, auc : 0.73810, accuracy : 0.75363
Epoch 150/300, valid auc : 0.71834, valid accuracy : 0.75211
Epoch 151/300, loss : 0.50556, auc : 0.73814, accuracy : 0.75364
Epoch 151/300, valid auc : 0.71832, valid accuracy : 0.75214
Epoch 152/300, loss : 0.50553, auc : 0.73819, accuracy : 0.75357
Epoch 152/300, valid auc : 0.71834, valid accuracy : 0.75210
Epoch 153/300, loss : 0.50550, auc : 0.73823, accuracy : 0.75357
Epoch 153/300, valid auc : 0.71835, valid accuracy : 0.75209
Epoch 154/300, loss : 0.50547, auc : 0.73828, accuracy : 0.75360
Epoch 154/300, valid auc : 0.71833, valid accuracy : 0.75213
Epoch 155/300, loss : 0.50543, auc : 0.73832, accuracy : 0.75361
Epoch 155/300, valid auc : 0.71831, valid accuracy : 0.75197
Epoch 156/300, loss : 0.50540, auc : 0.73837, accuracy : 0.75365
Epoch 156/300, valid auc : 0.71830, valid accuracy : 0.75194
Epoch 157/300, loss : 0.50537, auc : 0.73841, accuracy : 0.75370
Epoch 157/300, valid auc : 0.71830, valid accuracy : 0.75193
Epoch 158/300, loss : 0.50534, auc : 0.73845, accuracy : 0.75376
Epoch 158/300, valid auc : 0.71831, valid accuracy : 0.75180
Epoch 159/300, loss : 0.50531, auc : 0.73850, accuracy : 0.75378
Epoch 159/300, valid auc : 0.71829, valid accuracy : 0.75171
Epoch 160/300, loss : 0.50528, auc : 0.73854, accuracy : 0.75374
Epoch 160/300, valid auc : 0.71829, valid accuracy : 0.75175
Epoch 161/300, loss : 0.50525, auc : 0.73859, accuracy : 0.75381
Epoch 161/300, valid auc : 0.71828, valid accuracy : 0.75177
Epoch 162/300, loss : 0.50523, auc : 0.73863, accuracy : 0.75374
Epoch 162/300, valid auc : 0.71827, valid accuracy : 0.75180
Epoch 163/300, loss : 0.50520, auc : 0.73867, accuracy : 0.75372
Epoch 163/300, valid auc : 0.71827, valid accuracy : 0.75174
Epoch 164/300, loss : 0.50517, auc : 0.73872, accuracy : 0.75380
Epoch 164/300, valid auc : 0.71826, valid accuracy : 0.75181
Epoch 165/300, loss : 0.50514, auc : 0.73876, accuracy : 0.75377
Epoch 165/300, valid auc : 0.71826, valid accuracy : 0.75168
Epoch 166/300, loss : 0.50511, auc : 0.73880, accuracy : 0.75382
Epoch 166/300, valid auc : 0.71827, valid accuracy : 0.75172
Epoch 167/300, loss : 0.50508, auc : 0.73884, accuracy : 0.75382
Epoch 167/300, valid auc : 0.71826, valid accuracy : 0.75177
Epoch 168/300, loss : 0.50505, auc : 0.73888, accuracy : 0.75383
Epoch 168/300, valid auc : 0.71825, valid accuracy : 0.75172
Epoch 169/300, loss : 0.50503, auc : 0.73892, accuracy : 0.75391
Epoch 169/300, valid auc : 0.71827, valid accuracy : 0.75187
Epoch 170/300, loss : 0.50500, auc : 0.73896, accuracy : 0.75391
Epoch 170/300, valid auc : 0.71828, valid accuracy : 0.75175
Epoch 171/300, loss : 0.50497, auc : 0.73900, accuracy : 0.75391
Epoch 171/300, valid auc : 0.71826, valid accuracy : 0.75185
Epoch 172/300, loss : 0.50494, auc : 0.73904, accuracy : 0.75391
Epoch 172/300, valid auc : 0.71825, valid accuracy : 0.75187
Epoch 173/300, loss : 0.50492, auc : 0.73908, accuracy : 0.75391
Epoch 173/300, valid auc : 0.71824, valid accuracy : 0.75186
Epoch 174/300, loss : 0.50489, auc : 0.73911, accuracy : 0.75396
Epoch 174/300, valid auc : 0.71824, valid accuracy : 0.75178
Epoch 175/300, loss : 0.50487, auc : 0.73915, accuracy : 0.75396
Epoch 175/300, valid auc : 0.71824, valid accuracy : 0.75185
Epoch 176/300, loss : 0.50484, auc : 0.73918, accuracy : 0.75395
Epoch 176/300, valid auc : 0.71824, valid accuracy : 0.75186
Epoch 177/300, loss : 0.50482, auc : 0.73922, accuracy : 0.75396
Epoch 177/300, valid auc : 0.71823, valid accuracy : 0.75187
Epoch 178/300, loss : 0.50479, auc : 0.73925, accuracy : 0.75395
Epoch 178/300, valid auc : 0.71823, valid accuracy : 0.75192
Epoch 179/300, loss : 0.50477, auc : 0.73929, accuracy : 0.75396
Epoch 179/300, valid auc : 0.71823, valid accuracy : 0.75188
Epoch 180/300, loss : 0.50475, auc : 0.73932, accuracy : 0.75401
Epoch 180/300, valid auc : 0.71822, valid accuracy : 0.75187
Epoch 181/300, loss : 0.50472, auc : 0.73936, accuracy : 0.75399
Epoch 181/300, valid auc : 0.71822, valid accuracy : 0.75197
Epoch 182/300, loss : 0.50470, auc : 0.73939, accuracy : 0.75401
Epoch 182/300, valid auc : 0.71821, valid accuracy : 0.75189
Epoch 183/300, loss : 0.50468, auc : 0.73943, accuracy : 0.75402
Epoch 183/300, valid auc : 0.71821, valid accuracy : 0.75187
Epoch 184/300, loss : 0.50466, auc : 0.73946, accuracy : 0.75401
Epoch 184/300, valid auc : 0.71823, valid accuracy : 0.75187
Epoch 185/300, loss : 0.50463, auc : 0.73949, accuracy : 0.75404
Epoch 185/300, valid auc : 0.71824, valid accuracy : 0.75187
Epoch 186/300, loss : 0.50461, auc : 0.73952, accuracy : 0.75403
Epoch 186/300, valid auc : 0.71824, valid accuracy : 0.75188
Epoch 187/300, loss : 0.50459, auc : 0.73955, accuracy : 0.75402
Epoch 187/300, valid auc : 0.71825, valid accuracy : 0.75193
Epoch 188/300, loss : 0.50457, auc : 0.73959, accuracy : 0.75400
Epoch 188/300, valid auc : 0.71824, valid accuracy : 0.75186
Epoch 189/300, loss : 0.50455, auc : 0.73962, accuracy : 0.75401
Epoch 189/300, valid auc : 0.71824, valid accuracy : 0.75192
Epoch 190/300, loss : 0.50453, auc : 0.73965, accuracy : 0.75403
Epoch 190/300, valid auc : 0.71825, valid accuracy : 0.75191
Epoch 191/300, loss : 0.50451, auc : 0.73968, accuracy : 0.75405
Epoch 191/300, valid auc : 0.71826, valid accuracy : 0.75189
Epoch 192/300, loss : 0.50449, auc : 0.73971, accuracy : 0.75406
Epoch 192/300, valid auc : 0.71826, valid accuracy : 0.75181
Epoch 193/300, loss : 0.50447, auc : 0.73974, accuracy : 0.75400
Epoch 193/300, valid auc : 0.71826, valid accuracy : 0.75183
Epoch 194/300, loss : 0.50445, auc : 0.73977, accuracy : 0.75405
Epoch 194/300, valid auc : 0.71826, valid accuracy : 0.75186
Epoch 195/300, loss : 0.50443, auc : 0.73980, accuracy : 0.75405
Epoch 195/300, valid auc : 0.71826, valid accuracy : 0.75191
Epoch 196/300, loss : 0.50441, auc : 0.73984, accuracy : 0.75407
Epoch 196/300, valid auc : 0.71828, valid accuracy : 0.75187
Epoch 197/300, loss : 0.50439, auc : 0.73987, accuracy : 0.75406
Epoch 197/300, valid auc : 0.71828, valid accuracy : 0.75201
Epoch 198/300, loss : 0.50437, auc : 0.73990, accuracy : 0.75404
Epoch 198/300, valid auc : 0.71828, valid accuracy : 0.75192
Epoch 199/300, loss : 0.50435, auc : 0.73993, accuracy : 0.75407
Epoch 199/300, valid auc : 0.71828, valid accuracy : 0.75194
Epoch 200/300, loss : 0.50433, auc : 0.73996, accuracy : 0.75410
Epoch 200/300, valid auc : 0.71828, valid accuracy : 0.75197
Epoch 201/300, loss : 0.50431, auc : 0.73999, accuracy : 0.75409
Epoch 201/300, valid auc : 0.71829, valid accuracy : 0.75196
Epoch 202/300, loss : 0.50429, auc : 0.74002, accuracy : 0.75413
Epoch 202/300, valid auc : 0.71831, valid accuracy : 0.75189
Epoch 203/300, loss : 0.50427, auc : 0.74005, accuracy : 0.75413
Epoch 203/300, valid auc : 0.71831, valid accuracy : 0.75185
Epoch 204/300, loss : 0.50425, auc : 0.74008, accuracy : 0.75413
Epoch 204/300, valid auc : 0.71830, valid accuracy : 0.75183
Epoch 205/300, loss : 0.50423, auc : 0.74011, accuracy : 0.75413
Epoch 205/300, valid auc : 0.71830, valid accuracy : 0.75172
Epoch 206/300, loss : 0.50421, auc : 0.74014, accuracy : 0.75415
Epoch 206/300, valid auc : 0.71830, valid accuracy : 0.75165
Epoch 207/300, loss : 0.50419, auc : 0.74017, accuracy : 0.75411
Epoch 207/300, valid auc : 0.71830, valid accuracy : 0.75172
Epoch 208/300, loss : 0.50417, auc : 0.74019, accuracy : 0.75407
Epoch 208/300, valid auc : 0.71831, valid accuracy : 0.75175
Epoch 209/300, loss : 0.50415, auc : 0.74022, accuracy : 0.75410
Epoch 209/300, valid auc : 0.71832, valid accuracy : 0.75172
Epoch 210/300, loss : 0.50413, auc : 0.74025, accuracy : 0.75408
Epoch 210/300, valid auc : 0.71832, valid accuracy : 0.75180
Epoch 211/300, loss : 0.50411, auc : 0.74028, accuracy : 0.75405
Epoch 211/300, valid auc : 0.71831, valid accuracy : 0.75183
Epoch 212/300, loss : 0.50409, auc : 0.74031, accuracy : 0.75411
Epoch 212/300, valid auc : 0.71832, valid accuracy : 0.75175
Epoch 213/300, loss : 0.50408, auc : 0.74033, accuracy : 0.75415
Epoch 213/300, valid auc : 0.71831, valid accuracy : 0.75176
Epoch 214/300, loss : 0.50406, auc : 0.74036, accuracy : 0.75413
Epoch 214/300, valid auc : 0.71832, valid accuracy : 0.75174
Epoch 215/300, loss : 0.50404, auc : 0.74038, accuracy : 0.75421
Epoch 215/300, valid auc : 0.71832, valid accuracy : 0.75178
Epoch 216/300, loss : 0.50402, auc : 0.74040, accuracy : 0.75422
Epoch 216/300, valid auc : 0.71831, valid accuracy : 0.75183
Epoch 217/300, loss : 0.50401, auc : 0.74043, accuracy : 0.75423
Epoch 217/300, valid auc : 0.71830, valid accuracy : 0.75165
Epoch 218/300, loss : 0.50399, auc : 0.74045, accuracy : 0.75423
Epoch 218/300, valid auc : 0.71831, valid accuracy : 0.75165
Epoch 219/300, loss : 0.50397, auc : 0.74047, accuracy : 0.75428
Epoch 219/300, valid auc : 0.71832, valid accuracy : 0.75160
Epoch 220/300, loss : 0.50396, auc : 0.74049, accuracy : 0.75426
Epoch 220/300, valid auc : 0.71831, valid accuracy : 0.75159
Epoch 221/300, loss : 0.50394, auc : 0.74051, accuracy : 0.75427
Epoch 221/300, valid auc : 0.71832, valid accuracy : 0.75149
Epoch 222/300, loss : 0.50393, auc : 0.74054, accuracy : 0.75424
Epoch 222/300, valid auc : 0.71830, valid accuracy : 0.75149
Epoch 223/300, loss : 0.50391, auc : 0.74055, accuracy : 0.75422
Epoch 223/300, valid auc : 0.71829, valid accuracy : 0.75146
Epoch 224/300, loss : 0.50390, auc : 0.74057, accuracy : 0.75422
Epoch 224/300, valid auc : 0.71829, valid accuracy : 0.75152
Epoch 225/300, loss : 0.50388, auc : 0.74059, accuracy : 0.75421
Epoch 225/300, valid auc : 0.71829, valid accuracy : 0.75136
Epoch 226/300, loss : 0.50386, auc : 0.74061, accuracy : 0.75420
Epoch 226/300, valid auc : 0.71829, valid accuracy : 0.75134
Epoch 227/300, loss : 0.50385, auc : 0.74063, accuracy : 0.75421
Epoch 227/300, valid auc : 0.71830, valid accuracy : 0.75127
Epoch 228/300, loss : 0.50383, auc : 0.74065, accuracy : 0.75428
Epoch 228/300, valid auc : 0.71828, valid accuracy : 0.75115
Epoch 229/300, loss : 0.50382, auc : 0.74067, accuracy : 0.75431
Epoch 229/300, valid auc : 0.71827, valid accuracy : 0.75114
Epoch 230/300, loss : 0.50380, auc : 0.74069, accuracy : 0.75437
Epoch 230/300, valid auc : 0.71827, valid accuracy : 0.75125
Epoch 231/300, loss : 0.50379, auc : 0.74071, accuracy : 0.75440
Epoch 231/300, valid auc : 0.71828, valid accuracy : 0.75117
Epoch 232/300, loss : 0.50377, auc : 0.74073, accuracy : 0.75439
Epoch 232/300, valid auc : 0.71825, valid accuracy : 0.75116
Epoch 233/300, loss : 0.50376, auc : 0.74074, accuracy : 0.75439
Epoch 233/300, valid auc : 0.71825, valid accuracy : 0.75114
Epoch 234/300, loss : 0.50374, auc : 0.74076, accuracy : 0.75435
Epoch 234/300, valid auc : 0.71824, valid accuracy : 0.75111
Epoch 235/300, loss : 0.50373, auc : 0.74078, accuracy : 0.75438
Epoch 235/300, valid auc : 0.71822, valid accuracy : 0.75114
Epoch 236/300, loss : 0.50371, auc : 0.74080, accuracy : 0.75439
Epoch 236/300, valid auc : 0.71823, valid accuracy : 0.75108
Epoch 237/300, loss : 0.50370, auc : 0.74082, accuracy : 0.75432
Epoch 237/300, valid auc : 0.71822, valid accuracy : 0.75106
Epoch 238/300, loss : 0.50368, auc : 0.74084, accuracy : 0.75430
Epoch 238/300, valid auc : 0.71822, valid accuracy : 0.75099
Epoch 239/300, loss : 0.50367, auc : 0.74085, accuracy : 0.75430
Epoch 239/300, valid auc : 0.71821, valid accuracy : 0.75099
Epoch 240/300, loss : 0.50365, auc : 0.74087, accuracy : 0.75426
Epoch 240/300, valid auc : 0.71819, valid accuracy : 0.75094
Epoch 241/300, loss : 0.50364, auc : 0.74089, accuracy : 0.75424
Epoch 241/300, valid auc : 0.71818, valid accuracy : 0.75092
Epoch 242/300, loss : 0.50362, auc : 0.74091, accuracy : 0.75435
Epoch 242/300, valid auc : 0.71817, valid accuracy : 0.75092
Epoch 243/300, loss : 0.50361, auc : 0.74093, accuracy : 0.75434
Epoch 243/300, valid auc : 0.71816, valid accuracy : 0.75092
Epoch 244/300, loss : 0.50359, auc : 0.74095, accuracy : 0.75432
Epoch 244/300, valid auc : 0.71814, valid accuracy : 0.75089
Epoch 245/300, loss : 0.50357, auc : 0.74097, accuracy : 0.75432
Epoch 245/300, valid auc : 0.71813, valid accuracy : 0.75098
Epoch 246/300, loss : 0.50356, auc : 0.74098, accuracy : 0.75436
Epoch 246/300, valid auc : 0.71813, valid accuracy : 0.75098
Epoch 247/300, loss : 0.50354, auc : 0.74101, accuracy : 0.75438
Epoch 247/300, valid auc : 0.71811, valid accuracy : 0.75100
Epoch 248/300, loss : 0.50353, auc : 0.74103, accuracy : 0.75439
Epoch 248/300, valid auc : 0.71811, valid accuracy : 0.75102
Epoch 249/300, loss : 0.50351, auc : 0.74105, accuracy : 0.75438
Epoch 249/300, valid auc : 0.71809, valid accuracy : 0.75090
Epoch 250/300, loss : 0.50350, auc : 0.74107, accuracy : 0.75442
Epoch 250/300, valid auc : 0.71807, valid accuracy : 0.75099
Epoch 251/300, loss : 0.50348, auc : 0.74108, accuracy : 0.75440
Epoch 251/300, valid auc : 0.71805, valid accuracy : 0.75104
Epoch 252/300, loss : 0.50347, auc : 0.74110, accuracy : 0.75443
Epoch 252/300, valid auc : 0.71806, valid accuracy : 0.75099
Epoch 253/300, loss : 0.50345, auc : 0.74112, accuracy : 0.75442
Epoch 253/300, valid auc : 0.71804, valid accuracy : 0.75103
Epoch 254/300, loss : 0.50344, auc : 0.74114, accuracy : 0.75443
Epoch 254/300, valid auc : 0.71803, valid accuracy : 0.75100
Epoch 255/300, loss : 0.50342, auc : 0.74116, accuracy : 0.75446
Epoch 255/300, valid auc : 0.71804, valid accuracy : 0.75101
Epoch 256/300, loss : 0.50340, auc : 0.74119, accuracy : 0.75442
Epoch 256/300, valid auc : 0.71802, valid accuracy : 0.75102
Epoch 257/300, loss : 0.50339, auc : 0.74121, accuracy : 0.75444
Epoch 257/300, valid auc : 0.71798, valid accuracy : 0.75108
Epoch 258/300, loss : 0.50337, auc : 0.74123, accuracy : 0.75446
Epoch 258/300, valid auc : 0.71797, valid accuracy : 0.75109
Epoch 259/300, loss : 0.50336, auc : 0.74125, accuracy : 0.75448
Epoch 259/300, valid auc : 0.71795, valid accuracy : 0.75110
Epoch 260/300, loss : 0.50334, auc : 0.74127, accuracy : 0.75451
Epoch 260/300, valid auc : 0.71794, valid accuracy : 0.75116
Epoch 261/300, loss : 0.50332, auc : 0.74129, accuracy : 0.75450
Epoch 261/300, valid auc : 0.71794, valid accuracy : 0.75128
Epoch 262/300, loss : 0.50331, auc : 0.74131, accuracy : 0.75458
Epoch 262/300, valid auc : 0.71791, valid accuracy : 0.75133
Epoch 263/300, loss : 0.50329, auc : 0.74133, accuracy : 0.75459
Epoch 263/300, valid auc : 0.71788, valid accuracy : 0.75128
Epoch 264/300, loss : 0.50328, auc : 0.74135, accuracy : 0.75457
Epoch 264/300, valid auc : 0.71787, valid accuracy : 0.75133
Epoch 265/300, loss : 0.50327, auc : 0.74137, accuracy : 0.75456
Epoch 265/300, valid auc : 0.71787, valid accuracy : 0.75125
Epoch 266/300, loss : 0.50325, auc : 0.74139, accuracy : 0.75462
Epoch 266/300, valid auc : 0.71788, valid accuracy : 0.75124
Epoch 267/300, loss : 0.50323, auc : 0.74141, accuracy : 0.75465
Epoch 267/300, valid auc : 0.71786, valid accuracy : 0.75131
Epoch 268/300, loss : 0.50322, auc : 0.74143, accuracy : 0.75467
Epoch 268/300, valid auc : 0.71785, valid accuracy : 0.75130
Epoch 269/300, loss : 0.50320, auc : 0.74145, accuracy : 0.75473
Epoch 269/300, valid auc : 0.71782, valid accuracy : 0.75121
Epoch 270/300, loss : 0.50319, auc : 0.74147, accuracy : 0.75469
Epoch 270/300, valid auc : 0.71779, valid accuracy : 0.75120
Epoch 271/300, loss : 0.50317, auc : 0.74149, accuracy : 0.75471
Epoch 271/300, valid auc : 0.71779, valid accuracy : 0.75100
Epoch 272/300, loss : 0.50316, auc : 0.74151, accuracy : 0.75469
Epoch 272/300, valid auc : 0.71776, valid accuracy : 0.75087
Epoch 273/300, loss : 0.50314, auc : 0.74152, accuracy : 0.75467
Epoch 273/300, valid auc : 0.71775, valid accuracy : 0.75083
Epoch 274/300, loss : 0.50313, auc : 0.74154, accuracy : 0.75465
Epoch 274/300, valid auc : 0.71776, valid accuracy : 0.75088
Epoch 275/300, loss : 0.50312, auc : 0.74156, accuracy : 0.75469
Epoch 275/300, valid auc : 0.71774, valid accuracy : 0.75077
Epoch 276/300, loss : 0.50310, auc : 0.74158, accuracy : 0.75465
Epoch 276/300, valid auc : 0.71771, valid accuracy : 0.75075
Epoch 277/300, loss : 0.50309, auc : 0.74160, accuracy : 0.75462
Epoch 277/300, valid auc : 0.71770, valid accuracy : 0.75069
Epoch 278/300, loss : 0.50307, auc : 0.74162, accuracy : 0.75460
Epoch 278/300, valid auc : 0.71768, valid accuracy : 0.75073
Epoch 279/300, loss : 0.50306, auc : 0.74163, accuracy : 0.75458
Epoch 279/300, valid auc : 0.71766, valid accuracy : 0.75062
Epoch 280/300, loss : 0.50305, auc : 0.74165, accuracy : 0.75460
Epoch 280/300, valid auc : 0.71764, valid accuracy : 0.75067
Epoch 281/300, loss : 0.50303, auc : 0.74167, accuracy : 0.75462
Epoch 281/300, valid auc : 0.71766, valid accuracy : 0.75066
Epoch 282/300, loss : 0.50302, auc : 0.74168, accuracy : 0.75460
Epoch 282/300, valid auc : 0.71765, valid accuracy : 0.75069
Epoch 283/300, loss : 0.50301, auc : 0.74170, accuracy : 0.75470
Epoch 283/300, valid auc : 0.71761, valid accuracy : 0.75073
Epoch 284/300, loss : 0.50300, auc : 0.74172, accuracy : 0.75466
Epoch 284/300, valid auc : 0.71760, valid accuracy : 0.75080
Epoch 285/300, loss : 0.50298, auc : 0.74173, accuracy : 0.75468
Epoch 285/300, valid auc : 0.71759, valid accuracy : 0.75072
Epoch 286/300, loss : 0.50297, auc : 0.74174, accuracy : 0.75467
Epoch 286/300, valid auc : 0.71758, valid accuracy : 0.75076
Epoch 287/300, loss : 0.50296, auc : 0.74176, accuracy : 0.75467
Epoch 287/300, valid auc : 0.71756, valid accuracy : 0.75073
Epoch 288/300, loss : 0.50295, auc : 0.74178, accuracy : 0.75471
Epoch 288/300, valid auc : 0.71754, valid accuracy : 0.75076
Epoch 289/300, loss : 0.50294, auc : 0.74179, accuracy : 0.75473
Epoch 289/300, valid auc : 0.71753, valid accuracy : 0.75076
Epoch 290/300, loss : 0.50292, auc : 0.74181, accuracy : 0.75474
Epoch 290/300, valid auc : 0.71753, valid accuracy : 0.75073
Epoch 291/300, loss : 0.50291, auc : 0.74182, accuracy : 0.75473
Epoch 291/300, valid auc : 0.71752, valid accuracy : 0.75073
Epoch 292/300, loss : 0.50290, auc : 0.74184, accuracy : 0.75476
Epoch 292/300, valid auc : 0.71754, valid accuracy : 0.75091
Epoch 293/300, loss : 0.50289, auc : 0.74185, accuracy : 0.75480
Epoch 293/300, valid auc : 0.71752, valid accuracy : 0.75105
Epoch 294/300, loss : 0.50288, auc : 0.74187, accuracy : 0.75477
Epoch 294/300, valid auc : 0.71750, valid accuracy : 0.75103
Epoch 295/300, loss : 0.50287, auc : 0.74188, accuracy : 0.75479
Epoch 295/300, valid auc : 0.71750, valid accuracy : 0.75111
Epoch 296/300, loss : 0.50286, auc : 0.74190, accuracy : 0.75486
Epoch 296/300, valid auc : 0.71747, valid accuracy : 0.75115
Epoch 297/300, loss : 0.50284, auc : 0.74191, accuracy : 0.75480
Epoch 297/300, valid auc : 0.71746, valid accuracy : 0.75119
Epoch 298/300, loss : 0.50283, auc : 0.74193, accuracy : 0.75482
Epoch 298/300, valid auc : 0.71747, valid accuracy : 0.75123
Epoch 299/300, loss : 0.50282, auc : 0.74194, accuracy : 0.75484
Epoch 299/300, valid auc : 0.71749, valid accuracy : 0.75121
Epoch 300/300, loss : 0.50281, auc : 0.74196, accuracy : 0.75485
Epoch 300/300, valid auc : 0.71746, valid accuracy : 0.75111
best outcome: best epoch: 110.0000
valid_auc: 0.7186	valid_accuracy: 0.7524	valid_loss: 0.5152	
test_auc: 0.7265	test_accuracy: 0.7502	test_loss: 0.5079	
