nohup: ignoring input
Namespace(batch_size=32, data_dir='./data/assist2015', data_name='assist2015', dataset_type='assist2015', decay_epoch=20, final_fc_dim=50, final_lr=1e-05, gpu=0, init_lr=0.001, init_std=0.1, load='assist2015', lr=0.001, lr_decay=0.75, max_iter=300, maxgradnorm=50.0, memory_key_state_dim=50, memory_size=20, memory_value_state_dim=200, momentum=0.9, n_question=110, q_embed_dim=50, qa_embed_dim=200, save='assist2015', seed='3', seqlen=200, show=True, test=False, train_test=True, wd=1e-05)
device: 0
Epoch 1/300, loss : 0.55626, auc : 0.63872, accuracy : 0.73023
Epoch 1/300, valid auc : 0.67016, valid accuracy : 0.74157
0.0000 to 0.6702
test_auc: 0.6695	test_accuracy: 0.7354	test_loss: 0.5411	
Epoch 2/300, loss : 0.54295, auc : 0.67255, accuracy : 0.73676
Epoch 2/300, valid auc : 0.67592, valid accuracy : 0.74231
0.6702 to 0.6759
test_auc: 0.6753	test_accuracy: 0.7370	test_loss: 0.5384	
Epoch 3/300, loss : 0.54091, auc : 0.67694, accuracy : 0.73772
Epoch 3/300, valid auc : 0.67936, valid accuracy : 0.74396
0.6759 to 0.6794
test_auc: 0.6790	test_accuracy: 0.7386	test_loss: 0.5364	
Epoch 4/300, loss : 0.53890, auc : 0.68093, accuracy : 0.73921
Epoch 4/300, valid auc : 0.68310, valid accuracy : 0.74551
0.6794 to 0.6831
test_auc: 0.6831	test_accuracy: 0.7401	test_loss: 0.5339	
Epoch 5/300, loss : 0.53669, auc : 0.68492, accuracy : 0.74095
Epoch 5/300, valid auc : 0.68640, valid accuracy : 0.74684
0.6831 to 0.6864
test_auc: 0.6871	test_accuracy: 0.7421	test_loss: 0.5311	
Epoch 6/300, loss : 0.53483, auc : 0.68809, accuracy : 0.74224
Epoch 6/300, valid auc : 0.68861, valid accuracy : 0.74738
0.6864 to 0.6886
test_auc: 0.6900	test_accuracy: 0.7427	test_loss: 0.5294	
Epoch 7/300, loss : 0.53364, auc : 0.69033, accuracy : 0.74265
Epoch 7/300, valid auc : 0.69030, valid accuracy : 0.74699
0.6886 to 0.6903
test_auc: 0.6919	test_accuracy: 0.7430	test_loss: 0.5283	
Epoch 8/300, loss : 0.53279, auc : 0.69202, accuracy : 0.74291
Epoch 8/300, valid auc : 0.69142, valid accuracy : 0.74718
0.6903 to 0.6914
test_auc: 0.6932	test_accuracy: 0.7432	test_loss: 0.5275	
Epoch 9/300, loss : 0.53211, auc : 0.69347, accuracy : 0.74303
Epoch 9/300, valid auc : 0.69262, valid accuracy : 0.74739
0.6914 to 0.6926
test_auc: 0.6945	test_accuracy: 0.7433	test_loss: 0.5268	
Epoch 10/300, loss : 0.53146, auc : 0.69485, accuracy : 0.74316
Epoch 10/300, valid auc : 0.69391, valid accuracy : 0.74772
0.6926 to 0.6939
test_auc: 0.6956	test_accuracy: 0.7436	test_loss: 0.5262	
Epoch 11/300, loss : 0.53090, auc : 0.69599, accuracy : 0.74338
Epoch 11/300, valid auc : 0.69492, valid accuracy : 0.74788
0.6939 to 0.6949
test_auc: 0.6966	test_accuracy: 0.7439	test_loss: 0.5257	
Epoch 12/300, loss : 0.53037, auc : 0.69706, accuracy : 0.74372
Epoch 12/300, valid auc : 0.69595, valid accuracy : 0.74848
0.6949 to 0.6959
test_auc: 0.6976	test_accuracy: 0.7440	test_loss: 0.5251	
Epoch 13/300, loss : 0.52972, auc : 0.69820, accuracy : 0.74414
Epoch 13/300, valid auc : 0.69708, valid accuracy : 0.74922
0.6959 to 0.6971
test_auc: 0.6987	test_accuracy: 0.7445	test_loss: 0.5245	
Epoch 14/300, loss : 0.52897, auc : 0.69945, accuracy : 0.74476
Epoch 14/300, valid auc : 0.69794, valid accuracy : 0.74969
0.6971 to 0.6979
test_auc: 0.6997	test_accuracy: 0.7449	test_loss: 0.5239	
Epoch 15/300, loss : 0.52844, auc : 0.70032, accuracy : 0.74514
Epoch 15/300, valid auc : 0.69865, valid accuracy : 0.75004
0.6979 to 0.6987
test_auc: 0.7005	test_accuracy: 0.7451	test_loss: 0.5234	
Epoch 16/300, loss : 0.52807, auc : 0.70096, accuracy : 0.74541
Epoch 16/300, valid auc : 0.69921, valid accuracy : 0.75032
0.6987 to 0.6992
test_auc: 0.7010	test_accuracy: 0.7455	test_loss: 0.5231	
Epoch 17/300, loss : 0.52777, auc : 0.70149, accuracy : 0.74552
Epoch 17/300, valid auc : 0.69974, valid accuracy : 0.75048
0.6992 to 0.6997
test_auc: 0.7015	test_accuracy: 0.7456	test_loss: 0.5228	
Epoch 18/300, loss : 0.52749, auc : 0.70199, accuracy : 0.74566
Epoch 18/300, valid auc : 0.70027, valid accuracy : 0.75067
0.6997 to 0.7003
test_auc: 0.7021	test_accuracy: 0.7457	test_loss: 0.5225	
Epoch 19/300, loss : 0.52719, auc : 0.70254, accuracy : 0.74579
Epoch 19/300, valid auc : 0.70085, valid accuracy : 0.75070
0.7003 to 0.7008
test_auc: 0.7027	test_accuracy: 0.7457	test_loss: 0.5221	
Epoch 20/300, loss : 0.52686, auc : 0.70316, accuracy : 0.74599
Epoch 20/300, valid auc : 0.70148, valid accuracy : 0.75066
0.7008 to 0.7015
test_auc: 0.7033	test_accuracy: 0.7459	test_loss: 0.5217	
Epoch 21/300, loss : 0.52650, auc : 0.70381, accuracy : 0.74608
Epoch 21/300, valid auc : 0.70213, valid accuracy : 0.75049
0.7015 to 0.7021
test_auc: 0.7040	test_accuracy: 0.7462	test_loss: 0.5213	
Epoch 22/300, loss : 0.52613, auc : 0.70447, accuracy : 0.74619
Epoch 22/300, valid auc : 0.70283, valid accuracy : 0.75060
0.7021 to 0.7028
test_auc: 0.7047	test_accuracy: 0.7464	test_loss: 0.5209	
Epoch 23/300, loss : 0.52572, auc : 0.70517, accuracy : 0.74647
Epoch 23/300, valid auc : 0.70352, valid accuracy : 0.75105
0.7028 to 0.7035
test_auc: 0.7054	test_accuracy: 0.7467	test_loss: 0.5205	
Epoch 24/300, loss : 0.52531, auc : 0.70590, accuracy : 0.74657
Epoch 24/300, valid auc : 0.70421, valid accuracy : 0.75122
0.7035 to 0.7042
test_auc: 0.7062	test_accuracy: 0.7468	test_loss: 0.5201	
Epoch 25/300, loss : 0.52489, auc : 0.70666, accuracy : 0.74674
Epoch 25/300, valid auc : 0.70490, valid accuracy : 0.75121
0.7042 to 0.7049
test_auc: 0.7069	test_accuracy: 0.7469	test_loss: 0.5196	
Epoch 26/300, loss : 0.52446, auc : 0.70745, accuracy : 0.74690
Epoch 26/300, valid auc : 0.70563, valid accuracy : 0.75112
0.7049 to 0.7056
test_auc: 0.7077	test_accuracy: 0.7470	test_loss: 0.5192	
Epoch 27/300, loss : 0.52400, auc : 0.70828, accuracy : 0.74711
Epoch 27/300, valid auc : 0.70640, valid accuracy : 0.75139
0.7056 to 0.7064
test_auc: 0.7085	test_accuracy: 0.7470	test_loss: 0.5187	
Epoch 28/300, loss : 0.52353, auc : 0.70916, accuracy : 0.74732
Epoch 28/300, valid auc : 0.70719, valid accuracy : 0.75146
0.7064 to 0.7072
test_auc: 0.7093	test_accuracy: 0.7472	test_loss: 0.5182	
Epoch 29/300, loss : 0.52303, auc : 0.71006, accuracy : 0.74752
Epoch 29/300, valid auc : 0.70798, valid accuracy : 0.75145
0.7072 to 0.7080
test_auc: 0.7102	test_accuracy: 0.7472	test_loss: 0.5177	
Epoch 30/300, loss : 0.52254, auc : 0.71095, accuracy : 0.74778
Epoch 30/300, valid auc : 0.70874, valid accuracy : 0.75173
0.7080 to 0.7087
test_auc: 0.7110	test_accuracy: 0.7472	test_loss: 0.5172	
Epoch 31/300, loss : 0.52204, auc : 0.71183, accuracy : 0.74800
Epoch 31/300, valid auc : 0.70946, valid accuracy : 0.75185
0.7087 to 0.7095
test_auc: 0.7117	test_accuracy: 0.7472	test_loss: 0.5167	
Epoch 32/300, loss : 0.52157, auc : 0.71266, accuracy : 0.74820
Epoch 32/300, valid auc : 0.71014, valid accuracy : 0.75214
0.7095 to 0.7101
test_auc: 0.7124	test_accuracy: 0.7473	test_loss: 0.5163	
Epoch 33/300, loss : 0.52112, auc : 0.71346, accuracy : 0.74837
Epoch 33/300, valid auc : 0.71084, valid accuracy : 0.75233
0.7101 to 0.7108
test_auc: 0.7131	test_accuracy: 0.7477	test_loss: 0.5158	
Epoch 34/300, loss : 0.52068, auc : 0.71424, accuracy : 0.74834
Epoch 34/300, valid auc : 0.71154, valid accuracy : 0.75248
0.7108 to 0.7115
test_auc: 0.7138	test_accuracy: 0.7478	test_loss: 0.5154	
Epoch 35/300, loss : 0.52024, auc : 0.71503, accuracy : 0.74852
Epoch 35/300, valid auc : 0.71229, valid accuracy : 0.75266
0.7115 to 0.7123
test_auc: 0.7145	test_accuracy: 0.7480	test_loss: 0.5150	
Epoch 36/300, loss : 0.51978, auc : 0.71587, accuracy : 0.74864
Epoch 36/300, valid auc : 0.71316, valid accuracy : 0.75280
0.7123 to 0.7132
test_auc: 0.7152	test_accuracy: 0.7483	test_loss: 0.5145	
Epoch 37/300, loss : 0.51926, auc : 0.71685, accuracy : 0.74876
Epoch 37/300, valid auc : 0.71421, valid accuracy : 0.75277
0.7132 to 0.7142
test_auc: 0.7162	test_accuracy: 0.7485	test_loss: 0.5140	
Epoch 38/300, loss : 0.51868, auc : 0.71787, accuracy : 0.74886
Epoch 38/300, valid auc : 0.71515, valid accuracy : 0.75274
0.7142 to 0.7151
test_auc: 0.7170	test_accuracy: 0.7487	test_loss: 0.5135	
Epoch 39/300, loss : 0.51816, auc : 0.71877, accuracy : 0.74891
Epoch 39/300, valid auc : 0.71585, valid accuracy : 0.75279
0.7151 to 0.7158
test_auc: 0.7177	test_accuracy: 0.7488	test_loss: 0.5130	
Epoch 40/300, loss : 0.51772, auc : 0.71955, accuracy : 0.74909
Epoch 40/300, valid auc : 0.71643, valid accuracy : 0.75260
0.7158 to 0.7164
test_auc: 0.7184	test_accuracy: 0.7487	test_loss: 0.5127	
Epoch 41/300, loss : 0.51730, auc : 0.72028, accuracy : 0.74924
Epoch 41/300, valid auc : 0.71692, valid accuracy : 0.75255
0.7164 to 0.7169
test_auc: 0.7190	test_accuracy: 0.7489	test_loss: 0.5123	
Epoch 42/300, loss : 0.51692, auc : 0.72097, accuracy : 0.74924
Epoch 42/300, valid auc : 0.71736, valid accuracy : 0.75253
0.7169 to 0.7174
test_auc: 0.7196	test_accuracy: 0.7489	test_loss: 0.5120	
Epoch 43/300, loss : 0.51654, auc : 0.72166, accuracy : 0.74924
Epoch 43/300, valid auc : 0.71783, valid accuracy : 0.75234
0.7174 to 0.7178
test_auc: 0.7202	test_accuracy: 0.7489	test_loss: 0.5116	
Epoch 44/300, loss : 0.51615, auc : 0.72235, accuracy : 0.74929
Epoch 44/300, valid auc : 0.71834, valid accuracy : 0.75251
0.7178 to 0.7183
test_auc: 0.7208	test_accuracy: 0.7489	test_loss: 0.5113	
Epoch 45/300, loss : 0.51580, auc : 0.72298, accuracy : 0.74951
Epoch 45/300, valid auc : 0.71876, valid accuracy : 0.75245
0.7183 to 0.7188
test_auc: 0.7213	test_accuracy: 0.7489	test_loss: 0.5110	
Epoch 46/300, loss : 0.51549, auc : 0.72352, accuracy : 0.74958
Epoch 46/300, valid auc : 0.71915, valid accuracy : 0.75267
0.7188 to 0.7191
test_auc: 0.7217	test_accuracy: 0.7492	test_loss: 0.5108	
Epoch 47/300, loss : 0.51521, auc : 0.72401, accuracy : 0.74962
Epoch 47/300, valid auc : 0.71951, valid accuracy : 0.75289
0.7191 to 0.7195
test_auc: 0.7221	test_accuracy: 0.7493	test_loss: 0.5106	
Epoch 48/300, loss : 0.51497, auc : 0.72443, accuracy : 0.74976
Epoch 48/300, valid auc : 0.71985, valid accuracy : 0.75287
0.7195 to 0.7198
test_auc: 0.7224	test_accuracy: 0.7493	test_loss: 0.5104	
Epoch 49/300, loss : 0.51474, auc : 0.72480, accuracy : 0.74982
Epoch 49/300, valid auc : 0.72017, valid accuracy : 0.75305
0.7198 to 0.7202
test_auc: 0.7227	test_accuracy: 0.7495	test_loss: 0.5102	
Epoch 50/300, loss : 0.51454, auc : 0.72514, accuracy : 0.74985
Epoch 50/300, valid auc : 0.72046, valid accuracy : 0.75303
0.7202 to 0.7205
test_auc: 0.7230	test_accuracy: 0.7496	test_loss: 0.5101	
Epoch 51/300, loss : 0.51435, auc : 0.72546, accuracy : 0.74991
Epoch 51/300, valid auc : 0.72072, valid accuracy : 0.75321
0.7205 to 0.7207
test_auc: 0.7232	test_accuracy: 0.7497	test_loss: 0.5100	
Epoch 52/300, loss : 0.51416, auc : 0.72575, accuracy : 0.74994
Epoch 52/300, valid auc : 0.72096, valid accuracy : 0.75335
0.7207 to 0.7210
test_auc: 0.7234	test_accuracy: 0.7498	test_loss: 0.5098	
Epoch 53/300, loss : 0.51399, auc : 0.72603, accuracy : 0.74999
Epoch 53/300, valid auc : 0.72117, valid accuracy : 0.75332
0.7210 to 0.7212
test_auc: 0.7236	test_accuracy: 0.7498	test_loss: 0.5097	
Epoch 54/300, loss : 0.51383, auc : 0.72629, accuracy : 0.75004
Epoch 54/300, valid auc : 0.72135, valid accuracy : 0.75335
0.7212 to 0.7214
test_auc: 0.7238	test_accuracy: 0.7499	test_loss: 0.5096	
Epoch 55/300, loss : 0.51367, auc : 0.72654, accuracy : 0.75009
Epoch 55/300, valid auc : 0.72151, valid accuracy : 0.75327
0.7214 to 0.7215
test_auc: 0.7239	test_accuracy: 0.7500	test_loss: 0.5095	
Epoch 56/300, loss : 0.51352, auc : 0.72679, accuracy : 0.75007
Epoch 56/300, valid auc : 0.72166, valid accuracy : 0.75333
0.7215 to 0.7217
test_auc: 0.7241	test_accuracy: 0.7500	test_loss: 0.5094	
Epoch 57/300, loss : 0.51336, auc : 0.72703, accuracy : 0.75020
Epoch 57/300, valid auc : 0.72179, valid accuracy : 0.75308
0.7217 to 0.7218
test_auc: 0.7242	test_accuracy: 0.7499	test_loss: 0.5094	
Epoch 58/300, loss : 0.51322, auc : 0.72726, accuracy : 0.75032
Epoch 58/300, valid auc : 0.72192, valid accuracy : 0.75295
0.7218 to 0.7219
test_auc: 0.7243	test_accuracy: 0.7499	test_loss: 0.5093	
Epoch 59/300, loss : 0.51309, auc : 0.72748, accuracy : 0.75040
Epoch 59/300, valid auc : 0.72206, valid accuracy : 0.75307
0.7219 to 0.7221
test_auc: 0.7244	test_accuracy: 0.7499	test_loss: 0.5092	
Epoch 60/300, loss : 0.51296, auc : 0.72769, accuracy : 0.75042
Epoch 60/300, valid auc : 0.72219, valid accuracy : 0.75306
0.7221 to 0.7222
test_auc: 0.7245	test_accuracy: 0.7498	test_loss: 0.5092	
Epoch 61/300, loss : 0.51283, auc : 0.72788, accuracy : 0.75047
Epoch 61/300, valid auc : 0.72230, valid accuracy : 0.75305
0.7222 to 0.7223
test_auc: 0.7245	test_accuracy: 0.7499	test_loss: 0.5091	
Epoch 62/300, loss : 0.51270, auc : 0.72808, accuracy : 0.75045
Epoch 62/300, valid auc : 0.72240, valid accuracy : 0.75308
0.7223 to 0.7224
test_auc: 0.7246	test_accuracy: 0.7499	test_loss: 0.5091	
Epoch 63/300, loss : 0.51258, auc : 0.72827, accuracy : 0.75053
Epoch 63/300, valid auc : 0.72252, valid accuracy : 0.75321
0.7224 to 0.7225
test_auc: 0.7247	test_accuracy: 0.7498	test_loss: 0.5090	
Epoch 64/300, loss : 0.51246, auc : 0.72846, accuracy : 0.75064
Epoch 64/300, valid auc : 0.72263, valid accuracy : 0.75312
0.7225 to 0.7226
test_auc: 0.7248	test_accuracy: 0.7498	test_loss: 0.5090	
Epoch 65/300, loss : 0.51234, auc : 0.72864, accuracy : 0.75071
Epoch 65/300, valid auc : 0.72272, valid accuracy : 0.75309
0.7226 to 0.7227
test_auc: 0.7248	test_accuracy: 0.7498	test_loss: 0.5089	
Epoch 66/300, loss : 0.51223, auc : 0.72882, accuracy : 0.75079
Epoch 66/300, valid auc : 0.72281, valid accuracy : 0.75304
0.7227 to 0.7228
test_auc: 0.7249	test_accuracy: 0.7498	test_loss: 0.5089	
Epoch 67/300, loss : 0.51212, auc : 0.72900, accuracy : 0.75083
Epoch 67/300, valid auc : 0.72290, valid accuracy : 0.75309
0.7228 to 0.7229
test_auc: 0.7249	test_accuracy: 0.7498	test_loss: 0.5089	
Epoch 68/300, loss : 0.51201, auc : 0.72916, accuracy : 0.75086
Epoch 68/300, valid auc : 0.72301, valid accuracy : 0.75311
0.7229 to 0.7230
test_auc: 0.7250	test_accuracy: 0.7498	test_loss: 0.5088	
Epoch 69/300, loss : 0.51190, auc : 0.72932, accuracy : 0.75084
Epoch 69/300, valid auc : 0.72311, valid accuracy : 0.75323
0.7230 to 0.7231
test_auc: 0.7251	test_accuracy: 0.7498	test_loss: 0.5088	
Epoch 70/300, loss : 0.51180, auc : 0.72947, accuracy : 0.75084
Epoch 70/300, valid auc : 0.72320, valid accuracy : 0.75316
0.7231 to 0.7232
test_auc: 0.7251	test_accuracy: 0.7498	test_loss: 0.5088	
Epoch 71/300, loss : 0.51170, auc : 0.72963, accuracy : 0.75092
Epoch 71/300, valid auc : 0.72327, valid accuracy : 0.75328
0.7232 to 0.7233
test_auc: 0.7252	test_accuracy: 0.7497	test_loss: 0.5087	
Epoch 72/300, loss : 0.51160, auc : 0.72978, accuracy : 0.75097
Epoch 72/300, valid auc : 0.72336, valid accuracy : 0.75314
0.7233 to 0.7234
test_auc: 0.7253	test_accuracy: 0.7496	test_loss: 0.5087	
Epoch 73/300, loss : 0.51150, auc : 0.72993, accuracy : 0.75102
Epoch 73/300, valid auc : 0.72343, valid accuracy : 0.75327
0.7234 to 0.7234
test_auc: 0.7253	test_accuracy: 0.7496	test_loss: 0.5086	
Epoch 74/300, loss : 0.51140, auc : 0.73007, accuracy : 0.75104
Epoch 74/300, valid auc : 0.72348, valid accuracy : 0.75346
0.7234 to 0.7235
test_auc: 0.7254	test_accuracy: 0.7497	test_loss: 0.5086	
Epoch 75/300, loss : 0.51131, auc : 0.73021, accuracy : 0.75110
Epoch 75/300, valid auc : 0.72354, valid accuracy : 0.75357
0.7235 to 0.7235
test_auc: 0.7254	test_accuracy: 0.7498	test_loss: 0.5086	
Epoch 76/300, loss : 0.51122, auc : 0.73034, accuracy : 0.75115
Epoch 76/300, valid auc : 0.72362, valid accuracy : 0.75369
0.7235 to 0.7236
test_auc: 0.7254	test_accuracy: 0.7497	test_loss: 0.5086	
Epoch 77/300, loss : 0.51112, auc : 0.73048, accuracy : 0.75120
Epoch 77/300, valid auc : 0.72368, valid accuracy : 0.75377
0.7236 to 0.7237
test_auc: 0.7255	test_accuracy: 0.7496	test_loss: 0.5085	
Epoch 78/300, loss : 0.51103, auc : 0.73062, accuracy : 0.75121
Epoch 78/300, valid auc : 0.72375, valid accuracy : 0.75355
0.7237 to 0.7238
test_auc: 0.7256	test_accuracy: 0.7497	test_loss: 0.5085	
Epoch 79/300, loss : 0.51094, auc : 0.73075, accuracy : 0.75124
Epoch 79/300, valid auc : 0.72381, valid accuracy : 0.75348
0.7238 to 0.7238
test_auc: 0.7256	test_accuracy: 0.7496	test_loss: 0.5084	
Epoch 80/300, loss : 0.51085, auc : 0.73089, accuracy : 0.75127
Epoch 80/300, valid auc : 0.72384, valid accuracy : 0.75346
0.7238 to 0.7238
test_auc: 0.7256	test_accuracy: 0.7496	test_loss: 0.5084	
Epoch 81/300, loss : 0.51076, auc : 0.73101, accuracy : 0.75131
Epoch 81/300, valid auc : 0.72388, valid accuracy : 0.75354
0.7238 to 0.7239
test_auc: 0.7257	test_accuracy: 0.7496	test_loss: 0.5084	
Epoch 82/300, loss : 0.51068, auc : 0.73114, accuracy : 0.75134
Epoch 82/300, valid auc : 0.72394, valid accuracy : 0.75353
0.7239 to 0.7239
test_auc: 0.7257	test_accuracy: 0.7497	test_loss: 0.5084	
Epoch 83/300, loss : 0.51059, auc : 0.73126, accuracy : 0.75136
Epoch 83/300, valid auc : 0.72398, valid accuracy : 0.75360
0.7239 to 0.7240
test_auc: 0.7257	test_accuracy: 0.7496	test_loss: 0.5083	
Epoch 84/300, loss : 0.51051, auc : 0.73139, accuracy : 0.75137
Epoch 84/300, valid auc : 0.72402, valid accuracy : 0.75369
0.7240 to 0.7240
test_auc: 0.7258	test_accuracy: 0.7496	test_loss: 0.5083	
Epoch 85/300, loss : 0.51042, auc : 0.73152, accuracy : 0.75139
Epoch 85/300, valid auc : 0.72406, valid accuracy : 0.75366
0.7240 to 0.7241
test_auc: 0.7258	test_accuracy: 0.7496	test_loss: 0.5083	
Epoch 86/300, loss : 0.51034, auc : 0.73164, accuracy : 0.75138
Epoch 86/300, valid auc : 0.72410, valid accuracy : 0.75369
0.7241 to 0.7241
test_auc: 0.7258	test_accuracy: 0.7496	test_loss: 0.5082	
Epoch 87/300, loss : 0.51026, auc : 0.73176, accuracy : 0.75144
Epoch 87/300, valid auc : 0.72414, valid accuracy : 0.75369
0.7241 to 0.7241
test_auc: 0.7259	test_accuracy: 0.7495	test_loss: 0.5082	
Epoch 88/300, loss : 0.51017, auc : 0.73188, accuracy : 0.75148
Epoch 88/300, valid auc : 0.72417, valid accuracy : 0.75379
0.7241 to 0.7242
test_auc: 0.7259	test_accuracy: 0.7494	test_loss: 0.5082	
Epoch 89/300, loss : 0.51009, auc : 0.73200, accuracy : 0.75154
Epoch 89/300, valid auc : 0.72420, valid accuracy : 0.75387
0.7242 to 0.7242
test_auc: 0.7259	test_accuracy: 0.7495	test_loss: 0.5082	
Epoch 90/300, loss : 0.51002, auc : 0.73211, accuracy : 0.75163
Epoch 90/300, valid auc : 0.72424, valid accuracy : 0.75390
0.7242 to 0.7242
test_auc: 0.7259	test_accuracy: 0.7494	test_loss: 0.5081	
Epoch 91/300, loss : 0.50994, auc : 0.73223, accuracy : 0.75168
Epoch 91/300, valid auc : 0.72427, valid accuracy : 0.75399
0.7242 to 0.7243
test_auc: 0.7260	test_accuracy: 0.7494	test_loss: 0.5081	
Epoch 92/300, loss : 0.50986, auc : 0.73234, accuracy : 0.75174
Epoch 92/300, valid auc : 0.72431, valid accuracy : 0.75413
0.7243 to 0.7243
test_auc: 0.7260	test_accuracy: 0.7494	test_loss: 0.5081	
Epoch 93/300, loss : 0.50978, auc : 0.73246, accuracy : 0.75186
Epoch 93/300, valid auc : 0.72435, valid accuracy : 0.75413
0.7243 to 0.7243
test_auc: 0.7260	test_accuracy: 0.7494	test_loss: 0.5081	
Epoch 94/300, loss : 0.50971, auc : 0.73257, accuracy : 0.75182
Epoch 94/300, valid auc : 0.72437, valid accuracy : 0.75411
0.7243 to 0.7244
test_auc: 0.7260	test_accuracy: 0.7495	test_loss: 0.5080	
Epoch 95/300, loss : 0.50963, auc : 0.73267, accuracy : 0.75187
Epoch 95/300, valid auc : 0.72439, valid accuracy : 0.75424
0.7244 to 0.7244
test_auc: 0.7261	test_accuracy: 0.7495	test_loss: 0.5080	
Epoch 96/300, loss : 0.50956, auc : 0.73278, accuracy : 0.75190
Epoch 96/300, valid auc : 0.72441, valid accuracy : 0.75412
0.7244 to 0.7244
test_auc: 0.7261	test_accuracy: 0.7495	test_loss: 0.5080	
Epoch 97/300, loss : 0.50949, auc : 0.73288, accuracy : 0.75187
Epoch 97/300, valid auc : 0.72444, valid accuracy : 0.75393
0.7244 to 0.7244
test_auc: 0.7261	test_accuracy: 0.7494	test_loss: 0.5080	
Epoch 98/300, loss : 0.50943, auc : 0.73297, accuracy : 0.75185
Epoch 98/300, valid auc : 0.72445, valid accuracy : 0.75398
0.7244 to 0.7245
test_auc: 0.7261	test_accuracy: 0.7494	test_loss: 0.5080	
Epoch 99/300, loss : 0.50936, auc : 0.73307, accuracy : 0.75188
Epoch 99/300, valid auc : 0.72448, valid accuracy : 0.75391
0.7245 to 0.7245
test_auc: 0.7261	test_accuracy: 0.7493	test_loss: 0.5080	
Epoch 100/300, loss : 0.50929, auc : 0.73317, accuracy : 0.75189
Epoch 100/300, valid auc : 0.72449, valid accuracy : 0.75395
0.7245 to 0.7245
test_auc: 0.7261	test_accuracy: 0.7494	test_loss: 0.5079	
Epoch 101/300, loss : 0.50922, auc : 0.73326, accuracy : 0.75186
Epoch 101/300, valid auc : 0.72450, valid accuracy : 0.75389
0.7245 to 0.7245
test_auc: 0.7262	test_accuracy: 0.7493	test_loss: 0.5079	
Epoch 102/300, loss : 0.50916, auc : 0.73336, accuracy : 0.75195
Epoch 102/300, valid auc : 0.72452, valid accuracy : 0.75384
0.7245 to 0.7245
test_auc: 0.7262	test_accuracy: 0.7492	test_loss: 0.5079	
Epoch 103/300, loss : 0.50909, auc : 0.73345, accuracy : 0.75202
Epoch 103/300, valid auc : 0.72452, valid accuracy : 0.75394
0.7245 to 0.7245
test_auc: 0.7262	test_accuracy: 0.7492	test_loss: 0.5079	
Epoch 104/300, loss : 0.50903, auc : 0.73353, accuracy : 0.75206
Epoch 104/300, valid auc : 0.72453, valid accuracy : 0.75389
0.7245 to 0.7245
test_auc: 0.7262	test_accuracy: 0.7492	test_loss: 0.5079	
Epoch 105/300, loss : 0.50897, auc : 0.73362, accuracy : 0.75213
Epoch 105/300, valid auc : 0.72455, valid accuracy : 0.75383
0.7245 to 0.7245
test_auc: 0.7262	test_accuracy: 0.7492	test_loss: 0.5079	
Epoch 106/300, loss : 0.50891, auc : 0.73371, accuracy : 0.75221
Epoch 106/300, valid auc : 0.72455, valid accuracy : 0.75390
0.7245 to 0.7246
test_auc: 0.7262	test_accuracy: 0.7492	test_loss: 0.5079	
Epoch 107/300, loss : 0.50884, auc : 0.73380, accuracy : 0.75226
Epoch 107/300, valid auc : 0.72458, valid accuracy : 0.75393
0.7246 to 0.7246
test_auc: 0.7262	test_accuracy: 0.7491	test_loss: 0.5078	
Epoch 108/300, loss : 0.50878, auc : 0.73388, accuracy : 0.75229
Epoch 108/300, valid auc : 0.72461, valid accuracy : 0.75385
0.7246 to 0.7246
test_auc: 0.7263	test_accuracy: 0.7491	test_loss: 0.5078	
Epoch 109/300, loss : 0.50872, auc : 0.73397, accuracy : 0.75229
Epoch 109/300, valid auc : 0.72461, valid accuracy : 0.75364
0.7246 to 0.7246
test_auc: 0.7263	test_accuracy: 0.7490	test_loss: 0.5078	
Epoch 110/300, loss : 0.50866, auc : 0.73405, accuracy : 0.75241
Epoch 110/300, valid auc : 0.72462, valid accuracy : 0.75368
0.7246 to 0.7246
test_auc: 0.7263	test_accuracy: 0.7491	test_loss: 0.5078	
Epoch 111/300, loss : 0.50860, auc : 0.73413, accuracy : 0.75244
Epoch 111/300, valid auc : 0.72462, valid accuracy : 0.75367
Epoch 112/300, loss : 0.50854, auc : 0.73421, accuracy : 0.75246
Epoch 112/300, valid auc : 0.72463, valid accuracy : 0.75366
0.7246 to 0.7246
test_auc: 0.7263	test_accuracy: 0.7492	test_loss: 0.5078	
Epoch 113/300, loss : 0.50849, auc : 0.73429, accuracy : 0.75248
Epoch 113/300, valid auc : 0.72464, valid accuracy : 0.75366
0.7246 to 0.7246
test_auc: 0.7263	test_accuracy: 0.7493	test_loss: 0.5078	
Epoch 114/300, loss : 0.50843, auc : 0.73436, accuracy : 0.75246
Epoch 114/300, valid auc : 0.72466, valid accuracy : 0.75360
0.7246 to 0.7247
test_auc: 0.7263	test_accuracy: 0.7493	test_loss: 0.5078	
Epoch 115/300, loss : 0.50837, auc : 0.73444, accuracy : 0.75248
Epoch 115/300, valid auc : 0.72466, valid accuracy : 0.75347
0.7247 to 0.7247
test_auc: 0.7263	test_accuracy: 0.7493	test_loss: 0.5078	
Epoch 116/300, loss : 0.50832, auc : 0.73451, accuracy : 0.75258
Epoch 116/300, valid auc : 0.72467, valid accuracy : 0.75359
0.7247 to 0.7247
test_auc: 0.7263	test_accuracy: 0.7492	test_loss: 0.5078	
Epoch 117/300, loss : 0.50827, auc : 0.73459, accuracy : 0.75255
Epoch 117/300, valid auc : 0.72468, valid accuracy : 0.75355
0.7247 to 0.7247
test_auc: 0.7263	test_accuracy: 0.7492	test_loss: 0.5078	
Epoch 118/300, loss : 0.50821, auc : 0.73466, accuracy : 0.75255
Epoch 118/300, valid auc : 0.72468, valid accuracy : 0.75364
Epoch 119/300, loss : 0.50816, auc : 0.73473, accuracy : 0.75261
Epoch 119/300, valid auc : 0.72468, valid accuracy : 0.75360
Epoch 120/300, loss : 0.50811, auc : 0.73479, accuracy : 0.75268
Epoch 120/300, valid auc : 0.72469, valid accuracy : 0.75357
0.7247 to 0.7247
test_auc: 0.7263	test_accuracy: 0.7491	test_loss: 0.5078	
Epoch 121/300, loss : 0.50807, auc : 0.73486, accuracy : 0.75263
Epoch 121/300, valid auc : 0.72469, valid accuracy : 0.75357
0.7247 to 0.7247
test_auc: 0.7263	test_accuracy: 0.7490	test_loss: 0.5078	
Epoch 122/300, loss : 0.50802, auc : 0.73493, accuracy : 0.75261
Epoch 122/300, valid auc : 0.72469, valid accuracy : 0.75361
Epoch 123/300, loss : 0.50797, auc : 0.73499, accuracy : 0.75263
Epoch 123/300, valid auc : 0.72470, valid accuracy : 0.75358
0.7247 to 0.7247
test_auc: 0.7263	test_accuracy: 0.7491	test_loss: 0.5078	
Epoch 124/300, loss : 0.50792, auc : 0.73506, accuracy : 0.75262
Epoch 124/300, valid auc : 0.72471, valid accuracy : 0.75352
0.7247 to 0.7247
test_auc: 0.7263	test_accuracy: 0.7491	test_loss: 0.5077	
Epoch 125/300, loss : 0.50787, auc : 0.73512, accuracy : 0.75262
Epoch 125/300, valid auc : 0.72470, valid accuracy : 0.75339
Epoch 126/300, loss : 0.50783, auc : 0.73519, accuracy : 0.75262
Epoch 126/300, valid auc : 0.72470, valid accuracy : 0.75318
Epoch 127/300, loss : 0.50778, auc : 0.73525, accuracy : 0.75267
Epoch 127/300, valid auc : 0.72469, valid accuracy : 0.75315
Epoch 128/300, loss : 0.50774, auc : 0.73531, accuracy : 0.75274
Epoch 128/300, valid auc : 0.72469, valid accuracy : 0.75291
Epoch 129/300, loss : 0.50769, auc : 0.73537, accuracy : 0.75271
Epoch 129/300, valid auc : 0.72470, valid accuracy : 0.75293
Epoch 130/300, loss : 0.50765, auc : 0.73543, accuracy : 0.75270
Epoch 130/300, valid auc : 0.72471, valid accuracy : 0.75292
0.7247 to 0.7247
test_auc: 0.7262	test_accuracy: 0.7492	test_loss: 0.5078	
Epoch 131/300, loss : 0.50760, auc : 0.73549, accuracy : 0.75278
Epoch 131/300, valid auc : 0.72472, valid accuracy : 0.75289
0.7247 to 0.7247
test_auc: 0.7262	test_accuracy: 0.7492	test_loss: 0.5078	
Epoch 132/300, loss : 0.50756, auc : 0.73555, accuracy : 0.75275
Epoch 132/300, valid auc : 0.72471, valid accuracy : 0.75292
Epoch 133/300, loss : 0.50752, auc : 0.73561, accuracy : 0.75287
Epoch 133/300, valid auc : 0.72469, valid accuracy : 0.75282
Epoch 134/300, loss : 0.50747, auc : 0.73567, accuracy : 0.75290
Epoch 134/300, valid auc : 0.72468, valid accuracy : 0.75285
Epoch 135/300, loss : 0.50743, auc : 0.73572, accuracy : 0.75291
Epoch 135/300, valid auc : 0.72469, valid accuracy : 0.75291
Epoch 136/300, loss : 0.50739, auc : 0.73578, accuracy : 0.75300
Epoch 136/300, valid auc : 0.72470, valid accuracy : 0.75286
Epoch 137/300, loss : 0.50735, auc : 0.73584, accuracy : 0.75300
Epoch 137/300, valid auc : 0.72469, valid accuracy : 0.75285
Epoch 138/300, loss : 0.50731, auc : 0.73589, accuracy : 0.75305
Epoch 138/300, valid auc : 0.72468, valid accuracy : 0.75278
Epoch 139/300, loss : 0.50727, auc : 0.73595, accuracy : 0.75306
Epoch 139/300, valid auc : 0.72469, valid accuracy : 0.75279
Epoch 140/300, loss : 0.50723, auc : 0.73601, accuracy : 0.75302
Epoch 140/300, valid auc : 0.72467, valid accuracy : 0.75282
Epoch 141/300, loss : 0.50719, auc : 0.73606, accuracy : 0.75304
Epoch 141/300, valid auc : 0.72466, valid accuracy : 0.75283
Epoch 142/300, loss : 0.50715, auc : 0.73612, accuracy : 0.75302
Epoch 142/300, valid auc : 0.72462, valid accuracy : 0.75283
Epoch 143/300, loss : 0.50711, auc : 0.73618, accuracy : 0.75307
Epoch 143/300, valid auc : 0.72460, valid accuracy : 0.75286
Epoch 144/300, loss : 0.50707, auc : 0.73623, accuracy : 0.75314
Epoch 144/300, valid auc : 0.72459, valid accuracy : 0.75300
Epoch 145/300, loss : 0.50703, auc : 0.73628, accuracy : 0.75317
Epoch 145/300, valid auc : 0.72462, valid accuracy : 0.75303
Epoch 146/300, loss : 0.50699, auc : 0.73633, accuracy : 0.75313
Epoch 146/300, valid auc : 0.72462, valid accuracy : 0.75313
Epoch 147/300, loss : 0.50695, auc : 0.73639, accuracy : 0.75313
Epoch 147/300, valid auc : 0.72458, valid accuracy : 0.75315
Epoch 148/300, loss : 0.50692, auc : 0.73644, accuracy : 0.75311
Epoch 148/300, valid auc : 0.72455, valid accuracy : 0.75319
Epoch 149/300, loss : 0.50688, auc : 0.73648, accuracy : 0.75312
Epoch 149/300, valid auc : 0.72452, valid accuracy : 0.75317
Epoch 150/300, loss : 0.50684, auc : 0.73653, accuracy : 0.75312
Epoch 150/300, valid auc : 0.72450, valid accuracy : 0.75302
Epoch 151/300, loss : 0.50681, auc : 0.73658, accuracy : 0.75312
Epoch 151/300, valid auc : 0.72450, valid accuracy : 0.75300
Epoch 152/300, loss : 0.50678, auc : 0.73662, accuracy : 0.75316
Epoch 152/300, valid auc : 0.72450, valid accuracy : 0.75305
Epoch 153/300, loss : 0.50674, auc : 0.73667, accuracy : 0.75318
Epoch 153/300, valid auc : 0.72447, valid accuracy : 0.75311
Epoch 154/300, loss : 0.50671, auc : 0.73671, accuracy : 0.75323
Epoch 154/300, valid auc : 0.72443, valid accuracy : 0.75313
Epoch 155/300, loss : 0.50668, auc : 0.73675, accuracy : 0.75325
Epoch 155/300, valid auc : 0.72443, valid accuracy : 0.75303
Epoch 156/300, loss : 0.50665, auc : 0.73679, accuracy : 0.75330
Epoch 156/300, valid auc : 0.72443, valid accuracy : 0.75309
Epoch 157/300, loss : 0.50661, auc : 0.73684, accuracy : 0.75328
Epoch 157/300, valid auc : 0.72440, valid accuracy : 0.75309
Epoch 158/300, loss : 0.50658, auc : 0.73688, accuracy : 0.75335
Epoch 158/300, valid auc : 0.72436, valid accuracy : 0.75288
Epoch 159/300, loss : 0.50655, auc : 0.73693, accuracy : 0.75337
Epoch 159/300, valid auc : 0.72434, valid accuracy : 0.75288
Epoch 160/300, loss : 0.50652, auc : 0.73696, accuracy : 0.75340
Epoch 160/300, valid auc : 0.72435, valid accuracy : 0.75281
Epoch 161/300, loss : 0.50649, auc : 0.73701, accuracy : 0.75348
Epoch 161/300, valid auc : 0.72438, valid accuracy : 0.75281
Epoch 162/300, loss : 0.50645, auc : 0.73705, accuracy : 0.75356
Epoch 162/300, valid auc : 0.72440, valid accuracy : 0.75277
Epoch 163/300, loss : 0.50642, auc : 0.73710, accuracy : 0.75358
Epoch 163/300, valid auc : 0.72440, valid accuracy : 0.75269
Epoch 164/300, loss : 0.50639, auc : 0.73714, accuracy : 0.75359
Epoch 164/300, valid auc : 0.72437, valid accuracy : 0.75271
Epoch 165/300, loss : 0.50636, auc : 0.73718, accuracy : 0.75358
Epoch 165/300, valid auc : 0.72435, valid accuracy : 0.75264
Epoch 166/300, loss : 0.50633, auc : 0.73722, accuracy : 0.75359
Epoch 166/300, valid auc : 0.72436, valid accuracy : 0.75271
Epoch 167/300, loss : 0.50630, auc : 0.73726, accuracy : 0.75359
Epoch 167/300, valid auc : 0.72438, valid accuracy : 0.75270
Epoch 168/300, loss : 0.50627, auc : 0.73731, accuracy : 0.75369
Epoch 168/300, valid auc : 0.72437, valid accuracy : 0.75264
Epoch 169/300, loss : 0.50624, auc : 0.73735, accuracy : 0.75371
Epoch 169/300, valid auc : 0.72434, valid accuracy : 0.75261
Epoch 170/300, loss : 0.50621, auc : 0.73739, accuracy : 0.75372
Epoch 170/300, valid auc : 0.72434, valid accuracy : 0.75253
Epoch 171/300, loss : 0.50618, auc : 0.73742, accuracy : 0.75376
Epoch 171/300, valid auc : 0.72438, valid accuracy : 0.75237
Epoch 172/300, loss : 0.50615, auc : 0.73746, accuracy : 0.75379
Epoch 172/300, valid auc : 0.72441, valid accuracy : 0.75241
Epoch 173/300, loss : 0.50613, auc : 0.73750, accuracy : 0.75384
Epoch 173/300, valid auc : 0.72442, valid accuracy : 0.75248
Epoch 174/300, loss : 0.50610, auc : 0.73754, accuracy : 0.75384
Epoch 174/300, valid auc : 0.72439, valid accuracy : 0.75238
Epoch 175/300, loss : 0.50607, auc : 0.73758, accuracy : 0.75387
Epoch 175/300, valid auc : 0.72437, valid accuracy : 0.75235
Epoch 176/300, loss : 0.50604, auc : 0.73762, accuracy : 0.75390
Epoch 176/300, valid auc : 0.72437, valid accuracy : 0.75232
Epoch 177/300, loss : 0.50601, auc : 0.73765, accuracy : 0.75387
Epoch 177/300, valid auc : 0.72441, valid accuracy : 0.75229
Epoch 178/300, loss : 0.50599, auc : 0.73769, accuracy : 0.75394
Epoch 178/300, valid auc : 0.72442, valid accuracy : 0.75226
Epoch 179/300, loss : 0.50596, auc : 0.73773, accuracy : 0.75398
Epoch 179/300, valid auc : 0.72443, valid accuracy : 0.75226
Epoch 180/300, loss : 0.50593, auc : 0.73777, accuracy : 0.75391
Epoch 180/300, valid auc : 0.72440, valid accuracy : 0.75219
Epoch 181/300, loss : 0.50591, auc : 0.73780, accuracy : 0.75389
Epoch 181/300, valid auc : 0.72439, valid accuracy : 0.75213
Epoch 182/300, loss : 0.50588, auc : 0.73784, accuracy : 0.75393
Epoch 182/300, valid auc : 0.72441, valid accuracy : 0.75205
Epoch 183/300, loss : 0.50586, auc : 0.73787, accuracy : 0.75402
Epoch 183/300, valid auc : 0.72443, valid accuracy : 0.75216
Epoch 184/300, loss : 0.50583, auc : 0.73791, accuracy : 0.75404
Epoch 184/300, valid auc : 0.72441, valid accuracy : 0.75206
Epoch 185/300, loss : 0.50580, auc : 0.73795, accuracy : 0.75407
Epoch 185/300, valid auc : 0.72438, valid accuracy : 0.75200
Epoch 186/300, loss : 0.50578, auc : 0.73799, accuracy : 0.75405
Epoch 186/300, valid auc : 0.72437, valid accuracy : 0.75195
Epoch 187/300, loss : 0.50575, auc : 0.73802, accuracy : 0.75404
Epoch 187/300, valid auc : 0.72440, valid accuracy : 0.75206
Epoch 188/300, loss : 0.50573, auc : 0.73806, accuracy : 0.75402
Epoch 188/300, valid auc : 0.72443, valid accuracy : 0.75206
Epoch 189/300, loss : 0.50570, auc : 0.73810, accuracy : 0.75411
Epoch 189/300, valid auc : 0.72443, valid accuracy : 0.75211
Epoch 190/300, loss : 0.50567, auc : 0.73814, accuracy : 0.75414
Epoch 190/300, valid auc : 0.72438, valid accuracy : 0.75231
Epoch 191/300, loss : 0.50565, auc : 0.73817, accuracy : 0.75416
Epoch 191/300, valid auc : 0.72436, valid accuracy : 0.75227
Epoch 192/300, loss : 0.50562, auc : 0.73821, accuracy : 0.75419
Epoch 192/300, valid auc : 0.72437, valid accuracy : 0.75219
Epoch 193/300, loss : 0.50560, auc : 0.73825, accuracy : 0.75428
Epoch 193/300, valid auc : 0.72439, valid accuracy : 0.75223
Epoch 194/300, loss : 0.50557, auc : 0.73828, accuracy : 0.75436
Epoch 194/300, valid auc : 0.72440, valid accuracy : 0.75217
Epoch 195/300, loss : 0.50554, auc : 0.73832, accuracy : 0.75441
Epoch 195/300, valid auc : 0.72438, valid accuracy : 0.75222
Epoch 196/300, loss : 0.50552, auc : 0.73835, accuracy : 0.75437
Epoch 196/300, valid auc : 0.72436, valid accuracy : 0.75224
Epoch 197/300, loss : 0.50549, auc : 0.73839, accuracy : 0.75442
Epoch 197/300, valid auc : 0.72435, valid accuracy : 0.75219
Epoch 198/300, loss : 0.50547, auc : 0.73842, accuracy : 0.75439
Epoch 198/300, valid auc : 0.72437, valid accuracy : 0.75222
Epoch 199/300, loss : 0.50544, auc : 0.73846, accuracy : 0.75442
Epoch 199/300, valid auc : 0.72437, valid accuracy : 0.75235
Epoch 200/300, loss : 0.50542, auc : 0.73849, accuracy : 0.75444
Epoch 200/300, valid auc : 0.72433, valid accuracy : 0.75241
Epoch 201/300, loss : 0.50539, auc : 0.73853, accuracy : 0.75442
Epoch 201/300, valid auc : 0.72430, valid accuracy : 0.75237
Epoch 202/300, loss : 0.50537, auc : 0.73856, accuracy : 0.75444
Epoch 202/300, valid auc : 0.72432, valid accuracy : 0.75242
Epoch 203/300, loss : 0.50534, auc : 0.73859, accuracy : 0.75447
Epoch 203/300, valid auc : 0.72434, valid accuracy : 0.75250
Epoch 204/300, loss : 0.50532, auc : 0.73862, accuracy : 0.75454
Epoch 204/300, valid auc : 0.72436, valid accuracy : 0.75263
Epoch 205/300, loss : 0.50530, auc : 0.73865, accuracy : 0.75459
Epoch 205/300, valid auc : 0.72434, valid accuracy : 0.75261
Epoch 206/300, loss : 0.50527, auc : 0.73868, accuracy : 0.75458
Epoch 206/300, valid auc : 0.72429, valid accuracy : 0.75252
Epoch 207/300, loss : 0.50525, auc : 0.73872, accuracy : 0.75462
Epoch 207/300, valid auc : 0.72428, valid accuracy : 0.75242
Epoch 208/300, loss : 0.50523, auc : 0.73874, accuracy : 0.75463
Epoch 208/300, valid auc : 0.72429, valid accuracy : 0.75250
Epoch 209/300, loss : 0.50520, auc : 0.73877, accuracy : 0.75466
Epoch 209/300, valid auc : 0.72431, valid accuracy : 0.75242
Epoch 210/300, loss : 0.50518, auc : 0.73880, accuracy : 0.75463
Epoch 210/300, valid auc : 0.72433, valid accuracy : 0.75233
Epoch 211/300, loss : 0.50516, auc : 0.73883, accuracy : 0.75462
Epoch 211/300, valid auc : 0.72431, valid accuracy : 0.75233
Epoch 212/300, loss : 0.50514, auc : 0.73886, accuracy : 0.75455
Epoch 212/300, valid auc : 0.72428, valid accuracy : 0.75242
Epoch 213/300, loss : 0.50512, auc : 0.73889, accuracy : 0.75456
Epoch 213/300, valid auc : 0.72430, valid accuracy : 0.75256
Epoch 214/300, loss : 0.50510, auc : 0.73892, accuracy : 0.75457
Epoch 214/300, valid auc : 0.72433, valid accuracy : 0.75248
Epoch 215/300, loss : 0.50508, auc : 0.73894, accuracy : 0.75461
Epoch 215/300, valid auc : 0.72432, valid accuracy : 0.75253
Epoch 216/300, loss : 0.50505, auc : 0.73898, accuracy : 0.75463
Epoch 216/300, valid auc : 0.72428, valid accuracy : 0.75251
Epoch 217/300, loss : 0.50503, auc : 0.73900, accuracy : 0.75459
Epoch 217/300, valid auc : 0.72426, valid accuracy : 0.75233
Epoch 218/300, loss : 0.50501, auc : 0.73903, accuracy : 0.75459
Epoch 218/300, valid auc : 0.72425, valid accuracy : 0.75242
Epoch 219/300, loss : 0.50499, auc : 0.73906, accuracy : 0.75465
Epoch 219/300, valid auc : 0.72429, valid accuracy : 0.75241
Epoch 220/300, loss : 0.50497, auc : 0.73908, accuracy : 0.75462
Epoch 220/300, valid auc : 0.72430, valid accuracy : 0.75249
Epoch 221/300, loss : 0.50495, auc : 0.73911, accuracy : 0.75463
Epoch 221/300, valid auc : 0.72426, valid accuracy : 0.75251
Epoch 222/300, loss : 0.50493, auc : 0.73914, accuracy : 0.75458
Epoch 222/300, valid auc : 0.72421, valid accuracy : 0.75239
Epoch 223/300, loss : 0.50491, auc : 0.73916, accuracy : 0.75452
Epoch 223/300, valid auc : 0.72421, valid accuracy : 0.75240
Epoch 224/300, loss : 0.50489, auc : 0.73919, accuracy : 0.75450
Epoch 224/300, valid auc : 0.72422, valid accuracy : 0.75244
Epoch 225/300, loss : 0.50487, auc : 0.73921, accuracy : 0.75450
Epoch 225/300, valid auc : 0.72423, valid accuracy : 0.75239
Epoch 226/300, loss : 0.50486, auc : 0.73924, accuracy : 0.75453
Epoch 226/300, valid auc : 0.72422, valid accuracy : 0.75239
Epoch 227/300, loss : 0.50484, auc : 0.73926, accuracy : 0.75459
Epoch 227/300, valid auc : 0.72419, valid accuracy : 0.75242
Epoch 228/300, loss : 0.50482, auc : 0.73929, accuracy : 0.75460
Epoch 228/300, valid auc : 0.72418, valid accuracy : 0.75244
Epoch 229/300, loss : 0.50480, auc : 0.73931, accuracy : 0.75460
Epoch 229/300, valid auc : 0.72419, valid accuracy : 0.75244
Epoch 230/300, loss : 0.50478, auc : 0.73934, accuracy : 0.75465
Epoch 230/300, valid auc : 0.72418, valid accuracy : 0.75248
Epoch 231/300, loss : 0.50476, auc : 0.73936, accuracy : 0.75469
Epoch 231/300, valid auc : 0.72416, valid accuracy : 0.75244
Epoch 232/300, loss : 0.50474, auc : 0.73938, accuracy : 0.75468
Epoch 232/300, valid auc : 0.72413, valid accuracy : 0.75241
Epoch 233/300, loss : 0.50473, auc : 0.73941, accuracy : 0.75468
Epoch 233/300, valid auc : 0.72411, valid accuracy : 0.75233
Epoch 234/300, loss : 0.50471, auc : 0.73943, accuracy : 0.75462
Epoch 234/300, valid auc : 0.72412, valid accuracy : 0.75235
Epoch 235/300, loss : 0.50470, auc : 0.73945, accuracy : 0.75466
Epoch 235/300, valid auc : 0.72413, valid accuracy : 0.75235
Epoch 236/300, loss : 0.50468, auc : 0.73947, accuracy : 0.75468
Epoch 236/300, valid auc : 0.72413, valid accuracy : 0.75225
Epoch 237/300, loss : 0.50466, auc : 0.73949, accuracy : 0.75467
Epoch 237/300, valid auc : 0.72408, valid accuracy : 0.75226
Epoch 238/300, loss : 0.50464, auc : 0.73951, accuracy : 0.75466
Epoch 238/300, valid auc : 0.72405, valid accuracy : 0.75229
Epoch 239/300, loss : 0.50463, auc : 0.73954, accuracy : 0.75468
Epoch 239/300, valid auc : 0.72404, valid accuracy : 0.75230
Epoch 240/300, loss : 0.50461, auc : 0.73956, accuracy : 0.75472
Epoch 240/300, valid auc : 0.72404, valid accuracy : 0.75223
Epoch 241/300, loss : 0.50460, auc : 0.73958, accuracy : 0.75473
Epoch 241/300, valid auc : 0.72404, valid accuracy : 0.75236
Epoch 242/300, loss : 0.50458, auc : 0.73960, accuracy : 0.75475
Epoch 242/300, valid auc : 0.72402, valid accuracy : 0.75224
Epoch 243/300, loss : 0.50457, auc : 0.73962, accuracy : 0.75478
Epoch 243/300, valid auc : 0.72398, valid accuracy : 0.75227
Epoch 244/300, loss : 0.50455, auc : 0.73964, accuracy : 0.75474
Epoch 244/300, valid auc : 0.72397, valid accuracy : 0.75217
Epoch 245/300, loss : 0.50453, auc : 0.73966, accuracy : 0.75475
Epoch 245/300, valid auc : 0.72397, valid accuracy : 0.75222
Epoch 246/300, loss : 0.50452, auc : 0.73968, accuracy : 0.75481
Epoch 246/300, valid auc : 0.72396, valid accuracy : 0.75216
Epoch 247/300, loss : 0.50450, auc : 0.73970, accuracy : 0.75480
Epoch 247/300, valid auc : 0.72392, valid accuracy : 0.75214
Epoch 248/300, loss : 0.50449, auc : 0.73972, accuracy : 0.75480
Epoch 248/300, valid auc : 0.72390, valid accuracy : 0.75221
Epoch 249/300, loss : 0.50447, auc : 0.73974, accuracy : 0.75480
Epoch 249/300, valid auc : 0.72387, valid accuracy : 0.75226
Epoch 250/300, loss : 0.50446, auc : 0.73976, accuracy : 0.75476
Epoch 250/300, valid auc : 0.72389, valid accuracy : 0.75216
Epoch 251/300, loss : 0.50445, auc : 0.73978, accuracy : 0.75478
Epoch 251/300, valid auc : 0.72391, valid accuracy : 0.75218
Epoch 252/300, loss : 0.50443, auc : 0.73979, accuracy : 0.75481
Epoch 252/300, valid auc : 0.72389, valid accuracy : 0.75223
Epoch 253/300, loss : 0.50442, auc : 0.73981, accuracy : 0.75478
Epoch 253/300, valid auc : 0.72385, valid accuracy : 0.75215
Epoch 254/300, loss : 0.50440, auc : 0.73984, accuracy : 0.75482
Epoch 254/300, valid auc : 0.72383, valid accuracy : 0.75221
Epoch 255/300, loss : 0.50439, auc : 0.73985, accuracy : 0.75482
Epoch 255/300, valid auc : 0.72382, valid accuracy : 0.75214
Epoch 256/300, loss : 0.50437, auc : 0.73988, accuracy : 0.75483
Epoch 256/300, valid auc : 0.72382, valid accuracy : 0.75215
Epoch 257/300, loss : 0.50436, auc : 0.73990, accuracy : 0.75482
Epoch 257/300, valid auc : 0.72380, valid accuracy : 0.75223
Epoch 258/300, loss : 0.50434, auc : 0.73992, accuracy : 0.75476
Epoch 258/300, valid auc : 0.72379, valid accuracy : 0.75224
Epoch 259/300, loss : 0.50433, auc : 0.73994, accuracy : 0.75477
Epoch 259/300, valid auc : 0.72377, valid accuracy : 0.75211
Epoch 260/300, loss : 0.50432, auc : 0.73996, accuracy : 0.75473
Epoch 260/300, valid auc : 0.72377, valid accuracy : 0.75208
Epoch 261/300, loss : 0.50430, auc : 0.73997, accuracy : 0.75481
Epoch 261/300, valid auc : 0.72379, valid accuracy : 0.75219
Epoch 262/300, loss : 0.50429, auc : 0.74000, accuracy : 0.75478
Epoch 262/300, valid auc : 0.72378, valid accuracy : 0.75214
Epoch 263/300, loss : 0.50427, auc : 0.74002, accuracy : 0.75481
Epoch 263/300, valid auc : 0.72376, valid accuracy : 0.75213
Epoch 264/300, loss : 0.50426, auc : 0.74004, accuracy : 0.75483
Epoch 264/300, valid auc : 0.72374, valid accuracy : 0.75216
Epoch 265/300, loss : 0.50424, auc : 0.74006, accuracy : 0.75482
Epoch 265/300, valid auc : 0.72372, valid accuracy : 0.75214
Epoch 266/300, loss : 0.50423, auc : 0.74008, accuracy : 0.75483
Epoch 266/300, valid auc : 0.72374, valid accuracy : 0.75200
Epoch 267/300, loss : 0.50422, auc : 0.74010, accuracy : 0.75476
Epoch 267/300, valid auc : 0.72376, valid accuracy : 0.75203
Epoch 268/300, loss : 0.50420, auc : 0.74012, accuracy : 0.75473
Epoch 268/300, valid auc : 0.72375, valid accuracy : 0.75206
Epoch 269/300, loss : 0.50419, auc : 0.74014, accuracy : 0.75482
Epoch 269/300, valid auc : 0.72374, valid accuracy : 0.75210
Epoch 270/300, loss : 0.50418, auc : 0.74015, accuracy : 0.75479
Epoch 270/300, valid auc : 0.72373, valid accuracy : 0.75203
Epoch 271/300, loss : 0.50416, auc : 0.74017, accuracy : 0.75476
Epoch 271/300, valid auc : 0.72372, valid accuracy : 0.75209
Epoch 272/300, loss : 0.50415, auc : 0.74019, accuracy : 0.75475
Epoch 272/300, valid auc : 0.72373, valid accuracy : 0.75205
Epoch 273/300, loss : 0.50414, auc : 0.74021, accuracy : 0.75475
Epoch 273/300, valid auc : 0.72373, valid accuracy : 0.75205
Epoch 274/300, loss : 0.50413, auc : 0.74023, accuracy : 0.75472
Epoch 274/300, valid auc : 0.72373, valid accuracy : 0.75202
Epoch 275/300, loss : 0.50412, auc : 0.74024, accuracy : 0.75470
Epoch 275/300, valid auc : 0.72370, valid accuracy : 0.75204
Epoch 276/300, loss : 0.50411, auc : 0.74026, accuracy : 0.75472
Epoch 276/300, valid auc : 0.72370, valid accuracy : 0.75196
Epoch 277/300, loss : 0.50409, auc : 0.74028, accuracy : 0.75477
Epoch 277/300, valid auc : 0.72371, valid accuracy : 0.75206
Epoch 278/300, loss : 0.50408, auc : 0.74029, accuracy : 0.75480
Epoch 278/300, valid auc : 0.72371, valid accuracy : 0.75210
Epoch 279/300, loss : 0.50407, auc : 0.74031, accuracy : 0.75476
Epoch 279/300, valid auc : 0.72370, valid accuracy : 0.75221
Epoch 280/300, loss : 0.50406, auc : 0.74032, accuracy : 0.75477
Epoch 280/300, valid auc : 0.72368, valid accuracy : 0.75226
Epoch 281/300, loss : 0.50405, auc : 0.74033, accuracy : 0.75477
Epoch 281/300, valid auc : 0.72365, valid accuracy : 0.75233
Epoch 282/300, loss : 0.50404, auc : 0.74035, accuracy : 0.75475
Epoch 282/300, valid auc : 0.72366, valid accuracy : 0.75230
Epoch 283/300, loss : 0.50403, auc : 0.74036, accuracy : 0.75478
Epoch 283/300, valid auc : 0.72368, valid accuracy : 0.75237
Epoch 284/300, loss : 0.50403, auc : 0.74037, accuracy : 0.75471
Epoch 284/300, valid auc : 0.72368, valid accuracy : 0.75227
Epoch 285/300, loss : 0.50402, auc : 0.74039, accuracy : 0.75474
Epoch 285/300, valid auc : 0.72365, valid accuracy : 0.75221
Epoch 286/300, loss : 0.50401, auc : 0.74040, accuracy : 0.75483
Epoch 286/300, valid auc : 0.72364, valid accuracy : 0.75216
Epoch 287/300, loss : 0.50400, auc : 0.74041, accuracy : 0.75481
Epoch 287/300, valid auc : 0.72364, valid accuracy : 0.75212
Epoch 288/300, loss : 0.50399, auc : 0.74042, accuracy : 0.75485
Epoch 288/300, valid auc : 0.72363, valid accuracy : 0.75213
Epoch 289/300, loss : 0.50398, auc : 0.74044, accuracy : 0.75484
Epoch 289/300, valid auc : 0.72363, valid accuracy : 0.75218
Epoch 290/300, loss : 0.50397, auc : 0.74044, accuracy : 0.75485
Epoch 290/300, valid auc : 0.72362, valid accuracy : 0.75225
Epoch 291/300, loss : 0.50397, auc : 0.74045, accuracy : 0.75481
Epoch 291/300, valid auc : 0.72360, valid accuracy : 0.75221
Epoch 292/300, loss : 0.50396, auc : 0.74047, accuracy : 0.75483
Epoch 292/300, valid auc : 0.72359, valid accuracy : 0.75223
Epoch 293/300, loss : 0.50395, auc : 0.74048, accuracy : 0.75486
Epoch 293/300, valid auc : 0.72360, valid accuracy : 0.75217
Epoch 294/300, loss : 0.50394, auc : 0.74049, accuracy : 0.75482
Epoch 294/300, valid auc : 0.72361, valid accuracy : 0.75217
Epoch 295/300, loss : 0.50394, auc : 0.74050, accuracy : 0.75485
Epoch 295/300, valid auc : 0.72361, valid accuracy : 0.75225
Epoch 296/300, loss : 0.50393, auc : 0.74051, accuracy : 0.75488
Epoch 296/300, valid auc : 0.72357, valid accuracy : 0.75228
Epoch 297/300, loss : 0.50392, auc : 0.74052, accuracy : 0.75489
Epoch 297/300, valid auc : 0.72355, valid accuracy : 0.75222
Epoch 298/300, loss : 0.50391, auc : 0.74052, accuracy : 0.75490
Epoch 298/300, valid auc : 0.72355, valid accuracy : 0.75223
Epoch 299/300, loss : 0.50391, auc : 0.74053, accuracy : 0.75491
Epoch 299/300, valid auc : 0.72356, valid accuracy : 0.75230
Epoch 300/300, loss : 0.50390, auc : 0.74054, accuracy : 0.75493
Epoch 300/300, valid auc : 0.72359, valid accuracy : 0.75235
best outcome: best epoch: 131.0000
valid_auc: 0.7247	valid_accuracy: 0.7529	valid_loss: 0.5107	
test_auc: 0.7262	test_accuracy: 0.7492	test_loss: 0.5078	
