nohup: ignoring input
Namespace(batch_size=32, data_dir='./data/assist2015', data_name='assist2015', dataset_type='assist2015', decay_epoch=20, final_fc_dim=50, final_lr=1e-05, gpu=0, init_lr=0.001, init_std=0.1, load='assist2015', lr=0.001, lr_decay=0.75, max_iter=300, maxgradnorm=50.0, memory_key_state_dim=50, memory_size=20, memory_value_state_dim=200, momentum=0.9, n_question=110, q_embed_dim=50, qa_embed_dim=200, save='assist2015', seed='4', seqlen=200, show=True, test=False, train_test=True, wd=1e-05)
device: 0
Epoch 1/300, loss : 0.55381, auc : 0.63606, accuracy : 0.73279
Epoch 1/300, valid auc : 0.67298, valid accuracy : 0.72913
0.0000 to 0.6730
test_auc: 0.6689	test_accuracy: 0.7353	test_loss: 0.5413	
Epoch 2/300, loss : 0.54011, auc : 0.67128, accuracy : 0.73896
Epoch 2/300, valid auc : 0.68133, valid accuracy : 0.73065
0.6730 to 0.6813
test_auc: 0.6769	test_accuracy: 0.7367	test_loss: 0.5377	
Epoch 3/300, loss : 0.53728, auc : 0.67750, accuracy : 0.74024
Epoch 3/300, valid auc : 0.68689, valid accuracy : 0.73240
0.6813 to 0.6869
test_auc: 0.6828	test_accuracy: 0.7379	test_loss: 0.5348	
Epoch 4/300, loss : 0.53508, auc : 0.68209, accuracy : 0.74101
Epoch 4/300, valid auc : 0.69002, valid accuracy : 0.73344
0.6869 to 0.6900
test_auc: 0.6867	test_accuracy: 0.7392	test_loss: 0.5326	
Epoch 5/300, loss : 0.53343, auc : 0.68535, accuracy : 0.74199
Epoch 5/300, valid auc : 0.69288, valid accuracy : 0.73478
0.6900 to 0.6929
test_auc: 0.6897	test_accuracy: 0.7399	test_loss: 0.5309	
Epoch 6/300, loss : 0.53223, auc : 0.68776, accuracy : 0.74286
Epoch 6/300, valid auc : 0.69454, valid accuracy : 0.73514
0.6929 to 0.6945
test_auc: 0.6914	test_accuracy: 0.7405	test_loss: 0.5299	
Epoch 7/300, loss : 0.53130, auc : 0.68960, accuracy : 0.74340
Epoch 7/300, valid auc : 0.69599, valid accuracy : 0.73512
0.6945 to 0.6960
test_auc: 0.6929	test_accuracy: 0.7409	test_loss: 0.5289	
Epoch 8/300, loss : 0.53031, auc : 0.69142, accuracy : 0.74411
Epoch 8/300, valid auc : 0.69762, valid accuracy : 0.73575
0.6960 to 0.6976
test_auc: 0.6947	test_accuracy: 0.7414	test_loss: 0.5278	
Epoch 9/300, loss : 0.52937, auc : 0.69312, accuracy : 0.74465
Epoch 9/300, valid auc : 0.69893, valid accuracy : 0.73615
0.6976 to 0.6989
test_auc: 0.6961	test_accuracy: 0.7421	test_loss: 0.5268	
Epoch 10/300, loss : 0.52853, auc : 0.69470, accuracy : 0.74510
Epoch 10/300, valid auc : 0.70029, valid accuracy : 0.73679
0.6989 to 0.7003
test_auc: 0.6975	test_accuracy: 0.7425	test_loss: 0.5258	
Epoch 11/300, loss : 0.52758, auc : 0.69642, accuracy : 0.74606
Epoch 11/300, valid auc : 0.70197, valid accuracy : 0.73760
0.7003 to 0.7020
test_auc: 0.6993	test_accuracy: 0.7436	test_loss: 0.5244	
Epoch 12/300, loss : 0.52624, auc : 0.69845, accuracy : 0.74725
Epoch 12/300, valid auc : 0.70378, valid accuracy : 0.73864
0.7020 to 0.7038
test_auc: 0.7014	test_accuracy: 0.7453	test_loss: 0.5229	
Epoch 13/300, loss : 0.52522, auc : 0.70007, accuracy : 0.74805
Epoch 13/300, valid auc : 0.70490, valid accuracy : 0.73915
0.7038 to 0.7049
test_auc: 0.7025	test_accuracy: 0.7457	test_loss: 0.5221	
Epoch 14/300, loss : 0.52466, auc : 0.70110, accuracy : 0.74846
Epoch 14/300, valid auc : 0.70565, valid accuracy : 0.73941
0.7049 to 0.7057
test_auc: 0.7033	test_accuracy: 0.7461	test_loss: 0.5216	
Epoch 15/300, loss : 0.52424, auc : 0.70188, accuracy : 0.74853
Epoch 15/300, valid auc : 0.70622, valid accuracy : 0.73953
0.7057 to 0.7062
test_auc: 0.7039	test_accuracy: 0.7465	test_loss: 0.5212	
Epoch 16/300, loss : 0.52387, auc : 0.70257, accuracy : 0.74886
Epoch 16/300, valid auc : 0.70677, valid accuracy : 0.73922
0.7062 to 0.7068
test_auc: 0.7046	test_accuracy: 0.7469	test_loss: 0.5208	
Epoch 17/300, loss : 0.52350, auc : 0.70327, accuracy : 0.74905
Epoch 17/300, valid auc : 0.70733, valid accuracy : 0.73932
0.7068 to 0.7073
test_auc: 0.7053	test_accuracy: 0.7472	test_loss: 0.5204	
Epoch 18/300, loss : 0.52311, auc : 0.70400, accuracy : 0.74921
Epoch 18/300, valid auc : 0.70788, valid accuracy : 0.73944
0.7073 to 0.7079
test_auc: 0.7060	test_accuracy: 0.7474	test_loss: 0.5200	
Epoch 19/300, loss : 0.52269, auc : 0.70477, accuracy : 0.74946
Epoch 19/300, valid auc : 0.70843, valid accuracy : 0.73971
0.7079 to 0.7084
test_auc: 0.7067	test_accuracy: 0.7477	test_loss: 0.5196	
Epoch 20/300, loss : 0.52227, auc : 0.70557, accuracy : 0.74980
Epoch 20/300, valid auc : 0.70903, valid accuracy : 0.73973
0.7084 to 0.7090
test_auc: 0.7075	test_accuracy: 0.7478	test_loss: 0.5191	
Epoch 21/300, loss : 0.52180, auc : 0.70646, accuracy : 0.74978
Epoch 21/300, valid auc : 0.70971, valid accuracy : 0.73992
0.7090 to 0.7097
test_auc: 0.7084	test_accuracy: 0.7478	test_loss: 0.5186	
Epoch 22/300, loss : 0.52130, auc : 0.70744, accuracy : 0.74989
Epoch 22/300, valid auc : 0.71032, valid accuracy : 0.74024
0.7097 to 0.7103
test_auc: 0.7092	test_accuracy: 0.7479	test_loss: 0.5182	
Epoch 23/300, loss : 0.52080, auc : 0.70840, accuracy : 0.75008
Epoch 23/300, valid auc : 0.71097, valid accuracy : 0.74005
0.7103 to 0.7110
test_auc: 0.7100	test_accuracy: 0.7481	test_loss: 0.5177	
Epoch 24/300, loss : 0.52029, auc : 0.70936, accuracy : 0.75028
Epoch 24/300, valid auc : 0.71163, valid accuracy : 0.73995
0.7110 to 0.7116
test_auc: 0.7107	test_accuracy: 0.7481	test_loss: 0.5173	
Epoch 25/300, loss : 0.51980, auc : 0.71028, accuracy : 0.75039
Epoch 25/300, valid auc : 0.71228, valid accuracy : 0.74011
0.7116 to 0.7123
test_auc: 0.7115	test_accuracy: 0.7479	test_loss: 0.5169	
Epoch 26/300, loss : 0.51933, auc : 0.71115, accuracy : 0.75050
Epoch 26/300, valid auc : 0.71284, valid accuracy : 0.74034
0.7123 to 0.7128
test_auc: 0.7121	test_accuracy: 0.7480	test_loss: 0.5165	
Epoch 27/300, loss : 0.51888, auc : 0.71199, accuracy : 0.75066
Epoch 27/300, valid auc : 0.71338, valid accuracy : 0.74029
0.7128 to 0.7134
test_auc: 0.7127	test_accuracy: 0.7480	test_loss: 0.5161	
Epoch 28/300, loss : 0.51846, auc : 0.71280, accuracy : 0.75070
Epoch 28/300, valid auc : 0.71388, valid accuracy : 0.74018
0.7134 to 0.7139
test_auc: 0.7134	test_accuracy: 0.7480	test_loss: 0.5158	
Epoch 29/300, loss : 0.51804, auc : 0.71355, accuracy : 0.75087
Epoch 29/300, valid auc : 0.71432, valid accuracy : 0.74044
0.7139 to 0.7143
test_auc: 0.7139	test_accuracy: 0.7483	test_loss: 0.5155	
Epoch 30/300, loss : 0.51765, auc : 0.71427, accuracy : 0.75087
Epoch 30/300, valid auc : 0.71481, valid accuracy : 0.74060
0.7143 to 0.7148
test_auc: 0.7145	test_accuracy: 0.7482	test_loss: 0.5151	
Epoch 31/300, loss : 0.51727, auc : 0.71496, accuracy : 0.75093
Epoch 31/300, valid auc : 0.71526, valid accuracy : 0.74064
0.7148 to 0.7153
test_auc: 0.7150	test_accuracy: 0.7482	test_loss: 0.5148	
Epoch 32/300, loss : 0.51689, auc : 0.71563, accuracy : 0.75098
Epoch 32/300, valid auc : 0.71570, valid accuracy : 0.74071
0.7153 to 0.7157
test_auc: 0.7155	test_accuracy: 0.7483	test_loss: 0.5145	
Epoch 33/300, loss : 0.51653, auc : 0.71628, accuracy : 0.75115
Epoch 33/300, valid auc : 0.71608, valid accuracy : 0.74061
0.7157 to 0.7161
test_auc: 0.7160	test_accuracy: 0.7484	test_loss: 0.5143	
Epoch 34/300, loss : 0.51618, auc : 0.71690, accuracy : 0.75135
Epoch 34/300, valid auc : 0.71651, valid accuracy : 0.74088
0.7161 to 0.7165
test_auc: 0.7165	test_accuracy: 0.7484	test_loss: 0.5140	
Epoch 35/300, loss : 0.51582, auc : 0.71755, accuracy : 0.75141
Epoch 35/300, valid auc : 0.71693, valid accuracy : 0.74108
0.7165 to 0.7169
test_auc: 0.7169	test_accuracy: 0.7485	test_loss: 0.5137	
Epoch 36/300, loss : 0.51546, auc : 0.71822, accuracy : 0.75155
Epoch 36/300, valid auc : 0.71735, valid accuracy : 0.74113
0.7169 to 0.7174
test_auc: 0.7175	test_accuracy: 0.7485	test_loss: 0.5134	
Epoch 37/300, loss : 0.51508, auc : 0.71892, accuracy : 0.75164
Epoch 37/300, valid auc : 0.71779, valid accuracy : 0.74127
0.7174 to 0.7178
test_auc: 0.7180	test_accuracy: 0.7485	test_loss: 0.5131	
Epoch 38/300, loss : 0.51470, auc : 0.71962, accuracy : 0.75176
Epoch 38/300, valid auc : 0.71825, valid accuracy : 0.74107
0.7178 to 0.7183
test_auc: 0.7186	test_accuracy: 0.7485	test_loss: 0.5128	
Epoch 39/300, loss : 0.51433, auc : 0.72032, accuracy : 0.75181
Epoch 39/300, valid auc : 0.71874, valid accuracy : 0.74108
0.7183 to 0.7187
test_auc: 0.7191	test_accuracy: 0.7485	test_loss: 0.5125	
Epoch 40/300, loss : 0.51397, auc : 0.72098, accuracy : 0.75182
Epoch 40/300, valid auc : 0.71916, valid accuracy : 0.74102
0.7187 to 0.7192
test_auc: 0.7196	test_accuracy: 0.7486	test_loss: 0.5122	
Epoch 41/300, loss : 0.51364, auc : 0.72158, accuracy : 0.75174
Epoch 41/300, valid auc : 0.71956, valid accuracy : 0.74130
0.7192 to 0.7196
test_auc: 0.7200	test_accuracy: 0.7488	test_loss: 0.5120	
Epoch 42/300, loss : 0.51332, auc : 0.72213, accuracy : 0.75179
Epoch 42/300, valid auc : 0.71986, valid accuracy : 0.74154
0.7196 to 0.7199
test_auc: 0.7204	test_accuracy: 0.7489	test_loss: 0.5118	
Epoch 43/300, loss : 0.51304, auc : 0.72263, accuracy : 0.75191
Epoch 43/300, valid auc : 0.72022, valid accuracy : 0.74150
0.7199 to 0.7202
test_auc: 0.7207	test_accuracy: 0.7490	test_loss: 0.5116	
Epoch 44/300, loss : 0.51278, auc : 0.72308, accuracy : 0.75212
Epoch 44/300, valid auc : 0.72056, valid accuracy : 0.74181
0.7202 to 0.7206
test_auc: 0.7210	test_accuracy: 0.7492	test_loss: 0.5114	
Epoch 45/300, loss : 0.51253, auc : 0.72350, accuracy : 0.75225
Epoch 45/300, valid auc : 0.72088, valid accuracy : 0.74173
0.7206 to 0.7209
test_auc: 0.7213	test_accuracy: 0.7493	test_loss: 0.5112	
Epoch 46/300, loss : 0.51229, auc : 0.72389, accuracy : 0.75217
Epoch 46/300, valid auc : 0.72119, valid accuracy : 0.74164
0.7209 to 0.7212
test_auc: 0.7216	test_accuracy: 0.7494	test_loss: 0.5110	
Epoch 47/300, loss : 0.51207, auc : 0.72425, accuracy : 0.75237
Epoch 47/300, valid auc : 0.72148, valid accuracy : 0.74178
0.7212 to 0.7215
test_auc: 0.7219	test_accuracy: 0.7496	test_loss: 0.5108	
Epoch 48/300, loss : 0.51186, auc : 0.72460, accuracy : 0.75235
Epoch 48/300, valid auc : 0.72172, valid accuracy : 0.74158
0.7215 to 0.7217
test_auc: 0.7221	test_accuracy: 0.7497	test_loss: 0.5107	
Epoch 49/300, loss : 0.51167, auc : 0.72492, accuracy : 0.75244
Epoch 49/300, valid auc : 0.72198, valid accuracy : 0.74159
0.7217 to 0.7220
test_auc: 0.7223	test_accuracy: 0.7498	test_loss: 0.5105	
Epoch 50/300, loss : 0.51148, auc : 0.72524, accuracy : 0.75248
Epoch 50/300, valid auc : 0.72218, valid accuracy : 0.74161
0.7220 to 0.7222
test_auc: 0.7225	test_accuracy: 0.7498	test_loss: 0.5104	
Epoch 51/300, loss : 0.51130, auc : 0.72552, accuracy : 0.75254
Epoch 51/300, valid auc : 0.72236, valid accuracy : 0.74160
0.7222 to 0.7224
test_auc: 0.7227	test_accuracy: 0.7498	test_loss: 0.5103	
Epoch 52/300, loss : 0.51113, auc : 0.72579, accuracy : 0.75269
Epoch 52/300, valid auc : 0.72255, valid accuracy : 0.74147
0.7224 to 0.7225
test_auc: 0.7228	test_accuracy: 0.7498	test_loss: 0.5102	
Epoch 53/300, loss : 0.51097, auc : 0.72605, accuracy : 0.75278
Epoch 53/300, valid auc : 0.72271, valid accuracy : 0.74118
0.7225 to 0.7227
test_auc: 0.7230	test_accuracy: 0.7499	test_loss: 0.5101	
Epoch 54/300, loss : 0.51081, auc : 0.72630, accuracy : 0.75299
Epoch 54/300, valid auc : 0.72286, valid accuracy : 0.74131
0.7227 to 0.7229
test_auc: 0.7231	test_accuracy: 0.7499	test_loss: 0.5100	
Epoch 55/300, loss : 0.51067, auc : 0.72654, accuracy : 0.75306
Epoch 55/300, valid auc : 0.72300, valid accuracy : 0.74135
0.7229 to 0.7230
test_auc: 0.7233	test_accuracy: 0.7497	test_loss: 0.5099	
Epoch 56/300, loss : 0.51053, auc : 0.72677, accuracy : 0.75312
Epoch 56/300, valid auc : 0.72312, valid accuracy : 0.74136
0.7230 to 0.7231
test_auc: 0.7234	test_accuracy: 0.7497	test_loss: 0.5098	
Epoch 57/300, loss : 0.51039, auc : 0.72699, accuracy : 0.75318
Epoch 57/300, valid auc : 0.72323, valid accuracy : 0.74137
0.7231 to 0.7232
test_auc: 0.7235	test_accuracy: 0.7496	test_loss: 0.5097	
Epoch 58/300, loss : 0.51026, auc : 0.72720, accuracy : 0.75318
Epoch 58/300, valid auc : 0.72339, valid accuracy : 0.74138
0.7232 to 0.7234
test_auc: 0.7236	test_accuracy: 0.7496	test_loss: 0.5096	
Epoch 59/300, loss : 0.51013, auc : 0.72741, accuracy : 0.75322
Epoch 59/300, valid auc : 0.72350, valid accuracy : 0.74134
0.7234 to 0.7235
test_auc: 0.7238	test_accuracy: 0.7497	test_loss: 0.5095	
Epoch 60/300, loss : 0.51000, auc : 0.72761, accuracy : 0.75329
Epoch 60/300, valid auc : 0.72360, valid accuracy : 0.74134
0.7235 to 0.7236
test_auc: 0.7239	test_accuracy: 0.7497	test_loss: 0.5095	
Epoch 61/300, loss : 0.50988, auc : 0.72781, accuracy : 0.75332
Epoch 61/300, valid auc : 0.72368, valid accuracy : 0.74143
0.7236 to 0.7237
test_auc: 0.7240	test_accuracy: 0.7497	test_loss: 0.5094	
Epoch 62/300, loss : 0.50976, auc : 0.72800, accuracy : 0.75334
Epoch 62/300, valid auc : 0.72375, valid accuracy : 0.74138
0.7237 to 0.7238
test_auc: 0.7241	test_accuracy: 0.7496	test_loss: 0.5093	
Epoch 63/300, loss : 0.50964, auc : 0.72819, accuracy : 0.75331
Epoch 63/300, valid auc : 0.72384, valid accuracy : 0.74140
0.7238 to 0.7238
test_auc: 0.7242	test_accuracy: 0.7495	test_loss: 0.5093	
Epoch 64/300, loss : 0.50952, auc : 0.72838, accuracy : 0.75337
Epoch 64/300, valid auc : 0.72393, valid accuracy : 0.74138
0.7238 to 0.7239
test_auc: 0.7243	test_accuracy: 0.7496	test_loss: 0.5092	
Epoch 65/300, loss : 0.50940, auc : 0.72856, accuracy : 0.75336
Epoch 65/300, valid auc : 0.72400, valid accuracy : 0.74142
0.7239 to 0.7240
test_auc: 0.7244	test_accuracy: 0.7497	test_loss: 0.5092	
Epoch 66/300, loss : 0.50928, auc : 0.72875, accuracy : 0.75335
Epoch 66/300, valid auc : 0.72407, valid accuracy : 0.74149
0.7240 to 0.7241
test_auc: 0.7245	test_accuracy: 0.7496	test_loss: 0.5091	
Epoch 67/300, loss : 0.50916, auc : 0.72894, accuracy : 0.75333
Epoch 67/300, valid auc : 0.72411, valid accuracy : 0.74160
0.7241 to 0.7241
test_auc: 0.7245	test_accuracy: 0.7497	test_loss: 0.5090	
Epoch 68/300, loss : 0.50905, auc : 0.72912, accuracy : 0.75340
Epoch 68/300, valid auc : 0.72420, valid accuracy : 0.74147
0.7241 to 0.7242
test_auc: 0.7246	test_accuracy: 0.7496	test_loss: 0.5090	
Epoch 69/300, loss : 0.50894, auc : 0.72929, accuracy : 0.75335
Epoch 69/300, valid auc : 0.72426, valid accuracy : 0.74151
0.7242 to 0.7243
test_auc: 0.7247	test_accuracy: 0.7497	test_loss: 0.5089	
Epoch 70/300, loss : 0.50883, auc : 0.72946, accuracy : 0.75336
Epoch 70/300, valid auc : 0.72430, valid accuracy : 0.74144
0.7243 to 0.7243
test_auc: 0.7248	test_accuracy: 0.7496	test_loss: 0.5089	
Epoch 71/300, loss : 0.50872, auc : 0.72963, accuracy : 0.75340
Epoch 71/300, valid auc : 0.72433, valid accuracy : 0.74144
0.7243 to 0.7243
test_auc: 0.7248	test_accuracy: 0.7495	test_loss: 0.5088	
Epoch 72/300, loss : 0.50862, auc : 0.72978, accuracy : 0.75342
Epoch 72/300, valid auc : 0.72438, valid accuracy : 0.74144
0.7243 to 0.7244
test_auc: 0.7249	test_accuracy: 0.7494	test_loss: 0.5088	
Epoch 73/300, loss : 0.50852, auc : 0.72992, accuracy : 0.75335
Epoch 73/300, valid auc : 0.72444, valid accuracy : 0.74143
0.7244 to 0.7244
test_auc: 0.7250	test_accuracy: 0.7495	test_loss: 0.5087	
Epoch 74/300, loss : 0.50842, auc : 0.73007, accuracy : 0.75338
Epoch 74/300, valid auc : 0.72447, valid accuracy : 0.74159
0.7244 to 0.7245
test_auc: 0.7250	test_accuracy: 0.7494	test_loss: 0.5087	
Epoch 75/300, loss : 0.50833, auc : 0.73021, accuracy : 0.75342
Epoch 75/300, valid auc : 0.72446, valid accuracy : 0.74168
Epoch 76/300, loss : 0.50824, auc : 0.73035, accuracy : 0.75348
Epoch 76/300, valid auc : 0.72446, valid accuracy : 0.74153
Epoch 77/300, loss : 0.50815, auc : 0.73048, accuracy : 0.75352
Epoch 77/300, valid auc : 0.72448, valid accuracy : 0.74170
0.7245 to 0.7245
test_auc: 0.7251	test_accuracy: 0.7493	test_loss: 0.5086	
Epoch 78/300, loss : 0.50806, auc : 0.73060, accuracy : 0.75354
Epoch 78/300, valid auc : 0.72450, valid accuracy : 0.74155
0.7245 to 0.7245
test_auc: 0.7251	test_accuracy: 0.7495	test_loss: 0.5086	
Epoch 79/300, loss : 0.50798, auc : 0.73073, accuracy : 0.75352
Epoch 79/300, valid auc : 0.72449, valid accuracy : 0.74165
Epoch 80/300, loss : 0.50789, auc : 0.73085, accuracy : 0.75352
Epoch 80/300, valid auc : 0.72448, valid accuracy : 0.74176
Epoch 81/300, loss : 0.50781, auc : 0.73096, accuracy : 0.75352
Epoch 81/300, valid auc : 0.72450, valid accuracy : 0.74166
0.7245 to 0.7245
test_auc: 0.7252	test_accuracy: 0.7495	test_loss: 0.5086	
Epoch 82/300, loss : 0.50774, auc : 0.73107, accuracy : 0.75357
Epoch 82/300, valid auc : 0.72452, valid accuracy : 0.74159
0.7245 to 0.7245
test_auc: 0.7252	test_accuracy: 0.7496	test_loss: 0.5085	
Epoch 83/300, loss : 0.50766, auc : 0.73118, accuracy : 0.75364
Epoch 83/300, valid auc : 0.72451, valid accuracy : 0.74163
Epoch 84/300, loss : 0.50759, auc : 0.73128, accuracy : 0.75366
Epoch 84/300, valid auc : 0.72451, valid accuracy : 0.74167
Epoch 85/300, loss : 0.50751, auc : 0.73139, accuracy : 0.75368
Epoch 85/300, valid auc : 0.72450, valid accuracy : 0.74175
Epoch 86/300, loss : 0.50744, auc : 0.73149, accuracy : 0.75369
Epoch 86/300, valid auc : 0.72448, valid accuracy : 0.74179
Epoch 87/300, loss : 0.50737, auc : 0.73158, accuracy : 0.75369
Epoch 87/300, valid auc : 0.72450, valid accuracy : 0.74174
Epoch 88/300, loss : 0.50731, auc : 0.73168, accuracy : 0.75368
Epoch 88/300, valid auc : 0.72450, valid accuracy : 0.74182
Epoch 89/300, loss : 0.50724, auc : 0.73177, accuracy : 0.75361
Epoch 89/300, valid auc : 0.72450, valid accuracy : 0.74177
Epoch 90/300, loss : 0.50717, auc : 0.73186, accuracy : 0.75363
Epoch 90/300, valid auc : 0.72448, valid accuracy : 0.74169
Epoch 91/300, loss : 0.50711, auc : 0.73195, accuracy : 0.75361
Epoch 91/300, valid auc : 0.72451, valid accuracy : 0.74173
Epoch 92/300, loss : 0.50704, auc : 0.73204, accuracy : 0.75368
Epoch 92/300, valid auc : 0.72452, valid accuracy : 0.74172
0.7245 to 0.7245
test_auc: 0.7252	test_accuracy: 0.7493	test_loss: 0.5084	
Epoch 93/300, loss : 0.50698, auc : 0.73213, accuracy : 0.75371
Epoch 93/300, valid auc : 0.72450, valid accuracy : 0.74176
Epoch 94/300, loss : 0.50692, auc : 0.73222, accuracy : 0.75375
Epoch 94/300, valid auc : 0.72448, valid accuracy : 0.74203
Epoch 95/300, loss : 0.50686, auc : 0.73231, accuracy : 0.75370
Epoch 95/300, valid auc : 0.72452, valid accuracy : 0.74203
0.7245 to 0.7245
test_auc: 0.7252	test_accuracy: 0.7492	test_loss: 0.5084	
Epoch 96/300, loss : 0.50679, auc : 0.73239, accuracy : 0.75371
Epoch 96/300, valid auc : 0.72455, valid accuracy : 0.74200
0.7245 to 0.7245
test_auc: 0.7252	test_accuracy: 0.7493	test_loss: 0.5083	
Epoch 97/300, loss : 0.50673, auc : 0.73249, accuracy : 0.75378
Epoch 97/300, valid auc : 0.72457, valid accuracy : 0.74216
0.7245 to 0.7246
test_auc: 0.7252	test_accuracy: 0.7493	test_loss: 0.5083	
Epoch 98/300, loss : 0.50666, auc : 0.73258, accuracy : 0.75385
Epoch 98/300, valid auc : 0.72456, valid accuracy : 0.74206
Epoch 99/300, loss : 0.50660, auc : 0.73267, accuracy : 0.75391
Epoch 99/300, valid auc : 0.72455, valid accuracy : 0.74199
Epoch 100/300, loss : 0.50654, auc : 0.73275, accuracy : 0.75394
Epoch 100/300, valid auc : 0.72456, valid accuracy : 0.74210
Epoch 101/300, loss : 0.50648, auc : 0.73284, accuracy : 0.75396
Epoch 101/300, valid auc : 0.72458, valid accuracy : 0.74216
0.7246 to 0.7246
test_auc: 0.7251	test_accuracy: 0.7493	test_loss: 0.5083	
Epoch 102/300, loss : 0.50642, auc : 0.73292, accuracy : 0.75396
Epoch 102/300, valid auc : 0.72458, valid accuracy : 0.74206
Epoch 103/300, loss : 0.50636, auc : 0.73301, accuracy : 0.75402
Epoch 103/300, valid auc : 0.72459, valid accuracy : 0.74197
0.7246 to 0.7246
test_auc: 0.7251	test_accuracy: 0.7493	test_loss: 0.5083	
Epoch 104/300, loss : 0.50630, auc : 0.73309, accuracy : 0.75410
Epoch 104/300, valid auc : 0.72458, valid accuracy : 0.74199
Epoch 105/300, loss : 0.50625, auc : 0.73317, accuracy : 0.75410
Epoch 105/300, valid auc : 0.72459, valid accuracy : 0.74200
Epoch 106/300, loss : 0.50619, auc : 0.73325, accuracy : 0.75417
Epoch 106/300, valid auc : 0.72460, valid accuracy : 0.74207
0.7246 to 0.7246
test_auc: 0.7251	test_accuracy: 0.7494	test_loss: 0.5083	
Epoch 107/300, loss : 0.50613, auc : 0.73333, accuracy : 0.75421
Epoch 107/300, valid auc : 0.72462, valid accuracy : 0.74202
0.7246 to 0.7246
test_auc: 0.7251	test_accuracy: 0.7494	test_loss: 0.5083	
Epoch 108/300, loss : 0.50608, auc : 0.73341, accuracy : 0.75423
Epoch 108/300, valid auc : 0.72463, valid accuracy : 0.74211
0.7246 to 0.7246
test_auc: 0.7251	test_accuracy: 0.7493	test_loss: 0.5083	
Epoch 109/300, loss : 0.50602, auc : 0.73349, accuracy : 0.75425
Epoch 109/300, valid auc : 0.72461, valid accuracy : 0.74204
Epoch 110/300, loss : 0.50597, auc : 0.73357, accuracy : 0.75431
Epoch 110/300, valid auc : 0.72463, valid accuracy : 0.74197
0.7246 to 0.7246
test_auc: 0.7251	test_accuracy: 0.7492	test_loss: 0.5083	
Epoch 111/300, loss : 0.50592, auc : 0.73365, accuracy : 0.75431
Epoch 111/300, valid auc : 0.72466, valid accuracy : 0.74191
0.7246 to 0.7247
test_auc: 0.7251	test_accuracy: 0.7493	test_loss: 0.5083	
Epoch 112/300, loss : 0.50586, auc : 0.73373, accuracy : 0.75440
Epoch 112/300, valid auc : 0.72466, valid accuracy : 0.74190
0.7247 to 0.7247
test_auc: 0.7251	test_accuracy: 0.7493	test_loss: 0.5083	
Epoch 113/300, loss : 0.50581, auc : 0.73380, accuracy : 0.75440
Epoch 113/300, valid auc : 0.72466, valid accuracy : 0.74184
Epoch 114/300, loss : 0.50575, auc : 0.73388, accuracy : 0.75436
Epoch 114/300, valid auc : 0.72465, valid accuracy : 0.74177
Epoch 115/300, loss : 0.50570, auc : 0.73396, accuracy : 0.75441
Epoch 115/300, valid auc : 0.72464, valid accuracy : 0.74183
Epoch 116/300, loss : 0.50565, auc : 0.73403, accuracy : 0.75447
Epoch 116/300, valid auc : 0.72464, valid accuracy : 0.74192
Epoch 117/300, loss : 0.50559, auc : 0.73411, accuracy : 0.75449
Epoch 117/300, valid auc : 0.72465, valid accuracy : 0.74205
Epoch 118/300, loss : 0.50554, auc : 0.73418, accuracy : 0.75454
Epoch 118/300, valid auc : 0.72464, valid accuracy : 0.74211
Epoch 119/300, loss : 0.50549, auc : 0.73426, accuracy : 0.75454
Epoch 119/300, valid auc : 0.72462, valid accuracy : 0.74207
Epoch 120/300, loss : 0.50544, auc : 0.73433, accuracy : 0.75454
Epoch 120/300, valid auc : 0.72460, valid accuracy : 0.74204
Epoch 121/300, loss : 0.50538, auc : 0.73440, accuracy : 0.75463
Epoch 121/300, valid auc : 0.72458, valid accuracy : 0.74198
Epoch 122/300, loss : 0.50533, auc : 0.73448, accuracy : 0.75474
Epoch 122/300, valid auc : 0.72460, valid accuracy : 0.74191
Epoch 123/300, loss : 0.50528, auc : 0.73455, accuracy : 0.75479
Epoch 123/300, valid auc : 0.72459, valid accuracy : 0.74191
Epoch 124/300, loss : 0.50523, auc : 0.73462, accuracy : 0.75476
Epoch 124/300, valid auc : 0.72457, valid accuracy : 0.74182
Epoch 125/300, loss : 0.50518, auc : 0.73468, accuracy : 0.75480
Epoch 125/300, valid auc : 0.72456, valid accuracy : 0.74187
Epoch 126/300, loss : 0.50513, auc : 0.73476, accuracy : 0.75487
Epoch 126/300, valid auc : 0.72455, valid accuracy : 0.74190
Epoch 127/300, loss : 0.50508, auc : 0.73483, accuracy : 0.75487
Epoch 127/300, valid auc : 0.72456, valid accuracy : 0.74193
Epoch 128/300, loss : 0.50503, auc : 0.73489, accuracy : 0.75483
Epoch 128/300, valid auc : 0.72456, valid accuracy : 0.74197
Epoch 129/300, loss : 0.50498, auc : 0.73496, accuracy : 0.75484
Epoch 129/300, valid auc : 0.72456, valid accuracy : 0.74193
Epoch 130/300, loss : 0.50493, auc : 0.73503, accuracy : 0.75483
Epoch 130/300, valid auc : 0.72454, valid accuracy : 0.74199
Epoch 131/300, loss : 0.50489, auc : 0.73510, accuracy : 0.75483
Epoch 131/300, valid auc : 0.72451, valid accuracy : 0.74184
Epoch 132/300, loss : 0.50484, auc : 0.73516, accuracy : 0.75491
Epoch 132/300, valid auc : 0.72452, valid accuracy : 0.74187
Epoch 133/300, loss : 0.50479, auc : 0.73523, accuracy : 0.75491
Epoch 133/300, valid auc : 0.72454, valid accuracy : 0.74185
Epoch 134/300, loss : 0.50474, auc : 0.73529, accuracy : 0.75499
Epoch 134/300, valid auc : 0.72451, valid accuracy : 0.74189
Epoch 135/300, loss : 0.50470, auc : 0.73536, accuracy : 0.75502
Epoch 135/300, valid auc : 0.72453, valid accuracy : 0.74181
Epoch 136/300, loss : 0.50465, auc : 0.73542, accuracy : 0.75514
Epoch 136/300, valid auc : 0.72454, valid accuracy : 0.74169
Epoch 137/300, loss : 0.50460, auc : 0.73548, accuracy : 0.75522
Epoch 137/300, valid auc : 0.72453, valid accuracy : 0.74188
Epoch 138/300, loss : 0.50456, auc : 0.73555, accuracy : 0.75533
Epoch 138/300, valid auc : 0.72452, valid accuracy : 0.74190
Epoch 139/300, loss : 0.50451, auc : 0.73561, accuracy : 0.75534
Epoch 139/300, valid auc : 0.72451, valid accuracy : 0.74203
Epoch 140/300, loss : 0.50447, auc : 0.73567, accuracy : 0.75530
Epoch 140/300, valid auc : 0.72451, valid accuracy : 0.74192
Epoch 141/300, loss : 0.50443, auc : 0.73572, accuracy : 0.75531
Epoch 141/300, valid auc : 0.72451, valid accuracy : 0.74191
Epoch 142/300, loss : 0.50438, auc : 0.73578, accuracy : 0.75531
Epoch 142/300, valid auc : 0.72451, valid accuracy : 0.74200
Epoch 143/300, loss : 0.50434, auc : 0.73584, accuracy : 0.75530
Epoch 143/300, valid auc : 0.72450, valid accuracy : 0.74208
Epoch 144/300, loss : 0.50430, auc : 0.73590, accuracy : 0.75541
Epoch 144/300, valid auc : 0.72451, valid accuracy : 0.74205
Epoch 145/300, loss : 0.50426, auc : 0.73596, accuracy : 0.75545
Epoch 145/300, valid auc : 0.72448, valid accuracy : 0.74213
Epoch 146/300, loss : 0.50422, auc : 0.73601, accuracy : 0.75544
Epoch 146/300, valid auc : 0.72446, valid accuracy : 0.74216
Epoch 147/300, loss : 0.50418, auc : 0.73607, accuracy : 0.75543
Epoch 147/300, valid auc : 0.72449, valid accuracy : 0.74203
Epoch 148/300, loss : 0.50414, auc : 0.73612, accuracy : 0.75545
Epoch 148/300, valid auc : 0.72447, valid accuracy : 0.74205
Epoch 149/300, loss : 0.50410, auc : 0.73617, accuracy : 0.75547
Epoch 149/300, valid auc : 0.72446, valid accuracy : 0.74194
Epoch 150/300, loss : 0.50406, auc : 0.73622, accuracy : 0.75556
Epoch 150/300, valid auc : 0.72444, valid accuracy : 0.74191
Epoch 151/300, loss : 0.50402, auc : 0.73627, accuracy : 0.75561
Epoch 151/300, valid auc : 0.72446, valid accuracy : 0.74192
Epoch 152/300, loss : 0.50399, auc : 0.73632, accuracy : 0.75556
Epoch 152/300, valid auc : 0.72446, valid accuracy : 0.74190
Epoch 153/300, loss : 0.50395, auc : 0.73637, accuracy : 0.75565
Epoch 153/300, valid auc : 0.72445, valid accuracy : 0.74167
Epoch 154/300, loss : 0.50391, auc : 0.73642, accuracy : 0.75567
Epoch 154/300, valid auc : 0.72445, valid accuracy : 0.74176
Epoch 155/300, loss : 0.50387, auc : 0.73648, accuracy : 0.75569
Epoch 155/300, valid auc : 0.72442, valid accuracy : 0.74166
Epoch 156/300, loss : 0.50384, auc : 0.73652, accuracy : 0.75571
Epoch 156/300, valid auc : 0.72442, valid accuracy : 0.74156
Epoch 157/300, loss : 0.50381, auc : 0.73657, accuracy : 0.75578
Epoch 157/300, valid auc : 0.72441, valid accuracy : 0.74167
Epoch 158/300, loss : 0.50377, auc : 0.73661, accuracy : 0.75578
Epoch 158/300, valid auc : 0.72442, valid accuracy : 0.74162
Epoch 159/300, loss : 0.50374, auc : 0.73666, accuracy : 0.75575
Epoch 159/300, valid auc : 0.72443, valid accuracy : 0.74154
Epoch 160/300, loss : 0.50370, auc : 0.73670, accuracy : 0.75582
Epoch 160/300, valid auc : 0.72443, valid accuracy : 0.74152
Epoch 161/300, loss : 0.50367, auc : 0.73675, accuracy : 0.75578
Epoch 161/300, valid auc : 0.72442, valid accuracy : 0.74148
Epoch 162/300, loss : 0.50364, auc : 0.73680, accuracy : 0.75574
Epoch 162/300, valid auc : 0.72441, valid accuracy : 0.74160
Epoch 163/300, loss : 0.50361, auc : 0.73684, accuracy : 0.75582
Epoch 163/300, valid auc : 0.72443, valid accuracy : 0.74157
Epoch 164/300, loss : 0.50358, auc : 0.73688, accuracy : 0.75577
Epoch 164/300, valid auc : 0.72441, valid accuracy : 0.74159
Epoch 165/300, loss : 0.50354, auc : 0.73692, accuracy : 0.75574
Epoch 165/300, valid auc : 0.72439, valid accuracy : 0.74149
Epoch 166/300, loss : 0.50352, auc : 0.73696, accuracy : 0.75570
Epoch 166/300, valid auc : 0.72439, valid accuracy : 0.74141
Epoch 167/300, loss : 0.50349, auc : 0.73701, accuracy : 0.75574
Epoch 167/300, valid auc : 0.72439, valid accuracy : 0.74140
Epoch 168/300, loss : 0.50346, auc : 0.73705, accuracy : 0.75578
Epoch 168/300, valid auc : 0.72440, valid accuracy : 0.74150
Epoch 169/300, loss : 0.50343, auc : 0.73709, accuracy : 0.75583
Epoch 169/300, valid auc : 0.72439, valid accuracy : 0.74148
Epoch 170/300, loss : 0.50340, auc : 0.73712, accuracy : 0.75580
Epoch 170/300, valid auc : 0.72438, valid accuracy : 0.74148
Epoch 171/300, loss : 0.50337, auc : 0.73717, accuracy : 0.75581
Epoch 171/300, valid auc : 0.72437, valid accuracy : 0.74152
Epoch 172/300, loss : 0.50335, auc : 0.73720, accuracy : 0.75581
Epoch 172/300, valid auc : 0.72436, valid accuracy : 0.74153
Epoch 173/300, loss : 0.50332, auc : 0.73724, accuracy : 0.75581
Epoch 173/300, valid auc : 0.72439, valid accuracy : 0.74153
Epoch 174/300, loss : 0.50329, auc : 0.73727, accuracy : 0.75581
Epoch 174/300, valid auc : 0.72438, valid accuracy : 0.74142
Epoch 175/300, loss : 0.50327, auc : 0.73731, accuracy : 0.75580
Epoch 175/300, valid auc : 0.72438, valid accuracy : 0.74137
Epoch 176/300, loss : 0.50324, auc : 0.73735, accuracy : 0.75575
Epoch 176/300, valid auc : 0.72437, valid accuracy : 0.74142
Epoch 177/300, loss : 0.50322, auc : 0.73738, accuracy : 0.75575
Epoch 177/300, valid auc : 0.72438, valid accuracy : 0.74131
Epoch 178/300, loss : 0.50319, auc : 0.73742, accuracy : 0.75573
Epoch 178/300, valid auc : 0.72436, valid accuracy : 0.74126
Epoch 179/300, loss : 0.50317, auc : 0.73745, accuracy : 0.75576
Epoch 179/300, valid auc : 0.72435, valid accuracy : 0.74143
Epoch 180/300, loss : 0.50314, auc : 0.73748, accuracy : 0.75579
Epoch 180/300, valid auc : 0.72436, valid accuracy : 0.74142
Epoch 181/300, loss : 0.50312, auc : 0.73751, accuracy : 0.75575
Epoch 181/300, valid auc : 0.72434, valid accuracy : 0.74141
Epoch 182/300, loss : 0.50310, auc : 0.73755, accuracy : 0.75582
Epoch 182/300, valid auc : 0.72432, valid accuracy : 0.74148
Epoch 183/300, loss : 0.50307, auc : 0.73758, accuracy : 0.75585
Epoch 183/300, valid auc : 0.72432, valid accuracy : 0.74148
Epoch 184/300, loss : 0.50305, auc : 0.73761, accuracy : 0.75587
Epoch 184/300, valid auc : 0.72435, valid accuracy : 0.74155
Epoch 185/300, loss : 0.50303, auc : 0.73764, accuracy : 0.75585
Epoch 185/300, valid auc : 0.72435, valid accuracy : 0.74159
Epoch 186/300, loss : 0.50301, auc : 0.73767, accuracy : 0.75582
Epoch 186/300, valid auc : 0.72433, valid accuracy : 0.74157
Epoch 187/300, loss : 0.50298, auc : 0.73770, accuracy : 0.75580
Epoch 187/300, valid auc : 0.72432, valid accuracy : 0.74163
Epoch 188/300, loss : 0.50296, auc : 0.73774, accuracy : 0.75588
Epoch 188/300, valid auc : 0.72433, valid accuracy : 0.74168
Epoch 189/300, loss : 0.50294, auc : 0.73776, accuracy : 0.75590
Epoch 189/300, valid auc : 0.72435, valid accuracy : 0.74165
Epoch 190/300, loss : 0.50292, auc : 0.73779, accuracy : 0.75592
Epoch 190/300, valid auc : 0.72434, valid accuracy : 0.74154
Epoch 191/300, loss : 0.50290, auc : 0.73782, accuracy : 0.75593
Epoch 191/300, valid auc : 0.72432, valid accuracy : 0.74153
Epoch 192/300, loss : 0.50288, auc : 0.73785, accuracy : 0.75591
Epoch 192/300, valid auc : 0.72431, valid accuracy : 0.74159
Epoch 193/300, loss : 0.50286, auc : 0.73788, accuracy : 0.75595
Epoch 193/300, valid auc : 0.72433, valid accuracy : 0.74154
Epoch 194/300, loss : 0.50284, auc : 0.73791, accuracy : 0.75599
Epoch 194/300, valid auc : 0.72432, valid accuracy : 0.74152
Epoch 195/300, loss : 0.50282, auc : 0.73794, accuracy : 0.75600
Epoch 195/300, valid auc : 0.72432, valid accuracy : 0.74157
Epoch 196/300, loss : 0.50280, auc : 0.73796, accuracy : 0.75602
Epoch 196/300, valid auc : 0.72432, valid accuracy : 0.74162
Epoch 197/300, loss : 0.50278, auc : 0.73799, accuracy : 0.75609
Epoch 197/300, valid auc : 0.72431, valid accuracy : 0.74167
Epoch 198/300, loss : 0.50276, auc : 0.73802, accuracy : 0.75613
Epoch 198/300, valid auc : 0.72430, valid accuracy : 0.74159
Epoch 199/300, loss : 0.50274, auc : 0.73805, accuracy : 0.75617
Epoch 199/300, valid auc : 0.72430, valid accuracy : 0.74155
Epoch 200/300, loss : 0.50272, auc : 0.73807, accuracy : 0.75616
Epoch 200/300, valid auc : 0.72434, valid accuracy : 0.74149
Epoch 201/300, loss : 0.50270, auc : 0.73810, accuracy : 0.75621
Epoch 201/300, valid auc : 0.72432, valid accuracy : 0.74163
Epoch 202/300, loss : 0.50268, auc : 0.73813, accuracy : 0.75618
Epoch 202/300, valid auc : 0.72431, valid accuracy : 0.74165
Epoch 203/300, loss : 0.50266, auc : 0.73816, accuracy : 0.75616
Epoch 203/300, valid auc : 0.72433, valid accuracy : 0.74167
Epoch 204/300, loss : 0.50263, auc : 0.73819, accuracy : 0.75614
Epoch 204/300, valid auc : 0.72433, valid accuracy : 0.74184
Epoch 205/300, loss : 0.50262, auc : 0.73821, accuracy : 0.75618
Epoch 205/300, valid auc : 0.72433, valid accuracy : 0.74179
Epoch 206/300, loss : 0.50260, auc : 0.73824, accuracy : 0.75620
Epoch 206/300, valid auc : 0.72431, valid accuracy : 0.74193
Epoch 207/300, loss : 0.50258, auc : 0.73827, accuracy : 0.75625
Epoch 207/300, valid auc : 0.72429, valid accuracy : 0.74198
Epoch 208/300, loss : 0.50256, auc : 0.73830, accuracy : 0.75625
Epoch 208/300, valid auc : 0.72430, valid accuracy : 0.74216
Epoch 209/300, loss : 0.50254, auc : 0.73832, accuracy : 0.75620
Epoch 209/300, valid auc : 0.72431, valid accuracy : 0.74219
Epoch 210/300, loss : 0.50252, auc : 0.73835, accuracy : 0.75624
Epoch 210/300, valid auc : 0.72430, valid accuracy : 0.74222
Epoch 211/300, loss : 0.50251, auc : 0.73837, accuracy : 0.75625
Epoch 211/300, valid auc : 0.72431, valid accuracy : 0.74220
Epoch 212/300, loss : 0.50249, auc : 0.73840, accuracy : 0.75622
Epoch 212/300, valid auc : 0.72431, valid accuracy : 0.74215
Epoch 213/300, loss : 0.50247, auc : 0.73842, accuracy : 0.75625
Epoch 213/300, valid auc : 0.72429, valid accuracy : 0.74203
Epoch 214/300, loss : 0.50245, auc : 0.73845, accuracy : 0.75627
Epoch 214/300, valid auc : 0.72429, valid accuracy : 0.74218
Epoch 215/300, loss : 0.50244, auc : 0.73847, accuracy : 0.75629
Epoch 215/300, valid auc : 0.72432, valid accuracy : 0.74216
Epoch 216/300, loss : 0.50242, auc : 0.73849, accuracy : 0.75626
Epoch 216/300, valid auc : 0.72432, valid accuracy : 0.74214
Epoch 217/300, loss : 0.50240, auc : 0.73852, accuracy : 0.75633
Epoch 217/300, valid auc : 0.72430, valid accuracy : 0.74223
Epoch 218/300, loss : 0.50238, auc : 0.73855, accuracy : 0.75637
Epoch 218/300, valid auc : 0.72428, valid accuracy : 0.74219
Epoch 219/300, loss : 0.50237, auc : 0.73857, accuracy : 0.75638
Epoch 219/300, valid auc : 0.72431, valid accuracy : 0.74222
Epoch 220/300, loss : 0.50235, auc : 0.73859, accuracy : 0.75640
Epoch 220/300, valid auc : 0.72431, valid accuracy : 0.74221
Epoch 221/300, loss : 0.50233, auc : 0.73862, accuracy : 0.75636
Epoch 221/300, valid auc : 0.72432, valid accuracy : 0.74200
Epoch 222/300, loss : 0.50232, auc : 0.73864, accuracy : 0.75636
Epoch 222/300, valid auc : 0.72429, valid accuracy : 0.74200
Epoch 223/300, loss : 0.50230, auc : 0.73866, accuracy : 0.75641
Epoch 223/300, valid auc : 0.72425, valid accuracy : 0.74201
Epoch 224/300, loss : 0.50228, auc : 0.73869, accuracy : 0.75639
Epoch 224/300, valid auc : 0.72426, valid accuracy : 0.74193
Epoch 225/300, loss : 0.50227, auc : 0.73871, accuracy : 0.75640
Epoch 225/300, valid auc : 0.72427, valid accuracy : 0.74189
Epoch 226/300, loss : 0.50225, auc : 0.73873, accuracy : 0.75641
Epoch 226/300, valid auc : 0.72427, valid accuracy : 0.74198
Epoch 227/300, loss : 0.50224, auc : 0.73876, accuracy : 0.75639
Epoch 227/300, valid auc : 0.72427, valid accuracy : 0.74203
Epoch 228/300, loss : 0.50222, auc : 0.73878, accuracy : 0.75638
Epoch 228/300, valid auc : 0.72424, valid accuracy : 0.74193
Epoch 229/300, loss : 0.50220, auc : 0.73881, accuracy : 0.75634
Epoch 229/300, valid auc : 0.72422, valid accuracy : 0.74186
Epoch 230/300, loss : 0.50219, auc : 0.73883, accuracy : 0.75632
Epoch 230/300, valid auc : 0.72422, valid accuracy : 0.74192
Epoch 231/300, loss : 0.50217, auc : 0.73885, accuracy : 0.75630
Epoch 231/300, valid auc : 0.72422, valid accuracy : 0.74204
Epoch 232/300, loss : 0.50216, auc : 0.73887, accuracy : 0.75633
Epoch 232/300, valid auc : 0.72424, valid accuracy : 0.74200
Epoch 233/300, loss : 0.50214, auc : 0.73890, accuracy : 0.75632
Epoch 233/300, valid auc : 0.72421, valid accuracy : 0.74206
Epoch 234/300, loss : 0.50213, auc : 0.73892, accuracy : 0.75635
Epoch 234/300, valid auc : 0.72419, valid accuracy : 0.74206
Epoch 235/300, loss : 0.50211, auc : 0.73894, accuracy : 0.75637
Epoch 235/300, valid auc : 0.72419, valid accuracy : 0.74207
Epoch 236/300, loss : 0.50210, auc : 0.73897, accuracy : 0.75636
Epoch 236/300, valid auc : 0.72421, valid accuracy : 0.74200
Epoch 237/300, loss : 0.50208, auc : 0.73898, accuracy : 0.75635
Epoch 237/300, valid auc : 0.72422, valid accuracy : 0.74206
Epoch 238/300, loss : 0.50207, auc : 0.73900, accuracy : 0.75635
Epoch 238/300, valid auc : 0.72418, valid accuracy : 0.74209
Epoch 239/300, loss : 0.50205, auc : 0.73903, accuracy : 0.75640
Epoch 239/300, valid auc : 0.72416, valid accuracy : 0.74208
Epoch 240/300, loss : 0.50204, auc : 0.73905, accuracy : 0.75643
Epoch 240/300, valid auc : 0.72417, valid accuracy : 0.74209
Epoch 241/300, loss : 0.50203, auc : 0.73907, accuracy : 0.75637
Epoch 241/300, valid auc : 0.72419, valid accuracy : 0.74222
Epoch 242/300, loss : 0.50201, auc : 0.73909, accuracy : 0.75637
Epoch 242/300, valid auc : 0.72420, valid accuracy : 0.74221
Epoch 243/300, loss : 0.50200, auc : 0.73911, accuracy : 0.75638
Epoch 243/300, valid auc : 0.72419, valid accuracy : 0.74210
Epoch 244/300, loss : 0.50199, auc : 0.73913, accuracy : 0.75638
Epoch 244/300, valid auc : 0.72416, valid accuracy : 0.74213
Epoch 245/300, loss : 0.50197, auc : 0.73915, accuracy : 0.75639
Epoch 245/300, valid auc : 0.72416, valid accuracy : 0.74206
Epoch 246/300, loss : 0.50196, auc : 0.73917, accuracy : 0.75641
Epoch 246/300, valid auc : 0.72417, valid accuracy : 0.74195
Epoch 247/300, loss : 0.50195, auc : 0.73918, accuracy : 0.75640
Epoch 247/300, valid auc : 0.72418, valid accuracy : 0.74195
Epoch 248/300, loss : 0.50194, auc : 0.73920, accuracy : 0.75641
Epoch 248/300, valid auc : 0.72419, valid accuracy : 0.74196
Epoch 249/300, loss : 0.50192, auc : 0.73922, accuracy : 0.75645
Epoch 249/300, valid auc : 0.72416, valid accuracy : 0.74186
Epoch 250/300, loss : 0.50191, auc : 0.73924, accuracy : 0.75645
Epoch 250/300, valid auc : 0.72415, valid accuracy : 0.74183
Epoch 251/300, loss : 0.50190, auc : 0.73925, accuracy : 0.75645
Epoch 251/300, valid auc : 0.72416, valid accuracy : 0.74181
Epoch 252/300, loss : 0.50189, auc : 0.73927, accuracy : 0.75644
Epoch 252/300, valid auc : 0.72418, valid accuracy : 0.74177
Epoch 253/300, loss : 0.50188, auc : 0.73929, accuracy : 0.75649
Epoch 253/300, valid auc : 0.72420, valid accuracy : 0.74171
Epoch 254/300, loss : 0.50187, auc : 0.73930, accuracy : 0.75651
Epoch 254/300, valid auc : 0.72417, valid accuracy : 0.74162
Epoch 255/300, loss : 0.50186, auc : 0.73932, accuracy : 0.75647
Epoch 255/300, valid auc : 0.72417, valid accuracy : 0.74155
Epoch 256/300, loss : 0.50184, auc : 0.73934, accuracy : 0.75644
Epoch 256/300, valid auc : 0.72418, valid accuracy : 0.74162
Epoch 257/300, loss : 0.50183, auc : 0.73935, accuracy : 0.75646
Epoch 257/300, valid auc : 0.72421, valid accuracy : 0.74163
Epoch 258/300, loss : 0.50182, auc : 0.73937, accuracy : 0.75650
Epoch 258/300, valid auc : 0.72420, valid accuracy : 0.74148
Epoch 259/300, loss : 0.50181, auc : 0.73938, accuracy : 0.75643
Epoch 259/300, valid auc : 0.72420, valid accuracy : 0.74148
Epoch 260/300, loss : 0.50179, auc : 0.73940, accuracy : 0.75650
Epoch 260/300, valid auc : 0.72420, valid accuracy : 0.74150
Epoch 261/300, loss : 0.50179, auc : 0.73942, accuracy : 0.75653
Epoch 261/300, valid auc : 0.72420, valid accuracy : 0.74148
Epoch 262/300, loss : 0.50178, auc : 0.73943, accuracy : 0.75649
Epoch 262/300, valid auc : 0.72421, valid accuracy : 0.74156
Epoch 263/300, loss : 0.50176, auc : 0.73945, accuracy : 0.75651
Epoch 263/300, valid auc : 0.72422, valid accuracy : 0.74164
Epoch 264/300, loss : 0.50175, auc : 0.73946, accuracy : 0.75648
Epoch 264/300, valid auc : 0.72425, valid accuracy : 0.74172
Epoch 265/300, loss : 0.50174, auc : 0.73948, accuracy : 0.75651
Epoch 265/300, valid auc : 0.72424, valid accuracy : 0.74168
Epoch 266/300, loss : 0.50173, auc : 0.73949, accuracy : 0.75648
Epoch 266/300, valid auc : 0.72423, valid accuracy : 0.74168
Epoch 267/300, loss : 0.50172, auc : 0.73951, accuracy : 0.75644
Epoch 267/300, valid auc : 0.72425, valid accuracy : 0.74174
Epoch 268/300, loss : 0.50171, auc : 0.73952, accuracy : 0.75644
Epoch 268/300, valid auc : 0.72427, valid accuracy : 0.74166
Epoch 269/300, loss : 0.50170, auc : 0.73954, accuracy : 0.75650
Epoch 269/300, valid auc : 0.72428, valid accuracy : 0.74156
Epoch 270/300, loss : 0.50168, auc : 0.73956, accuracy : 0.75651
Epoch 270/300, valid auc : 0.72426, valid accuracy : 0.74156
Epoch 271/300, loss : 0.50167, auc : 0.73957, accuracy : 0.75648
Epoch 271/300, valid auc : 0.72427, valid accuracy : 0.74161
Epoch 272/300, loss : 0.50166, auc : 0.73958, accuracy : 0.75655
Epoch 272/300, valid auc : 0.72428, valid accuracy : 0.74166
Epoch 273/300, loss : 0.50165, auc : 0.73960, accuracy : 0.75655
Epoch 273/300, valid auc : 0.72429, valid accuracy : 0.74175
Epoch 274/300, loss : 0.50164, auc : 0.73962, accuracy : 0.75654
Epoch 274/300, valid auc : 0.72429, valid accuracy : 0.74184
Epoch 275/300, loss : 0.50163, auc : 0.73963, accuracy : 0.75652
Epoch 275/300, valid auc : 0.72431, valid accuracy : 0.74187
Epoch 276/300, loss : 0.50162, auc : 0.73964, accuracy : 0.75652
Epoch 276/300, valid auc : 0.72431, valid accuracy : 0.74195
Epoch 277/300, loss : 0.50161, auc : 0.73966, accuracy : 0.75652
Epoch 277/300, valid auc : 0.72431, valid accuracy : 0.74192
Epoch 278/300, loss : 0.50160, auc : 0.73967, accuracy : 0.75651
Epoch 278/300, valid auc : 0.72430, valid accuracy : 0.74189
Epoch 279/300, loss : 0.50159, auc : 0.73969, accuracy : 0.75653
Epoch 279/300, valid auc : 0.72433, valid accuracy : 0.74186
Epoch 280/300, loss : 0.50158, auc : 0.73970, accuracy : 0.75652
Epoch 280/300, valid auc : 0.72435, valid accuracy : 0.74190
Epoch 281/300, loss : 0.50157, auc : 0.73971, accuracy : 0.75649
Epoch 281/300, valid auc : 0.72434, valid accuracy : 0.74179
Epoch 282/300, loss : 0.50155, auc : 0.73973, accuracy : 0.75653
Epoch 282/300, valid auc : 0.72433, valid accuracy : 0.74185
Epoch 283/300, loss : 0.50154, auc : 0.73974, accuracy : 0.75650
Epoch 283/300, valid auc : 0.72434, valid accuracy : 0.74176
Epoch 284/300, loss : 0.50153, auc : 0.73976, accuracy : 0.75652
Epoch 284/300, valid auc : 0.72435, valid accuracy : 0.74180
Epoch 285/300, loss : 0.50152, auc : 0.73977, accuracy : 0.75652
Epoch 285/300, valid auc : 0.72435, valid accuracy : 0.74181
Epoch 286/300, loss : 0.50151, auc : 0.73979, accuracy : 0.75653
Epoch 286/300, valid auc : 0.72435, valid accuracy : 0.74177
Epoch 287/300, loss : 0.50150, auc : 0.73980, accuracy : 0.75652
Epoch 287/300, valid auc : 0.72435, valid accuracy : 0.74176
Epoch 288/300, loss : 0.50149, auc : 0.73981, accuracy : 0.75656
Epoch 288/300, valid auc : 0.72436, valid accuracy : 0.74184
Epoch 289/300, loss : 0.50148, auc : 0.73983, accuracy : 0.75656
Epoch 289/300, valid auc : 0.72436, valid accuracy : 0.74191
Epoch 290/300, loss : 0.50147, auc : 0.73984, accuracy : 0.75662
Epoch 290/300, valid auc : 0.72436, valid accuracy : 0.74198
Epoch 291/300, loss : 0.50146, auc : 0.73986, accuracy : 0.75664
Epoch 291/300, valid auc : 0.72438, valid accuracy : 0.74203
Epoch 292/300, loss : 0.50145, auc : 0.73987, accuracy : 0.75667
Epoch 292/300, valid auc : 0.72438, valid accuracy : 0.74205
Epoch 293/300, loss : 0.50144, auc : 0.73988, accuracy : 0.75672
Epoch 293/300, valid auc : 0.72437, valid accuracy : 0.74197
Epoch 294/300, loss : 0.50143, auc : 0.73990, accuracy : 0.75671
Epoch 294/300, valid auc : 0.72436, valid accuracy : 0.74187
Epoch 295/300, loss : 0.50142, auc : 0.73991, accuracy : 0.75668
Epoch 295/300, valid auc : 0.72438, valid accuracy : 0.74194
Epoch 296/300, loss : 0.50141, auc : 0.73992, accuracy : 0.75673
Epoch 296/300, valid auc : 0.72439, valid accuracy : 0.74192
Epoch 297/300, loss : 0.50140, auc : 0.73993, accuracy : 0.75672
Epoch 297/300, valid auc : 0.72440, valid accuracy : 0.74215
Epoch 298/300, loss : 0.50139, auc : 0.73995, accuracy : 0.75669
Epoch 298/300, valid auc : 0.72438, valid accuracy : 0.74204
Epoch 299/300, loss : 0.50138, auc : 0.73996, accuracy : 0.75674
Epoch 299/300, valid auc : 0.72439, valid accuracy : 0.74209
Epoch 300/300, loss : 0.50137, auc : 0.73997, accuracy : 0.75670
Epoch 300/300, valid auc : 0.72440, valid accuracy : 0.74215
best outcome: best epoch: 112.0000
valid_auc: 0.7247	valid_accuracy: 0.7419	valid_loss: 0.5202	
test_auc: 0.7251	test_accuracy: 0.7493	test_loss: 0.5083	
