	 max_iter 	 25
	 train_set 	 4
	 seed 	 224
	 wd 	 5e-05
	 optim 	 adam
	 batch_size 	 32
	 lr 	 1e-05
	 maxgradnorm 	 -1
	 final_fc_dim 	 512
	 d_model 	 256
	 d_ff 	 1024
	 dropout 	 0.05
	 n_block 	 1
	 n_head 	 8
	 kq_same 	 1
	 l2 	 1e-05
	 q_embed_dim 	 50
	 qa_embed_dim 	 256
	 memory_size 	 50
	 init_std 	 0.1
	 hidden_dim 	 512
	 lamda_r 	 0.1
	 lamda_w1 	 0.1
	 lamda_w2 	 0.1
	 model 	 akt_cid
	 dataset 	 HDUOJ
	 n_question 	 5320
	 seqlen 	 100
	 data_dir 	 data/HDUOJ
	 data_name 	 HDUOJ
	 save 	 HDUOJ
	 load 	 HDUOJ


train_q_data.shape (124383, 100)
train_qa_data.shape (124383, 100)
valid_q_data.shape (41242, 100)
valid_qa_data.shape (41242, 100)




epoch 1
valid_auc	 0.8905872545739368 	train_auc	 0.87062958945138
valid_accuracy	 0.8379128798437481 	train_accuracy	 0.8096377401762568
valid_loss	 0.396092031796631 	train_loss	 0.43159444998705987
epoch 2
valid_auc	 0.896354839438242 	train_auc	 0.8902198049348565
valid_accuracy	 0.8450052943375799 	train_accuracy	 0.8388994140369437
valid_loss	 0.38534918868899537 	train_loss	 0.394997478639068
epoch 3
valid_auc	 0.899129620801791 	train_auc	 0.8951219885714518
valid_accuracy	 0.8466663749152097 	train_accuracy	 0.8433289109207684
valid_loss	 0.38028005905297435 	train_loss	 0.3869131042140582
epoch 4
valid_auc	 0.9030779885808545 	train_auc	 0.8990938606773857
valid_accuracy	 0.8504551798409891 	train_accuracy	 0.8468557915497291
valid_loss	 0.37299499081291254 	train_loss	 0.3800501721559454
epoch 5
valid_auc	 0.9064411653669369 	train_auc	 0.9034433858378677
valid_accuracy	 0.8527336952954127 	train_accuracy	 0.8504740281728563
valid_loss	 0.36760336303579677 	train_loss	 0.3725398426958446
epoch 6
valid_auc	 0.9096424313916386 	train_auc	 0.9069858373983728
valid_accuracy	 0.8562508859572096 	train_accuracy	 0.8542288229747637
valid_loss	 0.3615957906065228 	train_loss	 0.3659243994104553
epoch 7
valid_auc	 0.9112639091715504 	train_auc	 0.9096390065213652
valid_accuracy	 0.8575223832034881 	train_accuracy	 0.8570351649205671
valid_loss	 0.36002431501680615 	train_loss	 0.360720548505921
epoch 8
valid_auc	 0.913263736449326 	train_auc	 0.9116162447144951
valid_accuracy	 0.8592067721855577 	train_accuracy	 0.8591250918912832
valid_loss	 0.3534245864039084 	train_loss	 0.3566021218451444
epoch 9
valid_auc	 0.9142526103358024 	train_auc	 0.9131139968770928
valid_accuracy	 0.8600335070205866 	train_accuracy	 0.8605701343615112
valid_loss	 0.35249317510606404 	train_loss	 0.353475441915281
epoch 10
valid_auc	 0.915288632439346 	train_auc	 0.9143365190069059
valid_accuracy	 0.8611446995261258 	train_accuracy	 0.8616031232330505
valid_loss	 0.3496075565389813 	train_loss	 0.3509458911521781
epoch 11
valid_auc	 0.9155233805011653 	train_auc	 0.9152582776134872
valid_accuracy	 0.8610410009104548 	train_accuracy	 0.8624467387416822
valid_loss	 0.35004017027411444 	train_loss	 0.34901807826420156
epoch 12
valid_auc	 0.9165833670869155 	train_auc	 0.916153368903733
valid_accuracy	 0.8621702693214781 	train_accuracy	 0.8630178723093797
valid_loss	 0.347204731474276 	train_loss	 0.3472815532086729
epoch 13
valid_auc	 0.9169244438327974 	train_auc	 0.9168560673504795
valid_accuracy	 0.8622877627071237 	train_accuracy	 0.8635187442357302
valid_loss	 0.34691130431232625 	train_loss	 0.34586732187831265
epoch 14
valid_auc	 0.9172094913038944 	train_auc	 0.9174214391768605
valid_accuracy	 0.8624157210906811 	train_accuracy	 0.863955857291152
valid_loss	 0.3458191492818206 	train_loss	 0.3446382813883622
epoch 15
valid_auc	 0.9175513372370417 	train_auc	 0.918057073070229
valid_accuracy	 0.8626273994575325 	train_accuracy	 0.8643796475974246
valid_loss	 0.3461944145343143 	train_loss	 0.3434137641388315
epoch 16
valid_auc	 0.9178735040444128 	train_auc	 0.9184633132623181
valid_accuracy	 0.862880937816031 	train_accuracy	 0.8647016140351991
valid_loss	 0.3445566620790475 	train_loss	 0.34254397106762124
epoch 17
valid_auc	 0.9182675627026344 	train_auc	 0.9188871949803491
valid_accuracy	 0.863093567546329 	train_accuracy	 0.864880202315462
valid_loss	 0.3445594008642934 	train_loss	 0.3417189101999161
epoch 18
valid_auc	 0.9185221434448442 	train_auc	 0.9193055260823791
valid_accuracy	 0.8633628034016951 	train_accuracy	 0.8652151742940727
valid_loss	 0.34360585796110993 	train_loss	 0.34086268451915186
epoch 19
valid_auc	 0.9186998647965327 	train_auc	 0.9196296328894605
valid_accuracy	 0.8633647061285882 	train_accuracy	 0.8653923351369269
valid_loss	 0.34375263514666976 	train_loss	 0.3401885956277772
epoch 20
valid_auc	 0.9188754852897285 	train_auc	 0.9199758123375607
valid_accuracy	 0.8636467853904823 	train_accuracy	 0.8656551422243123
valid_loss	 0.34300300283306207 	train_loss	 0.33948867430896407
epoch 21
valid_auc	 0.9190585206303384 	train_auc	 0.9202762603694705
valid_accuracy	 0.8636106335795145 	train_accuracy	 0.8658633894818482
valid_loss	 0.34293504106018713 	train_loss	 0.33887181778368436
epoch 22
valid_auc	 0.9192476125509831 	train_auc	 0.9205690221399834
valid_accuracy	 0.8637114781048459 	train_accuracy	 0.8660776636973325
valid_loss	 0.341841148223477 	train_loss	 0.33825488022370387
epoch 23
valid_auc	 0.9194672808529891 	train_auc	 0.9208625747184204
valid_accuracy	 0.8640739475779714 	train_accuracy	 0.8663363470766479
valid_loss	 0.3409757055609391 	train_loss	 0.3376148189203311
epoch 24
valid_auc	 0.9195078449754951 	train_auc	 0.9210904996910401
valid_accuracy	 0.8640435039476826 	train_accuracy	 0.8664383295493024
valid_loss	 0.3414276310330771 	train_loss	 0.3371554079191372
epoch 25
valid_auc	 0.9193300985110655 	train_auc	 0.9213480641495998
valid_accuracy	 0.8637814033181654 	train_accuracy	 0.8664690987556711
valid_loss	 0.342601187578223 	train_loss	 0.3366419420863977


Start testing ......................
 Best epoch: 24

test_auc	 0.9261285756390624
test_accuracy	 0.8710835518079286
test_loss	 0.32632293667935114
