	 max_iter 	 25
	 train_set 	 1
	 seed 	 224
	 wd 	 5e-05
	 optim 	 adam
	 batch_size 	 32
	 lr 	 1e-05
	 maxgradnorm 	 -1
	 final_fc_dim 	 512
	 d_model 	 256
	 d_ff 	 1024
	 dropout 	 0.05
	 n_block 	 1
	 n_head 	 8
	 kq_same 	 1
	 l2 	 1e-05
	 q_embed_dim 	 50
	 qa_embed_dim 	 256
	 memory_size 	 50
	 init_std 	 0.1
	 hidden_dim 	 512
	 lamda_r 	 0.1
	 lamda_w1 	 0.1
	 lamda_w2 	 0.1
	 model 	 akt_cid
	 dataset 	 HDUOJ
	 n_question 	 5320
	 seqlen 	 100
	 data_dir 	 data/HDUOJ
	 data_name 	 HDUOJ
	 save 	 HDUOJ
	 load 	 HDUOJ


train_q_data.shape (123785, 100)
train_qa_data.shape (123785, 100)
valid_q_data.shape (41840, 100)
valid_qa_data.shape (41840, 100)




epoch 1
valid_auc	 0.8896674175425647 	train_auc	 0.8707240869377804
valid_accuracy	 0.8363360520246892 	train_accuracy	 0.8102690877479501
valid_loss	 0.3998390078185732 	train_loss	 0.43071480365396264
epoch 2
valid_auc	 0.8944922162943981 	train_auc	 0.8904510654202066
valid_accuracy	 0.8388664773771413 	train_accuracy	 0.839497843494769
valid_loss	 0.39563663035560387 	train_loss	 0.39387633761228114
epoch 3
valid_auc	 0.8986694293246629 	train_auc	 0.8953720269253105
valid_accuracy	 0.8444074529145019 	train_accuracy	 0.8436900449198681
valid_loss	 0.3843848193105568 	train_loss	 0.38586812395867653
epoch 4
valid_auc	 0.9026447179935032 	train_auc	 0.899494658978996
valid_accuracy	 0.84855550815305 	train_accuracy	 0.8471936667939742
valid_loss	 0.3773144758033896 	train_loss	 0.37885473779325435
epoch 5
valid_auc	 0.9063712933369157 	train_auc	 0.9038708783021904
valid_accuracy	 0.8508872772037008 	train_accuracy	 0.851029353719592
valid_loss	 0.37194127868827165 	train_loss	 0.3711752272122852
epoch 6
valid_auc	 0.9093472977107346 	train_auc	 0.9075064028758274
valid_accuracy	 0.8543202628032126 	train_accuracy	 0.854875108064962
valid_loss	 0.3640406137424287 	train_loss	 0.3643777516533824
epoch 7
valid_auc	 0.9115351795953192 	train_auc	 0.9100627471982455
valid_accuracy	 0.8567632235544033 	train_accuracy	 0.8577564675181892
valid_loss	 0.35965189660923097 	train_loss	 0.35930731354983203
epoch 8
valid_auc	 0.9130599196277827 	train_auc	 0.9119605404814175
valid_accuracy	 0.858345495410202 	train_accuracy	 0.8597841736965488
valid_loss	 0.35577993620324017 	train_loss	 0.35528680514500605
epoch 9
valid_auc	 0.91413399988592 	train_auc	 0.913460053190065
valid_accuracy	 0.8582115070848653 	train_accuracy	 0.8613676350032998
valid_loss	 0.3543122431152933 	train_loss	 0.3521158755166943
epoch 10
valid_auc	 0.9146725077020706 	train_auc	 0.914626398333735
valid_accuracy	 0.859297836042022 	train_accuracy	 0.8623317102948156
valid_loss	 0.3523686733585444 	train_loss	 0.34971600166685896
epoch 11
valid_auc	 0.9155678961704559 	train_auc	 0.9155203115998102
valid_accuracy	 0.860526527594849 	train_accuracy	 0.8630958753941075
valid_loss	 0.350892401075514 	train_loss	 0.34786092198046675
epoch 12
valid_auc	 0.916107832450128 	train_auc	 0.9163523250723536
valid_accuracy	 0.8606879649173902 	train_accuracy	 0.8636954461704653
valid_loss	 0.35013742145019333 	train_loss	 0.3462054347248954
epoch 13
valid_auc	 0.9165266385340173 	train_auc	 0.9170971322603324
valid_accuracy	 0.8608601026964685 	train_accuracy	 0.8642919807408662
valid_loss	 0.348900610263304 	train_loss	 0.3447044091318331
epoch 14
valid_auc	 0.9170905655361924 	train_auc	 0.9177180120799041
valid_accuracy	 0.8612039130173845 	train_accuracy	 0.8647236013877059
valid_loss	 0.34796875314019277 	train_loss	 0.34343743420147554
epoch 15
valid_auc	 0.9172923053204262 	train_auc	 0.9182293690563276
valid_accuracy	 0.8613095218710353 	train_accuracy	 0.8649551520420083
valid_loss	 0.3470185131356963 	train_loss	 0.3424121818803992
epoch 16
valid_auc	 0.9173038362730093 	train_auc	 0.918696457888243
valid_accuracy	 0.8614076869288341 	train_accuracy	 0.865282103483487
valid_loss	 0.3474255379427217 	train_loss	 0.3414967083046917
epoch 17
valid_auc	 0.9177475068518695 	train_auc	 0.919076376326028
valid_accuracy	 0.8615547018969119 	train_accuracy	 0.8655900386876559
valid_loss	 0.3467613434917848 	train_loss	 0.3406791993930104
epoch 18
valid_auc	 0.9180265293114018 	train_auc	 0.919455608198198
valid_accuracy	 0.8617547539104353 	train_accuracy	 0.8657814794632627
valid_loss	 0.34619549831372876 	train_loss	 0.33995591852020446
epoch 19
valid_auc	 0.9181583244718193 	train_auc	 0.9198288068959796
valid_accuracy	 0.86183803137653 	train_accuracy	 0.8660317267542479
valid_loss	 0.3452847123738406 	train_loss	 0.33916435830066816
epoch 20
valid_auc	 0.9186603871989457 	train_auc	 0.9201286975873793
valid_accuracy	 0.8619715544646259 	train_accuracy	 0.8662271625376929
valid_loss	 0.34532853116581474 	train_loss	 0.3385372841074792
epoch 21
valid_auc	 0.9186316976158737 	train_auc	 0.9204349107607472
valid_accuracy	 0.8622176649649839 	train_accuracy	 0.8664662238067311
valid_loss	 0.3451786129475945 	train_loss	 0.33791243143047245
epoch 22
valid_auc	 0.9189242448707786 	train_auc	 0.9206773932772222
valid_accuracy	 0.8622227825746321 	train_accuracy	 0.8666063686816954
valid_loss	 0.3452333624056676 	train_loss	 0.3373991658120367
epoch 23
valid_auc	 0.9190286106979515 	train_auc	 0.920951222650486
valid_accuracy	 0.8624554011950084 	train_accuracy	 0.8667660091949101
valid_loss	 0.34394155404604726 	train_loss	 0.3368622865190899
epoch 24
valid_auc	 0.9192328853059865 	train_auc	 0.9212678810463478
valid_accuracy	 0.8625228605949175 	train_accuracy	 0.8669894100332225
valid_loss	 0.3444616945607952 	train_loss	 0.3361999063388914
epoch 25
valid_auc	 0.9194391239632723 	train_auc	 0.9214710395374512
valid_accuracy	 0.8625638014721037 	train_accuracy	 0.8671616747712059
valid_loss	 0.34393573672874594 	train_loss	 0.3357605919152568


Start testing ......................
 Best epoch: 25

test_auc	 0.9261197375339753
test_accuracy	 0.8711999802756478
test_loss	 0.3266472539570112
