	 max_iter 	 25
	 train_set 	 3
	 seed 	 224
	 wd 	 5e-05
	 optim 	 adam
	 batch_size 	 32
	 lr 	 1e-05
	 maxgradnorm 	 -1
	 final_fc_dim 	 512
	 d_model 	 256
	 d_ff 	 1024
	 dropout 	 0.05
	 n_block 	 1
	 n_head 	 8
	 kq_same 	 1
	 l2 	 1e-05
	 q_embed_dim 	 50
	 qa_embed_dim 	 256
	 memory_size 	 50
	 init_std 	 0.1
	 hidden_dim 	 512
	 lamda_r 	 0.1
	 lamda_w1 	 0.1
	 lamda_w2 	 0.1
	 model 	 akt_cid
	 dataset 	 HDUOJ
	 n_question 	 5320
	 seqlen 	 100
	 data_dir 	 data/HDUOJ
	 data_name 	 HDUOJ
	 save 	 HDUOJ
	 load 	 HDUOJ


train_q_data.shape (124373, 100)
train_qa_data.shape (124373, 100)
valid_q_data.shape (41252, 100)
valid_qa_data.shape (41252, 100)




epoch 1
valid_auc	 0.8908290629901825 	train_auc	 0.8701111468066693
valid_accuracy	 0.8362591155658733 	train_accuracy	 0.8095780358275582
valid_loss	 0.39876319057800474 	train_loss	 0.4319431412719809
epoch 2
valid_auc	 0.8964360557013571 	train_auc	 0.8899804280538685
valid_accuracy	 0.8410338613544254 	train_accuracy	 0.8393646438088123
valid_loss	 0.3894127353455715 	train_loss	 0.394756471637511
epoch 3
valid_auc	 0.9004935735266886 	train_auc	 0.8942331704611506
valid_accuracy	 0.8478073826765413 	train_accuracy	 0.8433708208214378
valid_loss	 0.37878593739703253 	train_loss	 0.38750989753109677
epoch 4
valid_auc	 0.9037428891309706 	train_auc	 0.8981878792557846
valid_accuracy	 0.8486153573869328 	train_accuracy	 0.8468869518825761
valid_loss	 0.3755689751541655 	train_loss	 0.3806851938048217
epoch 5
valid_auc	 0.9080620497615927 	train_auc	 0.9025262550262427
valid_accuracy	 0.8546092793009864 	train_accuracy	 0.8507031788037189
valid_loss	 0.3648891753579413 	train_loss	 0.37321725476104917
epoch 6
valid_auc	 0.9108706213450938 	train_auc	 0.9061374420229931
valid_accuracy	 0.8573895779919232 	train_accuracy	 0.8542310039636674
valid_loss	 0.3596531626851944 	train_loss	 0.36667437057478325
epoch 7
valid_auc	 0.9130145538508097 	train_auc	 0.9088183108885939
valid_accuracy	 0.8588232521655406 	train_accuracy	 0.85689346581167
valid_loss	 0.35491021588596444 	train_loss	 0.36156405590326457
epoch 8
valid_auc	 0.9144448963548256 	train_auc	 0.9108193412986102
valid_accuracy	 0.86138328156043 	train_accuracy	 0.858899319814323
valid_loss	 0.35348490873926663 	train_loss	 0.35754467548530505
epoch 9
valid_auc	 0.9156989736836288 	train_auc	 0.9122549369994244
valid_accuracy	 0.8623648746460902 	train_accuracy	 0.8602749567081301
valid_loss	 0.34947469092731315 	train_loss	 0.35455971320725993
epoch 10
valid_auc	 0.91647791871835 	train_auc	 0.9134639218314871
valid_accuracy	 0.8630391487794051 	train_accuracy	 0.8613073559990253
valid_loss	 0.3490886425980482 	train_loss	 0.3521289280888477
epoch 11
valid_auc	 0.9172426686322833 	train_auc	 0.9143746674360189
valid_accuracy	 0.8634739161235682 	train_accuracy	 0.8621104561362255
valid_loss	 0.3465481932495399 	train_loss	 0.3502672165036457
epoch 12
valid_auc	 0.9177921338291324 	train_auc	 0.9151600353647997
valid_accuracy	 0.8633897520912357 	train_accuracy	 0.8626633973759075
valid_loss	 0.34519294187110294 	train_loss	 0.34872240907726143
epoch 13
valid_auc	 0.9181174224458857 	train_auc	 0.915854045607396
valid_accuracy	 0.8640010234346331 	train_accuracy	 0.8631120398964724
valid_loss	 0.3454050770535219 	train_loss	 0.3473580518465884
epoch 14
valid_auc	 0.9185991224713501 	train_auc	 0.9165103586303132
valid_accuracy	 0.8641029821480873 	train_accuracy	 0.863495258675046
valid_loss	 0.3432940669170473 	train_loss	 0.3460961269150544
epoch 15
valid_auc	 0.9192088941784162 	train_auc	 0.9169891583588278
valid_accuracy	 0.8647435906684692 	train_accuracy	 0.8638372320510596
valid_loss	 0.3424464137164068 	train_loss	 0.34512204268428326
epoch 16
valid_auc	 0.9193725773603131 	train_auc	 0.9174870272043819
valid_accuracy	 0.8648417018833024 	train_accuracy	 0.8641444391873676
valid_loss	 0.3412745458678573 	train_loss	 0.3441561880653702
epoch 17
valid_auc	 0.9194980676294653 	train_auc	 0.9179388093331802
valid_accuracy	 0.8646926113117421 	train_accuracy	 0.8644225691050127
valid_loss	 0.34187847320697085 	train_loss	 0.34325115134914974
epoch 18
valid_auc	 0.9196293333189145 	train_auc	 0.9183271938959681
valid_accuracy	 0.8646868400638108 	train_accuracy	 0.8646641944709669
valid_loss	 0.3413747444013699 	train_loss	 0.3424562644355056
epoch 19
valid_auc	 0.9202195127280391 	train_auc	 0.918666204602713
valid_accuracy	 0.8654260407363535 	train_accuracy	 0.8648241191736128
valid_loss	 0.3398691485948509 	train_loss	 0.34179150585719537
epoch 20
valid_auc	 0.9203803705414703 	train_auc	 0.9190996092723697
valid_accuracy	 0.8652432845518602 	train_accuracy	 0.8651125209348073
valid_loss	 0.3403861978905085 	train_loss	 0.34095335744554695
epoch 21
valid_auc	 0.9206664546564586 	train_auc	 0.9193678768215462
valid_accuracy	 0.8654077651179042 	train_accuracy	 0.8653059476502605
valid_loss	 0.3396940754591819 	train_loss	 0.34038183143679934
epoch 22
valid_auc	 0.9208152783528777 	train_auc	 0.9197220447459202
valid_accuracy	 0.8656434244084351 	train_accuracy	 0.8654563906511685
valid_loss	 0.33893429591491153 	train_loss	 0.33971245190643656
epoch 23
valid_auc	 0.9208816191699065 	train_auc	 0.9200557211364822
valid_accuracy	 0.8655467560055846 	train_accuracy	 0.8657157151937
valid_loss	 0.3396671524440293 	train_loss	 0.33901327418277855
epoch 24
valid_auc	 0.9212642887542091 	train_auc	 0.9202800318582847
valid_accuracy	 0.8659036115026743 	train_accuracy	 0.8658661581946081
valid_loss	 0.3380314254098921 	train_loss	 0.33856847659106587
epoch 25
valid_auc	 0.9214451585363205 	train_auc	 0.9205679468013104
valid_accuracy	 0.8659892183469895 	train_accuracy	 0.865997479763678
valid_loss	 0.33726414527971244 	train_loss	 0.33799476026163966


Start testing ......................
 Best epoch: 25

test_auc	 0.9261626245163478
test_accuracy	 0.8713342154501946
test_loss	 0.32547345337475353
