	 max_iter 	 25
	 train_set 	 5
	 seed 	 224
	 wd 	 5e-05
	 optim 	 adam
	 batch_size 	 32
	 lr 	 1e-05
	 maxgradnorm 	 -1
	 final_fc_dim 	 512
	 d_model 	 256
	 d_ff 	 1024
	 dropout 	 0.05
	 n_block 	 1
	 n_head 	 8
	 kq_same 	 1
	 l2 	 1e-05
	 q_embed_dim 	 50
	 qa_embed_dim 	 256
	 memory_size 	 50
	 init_std 	 0.1
	 hidden_dim 	 512
	 lamda_r 	 0.1
	 lamda_w1 	 0.1
	 lamda_w2 	 0.1
	 model 	 akt_cid
	 dataset 	 HDUOJ
	 n_question 	 5320
	 seqlen 	 100
	 data_dir 	 data/HDUOJ
	 data_name 	 HDUOJ
	 save 	 HDUOJ
	 load 	 HDUOJ


train_q_data.shape (124426, 100)
train_qa_data.shape (124426, 100)
valid_q_data.shape (41199, 100)
valid_qa_data.shape (41199, 100)




epoch 1
valid_auc	 0.8879721589146997 	train_auc	 0.8717179628696704
valid_accuracy	 0.8337125651057339 	train_accuracy	 0.8111660765104668
valid_loss	 0.40143238874077253 	train_loss	 0.42968731180114805
epoch 2
valid_auc	 0.8935633645798783 	train_auc	 0.8910421786637085
valid_accuracy	 0.838722661369298 	train_accuracy	 0.8405812097320088
valid_loss	 0.39355054982522064 	train_loss	 0.39300494312969836
epoch 3
valid_auc	 0.8965220305334096 	train_auc	 0.8956904006352024
valid_accuracy	 0.8404087421991078 	train_accuracy	 0.8446796293034472
valid_loss	 0.3913250272898297 	train_loss	 0.38533733306302437
epoch 4
valid_auc	 0.899833732535848 	train_auc	 0.8991620087162315
valid_accuracy	 0.8429937130658265 	train_accuracy	 0.8475476067671947
valid_loss	 0.3830041340059025 	train_loss	 0.3793734944573263
epoch 5
valid_auc	 0.904753602161393 	train_auc	 0.9030355737552727
valid_accuracy	 0.8492272049286328 	train_accuracy	 0.8506362707920467
valid_loss	 0.37231373157872283 	train_loss	 0.3727148731506017
epoch 6
valid_auc	 0.9078480019400453 	train_auc	 0.9068544415080674
valid_accuracy	 0.8521448662160822 	train_accuracy	 0.8541062786669394
valid_loss	 0.3676715126176332 	train_loss	 0.36578819841152405
epoch 7
valid_auc	 0.9100050127118436 	train_auc	 0.9096928247798243
valid_accuracy	 0.8569479337084245 	train_accuracy	 0.8571636642815562
valid_loss	 0.3605356260509415 	train_loss	 0.3602539985126146
epoch 8
valid_auc	 0.9117900470349156 	train_auc	 0.9117284548885662
valid_accuracy	 0.8578540456792133 	train_accuracy	 0.8592275654417799
valid_loss	 0.3586705991068289 	train_loss	 0.3561426214208247
epoch 9
valid_auc	 0.9126697091915117 	train_auc	 0.9132854516287505
valid_accuracy	 0.8590499979297123 	train_accuracy	 0.8607595756562345
valid_loss	 0.3576614381157351 	train_loss	 0.3528961534492472
epoch 10
valid_auc	 0.9138957760713456 	train_auc	 0.9144521913553992
valid_accuracy	 0.859995108343452 	train_accuracy	 0.8618829129046348
valid_loss	 0.35302871286505266 	train_loss	 0.3504651740561446
epoch 11
valid_auc	 0.9141500328689531 	train_auc	 0.9154548435397931
valid_accuracy	 0.8598631876845806 	train_accuracy	 0.8626764050996446
valid_loss	 0.35238864595273034 	train_loss	 0.3484367357048395
epoch 12
valid_auc	 0.9154413249024616 	train_auc	 0.916255058416101
valid_accuracy	 0.8614202366290709 	train_accuracy	 0.8633473112020151
valid_loss	 0.3510288186050976 	train_loss	 0.34679756387356464
epoch 13
valid_auc	 0.9159684718041337 	train_auc	 0.9170384679101403
valid_accuracy	 0.8617370387952659 	train_accuracy	 0.8637923176749083
valid_loss	 0.3484428692230088 	train_loss	 0.34525701344876475
epoch 14
valid_auc	 0.9164088928694477 	train_auc	 0.9176484828747278
valid_accuracy	 0.8619199944535548 	train_accuracy	 0.8641798224239347
valid_loss	 0.34825760106383125 	train_loss	 0.344035252052721
epoch 15
valid_auc	 0.9166533541510751 	train_auc	 0.9182258276130868
valid_accuracy	 0.8619089208216058 	train_accuracy	 0.8646747479757892
valid_loss	 0.3482726077517247 	train_loss	 0.3428743733920722
epoch 16
valid_auc	 0.9170027862123884 	train_auc	 0.9186561614685607
valid_accuracy	 0.8624202337402973 	train_accuracy	 0.864915181008002
valid_loss	 0.3469882323895694 	train_loss	 0.3420138568115182
epoch 17
valid_auc	 0.9173599895645423 	train_auc	 0.9191011093009961
valid_accuracy	 0.8621727621393487 	train_accuracy	 0.8651570357861347
valid_loss	 0.3467564393718315 	train_loss	 0.34107539222059313
epoch 18
valid_auc	 0.9176499279705699 	train_auc	 0.9194554660800898
valid_accuracy	 0.8626927413786961 	train_accuracy	 0.865453074880988
valid_loss	 0.34569965030167676 	train_loss	 0.3403638853816519
epoch 19
valid_auc	 0.9178107448388638 	train_auc	 0.9198860014371064
valid_accuracy	 0.8628193659527224 	train_accuracy	 0.86569919489688
valid_loss	 0.3450815218831919 	train_loss	 0.33952197061278894
epoch 20
valid_auc	 0.9181267061348569 	train_auc	 0.9202216694946841
valid_accuracy	 0.8629527309983698 	train_accuracy	 0.8660459429295391
valid_loss	 0.34406000276807647 	train_loss	 0.3387903488561516
epoch 21
valid_auc	 0.9180900470155884 	train_auc	 0.920505015832773
valid_accuracy	 0.8629878777432516 	train_accuracy	 0.86618780157798
valid_loss	 0.3450249902089708 	train_loss	 0.3382292916286152
epoch 22
valid_auc	 0.9181079541095443 	train_auc	 0.9208350271515446
valid_accuracy	 0.8629888406677689 	train_accuracy	 0.8663274486216568
valid_loss	 0.344894790859565 	train_loss	 0.3375907293730026
epoch 23
valid_auc	 0.9186017206368223 	train_auc	 0.9210991976350965
valid_accuracy	 0.8632392010422695 	train_accuracy	 0.8666433921593872
valid_loss	 0.3438853511800169 	train_loss	 0.3369795435190469
epoch 24
valid_auc	 0.9187702829178961 	train_auc	 0.9213404156310611
valid_accuracy	 0.8632184981651473 	train_accuracy	 0.8667340679547159
valid_loss	 0.343990190000152 	train_loss	 0.3365007038548395
epoch 25
valid_auc	 0.9186922083305524 	train_auc	 0.9216608793460388
valid_accuracy	 0.8631823884957482 	train_accuracy	 0.8669637589066458
valid_loss	 0.3438096371217618 	train_loss	 0.33582517760385727


Start testing ......................
 Best epoch: 24

test_auc	 0.926319749830646
test_accuracy	 0.872151954217587
test_loss	 0.325225559183534
