	 max_iter 	 25
	 train_set 	 2
	 seed 	 224
	 wd 	 5e-05
	 optim 	 adam
	 batch_size 	 32
	 lr 	 1e-05
	 maxgradnorm 	 -1
	 final_fc_dim 	 512
	 d_model 	 256
	 d_ff 	 1024
	 dropout 	 0.05
	 n_block 	 1
	 n_head 	 8
	 kq_same 	 1
	 l2 	 1e-05
	 q_embed_dim 	 50
	 qa_embed_dim 	 256
	 memory_size 	 50
	 init_std 	 0.1
	 hidden_dim 	 512
	 lamda_r 	 0.1
	 lamda_w1 	 0.1
	 lamda_w2 	 0.1
	 model 	 akt_cid
	 dataset 	 HDUOJ
	 n_question 	 5320
	 seqlen 	 100
	 data_dir 	 data/HDUOJ
	 data_name 	 HDUOJ
	 save 	 HDUOJ
	 load 	 HDUOJ


train_q_data.shape (124476, 100)
train_qa_data.shape (124476, 100)
valid_q_data.shape (41149, 100)
valid_qa_data.shape (41149, 100)




epoch 1
valid_auc	 0.8899477743816722 	train_auc	 0.870847472848755
valid_accuracy	 0.8382650898978816 	train_accuracy	 0.8093357363973188
valid_loss	 0.3971910974881583 	train_loss	 0.43152616360802615
epoch 2
valid_auc	 0.8954848965134706 	train_auc	 0.8906011330784469
valid_accuracy	 0.8439825216302567 	train_accuracy	 0.8390546476244823
valid_loss	 0.38680638547038193 	train_loss	 0.39465026449282364
epoch 3
valid_auc	 0.899127254783362 	train_auc	 0.8951761460585541
valid_accuracy	 0.8473226086737764 	train_accuracy	 0.8432363511848686
valid_loss	 0.38052666838679117 	train_loss	 0.3869728886119993
epoch 4
valid_auc	 0.9017842047111088 	train_auc	 0.8991348323398294
valid_accuracy	 0.847886707962992 	train_accuracy	 0.8467463135064782
valid_loss	 0.37603131339194085 	train_loss	 0.38018370481745883
epoch 5
valid_auc	 0.9064113476147316 	train_auc	 0.9033276362443934
valid_accuracy	 0.8529611826152921 	train_accuracy	 0.850141295935374
valid_loss	 0.3672265283415157 	train_loss	 0.37294058476217906
epoch 6
valid_auc	 0.9091394057386214 	train_auc	 0.9071804345454999
valid_accuracy	 0.8560153496931803 	train_accuracy	 0.8538488848764219
valid_loss	 0.3629535852028189 	train_loss	 0.3658391359585257
epoch 7
valid_auc	 0.9113890370036886 	train_auc	 0.9098323748505369
valid_accuracy	 0.8584720359630229 	train_accuracy	 0.8567777965467863
valid_loss	 0.35672899544476633 	train_loss	 0.36061793015707677
epoch 8
valid_auc	 0.9127943487698923 	train_auc	 0.9118413705707442
valid_accuracy	 0.8597966533334107 	train_accuracy	 0.8589974289612742
valid_loss	 0.35443353935232447 	train_loss	 0.3564246093082744
epoch 9
valid_auc	 0.9137428166489276 	train_auc	 0.9133298337960927
valid_accuracy	 0.8609679092332313 	train_accuracy	 0.86055462577988
valid_loss	 0.35303900569173835 	train_loss	 0.3532645731746
epoch 10
valid_auc	 0.9144550990731244 	train_auc	 0.9145542841343359
valid_accuracy	 0.8613636495579126 	train_accuracy	 0.8616976426282984
valid_loss	 0.3507202758702021 	train_loss	 0.35069095972240066
epoch 11
valid_auc	 0.9152515202698566 	train_auc	 0.9155358643889484
valid_accuracy	 0.8619978984156841 	train_accuracy	 0.862521744054128
valid_loss	 0.34886941730840587 	train_loss	 0.3486894735444944
epoch 12
valid_auc	 0.9158287411683047 	train_auc	 0.9164176842436974
valid_accuracy	 0.862173514232138 	train_accuracy	 0.8632163550932386
valid_loss	 0.3487652792290445 	train_loss	 0.3469137332173353
epoch 13
valid_auc	 0.9163253430730338 	train_auc	 0.9171620720641057
valid_accuracy	 0.8626181173597444 	train_accuracy	 0.863705137929343
valid_loss	 0.34681447710687624 	train_loss	 0.3454313960267594
epoch 14
valid_auc	 0.9166713332966364 	train_auc	 0.9177564449002791
valid_accuracy	 0.8626123118782087 	train_accuracy	 0.8641229455230316
valid_loss	 0.3465981060537466 	train_loss	 0.344190203900726
epoch 15
valid_auc	 0.9169659820476446 	train_auc	 0.9183576607853118
valid_accuracy	 0.862852755571811 	train_accuracy	 0.8645801838069511
valid_loss	 0.3471621845959233 	train_loss	 0.34297675161212055
epoch 16
valid_auc	 0.9173016124133198 	train_auc	 0.9187815153503677
valid_accuracy	 0.8630854586233655 	train_accuracy	 0.8648942098239514
valid_loss	 0.3450620934286375 	train_loss	 0.3421185616666703
epoch 17
valid_auc	 0.9174701263426254 	train_auc	 0.9191810592641964
valid_accuracy	 0.8631386755374425 	train_accuracy	 0.8651298476287723
valid_loss	 0.34456639399417305 	train_loss	 0.3413142658118655
epoch 18
valid_auc	 0.9177110499305574 	train_auc	 0.9196341763600142
valid_accuracy	 0.8632301118716292 	train_accuracy	 0.8653940332533205
valid_loss	 0.34482040072413395 	train_loss	 0.34040689403364
epoch 19
valid_auc	 0.9180050811347261 	train_auc	 0.919986124265982
valid_accuracy	 0.8634870044295824 	train_accuracy	 0.8656217849200953
valid_loss	 0.34320683369636734 	train_loss	 0.33967792389774193
epoch 20
valid_auc	 0.9182157095769192 	train_auc	 0.9203062190592002
valid_accuracy	 0.8637245453824167 	train_accuracy	 0.8658530064876103
valid_loss	 0.34363192107518425 	train_loss	 0.33902284578715625
epoch 21
valid_auc	 0.9182463189335397 	train_auc	 0.920589609395883
valid_accuracy	 0.8637458321480476 	train_accuracy	 0.8660676671652283
valid_loss	 0.34307121367706633 	train_loss	 0.3384155238056211
epoch 22
valid_auc	 0.9185471313906483 	train_auc	 0.9208754779175483
valid_accuracy	 0.8637608296420146 	train_accuracy	 0.866241162202245
valid_loss	 0.34227019849357476 	train_loss	 0.3378445027717942
epoch 23
valid_auc	 0.918738066152974 	train_auc	 0.9211857462717638
valid_accuracy	 0.8639553132734594 	train_accuracy	 0.8664845284223512
valid_loss	 0.34196169303176516 	train_loss	 0.3371962184731252
epoch 24
valid_auc	 0.9188135376821867 	train_auc	 0.9214220857332216
valid_accuracy	 0.8639509591623077 	train_accuracy	 0.8666078676213941
valid_loss	 0.3431962515208912 	train_loss	 0.33669717111048886
epoch 25
valid_auc	 0.9189364791012399 	train_auc	 0.9216718500578084
valid_accuracy	 0.8640893231389077 	train_accuracy	 0.8667930341427192
valid_loss	 0.3419997686017695 	train_loss	 0.33616557504128136


Start testing ......................
 Best epoch: 25

test_auc	 0.9262551831995294
test_accuracy	 0.8713479129169851
test_loss	 0.3255760424156977
