Namespace(batch_size=32, data_dir='./data/HDUOJ', data_name='HDUOJ', dataset_type='HDUOJ', decay_epoch=20, final_fc_dim=100, final_lr=1e-05, gpu=0, init_lr=0.01, init_std=0.1, load='HDUOJ', lr=0.01, lr_decay=0, max_iter=25, maxgradnorm=50.0, memory_key_state_dim=50, memory_size=20, memory_value_state_dim=200, momentum=0.9, n_question=5320, q_embed_dim=50, qa_embed_dim=200, save='HDUOJ', seed=2, seqlen=100, show=True, test=False, train_test=0, wd=1e-05)
./data/HDUOJ/HDUOJ_train2.csv
train_qa_data_shape:  (124476, 100)
valid_qa_data_shape:  (41149, 100)
test_qa_data_shape:  (30098, 100)
device: 0
Epoch 1/25, loss : 0.60537, auc : 0.70052, accuracy : 0.65333
Epoch 1/25, valid auc : 0.70353, valid accuracy : 0.66136
0.0000 to 0.7035
test_auc: 0.7260	test_accuracy: 0.6747	test_loss: 0.5803	
Epoch 2/25, loss : 0.60032, auc : 0.70926, accuracy : 0.66018
Epoch 2/25, valid auc : 0.70574, valid accuracy : 0.66213
0.7035 to 0.7057
test_auc: 0.7274	test_accuracy: 0.6753	test_loss: 0.5790	
Epoch 3/25, loss : 0.59921, auc : 0.71083, accuracy : 0.66116
Epoch 3/25, valid auc : 0.70676, valid accuracy : 0.66200
0.7057 to 0.7068
test_auc: 0.7283	test_accuracy: 0.6752	test_loss: 0.5783	
Epoch 4/25, loss : 0.59852, auc : 0.71175, accuracy : 0.66164
Epoch 4/25, valid auc : 0.70733, valid accuracy : 0.66212
0.7068 to 0.7073
test_auc: 0.7288	test_accuracy: 0.6752	test_loss: 0.5778	
Epoch 5/25, loss : 0.59815, auc : 0.71226, accuracy : 0.66200
Epoch 5/25, valid auc : 0.70779, valid accuracy : 0.66227
0.7073 to 0.7078
test_auc: 0.7292	test_accuracy: 0.6751	test_loss: 0.5776	
Epoch 6/25, loss : 0.59778, auc : 0.71275, accuracy : 0.66223
Epoch 6/25, valid auc : 0.70809, valid accuracy : 0.66239
0.7078 to 0.7081
test_auc: 0.7295	test_accuracy: 0.6751	test_loss: 0.5772	
Epoch 7/25, loss : 0.59757, auc : 0.71308, accuracy : 0.66241
Epoch 7/25, valid auc : 0.70833, valid accuracy : 0.66208
0.7081 to 0.7083
test_auc: 0.7298	test_accuracy: 0.6747	test_loss: 0.5770	
Epoch 8/25, loss : 0.59731, auc : 0.71340, accuracy : 0.66267
Epoch 8/25, valid auc : 0.70854, valid accuracy : 0.66214
0.7083 to 0.7085
test_auc: 0.7301	test_accuracy: 0.6746	test_loss: 0.5768	
Epoch 9/25, loss : 0.59714, auc : 0.71362, accuracy : 0.66285
Epoch 9/25, valid auc : 0.70876, valid accuracy : 0.66215
0.7085 to 0.7088
test_auc: 0.7303	test_accuracy: 0.6746	test_loss: 0.5767	
Epoch 10/25, loss : 0.59691, auc : 0.71394, accuracy : 0.66297
Epoch 10/25, valid auc : 0.70893, valid accuracy : 0.66227
0.7088 to 0.7089
test_auc: 0.7304	test_accuracy: 0.6746	test_loss: 0.5766	
Epoch 11/25, loss : 0.59678, auc : 0.71411, accuracy : 0.66310
Epoch 11/25, valid auc : 0.70907, valid accuracy : 0.66245
0.7089 to 0.7091
test_auc: 0.7306	test_accuracy: 0.6749	test_loss: 0.5765	
Epoch 12/25, loss : 0.59662, auc : 0.71432, accuracy : 0.66328
Epoch 12/25, valid auc : 0.70920, valid accuracy : 0.66214
0.7091 to 0.7092
test_auc: 0.7307	test_accuracy: 0.6746	test_loss: 0.5764	
Epoch 13/25, loss : 0.59649, auc : 0.71450, accuracy : 0.66341
Epoch 13/25, valid auc : 0.70933, valid accuracy : 0.66255
0.7092 to 0.7093
test_auc: 0.7308	test_accuracy: 0.6748	test_loss: 0.5763	
Epoch 14/25, loss : 0.59633, auc : 0.71469, accuracy : 0.66348
Epoch 14/25, valid auc : 0.70948, valid accuracy : 0.66227
0.7093 to 0.7095
test_auc: 0.7309	test_accuracy: 0.6746	test_loss: 0.5762	
Epoch 15/25, loss : 0.59618, auc : 0.71488, accuracy : 0.66358
Epoch 15/25, valid auc : 0.70965, valid accuracy : 0.66247
0.7095 to 0.7096
test_auc: 0.7311	test_accuracy: 0.6750	test_loss: 0.5760	
Epoch 16/25, loss : 0.59606, auc : 0.71503, accuracy : 0.66366
Epoch 16/25, valid auc : 0.70976, valid accuracy : 0.66251
0.7096 to 0.7098
test_auc: 0.7312	test_accuracy: 0.6750	test_loss: 0.5759	
Epoch 17/25, loss : 0.59596, auc : 0.71517, accuracy : 0.66377
Epoch 17/25, valid auc : 0.70990, valid accuracy : 0.66249
0.7098 to 0.7099
test_auc: 0.7313	test_accuracy: 0.6748	test_loss: 0.5759	
Epoch 18/25, loss : 0.59585, auc : 0.71535, accuracy : 0.66377
Epoch 18/25, valid auc : 0.71000, valid accuracy : 0.66247
0.7099 to 0.7100
test_auc: 0.7315	test_accuracy: 0.6749	test_loss: 0.5758	
Epoch 19/25, loss : 0.59572, auc : 0.71551, accuracy : 0.66395
Epoch 19/25, valid auc : 0.71009, valid accuracy : 0.66236
0.7100 to 0.7101
test_auc: 0.7315	test_accuracy: 0.6746	test_loss: 0.5757	
Epoch 20/25, loss : 0.59563, auc : 0.71568, accuracy : 0.66397
Epoch 20/25, valid auc : 0.71017, valid accuracy : 0.66263
0.7101 to 0.7102
test_auc: 0.7316	test_accuracy: 0.6751	test_loss: 0.5756	
Epoch 21/25, loss : 0.59552, auc : 0.71582, accuracy : 0.66406
Epoch 21/25, valid auc : 0.71024, valid accuracy : 0.66275
0.7102 to 0.7102
test_auc: 0.7317	test_accuracy: 0.6752	test_loss: 0.5756	
Epoch 22/25, loss : 0.59549, auc : 0.71586, accuracy : 0.66406
Epoch 22/25, valid auc : 0.71032, valid accuracy : 0.66271
0.7102 to 0.7103
test_auc: 0.7318	test_accuracy: 0.6751	test_loss: 0.5755	
Epoch 23/25, loss : 0.59537, auc : 0.71598, accuracy : 0.66412
Epoch 23/25, valid auc : 0.71044, valid accuracy : 0.66283
0.7103 to 0.7104
test_auc: 0.7318	test_accuracy: 0.6751	test_loss: 0.5754	
Epoch 24/25, loss : 0.59525, auc : 0.71613, accuracy : 0.66430
Epoch 24/25, valid auc : 0.71051, valid accuracy : 0.66294
0.7104 to 0.7105
test_auc: 0.7319	test_accuracy: 0.6754	test_loss: 0.5754	
Epoch 25/25, loss : 0.59519, auc : 0.71622, accuracy : 0.66421
Epoch 25/25, valid auc : 0.71062, valid accuracy : 0.66275
0.7105 to 0.7106
test_auc: 0.7319	test_accuracy: 0.6753	test_loss: 0.5753	

