nohup: ignoring input
Namespace(batch_size=32, data_dir='./data/assist2015', data_name='assist2015', dataset_type='assist2015', decay_epoch=20, final_fc_dim=100, final_lr=1e-05, future_sequence_len=2, generate_files=0, gpu=0, init_lr=0.01, init_std=0.1, learning_trend_embed_dim=200, load='assist2015', lr=0.01, lr_decay=0, max_iter=150, maxgradnorm=50.0, memory_key_state_dim=50, memory_size=20, memory_value_state_dim=200, model_type='DKT', momentum=0.9, n_question=110, num_attention_heads=4, q_embed_dim=50, qa_embed_dim=200, read_dim=100, save='assist2015', seed=4, seqlen=200, show=True, similar_user_num=2, test=False, train_test=0, wd=5e-05)
./data/assist2015/assist2015_train4.csv
train_qa_data_shape:  (11295, 200)
valid_qa_data_shape:  (2793, 200)
test_qa_data_shape:  (5956, 200)
device: 0
Epoch 1/150, loss : 0.53843, auc : 0.68039, accuracy : 0.74287
Epoch 1/150, valid auc : 0.70395, valid accuracy : 0.73771
0.0000 to 0.7040
test_auc: 0.7029	test_accuracy: 0.7445	test_loss: 0.5223	
Epoch 2/150, loss : 0.52449, auc : 0.70247, accuracy : 0.74703
Epoch 2/150, valid auc : 0.70782, valid accuracy : 0.73851
0.7040 to 0.7078
test_auc: 0.7068	test_accuracy: 0.7454	test_loss: 0.5201	
Epoch 3/150, loss : 0.52323, auc : 0.70488, accuracy : 0.74745
Epoch 3/150, valid auc : 0.70932, valid accuracy : 0.73906
0.7078 to 0.7093
test_auc: 0.7082	test_accuracy: 0.7458	test_loss: 0.5192	
Epoch 4/150, loss : 0.52259, auc : 0.70604, accuracy : 0.74783
Epoch 4/150, valid auc : 0.71018, valid accuracy : 0.73905
0.7093 to 0.7102
test_auc: 0.7090	test_accuracy: 0.7459	test_loss: 0.5187	
Epoch 5/150, loss : 0.52217, auc : 0.70680, accuracy : 0.74813
Epoch 5/150, valid auc : 0.71078, valid accuracy : 0.73927
0.7102 to 0.7108
test_auc: 0.7097	test_accuracy: 0.7461	test_loss: 0.5184	
Epoch 6/150, loss : 0.52185, auc : 0.70739, accuracy : 0.74832
Epoch 6/150, valid auc : 0.71125, valid accuracy : 0.73941
0.7108 to 0.7112
test_auc: 0.7102	test_accuracy: 0.7464	test_loss: 0.5181	
Epoch 7/150, loss : 0.52157, auc : 0.70789, accuracy : 0.74859
Epoch 7/150, valid auc : 0.71164, valid accuracy : 0.73928
0.7112 to 0.7116
test_auc: 0.7106	test_accuracy: 0.7466	test_loss: 0.5178	
Epoch 8/150, loss : 0.52133, auc : 0.70834, accuracy : 0.74853
Epoch 8/150, valid auc : 0.71199, valid accuracy : 0.73940
0.7116 to 0.7120
test_auc: 0.7110	test_accuracy: 0.7467	test_loss: 0.5176	
Epoch 9/150, loss : 0.52111, auc : 0.70873, accuracy : 0.74865
Epoch 9/150, valid auc : 0.71230, valid accuracy : 0.73949
0.7120 to 0.7123
test_auc: 0.7113	test_accuracy: 0.7469	test_loss: 0.5175	
Epoch 10/150, loss : 0.52092, auc : 0.70908, accuracy : 0.74866
Epoch 10/150, valid auc : 0.71256, valid accuracy : 0.73957
0.7123 to 0.7126
test_auc: 0.7116	test_accuracy: 0.7469	test_loss: 0.5173	
Epoch 11/150, loss : 0.52074, auc : 0.70941, accuracy : 0.74850
Epoch 11/150, valid auc : 0.71280, valid accuracy : 0.73955
0.7126 to 0.7128
test_auc: 0.7119	test_accuracy: 0.7469	test_loss: 0.5172	
Epoch 12/150, loss : 0.52057, auc : 0.70971, accuracy : 0.74858
Epoch 12/150, valid auc : 0.71302, valid accuracy : 0.73943
0.7128 to 0.7130
test_auc: 0.7121	test_accuracy: 0.7469	test_loss: 0.5170	
Epoch 13/150, loss : 0.52040, auc : 0.71001, accuracy : 0.74858
Epoch 13/150, valid auc : 0.71323, valid accuracy : 0.73943
0.7130 to 0.7132
test_auc: 0.7123	test_accuracy: 0.7468	test_loss: 0.5169	
Epoch 14/150, loss : 0.52022, auc : 0.71032, accuracy : 0.74859
Epoch 14/150, valid auc : 0.71346, valid accuracy : 0.73934
0.7132 to 0.7135
test_auc: 0.7126	test_accuracy: 0.7467	test_loss: 0.5168	
Epoch 15/150, loss : 0.52004, auc : 0.71065, accuracy : 0.74856
Epoch 15/150, valid auc : 0.71370, valid accuracy : 0.73953
0.7135 to 0.7137
test_auc: 0.7129	test_accuracy: 0.7467	test_loss: 0.5166	
Epoch 16/150, loss : 0.51983, auc : 0.71102, accuracy : 0.74860
Epoch 16/150, valid auc : 0.71398, valid accuracy : 0.73961
0.7137 to 0.7140
test_auc: 0.7132	test_accuracy: 0.7467	test_loss: 0.5165	
Epoch 17/150, loss : 0.51960, auc : 0.71146, accuracy : 0.74875
Epoch 17/150, valid auc : 0.71433, valid accuracy : 0.73974
0.7140 to 0.7143
test_auc: 0.7136	test_accuracy: 0.7467	test_loss: 0.5163	
Epoch 18/150, loss : 0.51929, auc : 0.71203, accuracy : 0.74893
Epoch 18/150, valid auc : 0.71484, valid accuracy : 0.73981
0.7143 to 0.7148
test_auc: 0.7141	test_accuracy: 0.7469	test_loss: 0.5160	
Epoch 19/150, loss : 0.51885, auc : 0.71286, accuracy : 0.74905
Epoch 19/150, valid auc : 0.71575, valid accuracy : 0.73979
0.7148 to 0.7157
test_auc: 0.7150	test_accuracy: 0.7469	test_loss: 0.5155	
Epoch 20/150, loss : 0.51808, auc : 0.71437, accuracy : 0.74908
Epoch 20/150, valid auc : 0.71779, valid accuracy : 0.73981
0.7157 to 0.7178
test_auc: 0.7169	test_accuracy: 0.7470	test_loss: 0.5146	
Epoch 21/150, loss : 0.51686, auc : 0.71672, accuracy : 0.74921
Epoch 21/150, valid auc : 0.72034, valid accuracy : 0.73998
0.7178 to 0.7203
test_auc: 0.7194	test_accuracy: 0.7474	test_loss: 0.5134	
Epoch 22/150, loss : 0.51584, auc : 0.71856, accuracy : 0.74948
Epoch 22/150, valid auc : 0.72176, valid accuracy : 0.74037
0.7203 to 0.7218
test_auc: 0.7209	test_accuracy: 0.7476	test_loss: 0.5126	
Epoch 23/150, loss : 0.51507, auc : 0.71982, accuracy : 0.74998
Epoch 23/150, valid auc : 0.72278, valid accuracy : 0.74087
0.7218 to 0.7228
test_auc: 0.7220	test_accuracy: 0.7478	test_loss: 0.5121	
Epoch 24/150, loss : 0.51441, auc : 0.72087, accuracy : 0.75042
Epoch 24/150, valid auc : 0.72362, valid accuracy : 0.74097
0.7228 to 0.7236
test_auc: 0.7229	test_accuracy: 0.7479	test_loss: 0.5116	
Epoch 25/150, loss : 0.51385, auc : 0.72177, accuracy : 0.75060
Epoch 25/150, valid auc : 0.72430, valid accuracy : 0.74126
0.7236 to 0.7243
test_auc: 0.7236	test_accuracy: 0.7482	test_loss: 0.5112	
Epoch 26/150, loss : 0.51337, auc : 0.72253, accuracy : 0.75080
Epoch 26/150, valid auc : 0.72484, valid accuracy : 0.74125
0.7243 to 0.7248
test_auc: 0.7242	test_accuracy: 0.7486	test_loss: 0.5109	
Epoch 27/150, loss : 0.51298, auc : 0.72316, accuracy : 0.75095
Epoch 27/150, valid auc : 0.72526, valid accuracy : 0.74144
0.7248 to 0.7253
test_auc: 0.7247	test_accuracy: 0.7487	test_loss: 0.5106	
Epoch 28/150, loss : 0.51267, auc : 0.72366, accuracy : 0.75113
Epoch 28/150, valid auc : 0.72558, valid accuracy : 0.74164
0.7253 to 0.7256
test_auc: 0.7250	test_accuracy: 0.7488	test_loss: 0.5104	
Epoch 29/150, loss : 0.51241, auc : 0.72407, accuracy : 0.75118
Epoch 29/150, valid auc : 0.72583, valid accuracy : 0.74181
0.7256 to 0.7258
test_auc: 0.7253	test_accuracy: 0.7490	test_loss: 0.5103	
Epoch 30/150, loss : 0.51221, auc : 0.72440, accuracy : 0.75128
Epoch 30/150, valid auc : 0.72602, valid accuracy : 0.74203
0.7258 to 0.7260
test_auc: 0.7255	test_accuracy: 0.7491	test_loss: 0.5102	
Epoch 31/150, loss : 0.51203, auc : 0.72468, accuracy : 0.75133
Epoch 31/150, valid auc : 0.72617, valid accuracy : 0.74211
0.7260 to 0.7262
test_auc: 0.7257	test_accuracy: 0.7491	test_loss: 0.5101	
Epoch 32/150, loss : 0.51189, auc : 0.72490, accuracy : 0.75132
Epoch 32/150, valid auc : 0.72629, valid accuracy : 0.74233
0.7262 to 0.7263
test_auc: 0.7258	test_accuracy: 0.7491	test_loss: 0.5100	
Epoch 33/150, loss : 0.51176, auc : 0.72510, accuracy : 0.75144
Epoch 33/150, valid auc : 0.72638, valid accuracy : 0.74241
0.7263 to 0.7264
test_auc: 0.7259	test_accuracy: 0.7492	test_loss: 0.5099	
Epoch 34/150, loss : 0.51165, auc : 0.72527, accuracy : 0.75155
Epoch 34/150, valid auc : 0.72646, valid accuracy : 0.74242
0.7264 to 0.7265
test_auc: 0.7260	test_accuracy: 0.7492	test_loss: 0.5099	
Epoch 35/150, loss : 0.51155, auc : 0.72542, accuracy : 0.75168
Epoch 35/150, valid auc : 0.72653, valid accuracy : 0.74241
0.7265 to 0.7265
test_auc: 0.7261	test_accuracy: 0.7492	test_loss: 0.5098	
Epoch 36/150, loss : 0.51146, auc : 0.72556, accuracy : 0.75174
Epoch 36/150, valid auc : 0.72658, valid accuracy : 0.74243
0.7265 to 0.7266
test_auc: 0.7261	test_accuracy: 0.7493	test_loss: 0.5098	
Epoch 37/150, loss : 0.51138, auc : 0.72568, accuracy : 0.75184
Epoch 37/150, valid auc : 0.72663, valid accuracy : 0.74256
0.7266 to 0.7266
test_auc: 0.7262	test_accuracy: 0.7493	test_loss: 0.5097	
Epoch 38/150, loss : 0.51131, auc : 0.72579, accuracy : 0.75181
Epoch 38/150, valid auc : 0.72667, valid accuracy : 0.74250
0.7266 to 0.7267
test_auc: 0.7262	test_accuracy: 0.7494	test_loss: 0.5097	
Epoch 39/150, loss : 0.51124, auc : 0.72590, accuracy : 0.75183
Epoch 39/150, valid auc : 0.72671, valid accuracy : 0.74261
0.7267 to 0.7267
test_auc: 0.7262	test_accuracy: 0.7494	test_loss: 0.5097	
Epoch 40/150, loss : 0.51117, auc : 0.72600, accuracy : 0.75187
Epoch 40/150, valid auc : 0.72675, valid accuracy : 0.74270
0.7267 to 0.7267
test_auc: 0.7263	test_accuracy: 0.7494	test_loss: 0.5097	
Epoch 41/150, loss : 0.51111, auc : 0.72609, accuracy : 0.75189
Epoch 41/150, valid auc : 0.72678, valid accuracy : 0.74272
0.7267 to 0.7268
test_auc: 0.7263	test_accuracy: 0.7494	test_loss: 0.5096	
Epoch 42/150, loss : 0.51105, auc : 0.72618, accuracy : 0.75192
Epoch 42/150, valid auc : 0.72681, valid accuracy : 0.74265
0.7268 to 0.7268
test_auc: 0.7263	test_accuracy: 0.7494	test_loss: 0.5096	
Epoch 43/150, loss : 0.51099, auc : 0.72626, accuracy : 0.75196
Epoch 43/150, valid auc : 0.72683, valid accuracy : 0.74269
0.7268 to 0.7268
test_auc: 0.7264	test_accuracy: 0.7493	test_loss: 0.5096	
Epoch 44/150, loss : 0.51094, auc : 0.72634, accuracy : 0.75197
Epoch 44/150, valid auc : 0.72686, valid accuracy : 0.74270
0.7268 to 0.7269
test_auc: 0.7264	test_accuracy: 0.7494	test_loss: 0.5096	
Epoch 45/150, loss : 0.51089, auc : 0.72642, accuracy : 0.75199
Epoch 45/150, valid auc : 0.72688, valid accuracy : 0.74267
0.7269 to 0.7269
test_auc: 0.7264	test_accuracy: 0.7493	test_loss: 0.5096	
Epoch 46/150, loss : 0.51084, auc : 0.72649, accuracy : 0.75203
Epoch 46/150, valid auc : 0.72690, valid accuracy : 0.74265
0.7269 to 0.7269
test_auc: 0.7264	test_accuracy: 0.7493	test_loss: 0.5096	
Epoch 47/150, loss : 0.51079, auc : 0.72656, accuracy : 0.75207
Epoch 47/150, valid auc : 0.72692, valid accuracy : 0.74256
0.7269 to 0.7269
test_auc: 0.7264	test_accuracy: 0.7493	test_loss: 0.5095	
Epoch 48/150, loss : 0.51074, auc : 0.72663, accuracy : 0.75210
Epoch 48/150, valid auc : 0.72693, valid accuracy : 0.74257
0.7269 to 0.7269
test_auc: 0.7265	test_accuracy: 0.7493	test_loss: 0.5095	
Epoch 49/150, loss : 0.51070, auc : 0.72669, accuracy : 0.75210
Epoch 49/150, valid auc : 0.72695, valid accuracy : 0.74263
0.7269 to 0.7270
test_auc: 0.7265	test_accuracy: 0.7493	test_loss: 0.5095	
Epoch 50/150, loss : 0.51065, auc : 0.72676, accuracy : 0.75215
Epoch 50/150, valid auc : 0.72696, valid accuracy : 0.74266
0.7270 to 0.7270
test_auc: 0.7265	test_accuracy: 0.7493	test_loss: 0.5095	
Epoch 51/150, loss : 0.51061, auc : 0.72682, accuracy : 0.75211
Epoch 51/150, valid auc : 0.72698, valid accuracy : 0.74268
0.7270 to 0.7270
test_auc: 0.7265	test_accuracy: 0.7494	test_loss: 0.5095	
Epoch 52/150, loss : 0.51057, auc : 0.72688, accuracy : 0.75217
Epoch 52/150, valid auc : 0.72699, valid accuracy : 0.74272
0.7270 to 0.7270
test_auc: 0.7265	test_accuracy: 0.7494	test_loss: 0.5095	
Epoch 53/150, loss : 0.51053, auc : 0.72693, accuracy : 0.75220
Epoch 53/150, valid auc : 0.72701, valid accuracy : 0.74273
0.7270 to 0.7270
test_auc: 0.7265	test_accuracy: 0.7495	test_loss: 0.5095	
Epoch 54/150, loss : 0.51049, auc : 0.72699, accuracy : 0.75222
Epoch 54/150, valid auc : 0.72702, valid accuracy : 0.74267
0.7270 to 0.7270
test_auc: 0.7265	test_accuracy: 0.7494	test_loss: 0.5095	
Epoch 55/150, loss : 0.51046, auc : 0.72704, accuracy : 0.75224
Epoch 55/150, valid auc : 0.72703, valid accuracy : 0.74260
0.7270 to 0.7270
test_auc: 0.7265	test_accuracy: 0.7494	test_loss: 0.5095	
Epoch 56/150, loss : 0.51042, auc : 0.72710, accuracy : 0.75222
Epoch 56/150, valid auc : 0.72704, valid accuracy : 0.74250
0.7270 to 0.7270
test_auc: 0.7266	test_accuracy: 0.7493	test_loss: 0.5095	
Epoch 57/150, loss : 0.51038, auc : 0.72715, accuracy : 0.75223
Epoch 57/150, valid auc : 0.72705, valid accuracy : 0.74253
0.7270 to 0.7271
test_auc: 0.7266	test_accuracy: 0.7493	test_loss: 0.5095	
Epoch 58/150, loss : 0.51035, auc : 0.72720, accuracy : 0.75219
Epoch 58/150, valid auc : 0.72706, valid accuracy : 0.74264
0.7271 to 0.7271
test_auc: 0.7266	test_accuracy: 0.7493	test_loss: 0.5095	
Epoch 59/150, loss : 0.51032, auc : 0.72725, accuracy : 0.75217
Epoch 59/150, valid auc : 0.72707, valid accuracy : 0.74260
0.7271 to 0.7271
test_auc: 0.7266	test_accuracy: 0.7493	test_loss: 0.5094	
Epoch 60/150, loss : 0.51028, auc : 0.72730, accuracy : 0.75219
Epoch 60/150, valid auc : 0.72708, valid accuracy : 0.74256
0.7271 to 0.7271
test_auc: 0.7266	test_accuracy: 0.7493	test_loss: 0.5094	
Epoch 61/150, loss : 0.51025, auc : 0.72734, accuracy : 0.75220
Epoch 61/150, valid auc : 0.72709, valid accuracy : 0.74255
0.7271 to 0.7271
test_auc: 0.7266	test_accuracy: 0.7494	test_loss: 0.5094	
Epoch 62/150, loss : 0.51022, auc : 0.72739, accuracy : 0.75226
Epoch 62/150, valid auc : 0.72709, valid accuracy : 0.74262
0.7271 to 0.7271
test_auc: 0.7266	test_accuracy: 0.7493	test_loss: 0.5094	
Epoch 63/150, loss : 0.51019, auc : 0.72743, accuracy : 0.75227
Epoch 63/150, valid auc : 0.72710, valid accuracy : 0.74265
0.7271 to 0.7271
test_auc: 0.7266	test_accuracy: 0.7494	test_loss: 0.5094	
Epoch 64/150, loss : 0.51016, auc : 0.72748, accuracy : 0.75227
Epoch 64/150, valid auc : 0.72711, valid accuracy : 0.74264
0.7271 to 0.7271
test_auc: 0.7266	test_accuracy: 0.7494	test_loss: 0.5094	
Epoch 65/150, loss : 0.51013, auc : 0.72752, accuracy : 0.75232
Epoch 65/150, valid auc : 0.72712, valid accuracy : 0.74265
0.7271 to 0.7271
test_auc: 0.7266	test_accuracy: 0.7493	test_loss: 0.5094	
Epoch 66/150, loss : 0.51010, auc : 0.72756, accuracy : 0.75231
Epoch 66/150, valid auc : 0.72712, valid accuracy : 0.74264
0.7271 to 0.7271
test_auc: 0.7266	test_accuracy: 0.7493	test_loss: 0.5094	
Epoch 67/150, loss : 0.51007, auc : 0.72760, accuracy : 0.75234
Epoch 67/150, valid auc : 0.72713, valid accuracy : 0.74258
0.7271 to 0.7271
test_auc: 0.7266	test_accuracy: 0.7493	test_loss: 0.5094	
Epoch 68/150, loss : 0.51004, auc : 0.72765, accuracy : 0.75237
Epoch 68/150, valid auc : 0.72713, valid accuracy : 0.74251
0.7271 to 0.7271
test_auc: 0.7266	test_accuracy: 0.7492	test_loss: 0.5094	
Epoch 69/150, loss : 0.51001, auc : 0.72768, accuracy : 0.75241
Epoch 69/150, valid auc : 0.72714, valid accuracy : 0.74249
0.7271 to 0.7271
test_auc: 0.7266	test_accuracy: 0.7492	test_loss: 0.5094	
Epoch 70/150, loss : 0.50999, auc : 0.72772, accuracy : 0.75239
Epoch 70/150, valid auc : 0.72714, valid accuracy : 0.74246
0.7271 to 0.7271
test_auc: 0.7266	test_accuracy: 0.7492	test_loss: 0.5094	
Epoch 71/150, loss : 0.50996, auc : 0.72776, accuracy : 0.75239
Epoch 71/150, valid auc : 0.72714, valid accuracy : 0.74249
0.7271 to 0.7271
test_auc: 0.7266	test_accuracy: 0.7492	test_loss: 0.5094	
Epoch 72/150, loss : 0.50993, auc : 0.72780, accuracy : 0.75243
Epoch 72/150, valid auc : 0.72715, valid accuracy : 0.74244
0.7271 to 0.7271
test_auc: 0.7266	test_accuracy: 0.7492	test_loss: 0.5094	
Epoch 73/150, loss : 0.50991, auc : 0.72784, accuracy : 0.75247
Epoch 73/150, valid auc : 0.72715, valid accuracy : 0.74250
Epoch 74/150, loss : 0.50988, auc : 0.72787, accuracy : 0.75249
Epoch 74/150, valid auc : 0.72715, valid accuracy : 0.74249
0.7271 to 0.7271
test_auc: 0.7266	test_accuracy: 0.7492	test_loss: 0.5094	
Epoch 75/150, loss : 0.50986, auc : 0.72791, accuracy : 0.75248
Epoch 75/150, valid auc : 0.72715, valid accuracy : 0.74242
0.7271 to 0.7272
test_auc: 0.7266	test_accuracy: 0.7492	test_loss: 0.5094	
Epoch 76/150, loss : 0.50983, auc : 0.72795, accuracy : 0.75246
Epoch 76/150, valid auc : 0.72715, valid accuracy : 0.74242
0.7272 to 0.7272
test_auc: 0.7266	test_accuracy: 0.7492	test_loss: 0.5094	
Epoch 77/150, loss : 0.50981, auc : 0.72798, accuracy : 0.75250
Epoch 77/150, valid auc : 0.72716, valid accuracy : 0.74237
0.7272 to 0.7272
test_auc: 0.7266	test_accuracy: 0.7492	test_loss: 0.5094	
Epoch 78/150, loss : 0.50979, auc : 0.72802, accuracy : 0.75254
Epoch 78/150, valid auc : 0.72715, valid accuracy : 0.74242
Epoch 79/150, loss : 0.50976, auc : 0.72805, accuracy : 0.75255
Epoch 79/150, valid auc : 0.72716, valid accuracy : 0.74243
0.7272 to 0.7272
test_auc: 0.7266	test_accuracy: 0.7491	test_loss: 0.5094	
Epoch 80/150, loss : 0.50974, auc : 0.72808, accuracy : 0.75257
Epoch 80/150, valid auc : 0.72716, valid accuracy : 0.74252
Epoch 81/150, loss : 0.50972, auc : 0.72811, accuracy : 0.75261
Epoch 81/150, valid auc : 0.72715, valid accuracy : 0.74257
Epoch 82/150, loss : 0.50969, auc : 0.72815, accuracy : 0.75265
Epoch 82/150, valid auc : 0.72715, valid accuracy : 0.74255
Epoch 83/150, loss : 0.50967, auc : 0.72818, accuracy : 0.75268
Epoch 83/150, valid auc : 0.72715, valid accuracy : 0.74253
Epoch 84/150, loss : 0.50965, auc : 0.72821, accuracy : 0.75269
Epoch 84/150, valid auc : 0.72715, valid accuracy : 0.74251
Epoch 85/150, loss : 0.50963, auc : 0.72824, accuracy : 0.75268
Epoch 85/150, valid auc : 0.72715, valid accuracy : 0.74244
Epoch 86/150, loss : 0.50961, auc : 0.72827, accuracy : 0.75269
Epoch 86/150, valid auc : 0.72714, valid accuracy : 0.74251
Epoch 87/150, loss : 0.50959, auc : 0.72830, accuracy : 0.75272
Epoch 87/150, valid auc : 0.72714, valid accuracy : 0.74244
Epoch 88/150, loss : 0.50957, auc : 0.72833, accuracy : 0.75273
Epoch 88/150, valid auc : 0.72714, valid accuracy : 0.74235
Epoch 89/150, loss : 0.50955, auc : 0.72836, accuracy : 0.75273
Epoch 89/150, valid auc : 0.72713, valid accuracy : 0.74237
Epoch 90/150, loss : 0.50953, auc : 0.72839, accuracy : 0.75275
Epoch 90/150, valid auc : 0.72713, valid accuracy : 0.74231
Epoch 91/150, loss : 0.50951, auc : 0.72841, accuracy : 0.75272
Epoch 91/150, valid auc : 0.72712, valid accuracy : 0.74237
Epoch 92/150, loss : 0.50949, auc : 0.72844, accuracy : 0.75274
Epoch 92/150, valid auc : 0.72712, valid accuracy : 0.74229
Epoch 93/150, loss : 0.50947, auc : 0.72847, accuracy : 0.75278
Epoch 93/150, valid auc : 0.72711, valid accuracy : 0.74228
Epoch 94/150, loss : 0.50945, auc : 0.72850, accuracy : 0.75283
Epoch 94/150, valid auc : 0.72711, valid accuracy : 0.74230
Epoch 95/150, loss : 0.50943, auc : 0.72852, accuracy : 0.75283
Epoch 95/150, valid auc : 0.72710, valid accuracy : 0.74233
Epoch 96/150, loss : 0.50941, auc : 0.72855, accuracy : 0.75288
Epoch 96/150, valid auc : 0.72709, valid accuracy : 0.74232
Epoch 97/150, loss : 0.50939, auc : 0.72858, accuracy : 0.75285
Epoch 97/150, valid auc : 0.72709, valid accuracy : 0.74234
Epoch 98/150, loss : 0.50937, auc : 0.72860, accuracy : 0.75286
Epoch 98/150, valid auc : 0.72708, valid accuracy : 0.74238
Epoch 99/150, loss : 0.50935, auc : 0.72863, accuracy : 0.75286
Epoch 99/150, valid auc : 0.72708, valid accuracy : 0.74238
Epoch 100/150, loss : 0.50933, auc : 0.72866, accuracy : 0.75286
Epoch 100/150, valid auc : 0.72707, valid accuracy : 0.74240
Epoch 101/150, loss : 0.50932, auc : 0.72868, accuracy : 0.75286
Epoch 101/150, valid auc : 0.72706, valid accuracy : 0.74244
Epoch 102/150, loss : 0.50930, auc : 0.72871, accuracy : 0.75289
Epoch 102/150, valid auc : 0.72705, valid accuracy : 0.74246
Epoch 103/150, loss : 0.50928, auc : 0.72873, accuracy : 0.75291
Epoch 103/150, valid auc : 0.72705, valid accuracy : 0.74247
Epoch 104/150, loss : 0.50926, auc : 0.72875, accuracy : 0.75289
Epoch 104/150, valid auc : 0.72704, valid accuracy : 0.74254
Epoch 105/150, loss : 0.50925, auc : 0.72878, accuracy : 0.75288
Epoch 105/150, valid auc : 0.72703, valid accuracy : 0.74245
Epoch 106/150, loss : 0.50923, auc : 0.72880, accuracy : 0.75286
Epoch 106/150, valid auc : 0.72703, valid accuracy : 0.74241
Epoch 107/150, loss : 0.50921, auc : 0.72883, accuracy : 0.75289
Epoch 107/150, valid auc : 0.72702, valid accuracy : 0.74244
Epoch 108/150, loss : 0.50920, auc : 0.72885, accuracy : 0.75289
Epoch 108/150, valid auc : 0.72701, valid accuracy : 0.74242
Epoch 109/150, loss : 0.50918, auc : 0.72887, accuracy : 0.75291
Epoch 109/150, valid auc : 0.72701, valid accuracy : 0.74245
Epoch 110/150, loss : 0.50916, auc : 0.72890, accuracy : 0.75295
Epoch 110/150, valid auc : 0.72700, valid accuracy : 0.74245
Epoch 111/150, loss : 0.50915, auc : 0.72892, accuracy : 0.75292
Epoch 111/150, valid auc : 0.72699, valid accuracy : 0.74244
Epoch 112/150, loss : 0.50913, auc : 0.72894, accuracy : 0.75292
Epoch 112/150, valid auc : 0.72699, valid accuracy : 0.74236
Epoch 113/150, loss : 0.50912, auc : 0.72896, accuracy : 0.75295
Epoch 113/150, valid auc : 0.72698, valid accuracy : 0.74230
Epoch 114/150, loss : 0.50910, auc : 0.72899, accuracy : 0.75294
Epoch 114/150, valid auc : 0.72697, valid accuracy : 0.74236
Epoch 115/150, loss : 0.50908, auc : 0.72901, accuracy : 0.75294
Epoch 115/150, valid auc : 0.72696, valid accuracy : 0.74244
Epoch 116/150, loss : 0.50907, auc : 0.72903, accuracy : 0.75296
Epoch 116/150, valid auc : 0.72695, valid accuracy : 0.74240
Epoch 117/150, loss : 0.50905, auc : 0.72905, accuracy : 0.75296
Epoch 117/150, valid auc : 0.72695, valid accuracy : 0.74243
Epoch 118/150, loss : 0.50904, auc : 0.72907, accuracy : 0.75297
Epoch 118/150, valid auc : 0.72694, valid accuracy : 0.74249
Epoch 119/150, loss : 0.50902, auc : 0.72909, accuracy : 0.75299
Epoch 119/150, valid auc : 0.72693, valid accuracy : 0.74249
Epoch 120/150, loss : 0.50901, auc : 0.72912, accuracy : 0.75299
Epoch 120/150, valid auc : 0.72692, valid accuracy : 0.74249
Epoch 121/150, loss : 0.50899, auc : 0.72914, accuracy : 0.75300
Epoch 121/150, valid auc : 0.72692, valid accuracy : 0.74248
Epoch 122/150, loss : 0.50898, auc : 0.72916, accuracy : 0.75300
Epoch 122/150, valid auc : 0.72691, valid accuracy : 0.74239
Epoch 123/150, loss : 0.50896, auc : 0.72918, accuracy : 0.75300
Epoch 123/150, valid auc : 0.72690, valid accuracy : 0.74240
Epoch 124/150, loss : 0.50895, auc : 0.72920, accuracy : 0.75302
Epoch 124/150, valid auc : 0.72689, valid accuracy : 0.74238
Epoch 125/150, loss : 0.50894, auc : 0.72922, accuracy : 0.75301
Epoch 125/150, valid auc : 0.72688, valid accuracy : 0.74239
Epoch 126/150, loss : 0.50892, auc : 0.72924, accuracy : 0.75305
Epoch 126/150, valid auc : 0.72687, valid accuracy : 0.74243
Epoch 127/150, loss : 0.50891, auc : 0.72926, accuracy : 0.75306
Epoch 127/150, valid auc : 0.72686, valid accuracy : 0.74236
Epoch 128/150, loss : 0.50889, auc : 0.72928, accuracy : 0.75308
Epoch 128/150, valid auc : 0.72685, valid accuracy : 0.74235
Epoch 129/150, loss : 0.50888, auc : 0.72930, accuracy : 0.75308
Epoch 129/150, valid auc : 0.72684, valid accuracy : 0.74237
Epoch 130/150, loss : 0.50886, auc : 0.72932, accuracy : 0.75308
Epoch 130/150, valid auc : 0.72684, valid accuracy : 0.74239
Epoch 131/150, loss : 0.50885, auc : 0.72934, accuracy : 0.75309
Epoch 131/150, valid auc : 0.72683, valid accuracy : 0.74236
Epoch 132/150, loss : 0.50884, auc : 0.72936, accuracy : 0.75309
Epoch 132/150, valid auc : 0.72682, valid accuracy : 0.74237
Epoch 133/150, loss : 0.50882, auc : 0.72938, accuracy : 0.75312
Epoch 133/150, valid auc : 0.72681, valid accuracy : 0.74243
Epoch 134/150, loss : 0.50881, auc : 0.72940, accuracy : 0.75314
Epoch 134/150, valid auc : 0.72680, valid accuracy : 0.74245
Epoch 135/150, loss : 0.50880, auc : 0.72942, accuracy : 0.75313
Epoch 135/150, valid auc : 0.72679, valid accuracy : 0.74244
Epoch 136/150, loss : 0.50878, auc : 0.72944, accuracy : 0.75313
Epoch 136/150, valid auc : 0.72678, valid accuracy : 0.74241
Epoch 137/150, loss : 0.50877, auc : 0.72946, accuracy : 0.75312
Epoch 137/150, valid auc : 0.72677, valid accuracy : 0.74241
Epoch 138/150, loss : 0.50876, auc : 0.72947, accuracy : 0.75312
Epoch 138/150, valid auc : 0.72676, valid accuracy : 0.74242
Epoch 139/150, loss : 0.50874, auc : 0.72949, accuracy : 0.75313
Epoch 139/150, valid auc : 0.72675, valid accuracy : 0.74240
Epoch 140/150, loss : 0.50873, auc : 0.72951, accuracy : 0.75310
Epoch 140/150, valid auc : 0.72674, valid accuracy : 0.74240
Epoch 141/150, loss : 0.50872, auc : 0.72953, accuracy : 0.75312
Epoch 141/150, valid auc : 0.72673, valid accuracy : 0.74237
Epoch 142/150, loss : 0.50870, auc : 0.72955, accuracy : 0.75311
Epoch 142/150, valid auc : 0.72672, valid accuracy : 0.74241
Epoch 143/150, loss : 0.50869, auc : 0.72957, accuracy : 0.75313
Epoch 143/150, valid auc : 0.72671, valid accuracy : 0.74236
Epoch 144/150, loss : 0.50868, auc : 0.72958, accuracy : 0.75316
Epoch 144/150, valid auc : 0.72670, valid accuracy : 0.74237
Epoch 145/150, loss : 0.50866, auc : 0.72960, accuracy : 0.75317
Epoch 145/150, valid auc : 0.72669, valid accuracy : 0.74228
Epoch 146/150, loss : 0.50865, auc : 0.72962, accuracy : 0.75319
Epoch 146/150, valid auc : 0.72667, valid accuracy : 0.74234
Epoch 147/150, loss : 0.50864, auc : 0.72964, accuracy : 0.75319
Epoch 147/150, valid auc : 0.72666, valid accuracy : 0.74228
Epoch 148/150, loss : 0.50862, auc : 0.72966, accuracy : 0.75320
Epoch 148/150, valid auc : 0.72665, valid accuracy : 0.74227
Epoch 149/150, loss : 0.50861, auc : 0.72968, accuracy : 0.75321
Epoch 149/150, valid auc : 0.72664, valid accuracy : 0.74226
Epoch 150/150, loss : 0.50860, auc : 0.72969, accuracy : 0.75324
Epoch 150/150, valid auc : 0.72663, valid accuracy : 0.74220
best outcome: best epoch: 79.0000
valid_auc: 0.7272	valid_accuracy: 0.7424	valid_loss: 0.5198	
test_auc: 0.7266	test_accuracy: 0.7491	test_loss: 0.5094	
