nohup: ignoring input
Namespace(batch_size=32, data_dir='./data/assist2015', data_name='assist2015', dataset_type='assist2015', decay_epoch=20, final_fc_dim=100, final_lr=1e-05, future_sequence_len=2, generate_files=0, gpu=0, init_lr=0.01, init_std=0.1, learning_trend_embed_dim=200, load='assist2015', lr=0.01, lr_decay=0, max_iter=300, maxgradnorm=50.0, memory_key_state_dim=50, memory_size=20, memory_value_state_dim=200, model_type='LSTMA', momentum=0.9, n_question=110, num_attention_heads=4, q_embed_dim=50, qa_embed_dim=200, read_dim=100, save='assist2015', seed=4, seqlen=200, show=True, similar_user_num=2, test=False, train_test=0, wd=1e-05)
./data/assist2015/assist2015_train4.csv
train_qa_data_shape:  (11295, 200)
valid_qa_data_shape:  (2793, 200)
test_qa_data_shape:  (5956, 200)
device: 0
Epoch 1/300, loss : 0.55110, auc : 0.65141, accuracy : 0.73663
Epoch 1/300, valid auc : 0.68469, valid accuracy : 0.73246
0.0000 to 0.6847
test_auc: 0.6867	test_accuracy: 0.7401	test_loss: 0.5310	
Epoch 2/300, loss : 0.53334, auc : 0.68537, accuracy : 0.74217
Epoch 2/300, valid auc : 0.68945, valid accuracy : 0.73373
0.6847 to 0.6894
test_auc: 0.6909	test_accuracy: 0.7407	test_loss: 0.5289	
Epoch 3/300, loss : 0.53168, auc : 0.68883, accuracy : 0.74278
Epoch 3/300, valid auc : 0.69132, valid accuracy : 0.73419
0.6894 to 0.6913
test_auc: 0.6927	test_accuracy: 0.7411	test_loss: 0.5280	
Epoch 4/300, loss : 0.53061, auc : 0.69100, accuracy : 0.74329
Epoch 4/300, valid auc : 0.69278, valid accuracy : 0.73400
0.6913 to 0.6928
test_auc: 0.6941	test_accuracy: 0.7412	test_loss: 0.5273	
Epoch 5/300, loss : 0.52955, auc : 0.69313, accuracy : 0.74355
Epoch 5/300, valid auc : 0.69493, valid accuracy : 0.73486
0.6928 to 0.6949
test_auc: 0.6959	test_accuracy: 0.7413	test_loss: 0.5265	
Epoch 6/300, loss : 0.52847, auc : 0.69537, accuracy : 0.74421
Epoch 6/300, valid auc : 0.69634, valid accuracy : 0.73506
0.6949 to 0.6963
test_auc: 0.6969	test_accuracy: 0.7414	test_loss: 0.5260	
Epoch 7/300, loss : 0.52781, auc : 0.69663, accuracy : 0.74447
Epoch 7/300, valid auc : 0.69709, valid accuracy : 0.73480
0.6963 to 0.6971
test_auc: 0.6974	test_accuracy: 0.7414	test_loss: 0.5257	
Epoch 8/300, loss : 0.52729, auc : 0.69759, accuracy : 0.74468
Epoch 8/300, valid auc : 0.69764, valid accuracy : 0.73502
0.6971 to 0.6976
test_auc: 0.6978	test_accuracy: 0.7414	test_loss: 0.5255	
Epoch 9/300, loss : 0.52686, auc : 0.69837, accuracy : 0.74503
Epoch 9/300, valid auc : 0.69798, valid accuracy : 0.73498
0.6976 to 0.6980
test_auc: 0.6981	test_accuracy: 0.7415	test_loss: 0.5254	
Epoch 10/300, loss : 0.52650, auc : 0.69901, accuracy : 0.74520
Epoch 10/300, valid auc : 0.69828, valid accuracy : 0.73509
0.6980 to 0.6983
test_auc: 0.6983	test_accuracy: 0.7415	test_loss: 0.5253	
Epoch 11/300, loss : 0.52617, auc : 0.69958, accuracy : 0.74535
Epoch 11/300, valid auc : 0.69856, valid accuracy : 0.73542
0.6983 to 0.6986
test_auc: 0.6985	test_accuracy: 0.7413	test_loss: 0.5251	
Epoch 12/300, loss : 0.52586, auc : 0.70012, accuracy : 0.74555
Epoch 12/300, valid auc : 0.69883, valid accuracy : 0.73559
0.6986 to 0.6988
test_auc: 0.6987	test_accuracy: 0.7414	test_loss: 0.5250	
Epoch 13/300, loss : 0.52555, auc : 0.70066, accuracy : 0.74571
Epoch 13/300, valid auc : 0.69910, valid accuracy : 0.73570
0.6988 to 0.6991
test_auc: 0.6989	test_accuracy: 0.7416	test_loss: 0.5249	
Epoch 14/300, loss : 0.52524, auc : 0.70121, accuracy : 0.74579
Epoch 14/300, valid auc : 0.69940, valid accuracy : 0.73583
0.6991 to 0.6994
test_auc: 0.6992	test_accuracy: 0.7418	test_loss: 0.5248	
Epoch 15/300, loss : 0.52490, auc : 0.70181, accuracy : 0.74591
Epoch 15/300, valid auc : 0.69977, valid accuracy : 0.73577
0.6994 to 0.6998
test_auc: 0.6995	test_accuracy: 0.7419	test_loss: 0.5246	
Epoch 16/300, loss : 0.52452, auc : 0.70249, accuracy : 0.74613
Epoch 16/300, valid auc : 0.70024, valid accuracy : 0.73585
0.6998 to 0.7002
test_auc: 0.7000	test_accuracy: 0.7421	test_loss: 0.5243	
Epoch 17/300, loss : 0.52407, auc : 0.70330, accuracy : 0.74635
Epoch 17/300, valid auc : 0.70084, valid accuracy : 0.73595
0.7002 to 0.7008
test_auc: 0.7005	test_accuracy: 0.7421	test_loss: 0.5240	
Epoch 18/300, loss : 0.52359, auc : 0.70418, accuracy : 0.74643
Epoch 18/300, valid auc : 0.70149, valid accuracy : 0.73641
0.7008 to 0.7015
test_auc: 0.7012	test_accuracy: 0.7422	test_loss: 0.5237	
Epoch 19/300, loss : 0.52310, auc : 0.70507, accuracy : 0.74659
Epoch 19/300, valid auc : 0.70218, valid accuracy : 0.73643
0.7015 to 0.7022
test_auc: 0.7018	test_accuracy: 0.7423	test_loss: 0.5234	
Epoch 20/300, loss : 0.52262, auc : 0.70592, accuracy : 0.74684
Epoch 20/300, valid auc : 0.70285, valid accuracy : 0.73636
0.7022 to 0.7028
test_auc: 0.7025	test_accuracy: 0.7423	test_loss: 0.5231	
Epoch 21/300, loss : 0.52216, auc : 0.70674, accuracy : 0.74704
Epoch 21/300, valid auc : 0.70349, valid accuracy : 0.73638
0.7028 to 0.7035
test_auc: 0.7031	test_accuracy: 0.7425	test_loss: 0.5228	
Epoch 22/300, loss : 0.52172, auc : 0.70752, accuracy : 0.74738
Epoch 22/300, valid auc : 0.70409, valid accuracy : 0.73654
0.7035 to 0.7041
test_auc: 0.7036	test_accuracy: 0.7427	test_loss: 0.5225	
Epoch 23/300, loss : 0.52130, auc : 0.70826, accuracy : 0.74747
Epoch 23/300, valid auc : 0.70467, valid accuracy : 0.73649
0.7041 to 0.7047
test_auc: 0.7042	test_accuracy: 0.7428	test_loss: 0.5222	
Epoch 24/300, loss : 0.52090, auc : 0.70896, accuracy : 0.74756
Epoch 24/300, valid auc : 0.70520, valid accuracy : 0.73667
0.7047 to 0.7052
test_auc: 0.7047	test_accuracy: 0.7431	test_loss: 0.5219	
Epoch 25/300, loss : 0.52051, auc : 0.70963, accuracy : 0.74784
Epoch 25/300, valid auc : 0.70571, valid accuracy : 0.73694
0.7052 to 0.7057
test_auc: 0.7053	test_accuracy: 0.7434	test_loss: 0.5216	
Epoch 26/300, loss : 0.52014, auc : 0.71027, accuracy : 0.74795
Epoch 26/300, valid auc : 0.70618, valid accuracy : 0.73702
0.7057 to 0.7062
test_auc: 0.7058	test_accuracy: 0.7434	test_loss: 0.5213	
Epoch 27/300, loss : 0.51979, auc : 0.71086, accuracy : 0.74812
Epoch 27/300, valid auc : 0.70661, valid accuracy : 0.73756
0.7062 to 0.7066
test_auc: 0.7063	test_accuracy: 0.7437	test_loss: 0.5211	
Epoch 28/300, loss : 0.51946, auc : 0.71141, accuracy : 0.74826
Epoch 28/300, valid auc : 0.70699, valid accuracy : 0.73785
0.7066 to 0.7070
test_auc: 0.7067	test_accuracy: 0.7438	test_loss: 0.5208	
Epoch 29/300, loss : 0.51914, auc : 0.71193, accuracy : 0.74848
Epoch 29/300, valid auc : 0.70735, valid accuracy : 0.73775
0.7070 to 0.7073
test_auc: 0.7071	test_accuracy: 0.7441	test_loss: 0.5206	
Epoch 30/300, loss : 0.51882, auc : 0.71244, accuracy : 0.74850
Epoch 30/300, valid auc : 0.70768, valid accuracy : 0.73754
0.7073 to 0.7077
test_auc: 0.7076	test_accuracy: 0.7442	test_loss: 0.5203	
Epoch 31/300, loss : 0.51851, auc : 0.71294, accuracy : 0.74868
Epoch 31/300, valid auc : 0.70800, valid accuracy : 0.73761
0.7077 to 0.7080
test_auc: 0.7080	test_accuracy: 0.7444	test_loss: 0.5201	
Epoch 32/300, loss : 0.51820, auc : 0.71343, accuracy : 0.74886
Epoch 32/300, valid auc : 0.70831, valid accuracy : 0.73782
0.7080 to 0.7083
test_auc: 0.7083	test_accuracy: 0.7445	test_loss: 0.5199	
Epoch 33/300, loss : 0.51790, auc : 0.71392, accuracy : 0.74898
Epoch 33/300, valid auc : 0.70860, valid accuracy : 0.73784
0.7083 to 0.7086
test_auc: 0.7087	test_accuracy: 0.7448	test_loss: 0.5197	
Epoch 34/300, loss : 0.51761, auc : 0.71441, accuracy : 0.74920
Epoch 34/300, valid auc : 0.70888, valid accuracy : 0.73805
0.7086 to 0.7089
test_auc: 0.7091	test_accuracy: 0.7450	test_loss: 0.5195	
Epoch 35/300, loss : 0.51731, auc : 0.71489, accuracy : 0.74935
Epoch 35/300, valid auc : 0.70915, valid accuracy : 0.73807
0.7089 to 0.7091
test_auc: 0.7094	test_accuracy: 0.7450	test_loss: 0.5193	
Epoch 36/300, loss : 0.51702, auc : 0.71537, accuracy : 0.74949
Epoch 36/300, valid auc : 0.70941, valid accuracy : 0.73821
0.7091 to 0.7094
test_auc: 0.7098	test_accuracy: 0.7452	test_loss: 0.5191	
Epoch 37/300, loss : 0.51673, auc : 0.71585, accuracy : 0.74971
Epoch 37/300, valid auc : 0.70966, valid accuracy : 0.73818
0.7094 to 0.7097
test_auc: 0.7101	test_accuracy: 0.7453	test_loss: 0.5189	
Epoch 38/300, loss : 0.51645, auc : 0.71631, accuracy : 0.74983
Epoch 38/300, valid auc : 0.70991, valid accuracy : 0.73813
0.7097 to 0.7099
test_auc: 0.7104	test_accuracy: 0.7456	test_loss: 0.5187	
Epoch 39/300, loss : 0.51617, auc : 0.71677, accuracy : 0.75003
Epoch 39/300, valid auc : 0.71016, valid accuracy : 0.73818
0.7099 to 0.7102
test_auc: 0.7107	test_accuracy: 0.7456	test_loss: 0.5185	
Epoch 40/300, loss : 0.51590, auc : 0.71722, accuracy : 0.75018
Epoch 40/300, valid auc : 0.71042, valid accuracy : 0.73815
0.7102 to 0.7104
test_auc: 0.7110	test_accuracy: 0.7457	test_loss: 0.5183	
Epoch 41/300, loss : 0.51563, auc : 0.71767, accuracy : 0.75025
Epoch 41/300, valid auc : 0.71068, valid accuracy : 0.73831
0.7104 to 0.7107
test_auc: 0.7113	test_accuracy: 0.7457	test_loss: 0.5182	
Epoch 42/300, loss : 0.51536, auc : 0.71810, accuracy : 0.75051
Epoch 42/300, valid auc : 0.71094, valid accuracy : 0.73836
0.7107 to 0.7109
test_auc: 0.7116	test_accuracy: 0.7458	test_loss: 0.5180	
Epoch 43/300, loss : 0.51510, auc : 0.71853, accuracy : 0.75069
Epoch 43/300, valid auc : 0.71119, valid accuracy : 0.73848
0.7109 to 0.7112
test_auc: 0.7118	test_accuracy: 0.7460	test_loss: 0.5179	
Epoch 44/300, loss : 0.51484, auc : 0.71895, accuracy : 0.75087
Epoch 44/300, valid auc : 0.71143, valid accuracy : 0.73849
0.7112 to 0.7114
test_auc: 0.7121	test_accuracy: 0.7460	test_loss: 0.5177	
Epoch 45/300, loss : 0.51459, auc : 0.71935, accuracy : 0.75102
Epoch 45/300, valid auc : 0.71165, valid accuracy : 0.73860
0.7114 to 0.7117
test_auc: 0.7123	test_accuracy: 0.7462	test_loss: 0.5176	
Epoch 46/300, loss : 0.51435, auc : 0.71975, accuracy : 0.75114
Epoch 46/300, valid auc : 0.71187, valid accuracy : 0.73855
0.7117 to 0.7119
test_auc: 0.7126	test_accuracy: 0.7463	test_loss: 0.5174	
Epoch 47/300, loss : 0.51412, auc : 0.72013, accuracy : 0.75123
Epoch 47/300, valid auc : 0.71206, valid accuracy : 0.73859
0.7119 to 0.7121
test_auc: 0.7128	test_accuracy: 0.7464	test_loss: 0.5173	
Epoch 48/300, loss : 0.51389, auc : 0.72050, accuracy : 0.75130
Epoch 48/300, valid auc : 0.71224, valid accuracy : 0.73879
0.7121 to 0.7122
test_auc: 0.7130	test_accuracy: 0.7464	test_loss: 0.5172	
Epoch 49/300, loss : 0.51366, auc : 0.72086, accuracy : 0.75144
Epoch 49/300, valid auc : 0.71241, valid accuracy : 0.73869
0.7122 to 0.7124
test_auc: 0.7131	test_accuracy: 0.7465	test_loss: 0.5171	
Epoch 50/300, loss : 0.51345, auc : 0.72120, accuracy : 0.75135
Epoch 50/300, valid auc : 0.71255, valid accuracy : 0.73875
0.7124 to 0.7125
test_auc: 0.7133	test_accuracy: 0.7465	test_loss: 0.5170	
Epoch 51/300, loss : 0.51323, auc : 0.72154, accuracy : 0.75150
Epoch 51/300, valid auc : 0.71266, valid accuracy : 0.73872
0.7125 to 0.7127
test_auc: 0.7134	test_accuracy: 0.7465	test_loss: 0.5169	
Epoch 52/300, loss : 0.51302, auc : 0.72189, accuracy : 0.75159
Epoch 52/300, valid auc : 0.71280, valid accuracy : 0.73876
0.7127 to 0.7128
test_auc: 0.7135	test_accuracy: 0.7463	test_loss: 0.5168	
Epoch 53/300, loss : 0.51281, auc : 0.72222, accuracy : 0.75171
Epoch 53/300, valid auc : 0.71289, valid accuracy : 0.73884
0.7128 to 0.7129
test_auc: 0.7137	test_accuracy: 0.7464	test_loss: 0.5168	
Epoch 54/300, loss : 0.51262, auc : 0.72253, accuracy : 0.75184
Epoch 54/300, valid auc : 0.71297, valid accuracy : 0.73873
0.7129 to 0.7130
test_auc: 0.7138	test_accuracy: 0.7465	test_loss: 0.5167	
Epoch 55/300, loss : 0.51242, auc : 0.72284, accuracy : 0.75191
Epoch 55/300, valid auc : 0.71304, valid accuracy : 0.73870
0.7130 to 0.7130
test_auc: 0.7138	test_accuracy: 0.7464	test_loss: 0.5166	
Epoch 56/300, loss : 0.51224, auc : 0.72313, accuracy : 0.75205
Epoch 56/300, valid auc : 0.71309, valid accuracy : 0.73861
0.7130 to 0.7131
test_auc: 0.7139	test_accuracy: 0.7464	test_loss: 0.5166	
Epoch 57/300, loss : 0.51205, auc : 0.72343, accuracy : 0.75203
Epoch 57/300, valid auc : 0.71314, valid accuracy : 0.73850
0.7131 to 0.7131
test_auc: 0.7140	test_accuracy: 0.7465	test_loss: 0.5165	
Epoch 58/300, loss : 0.51188, auc : 0.72370, accuracy : 0.75207
Epoch 58/300, valid auc : 0.71318, valid accuracy : 0.73866
0.7131 to 0.7132
test_auc: 0.7140	test_accuracy: 0.7466	test_loss: 0.5165	
Epoch 59/300, loss : 0.51172, auc : 0.72396, accuracy : 0.75215
Epoch 59/300, valid auc : 0.71320, valid accuracy : 0.73869
0.7132 to 0.7132
test_auc: 0.7141	test_accuracy: 0.7467	test_loss: 0.5165	
Epoch 60/300, loss : 0.51155, auc : 0.72422, accuracy : 0.75229
Epoch 60/300, valid auc : 0.71322, valid accuracy : 0.73867
0.7132 to 0.7132
test_auc: 0.7141	test_accuracy: 0.7465	test_loss: 0.5165	
Epoch 61/300, loss : 0.51141, auc : 0.72447, accuracy : 0.75243
Epoch 61/300, valid auc : 0.71323, valid accuracy : 0.73859
0.7132 to 0.7132
test_auc: 0.7141	test_accuracy: 0.7465	test_loss: 0.5165	
Epoch 62/300, loss : 0.51124, auc : 0.72473, accuracy : 0.75249
Epoch 62/300, valid auc : 0.71324, valid accuracy : 0.73852
0.7132 to 0.7132
test_auc: 0.7141	test_accuracy: 0.7466	test_loss: 0.5165	
Epoch 63/300, loss : 0.51110, auc : 0.72493, accuracy : 0.75256
Epoch 63/300, valid auc : 0.71324, valid accuracy : 0.73855
Epoch 64/300, loss : 0.51090, auc : 0.72523, accuracy : 0.75259
Epoch 64/300, valid auc : 0.71322, valid accuracy : 0.73843
Epoch 65/300, loss : 0.51073, auc : 0.72548, accuracy : 0.75270
Epoch 65/300, valid auc : 0.71320, valid accuracy : 0.73845
Epoch 66/300, loss : 0.51056, auc : 0.72573, accuracy : 0.75275
Epoch 66/300, valid auc : 0.71318, valid accuracy : 0.73856
Epoch 67/300, loss : 0.51042, auc : 0.72595, accuracy : 0.75282
Epoch 67/300, valid auc : 0.71318, valid accuracy : 0.73852
Epoch 68/300, loss : 0.51025, auc : 0.72620, accuracy : 0.75293
Epoch 68/300, valid auc : 0.71314, valid accuracy : 0.73853
Epoch 69/300, loss : 0.51010, auc : 0.72643, accuracy : 0.75294
Epoch 69/300, valid auc : 0.71310, valid accuracy : 0.73859
Epoch 70/300, loss : 0.50997, auc : 0.72662, accuracy : 0.75301
Epoch 70/300, valid auc : 0.71309, valid accuracy : 0.73871
Epoch 71/300, loss : 0.50981, auc : 0.72687, accuracy : 0.75317
Epoch 71/300, valid auc : 0.71303, valid accuracy : 0.73879
Epoch 72/300, loss : 0.50964, auc : 0.72712, accuracy : 0.75326
Epoch 72/300, valid auc : 0.71297, valid accuracy : 0.73882
Epoch 73/300, loss : 0.50952, auc : 0.72729, accuracy : 0.75329
Epoch 73/300, valid auc : 0.71292, valid accuracy : 0.73865
Epoch 74/300, loss : 0.50937, auc : 0.72752, accuracy : 0.75331
Epoch 74/300, valid auc : 0.71281, valid accuracy : 0.73875
Epoch 75/300, loss : 0.50924, auc : 0.72771, accuracy : 0.75332
Epoch 75/300, valid auc : 0.71279, valid accuracy : 0.73872
Epoch 76/300, loss : 0.50907, auc : 0.72797, accuracy : 0.75343
Epoch 76/300, valid auc : 0.71269, valid accuracy : 0.73872
Epoch 77/300, loss : 0.50894, auc : 0.72816, accuracy : 0.75356
Epoch 77/300, valid auc : 0.71264, valid accuracy : 0.73856
Epoch 78/300, loss : 0.50876, auc : 0.72843, accuracy : 0.75358
Epoch 78/300, valid auc : 0.71251, valid accuracy : 0.73885
Epoch 79/300, loss : 0.50861, auc : 0.72864, accuracy : 0.75365
Epoch 79/300, valid auc : 0.71241, valid accuracy : 0.73874
Epoch 80/300, loss : 0.50847, auc : 0.72885, accuracy : 0.75367
Epoch 80/300, valid auc : 0.71232, valid accuracy : 0.73864
Epoch 81/300, loss : 0.50837, auc : 0.72902, accuracy : 0.75370
Epoch 81/300, valid auc : 0.71229, valid accuracy : 0.73850
Epoch 82/300, loss : 0.50819, auc : 0.72928, accuracy : 0.75381
Epoch 82/300, valid auc : 0.71211, valid accuracy : 0.73857
Epoch 83/300, loss : 0.50804, auc : 0.72949, accuracy : 0.75376
Epoch 83/300, valid auc : 0.71205, valid accuracy : 0.73836
Epoch 84/300, loss : 0.50787, auc : 0.72974, accuracy : 0.75387
Epoch 84/300, valid auc : 0.71190, valid accuracy : 0.73854
Epoch 85/300, loss : 0.50771, auc : 0.72996, accuracy : 0.75391
Epoch 85/300, valid auc : 0.71175, valid accuracy : 0.73855
Epoch 86/300, loss : 0.50755, auc : 0.73018, accuracy : 0.75395
Epoch 86/300, valid auc : 0.71166, valid accuracy : 0.73841
Epoch 87/300, loss : 0.50739, auc : 0.73043, accuracy : 0.75410
Epoch 87/300, valid auc : 0.71152, valid accuracy : 0.73835
Epoch 88/300, loss : 0.50722, auc : 0.73068, accuracy : 0.75412
Epoch 88/300, valid auc : 0.71133, valid accuracy : 0.73854
Epoch 89/300, loss : 0.50706, auc : 0.73090, accuracy : 0.75414
Epoch 89/300, valid auc : 0.71125, valid accuracy : 0.73828
Epoch 90/300, loss : 0.50695, auc : 0.73104, accuracy : 0.75427
Epoch 90/300, valid auc : 0.71097, valid accuracy : 0.73856
Epoch 91/300, loss : 0.50681, auc : 0.73124, accuracy : 0.75423
Epoch 91/300, valid auc : 0.71088, valid accuracy : 0.73846
Epoch 92/300, loss : 0.50668, auc : 0.73149, accuracy : 0.75436
Epoch 92/300, valid auc : 0.71086, valid accuracy : 0.73848
Epoch 93/300, loss : 0.50641, auc : 0.73182, accuracy : 0.75458
Epoch 93/300, valid auc : 0.71054, valid accuracy : 0.73852
Epoch 94/300, loss : 0.50632, auc : 0.73200, accuracy : 0.75448
Epoch 94/300, valid auc : 0.71044, valid accuracy : 0.73833
Epoch 95/300, loss : 0.50613, auc : 0.73223, accuracy : 0.75469
Epoch 95/300, valid auc : 0.71019, valid accuracy : 0.73844
Epoch 96/300, loss : 0.50616, auc : 0.73223, accuracy : 0.75465
Epoch 96/300, valid auc : 0.71049, valid accuracy : 0.73853
Epoch 97/300, loss : 0.50589, auc : 0.73258, accuracy : 0.75487
Epoch 97/300, valid auc : 0.71020, valid accuracy : 0.73845
Epoch 98/300, loss : 0.50560, auc : 0.73296, accuracy : 0.75487
Epoch 98/300, valid auc : 0.70987, valid accuracy : 0.73846
Epoch 99/300, loss : 0.50547, auc : 0.73312, accuracy : 0.75498
Epoch 99/300, valid auc : 0.70989, valid accuracy : 0.73811
Epoch 100/300, loss : 0.50514, auc : 0.73361, accuracy : 0.75517
Epoch 100/300, valid auc : 0.70931, valid accuracy : 0.73782
Epoch 101/300, loss : 0.50499, auc : 0.73379, accuracy : 0.75525
Epoch 101/300, valid auc : 0.70918, valid accuracy : 0.73765
Epoch 102/300, loss : 0.50479, auc : 0.73410, accuracy : 0.75524
Epoch 102/300, valid auc : 0.70888, valid accuracy : 0.73746
Epoch 103/300, loss : 0.50459, auc : 0.73433, accuracy : 0.75533
Epoch 103/300, valid auc : 0.70849, valid accuracy : 0.73747
Epoch 104/300, loss : 0.50440, auc : 0.73463, accuracy : 0.75536
Epoch 104/300, valid auc : 0.70841, valid accuracy : 0.73743
Epoch 105/300, loss : 0.50419, auc : 0.73488, accuracy : 0.75559
Epoch 105/300, valid auc : 0.70821, valid accuracy : 0.73732
Epoch 106/300, loss : 0.50416, auc : 0.73495, accuracy : 0.75551
Epoch 106/300, valid auc : 0.70792, valid accuracy : 0.73680
Epoch 107/300, loss : 0.50418, auc : 0.73494, accuracy : 0.75557
Epoch 107/300, valid auc : 0.70825, valid accuracy : 0.73678
Epoch 108/300, loss : 0.50354, auc : 0.73575, accuracy : 0.75583
Epoch 108/300, valid auc : 0.70755, valid accuracy : 0.73720
Epoch 109/300, loss : 0.50328, auc : 0.73609, accuracy : 0.75581
Epoch 109/300, valid auc : 0.70700, valid accuracy : 0.73695
Epoch 110/300, loss : 0.50313, auc : 0.73634, accuracy : 0.75596
Epoch 110/300, valid auc : 0.70687, valid accuracy : 0.73726
Epoch 111/300, loss : 0.50283, auc : 0.73670, accuracy : 0.75614
Epoch 111/300, valid auc : 0.70654, valid accuracy : 0.73704
Epoch 112/300, loss : 0.50255, auc : 0.73706, accuracy : 0.75623
Epoch 112/300, valid auc : 0.70602, valid accuracy : 0.73673
Epoch 113/300, loss : 0.50248, auc : 0.73712, accuracy : 0.75625
Epoch 113/300, valid auc : 0.70643, valid accuracy : 0.73667
Epoch 114/300, loss : 0.50214, auc : 0.73763, accuracy : 0.75634
Epoch 114/300, valid auc : 0.70566, valid accuracy : 0.73638
Epoch 115/300, loss : 0.50180, auc : 0.73806, accuracy : 0.75658
Epoch 115/300, valid auc : 0.70499, valid accuracy : 0.73594
Epoch 116/300, loss : 0.50155, auc : 0.73839, accuracy : 0.75665
Epoch 116/300, valid auc : 0.70447, valid accuracy : 0.73559
Epoch 117/300, loss : 0.50132, auc : 0.73869, accuracy : 0.75686
Epoch 117/300, valid auc : 0.70415, valid accuracy : 0.73570
Epoch 118/300, loss : 0.50108, auc : 0.73902, accuracy : 0.75690
Epoch 118/300, valid auc : 0.70386, valid accuracy : 0.73557
Epoch 119/300, loss : 0.50080, auc : 0.73936, accuracy : 0.75703
Epoch 119/300, valid auc : 0.70334, valid accuracy : 0.73558
Epoch 120/300, loss : 0.50059, auc : 0.73966, accuracy : 0.75710
Epoch 120/300, valid auc : 0.70323, valid accuracy : 0.73560
Epoch 121/300, loss : 0.50128, auc : 0.73865, accuracy : 0.75690
Epoch 121/300, valid auc : 0.70487, valid accuracy : 0.73638
Epoch 122/300, loss : 0.50056, auc : 0.73968, accuracy : 0.75747
Epoch 122/300, valid auc : 0.70340, valid accuracy : 0.73569
Epoch 123/300, loss : 0.49982, auc : 0.74070, accuracy : 0.75774
Epoch 123/300, valid auc : 0.70251, valid accuracy : 0.73519
Epoch 124/300, loss : 0.49958, auc : 0.74095, accuracy : 0.75773
Epoch 124/300, valid auc : 0.70163, valid accuracy : 0.73477
Epoch 125/300, loss : 0.49916, auc : 0.74155, accuracy : 0.75809
Epoch 125/300, valid auc : 0.70111, valid accuracy : 0.73479
Epoch 126/300, loss : 0.49891, auc : 0.74183, accuracy : 0.75820
Epoch 126/300, valid auc : 0.70065, valid accuracy : 0.73404
Epoch 127/300, loss : 0.49879, auc : 0.74203, accuracy : 0.75811
Epoch 127/300, valid auc : 0.70089, valid accuracy : 0.73450
Epoch 128/300, loss : 0.49840, auc : 0.74251, accuracy : 0.75839
Epoch 128/300, valid auc : 0.70038, valid accuracy : 0.73430
Epoch 129/300, loss : 0.49808, auc : 0.74293, accuracy : 0.75861
Epoch 129/300, valid auc : 0.69971, valid accuracy : 0.73417
Epoch 130/300, loss : 0.49784, auc : 0.74323, accuracy : 0.75854
Epoch 130/300, valid auc : 0.69969, valid accuracy : 0.73382
Epoch 131/300, loss : 0.49750, auc : 0.74362, accuracy : 0.75906
Epoch 131/300, valid auc : 0.69894, valid accuracy : 0.73310
Epoch 132/300, loss : 0.49720, auc : 0.74403, accuracy : 0.75923
Epoch 132/300, valid auc : 0.69864, valid accuracy : 0.73382
Epoch 133/300, loss : 0.49689, auc : 0.74449, accuracy : 0.75896
Epoch 133/300, valid auc : 0.69771, valid accuracy : 0.73349
Epoch 134/300, loss : 0.49652, auc : 0.74491, accuracy : 0.75925
Epoch 134/300, valid auc : 0.69694, valid accuracy : 0.73271
Epoch 135/300, loss : 0.49680, auc : 0.74438, accuracy : 0.75931
Epoch 135/300, valid auc : 0.69674, valid accuracy : 0.73288
Epoch 136/300, loss : 0.49615, auc : 0.74543, accuracy : 0.75956
Epoch 136/300, valid auc : 0.69618, valid accuracy : 0.73239
Epoch 137/300, loss : 0.49552, auc : 0.74619, accuracy : 0.75988
Epoch 137/300, valid auc : 0.69554, valid accuracy : 0.73266
Epoch 138/300, loss : 0.49505, auc : 0.74680, accuracy : 0.76036
Epoch 138/300, valid auc : 0.69471, valid accuracy : 0.73204
Epoch 139/300, loss : 0.49487, auc : 0.74702, accuracy : 0.76030
Epoch 139/300, valid auc : 0.69453, valid accuracy : 0.73184
Epoch 140/300, loss : 0.49434, auc : 0.74761, accuracy : 0.76038
Epoch 140/300, valid auc : 0.69382, valid accuracy : 0.73223
Epoch 141/300, loss : 0.49420, auc : 0.74785, accuracy : 0.76063
Epoch 141/300, valid auc : 0.69328, valid accuracy : 0.73113
Epoch 142/300, loss : 0.49570, auc : 0.74601, accuracy : 0.75970
Epoch 142/300, valid auc : 0.69703, valid accuracy : 0.73299
Epoch 143/300, loss : 0.49440, auc : 0.74757, accuracy : 0.76032
Epoch 143/300, valid auc : 0.69376, valid accuracy : 0.73169
Epoch 144/300, loss : 0.49635, auc : 0.74511, accuracy : 0.75957
Epoch 144/300, valid auc : 0.69508, valid accuracy : 0.73296
Epoch 145/300, loss : 0.49338, auc : 0.74889, accuracy : 0.76111
Epoch 145/300, valid auc : 0.69225, valid accuracy : 0.73087
Epoch 146/300, loss : 0.49293, auc : 0.74936, accuracy : 0.76177
Epoch 146/300, valid auc : 0.69113, valid accuracy : 0.73093
Epoch 147/300, loss : 0.49219, auc : 0.75035, accuracy : 0.76191
Epoch 147/300, valid auc : 0.69030, valid accuracy : 0.73015
Epoch 148/300, loss : 0.49187, auc : 0.75076, accuracy : 0.76212
Epoch 148/300, valid auc : 0.68967, valid accuracy : 0.73017
Epoch 149/300, loss : 0.49148, auc : 0.75127, accuracy : 0.76247
Epoch 149/300, valid auc : 0.68915, valid accuracy : 0.72998
Epoch 150/300, loss : 0.49139, auc : 0.75136, accuracy : 0.76231
Epoch 150/300, valid auc : 0.68792, valid accuracy : 0.72964
Epoch 151/300, loss : 0.49090, auc : 0.75201, accuracy : 0.76268
Epoch 151/300, valid auc : 0.68741, valid accuracy : 0.72919
Epoch 152/300, loss : 0.49062, auc : 0.75237, accuracy : 0.76304
Epoch 152/300, valid auc : 0.68704, valid accuracy : 0.72961
Epoch 153/300, loss : 0.49050, auc : 0.75258, accuracy : 0.76286
Epoch 153/300, valid auc : 0.68993, valid accuracy : 0.73118
Epoch 154/300, loss : 0.49137, auc : 0.75136, accuracy : 0.76238
Epoch 154/300, valid auc : 0.68783, valid accuracy : 0.72948
Epoch 155/300, loss : 0.48937, auc : 0.75386, accuracy : 0.76340
Epoch 155/300, valid auc : 0.68512, valid accuracy : 0.72920
Epoch 156/300, loss : 0.48871, auc : 0.75466, accuracy : 0.76399
Epoch 156/300, valid auc : 0.68413, valid accuracy : 0.72840
Epoch 157/300, loss : 0.48829, auc : 0.75512, accuracy : 0.76431
Epoch 157/300, valid auc : 0.68356, valid accuracy : 0.72806
Epoch 158/300, loss : 0.48871, auc : 0.75468, accuracy : 0.76395
Epoch 158/300, valid auc : 0.68342, valid accuracy : 0.72802
Epoch 159/300, loss : 0.48769, auc : 0.75598, accuracy : 0.76421
Epoch 159/300, valid auc : 0.68317, valid accuracy : 0.72828
Epoch 160/300, loss : 0.48890, auc : 0.75453, accuracy : 0.76358
Epoch 160/300, valid auc : 0.68236, valid accuracy : 0.72740
Epoch 161/300, loss : 0.48722, auc : 0.75654, accuracy : 0.76467
Epoch 161/300, valid auc : 0.68222, valid accuracy : 0.72781
Epoch 162/300, loss : 0.48648, auc : 0.75737, accuracy : 0.76515
Epoch 162/300, valid auc : 0.68126, valid accuracy : 0.72742
Epoch 163/300, loss : 0.48577, auc : 0.75823, accuracy : 0.76553
Epoch 163/300, valid auc : 0.68180, valid accuracy : 0.72746
Epoch 164/300, loss : 0.48556, auc : 0.75858, accuracy : 0.76536
Epoch 164/300, valid auc : 0.67998, valid accuracy : 0.72664
Epoch 165/300, loss : 0.48516, auc : 0.75900, accuracy : 0.76606
Epoch 165/300, valid auc : 0.67828, valid accuracy : 0.72589
Epoch 166/300, loss : 0.48538, auc : 0.75884, accuracy : 0.76542
Epoch 166/300, valid auc : 0.67905, valid accuracy : 0.72604
Epoch 167/300, loss : 0.48448, auc : 0.75985, accuracy : 0.76595
Epoch 167/300, valid auc : 0.67973, valid accuracy : 0.72685
Epoch 168/300, loss : 0.48428, auc : 0.76009, accuracy : 0.76620
Epoch 168/300, valid auc : 0.67859, valid accuracy : 0.72683
Epoch 169/300, loss : 0.48366, auc : 0.76082, accuracy : 0.76657
Epoch 169/300, valid auc : 0.67712, valid accuracy : 0.72516
Epoch 170/300, loss : 0.48295, auc : 0.76161, accuracy : 0.76698
Epoch 170/300, valid auc : 0.67601, valid accuracy : 0.72466
Epoch 171/300, loss : 0.48587, auc : 0.75828, accuracy : 0.76492
Epoch 171/300, valid auc : 0.67814, valid accuracy : 0.72503
Epoch 172/300, loss : 0.48211, auc : 0.76282, accuracy : 0.76703
Epoch 172/300, valid auc : 0.67604, valid accuracy : 0.72471
Epoch 173/300, loss : 0.48645, auc : 0.75747, accuracy : 0.76507
Epoch 173/300, valid auc : 0.68080, valid accuracy : 0.72624
Epoch 174/300, loss : 0.48298, auc : 0.76163, accuracy : 0.76668
Epoch 174/300, valid auc : 0.67722, valid accuracy : 0.72591
Epoch 175/300, loss : 0.48341, auc : 0.76120, accuracy : 0.76653
Epoch 175/300, valid auc : 0.68519, valid accuracy : 0.72958
Epoch 176/300, loss : 0.48384, auc : 0.76068, accuracy : 0.76630
Epoch 176/300, valid auc : 0.67760, valid accuracy : 0.72583
Epoch 177/300, loss : 0.48062, auc : 0.76449, accuracy : 0.76795
Epoch 177/300, valid auc : 0.67494, valid accuracy : 0.72463
Epoch 178/300, loss : 0.48031, auc : 0.76483, accuracy : 0.76815
Epoch 178/300, valid auc : 0.67489, valid accuracy : 0.72369
Epoch 179/300, loss : 0.48058, auc : 0.76451, accuracy : 0.76805
Epoch 179/300, valid auc : 0.67706, valid accuracy : 0.72626
Epoch 180/300, loss : 0.47995, auc : 0.76521, accuracy : 0.76841
Epoch 180/300, valid auc : 0.67363, valid accuracy : 0.72339
Epoch 181/300, loss : 0.47841, auc : 0.76702, accuracy : 0.76944
Epoch 181/300, valid auc : 0.67130, valid accuracy : 0.72233
Epoch 182/300, loss : 0.47821, auc : 0.76720, accuracy : 0.76965
Epoch 182/300, valid auc : 0.67135, valid accuracy : 0.72261
Epoch 183/300, loss : 0.47731, auc : 0.76838, accuracy : 0.76986
Epoch 183/300, valid auc : 0.67055, valid accuracy : 0.72190
Epoch 184/300, loss : 0.47696, auc : 0.76873, accuracy : 0.77027
Epoch 184/300, valid auc : 0.67019, valid accuracy : 0.72191
Epoch 185/300, loss : 0.47727, auc : 0.76839, accuracy : 0.76991
Epoch 185/300, valid auc : 0.67105, valid accuracy : 0.72268
Epoch 186/300, loss : 0.47841, auc : 0.76699, accuracy : 0.76911
Epoch 186/300, valid auc : 0.67023, valid accuracy : 0.72183
Epoch 187/300, loss : 0.47890, auc : 0.76659, accuracy : 0.76894
Epoch 187/300, valid auc : 0.66980, valid accuracy : 0.72125
Epoch 188/300, loss : 0.47550, auc : 0.77046, accuracy : 0.77080
Epoch 188/300, valid auc : 0.66796, valid accuracy : 0.72040
Epoch 189/300, loss : 0.47607, auc : 0.76990, accuracy : 0.77073
Epoch 189/300, valid auc : 0.67227, valid accuracy : 0.72181
Epoch 190/300, loss : 0.47450, auc : 0.77162, accuracy : 0.77161
Epoch 190/300, valid auc : 0.66703, valid accuracy : 0.71999
Epoch 191/300, loss : 0.47352, auc : 0.77266, accuracy : 0.77203
Epoch 191/300, valid auc : 0.66751, valid accuracy : 0.71989
Epoch 192/300, loss : 0.47316, auc : 0.77314, accuracy : 0.77247
Epoch 192/300, valid auc : 0.66538, valid accuracy : 0.71906
Epoch 193/300, loss : 0.47296, auc : 0.77325, accuracy : 0.77224
Epoch 193/300, valid auc : 0.66688, valid accuracy : 0.71884
Epoch 194/300, loss : 0.47329, auc : 0.77282, accuracy : 0.77216
Epoch 194/300, valid auc : 0.66578, valid accuracy : 0.71895
Epoch 195/300, loss : 0.47179, auc : 0.77456, accuracy : 0.77308
Epoch 195/300, valid auc : 0.66438, valid accuracy : 0.71799
Epoch 196/300, loss : 0.47100, auc : 0.77539, accuracy : 0.77353
Epoch 196/300, valid auc : 0.66359, valid accuracy : 0.71739
Epoch 197/300, loss : 0.47071, auc : 0.77584, accuracy : 0.77370
Epoch 197/300, valid auc : 0.66407, valid accuracy : 0.71712
Epoch 198/300, loss : 0.47208, auc : 0.77445, accuracy : 0.77266
Epoch 198/300, valid auc : 0.66901, valid accuracy : 0.71940
Epoch 199/300, loss : 0.47143, auc : 0.77503, accuracy : 0.77327
Epoch 199/300, valid auc : 0.66480, valid accuracy : 0.71838
Epoch 200/300, loss : 0.47838, auc : 0.76730, accuracy : 0.76895
Epoch 200/300, valid auc : 0.67000, valid accuracy : 0.72135
Epoch 201/300, loss : 0.47175, auc : 0.77488, accuracy : 0.77278
Epoch 201/300, valid auc : 0.66434, valid accuracy : 0.71813
Epoch 202/300, loss : 0.47280, auc : 0.77396, accuracy : 0.77263
Epoch 202/300, valid auc : 0.67751, valid accuracy : 0.72417
Epoch 203/300, loss : 0.47422, auc : 0.77196, accuracy : 0.77141
Epoch 203/300, valid auc : 0.66632, valid accuracy : 0.71775
Epoch 204/300, loss : 0.48346, auc : 0.76155, accuracy : 0.76758
Epoch 204/300, valid auc : 0.68974, valid accuracy : 0.73090
Epoch 205/300, loss : 0.49549, auc : 0.74608, accuracy : 0.75985
Epoch 205/300, valid auc : 0.68718, valid accuracy : 0.72932
Epoch 206/300, loss : 0.48561, auc : 0.75852, accuracy : 0.76526
Epoch 206/300, valid auc : 0.68069, valid accuracy : 0.72634
Epoch 207/300, loss : 0.47924, auc : 0.76618, accuracy : 0.76926
Epoch 207/300, valid auc : 0.67435, valid accuracy : 0.72321
Epoch 208/300, loss : 0.48079, auc : 0.76432, accuracy : 0.76849
Epoch 208/300, valid auc : 0.67479, valid accuracy : 0.72339
Epoch 209/300, loss : 0.47355, auc : 0.77245, accuracy : 0.77222
Epoch 209/300, valid auc : 0.66813, valid accuracy : 0.71983
Epoch 210/300, loss : 0.47040, auc : 0.77597, accuracy : 0.77409
Epoch 210/300, valid auc : 0.66476, valid accuracy : 0.71783
Epoch 211/300, loss : 0.46827, auc : 0.77838, accuracy : 0.77520
Epoch 211/300, valid auc : 0.66224, valid accuracy : 0.71607
Epoch 212/300, loss : 0.46818, auc : 0.77847, accuracy : 0.77544
Epoch 212/300, valid auc : 0.66296, valid accuracy : 0.71695
Epoch 213/300, loss : 0.46684, auc : 0.77996, accuracy : 0.77587
Epoch 213/300, valid auc : 0.66001, valid accuracy : 0.71406
Epoch 214/300, loss : 0.46624, auc : 0.78068, accuracy : 0.77616
Epoch 214/300, valid auc : 0.65870, valid accuracy : 0.71456
Epoch 215/300, loss : 0.46505, auc : 0.78198, accuracy : 0.77673
Epoch 215/300, valid auc : 0.65877, valid accuracy : 0.71391
Epoch 216/300, loss : 0.46408, auc : 0.78298, accuracy : 0.77751
Epoch 216/300, valid auc : 0.65760, valid accuracy : 0.71352
Epoch 217/300, loss : 0.46356, auc : 0.78348, accuracy : 0.77746
Epoch 217/300, valid auc : 0.65707, valid accuracy : 0.71350
Epoch 218/300, loss : 0.46468, auc : 0.78223, accuracy : 0.77721
Epoch 218/300, valid auc : 0.65649, valid accuracy : 0.71367
Epoch 219/300, loss : 0.46300, auc : 0.78416, accuracy : 0.77793
Epoch 219/300, valid auc : 0.65659, valid accuracy : 0.71326
Epoch 220/300, loss : 0.46258, auc : 0.78454, accuracy : 0.77816
Epoch 220/300, valid auc : 0.65577, valid accuracy : 0.71252
Epoch 221/300, loss : 0.46144, auc : 0.78578, accuracy : 0.77880
Epoch 221/300, valid auc : 0.65442, valid accuracy : 0.71234
Epoch 222/300, loss : 0.46179, auc : 0.78545, accuracy : 0.77852
Epoch 222/300, valid auc : 0.65514, valid accuracy : 0.71303
Epoch 223/300, loss : 0.46086, auc : 0.78638, accuracy : 0.77916
Epoch 223/300, valid auc : 0.65617, valid accuracy : 0.71249
Epoch 224/300, loss : 0.46087, auc : 0.78644, accuracy : 0.77912
Epoch 224/300, valid auc : 0.65403, valid accuracy : 0.71152
Epoch 225/300, loss : 0.46417, auc : 0.78334, accuracy : 0.77756
Epoch 225/300, valid auc : 0.65472, valid accuracy : 0.71205
Epoch 226/300, loss : 0.46227, auc : 0.78534, accuracy : 0.77882
Epoch 226/300, valid auc : 0.65625, valid accuracy : 0.71337
Epoch 227/300, loss : 0.45929, auc : 0.78821, accuracy : 0.78014
Epoch 227/300, valid auc : 0.65328, valid accuracy : 0.71161
Epoch 228/300, loss : 0.45811, auc : 0.78941, accuracy : 0.78089
Epoch 228/300, valid auc : 0.65151, valid accuracy : 0.71019
Epoch 229/300, loss : 0.45801, auc : 0.78937, accuracy : 0.78079
Epoch 229/300, valid auc : 0.65216, valid accuracy : 0.71043
Epoch 230/300, loss : 0.45917, auc : 0.78831, accuracy : 0.78037
Epoch 230/300, valid auc : 0.65414, valid accuracy : 0.71183
Epoch 231/300, loss : 0.45860, auc : 0.78884, accuracy : 0.78027
Epoch 231/300, valid auc : 0.65283, valid accuracy : 0.71003
Epoch 232/300, loss : 0.45648, auc : 0.79103, accuracy : 0.78173
Epoch 232/300, valid auc : 0.65013, valid accuracy : 0.70923
Epoch 233/300, loss : 0.45559, auc : 0.79201, accuracy : 0.78208
Epoch 233/300, valid auc : 0.65069, valid accuracy : 0.70947
Epoch 234/300, loss : 0.45501, auc : 0.79256, accuracy : 0.78273
Epoch 234/300, valid auc : 0.64814, valid accuracy : 0.70760
Epoch 235/300, loss : 0.45484, auc : 0.79270, accuracy : 0.78232
Epoch 235/300, valid auc : 0.64956, valid accuracy : 0.70910
Epoch 236/300, loss : 0.45413, auc : 0.79344, accuracy : 0.78296
Epoch 236/300, valid auc : 0.64918, valid accuracy : 0.70896
Epoch 237/300, loss : 0.45411, auc : 0.79347, accuracy : 0.78316
Epoch 237/300, valid auc : 0.64776, valid accuracy : 0.70753
Epoch 238/300, loss : 0.45374, auc : 0.79395, accuracy : 0.78315
Epoch 238/300, valid auc : 0.64829, valid accuracy : 0.70846
Epoch 239/300, loss : 0.45329, auc : 0.79435, accuracy : 0.78355
Epoch 239/300, valid auc : 0.64691, valid accuracy : 0.70751
Epoch 240/300, loss : 0.45230, auc : 0.79533, accuracy : 0.78389
Epoch 240/300, valid auc : 0.64655, valid accuracy : 0.70700
Epoch 241/300, loss : 0.45208, auc : 0.79558, accuracy : 0.78426
Epoch 241/300, valid auc : 0.64559, valid accuracy : 0.70714
Epoch 242/300, loss : 0.45331, auc : 0.79424, accuracy : 0.78345
Epoch 242/300, valid auc : 0.64767, valid accuracy : 0.70791
Epoch 243/300, loss : 0.45681, auc : 0.79087, accuracy : 0.78177
Epoch 243/300, valid auc : 0.65236, valid accuracy : 0.70979
Epoch 244/300, loss : 0.45256, auc : 0.79517, accuracy : 0.78396
Epoch 244/300, valid auc : 0.64585, valid accuracy : 0.70689
Epoch 245/300, loss : 0.45136, auc : 0.79632, accuracy : 0.78469
Epoch 245/300, valid auc : 0.64715, valid accuracy : 0.70794
Epoch 246/300, loss : 0.45099, auc : 0.79676, accuracy : 0.78493
Epoch 246/300, valid auc : 0.64513, valid accuracy : 0.70637
Epoch 247/300, loss : 0.44964, auc : 0.79804, accuracy : 0.78539
Epoch 247/300, valid auc : 0.64520, valid accuracy : 0.70665
Epoch 248/300, loss : 0.44894, auc : 0.79864, accuracy : 0.78580
Epoch 248/300, valid auc : 0.64340, valid accuracy : 0.70570
Epoch 249/300, loss : 0.44858, auc : 0.79905, accuracy : 0.78610
Epoch 249/300, valid auc : 0.64373, valid accuracy : 0.70455
Epoch 250/300, loss : 0.44809, auc : 0.79960, accuracy : 0.78637
Epoch 250/300, valid auc : 0.64338, valid accuracy : 0.70578
Epoch 251/300, loss : 0.44997, auc : 0.79778, accuracy : 0.78534
Epoch 251/300, valid auc : 0.64603, valid accuracy : 0.70638
Epoch 252/300, loss : 0.44799, auc : 0.79971, accuracy : 0.78631
Epoch 252/300, valid auc : 0.64227, valid accuracy : 0.70554
Epoch 253/300, loss : 0.44654, auc : 0.80101, accuracy : 0.78712
Epoch 253/300, valid auc : 0.64258, valid accuracy : 0.70504
Epoch 254/300, loss : 0.44640, auc : 0.80131, accuracy : 0.78704
Epoch 254/300, valid auc : 0.64094, valid accuracy : 0.70447
Epoch 255/300, loss : 0.44544, auc : 0.80219, accuracy : 0.78754
Epoch 255/300, valid auc : 0.64087, valid accuracy : 0.70386
Epoch 256/300, loss : 0.44574, auc : 0.80178, accuracy : 0.78752
Epoch 256/300, valid auc : 0.64105, valid accuracy : 0.70408
Epoch 257/300, loss : 0.44583, auc : 0.80184, accuracy : 0.78747
Epoch 257/300, valid auc : 0.63965, valid accuracy : 0.70416
Epoch 258/300, loss : 0.44414, auc : 0.80337, accuracy : 0.78839
Epoch 258/300, valid auc : 0.64005, valid accuracy : 0.70362
Epoch 259/300, loss : 0.44356, auc : 0.80393, accuracy : 0.78881
Epoch 259/300, valid auc : 0.63789, valid accuracy : 0.70181
Epoch 260/300, loss : 0.45131, auc : 0.79657, accuracy : 0.78439
Epoch 260/300, valid auc : 0.64556, valid accuracy : 0.70790
Epoch 261/300, loss : 0.44721, auc : 0.80047, accuracy : 0.78665
Epoch 261/300, valid auc : 0.64325, valid accuracy : 0.70553
Epoch 262/300, loss : 0.44474, auc : 0.80288, accuracy : 0.78802
Epoch 262/300, valid auc : 0.63956, valid accuracy : 0.70304
Epoch 263/300, loss : 0.44194, auc : 0.80552, accuracy : 0.78963
Epoch 263/300, valid auc : 0.63916, valid accuracy : 0.70346
Epoch 264/300, loss : 0.44095, auc : 0.80648, accuracy : 0.79009
Epoch 264/300, valid auc : 0.63839, valid accuracy : 0.70234
Epoch 265/300, loss : 0.44045, auc : 0.80693, accuracy : 0.79052
Epoch 265/300, valid auc : 0.63830, valid accuracy : 0.70232
Epoch 266/300, loss : 0.44122, auc : 0.80636, accuracy : 0.79003
Epoch 266/300, valid auc : 0.63728, valid accuracy : 0.70156
Epoch 267/300, loss : 0.44076, auc : 0.80663, accuracy : 0.79039
Epoch 267/300, valid auc : 0.63757, valid accuracy : 0.70256
Epoch 268/300, loss : 0.43941, auc : 0.80796, accuracy : 0.79099
Epoch 268/300, valid auc : 0.63682, valid accuracy : 0.70203
Epoch 269/300, loss : 0.43959, auc : 0.80779, accuracy : 0.79077
Epoch 269/300, valid auc : 0.63672, valid accuracy : 0.70151
Epoch 270/300, loss : 0.43880, auc : 0.80856, accuracy : 0.79111
Epoch 270/300, valid auc : 0.63676, valid accuracy : 0.70253
Epoch 271/300, loss : 0.43800, auc : 0.80921, accuracy : 0.79155
Epoch 271/300, valid auc : 0.63550, valid accuracy : 0.70162
Epoch 272/300, loss : 0.43715, auc : 0.81005, accuracy : 0.79198
Epoch 272/300, valid auc : 0.63488, valid accuracy : 0.70060
Epoch 273/300, loss : 0.43776, auc : 0.80963, accuracy : 0.79168
Epoch 273/300, valid auc : 0.63549, valid accuracy : 0.70161
Epoch 274/300, loss : 0.44258, auc : 0.80538, accuracy : 0.78913
Epoch 274/300, valid auc : 0.63665, valid accuracy : 0.70157
Epoch 275/300, loss : 0.43830, auc : 0.80910, accuracy : 0.79118
Epoch 275/300, valid auc : 0.63575, valid accuracy : 0.70124
Epoch 276/300, loss : 0.44009, auc : 0.80766, accuracy : 0.79069
Epoch 276/300, valid auc : 0.63606, valid accuracy : 0.70222
Epoch 277/300, loss : 0.43665, auc : 0.81073, accuracy : 0.79236
Epoch 277/300, valid auc : 0.63506, valid accuracy : 0.70121
Epoch 278/300, loss : 0.43613, auc : 0.81121, accuracy : 0.79270
Epoch 278/300, valid auc : 0.63423, valid accuracy : 0.70044
Epoch 279/300, loss : 0.43602, auc : 0.81128, accuracy : 0.79235
Epoch 279/300, valid auc : 0.63592, valid accuracy : 0.70114
Epoch 280/300, loss : 0.44198, auc : 0.80567, accuracy : 0.78954
Epoch 280/300, valid auc : 0.63560, valid accuracy : 0.69982
Epoch 281/300, loss : 0.43840, auc : 0.80904, accuracy : 0.79171
Epoch 281/300, valid auc : 0.63659, valid accuracy : 0.70125
Epoch 282/300, loss : 0.43493, auc : 0.81217, accuracy : 0.79352
Epoch 282/300, valid auc : 0.63408, valid accuracy : 0.70028
Epoch 283/300, loss : 0.43288, auc : 0.81409, accuracy : 0.79452
Epoch 283/300, valid auc : 0.63270, valid accuracy : 0.69921
Epoch 284/300, loss : 0.43208, auc : 0.81484, accuracy : 0.79477
Epoch 284/300, valid auc : 0.63130, valid accuracy : 0.69775
Epoch 285/300, loss : 0.43311, auc : 0.81384, accuracy : 0.79444
Epoch 285/300, valid auc : 0.63301, valid accuracy : 0.70021
Epoch 286/300, loss : 0.43455, auc : 0.81282, accuracy : 0.79359
Epoch 286/300, valid auc : 0.64103, valid accuracy : 0.70306
Epoch 287/300, loss : 0.43495, auc : 0.81241, accuracy : 0.79308
Epoch 287/300, valid auc : 0.63480, valid accuracy : 0.70142
Epoch 288/300, loss : 0.43323, auc : 0.81396, accuracy : 0.79384
Epoch 288/300, valid auc : 0.63428, valid accuracy : 0.69996
Epoch 289/300, loss : 0.43158, auc : 0.81528, accuracy : 0.79467
Epoch 289/300, valid auc : 0.63202, valid accuracy : 0.69850
Epoch 290/300, loss : 0.42982, auc : 0.81685, accuracy : 0.79604
Epoch 290/300, valid auc : 0.63018, valid accuracy : 0.69780
Epoch 291/300, loss : 0.42970, auc : 0.81705, accuracy : 0.79581
Epoch 291/300, valid auc : 0.63147, valid accuracy : 0.69867
Epoch 292/300, loss : 0.43486, auc : 0.81256, accuracy : 0.79314
Epoch 292/300, valid auc : 0.63396, valid accuracy : 0.69921
Epoch 293/300, loss : 0.43092, auc : 0.81596, accuracy : 0.79528
Epoch 293/300, valid auc : 0.63134, valid accuracy : 0.69746
Epoch 294/300, loss : 0.42932, auc : 0.81740, accuracy : 0.79626
Epoch 294/300, valid auc : 0.63040, valid accuracy : 0.69909
Epoch 295/300, loss : 0.42818, auc : 0.81855, accuracy : 0.79705
Epoch 295/300, valid auc : 0.62973, valid accuracy : 0.69613
Epoch 296/300, loss : 0.42722, auc : 0.81915, accuracy : 0.79716
Epoch 296/300, valid auc : 0.62856, valid accuracy : 0.69697
Epoch 297/300, loss : 0.42640, auc : 0.81994, accuracy : 0.79788
Epoch 297/300, valid auc : 0.62928, valid accuracy : 0.69723
Epoch 298/300, loss : 0.42619, auc : 0.82016, accuracy : 0.79791
Epoch 298/300, valid auc : 0.62862, valid accuracy : 0.69562
Epoch 299/300, loss : 0.42628, auc : 0.82010, accuracy : 0.79788
Epoch 299/300, valid auc : 0.62899, valid accuracy : 0.69649
Epoch 300/300, loss : 0.42667, auc : 0.81978, accuracy : 0.79758
Epoch 300/300, valid auc : 0.62800, valid accuracy : 0.69621
best outcome: best epoch: 62.0000
valid_auc: 0.7132	valid_accuracy: 0.7385	valid_loss: 0.5282	
test_auc: 0.7141	test_accuracy: 0.7466	test_loss: 0.5165	
