nohup: ignoring input
Namespace(batch_size=32, data_dir='./data/assist2015', data_name='assist2015', dataset_type='assist2015', decay_epoch=20, final_fc_dim=100, final_lr=1e-05, future_sequence_len=2, generate_files=0, gpu=0, init_lr=0.01, init_std=0.1, learning_trend_embed_dim=200, load='assist2015', lr=0.01, lr_decay=0, max_iter=300, maxgradnorm=50.0, memory_key_state_dim=50, memory_size=20, memory_value_state_dim=200, model_type='LSTMA', momentum=0.9, n_question=110, num_attention_heads=4, q_embed_dim=50, qa_embed_dim=200, read_dim=100, save='assist2015', seed=5, seqlen=200, show=True, similar_user_num=2, test=False, train_test=0, wd=1e-05)
./data/assist2015/assist2015_train5.csv
train_qa_data_shape:  (11291, 200)
valid_qa_data_shape:  (2797, 200)
test_qa_data_shape:  (5956, 200)
device: 0
Epoch 1/300, loss : 0.55135, auc : 0.65771, accuracy : 0.73336
Epoch 1/300, valid auc : 0.67853, valid accuracy : 0.74286
0.0000 to 0.6785
test_auc: 0.6860	test_accuracy: 0.7400	test_loss: 0.5314	
Epoch 2/300, loss : 0.53580, auc : 0.68598, accuracy : 0.74020
Epoch 2/300, valid auc : 0.68208, valid accuracy : 0.74350
0.6785 to 0.6821
test_auc: 0.6896	test_accuracy: 0.7414	test_loss: 0.5291	
Epoch 3/300, loss : 0.53398, auc : 0.68961, accuracy : 0.74105
Epoch 3/300, valid auc : 0.68380, valid accuracy : 0.74344
0.6821 to 0.6838
test_auc: 0.6917	test_accuracy: 0.7418	test_loss: 0.5279	
Epoch 4/300, loss : 0.53285, auc : 0.69188, accuracy : 0.74128
Epoch 4/300, valid auc : 0.68491, valid accuracy : 0.74329
0.6838 to 0.6849
test_auc: 0.6929	test_accuracy: 0.7422	test_loss: 0.5272	
Epoch 5/300, loss : 0.53208, auc : 0.69340, accuracy : 0.74157
Epoch 5/300, valid auc : 0.68553, valid accuracy : 0.74336
0.6849 to 0.6855
test_auc: 0.6936	test_accuracy: 0.7423	test_loss: 0.5268	
Epoch 6/300, loss : 0.53153, auc : 0.69444, accuracy : 0.74200
Epoch 6/300, valid auc : 0.68599, valid accuracy : 0.74355
0.6855 to 0.6860
test_auc: 0.6941	test_accuracy: 0.7424	test_loss: 0.5266	
Epoch 7/300, loss : 0.53109, auc : 0.69527, accuracy : 0.74222
Epoch 7/300, valid auc : 0.68637, valid accuracy : 0.74354
0.6860 to 0.6864
test_auc: 0.6944	test_accuracy: 0.7424	test_loss: 0.5264	
Epoch 8/300, loss : 0.53071, auc : 0.69597, accuracy : 0.74238
Epoch 8/300, valid auc : 0.68670, valid accuracy : 0.74358
0.6864 to 0.6867
test_auc: 0.6947	test_accuracy: 0.7424	test_loss: 0.5262	
Epoch 9/300, loss : 0.53035, auc : 0.69663, accuracy : 0.74256
Epoch 9/300, valid auc : 0.68705, valid accuracy : 0.74353
0.6867 to 0.6870
test_auc: 0.6951	test_accuracy: 0.7422	test_loss: 0.5260	
Epoch 10/300, loss : 0.52999, auc : 0.69730, accuracy : 0.74261
Epoch 10/300, valid auc : 0.68748, valid accuracy : 0.74349
0.6870 to 0.6875
test_auc: 0.6955	test_accuracy: 0.7423	test_loss: 0.5258	
Epoch 11/300, loss : 0.52957, auc : 0.69812, accuracy : 0.74279
Epoch 11/300, valid auc : 0.68824, valid accuracy : 0.74390
0.6875 to 0.6882
test_auc: 0.6962	test_accuracy: 0.7424	test_loss: 0.5255	
Epoch 12/300, loss : 0.52897, auc : 0.69937, accuracy : 0.74299
Epoch 12/300, valid auc : 0.68954, valid accuracy : 0.74391
0.6882 to 0.6895
test_auc: 0.6974	test_accuracy: 0.7424	test_loss: 0.5250	
Epoch 13/300, loss : 0.52838, auc : 0.70051, accuracy : 0.74320
Epoch 13/300, valid auc : 0.69024, valid accuracy : 0.74404
0.6895 to 0.6902
test_auc: 0.6981	test_accuracy: 0.7425	test_loss: 0.5247	
Epoch 14/300, loss : 0.52792, auc : 0.70133, accuracy : 0.74339
Epoch 14/300, valid auc : 0.69077, valid accuracy : 0.74400
0.6902 to 0.6908
test_auc: 0.6986	test_accuracy: 0.7423	test_loss: 0.5244	
Epoch 15/300, loss : 0.52749, auc : 0.70208, accuracy : 0.74359
Epoch 15/300, valid auc : 0.69126, valid accuracy : 0.74405
0.6908 to 0.6913
test_auc: 0.6991	test_accuracy: 0.7424	test_loss: 0.5242	
Epoch 16/300, loss : 0.52708, auc : 0.70280, accuracy : 0.74387
Epoch 16/300, valid auc : 0.69174, valid accuracy : 0.74428
0.6913 to 0.6917
test_auc: 0.6996	test_accuracy: 0.7426	test_loss: 0.5239	
Epoch 17/300, loss : 0.52667, auc : 0.70353, accuracy : 0.74422
Epoch 17/300, valid auc : 0.69224, valid accuracy : 0.74423
0.6917 to 0.6922
test_auc: 0.7001	test_accuracy: 0.7427	test_loss: 0.5236	
Epoch 18/300, loss : 0.52624, auc : 0.70429, accuracy : 0.74440
Epoch 18/300, valid auc : 0.69279, valid accuracy : 0.74455
0.6922 to 0.6928
test_auc: 0.7007	test_accuracy: 0.7428	test_loss: 0.5233	
Epoch 19/300, loss : 0.52579, auc : 0.70510, accuracy : 0.74449
Epoch 19/300, valid auc : 0.69339, valid accuracy : 0.74471
0.6928 to 0.6934
test_auc: 0.7014	test_accuracy: 0.7430	test_loss: 0.5230	
Epoch 20/300, loss : 0.52532, auc : 0.70595, accuracy : 0.74457
Epoch 20/300, valid auc : 0.69401, valid accuracy : 0.74498
0.6934 to 0.6940
test_auc: 0.7021	test_accuracy: 0.7432	test_loss: 0.5227	
Epoch 21/300, loss : 0.52484, auc : 0.70681, accuracy : 0.74488
Epoch 21/300, valid auc : 0.69464, valid accuracy : 0.74485
0.6940 to 0.6946
test_auc: 0.7028	test_accuracy: 0.7433	test_loss: 0.5223	
Epoch 22/300, loss : 0.52436, auc : 0.70766, accuracy : 0.74506
Epoch 22/300, valid auc : 0.69525, valid accuracy : 0.74516
0.6946 to 0.6953
test_auc: 0.7035	test_accuracy: 0.7434	test_loss: 0.5220	
Epoch 23/300, loss : 0.52391, auc : 0.70847, accuracy : 0.74522
Epoch 23/300, valid auc : 0.69583, valid accuracy : 0.74529
0.6953 to 0.6958
test_auc: 0.7041	test_accuracy: 0.7438	test_loss: 0.5217	
Epoch 24/300, loss : 0.52347, auc : 0.70923, accuracy : 0.74550
Epoch 24/300, valid auc : 0.69639, valid accuracy : 0.74548
0.6958 to 0.6964
test_auc: 0.7046	test_accuracy: 0.7440	test_loss: 0.5214	
Epoch 25/300, loss : 0.52306, auc : 0.70995, accuracy : 0.74561
Epoch 25/300, valid auc : 0.69693, valid accuracy : 0.74554
0.6964 to 0.6969
test_auc: 0.7051	test_accuracy: 0.7441	test_loss: 0.5211	
Epoch 26/300, loss : 0.52265, auc : 0.71066, accuracy : 0.74567
Epoch 26/300, valid auc : 0.69747, valid accuracy : 0.74574
0.6969 to 0.6975
test_auc: 0.7056	test_accuracy: 0.7442	test_loss: 0.5209	
Epoch 27/300, loss : 0.52225, auc : 0.71136, accuracy : 0.74588
Epoch 27/300, valid auc : 0.69801, valid accuracy : 0.74617
0.6975 to 0.6980
test_auc: 0.7060	test_accuracy: 0.7443	test_loss: 0.5207	
Epoch 28/300, loss : 0.52187, auc : 0.71202, accuracy : 0.74605
Epoch 28/300, valid auc : 0.69851, valid accuracy : 0.74622
0.6980 to 0.6985
test_auc: 0.7064	test_accuracy: 0.7444	test_loss: 0.5205	
Epoch 29/300, loss : 0.52151, auc : 0.71264, accuracy : 0.74639
Epoch 29/300, valid auc : 0.69898, valid accuracy : 0.74631
0.6985 to 0.6990
test_auc: 0.7068	test_accuracy: 0.7444	test_loss: 0.5203	
Epoch 30/300, loss : 0.52119, auc : 0.71320, accuracy : 0.74657
Epoch 30/300, valid auc : 0.69940, valid accuracy : 0.74630
0.6990 to 0.6994
test_auc: 0.7071	test_accuracy: 0.7443	test_loss: 0.5201	
Epoch 31/300, loss : 0.52088, auc : 0.71372, accuracy : 0.74671
Epoch 31/300, valid auc : 0.69977, valid accuracy : 0.74654
0.6994 to 0.6998
test_auc: 0.7074	test_accuracy: 0.7444	test_loss: 0.5200	
Epoch 32/300, loss : 0.52060, auc : 0.71421, accuracy : 0.74684
Epoch 32/300, valid auc : 0.70009, valid accuracy : 0.74653
0.6998 to 0.7001
test_auc: 0.7076	test_accuracy: 0.7444	test_loss: 0.5199	
Epoch 33/300, loss : 0.52033, auc : 0.71467, accuracy : 0.74703
Epoch 33/300, valid auc : 0.70037, valid accuracy : 0.74651
0.7001 to 0.7004
test_auc: 0.7079	test_accuracy: 0.7444	test_loss: 0.5198	
Epoch 34/300, loss : 0.52007, auc : 0.71511, accuracy : 0.74710
Epoch 34/300, valid auc : 0.70062, valid accuracy : 0.74653
0.7004 to 0.7006
test_auc: 0.7081	test_accuracy: 0.7443	test_loss: 0.5197	
Epoch 35/300, loss : 0.51983, auc : 0.71552, accuracy : 0.74720
Epoch 35/300, valid auc : 0.70083, valid accuracy : 0.74652
0.7006 to 0.7008
test_auc: 0.7083	test_accuracy: 0.7444	test_loss: 0.5196	
Epoch 36/300, loss : 0.51959, auc : 0.71591, accuracy : 0.74733
Epoch 36/300, valid auc : 0.70102, valid accuracy : 0.74665
0.7008 to 0.7010
test_auc: 0.7084	test_accuracy: 0.7443	test_loss: 0.5195	
Epoch 37/300, loss : 0.51936, auc : 0.71629, accuracy : 0.74746
Epoch 37/300, valid auc : 0.70119, valid accuracy : 0.74675
0.7010 to 0.7012
test_auc: 0.7086	test_accuracy: 0.7443	test_loss: 0.5194	
Epoch 38/300, loss : 0.51914, auc : 0.71666, accuracy : 0.74757
Epoch 38/300, valid auc : 0.70133, valid accuracy : 0.74657
0.7012 to 0.7013
test_auc: 0.7087	test_accuracy: 0.7443	test_loss: 0.5194	
Epoch 39/300, loss : 0.51892, auc : 0.71702, accuracy : 0.74767
Epoch 39/300, valid auc : 0.70146, valid accuracy : 0.74666
0.7013 to 0.7015
test_auc: 0.7088	test_accuracy: 0.7443	test_loss: 0.5193	
Epoch 40/300, loss : 0.51871, auc : 0.71737, accuracy : 0.74774
Epoch 40/300, valid auc : 0.70157, valid accuracy : 0.74668
0.7015 to 0.7016
test_auc: 0.7089	test_accuracy: 0.7443	test_loss: 0.5193	
Epoch 41/300, loss : 0.51850, auc : 0.71771, accuracy : 0.74780
Epoch 41/300, valid auc : 0.70166, valid accuracy : 0.74674
0.7016 to 0.7017
test_auc: 0.7090	test_accuracy: 0.7443	test_loss: 0.5192	
Epoch 42/300, loss : 0.51829, auc : 0.71804, accuracy : 0.74782
Epoch 42/300, valid auc : 0.70171, valid accuracy : 0.74658
0.7017 to 0.7017
test_auc: 0.7091	test_accuracy: 0.7443	test_loss: 0.5192	
Epoch 43/300, loss : 0.51813, auc : 0.71831, accuracy : 0.74786
Epoch 43/300, valid auc : 0.70184, valid accuracy : 0.74683
0.7017 to 0.7018
test_auc: 0.7093	test_accuracy: 0.7443	test_loss: 0.5191	
Epoch 44/300, loss : 0.51792, auc : 0.71863, accuracy : 0.74799
Epoch 44/300, valid auc : 0.70184, valid accuracy : 0.74658
0.7018 to 0.7018
test_auc: 0.7093	test_accuracy: 0.7442	test_loss: 0.5191	
Epoch 45/300, loss : 0.51773, auc : 0.71896, accuracy : 0.74809
Epoch 45/300, valid auc : 0.70194, valid accuracy : 0.74651
0.7018 to 0.7019
test_auc: 0.7095	test_accuracy: 0.7443	test_loss: 0.5190	
Epoch 46/300, loss : 0.51752, auc : 0.71927, accuracy : 0.74812
Epoch 46/300, valid auc : 0.70189, valid accuracy : 0.74629
Epoch 47/300, loss : 0.51735, auc : 0.71957, accuracy : 0.74815
Epoch 47/300, valid auc : 0.70196, valid accuracy : 0.74631
0.7019 to 0.7020
test_auc: 0.7096	test_accuracy: 0.7442	test_loss: 0.5190	
Epoch 48/300, loss : 0.51714, auc : 0.71987, accuracy : 0.74820
Epoch 48/300, valid auc : 0.70195, valid accuracy : 0.74607
Epoch 49/300, loss : 0.51695, auc : 0.72015, accuracy : 0.74825
Epoch 49/300, valid auc : 0.70194, valid accuracy : 0.74584
Epoch 50/300, loss : 0.51676, auc : 0.72043, accuracy : 0.74831
Epoch 50/300, valid auc : 0.70195, valid accuracy : 0.74566
Epoch 51/300, loss : 0.51658, auc : 0.72071, accuracy : 0.74840
Epoch 51/300, valid auc : 0.70195, valid accuracy : 0.74571
Epoch 52/300, loss : 0.51639, auc : 0.72100, accuracy : 0.74848
Epoch 52/300, valid auc : 0.70195, valid accuracy : 0.74580
Epoch 53/300, loss : 0.51620, auc : 0.72128, accuracy : 0.74856
Epoch 53/300, valid auc : 0.70195, valid accuracy : 0.74580
Epoch 54/300, loss : 0.51601, auc : 0.72157, accuracy : 0.74874
Epoch 54/300, valid auc : 0.70195, valid accuracy : 0.74575
Epoch 55/300, loss : 0.51582, auc : 0.72186, accuracy : 0.74888
Epoch 55/300, valid auc : 0.70195, valid accuracy : 0.74564
Epoch 56/300, loss : 0.51562, auc : 0.72215, accuracy : 0.74898
Epoch 56/300, valid auc : 0.70196, valid accuracy : 0.74573
0.7020 to 0.7020
test_auc: 0.7098	test_accuracy: 0.7436	test_loss: 0.5191	
Epoch 57/300, loss : 0.51545, auc : 0.72243, accuracy : 0.74897
Epoch 57/300, valid auc : 0.70194, valid accuracy : 0.74552
Epoch 58/300, loss : 0.51527, auc : 0.72271, accuracy : 0.74910
Epoch 58/300, valid auc : 0.70202, valid accuracy : 0.74577
0.7020 to 0.7020
test_auc: 0.7098	test_accuracy: 0.7436	test_loss: 0.5191	
Epoch 59/300, loss : 0.51503, auc : 0.72305, accuracy : 0.74913
Epoch 59/300, valid auc : 0.70203, valid accuracy : 0.74573
0.7020 to 0.7020
test_auc: 0.7098	test_accuracy: 0.7436	test_loss: 0.5191	
Epoch 60/300, loss : 0.51483, auc : 0.72335, accuracy : 0.74926
Epoch 60/300, valid auc : 0.70204, valid accuracy : 0.74558
0.7020 to 0.7020
test_auc: 0.7099	test_accuracy: 0.7436	test_loss: 0.5191	
Epoch 61/300, loss : 0.51462, auc : 0.72365, accuracy : 0.74941
Epoch 61/300, valid auc : 0.70206, valid accuracy : 0.74560
0.7020 to 0.7021
test_auc: 0.7099	test_accuracy: 0.7436	test_loss: 0.5191	
Epoch 62/300, loss : 0.51442, auc : 0.72396, accuracy : 0.74951
Epoch 62/300, valid auc : 0.70208, valid accuracy : 0.74558
0.7021 to 0.7021
test_auc: 0.7099	test_accuracy: 0.7435	test_loss: 0.5191	
Epoch 63/300, loss : 0.51422, auc : 0.72426, accuracy : 0.74963
Epoch 63/300, valid auc : 0.70211, valid accuracy : 0.74563
0.7021 to 0.7021
test_auc: 0.7099	test_accuracy: 0.7436	test_loss: 0.5191	
Epoch 64/300, loss : 0.51401, auc : 0.72456, accuracy : 0.74967
Epoch 64/300, valid auc : 0.70214, valid accuracy : 0.74563
0.7021 to 0.7021
test_auc: 0.7099	test_accuracy: 0.7436	test_loss: 0.5191	
Epoch 65/300, loss : 0.51380, auc : 0.72488, accuracy : 0.74975
Epoch 65/300, valid auc : 0.70215, valid accuracy : 0.74562
0.7021 to 0.7021
test_auc: 0.7099	test_accuracy: 0.7437	test_loss: 0.5191	
Epoch 66/300, loss : 0.51361, auc : 0.72517, accuracy : 0.74979
Epoch 66/300, valid auc : 0.70218, valid accuracy : 0.74564
0.7021 to 0.7022
test_auc: 0.7099	test_accuracy: 0.7437	test_loss: 0.5191	
Epoch 67/300, loss : 0.51339, auc : 0.72549, accuracy : 0.74978
Epoch 67/300, valid auc : 0.70216, valid accuracy : 0.74571
Epoch 68/300, loss : 0.51320, auc : 0.72578, accuracy : 0.74981
Epoch 68/300, valid auc : 0.70217, valid accuracy : 0.74575
Epoch 69/300, loss : 0.51299, auc : 0.72610, accuracy : 0.74979
Epoch 69/300, valid auc : 0.70214, valid accuracy : 0.74556
Epoch 70/300, loss : 0.51279, auc : 0.72639, accuracy : 0.74984
Epoch 70/300, valid auc : 0.70211, valid accuracy : 0.74542
Epoch 71/300, loss : 0.51259, auc : 0.72668, accuracy : 0.74998
Epoch 71/300, valid auc : 0.70209, valid accuracy : 0.74563
Epoch 72/300, loss : 0.51239, auc : 0.72698, accuracy : 0.75008
Epoch 72/300, valid auc : 0.70208, valid accuracy : 0.74550
Epoch 73/300, loss : 0.51220, auc : 0.72726, accuracy : 0.75025
Epoch 73/300, valid auc : 0.70207, valid accuracy : 0.74548
Epoch 74/300, loss : 0.51199, auc : 0.72755, accuracy : 0.75024
Epoch 74/300, valid auc : 0.70206, valid accuracy : 0.74539
Epoch 75/300, loss : 0.51182, auc : 0.72782, accuracy : 0.75036
Epoch 75/300, valid auc : 0.70206, valid accuracy : 0.74554
Epoch 76/300, loss : 0.51161, auc : 0.72810, accuracy : 0.75034
Epoch 76/300, valid auc : 0.70198, valid accuracy : 0.74550
Epoch 77/300, loss : 0.51140, auc : 0.72843, accuracy : 0.75049
Epoch 77/300, valid auc : 0.70199, valid accuracy : 0.74540
Epoch 78/300, loss : 0.51124, auc : 0.72864, accuracy : 0.75059
Epoch 78/300, valid auc : 0.70183, valid accuracy : 0.74547
Epoch 79/300, loss : 0.51103, auc : 0.72897, accuracy : 0.75066
Epoch 79/300, valid auc : 0.70182, valid accuracy : 0.74552
Epoch 80/300, loss : 0.51083, auc : 0.72925, accuracy : 0.75077
Epoch 80/300, valid auc : 0.70170, valid accuracy : 0.74542
Epoch 81/300, loss : 0.51063, auc : 0.72952, accuracy : 0.75085
Epoch 81/300, valid auc : 0.70159, valid accuracy : 0.74533
Epoch 82/300, loss : 0.51046, auc : 0.72979, accuracy : 0.75099
Epoch 82/300, valid auc : 0.70141, valid accuracy : 0.74529
Epoch 83/300, loss : 0.51025, auc : 0.73007, accuracy : 0.75083
Epoch 83/300, valid auc : 0.70126, valid accuracy : 0.74525
Epoch 84/300, loss : 0.51003, auc : 0.73039, accuracy : 0.75117
Epoch 84/300, valid auc : 0.70122, valid accuracy : 0.74517
Epoch 85/300, loss : 0.50985, auc : 0.73066, accuracy : 0.75130
Epoch 85/300, valid auc : 0.70120, valid accuracy : 0.74484
Epoch 86/300, loss : 0.50965, auc : 0.73091, accuracy : 0.75129
Epoch 86/300, valid auc : 0.70085, valid accuracy : 0.74515
Epoch 87/300, loss : 0.50941, auc : 0.73125, accuracy : 0.75138
Epoch 87/300, valid auc : 0.70065, valid accuracy : 0.74523
Epoch 88/300, loss : 0.50929, auc : 0.73142, accuracy : 0.75146
Epoch 88/300, valid auc : 0.70062, valid accuracy : 0.74488
Epoch 89/300, loss : 0.50901, auc : 0.73181, accuracy : 0.75175
Epoch 89/300, valid auc : 0.70022, valid accuracy : 0.74512
Epoch 90/300, loss : 0.50879, auc : 0.73210, accuracy : 0.75190
Epoch 90/300, valid auc : 0.70004, valid accuracy : 0.74512
Epoch 91/300, loss : 0.50858, auc : 0.73241, accuracy : 0.75182
Epoch 91/300, valid auc : 0.69980, valid accuracy : 0.74543
Epoch 92/300, loss : 0.50841, auc : 0.73266, accuracy : 0.75203
Epoch 92/300, valid auc : 0.69943, valid accuracy : 0.74551
Epoch 93/300, loss : 0.50818, auc : 0.73297, accuracy : 0.75215
Epoch 93/300, valid auc : 0.69947, valid accuracy : 0.74517
Epoch 94/300, loss : 0.50796, auc : 0.73326, accuracy : 0.75212
Epoch 94/300, valid auc : 0.69917, valid accuracy : 0.74547
Epoch 95/300, loss : 0.50776, auc : 0.73357, accuracy : 0.75229
Epoch 95/300, valid auc : 0.69917, valid accuracy : 0.74507
Epoch 96/300, loss : 0.50751, auc : 0.73393, accuracy : 0.75229
Epoch 96/300, valid auc : 0.69802, valid accuracy : 0.74533
Epoch 97/300, loss : 0.50744, auc : 0.73400, accuracy : 0.75251
Epoch 97/300, valid auc : 0.69871, valid accuracy : 0.74483
Epoch 98/300, loss : 0.50722, auc : 0.73428, accuracy : 0.75258
Epoch 98/300, valid auc : 0.69846, valid accuracy : 0.74462
Epoch 99/300, loss : 0.50686, auc : 0.73480, accuracy : 0.75256
Epoch 99/300, valid auc : 0.69830, valid accuracy : 0.74483
Epoch 100/300, loss : 0.50658, auc : 0.73519, accuracy : 0.75274
Epoch 100/300, valid auc : 0.69790, valid accuracy : 0.74450
Epoch 101/300, loss : 0.50637, auc : 0.73549, accuracy : 0.75290
Epoch 101/300, valid auc : 0.69735, valid accuracy : 0.74504
Epoch 102/300, loss : 0.50683, auc : 0.73484, accuracy : 0.75265
Epoch 102/300, valid auc : 0.69848, valid accuracy : 0.74431
Epoch 103/300, loss : 0.50601, auc : 0.73601, accuracy : 0.75308
Epoch 103/300, valid auc : 0.69751, valid accuracy : 0.74415
Epoch 104/300, loss : 0.50571, auc : 0.73640, accuracy : 0.75311
Epoch 104/300, valid auc : 0.69704, valid accuracy : 0.74475
Epoch 105/300, loss : 0.50556, auc : 0.73664, accuracy : 0.75318
Epoch 105/300, valid auc : 0.69725, valid accuracy : 0.74433
Epoch 106/300, loss : 0.50529, auc : 0.73695, accuracy : 0.75314
Epoch 106/300, valid auc : 0.69624, valid accuracy : 0.74450
Epoch 107/300, loss : 0.50499, auc : 0.73738, accuracy : 0.75332
Epoch 107/300, valid auc : 0.69651, valid accuracy : 0.74380
Epoch 108/300, loss : 0.50468, auc : 0.73777, accuracy : 0.75362
Epoch 108/300, valid auc : 0.69610, valid accuracy : 0.74379
Epoch 109/300, loss : 0.50452, auc : 0.73800, accuracy : 0.75356
Epoch 109/300, valid auc : 0.69594, valid accuracy : 0.74373
Epoch 110/300, loss : 0.50439, auc : 0.73815, accuracy : 0.75360
Epoch 110/300, valid auc : 0.69585, valid accuracy : 0.74345
Epoch 111/300, loss : 0.50403, auc : 0.73867, accuracy : 0.75388
Epoch 111/300, valid auc : 0.69550, valid accuracy : 0.74345
Epoch 112/300, loss : 0.50425, auc : 0.73830, accuracy : 0.75354
Epoch 112/300, valid auc : 0.69545, valid accuracy : 0.74335
Epoch 113/300, loss : 0.50404, auc : 0.73876, accuracy : 0.75363
Epoch 113/300, valid auc : 0.69532, valid accuracy : 0.74347
Epoch 114/300, loss : 0.50332, auc : 0.73965, accuracy : 0.75399
Epoch 114/300, valid auc : 0.69416, valid accuracy : 0.74309
Epoch 115/300, loss : 0.50326, auc : 0.73973, accuracy : 0.75429
Epoch 115/300, valid auc : 0.69497, valid accuracy : 0.74294
Epoch 116/300, loss : 0.50311, auc : 0.73991, accuracy : 0.75410
Epoch 116/300, valid auc : 0.69467, valid accuracy : 0.74259
Epoch 117/300, loss : 0.50267, auc : 0.74043, accuracy : 0.75436
Epoch 117/300, valid auc : 0.69432, valid accuracy : 0.74273
Epoch 118/300, loss : 0.50233, auc : 0.74096, accuracy : 0.75457
Epoch 118/300, valid auc : 0.69376, valid accuracy : 0.74193
Epoch 119/300, loss : 0.50271, auc : 0.74045, accuracy : 0.75433
Epoch 119/300, valid auc : 0.69553, valid accuracy : 0.74318
Epoch 120/300, loss : 0.50244, auc : 0.74075, accuracy : 0.75445
Epoch 120/300, valid auc : 0.69387, valid accuracy : 0.74257
Epoch 121/300, loss : 0.50168, auc : 0.74176, accuracy : 0.75489
Epoch 121/300, valid auc : 0.69345, valid accuracy : 0.74198
Epoch 122/300, loss : 0.50136, auc : 0.74221, accuracy : 0.75494
Epoch 122/300, valid auc : 0.69316, valid accuracy : 0.74192
Epoch 123/300, loss : 0.50119, auc : 0.74244, accuracy : 0.75500
Epoch 123/300, valid auc : 0.69323, valid accuracy : 0.74203
Epoch 124/300, loss : 0.50069, auc : 0.74308, accuracy : 0.75520
Epoch 124/300, valid auc : 0.69229, valid accuracy : 0.74171
Epoch 125/300, loss : 0.50084, auc : 0.74294, accuracy : 0.75533
Epoch 125/300, valid auc : 0.69275, valid accuracy : 0.74109
Epoch 126/300, loss : 0.50024, auc : 0.74372, accuracy : 0.75528
Epoch 126/300, valid auc : 0.69186, valid accuracy : 0.74097
Epoch 127/300, loss : 0.49995, auc : 0.74408, accuracy : 0.75559
Epoch 127/300, valid auc : 0.69267, valid accuracy : 0.74055
Epoch 128/300, loss : 0.49962, auc : 0.74452, accuracy : 0.75552
Epoch 128/300, valid auc : 0.69126, valid accuracy : 0.74085
Epoch 129/300, loss : 0.50004, auc : 0.74388, accuracy : 0.75535
Epoch 129/300, valid auc : 0.69126, valid accuracy : 0.74080
Epoch 130/300, loss : 0.49915, auc : 0.74514, accuracy : 0.75592
Epoch 130/300, valid auc : 0.69124, valid accuracy : 0.73958
Epoch 131/300, loss : 0.49878, auc : 0.74558, accuracy : 0.75603
Epoch 131/300, valid auc : 0.68994, valid accuracy : 0.74125
Epoch 132/300, loss : 0.49845, auc : 0.74599, accuracy : 0.75632
Epoch 132/300, valid auc : 0.69007, valid accuracy : 0.73950
Epoch 133/300, loss : 0.49824, auc : 0.74626, accuracy : 0.75648
Epoch 133/300, valid auc : 0.68980, valid accuracy : 0.73984
Epoch 134/300, loss : 0.49779, auc : 0.74684, accuracy : 0.75666
Epoch 134/300, valid auc : 0.68917, valid accuracy : 0.73980
Epoch 135/300, loss : 0.49743, auc : 0.74725, accuracy : 0.75689
Epoch 135/300, valid auc : 0.68865, valid accuracy : 0.73975
Epoch 136/300, loss : 0.49714, auc : 0.74764, accuracy : 0.75715
Epoch 136/300, valid auc : 0.68860, valid accuracy : 0.73937
Epoch 137/300, loss : 0.49758, auc : 0.74716, accuracy : 0.75665
Epoch 137/300, valid auc : 0.68915, valid accuracy : 0.73917
Epoch 138/300, loss : 0.49680, auc : 0.74815, accuracy : 0.75708
Epoch 138/300, valid auc : 0.68793, valid accuracy : 0.73863
Epoch 139/300, loss : 0.49636, auc : 0.74865, accuracy : 0.75762
Epoch 139/300, valid auc : 0.68771, valid accuracy : 0.73830
Epoch 140/300, loss : 0.49616, auc : 0.74880, accuracy : 0.75765
Epoch 140/300, valid auc : 0.68705, valid accuracy : 0.73807
Epoch 141/300, loss : 0.49581, auc : 0.74940, accuracy : 0.75772
Epoch 141/300, valid auc : 0.68755, valid accuracy : 0.73771
Epoch 142/300, loss : 0.49832, auc : 0.74601, accuracy : 0.75635
Epoch 142/300, valid auc : 0.69151, valid accuracy : 0.74122
Epoch 143/300, loss : 0.49748, auc : 0.74700, accuracy : 0.75683
Epoch 143/300, valid auc : 0.68901, valid accuracy : 0.73839
Epoch 144/300, loss : 0.49556, auc : 0.74953, accuracy : 0.75785
Epoch 144/300, valid auc : 0.68748, valid accuracy : 0.73770
Epoch 145/300, loss : 0.49514, auc : 0.75002, accuracy : 0.75806
Epoch 145/300, valid auc : 0.68720, valid accuracy : 0.73789
Epoch 146/300, loss : 0.49423, auc : 0.75125, accuracy : 0.75872
Epoch 146/300, valid auc : 0.68592, valid accuracy : 0.73734
Epoch 147/300, loss : 0.49394, auc : 0.75165, accuracy : 0.75872
Epoch 147/300, valid auc : 0.68494, valid accuracy : 0.73717
Epoch 148/300, loss : 0.49407, auc : 0.75144, accuracy : 0.75857
Epoch 148/300, valid auc : 0.68571, valid accuracy : 0.73687
Epoch 149/300, loss : 0.49306, auc : 0.75271, accuracy : 0.75883
Epoch 149/300, valid auc : 0.68483, valid accuracy : 0.73629
Epoch 150/300, loss : 0.49253, auc : 0.75333, accuracy : 0.75935
Epoch 150/300, valid auc : 0.68373, valid accuracy : 0.73571
Epoch 151/300, loss : 0.49306, auc : 0.75277, accuracy : 0.75909
Epoch 151/300, valid auc : 0.68328, valid accuracy : 0.73614
Epoch 152/300, loss : 0.49198, auc : 0.75402, accuracy : 0.75956
Epoch 152/300, valid auc : 0.68369, valid accuracy : 0.73602
Epoch 153/300, loss : 0.49189, auc : 0.75414, accuracy : 0.75953
Epoch 153/300, valid auc : 0.68262, valid accuracy : 0.73603
Epoch 154/300, loss : 0.49108, auc : 0.75518, accuracy : 0.75999
Epoch 154/300, valid auc : 0.68334, valid accuracy : 0.73575
Epoch 155/300, loss : 0.49113, auc : 0.75511, accuracy : 0.76005
Epoch 155/300, valid auc : 0.68236, valid accuracy : 0.73582
Epoch 156/300, loss : 0.49115, auc : 0.75509, accuracy : 0.75985
Epoch 156/300, valid auc : 0.68217, valid accuracy : 0.73514
Epoch 157/300, loss : 0.48995, auc : 0.75651, accuracy : 0.76061
Epoch 157/300, valid auc : 0.68094, valid accuracy : 0.73382
Epoch 158/300, loss : 0.48975, auc : 0.75673, accuracy : 0.76057
Epoch 158/300, valid auc : 0.68127, valid accuracy : 0.73448
Epoch 159/300, loss : 0.48944, auc : 0.75718, accuracy : 0.76099
Epoch 159/300, valid auc : 0.68078, valid accuracy : 0.73467
Epoch 160/300, loss : 0.48880, auc : 0.75797, accuracy : 0.76111
Epoch 160/300, valid auc : 0.68054, valid accuracy : 0.73414
Epoch 161/300, loss : 0.48823, auc : 0.75861, accuracy : 0.76147
Epoch 161/300, valid auc : 0.67957, valid accuracy : 0.73437
Epoch 162/300, loss : 0.48770, auc : 0.75927, accuracy : 0.76157
Epoch 162/300, valid auc : 0.67972, valid accuracy : 0.73403
Epoch 163/300, loss : 0.48736, auc : 0.75966, accuracy : 0.76204
Epoch 163/300, valid auc : 0.67863, valid accuracy : 0.73306
Epoch 164/300, loss : 0.48712, auc : 0.75995, accuracy : 0.76211
Epoch 164/300, valid auc : 0.67881, valid accuracy : 0.73362
Epoch 165/300, loss : 0.48673, auc : 0.76044, accuracy : 0.76221
Epoch 165/300, valid auc : 0.67811, valid accuracy : 0.73196
Epoch 166/300, loss : 0.48658, auc : 0.76059, accuracy : 0.76237
Epoch 166/300, valid auc : 0.67849, valid accuracy : 0.73301
Epoch 167/300, loss : 0.48590, auc : 0.76138, accuracy : 0.76275
Epoch 167/300, valid auc : 0.67773, valid accuracy : 0.73296
Epoch 168/300, loss : 0.48548, auc : 0.76202, accuracy : 0.76308
Epoch 168/300, valid auc : 0.67661, valid accuracy : 0.73266
Epoch 169/300, loss : 0.48621, auc : 0.76090, accuracy : 0.76277
Epoch 169/300, valid auc : 0.67669, valid accuracy : 0.73163
Epoch 170/300, loss : 0.48487, auc : 0.76268, accuracy : 0.76326
Epoch 170/300, valid auc : 0.67557, valid accuracy : 0.73230
Epoch 171/300, loss : 0.48434, auc : 0.76328, accuracy : 0.76355
Epoch 171/300, valid auc : 0.67518, valid accuracy : 0.73099
Epoch 172/300, loss : 0.48374, auc : 0.76392, accuracy : 0.76383
Epoch 172/300, valid auc : 0.67498, valid accuracy : 0.73082
Epoch 173/300, loss : 0.48496, auc : 0.76257, accuracy : 0.76363
Epoch 173/300, valid auc : 0.67437, valid accuracy : 0.73155
Epoch 174/300, loss : 0.48314, auc : 0.76466, accuracy : 0.76434
Epoch 174/300, valid auc : 0.67390, valid accuracy : 0.73096
Epoch 175/300, loss : 0.48226, auc : 0.76580, accuracy : 0.76434
Epoch 175/300, valid auc : 0.67373, valid accuracy : 0.73079
Epoch 176/300, loss : 0.48179, auc : 0.76629, accuracy : 0.76451
Epoch 176/300, valid auc : 0.67240, valid accuracy : 0.72990
Epoch 177/300, loss : 0.48148, auc : 0.76669, accuracy : 0.76511
Epoch 177/300, valid auc : 0.67230, valid accuracy : 0.73056
Epoch 178/300, loss : 0.48097, auc : 0.76727, accuracy : 0.76521
Epoch 178/300, valid auc : 0.67276, valid accuracy : 0.73047
Epoch 179/300, loss : 0.48139, auc : 0.76673, accuracy : 0.76507
Epoch 179/300, valid auc : 0.67272, valid accuracy : 0.73062
Epoch 180/300, loss : 0.48123, auc : 0.76704, accuracy : 0.76525
Epoch 180/300, valid auc : 0.67215, valid accuracy : 0.72988
Epoch 181/300, loss : 0.47982, auc : 0.76855, accuracy : 0.76615
Epoch 181/300, valid auc : 0.67060, valid accuracy : 0.72923
Epoch 182/300, loss : 0.47898, auc : 0.76953, accuracy : 0.76666
Epoch 182/300, valid auc : 0.67005, valid accuracy : 0.72895
Epoch 183/300, loss : 0.47828, auc : 0.77038, accuracy : 0.76671
Epoch 183/300, valid auc : 0.66971, valid accuracy : 0.72835
Epoch 184/300, loss : 0.47799, auc : 0.77064, accuracy : 0.76686
Epoch 184/300, valid auc : 0.66976, valid accuracy : 0.72817
Epoch 185/300, loss : 0.47805, auc : 0.77074, accuracy : 0.76688
Epoch 185/300, valid auc : 0.66843, valid accuracy : 0.72759
Epoch 186/300, loss : 0.47798, auc : 0.77072, accuracy : 0.76666
Epoch 186/300, valid auc : 0.67076, valid accuracy : 0.72892
Epoch 187/300, loss : 0.47720, auc : 0.77167, accuracy : 0.76730
Epoch 187/300, valid auc : 0.66763, valid accuracy : 0.72772
Epoch 188/300, loss : 0.47652, auc : 0.77249, accuracy : 0.76767
Epoch 188/300, valid auc : 0.66680, valid accuracy : 0.72756
Epoch 189/300, loss : 0.47574, auc : 0.77322, accuracy : 0.76832
Epoch 189/300, valid auc : 0.66693, valid accuracy : 0.72690
Epoch 190/300, loss : 0.47546, auc : 0.77368, accuracy : 0.76823
Epoch 190/300, valid auc : 0.66545, valid accuracy : 0.72650
Epoch 191/300, loss : 0.47479, auc : 0.77443, accuracy : 0.76873
Epoch 191/300, valid auc : 0.66593, valid accuracy : 0.72691
Epoch 192/300, loss : 0.47438, auc : 0.77494, accuracy : 0.76890
Epoch 192/300, valid auc : 0.66647, valid accuracy : 0.72724
Epoch 193/300, loss : 0.47348, auc : 0.77592, accuracy : 0.76925
Epoch 193/300, valid auc : 0.66406, valid accuracy : 0.72565
Epoch 194/300, loss : 0.47413, auc : 0.77522, accuracy : 0.76911
Epoch 194/300, valid auc : 0.66512, valid accuracy : 0.72679
Epoch 195/300, loss : 0.47367, auc : 0.77566, accuracy : 0.76897
Epoch 195/300, valid auc : 0.66447, valid accuracy : 0.72611
Epoch 196/300, loss : 0.47251, auc : 0.77703, accuracy : 0.76954
Epoch 196/300, valid auc : 0.66311, valid accuracy : 0.72537
Epoch 197/300, loss : 0.47202, auc : 0.77764, accuracy : 0.77012
Epoch 197/300, valid auc : 0.66292, valid accuracy : 0.72513
Epoch 198/300, loss : 0.47143, auc : 0.77813, accuracy : 0.77031
Epoch 198/300, valid auc : 0.66229, valid accuracy : 0.72524
Epoch 199/300, loss : 0.47396, auc : 0.77540, accuracy : 0.76927
Epoch 199/300, valid auc : 0.66480, valid accuracy : 0.72617
Epoch 200/300, loss : 0.47101, auc : 0.77874, accuracy : 0.77051
Epoch 200/300, valid auc : 0.66270, valid accuracy : 0.72530
Epoch 201/300, loss : 0.47079, auc : 0.77887, accuracy : 0.77073
Epoch 201/300, valid auc : 0.66132, valid accuracy : 0.72274
Epoch 202/300, loss : 0.46952, auc : 0.78028, accuracy : 0.77120
Epoch 202/300, valid auc : 0.66121, valid accuracy : 0.72377
Epoch 203/300, loss : 0.47239, auc : 0.77732, accuracy : 0.77012
Epoch 203/300, valid auc : 0.66509, valid accuracy : 0.72784
Epoch 204/300, loss : 0.46931, auc : 0.78058, accuracy : 0.77153
Epoch 204/300, valid auc : 0.66062, valid accuracy : 0.72454
Epoch 205/300, loss : 0.46794, auc : 0.78208, accuracy : 0.77230
Epoch 205/300, valid auc : 0.65958, valid accuracy : 0.72299
Epoch 206/300, loss : 0.46767, auc : 0.78226, accuracy : 0.77228
Epoch 206/300, valid auc : 0.65856, valid accuracy : 0.72314
Epoch 207/300, loss : 0.46657, auc : 0.78357, accuracy : 0.77299
Epoch 207/300, valid auc : 0.65882, valid accuracy : 0.72263
Epoch 208/300, loss : 0.47235, auc : 0.77706, accuracy : 0.76962
Epoch 208/300, valid auc : 0.67087, valid accuracy : 0.73079
Epoch 209/300, loss : 0.47260, auc : 0.77726, accuracy : 0.76962
Epoch 209/300, valid auc : 0.66292, valid accuracy : 0.72435
Epoch 210/300, loss : 0.46744, auc : 0.78274, accuracy : 0.77224
Epoch 210/300, valid auc : 0.65974, valid accuracy : 0.72370
Epoch 211/300, loss : 0.46601, auc : 0.78408, accuracy : 0.77319
Epoch 211/300, valid auc : 0.65835, valid accuracy : 0.72334
Epoch 212/300, loss : 0.46507, auc : 0.78511, accuracy : 0.77397
Epoch 212/300, valid auc : 0.65803, valid accuracy : 0.72303
Epoch 213/300, loss : 0.46428, auc : 0.78615, accuracy : 0.77419
Epoch 213/300, valid auc : 0.65757, valid accuracy : 0.72243
Epoch 214/300, loss : 0.46416, auc : 0.78617, accuracy : 0.77451
Epoch 214/300, valid auc : 0.65640, valid accuracy : 0.72298
Epoch 215/300, loss : 0.46358, auc : 0.78667, accuracy : 0.77446
Epoch 215/300, valid auc : 0.65642, valid accuracy : 0.72253
Epoch 216/300, loss : 0.46299, auc : 0.78734, accuracy : 0.77503
Epoch 216/300, valid auc : 0.65542, valid accuracy : 0.72090
Epoch 217/300, loss : 0.46199, auc : 0.78845, accuracy : 0.77529
Epoch 217/300, valid auc : 0.65485, valid accuracy : 0.72041
Epoch 218/300, loss : 0.46149, auc : 0.78884, accuracy : 0.77561
Epoch 218/300, valid auc : 0.65460, valid accuracy : 0.71987
Epoch 219/300, loss : 0.46213, auc : 0.78829, accuracy : 0.77552
Epoch 219/300, valid auc : 0.65479, valid accuracy : 0.72114
Epoch 220/300, loss : 0.46160, auc : 0.78883, accuracy : 0.77579
Epoch 220/300, valid auc : 0.65505, valid accuracy : 0.72154
Epoch 221/300, loss : 0.45997, auc : 0.79049, accuracy : 0.77636
Epoch 221/300, valid auc : 0.65351, valid accuracy : 0.72054
Epoch 222/300, loss : 0.45911, auc : 0.79142, accuracy : 0.77706
Epoch 222/300, valid auc : 0.65267, valid accuracy : 0.72001
Epoch 223/300, loss : 0.46279, auc : 0.78816, accuracy : 0.77542
Epoch 223/300, valid auc : 0.65928, valid accuracy : 0.72264
Epoch 224/300, loss : 0.46496, auc : 0.78511, accuracy : 0.77405
Epoch 224/300, valid auc : 0.65536, valid accuracy : 0.72062
Epoch 225/300, loss : 0.45931, auc : 0.79111, accuracy : 0.77722
Epoch 225/300, valid auc : 0.65354, valid accuracy : 0.72057
Epoch 226/300, loss : 0.45787, auc : 0.79268, accuracy : 0.77768
Epoch 226/300, valid auc : 0.65196, valid accuracy : 0.72022
Epoch 227/300, loss : 0.45756, auc : 0.79293, accuracy : 0.77803
Epoch 227/300, valid auc : 0.65180, valid accuracy : 0.72019
Epoch 228/300, loss : 0.45670, auc : 0.79403, accuracy : 0.77879
Epoch 228/300, valid auc : 0.65106, valid accuracy : 0.71924
Epoch 229/300, loss : 0.45690, auc : 0.79373, accuracy : 0.77861
Epoch 229/300, valid auc : 0.65046, valid accuracy : 0.71908
Epoch 230/300, loss : 0.45562, auc : 0.79498, accuracy : 0.77935
Epoch 230/300, valid auc : 0.65031, valid accuracy : 0.71944
Epoch 231/300, loss : 0.45485, auc : 0.79588, accuracy : 0.77923
Epoch 231/300, valid auc : 0.64881, valid accuracy : 0.71832
Epoch 232/300, loss : 0.45442, auc : 0.79621, accuracy : 0.77960
Epoch 232/300, valid auc : 0.64916, valid accuracy : 0.71800
Epoch 233/300, loss : 0.45398, auc : 0.79670, accuracy : 0.77993
Epoch 233/300, valid auc : 0.64819, valid accuracy : 0.71714
Epoch 234/300, loss : 0.45388, auc : 0.79694, accuracy : 0.78021
Epoch 234/300, valid auc : 0.64765, valid accuracy : 0.71750
Epoch 235/300, loss : 0.45411, auc : 0.79666, accuracy : 0.78014
Epoch 235/300, valid auc : 0.64794, valid accuracy : 0.71639
Epoch 236/300, loss : 0.45811, auc : 0.79300, accuracy : 0.77789
Epoch 236/300, valid auc : 0.64841, valid accuracy : 0.71868
Epoch 237/300, loss : 0.45395, auc : 0.79693, accuracy : 0.78000
Epoch 237/300, valid auc : 0.64773, valid accuracy : 0.71685
Epoch 238/300, loss : 0.45298, auc : 0.79778, accuracy : 0.78061
Epoch 238/300, valid auc : 0.64831, valid accuracy : 0.71767
Epoch 239/300, loss : 0.45290, auc : 0.79796, accuracy : 0.78038
Epoch 239/300, valid auc : 0.64706, valid accuracy : 0.71610
Epoch 240/300, loss : 0.45773, auc : 0.79319, accuracy : 0.77817
Epoch 240/300, valid auc : 0.64936, valid accuracy : 0.71672
Epoch 241/300, loss : 0.45653, auc : 0.79434, accuracy : 0.77888
Epoch 241/300, valid auc : 0.65283, valid accuracy : 0.71935
Epoch 242/300, loss : 0.46627, auc : 0.78481, accuracy : 0.77390
Epoch 242/300, valid auc : 0.65597, valid accuracy : 0.72064
Epoch 243/300, loss : 0.45551, auc : 0.79523, accuracy : 0.77913
Epoch 243/300, valid auc : 0.65032, valid accuracy : 0.71900
Epoch 244/300, loss : 0.45123, auc : 0.79965, accuracy : 0.78126
Epoch 244/300, valid auc : 0.64772, valid accuracy : 0.71677
Epoch 245/300, loss : 0.44929, auc : 0.80159, accuracy : 0.78241
Epoch 245/300, valid auc : 0.64539, valid accuracy : 0.71529
Epoch 246/300, loss : 0.44991, auc : 0.80100, accuracy : 0.78204
Epoch 246/300, valid auc : 0.64570, valid accuracy : 0.71613
Epoch 247/300, loss : 0.44837, auc : 0.80247, accuracy : 0.78291
Epoch 247/300, valid auc : 0.64462, valid accuracy : 0.71478
Epoch 248/300, loss : 0.44932, auc : 0.80145, accuracy : 0.78235
Epoch 248/300, valid auc : 0.64486, valid accuracy : 0.71503
Epoch 249/300, loss : 0.44848, auc : 0.80238, accuracy : 0.78306
Epoch 249/300, valid auc : 0.64432, valid accuracy : 0.71463
Epoch 250/300, loss : 0.44607, auc : 0.80467, accuracy : 0.78410
Epoch 250/300, valid auc : 0.64233, valid accuracy : 0.71438
Epoch 251/300, loss : 0.44534, auc : 0.80541, accuracy : 0.78496
Epoch 251/300, valid auc : 0.64200, valid accuracy : 0.71276
Epoch 252/300, loss : 0.44538, auc : 0.80536, accuracy : 0.78463
Epoch 252/300, valid auc : 0.64192, valid accuracy : 0.71418
Epoch 253/300, loss : 0.44693, auc : 0.80395, accuracy : 0.78362
Epoch 253/300, valid auc : 0.64403, valid accuracy : 0.71528
Epoch 254/300, loss : 0.45055, auc : 0.80021, accuracy : 0.78174
Epoch 254/300, valid auc : 0.64531, valid accuracy : 0.71641
Epoch 255/300, loss : 0.44598, auc : 0.80499, accuracy : 0.78417
Epoch 255/300, valid auc : 0.64265, valid accuracy : 0.71325
Epoch 256/300, loss : 0.44709, auc : 0.80375, accuracy : 0.78363
Epoch 256/300, valid auc : 0.64333, valid accuracy : 0.71306
Epoch 257/300, loss : 0.44432, auc : 0.80645, accuracy : 0.78519
Epoch 257/300, valid auc : 0.64101, valid accuracy : 0.71290
Epoch 258/300, loss : 0.44325, auc : 0.80757, accuracy : 0.78583
Epoch 258/300, valid auc : 0.64074, valid accuracy : 0.71224
Epoch 259/300, loss : 0.44214, auc : 0.80860, accuracy : 0.78625
Epoch 259/300, valid auc : 0.64012, valid accuracy : 0.71211
Epoch 260/300, loss : 0.44824, auc : 0.80268, accuracy : 0.78353
Epoch 260/300, valid auc : 0.64885, valid accuracy : 0.72095
Epoch 261/300, loss : 0.45751, auc : 0.79367, accuracy : 0.77820
Epoch 261/300, valid auc : 0.64916, valid accuracy : 0.71846
Epoch 262/300, loss : 0.44625, auc : 0.80435, accuracy : 0.78436
Epoch 262/300, valid auc : 0.64376, valid accuracy : 0.71504
Epoch 263/300, loss : 0.44359, auc : 0.80710, accuracy : 0.78520
Epoch 263/300, valid auc : 0.64113, valid accuracy : 0.71279
Epoch 264/300, loss : 0.47005, auc : 0.78174, accuracy : 0.77338
Epoch 264/300, valid auc : 0.65112, valid accuracy : 0.71951
Epoch 265/300, loss : 0.45004, auc : 0.80093, accuracy : 0.78209
Epoch 265/300, valid auc : 0.64511, valid accuracy : 0.71591
Epoch 266/300, loss : 0.44416, auc : 0.80675, accuracy : 0.78493
Epoch 266/300, valid auc : 0.64223, valid accuracy : 0.71381
Epoch 267/300, loss : 0.44113, auc : 0.80954, accuracy : 0.78673
Epoch 267/300, valid auc : 0.64094, valid accuracy : 0.71242
Epoch 268/300, loss : 0.44447, auc : 0.80639, accuracy : 0.78503
Epoch 268/300, valid auc : 0.64278, valid accuracy : 0.71284
Epoch 269/300, loss : 0.43995, auc : 0.81070, accuracy : 0.78716
Epoch 269/300, valid auc : 0.63966, valid accuracy : 0.71193
Epoch 270/300, loss : 0.43871, auc : 0.81173, accuracy : 0.78796
Epoch 270/300, valid auc : 0.64002, valid accuracy : 0.71211
Epoch 271/300, loss : 0.43868, auc : 0.81194, accuracy : 0.78841
Epoch 271/300, valid auc : 0.63758, valid accuracy : 0.71095
Epoch 272/300, loss : 0.44035, auc : 0.81021, accuracy : 0.78707
Epoch 272/300, valid auc : 0.63785, valid accuracy : 0.71090
Epoch 273/300, loss : 0.43703, auc : 0.81342, accuracy : 0.78915
Epoch 273/300, valid auc : 0.63698, valid accuracy : 0.71092
Epoch 274/300, loss : 0.43628, auc : 0.81423, accuracy : 0.78950
Epoch 274/300, valid auc : 0.63761, valid accuracy : 0.71083
Epoch 275/300, loss : 0.43881, auc : 0.81152, accuracy : 0.78828
Epoch 275/300, valid auc : 0.63804, valid accuracy : 0.71199
Epoch 276/300, loss : 0.43718, auc : 0.81341, accuracy : 0.78888
Epoch 276/300, valid auc : 0.63675, valid accuracy : 0.70993
Epoch 277/300, loss : 0.44817, auc : 0.80411, accuracy : 0.78379
Epoch 277/300, valid auc : 0.64776, valid accuracy : 0.71672
Epoch 278/300, loss : 0.44561, auc : 0.80660, accuracy : 0.78468
Epoch 278/300, valid auc : 0.64077, valid accuracy : 0.71363
Epoch 279/300, loss : 0.43713, auc : 0.81388, accuracy : 0.78919
Epoch 279/300, valid auc : 0.63771, valid accuracy : 0.71196
Epoch 280/300, loss : 0.43419, auc : 0.81630, accuracy : 0.79058
Epoch 280/300, valid auc : 0.63535, valid accuracy : 0.70986
Epoch 281/300, loss : 0.43294, auc : 0.81740, accuracy : 0.79134
Epoch 281/300, valid auc : 0.63452, valid accuracy : 0.70968
Epoch 282/300, loss : 0.43292, auc : 0.81735, accuracy : 0.79101
Epoch 282/300, valid auc : 0.63382, valid accuracy : 0.70821
Epoch 283/300, loss : 0.43219, auc : 0.81806, accuracy : 0.79163
Epoch 283/300, valid auc : 0.63324, valid accuracy : 0.70960
Epoch 284/300, loss : 0.43342, auc : 0.81708, accuracy : 0.79135
Epoch 284/300, valid auc : 0.63598, valid accuracy : 0.71066
Epoch 285/300, loss : 0.43206, auc : 0.81821, accuracy : 0.79156
Epoch 285/300, valid auc : 0.63348, valid accuracy : 0.70912
Epoch 286/300, loss : 0.43196, auc : 0.81843, accuracy : 0.79185
Epoch 286/300, valid auc : 0.63219, valid accuracy : 0.70905
Epoch 287/300, loss : 0.43266, auc : 0.81794, accuracy : 0.79153
Epoch 287/300, valid auc : 0.63574, valid accuracy : 0.70909
Epoch 288/300, loss : 0.43287, auc : 0.81743, accuracy : 0.79136
Epoch 288/300, valid auc : 0.63330, valid accuracy : 0.70912
Epoch 289/300, loss : 0.42912, auc : 0.82093, accuracy : 0.79341
Epoch 289/300, valid auc : 0.63172, valid accuracy : 0.70784
Epoch 290/300, loss : 0.42918, auc : 0.82085, accuracy : 0.79342
Epoch 290/300, valid auc : 0.63090, valid accuracy : 0.70747
Epoch 291/300, loss : 0.42882, auc : 0.82117, accuracy : 0.79342
Epoch 291/300, valid auc : 0.63112, valid accuracy : 0.70774
Epoch 292/300, loss : 0.42872, auc : 0.82121, accuracy : 0.79335
Epoch 292/300, valid auc : 0.63089, valid accuracy : 0.70697
Epoch 293/300, loss : 0.42900, auc : 0.82096, accuracy : 0.79329
Epoch 293/300, valid auc : 0.63060, valid accuracy : 0.70905
Epoch 294/300, loss : 0.42749, auc : 0.82236, accuracy : 0.79405
Epoch 294/300, valid auc : 0.62975, valid accuracy : 0.70690
Epoch 295/300, loss : 0.42662, auc : 0.82317, accuracy : 0.79463
Epoch 295/300, valid auc : 0.62947, valid accuracy : 0.70736
Epoch 296/300, loss : 0.42636, auc : 0.82343, accuracy : 0.79469
Epoch 296/300, valid auc : 0.62865, valid accuracy : 0.70646
Epoch 297/300, loss : 0.42699, auc : 0.82282, accuracy : 0.79411
Epoch 297/300, valid auc : 0.62972, valid accuracy : 0.70657
Epoch 298/300, loss : 0.42685, auc : 0.82310, accuracy : 0.79443
Epoch 298/300, valid auc : 0.62862, valid accuracy : 0.70666
Epoch 299/300, loss : 0.42569, auc : 0.82405, accuracy : 0.79500
Epoch 299/300, valid auc : 0.62856, valid accuracy : 0.70678
Epoch 300/300, loss : 0.42539, auc : 0.82434, accuracy : 0.79533
Epoch 300/300, valid auc : 0.62835, valid accuracy : 0.70719
best outcome: best epoch: 66.0000
valid_auc: 0.7022	valid_accuracy: 0.7456	valid_loss: 0.5251	
test_auc: 0.7099	test_accuracy: 0.7437	test_loss: 0.5191	
