nohup: ignoring input
	 max_iter 	 300
	 train_set 	 1
	 seed 	 224
	 wd 	 5e-05
	 optim 	 adam
	 batch_size 	 32
	 lr 	 1e-05
	 maxgradnorm 	 -1
	 final_fc_dim 	 512
	 d_model 	 256
	 d_ff 	 1024
	 dropout 	 0.05
	 n_block 	 1
	 n_head 	 8
	 kq_same 	 1
	 l2 	 1e-05
	 q_embed_dim 	 50
	 qa_embed_dim 	 256
	 memory_size 	 50
	 init_std 	 0.1
	 hidden_dim 	 512
	 lamda_r 	 0.1
	 lamda_w1 	 0.1
	 lamda_w2 	 0.1
	 model 	 akt_cid
	 dataset 	 assist2009
	 n_question 	 110
	 seqlen 	 200
	 data_dir 	 data/assist2009
	 data_name 	 assist2009
	 save 	 assist2009
	 load 	 assist2009


train_q_data.shape (2697, 200)
train_qa_data.shape (2697, 200)
valid_q_data.shape (740, 200)
valid_qa_data.shape (740, 200)




epoch 1
valid_auc	 0.7034836777404432 	train_auc	 0.5614669029619671
valid_accuracy	 0.6517019396642403 	train_accuracy	 0.6415578094224718
valid_loss	 0.6142033955402286 	train_loss	 0.6492064002596771
epoch 2
valid_auc	 0.720083956091865 	train_auc	 0.6828942333242397
valid_accuracy	 0.7068414187739303 	train_accuracy	 0.685602544655996
valid_loss	 0.5828588152826322 	train_loss	 0.5984743591256735
epoch 3
valid_auc	 0.7276886841653676 	train_auc	 0.7026471384985928
valid_accuracy	 0.7107123322253545 	train_accuracy	 0.7034706028842453
valid_loss	 0.5746765840293436 	train_loss	 0.5843234778160518
epoch 4
valid_auc	 0.7334534046109789 	train_auc	 0.7108837176213161
valid_accuracy	 0.7134261791559726 	train_accuracy	 0.7071891059745081
valid_loss	 0.5685814771376932 	train_loss	 0.5781827395927063
epoch 5
valid_auc	 0.7384937099563817 	train_auc	 0.7172858536268395
valid_accuracy	 0.7164345521100686 	train_accuracy	 0.7096907473229042
valid_loss	 0.5638285493857103 	train_loss	 0.5730059176516605
epoch 6
valid_auc	 0.7438800014168445 	train_auc	 0.7234736286008288
valid_accuracy	 0.7186434972861531 	train_accuracy	 0.7131262593104073
valid_loss	 0.5587613499246212 	train_loss	 0.5684024098455901
epoch 7
valid_auc	 0.7512065761630404 	train_auc	 0.7302884199893935
valid_accuracy	 0.7255227836916733 	train_accuracy	 0.7172126508342578
valid_loss	 0.5519513650280646 	train_loss	 0.5629427022694751
epoch 8
valid_auc	 0.7577165350420462 	train_auc	 0.7379532854739334
valid_accuracy	 0.7303193503597425 	train_accuracy	 0.7239138801476082
valid_loss	 0.5452886550822953 	train_loss	 0.5563139013656102
epoch 9
valid_auc	 0.7643323838848779 	train_auc	 0.74503694093008
valid_accuracy	 0.7339167753607944 	train_accuracy	 0.7280059314935139
valid_loss	 0.5383199265553295 	train_loss	 0.5497548475328997
epoch 10
valid_auc	 0.7735360319870107 	train_auc	 0.7533686236328881
valid_accuracy	 0.7401438970000421 	train_accuracy	 0.7325507686038351
valid_loss	 0.5291388247386402 	train_loss	 0.54237653790419
epoch 11
valid_auc	 0.7806303095831657 	train_auc	 0.7620522808045117
valid_accuracy	 0.7443514116211554 	train_accuracy	 0.7372257816214258
valid_loss	 0.5216842190269526 	train_loss	 0.5344179857556448
epoch 12
valid_auc	 0.7855289645945215 	train_auc	 0.767339494477846
valid_accuracy	 0.7469811082593512 	train_accuracy	 0.7409895632881303
valid_loss	 0.5159495451929261 	train_loss	 0.5284138686527762
epoch 13
valid_auc	 0.7880911441349027 	train_auc	 0.7715801849234323
valid_accuracy	 0.7498632557748138 	train_accuracy	 0.7431516153132145
valid_loss	 0.5125392755272828 	train_loss	 0.5238908112932394
epoch 14
valid_auc	 0.7904246540356734 	train_auc	 0.7748092650004972
valid_accuracy	 0.7498842933479194 	train_accuracy	 0.745404224491182
valid_loss	 0.5098456624123693 	train_loss	 0.5202239629752416
epoch 15
valid_auc	 0.7932887953042542 	train_auc	 0.7777722149014707
valid_accuracy	 0.7512517355997812 	train_accuracy	 0.7466607049874352
valid_loss	 0.5059635391111763 	train_loss	 0.5166316391470986
epoch 16
valid_auc	 0.7953761287574854 	train_auc	 0.7812010646921721
valid_accuracy	 0.7533134177641267 	train_accuracy	 0.7485624051979806
valid_loss	 0.5030419244813215 	train_loss	 0.5132037809554487
epoch 17
valid_auc	 0.7979327973286486 	train_auc	 0.7837143139954534
valid_accuracy	 0.7536920940800269 	train_accuracy	 0.7506452197142922
valid_loss	 0.5010229311701433 	train_loss	 0.5100618442107032
epoch 18
valid_auc	 0.7999945939273478 	train_auc	 0.7869269157813744
valid_accuracy	 0.75529094963605 	train_accuracy	 0.7529997056892531
valid_loss	 0.4976101299762049 	train_loss	 0.5062763960735375
epoch 19
valid_auc	 0.8023674224926343 	train_auc	 0.7900851092439152
valid_accuracy	 0.7578785711280347 	train_accuracy	 0.7548165085689706
valid_loss	 0.4953237068038223 	train_loss	 0.5023698130782743
epoch 20
valid_auc	 0.8043362481729841 	train_auc	 0.7932064569808065
valid_accuracy	 0.7594984642571633 	train_accuracy	 0.7567578275339023
valid_loss	 0.4914229840506162 	train_loss	 0.49868879583709835
epoch 21
valid_auc	 0.8051223445987546 	train_auc	 0.7952218452586215
valid_accuracy	 0.7592880885261076 	train_accuracy	 0.7581954223359217
valid_loss	 0.4899000739089782 	train_loss	 0.49582618236377046
epoch 22
valid_auc	 0.8056562651953181 	train_auc	 0.7960681346307017
valid_accuracy	 0.7590987503681575 	train_accuracy	 0.7592594688822983
valid_loss	 0.48907893469670255 	train_loss	 0.4941652778762492
epoch 23
valid_auc	 0.806864182299126 	train_auc	 0.7972532498267548
valid_accuracy	 0.7603189296082804 	train_accuracy	 0.7589481786692627
valid_loss	 0.48729844654070287 	train_loss	 0.49249291078305485
epoch 24
valid_auc	 0.8072198567234181 	train_auc	 0.7985837227730143
valid_accuracy	 0.7605082677662305 	train_accuracy	 0.7604593511579996
valid_loss	 0.48615773635100257 	train_loss	 0.4907609222211932
epoch 25
valid_auc	 0.8085064979201457 	train_auc	 0.7989339287486346
valid_accuracy	 0.7610552446669753 	train_accuracy	 0.760498969912386
valid_loss	 0.4850108576014515 	train_loss	 0.4896242973242889
epoch 26
valid_auc	 0.8085582676900664 	train_auc	 0.8000939243181601
valid_accuracy	 0.7607607186434973 	train_accuracy	 0.7606800842181521
valid_loss	 0.4849469906590001 	train_loss	 0.48821959400028525
epoch 27
valid_auc	 0.8096092581662401 	train_auc	 0.8009695270109592
valid_accuracy	 0.7615811839946144 	train_accuracy	 0.7607989404813112
valid_loss	 0.48286812657107686 	train_loss	 0.4872054900277699
epoch 28
valid_auc	 0.8104651039843072 	train_auc	 0.8024791457912757
valid_accuracy	 0.7624647620650482 	train_accuracy	 0.7620327816893437
valid_loss	 0.4820119547414424 	train_loss	 0.4853143873076505
epoch 29
valid_auc	 0.8103560680983749 	train_auc	 0.8029444941064047
valid_accuracy	 0.7616863718601422 	train_accuracy	 0.7620214620452332
valid_loss	 0.48195758341116757 	train_loss	 0.4848889105346467
epoch 30
valid_auc	 0.8107476169532808 	train_auc	 0.8034137001605441
valid_accuracy	 0.7620019354567257 	train_accuracy	 0.7630855085916098
valid_loss	 0.48286106757046304 	train_loss	 0.48381567700683353
epoch 31
valid_auc	 0.811646176926008 	train_auc	 0.8043448605045921
valid_accuracy	 0.7636428661589599 	train_accuracy	 0.7630628693033891
valid_loss	 0.4804657574697538 	train_loss	 0.4827971388611892
epoch 32
valid_auc	 0.8119117992081475 	train_auc	 0.8045631437254296
valid_accuracy	 0.7636639037320655 	train_accuracy	 0.7639514613660546
valid_loss	 0.47965780409854036 	train_loss	 0.4824078279837613
epoch 33
valid_auc	 0.8119928464285473 	train_auc	 0.8054240574613493
valid_accuracy	 0.7635166407203265 	train_accuracy	 0.763787326526454
valid_loss	 0.47951695570844793 	train_loss	 0.481460836633239
epoch 34
valid_auc	 0.8124578102063108 	train_auc	 0.8053717953398569
valid_accuracy	 0.7643791812176547 	train_accuracy	 0.7635439541780806
valid_loss	 0.4788154904377821 	train_loss	 0.4814602771914842
epoch 35
valid_auc	 0.8128431608050183 	train_auc	 0.8057723666855504
valid_accuracy	 0.7634535280010099 	train_accuracy	 0.7645174435715741
valid_loss	 0.478810691788518 	train_loss	 0.4808487295753091
epoch 36
valid_auc	 0.8122788747973092 	train_auc	 0.8065399931548421
valid_accuracy	 0.7634114528547987 	train_accuracy	 0.7641438953159313
valid_loss	 0.4789599752904366 	train_loss	 0.480053370441836
epoch 37
valid_auc	 0.81276290908274 	train_auc	 0.8069853121318524
valid_accuracy	 0.7636218285858544 	train_accuracy	 0.764483484639243
valid_loss	 0.4784155600403425 	train_loss	 0.47938501794177524
epoch 38
valid_auc	 0.8131745774109742 	train_auc	 0.8069805393128815
valid_accuracy	 0.7638111667438044 	train_accuracy	 0.7648287337846098
valid_loss	 0.47794660422270085 	train_loss	 0.47899233488187415
epoch 39
valid_auc	 0.8135901618126824 	train_auc	 0.8075795695974302
valid_accuracy	 0.7642529557790213 	train_accuracy	 0.7656437481605578
valid_loss	 0.477092624594969 	train_loss	 0.47842817571590834
epoch 40
valid_auc	 0.8136494020508709 	train_auc	 0.8081162149248504
valid_accuracy	 0.7645474818024993 	train_accuracy	 0.7655135722532883
valid_loss	 0.4767745495220258 	train_loss	 0.4775980753482367
epoch 41
valid_auc	 0.8135500418007942 	train_auc	 0.8082268710100898
valid_accuracy	 0.763979467328649 	train_accuracy	 0.7652928391931357
valid_loss	 0.4766652505797045 	train_loss	 0.4774897103702813
epoch 42
valid_auc	 0.8134920542771721 	train_auc	 0.8093633582104084
valid_accuracy	 0.763495603147221 	train_accuracy	 0.766317266985126
valid_loss	 0.4766482971600018 	train_loss	 0.476524343972816
epoch 43
valid_auc	 0.8143167733066019 	train_auc	 0.808923288684767
valid_accuracy	 0.764757857533555 	train_accuracy	 0.7656890267369993
valid_loss	 0.47601356244569876 	train_loss	 0.47676591060221535
epoch 44
valid_auc	 0.8144779767115157 	train_auc	 0.8098022038228481
valid_accuracy	 0.764316068498338 	train_accuracy	 0.766317266985126
valid_loss	 0.4755317708067277 	train_loss	 0.47574649219166987
epoch 45
valid_auc	 0.8145150395149361 	train_auc	 0.8100966145447556
valid_accuracy	 0.764610594521816 	train_accuracy	 0.7670360643861357
valid_loss	 0.4757072897857283 	train_loss	 0.4754574195676013
epoch 46
valid_auc	 0.8148526495027144 	train_auc	 0.8101631639329304
valid_accuracy	 0.7649051205452939 	train_accuracy	 0.766928527767087
valid_loss	 0.47486478641941665 	train_loss	 0.47500897392569286
epoch 47
valid_auc	 0.8146192351457526 	train_auc	 0.8105588102912981
valid_accuracy	 0.7650313459839273 	train_accuracy	 0.7668209911480383
valid_loss	 0.47490475788272857 	train_loss	 0.47472267644103083
epoch 48
valid_auc	 0.8157354554930315 	train_auc	 0.8106486184554641
valid_accuracy	 0.7654100222998275 	train_accuracy	 0.7669964456317493
valid_loss	 0.4742454914292674 	train_loss	 0.47462517869652837
epoch 49
valid_auc	 0.8151587047316652 	train_auc	 0.8103290806841822
valid_accuracy	 0.7642950309252324 	train_accuracy	 0.7671153018949084
valid_loss	 0.4745557036126009 	train_loss	 0.47454646637441705
epoch 50
valid_auc	 0.8160684640701058 	train_auc	 0.8108731584935982
valid_accuracy	 0.7651575714225607 	train_accuracy	 0.7673756537094474
valid_loss	 0.4744514553863939 	train_loss	 0.47416169643472955
epoch 51
valid_auc	 0.8158169180102449 	train_auc	 0.8114098499283154
valid_accuracy	 0.764947195691505 	train_accuracy	 0.7672284983360124
valid_loss	 0.4734883707572771 	train_loss	 0.47331194181829916
epoch 52
valid_auc	 0.8159412867325231 	train_auc	 0.8115830957413259
valid_accuracy	 0.7649261581183995 	train_accuracy	 0.7674662108623305
valid_loss	 0.47350396508531817 	train_loss	 0.4732467173943899
epoch 53
valid_auc	 0.8162828508139064 	train_auc	 0.811612419982194
valid_accuracy	 0.7646947448142383 	train_accuracy	 0.767771841253311
valid_loss	 0.47360398511515883 	train_loss	 0.47304794576607034
epoch 54
valid_auc	 0.8162635034416963 	train_auc	 0.8119551243148732
valid_accuracy	 0.7654100222998275 	train_accuracy	 0.7681057707545674
valid_loss	 0.4730067639038365 	train_loss	 0.4726319292014319
epoch 55
valid_auc	 0.8163636718632719 	train_auc	 0.8123813898439678
valid_accuracy	 0.7651996465687718 	train_accuracy	 0.7681453895089538
valid_loss	 0.47340079425894166 	train_loss	 0.4724578671354882
epoch 56
valid_auc	 0.816876062342166 	train_auc	 0.8123983651803378
valid_accuracy	 0.7656203980308831 	train_accuracy	 0.7673077358447851
valid_loss	 0.4737029097285534 	train_loss	 0.47223748614803857
epoch 57
valid_auc	 0.8172116406901337 	train_auc	 0.8126432084881786
valid_accuracy	 0.7663146379433668 	train_accuracy	 0.7682642457721129
valid_loss	 0.4724963615429145 	train_loss	 0.47182543970462176
epoch 58
valid_auc	 0.8164627601231821 	train_auc	 0.8129033799741859
valid_accuracy	 0.7661042622123112 	train_accuracy	 0.7676303457019311
valid_loss	 0.47252191816561956 	train_loss	 0.47162564550672864
epoch 59
valid_auc	 0.8165264935609331 	train_auc	 0.8132284883063241
valid_accuracy	 0.765431059872933 	train_accuracy	 0.7682529261280026
valid_loss	 0.47306477704990524 	train_loss	 0.47132995711481085
epoch 60
valid_auc	 0.817374678810078 	train_auc	 0.8133802072219205
valid_accuracy	 0.7657676610426222 	train_accuracy	 0.7685642163410382
valid_loss	 0.47260729611660307 	train_loss	 0.47111050282608063
epoch 61
valid_auc	 0.8173815585040057 	train_auc	 0.8135066538430197
valid_accuracy	 0.7659359616274667 	train_accuracy	 0.7687396708247493
valid_loss	 0.47170722516656716 	train_loss	 0.4710289471822396
epoch 62
valid_auc	 0.8170498406616288 	train_auc	 0.8144597740362828
valid_accuracy	 0.7651996465687718 	train_accuracy	 0.7685925154513142
valid_loss	 0.47171135473747283 	train_loss	 0.4699970898030863
epoch 63
valid_auc	 0.817521602243807 	train_auc	 0.8142921334002883
valid_accuracy	 0.765578322884672 	train_accuracy	 0.7699395531004505
valid_loss	 0.4720904263314621 	train_loss	 0.4700669786421443
epoch 64
valid_auc	 0.8173605265475379 	train_auc	 0.814424038597184
valid_accuracy	 0.7653679471536163 	train_accuracy	 0.7691584976568336
valid_loss	 0.472011638582937 	train_loss	 0.46985531894677696
epoch 65
valid_auc	 0.817562936950131 	train_auc	 0.8147630672647141
valid_accuracy	 0.7655362477384609 	train_accuracy	 0.7692037762332752
valid_loss	 0.47188517457908485 	train_loss	 0.4696203203349944
epoch 66
valid_auc	 0.8179775533008162 	train_auc	 0.8150486239581344
valid_accuracy	 0.766020111919889 	train_accuracy	 0.7695546852006973
valid_loss	 0.4712316591632116 	train_loss	 0.46914966214811665
epoch 67
valid_auc	 0.8185955919744995 	train_auc	 0.8149855321889907
valid_accuracy	 0.766356713089578 	train_accuracy	 0.7699452129225057
valid_loss	 0.47089740542452785 	train_loss	 0.46912244991463403
epoch 68
valid_auc	 0.8180475181405207 	train_auc	 0.8156769714175723
valid_accuracy	 0.7659780367736778 	train_accuracy	 0.769515066446311
valid_loss	 0.47081116096515546 	train_loss	 0.4685633550247309
epoch 69
valid_auc	 0.8178288975139473 	train_auc	 0.8149747117485242
valid_accuracy	 0.7652627592880885 	train_accuracy	 0.7695377057345317
valid_loss	 0.47109151775208136 	train_loss	 0.46913161080370896
epoch 70
valid_auc	 0.8187898845917256 	train_auc	 0.8154638103177356
valid_accuracy	 0.7662936003702613 	train_accuracy	 0.7699338932783953
valid_loss	 0.47034362473928926 	train_loss	 0.468549218278824
epoch 71
valid_auc	 0.8188066787659202 	train_auc	 0.8154332509580222
valid_accuracy	 0.7665881263937392 	train_accuracy	 0.7701716058047136
valid_loss	 0.47058180920104026 	train_loss	 0.46850027808605943
epoch 72
valid_auc	 0.819152624911099 	train_auc	 0.8166470347577457
valid_accuracy	 0.7664408633820002 	train_accuracy	 0.7706753299676258
valid_loss	 0.46996186037379883 	train_loss	 0.46755746676362453
epoch 73
valid_auc	 0.8186061264753612 	train_auc	 0.816613824371204
valid_accuracy	 0.7660832246392056 	train_accuracy	 0.7706243915691291
valid_loss	 0.4702125647178059 	train_loss	 0.46749527334955465
epoch 74
valid_auc	 0.8191782914240259 	train_auc	 0.817317760390227
valid_accuracy	 0.7666512391130559 	train_accuracy	 0.7713431889701388
valid_loss	 0.46958318356684176 	train_loss	 0.4669500960200618
epoch 75
valid_auc	 0.8194367113285634 	train_auc	 0.8174496048482531
valid_accuracy	 0.766987840282745 	train_accuracy	 0.7704659165515836
valid_loss	 0.46944492871872645 	train_loss	 0.46669631105001114
epoch 76
valid_auc	 0.8198353982193114 	train_auc	 0.8174435512313812
valid_accuracy	 0.7670299154289562 	train_accuracy	 0.7705338344162459
valid_loss	 0.4695169727321579 	train_loss	 0.4666052986708777
epoch 77
valid_auc	 0.8194346796887525 	train_auc	 0.8182474892668632
valid_accuracy	 0.766987840282745 	train_accuracy	 0.7710205791129927
valid_loss	 0.469867499481034 	train_loss	 0.4655977235656554
epoch 78
valid_auc	 0.818561202278738 	train_auc	 0.8182025784042954
valid_accuracy	 0.7658097361888333 	train_accuracy	 0.771552602386181
valid_loss	 0.47022156562746154 	train_loss	 0.4657704930494154
epoch 79
valid_auc	 0.819953672022157 	train_auc	 0.8184430583630765
valid_accuracy	 0.7664619009551058 	train_accuracy	 0.7714790246994635
valid_loss	 0.469385863096291 	train_loss	 0.4655966839843999
epoch 80
valid_auc	 0.8200452381454163 	train_auc	 0.8183022339736656
valid_accuracy	 0.767135103294484 	train_accuracy	 0.771552602386181
valid_loss	 0.46845726172092844 	train_loss	 0.4654271007540659
epoch 81
valid_auc	 0.8187884271533779 	train_auc	 0.818774062291103
valid_accuracy	 0.7657466234695166 	train_accuracy	 0.7715978809626225
valid_loss	 0.4708226756261882 	train_loss	 0.46506407465259536
epoch 82
valid_auc	 0.8202829195309059 	train_auc	 0.8188241378846659
valid_accuracy	 0.7672823663062229 	train_accuracy	 0.7716488193611193
valid_loss	 0.46881495032140963 	train_loss	 0.4649359841392602
epoch 83
valid_auc	 0.8204640201376139 	train_auc	 0.8187980318760267
valid_accuracy	 0.7674296293179619 	train_accuracy	 0.7725770301781713
valid_loss	 0.4685619148883186 	train_loss	 0.46468506438415746
epoch 84
valid_auc	 0.8197259314385633 	train_auc	 0.8194881391318901
valid_accuracy	 0.7672823663062229 	train_accuracy	 0.7721695229901971
valid_loss	 0.46922542035968207 	train_loss	 0.46450677834141557
epoch 85
valid_auc	 0.819984503423624 	train_auc	 0.8193201487656248
valid_accuracy	 0.7675768923297008 	train_accuracy	 0.7719657693962102
valid_loss	 0.4684089201788477 	train_loss	 0.4642478208799124
epoch 86
valid_auc	 0.8204030066015289 	train_auc	 0.8190660004199939
valid_accuracy	 0.766693314259267 	train_accuracy	 0.7716601390052297
valid_loss	 0.46911043386142026 	train_loss	 0.4645091349406994
epoch 87
valid_auc	 0.8205086391983154 	train_auc	 0.8197701115182732
valid_accuracy	 0.7672823663062229 	train_accuracy	 0.771988408684431
valid_loss	 0.4682310901609228 	train_loss	 0.4637262014078382
epoch 88
valid_auc	 0.8209959061697408 	train_auc	 0.8201437530621054
valid_accuracy	 0.7671771784406951 	train_accuracy	 0.7723732765841842
valid_loss	 0.46775158368647385 	train_loss	 0.4637091757266282
epoch 89
valid_auc	 0.8202845787684097 	train_auc	 0.8201658625102282
valid_accuracy	 0.7670719905751673 	train_accuracy	 0.772893980213262
valid_loss	 0.4688594082895584 	train_loss	 0.4632556813349773
epoch 90
valid_auc	 0.820239834923689 	train_auc	 0.8203321766692658
valid_accuracy	 0.7667353894054781 	train_accuracy	 0.7729052998573724
valid_loss	 0.4685678020134913 	train_loss	 0.46313026908101235
epoch 91
valid_auc	 0.8208421215647123 	train_auc	 0.8201955309856062
valid_accuracy	 0.7674085917448563 	train_accuracy	 0.7726279685766679
valid_loss	 0.46775169077156387 	train_loss	 0.4632822952458422
epoch 92
valid_auc	 0.8209746178211088 	train_auc	 0.820645030666826
valid_accuracy	 0.7678924559262843 	train_accuracy	 0.7732052704262978
valid_loss	 0.46831391131054667 	train_loss	 0.46291490007517205
epoch 93
valid_auc	 0.8209121059019198 	train_auc	 0.8203723435477668
valid_accuracy	 0.7679976437918121 	train_accuracy	 0.7723562971180186
valid_loss	 0.46824380052312287 	train_loss	 0.4630616700650888
epoch 94
valid_auc	 0.8212506888150968 	train_auc	 0.8202495877943772
valid_accuracy	 0.7673244414524341 	train_accuracy	 0.7727751239501031
valid_loss	 0.4675804177435627 	train_loss	 0.46314280106857697
epoch 95
valid_auc	 0.8205987517827273 	train_auc	 0.8202793462717698
valid_accuracy	 0.7663356755164724 	train_accuracy	 0.7727524846618822
valid_loss	 0.46913011278628475 	train_loss	 0.46305491934980963
epoch 96
valid_auc	 0.8210379310876705 	train_auc	 0.8205222029689236
valid_accuracy	 0.7678714183531787 	train_accuracy	 0.7732222498924634
valid_loss	 0.4678318658605641 	train_loss	 0.4627225133030949
epoch 97
valid_auc	 0.8205883830106409 	train_auc	 0.8208944266776874
valid_accuracy	 0.7672823663062229 	train_accuracy	 0.7729845373661453
valid_loss	 0.46809559461712347 	train_loss	 0.4624941718669701
epoch 98
valid_auc	 0.8212938182665706 	train_auc	 0.8210738070451467
valid_accuracy	 0.7673244414524341 	train_accuracy	 0.7729562382558692
valid_loss	 0.4675881358390968 	train_loss	 0.4622496413026425
epoch 99
valid_auc	 0.8207053309832837 	train_auc	 0.8212130692108488
valid_accuracy	 0.7674085917448563 	train_accuracy	 0.7739297276493627
valid_loss	 0.467502054704045 	train_loss	 0.4620077682509155
epoch 100
valid_auc	 0.820834772955838 	train_auc	 0.8212065209040772
valid_accuracy	 0.7670509530020617 	train_accuracy	 0.7736071177922166
valid_loss	 0.4684190775271805 	train_loss	 0.4618472171959382
epoch 101
valid_auc	 0.821405371280138 	train_auc	 0.8214645595350458
valid_accuracy	 0.7677451929145453 	train_accuracy	 0.7731373525616355
valid_loss	 0.4672300887205134 	train_loss	 0.461744571020175
epoch 102
valid_auc	 0.8212387007753879 	train_auc	 0.8215965321799222
valid_accuracy	 0.7679345310724954 	train_accuracy	 0.7739127481831971
valid_loss	 0.46825535950158576 	train_loss	 0.46147529582761926
epoch 103
valid_auc	 0.8203405999688559 	train_auc	 0.8220438875863394
valid_accuracy	 0.766840577271006 	train_accuracy	 0.7740316044463562
valid_loss	 0.46878888597471513 	train_loss	 0.4611493639753061
epoch 104
valid_auc	 0.8209888081037799 	train_auc	 0.8218614240253598
valid_accuracy	 0.767135103294484 	train_accuracy	 0.773646736546603
valid_loss	 0.46784328099275474 	train_loss	 0.4612042814488611
epoch 105
valid_auc	 0.8210821212033066 	train_auc	 0.8217820721539375
valid_accuracy	 0.7675768923297008 	train_accuracy	 0.7736410767245477
valid_loss	 0.4674236909308626 	train_loss	 0.46152658796444623
epoch 106
valid_auc	 0.8214975905697471 	train_auc	 0.8219899659590241
valid_accuracy	 0.7674296293179619 	train_accuracy	 0.7734316633085055
valid_loss	 0.46728517401700503 	train_loss	 0.46082641299169985
epoch 107
valid_auc	 0.8214816123660525 	train_auc	 0.8223639131956626
valid_accuracy	 0.7681449068035512 	train_accuracy	 0.7741787598197912
valid_loss	 0.4671542408158762 	train_loss	 0.4608027505762718
epoch 108
valid_auc	 0.8217977867990514 	train_auc	 0.8222881094449006
valid_accuracy	 0.7688391467160348 	train_accuracy	 0.7734090240202848
valid_loss	 0.46730637636699573 	train_loss	 0.4608506139303151
epoch 109
valid_auc	 0.8214725567507922 	train_auc	 0.8221884554457479
valid_accuracy	 0.7679345310724954 	train_accuracy	 0.773793891920038
valid_loss	 0.467401899031806 	train_loss	 0.46095133221112455
epoch 110
valid_auc	 0.8210638081736298 	train_auc	 0.8227889615920405
valid_accuracy	 0.7670299154289562 	train_accuracy	 0.7744447714563855
valid_loss	 0.46780025099759664 	train_loss	 0.4603530561888874
epoch 111
valid_auc	 0.8207211649054563 	train_auc	 0.8229889540624478
valid_accuracy	 0.7670299154289562 	train_accuracy	 0.7745523080754341
valid_loss	 0.4679542698824354 	train_loss	 0.4601738159447835
epoch 112
valid_auc	 0.8213752369144025 	train_auc	 0.8228108992440895
valid_accuracy	 0.7681028316573401 	train_accuracy	 0.774376853591723
valid_loss	 0.46718717510963687 	train_loss	 0.46016341844207637
epoch 113
valid_auc	 0.8218287078890323 	train_auc	 0.8227619953183083
valid_accuracy	 0.7672613287331174 	train_accuracy	 0.7739240678273075
valid_loss	 0.46789787861039517 	train_loss	 0.46024775157046255
epoch 114
valid_auc	 0.8217644538679516 	train_auc	 0.8230015986674588
valid_accuracy	 0.7683763201077124 	train_accuracy	 0.774461750922551
valid_loss	 0.4678937570925345 	train_loss	 0.4599259788869822
epoch 115
valid_auc	 0.8211824768009108 	train_auc	 0.822767302439485
valid_accuracy	 0.7673454790255396 	train_accuracy	 0.7745579678974893
valid_loss	 0.468860986852854 	train_loss	 0.4599614572468274
epoch 116
valid_auc	 0.8219594834907906 	train_auc	 0.8232405752856891
valid_accuracy	 0.7686077334118736 	train_accuracy	 0.7744277919902198
valid_loss	 0.46657498497161254 	train_loss	 0.45962893643432884
epoch 117
valid_auc	 0.8216598907092036 	train_auc	 0.823966455380378
valid_accuracy	 0.7677872680607565 	train_accuracy	 0.7745636277195445
valid_loss	 0.4664120271158535 	train_loss	 0.45910146495272947
epoch 118
valid_auc	 0.8218650863300981 	train_auc	 0.8238094579643883
valid_accuracy	 0.767955568645601 	train_accuracy	 0.7744277919902198
valid_loss	 0.4682836889363779 	train_loss	 0.45925670357588505
epoch 119
valid_auc	 0.8220967693087948 	train_auc	 0.8234009193348788
valid_accuracy	 0.7679134934993899 	train_accuracy	 0.7747277625591451
valid_loss	 0.4664943755696617 	train_loss	 0.45953235866783065
epoch 120
valid_auc	 0.8221608156814688 	train_auc	 0.8239041131046173
valid_accuracy	 0.7687549964236126 	train_accuracy	 0.7748070000679179
valid_loss	 0.46719880573805694 	train_loss	 0.4590253274681032
epoch 121
valid_auc	 0.821243839342299 	train_auc	 0.8238026741249854
valid_accuracy	 0.7678714183531787 	train_accuracy	 0.775537117113038
valid_loss	 0.4682562286309086 	train_loss	 0.4588150855097001
epoch 122
valid_auc	 0.8215768449947479 	train_auc	 0.8238498012068689
valid_accuracy	 0.7675979299028064 	train_accuracy	 0.7747277625591451
valid_loss	 0.4674548266596684 	train_loss	 0.4590544557003209
epoch 123
valid_auc	 0.8220141018458972 	train_auc	 0.8244216063459111
valid_accuracy	 0.7683552825346068 	train_accuracy	 0.7755257974689276
valid_loss	 0.46665901071802113 	train_loss	 0.45843045404691407
epoch 124
valid_auc	 0.821909681993796 	train_auc	 0.8242127326537037
valid_accuracy	 0.7681028316573401 	train_accuracy	 0.775537117113038
valid_loss	 0.4670314005253519 	train_loss	 0.4585185517677294
epoch 125
valid_auc	 0.8218353048691666 	train_auc	 0.8245214464872161
valid_accuracy	 0.7684183952539235 	train_accuracy	 0.7754918385365964
valid_loss	 0.46650662519911396 	train_loss	 0.4582272791831618
epoch 126
valid_auc	 0.8222694118987088 	train_auc	 0.8245194570215884
valid_accuracy	 0.7680607565111289 	train_accuracy	 0.7748239795340834
valid_loss	 0.46713245723573915 	train_loss	 0.45826383269649423
epoch 127
valid_auc	 0.8221400147704114 	train_auc	 0.8244706367455782
valid_accuracy	 0.7686918837042959 	train_accuracy	 0.7754012813837133
valid_loss	 0.4668725035291505 	train_loss	 0.458177560094829
epoch 128
valid_auc	 0.8218420627037005 	train_auc	 0.8247588863620857
valid_accuracy	 0.7678924559262843 	train_accuracy	 0.7758540671481289
valid_loss	 0.4665712754816516 	train_loss	 0.45789062822481075
epoch 129
valid_auc	 0.8221006736837673 	train_auc	 0.8248215157735364
valid_accuracy	 0.7692178230319351 	train_accuracy	 0.7756672930203075
valid_loss	 0.46673262196396886 	train_loss	 0.45781980656958093
epoch 130
valid_auc	 0.8222005662156757 	train_auc	 0.8250327115319966
valid_accuracy	 0.7683763201077124 	train_accuracy	 0.7752428063661678
valid_loss	 0.4671998191456278 	train_loss	 0.45768744293814717
epoch 131
valid_auc	 0.8221170223400185 	train_auc	 0.8254197103454841
valid_accuracy	 0.7687760339967181 	train_accuracy	 0.7758710466142944
valid_loss	 0.46627262774884065 	train_loss	 0.4573592383240992
epoch 132
valid_auc	 0.8224610567550298 	train_auc	 0.8250495699585332
valid_accuracy	 0.768733958850507 	train_accuracy	 0.7752824251205542
valid_loss	 0.4668657377600424 	train_loss	 0.45768824667135277
epoch 133
valid_auc	 0.8223754237219283 	train_auc	 0.825267692160699
valid_accuracy	 0.7681869819497623 	train_accuracy	 0.775797468927577
valid_loss	 0.467529568041815 	train_loss	 0.4575813065208688
epoch 134
valid_auc	 0.8221664680075836 	train_auc	 0.8253667488348232
valid_accuracy	 0.7684394328270291 	train_accuracy	 0.7761427180729438
valid_loss	 0.46671361094687486 	train_loss	 0.45725230410172846
epoch 135
valid_auc	 0.8226036127480907 	train_auc	 0.8254441816149132
valid_accuracy	 0.7686077334118736 	train_accuracy	 0.7760295216318399
valid_loss	 0.46600592106998306 	train_loss	 0.45716139906707665
epoch 136
valid_auc	 0.8226754590968328 	train_auc	 0.82564998446122
valid_accuracy	 0.7683132073883957 	train_accuracy	 0.7756616331982522
valid_loss	 0.46667185132748135 	train_loss	 0.4568693410539826
epoch 137
valid_auc	 0.8223330722208237 	train_auc	 0.8253363916049319
valid_accuracy	 0.7680607565111289 	train_accuracy	 0.7763351520228204
valid_loss	 0.4668147390129495 	train_loss	 0.4570400777674222
epoch 138
valid_auc	 0.8222517159650014 	train_auc	 0.8255739022823381
valid_accuracy	 0.7685025455463458 	train_accuracy	 0.7756559733761971
valid_loss	 0.4667143991744748 	train_loss	 0.4569344840115957
epoch 139
valid_auc	 0.8219845114604949 	train_auc	 0.8256762570556657
valid_accuracy	 0.7685235831194513 	train_accuracy	 0.7758370876819632
valid_loss	 0.467684213834302 	train_loss	 0.45693925915895245
epoch 140
valid_auc	 0.8226314249612208 	train_auc	 0.8262140532097983
valid_accuracy	 0.7687970715698237 	train_accuracy	 0.7760408412759503
valid_loss	 0.4665962727623966 	train_loss	 0.45662492514411435
epoch 141
valid_auc	 0.82269723878254 	train_auc	 0.825741021748855
valid_accuracy	 0.7691967854588295 	train_accuracy	 0.776527585972697
valid_loss	 0.4665304982780345 	train_loss	 0.4568299854969929
epoch 142
valid_auc	 0.8228396426950775 	train_auc	 0.82634196512936
valid_accuracy	 0.7691967854588295 	train_accuracy	 0.776295533268434
valid_loss	 0.46612254689618315 	train_loss	 0.45601874853786567
epoch 143
valid_auc	 0.8229858924900785 	train_auc	 0.8259955960516812
valid_accuracy	 0.768586695838768 	train_accuracy	 0.7762332752258269
valid_loss	 0.46633844605350283 	train_loss	 0.45662879525074546
epoch 144
valid_auc	 0.8230761493560124 	train_auc	 0.8268112780296659
valid_accuracy	 0.7689232970084571 	train_accuracy	 0.7770822485341061
valid_loss	 0.46686943741242354 	train_loss	 0.45560189032164167
epoch 145
valid_auc	 0.8227011977505209 	train_auc	 0.8263814196287107
valid_accuracy	 0.7691126351664072 	train_accuracy	 0.7767256797446288
valid_loss	 0.466759631754116 	train_loss	 0.45616755071478854
epoch 146
valid_auc	 0.822686792995317 	train_auc	 0.8264493843538803
valid_accuracy	 0.7685446206925569 	train_accuracy	 0.7763125127345997
valid_loss	 0.46614981214687384 	train_loss	 0.45600439375273416
epoch 147
valid_auc	 0.8228174984060646 	train_auc	 0.826378744334884
valid_accuracy	 0.7695333866285186 	train_accuracy	 0.7762502546919925
valid_loss	 0.46699999054294034 	train_loss	 0.4559997454371976
epoch 148
valid_auc	 0.8232958832900061 	train_auc	 0.8269014409202498
valid_accuracy	 0.7693440484705685 	train_accuracy	 0.7768445360077879
valid_loss	 0.4662765359149579 	train_loss	 0.45576195774630124
epoch 149
valid_auc	 0.8234537224007801 	train_auc	 0.8271507042477286
valid_accuracy	 0.7689443345815626 	train_accuracy	 0.776935093160671
valid_loss	 0.46702453182097237 	train_loss	 0.455414813925634
epoch 150
valid_auc	 0.8226361960002007 	train_auc	 0.8268743061336256
valid_accuracy	 0.7686287709849792 	train_accuracy	 0.7764766475742003
valid_loss	 0.4663016156407069 	train_loss	 0.4557193773163201
epoch 151
valid_auc	 0.8225652338632188 	train_auc	 0.8276625252208931
valid_accuracy	 0.7678714183531787 	train_accuracy	 0.7775576735867424
valid_loss	 0.4665244111580182 	train_loss	 0.4546919132237892
epoch 152
valid_auc	 0.823051271517081 	train_auc	 0.8270876442398034
valid_accuracy	 0.7683132073883957 	train_accuracy	 0.776731339566684
valid_loss	 0.4663485800893319 	train_loss	 0.4552680373000183
epoch 153
valid_auc	 0.8231169673785074 	train_auc	 0.8274405425675229
valid_accuracy	 0.7692178230319351 	train_accuracy	 0.7770539494238301
valid_loss	 0.46599819893890876 	train_loss	 0.45500018209929566
epoch 154
valid_auc	 0.8229658071373804 	train_auc	 0.8278901543051767
valid_accuracy	 0.7694702739092019 	train_accuracy	 0.7770596092458854
valid_loss	 0.46551042365463563 	train_loss	 0.45449485489989894
epoch 155
valid_auc	 0.8232416841312138 	train_auc	 0.8277811839912173
valid_accuracy	 0.769512349055413 	train_accuracy	 0.7773765592809762
valid_loss	 0.46649061272206 	train_loss	 0.45477452927806333
epoch 156
valid_auc	 0.8232222246483615 	train_auc	 0.8279206598492523
valid_accuracy	 0.7694071611898852 	train_accuracy	 0.77719544497521
valid_loss	 0.46655256434607534 	train_loss	 0.45460042594120476
epoch 157
valid_auc	 0.823169481953042 	train_auc	 0.8277091828791046
valid_accuracy	 0.7691336727395127 	train_accuracy	 0.777342600348645
valid_loss	 0.46609829436867994 	train_loss	 0.45464118411675586
epoch 158
valid_auc	 0.8228777486149076 	train_auc	 0.8279183222949444
valid_accuracy	 0.7695333866285186 	train_accuracy	 0.7774444771456386
valid_loss	 0.46667039119742076 	train_loss	 0.45440771490715637
epoch 159
valid_auc	 0.8233290095475743 	train_auc	 0.8278867267343996
valid_accuracy	 0.7697016872133631 	train_accuracy	 0.7776878494940119
valid_loss	 0.4656886178067596 	train_loss	 0.4544199207753854
epoch 160
valid_auc	 0.8231474312520434 	train_auc	 0.8281562668520075
valid_accuracy	 0.7686287709849792 	train_accuracy	 0.7776821896719567
valid_loss	 0.46663802204402677 	train_loss	 0.4542772255071818
epoch 161
valid_auc	 0.823466252471072 	train_auc	 0.8278081102957757
valid_accuracy	 0.7692598981781462 	train_accuracy	 0.7777727468248399
valid_loss	 0.46739257186318744 	train_loss	 0.45453911625360266
epoch 162
valid_auc	 0.8232461266372684 	train_auc	 0.8282539309572912
valid_accuracy	 0.7687760339967181 	train_accuracy	 0.7776482307396255
valid_loss	 0.4663915248801402 	train_loss	 0.45405536050966727
epoch 163
valid_auc	 0.8230728611021343 	train_auc	 0.8285471398917896
valid_accuracy	 0.7691547103126183 	train_accuracy	 0.7781236557922618
valid_loss	 0.4657054410623465 	train_loss	 0.4537369588210481
epoch 164
valid_auc	 0.8235703798606283 	train_auc	 0.828278416073184
valid_accuracy	 0.7691967854588295 	train_accuracy	 0.7773143012383691
valid_loss	 0.46692868231253093 	train_loss	 0.45395640206198556
epoch 165
valid_auc	 0.8232140990639933 	train_auc	 0.8285882893696054
valid_accuracy	 0.7695333866285186 	train_accuracy	 0.7776652102057912
valid_loss	 0.4659488667181136 	train_loss	 0.4538591059030601
epoch 166
valid_auc	 0.8232612274533289 	train_auc	 0.8284824199498003
valid_accuracy	 0.7695754617747297 	train_accuracy	 0.7775293744764664
valid_loss	 0.46658263743522305 	train_loss	 0.4537445732887361
epoch 167
valid_auc	 0.8231831623760102 	train_auc	 0.8282244420577014
valid_accuracy	 0.7697437623595742 	train_accuracy	 0.7785085236920152
valid_loss	 0.46678528313460066 	train_loss	 0.4538350974834876
epoch 168
valid_auc	 0.8237488083345524 	train_auc	 0.8285866362873995
valid_accuracy	 0.7699751756637354 	train_accuracy	 0.7775350342985217
valid_loss	 0.46572306470880026 	train_loss	 0.453559959267389
epoch 169
valid_auc	 0.8229803132795999 	train_auc	 0.8291750243511727
valid_accuracy	 0.7692598981781462 	train_accuracy	 0.7782651513436417
valid_loss	 0.4658263141145513 	train_loss	 0.4530174013128627
epoch 170
valid_auc	 0.8233299990458506 	train_auc	 0.8291902499655843
valid_accuracy	 0.7691547103126183 	train_accuracy	 0.7782934504539177
valid_loss	 0.4660338326904439 	train_loss	 0.4531479593107663
epoch 171
valid_auc	 0.8232946520226928 	train_auc	 0.8288708867025705
valid_accuracy	 0.7700803635292632 	train_accuracy	 0.7779312218423853
valid_loss	 0.4652389012072853 	train_loss	 0.45328837073902367
epoch 172
valid_auc	 0.8232780537984032 	train_auc	 0.8290528043274598
valid_accuracy	 0.7693019733243573 	train_accuracy	 0.7784689049376288
valid_loss	 0.4661149191823248 	train_loss	 0.45289718583847954
epoch 173
valid_auc	 0.82395768508401 	train_auc	 0.8291261851611784
valid_accuracy	 0.7702697016872133 	train_accuracy	 0.7783160897421385
valid_loss	 0.4656980332726496 	train_loss	 0.45302638640773085
epoch 174
valid_auc	 0.8235393271625023 	train_auc	 0.8295957516516178
valid_accuracy	 0.7695333866285186 	train_accuracy	 0.7779425414864957
valid_loss	 0.46586062250505217 	train_loss	 0.4527433554183197
epoch 175
valid_auc	 0.8236659361478731 	train_auc	 0.8296814211505799
valid_accuracy	 0.7696175369209408 	train_accuracy	 0.7787575558624437
valid_loss	 0.46623357066125437 	train_loss	 0.45254331640546686
epoch 176
valid_auc	 0.8236997311697938 	train_auc	 0.8292251746014424
valid_accuracy	 0.7695544242016241 	train_accuracy	 0.7781010165040411
valid_loss	 0.4656664235775241 	train_loss	 0.4529232353342544
epoch 177
valid_auc	 0.823400087694699 	train_auc	 0.8295470659860751
valid_accuracy	 0.7693440484705685 	train_accuracy	 0.7780727173937652
valid_loss	 0.4664925383455848 	train_loss	 0.4525509240724431
epoch 178
valid_auc	 0.8235497934221037 	train_auc	 0.8297963258876249
valid_accuracy	 0.7691126351664072 	train_accuracy	 0.7783160897421385
valid_loss	 0.4669440280687501 	train_loss	 0.45241046210606317
epoch 179
valid_auc	 0.8238286369610159 	train_auc	 0.830278221654843
valid_accuracy	 0.7694281987629907 	train_accuracy	 0.7784915442258495
valid_loss	 0.46583508954552644 	train_loss	 0.4517807726523965
epoch 180
valid_auc	 0.8237568812756626 	train_auc	 0.8297889646364067
valid_accuracy	 0.7697437623595742 	train_accuracy	 0.7789273505240996
valid_loss	 0.46585695694541274 	train_loss	 0.45218124718041425
epoch 181
valid_auc	 0.8238592577894509 	train_auc	 0.8299913520454356
valid_accuracy	 0.7697227247864686 	train_accuracy	 0.7791084648298657
valid_loss	 0.46610452458452717 	train_loss	 0.45200172704117153
epoch 182
valid_auc	 0.8236210197502509 	train_auc	 0.8302117916745753
valid_accuracy	 0.7694071611898852 	train_accuracy	 0.779493332729619
valid_loss	 0.46713390073521294 	train_loss	 0.4516900947707734
epoch 183
valid_auc	 0.8229954218946611 	train_auc	 0.8304101254242682
valid_accuracy	 0.7694281987629907 	train_accuracy	 0.7787518960403885
valid_loss	 0.46660529386280786 	train_loss	 0.4518002060110137
epoch 184
valid_auc	 0.8237668250021838 	train_auc	 0.8303596988870843
valid_accuracy	 0.7694492363360963 	train_accuracy	 0.7791594032283625
valid_loss	 0.4661588063638952 	train_loss	 0.45163165566601104
epoch 185
valid_auc	 0.8238729177400409 	train_auc	 0.830608130784374
valid_accuracy	 0.7696175369209408 	train_accuracy	 0.7792216612709696
valid_loss	 0.466277258186814 	train_loss	 0.45138805916329866
epoch 186
valid_auc	 0.823641901575946 	train_auc	 0.8312373459317517
valid_accuracy	 0.7694071611898852 	train_accuracy	 0.7800649747571936
valid_loss	 0.4667077263653757 	train_loss	 0.450843223554879
epoch 187
valid_auc	 0.8242551253412675 	train_auc	 0.8303140137645204
valid_accuracy	 0.7696175369209408 	train_accuracy	 0.7787292567521678
valid_loss	 0.4652914046681284 	train_loss	 0.4517375809098557
epoch 188
valid_auc	 0.8242446854032952 	train_auc	 0.8305207067100538
valid_accuracy	 0.7692178230319351 	train_accuracy	 0.7794197550429014
valid_loss	 0.4658491245214311 	train_loss	 0.45156111253251885
epoch 189
valid_auc	 0.8237574359796223 	train_auc	 0.8310067719758385
valid_accuracy	 0.7701645138216855 	train_accuracy	 0.7796801068574404
valid_loss	 0.46693399402402685 	train_loss	 0.4510741720475777
epoch 190
valid_auc	 0.8239126887466256 	train_auc	 0.8312088783159272
valid_accuracy	 0.7698279126519965 	train_accuracy	 0.7802347694188495
valid_loss	 0.46551023817265985 	train_loss	 0.45076729301987045
epoch 191
valid_auc	 0.8235030959275841 	train_auc	 0.8311919552963508
valid_accuracy	 0.7693861236167796 	train_accuracy	 0.7803309863937877
valid_loss	 0.4660119244553198 	train_loss	 0.4507457846323453
epoch 192
valid_auc	 0.8241284812603913 	train_auc	 0.8311837576187967
valid_accuracy	 0.7698910253713132 	train_accuracy	 0.7799630979602001
valid_loss	 0.4653325267719804 	train_loss	 0.45076573713973417
epoch 193
valid_auc	 0.8233562982527494 	train_auc	 0.831136464165227
valid_accuracy	 0.7694913114823074 	train_accuracy	 0.7792782594915216
valid_loss	 0.46570401556774565 	train_loss	 0.4507807532999489
epoch 194
valid_auc	 0.8237828275777572 	train_auc	 0.8313682882284255
valid_accuracy	 0.7700593259561577 	train_accuracy	 0.7796914265015508
valid_loss	 0.4662116465078481 	train_loss	 0.45053213550287546
epoch 195
valid_auc	 0.8237583513873874 	train_auc	 0.8310305918191077
valid_accuracy	 0.7698699877982076 	train_accuracy	 0.7793518371782391
valid_loss	 0.46542364643914425 	train_loss	 0.45077896276910834
epoch 196
valid_auc	 0.8236890738346632 	train_auc	 0.8317245249100159
valid_accuracy	 0.7699541380906298 	train_accuracy	 0.7799234792058137
valid_loss	 0.4663705375152035 	train_loss	 0.4502451841401344
epoch 197
valid_auc	 0.8234823749562887 	train_auc	 0.8315830290384845
valid_accuracy	 0.7701224386754744 	train_accuracy	 0.7800706345792489
valid_loss	 0.4664958975982408 	train_loss	 0.4502827075939239
epoch 198
valid_auc	 0.8236243148282553 	train_auc	 0.8313257421134783
valid_accuracy	 0.7696385744940464 	train_accuracy	 0.7797706640103235
valid_loss	 0.4659488093566423 	train_loss	 0.4503891918822036
epoch 199
valid_auc	 0.8236863617319983 	train_auc	 0.8317540500673561
valid_accuracy	 0.7699331005175243 	train_accuracy	 0.7797593443662131
valid_loss	 0.4663168291764223 	train_loss	 0.4501187942537807
epoch 200
valid_auc	 0.8236063118088757 	train_auc	 0.8317442262867887
valid_accuracy	 0.7690495224470905 	train_accuracy	 0.7796121889927781
valid_loss	 0.4663103126024393 	train_loss	 0.4501567890116121
epoch 201
valid_auc	 0.8240197475857554 	train_auc	 0.8319602513920514
valid_accuracy	 0.7687129212774014 	train_accuracy	 0.7805573792759956
valid_loss	 0.466059637184747 	train_loss	 0.4497434722342263
epoch 202
valid_auc	 0.8238842691862774 	train_auc	 0.8318235501084159
valid_accuracy	 0.7697227247864686 	train_accuracy	 0.7800536551130832
valid_loss	 0.4667749160301813 	train_loss	 0.44998607747461
epoch 203
valid_auc	 0.8238529250004819 	train_auc	 0.8325575359515591
valid_accuracy	 0.7703748895527412 	train_accuracy	 0.7807384935817618
valid_loss	 0.4676375733810727 	train_loss	 0.44926955949611
epoch 204
valid_auc	 0.8239292528502848 	train_auc	 0.8321837536591362
valid_accuracy	 0.77033281440653 	train_accuracy	 0.7805573792759956
valid_loss	 0.46589898105795047 	train_loss	 0.4495631084197645
epoch 205
valid_auc	 0.8240689407606567 	train_auc	 0.8320690087274132
valid_accuracy	 0.7701224386754744 	train_accuracy	 0.780076294401304
valid_loss	 0.46661188992434666 	train_loss	 0.4496107797629337
epoch 206
valid_auc	 0.824038694284279 	train_auc	 0.8325071671555568
valid_accuracy	 0.7690915975933016 	train_accuracy	 0.780947906997804
valid_loss	 0.4655073715964097 	train_loss	 0.44923092783147756
epoch 207
valid_auc	 0.8240958200182692 	train_auc	 0.8320473937550694
valid_accuracy	 0.7698910253713132 	train_accuracy	 0.7804498426569468
valid_loss	 0.4657596075132435 	train_loss	 0.4495260783069481
epoch 208
valid_auc	 0.8245562944959706 	train_auc	 0.8324076826685254
valid_accuracy	 0.7703117768334244 	train_accuracy	 0.7802857078173462
valid_loss	 0.46562293308734526 	train_loss	 0.44929549294785076
epoch 209
valid_auc	 0.8243214032031578 	train_auc	 0.8324776972413248
valid_accuracy	 0.7700803635292632 	train_accuracy	 0.780772452514093
valid_loss	 0.46764776495824384 	train_loss	 0.4491573059424129
epoch 210
valid_auc	 0.82415350630547 	train_auc	 0.8332500641260072
valid_accuracy	 0.7700172508099465 	train_accuracy	 0.7806252971406579
valid_loss	 0.46546010380553027 	train_loss	 0.4486063359194358
epoch 211
valid_auc	 0.824045274691536 	train_auc	 0.8330125084832805
valid_accuracy	 0.7697227247864686 	train_accuracy	 0.7802177899526839
valid_loss	 0.46577334418835814 	train_loss	 0.4488608797699828
epoch 212
valid_auc	 0.823496049530006 	train_auc	 0.8329779159484328
valid_accuracy	 0.7696175369209408 	train_accuracy	 0.780308347105567
valid_loss	 0.46785458534579166 	train_loss	 0.44885922619265634
epoch 213
valid_auc	 0.8245283341018177 	train_auc	 0.8329136117572251
valid_accuracy	 0.77033281440653 	train_accuracy	 0.7808743293110865
valid_loss	 0.4660997999395156 	train_loss	 0.44872829266266795
epoch 214
valid_auc	 0.8236879273814877 	train_auc	 0.8332814482067985
valid_accuracy	 0.7693019733243573 	train_accuracy	 0.7811573204138462
valid_loss	 0.4670892034004457 	train_loss	 0.4482611974484982
epoch 215
valid_auc	 0.8245783315487172 	train_auc	 0.8331141357462707
valid_accuracy	 0.77033281440653 	train_accuracy	 0.7801838310203527
valid_loss	 0.46581428198361335 	train_loss	 0.4486737575415577
epoch 216
valid_auc	 0.8238674691628323 	train_auc	 0.8327472045984847
valid_accuracy	 0.7698910253713132 	train_accuracy	 0.7810328043286319
valid_loss	 0.4664210688928864 	train_loss	 0.44861455437175984
epoch 217
valid_auc	 0.8240778228481406 	train_auc	 0.833662689103927
valid_accuracy	 0.7693861236167796 	train_accuracy	 0.7816667043988137
valid_loss	 0.46673324007645756 	train_loss	 0.4479795154155301
epoch 218
valid_auc	 0.8235258163678103 	train_auc	 0.8329172126942936
valid_accuracy	 0.7701014011023688 	train_accuracy	 0.7803536256820086
valid_loss	 0.46608073155075985 	train_loss	 0.4487760419937058
epoch 219
valid_auc	 0.8246869170423305 	train_auc	 0.8330161447502439
valid_accuracy	 0.7697858375057853 	train_accuracy	 0.7811573204138462
valid_loss	 0.4662861654980291 	train_loss	 0.448251877968371
epoch 220
valid_auc	 0.8243352766514054 	train_auc	 0.833389010106995
valid_accuracy	 0.7698279126519965 	train_accuracy	 0.7810724230830183
valid_loss	 0.46521415041420705 	train_loss	 0.44842570466242837
epoch 221
valid_auc	 0.8235462819218166 	train_auc	 0.833770742125347
valid_accuracy	 0.7693861236167796 	train_accuracy	 0.7810214846845215
valid_loss	 0.4670853286593682 	train_loss	 0.4477262571637286
epoch 222
valid_auc	 0.824546591563611 	train_auc	 0.8338407304326891
valid_accuracy	 0.7700803635292632 	train_accuracy	 0.7814006927622196
valid_loss	 0.4653689677480358 	train_loss	 0.44770710137831354
epoch 223
valid_auc	 0.8245122038175997 	train_auc	 0.8335201895778912
valid_accuracy	 0.7697858375057853 	train_accuracy	 0.7812308981005637
valid_loss	 0.4658820394720617 	train_loss	 0.44802840366768004
epoch 224
valid_auc	 0.8242480389738084 	train_auc	 0.8336572021928415
valid_accuracy	 0.7696385744940464 	train_accuracy	 0.7815987865341514
valid_loss	 0.4661839288038306 	train_loss	 0.44786220527415566
epoch 225
valid_auc	 0.8243667865659765 	train_auc	 0.8341205705350214
valid_accuracy	 0.7694281987629907 	train_accuracy	 0.7818930972810215
valid_loss	 0.4673776463896759 	train_loss	 0.44743027206526814
epoch 226
valid_auc	 0.8243898989060123 	train_auc	 0.834146733071492
valid_accuracy	 0.7699331005175243 	train_accuracy	 0.7811290213035702
valid_loss	 0.4657537357983652 	train_loss	 0.4472345948890463
epoch 227
valid_auc	 0.8244349527610305 	train_auc	 0.8346243216606146
valid_accuracy	 0.7698068750788909 	train_accuracy	 0.7820006339000701
valid_loss	 0.46687150561610474 	train_loss	 0.4467183915613479
epoch 228
valid_auc	 0.8237960546837808 	train_auc	 0.8343261317819471
valid_accuracy	 0.7696385744940464 	train_accuracy	 0.7813950329401643
valid_loss	 0.4682984750255524 	train_loss	 0.4471942352143571
epoch 229
valid_auc	 0.8238633347173245 	train_auc	 0.8343398091618608
valid_accuracy	 0.7695964993478353 	train_accuracy	 0.7815931267120961
valid_loss	 0.4669492188769741 	train_loss	 0.4471574658217825
epoch 230
valid_auc	 0.8244298327167472 	train_auc	 0.8348281469606722
valid_accuracy	 0.7693230108974629 	train_accuracy	 0.7815308686694891
valid_loss	 0.4668467641141272 	train_loss	 0.4468631936464005
epoch 231
valid_auc	 0.8242713843090052 	train_auc	 0.8347308783360889
valid_accuracy	 0.7704590398451635 	train_accuracy	 0.7817289624414209
valid_loss	 0.46704410384366496 	train_loss	 0.44677239133780533
epoch 232
valid_auc	 0.8245814316516915 	train_auc	 0.8345496810128112
valid_accuracy	 0.770774603441747 	train_accuracy	 0.7815761472459306
valid_loss	 0.4667001480838238 	train_loss	 0.44669328944915404
epoch 233
valid_auc	 0.8246549742831932 	train_auc	 0.834569170053348
valid_accuracy	 0.7697437623595742 	train_accuracy	 0.7818308392384143
valid_loss	 0.46611473171768497 	train_loss	 0.44667539502156467
epoch 234
valid_auc	 0.8238350282424939 	train_auc	 0.8347509120993662
valid_accuracy	 0.7702697016872133 	train_accuracy	 0.7813667338298884
valid_loss	 0.46624421713988556 	train_loss	 0.4467225210767438
epoch 235
valid_auc	 0.8246250582894912 	train_auc	 0.8348354133564759
valid_accuracy	 0.7701014011023688 	train_accuracy	 0.7824590794865409
valid_loss	 0.4664325366769322 	train_loss	 0.4463797145544666
epoch 236
valid_auc	 0.8243996905520106 	train_auc	 0.8348526704041479
valid_accuracy	 0.7710480918921193 	train_accuracy	 0.7814176722283851
valid_loss	 0.46769477549976834 	train_loss	 0.4465600712304691
epoch 237
valid_auc	 0.8243120171052217 	train_auc	 0.8352435293119722
valid_accuracy	 0.7696175369209408 	train_accuracy	 0.7821817482058364
valid_loss	 0.46782823991590744 	train_loss	 0.44618681947093425
epoch 238
valid_auc	 0.8238836530651833 	train_auc	 0.8354522815264407
valid_accuracy	 0.7694071611898852 	train_accuracy	 0.7820119535441805
valid_loss	 0.466760271879383 	train_loss	 0.44583964509430013
epoch 239
valid_auc	 0.8243064983370024 	train_auc	 0.83569254579443
valid_accuracy	 0.7693440484705685 	train_accuracy	 0.7819440356795182
valid_loss	 0.4659480837249006 	train_loss	 0.44588218015961417
epoch 240
valid_auc	 0.8245542228862786 	train_auc	 0.8354052862000837
valid_accuracy	 0.7696385744940464 	train_accuracy	 0.7827307509451903
valid_loss	 0.4687884809742071 	train_loss	 0.4459415576446722
epoch 241
valid_auc	 0.8244272122523463 	train_auc	 0.835440081792609
valid_accuracy	 0.7696806496402575 	train_accuracy	 0.7818647981707455
valid_loss	 0.4674650324804014 	train_loss	 0.44604151614536447
epoch 242
valid_auc	 0.8240268592999683 	train_auc	 0.8359396921831661
valid_accuracy	 0.768881221862246 	train_accuracy	 0.7823572026895474
valid_loss	 0.4690835435323416 	train_loss	 0.44534834097053305
epoch 243
valid_auc	 0.8248089372903741 	train_auc	 0.8350602343208033
valid_accuracy	 0.7709429040265915 	train_accuracy	 0.7824081410880442
valid_loss	 0.4655817755358552 	train_loss	 0.4459647754400469
epoch 244
valid_auc	 0.8239120053591461 	train_auc	 0.8351949827534293
valid_accuracy	 0.7688601842891404 	train_accuracy	 0.7822949446469403
valid_loss	 0.4659113477148226 	train_loss	 0.4460422969503289
epoch 245
valid_auc	 0.8245882898983657 	train_auc	 0.8355997428685409
valid_accuracy	 0.769996213236841 	train_accuracy	 0.7819440356795182
valid_loss	 0.4661655165430762 	train_loss	 0.4455901240650911
epoch 246
valid_auc	 0.8246996879067843 	train_auc	 0.8359217894192161
valid_accuracy	 0.7700382883830521 	train_accuracy	 0.7821874080278916
valid_loss	 0.46601770966365974 	train_loss	 0.4452935982067157
epoch 247
valid_auc	 0.8241478364316026 	train_auc	 0.835526127786914
valid_accuracy	 0.7697016872133631 	train_accuracy	 0.7830363813361708
valid_loss	 0.4668001528656145 	train_loss	 0.44562360964175096
epoch 248
valid_auc	 0.8246628444502724 	train_auc	 0.8358279871212339
valid_accuracy	 0.7699120629444187 	train_accuracy	 0.7826741527246384
valid_loss	 0.4674014805394815 	train_loss	 0.4454910435109331
epoch 249
valid_auc	 0.8246573188579269 	train_auc	 0.8359403982814461
valid_accuracy	 0.7699331005175243 	train_accuracy	 0.7824930384188721
valid_loss	 0.4670668109921576 	train_loss	 0.44504785652082457
epoch 250
valid_auc	 0.8245690107674162 	train_auc	 0.8363172733314418
valid_accuracy	 0.7698910253713132 	train_accuracy	 0.7825043580629825
valid_loss	 0.46672129642743554 	train_loss	 0.44476448346957903
epoch 251
valid_auc	 0.8242884767949952 	train_auc	 0.8365576370941247
valid_accuracy	 0.7698699877982076 	train_accuracy	 0.7827024518349143
valid_loss	 0.4676849009224223 	train_loss	 0.44461373837268714
epoch 252
valid_auc	 0.8247694372990808 	train_auc	 0.8358154422964102
valid_accuracy	 0.7699751756637354 	train_accuracy	 0.7834325688800344
valid_loss	 0.46674128462109 	train_loss	 0.4452337546714078
epoch 253
valid_auc	 0.824442805380357 	train_auc	 0.8359952014431651
valid_accuracy	 0.7695544242016241 	train_accuracy	 0.7829005456068461
valid_loss	 0.46688330878926837 	train_loss	 0.44526252394682514
epoch 254
valid_auc	 0.8236096507562616 	train_auc	 0.8364313477802738
valid_accuracy	 0.7689864097277738 	train_accuracy	 0.7826571732584727
valid_loss	 0.46736105959612506 	train_loss	 0.4447346362583392
epoch 255
valid_auc	 0.8239743418008083 	train_auc	 0.836688684738121
valid_accuracy	 0.7697858375057853 	train_accuracy	 0.7835287858549728
valid_loss	 0.4672714289779752 	train_loss	 0.4443994609736812
epoch 256
valid_auc	 0.8241192755143579 	train_auc	 0.8363488401284562
valid_accuracy	 0.7695544242016241 	train_accuracy	 0.7834891671005864
valid_loss	 0.46628255384098705 	train_loss	 0.4445999680830012
epoch 257
valid_auc	 0.8241085587118433 	train_auc	 0.8368024802592182
valid_accuracy	 0.7699120629444187 	train_accuracy	 0.782634533970252
valid_loss	 0.4676667956737932 	train_loss	 0.4443093561831657
epoch 258
valid_auc	 0.8241378225140704 	train_auc	 0.836882859552529
valid_accuracy	 0.7691336727395127 	train_accuracy	 0.7829005456068461
valid_loss	 0.46610327560766046 	train_loss	 0.4442142525898433
epoch 259
valid_auc	 0.8234432619904296 	train_auc	 0.8367938630480858
valid_accuracy	 0.7700382883830521 	train_accuracy	 0.783042041158226
valid_loss	 0.4670614659812146 	train_loss	 0.4443034124645713
epoch 260
valid_auc	 0.8243547468578843 	train_auc	 0.8369215030345184
valid_accuracy	 0.7697437623595742 	train_accuracy	 0.7834721876344207
valid_loss	 0.46713108735356457 	train_loss	 0.4439817180994105
epoch 261
valid_auc	 0.8241426188998043 	train_auc	 0.8370859544159347
valid_accuracy	 0.7701224386754744 	train_accuracy	 0.7839306332208915
valid_loss	 0.46784198806973126 	train_loss	 0.4438980864752483
epoch 262
valid_auc	 0.8241703667711746 	train_auc	 0.8369226265965444
valid_accuracy	 0.7698068750788909 	train_accuracy	 0.7831156188449435
valid_loss	 0.46680135724132693 	train_loss	 0.4441993654732673
epoch 263
valid_auc	 0.8241933241060619 	train_auc	 0.8369459096395341
valid_accuracy	 0.7697016872133631 	train_accuracy	 0.7831325983111092
valid_loss	 0.4664236103109059 	train_loss	 0.4439733249966444
epoch 264
valid_auc	 0.8245158342526553 	train_auc	 0.8378695517106096
valid_accuracy	 0.7696385744940464 	train_accuracy	 0.7838627153562292
valid_loss	 0.46655036635523567 	train_loss	 0.4432296271239452
epoch 265
valid_auc	 0.8239366209566622 	train_auc	 0.8374972318617081
valid_accuracy	 0.7696596120671519 	train_accuracy	 0.7834269090579792
valid_loss	 0.46740200513432395 	train_loss	 0.4435896341141022
epoch 266
valid_auc	 0.8243482288426369 	train_auc	 0.8370033717505427
valid_accuracy	 0.7702065889678966 	train_accuracy	 0.783625002829911
valid_loss	 0.466779341336907 	train_loss	 0.44373319619490276
epoch 267
valid_auc	 0.8245395276182803 	train_auc	 0.8376402177269413
valid_accuracy	 0.7700172508099465 	train_accuracy	 0.7835457653211383
valid_loss	 0.46819146947639706 	train_loss	 0.44321623851025693
epoch 268
valid_auc	 0.8244862204702494 	train_auc	 0.8369391549919025
valid_accuracy	 0.7700172508099465 	train_accuracy	 0.7836646215842974
valid_loss	 0.46764294985223637 	train_loss	 0.443667987618024
epoch 269
valid_auc	 0.824480329299723 	train_auc	 0.8381706010267975
valid_accuracy	 0.7708587537341692 	train_accuracy	 0.7846947091983428
valid_loss	 0.467364083038565 	train_loss	 0.44292008162465596
epoch 270
valid_auc	 0.8240780334211728 	train_auc	 0.8375381181139645
valid_accuracy	 0.7695544242016241 	train_accuracy	 0.783506146566752
valid_loss	 0.4684495776814594 	train_loss	 0.44328619478046116
epoch 271
valid_auc	 0.8246426450371819 	train_auc	 0.8374744857617448
valid_accuracy	 0.7700593259561577 	train_accuracy	 0.7841060877046026
valid_loss	 0.4667828453551535 	train_loss	 0.4434708943329655
epoch 272
valid_auc	 0.8243537797817363 	train_auc	 0.8382616462368938
valid_accuracy	 0.7699331005175243 	train_accuracy	 0.7840947680604922
valid_loss	 0.46824142173954564 	train_loss	 0.4426706722472569
epoch 273
valid_auc	 0.8239330714362442 	train_auc	 0.8378519629901684
valid_accuracy	 0.7694492363360963 	train_accuracy	 0.7838117769577324
valid_loss	 0.4672672409810886 	train_loss	 0.44308037857976584
epoch 274
valid_auc	 0.8243189962364146 	train_auc	 0.8383056978335977
valid_accuracy	 0.7695333866285186 	train_accuracy	 0.7843211609427
valid_loss	 0.467006381426468 	train_loss	 0.44260045008509286
epoch 275
valid_auc	 0.8244261340404313 	train_auc	 0.8381039526435442
valid_accuracy	 0.7701855513947911 	train_accuracy	 0.7848928029702746
valid_loss	 0.467983875634309 	train_loss	 0.44276224644618367
epoch 276
valid_auc	 0.8234524989324679 	train_auc	 0.8388173915477676
valid_accuracy	 0.7692809357512518 	train_accuracy	 0.7842532430780377
valid_loss	 0.4675294191179641 	train_loss	 0.44211451725045786
epoch 277
valid_auc	 0.8241914611196519 	train_auc	 0.8382603996982847
valid_accuracy	 0.7702065889678966 	train_accuracy	 0.7834382287020896
valid_loss	 0.46809712855165253 	train_loss	 0.44265295839549884
epoch 278
valid_auc	 0.8248126632631942 	train_auc	 0.8385588907732265
valid_accuracy	 0.7704380022720579 	train_accuracy	 0.7848079056394467
valid_loss	 0.46714348283768764 	train_loss	 0.44212291112690594
epoch 279
valid_auc	 0.8245886135569152 	train_auc	 0.8387936179545425
valid_accuracy	 0.7704380022720579 	train_accuracy	 0.7846720699101221
valid_loss	 0.4684962190060915 	train_loss	 0.4421027234684965
epoch 280
valid_auc	 0.823269496344344 	train_auc	 0.8386499748818939
valid_accuracy	 0.7694492363360963 	train_accuracy	 0.784207964501596
valid_loss	 0.4678053649594286 	train_loss	 0.44217005268915216
epoch 281
valid_auc	 0.823715968690278 	train_auc	 0.838900585027784
valid_accuracy	 0.7706904531493247 	train_accuracy	 0.7845249145366869
valid_loss	 0.4678287976420791 	train_loss	 0.44193930246539653
epoch 282
valid_auc	 0.8241006008060008 	train_auc	 0.8388005576023501
valid_accuracy	 0.7700803635292632 	train_accuracy	 0.7847739467071155
valid_loss	 0.46817063892159994 	train_loss	 0.4418936749715776
epoch 283
valid_auc	 0.8237278524183462 	train_auc	 0.8384398724944584
valid_accuracy	 0.7692809357512518 	train_accuracy	 0.785164474428924
valid_loss	 0.4680140051437779 	train_loss	 0.4420792135675724
epoch 284
valid_auc	 0.8240127957510668 	train_auc	 0.8388541227189096
valid_accuracy	 0.7702276265410022 	train_accuracy	 0.7851588146068688
valid_loss	 0.4675255441585189 	train_loss	 0.44174175728214093
epoch 285
valid_auc	 0.8234949605944644 	train_auc	 0.8393740204628772
valid_accuracy	 0.7703117768334244 	train_accuracy	 0.7849267619026058
valid_loss	 0.46865329236748954 	train_loss	 0.4411185052813703
epoch 286
valid_auc	 0.8235184628845601 	train_auc	 0.8389760197774233
valid_accuracy	 0.7697858375057853 	train_accuracy	 0.784553213646963
valid_loss	 0.4686948271444864 	train_loss	 0.44181900899379317
epoch 287
valid_auc	 0.8246371018970838 	train_auc	 0.8392228027321715
valid_accuracy	 0.77033281440653 	train_accuracy	 0.784728668130674
valid_loss	 0.46710657534536953 	train_loss	 0.44158875987907525
epoch 288
valid_auc	 0.8244784341424329 	train_auc	 0.8391512523438674
valid_accuracy	 0.7698699877982076 	train_accuracy	 0.7843947386294174
valid_loss	 0.46817869145206886 	train_loss	 0.4415464638687211
epoch 289
valid_auc	 0.8250535383396724 	train_auc	 0.8393915408788553
valid_accuracy	 0.7700803635292632 	train_accuracy	 0.7849154422584954
valid_loss	 0.46832146759572674 	train_loss	 0.44115491085419556
epoch 290
valid_auc	 0.8245994912138295 	train_auc	 0.839281034606644
valid_accuracy	 0.7706904531493247 	train_accuracy	 0.7849720404790473
valid_loss	 0.46747521142452564 	train_loss	 0.44123628276452104
epoch 291
valid_auc	 0.8232606298548624 	train_auc	 0.8388923620840021
valid_accuracy	 0.7688601842891404 	train_accuracy	 0.7851022163863168
valid_loss	 0.4687748528996601 	train_loss	 0.441686632329114
epoch 292
valid_auc	 0.8242349922196872 	train_auc	 0.8392668612521073
valid_accuracy	 0.7700803635292632 	train_accuracy	 0.7841626859251545
valid_loss	 0.46764749763732305 	train_loss	 0.44149602939887284
epoch 293
valid_auc	 0.8242896164240446 	train_auc	 0.839677746999977
valid_accuracy	 0.7688181091429293 	train_accuracy	 0.7856116003712843
valid_loss	 0.4695876779292543 	train_loss	 0.44118636397607086
epoch 294
valid_auc	 0.824596474950118 	train_auc	 0.8395259261629875
valid_accuracy	 0.7702065889678966 	train_accuracy	 0.7849324217246609
valid_loss	 0.46792906504678655 	train_loss	 0.44123707560962505
epoch 295
valid_auc	 0.8241163343160329 	train_auc	 0.8401448189143542
valid_accuracy	 0.7695754617747297 	train_accuracy	 0.7851305154965927
valid_loss	 0.467784557819309 	train_loss	 0.44082950259117193
epoch 296
valid_auc	 0.8240611212870854 	train_auc	 0.839456940867788
valid_accuracy	 0.7696596120671519 	train_accuracy	 0.7854191664214077
valid_loss	 0.4671240991645474 	train_loss	 0.44097342720272514
epoch 297
valid_auc	 0.8241498144532802 	train_auc	 0.8401539409504267
valid_accuracy	 0.7698910253713132 	train_accuracy	 0.7852210726494759
valid_loss	 0.4681275525515744 	train_loss	 0.4406254175197753
epoch 298
valid_auc	 0.8245933085556336 	train_auc	 0.8401684078642706
valid_accuracy	 0.7693861236167796 	train_accuracy	 0.7856285798374499
valid_loss	 0.46953460356206767 	train_loss	 0.4405174031451564
epoch 299
valid_auc	 0.8242724742194217 	train_auc	 0.8399450307863483
valid_accuracy	 0.7696385744940464 	train_accuracy	 0.784989019945213
valid_loss	 0.46766478825155167 	train_loss	 0.4406384991570887
epoch 300
valid_auc	 0.8237991577113808 	train_auc	 0.8401460221292336
valid_accuracy	 0.7700172508099465 	train_accuracy	 0.7860926852459759
valid_loss	 0.46829490972332527 	train_loss	 0.4402212259548411


Start testing ......................
 Best epoch: 289

test_auc	 0.8193904966000709
test_accuracy	 0.7713051795028545
test_loss	 0.4681211480437476
