nohup: ignoring input
	 max_iter 	 300
	 train_set 	 3
	 seed 	 224
	 wd 	 5e-05
	 optim 	 adam
	 batch_size 	 32
	 lr 	 1e-05
	 maxgradnorm 	 -1
	 final_fc_dim 	 512
	 d_model 	 256
	 d_ff 	 1024
	 dropout 	 0.05
	 n_block 	 1
	 n_head 	 8
	 kq_same 	 1
	 l2 	 1e-05
	 q_embed_dim 	 50
	 qa_embed_dim 	 256
	 memory_size 	 50
	 init_std 	 0.1
	 hidden_dim 	 512
	 lamda_r 	 0.1
	 lamda_w1 	 0.1
	 lamda_w2 	 0.1
	 model 	 akt_cid
	 dataset 	 assist2009
	 n_question 	 110
	 seqlen 	 200
	 data_dir 	 data/assist2009
	 data_name 	 assist2009
	 save 	 assist2009
	 load 	 assist2009


train_q_data.shape (2824, 200)
train_qa_data.shape (2824, 200)
valid_q_data.shape (613, 200)
valid_qa_data.shape (613, 200)




epoch 1
valid_auc	 0.6893911053434945 	train_auc	 0.566366370001244
valid_accuracy	 0.6668390953243095 	train_accuracy	 0.6374583599495304
valid_loss	 0.6068068096551189 	train_loss	 0.6487991788353176
epoch 2
valid_auc	 0.7052358436848863 	train_auc	 0.688274097633349
valid_accuracy	 0.7070724487743196 	train_accuracy	 0.6891844093315947
valid_loss	 0.5812859581333504 	train_loss	 0.5968445801120568
epoch 3
valid_auc	 0.7123906881583486 	train_auc	 0.7075891064629506
valid_accuracy	 0.7104635457079633 	train_accuracy	 0.7039610180497411
valid_loss	 0.574499283842281 	train_loss	 0.5830674985723238
epoch 4
valid_auc	 0.7180906548677718 	train_auc	 0.7157487827161452
valid_accuracy	 0.713078713682214 	train_accuracy	 0.7080101995026951
valid_loss	 0.5695525978469169 	train_loss	 0.5763548288488193
epoch 5
valid_auc	 0.7240817739191072 	train_auc	 0.7224764057984749
valid_accuracy	 0.7144868810529643 	train_accuracy	 0.7109876940782701
valid_loss	 0.5649794210889207 	train_loss	 0.5710306226482741
epoch 6
valid_auc	 0.7314066943393117 	train_auc	 0.7285528687799836
valid_accuracy	 0.7203207173032158 	train_accuracy	 0.7148257057031692
valid_loss	 0.559182681875131 	train_loss	 0.5659656670741047
epoch 7
valid_auc	 0.7402755741762849 	train_auc	 0.7365820973502131
valid_accuracy	 0.7264131965399316 	train_accuracy	 0.721229430738936
valid_loss	 0.5524350471772551 	train_loss	 0.5592327609851132
epoch 8
valid_auc	 0.747571237113922 	train_auc	 0.7440540311250875
valid_accuracy	 0.730522746213754 	train_accuracy	 0.7262711103837484
valid_loss	 0.5456057038318444 	train_loss	 0.5521951997917315
epoch 9
valid_auc	 0.7562237675702835 	train_auc	 0.7514102484674076
valid_accuracy	 0.7350346294220766 	train_accuracy	 0.7300827257801406
valid_loss	 0.5377945626273323 	train_loss	 0.5453494573037512
epoch 10
valid_auc	 0.7645969248159245 	train_auc	 0.760243470098438
valid_accuracy	 0.7408397275627209 	train_accuracy	 0.7350399374937309
valid_loss	 0.5299514778714007 	train_loss	 0.5371596919301513
epoch 11
valid_auc	 0.7708220257326049 	train_auc	 0.767109458658157
valid_accuracy	 0.7450354915653649 	train_accuracy	 0.7398229340991759
valid_loss	 0.5233707637146976 	train_loss	 0.5298608848861923
epoch 12
valid_auc	 0.7750282619296378 	train_auc	 0.7721102319608706
valid_accuracy	 0.7460700635112222 	train_accuracy	 0.7431435796453403
valid_loss	 0.5189369070428597 	train_loss	 0.5243881946952519
epoch 13
valid_auc	 0.7791390264391894 	train_auc	 0.7760492353179876
valid_accuracy	 0.7488289220335086 	train_accuracy	 0.7449649194123144
valid_loss	 0.5144121783611044 	train_loss	 0.5203367909347674
epoch 14
valid_auc	 0.7819367177309615 	train_auc	 0.7788019435520743
valid_accuracy	 0.7503233037330804 	train_accuracy	 0.7464272704715951
valid_loss	 0.5112764671854175 	train_loss	 0.5171172161597355
epoch 15
valid_auc	 0.7851151128455625 	train_auc	 0.7821552571092623
valid_accuracy	 0.7512429232405092 	train_accuracy	 0.7486234366833667
valid_loss	 0.5077826762516261 	train_loss	 0.5133365872091985
epoch 16
valid_auc	 0.7871976550693187 	train_auc	 0.7861714797166528
valid_accuracy	 0.7511279708020806 	train_accuracy	 0.7508671161064507
valid_loss	 0.506888324921948 	train_loss	 0.5092195223824918
epoch 17
valid_auc	 0.7913167409231664 	train_auc	 0.7888352865120984
valid_accuracy	 0.755783544558439 	train_accuracy	 0.7529629766498963
valid_loss	 0.5008529692695395 	train_loss	 0.5058124159659904
epoch 18
valid_auc	 0.7943201166814031 	train_auc	 0.7922439905697745
valid_accuracy	 0.7588010460671897 	train_accuracy	 0.7547631994340649
valid_loss	 0.4970035053144378 	train_loss	 0.5017909522599516
epoch 19
valid_auc	 0.7963714366865366 	train_auc	 0.7949891952986171
valid_accuracy	 0.7594045463689398 	train_accuracy	 0.7568590599775105
valid_loss	 0.494178976115021 	train_loss	 0.4980890861734846
epoch 20
valid_auc	 0.7974434360474811 	train_auc	 0.7961812728526815
valid_accuracy	 0.75980687990344 	train_accuracy	 0.7575717581471959
valid_loss	 0.49299172872013847 	train_loss	 0.4959967661522586
epoch 21
valid_auc	 0.7985951502098654 	train_auc	 0.7979973073107209
valid_accuracy	 0.76020921343794 	train_accuracy	 0.7589021280639422
valid_loss	 0.490510761460865 	train_loss	 0.493736734281502
epoch 22
valid_auc	 0.7991166502125284 	train_auc	 0.799040328043742
valid_accuracy	 0.7602954277667615 	train_accuracy	 0.7592980714915453
valid_loss	 0.4892997159770483 	train_loss	 0.492048475606934
epoch 23
valid_auc	 0.8003540773781102 	train_auc	 0.8003202727970744
valid_accuracy	 0.7611863091645832 	train_accuracy	 0.760126913066661
valid_loss	 0.4880716850032905 	train_loss	 0.4902229835679553
epoch 24
valid_auc	 0.800376140732625 	train_auc	 0.8014527044541768
valid_accuracy	 0.7618472856855476 	train_accuracy	 0.7605228564942641
valid_loss	 0.4878750250789042 	train_loss	 0.4887895925673969
epoch 25
valid_auc	 0.801276169977851 	train_auc	 0.8018929160706669
valid_accuracy	 0.762105928672012 	train_accuracy	 0.7608237734992425
valid_loss	 0.4858492381611024 	train_loss	 0.4882209237213589
epoch 26
valid_auc	 0.8020849448471105 	train_auc	 0.8027234768623672
valid_accuracy	 0.7630255481794408 	train_accuracy	 0.7609715923788809
valid_loss	 0.4850578427216506 	train_loss	 0.4867669556561322
epoch 27
valid_auc	 0.8026108144376174 	train_auc	 0.8037344536068826
valid_accuracy	 0.7630255481794408 	train_accuracy	 0.7613305810865744
valid_loss	 0.4843589452644978 	train_loss	 0.48542574600449445
epoch 28
valid_auc	 0.8034810216636403 	train_auc	 0.8047044837816987
valid_accuracy	 0.763830215248441 	train_accuracy	 0.7611088527671166
valid_loss	 0.48294367580959097 	train_loss	 0.4841121306963669
epoch 29
valid_auc	 0.8037849020782607 	train_auc	 0.8050021352892115
valid_accuracy	 0.7626232146449407 	train_accuracy	 0.7617265245141774
valid_loss	 0.48253253841476446 	train_loss	 0.48363889506714375
epoch 30
valid_auc	 0.8042551666671482 	train_auc	 0.8057874657413076
valid_accuracy	 0.7640026439060839 	train_accuracy	 0.7629143547969867
valid_loss	 0.48216248933259404 	train_loss	 0.4826234225914233
epoch 31
valid_auc	 0.804197463223428 	train_auc	 0.8064244186656762
valid_accuracy	 0.7635428341523695 	train_accuracy	 0.762750698180244
valid_loss	 0.48182016175787507 	train_loss	 0.4816930581865942
epoch 32
valid_auc	 0.8050212317400532 	train_auc	 0.8067103258599893
valid_accuracy	 0.7638876914676552 	train_accuracy	 0.7635056303155405
valid_loss	 0.4809288868681961 	train_loss	 0.48130253822169566
epoch 33
valid_auc	 0.8054620234310782 	train_auc	 0.8071768715438303
valid_accuracy	 0.7635715722619766 	train_accuracy	 0.7635795397553597
valid_loss	 0.48016842029808626 	train_loss	 0.4805796785524573
epoch 34
valid_auc	 0.8053255986961165 	train_auc	 0.8073855409431439
valid_accuracy	 0.7647785728654769 	train_accuracy	 0.7638329435490258
valid_loss	 0.4804254655434147 	train_loss	 0.4801085110163538
epoch 35
valid_auc	 0.8058582984371079 	train_auc	 0.8082914114964904
valid_accuracy	 0.7644911917694054 	train_accuracy	 0.7639174114802477
valid_loss	 0.47954939600791463 	train_loss	 0.4791748527748231
epoch 36
valid_auc	 0.8060208515617695 	train_auc	 0.808568602855001
valid_accuracy	 0.7648935253039055 	train_accuracy	 0.7639966001657683
valid_loss	 0.47939246545722897 	train_loss	 0.4786984176143471
epoch 37
valid_auc	 0.8061830109964085 	train_auc	 0.8091980679135117
valid_accuracy	 0.764606144207834 	train_accuracy	 0.7642922379250453
valid_loss	 0.47940320568068223 	train_loss	 0.4780798233569492
epoch 38
valid_auc	 0.8063569439911542 	train_auc	 0.8092443486263998
valid_accuracy	 0.7657269304825128 	train_accuracy	 0.7647990455123772
valid_loss	 0.4788652994239046 	train_loss	 0.47773665059505854
epoch 39
valid_auc	 0.8069817152006118 	train_auc	 0.80989101484557
valid_accuracy	 0.7658706210305486 	train_accuracy	 0.765374483293827
valid_loss	 0.4780839295197992 	train_loss	 0.4769252768522203
epoch 40
valid_auc	 0.8074768546850238 	train_auc	 0.810082781345235
valid_accuracy	 0.7660717877977986 	train_accuracy	 0.7647409738096621
valid_loss	 0.47759184664827564 	train_loss	 0.476691628241249
epoch 41
valid_auc	 0.807340844067397 	train_auc	 0.8103957587707078
valid_accuracy	 0.7654682874960486 	train_accuracy	 0.765205547431383
valid_loss	 0.4776117311976819 	train_loss	 0.4762851020554819
epoch 42
valid_auc	 0.8072989457924569 	train_auc	 0.8106332874109046
valid_accuracy	 0.765928097249763 	train_accuracy	 0.7651949889399803
valid_loss	 0.4774383301038012 	train_loss	 0.47596401934915544
epoch 43
valid_auc	 0.8076298478274413 	train_auc	 0.8106848886057003
valid_accuracy	 0.7654970256056557 	train_accuracy	 0.7656437248245971
valid_loss	 0.47743108925448974 	train_loss	 0.47584598891694047
epoch 44
valid_auc	 0.8081618641819786 	train_auc	 0.8110863431046658
valid_accuracy	 0.7641750725637267 	train_accuracy	 0.7661663701490331
valid_loss	 0.4768344614427536 	train_loss	 0.4751512515884079
epoch 45
valid_auc	 0.8083444249307075 	train_auc	 0.8115428200531225
valid_accuracy	 0.766905192976406 	train_accuracy	 0.7660924607092139
valid_loss	 0.4763619844110813 	train_loss	 0.4749010609553129
epoch 46
valid_auc	 0.8085114572078889 	train_auc	 0.811771829987955
valid_accuracy	 0.7664453832226916 	train_accuracy	 0.7660713437264084
valid_loss	 0.4760305431718155 	train_loss	 0.47437339181957894
epoch 47
valid_auc	 0.8085856622060423 	train_auc	 0.8121809268921625
valid_accuracy	 0.7661867402362272 	train_accuracy	 0.7664989626282197
valid_loss	 0.4761347115556744 	train_loss	 0.47381878970550045
epoch 48
valid_auc	 0.8091873449813038 	train_auc	 0.8126426601577745
valid_accuracy	 0.7664741213322988 	train_accuracy	 0.7668685098273159
valid_loss	 0.47553736626327053 	train_loss	 0.4734613580972433
epoch 49
valid_auc	 0.8092505099455719 	train_auc	 0.8128415989538756
valid_accuracy	 0.7658131448113343 	train_accuracy	 0.7665834305594417
valid_loss	 0.47534216142624813 	train_loss	 0.47324851918849
epoch 50
valid_auc	 0.8095296157442018 	train_auc	 0.8134688416742306
valid_accuracy	 0.7663016926746559 	train_accuracy	 0.7668051588788993
valid_loss	 0.4750678465904126 	train_loss	 0.47255357698811873
epoch 51
valid_auc	 0.8100876917783879 	train_auc	 0.813727787185847
valid_accuracy	 0.7668477167571918 	train_accuracy	 0.7672327777807106
valid_loss	 0.4744544932534421 	train_loss	 0.4721718058774881
epoch 52
valid_auc	 0.8103135250030788 	train_auc	 0.8134929494472177
valid_accuracy	 0.7662442164554416 	train_accuracy	 0.7675072985571821
valid_loss	 0.47415989330657793 	train_loss	 0.4722413930013808
epoch 53
valid_auc	 0.8099434600959989 	train_auc	 0.8138883253558743
valid_accuracy	 0.7668477167571918 	train_accuracy	 0.7678662872648756
valid_loss	 0.47454110228733243 	train_loss	 0.4716892670252081
epoch 54
valid_auc	 0.8097664128646134 	train_auc	 0.8146401844318998
valid_accuracy	 0.768054717360692 	train_accuracy	 0.7682199967268677
valid_loss	 0.47426872983973895 	train_loss	 0.4708398397044529
epoch 55
valid_auc	 0.8099411870932277 	train_auc	 0.8147285579021895
valid_accuracy	 0.7656981923729057 	train_accuracy	 0.7679613136875003
valid_loss	 0.4743751972526708 	train_loss	 0.47101772589583873
epoch 56
valid_auc	 0.8110663234650373 	train_auc	 0.8142812107078208
valid_accuracy	 0.7661005259074058 	train_accuracy	 0.7680405023730209
valid_loss	 0.4740543912286906 	train_loss	 0.47121127765159293
epoch 57
valid_auc	 0.8110063897301991 	train_auc	 0.8149969335306403
valid_accuracy	 0.7676811219357991 	train_accuracy	 0.7681566457784512
valid_loss	 0.4734642741512262 	train_loss	 0.47070431099277094
epoch 58
valid_auc	 0.8110501914592574 	train_auc	 0.815278838773069
valid_accuracy	 0.7666752880995488 	train_accuracy	 0.7680880155843333
valid_loss	 0.47343342014477063 	train_loss	 0.47014932497314155
epoch 59
valid_auc	 0.8111499398831622 	train_auc	 0.8153999910357267
valid_accuracy	 0.7671638359628704 	train_accuracy	 0.7681196910585416
valid_loss	 0.4731428765784211 	train_loss	 0.46981565698627153
epoch 60
valid_auc	 0.8111531506852796 	train_auc	 0.8157414424044909
valid_accuracy	 0.7679972411414777 	train_accuracy	 0.7680668986015278
valid_loss	 0.4729879354423678 	train_loss	 0.4695980770651242
epoch 61
valid_auc	 0.8109856912915642 	train_auc	 0.8157917626532415
valid_accuracy	 0.7673075265109061 	train_accuracy	 0.7683625363608048
valid_loss	 0.4736444843957531 	train_loss	 0.4695809769230818
epoch 62
valid_auc	 0.8116265276537789 	train_auc	 0.8164349239810016
valid_accuracy	 0.7669339310860132 	train_accuracy	 0.7691649817074137
valid_loss	 0.473279431721121 	train_loss	 0.46918901473006175
epoch 63
valid_auc	 0.8116076862435517 	train_auc	 0.8165232186980211
valid_accuracy	 0.7669339310860132 	train_accuracy	 0.768732083559901
valid_loss	 0.4729302443870652 	train_loss	 0.4688787834803179
epoch 64
valid_auc	 0.8121336802549619 	train_auc	 0.8165955601908139
valid_accuracy	 0.7674512170589418 	train_accuracy	 0.769212494918726
valid_loss	 0.47232168419519266 	train_loss	 0.4686407171794197
epoch 65
valid_auc	 0.8118910539223778 	train_auc	 0.8172106569192026
valid_accuracy	 0.7672500502916918 	train_accuracy	 0.7694078270096768
valid_loss	 0.4724710559100703 	train_loss	 0.4682051081813485
epoch 66
valid_auc	 0.8117377432281027 	train_auc	 0.8175834659979764
valid_accuracy	 0.7676523838261919 	train_accuracy	 0.7693919892725727
valid_loss	 0.4726360804229352 	train_loss	 0.4676284298322333
epoch 67
valid_auc	 0.8122948053247778 	train_auc	 0.8174929521572203
valid_accuracy	 0.7676523838261919 	train_accuracy	 0.7691544232160109
valid_loss	 0.4720404388069141 	train_loss	 0.467714450296218
epoch 68
valid_auc	 0.8124113022878938 	train_auc	 0.8179022034153643
valid_accuracy	 0.7674512170589418 	train_accuracy	 0.769692906277551
valid_loss	 0.47203013572229297 	train_loss	 0.4672927251213323
epoch 69
valid_auc	 0.8126796057522747 	train_auc	 0.8183907770811645
valid_accuracy	 0.7675949076069776 	train_accuracy	 0.7709810422286864
valid_loss	 0.4717067779639967 	train_loss	 0.4665738649043293
epoch 70
valid_auc	 0.81289841198147 	train_auc	 0.8185613199454554
valid_accuracy	 0.7683133603471564 	train_accuracy	 0.770284181796105
valid_loss	 0.4712940278861986 	train_loss	 0.4666285324207103
epoch 71
valid_auc	 0.8133324236617776 	train_auc	 0.8188812272259792
valid_accuracy	 0.7682846222375492 	train_accuracy	 0.7704267214300421
valid_loss	 0.4713581545205736 	train_loss	 0.4661629267085114
epoch 72
valid_auc	 0.8130848650617419 	train_auc	 0.819194105560799
valid_accuracy	 0.7688019082104779 	train_accuracy	 0.7705375855897709
valid_loss	 0.47108850923328105 	train_loss	 0.46582270262402037
epoch 73
valid_auc	 0.8130115328669405 	train_auc	 0.8191291294150409
valid_accuracy	 0.768428312785585 	train_accuracy	 0.7706748459780066
valid_loss	 0.4710199376569846 	train_loss	 0.46566553406390915
epoch 74
valid_auc	 0.8133260484832532 	train_auc	 0.8191940715003189
valid_accuracy	 0.7678248124838348 	train_accuracy	 0.7711974913024428
valid_loss	 0.4710912197081474 	train_loss	 0.46557219570485053
epoch 75
valid_auc	 0.813442448880892 	train_auc	 0.8197684265164153
valid_accuracy	 0.7679110268126562 	train_accuracy	 0.7705111893612641
valid_loss	 0.4705037304408946 	train_loss	 0.4651222536408117
epoch 76
valid_auc	 0.8134316521177282 	train_auc	 0.8197478157842377
valid_accuracy	 0.7687731701008708 	train_accuracy	 0.7709493667544781
valid_loss	 0.4706760407960175 	train_loss	 0.4651002363290464
epoch 77
valid_auc	 0.8131548063226707 	train_auc	 0.8194078524442929
valid_accuracy	 0.7691467655257637 	train_accuracy	 0.7713453101820812
valid_loss	 0.47104495767752413 	train_loss	 0.4653997650625281
epoch 78
valid_auc	 0.8134997753478453 	train_auc	 0.8202257531842203
valid_accuracy	 0.7690605511969423 	train_accuracy	 0.7713664271648867
valid_loss	 0.4704809624447374 	train_loss	 0.46443359155443475
epoch 79
valid_auc	 0.8137194989490741 	train_auc	 0.8201201849821094
valid_accuracy	 0.768054717360692 	train_accuracy	 0.7712344460223524
valid_loss	 0.4704762438043006 	train_loss	 0.4646200085890929
epoch 80
valid_auc	 0.8138026492530687 	train_auc	 0.8204345966566959
valid_accuracy	 0.7687731701008708 	train_accuracy	 0.7712027705481441
valid_loss	 0.47006180906772455 	train_loss	 0.4641024653183991
epoch 81
valid_auc	 0.8142578459134541 	train_auc	 0.8204482222087233
valid_accuracy	 0.7682846222375492 	train_accuracy	 0.7717887668209966
valid_loss	 0.47046368311037606 	train_loss	 0.4641494155282365
epoch 82
valid_auc	 0.8140094739349759 	train_auc	 0.8204515246535407
valid_accuracy	 0.7688881225392994 	train_accuracy	 0.7723325291282381
valid_loss	 0.4699457402375471 	train_loss	 0.4640962228770998
epoch 83
valid_auc	 0.81391048503569 	train_auc	 0.8206749786502605
valid_accuracy	 0.769405408512228 	train_accuracy	 0.7720791253345722
valid_loss	 0.46992204764522744 	train_loss	 0.46387680568413786
epoch 84
valid_auc	 0.8141416460748834 	train_auc	 0.8212780723047051
valid_accuracy	 0.7689743368681208 	train_accuracy	 0.7719735404205447
valid_loss	 0.46982691674059357 	train_loss	 0.4633832320539149
epoch 85
valid_auc	 0.8141422273247751 	train_auc	 0.8211396672652336
valid_accuracy	 0.7683420984567635 	train_accuracy	 0.7722216649685093
valid_loss	 0.46977777197302123 	train_loss	 0.4634274452213867
epoch 86
valid_auc	 0.814192030969648 	train_auc	 0.8212142036499872
valid_accuracy	 0.7694916228410495 	train_accuracy	 0.7723853215852519
valid_loss	 0.4697006258789036 	train_loss	 0.4632874386128506
epoch 87
valid_auc	 0.8144466648479178 	train_auc	 0.8219203784733304
valid_accuracy	 0.7691467655257637 	train_accuracy	 0.7722269442142107
valid_loss	 0.46972552810865686 	train_loss	 0.4625289680717886
epoch 88
valid_auc	 0.8140454334330675 	train_auc	 0.8218363439744134
valid_accuracy	 0.7685145271144064 	train_accuracy	 0.7723536461110436
valid_loss	 0.46970993192915667 	train_loss	 0.4627227465200847
epoch 89
valid_auc	 0.8145706456355178 	train_auc	 0.8217307185927304
valid_accuracy	 0.770152599362014 	train_accuracy	 0.7717148573811774
valid_loss	 0.4693717426203374 	train_loss	 0.4627161985799758
epoch 90
valid_auc	 0.8145177593234879 	train_auc	 0.8223084104232032
valid_accuracy	 0.7693191941834067 	train_accuracy	 0.7721530347743915
valid_loss	 0.46936870764476163 	train_loss	 0.4621548232972509
epoch 91
valid_auc	 0.8147509166682197 	train_auc	 0.8223271855983952
valid_accuracy	 0.7685720033336207 	train_accuracy	 0.7724381140422656
valid_loss	 0.46957413141904203 	train_loss	 0.46194046917921683
epoch 92
valid_auc	 0.814764510116166 	train_auc	 0.8219950260028092
valid_accuracy	 0.769951432594764 	train_accuracy	 0.7725384197105918
valid_loss	 0.4690548955768306 	train_loss	 0.4622956417133778
epoch 93
valid_auc	 0.8144560075578382 	train_auc	 0.822210200768394
valid_accuracy	 0.7684570508951921 	train_accuracy	 0.7723906008309532
valid_loss	 0.46943059221639005 	train_loss	 0.4621391846289718
epoch 94
valid_auc	 0.8149250409368913 	train_auc	 0.8223810431300109
valid_accuracy	 0.7694916228410495 	train_accuracy	 0.7724486725336683
valid_loss	 0.46885409677097223 	train_loss	 0.46182991351614655
epoch 95
valid_auc	 0.8146585592173788 	train_auc	 0.8227267402519913
valid_accuracy	 0.7685720033336207 	train_accuracy	 0.7726070499047096
valid_loss	 0.47002000749697576 	train_loss	 0.4614634424788743
epoch 96
valid_auc	 0.8149110853684056 	train_auc	 0.8225450575707545
valid_accuracy	 0.7693479322930138 	train_accuracy	 0.7726070499047096
valid_loss	 0.46906350088216453 	train_loss	 0.46165662392912876
epoch 97
valid_auc	 0.8149771547251037 	train_auc	 0.8229294975308203
valid_accuracy	 0.7684570508951921 	train_accuracy	 0.7729185254010907
valid_loss	 0.468915784605687 	train_loss	 0.46122918938638635
epoch 98
valid_auc	 0.814832395646647 	train_auc	 0.8233876948116983
valid_accuracy	 0.7687156938816565 	train_accuracy	 0.7732827933544855
valid_loss	 0.46947559435783304 	train_loss	 0.4608053292979551
epoch 99
valid_auc	 0.8149815001715782 	train_auc	 0.8231618643083334
valid_accuracy	 0.7677673362646205 	train_accuracy	 0.7722902951626271
valid_loss	 0.46907740033654516 	train_loss	 0.460946625345739
epoch 100
valid_auc	 0.8145676056800141 	train_auc	 0.8235028923010014
valid_accuracy	 0.7694628847314424 	train_accuracy	 0.7730769027721319
valid_loss	 0.46889684930474995 	train_loss	 0.4605538390972294
epoch 101
valid_auc	 0.8153777863197783 	train_auc	 0.8235584892042904
valid_accuracy	 0.7697502658275138 	train_accuracy	 0.773472846199735
valid_loss	 0.46884829841551456 	train_loss	 0.4607599015711979
epoch 102
valid_auc	 0.815474507787378 	train_auc	 0.8234354281947946
valid_accuracy	 0.769204241744978 	train_accuracy	 0.7733778197771103
valid_loss	 0.468543266230938 	train_loss	 0.46056022354225973
epoch 103
valid_auc	 0.815368330331125 	train_auc	 0.8237225995212676
valid_accuracy	 0.7689455987585136 	train_accuracy	 0.7734411707255268
valid_loss	 0.4684625264692854 	train_loss	 0.4603165738969151
epoch 104
valid_auc	 0.815361793591129 	train_auc	 0.8238707517305734
valid_accuracy	 0.7684570508951921 	train_accuracy	 0.773472846199735
valid_loss	 0.4684092640288573 	train_loss	 0.46027897559114
epoch 105
valid_auc	 0.8156441250481036 	train_auc	 0.8238752955593533
valid_accuracy	 0.7692617179641923 	train_accuracy	 0.7731402537205484
valid_loss	 0.46835024339914283 	train_loss	 0.4602610962890823
epoch 106
valid_auc	 0.8160280341019646 	train_auc	 0.8241523028305501
valid_accuracy	 0.7687156938816565 	train_accuracy	 0.7744283896716837
valid_loss	 0.4683510632390718 	train_loss	 0.4597981884991462
epoch 107
valid_auc	 0.8153316094513863 	train_auc	 0.8245524477627768
valid_accuracy	 0.768428312785585 	train_accuracy	 0.7741961028608233
valid_loss	 0.46926973819836804 	train_loss	 0.4594427521012687
epoch 108
valid_auc	 0.8155808356629322 	train_auc	 0.8245597658825756
valid_accuracy	 0.7692617179641923 	train_accuracy	 0.7733989367599158
valid_loss	 0.46860767224018274 	train_loss	 0.4595992709532091
epoch 109
valid_auc	 0.8154419819348128 	train_auc	 0.8245710232112691
valid_accuracy	 0.7683708365663706 	train_accuracy	 0.7742383368264343
valid_loss	 0.46863280898065607 	train_loss	 0.4590844600041505
epoch 110
valid_auc	 0.8158568773646889 	train_auc	 0.8242331726719645
valid_accuracy	 0.7700951231427997 	train_accuracy	 0.7736681782906858
valid_loss	 0.46806085475227155 	train_loss	 0.459727881183426
epoch 111
valid_auc	 0.8160893736073077 	train_auc	 0.8249328616009988
valid_accuracy	 0.7695778371698709 	train_accuracy	 0.7743544802318645
valid_loss	 0.46802978456930733 	train_loss	 0.45888965326096925
epoch 112
valid_auc	 0.8161759575568284 	train_auc	 0.8248752427044115
valid_accuracy	 0.7703250280196569 	train_accuracy	 0.7742330575807329
valid_loss	 0.467732594935029 	train_loss	 0.4591895446971362
epoch 113
valid_auc	 0.8160847217511455 	train_auc	 0.8247669884223618
valid_accuracy	 0.7696353133890853 	train_accuracy	 0.7744389481630864
valid_loss	 0.4679099381743352 	train_loss	 0.45916235963865515
epoch 114
valid_auc	 0.8161475914478968 	train_auc	 0.8251916403955277
valid_accuracy	 0.7698077420467282 	train_accuracy	 0.7746606764825442
valid_loss	 0.46768004648351225 	train_loss	 0.4585896778605341
epoch 115
valid_auc	 0.8158467509887803 	train_auc	 0.825587215783621
valid_accuracy	 0.7694628847314424 	train_accuracy	 0.7747609821508703
valid_loss	 0.46807098802742375 	train_loss	 0.4581482720774922
epoch 116
valid_auc	 0.8159594391866316 	train_auc	 0.8252103458425497
valid_accuracy	 0.7691755036353709 	train_accuracy	 0.7748032161164813
valid_loss	 0.46808280608455194 	train_loss	 0.4586438180079073
epoch 117
valid_auc	 0.8164295422140477 	train_auc	 0.8255158645173843
valid_accuracy	 0.7698939563755496 	train_accuracy	 0.7746659557282456
valid_loss	 0.4679735732406909 	train_loss	 0.45823445985020894
epoch 118
valid_auc	 0.8164424002787445 	train_auc	 0.8252810116957112
valid_accuracy	 0.769003074977728 	train_accuracy	 0.7746501179911415
valid_loss	 0.46769406474073705 	train_loss	 0.45853999262498807
epoch 119
valid_auc	 0.8166418989835824 	train_auc	 0.8259041609768665
valid_accuracy	 0.7708423139925855 	train_accuracy	 0.7747768198879744
valid_loss	 0.46738659349129485 	train_loss	 0.4579247750809489
epoch 120
valid_auc	 0.8161722750694954 	train_auc	 0.8256703660081837
valid_accuracy	 0.7698364801563353 	train_accuracy	 0.7742330575807329
valid_loss	 0.468081032564038 	train_loss	 0.4582022680334904
epoch 121
valid_auc	 0.8161604755109912 	train_auc	 0.8260480713273485
valid_accuracy	 0.7689168606489065 	train_accuracy	 0.7744600651458919
valid_loss	 0.4680894740737569 	train_loss	 0.4577237068033351
epoch 122
valid_auc	 0.8163594913884431 	train_auc	 0.8262091531669282
valid_accuracy	 0.7699226944851567 	train_accuracy	 0.7748032161164813
valid_loss	 0.46760393070920886 	train_loss	 0.45760368063410367
epoch 123
valid_auc	 0.8165623717420118 	train_auc	 0.8260173431489728
valid_accuracy	 0.7694916228410495 	train_accuracy	 0.7746817934653497
valid_loss	 0.4675014588268315 	train_loss	 0.4577427498147541
epoch 124
valid_auc	 0.8162990785402755 	train_auc	 0.8261571933789462
valid_accuracy	 0.7704974566772997 	train_accuracy	 0.7753628161608269
valid_loss	 0.468117809709504 	train_loss	 0.4576007529946751
epoch 125
valid_auc	 0.8160998658178125 	train_auc	 0.826150497372891
valid_accuracy	 0.7698364801563353 	train_accuracy	 0.77506717840155
valid_loss	 0.46772400428453004 	train_loss	 0.45746462239200697
epoch 126
valid_auc	 0.8165049988493481 	train_auc	 0.8269093494178517
valid_accuracy	 0.7697215277179067 	train_accuracy	 0.7759118577137698
valid_loss	 0.46776669663955367 	train_loss	 0.45682324007763875
epoch 127
valid_auc	 0.8167050843751629 	train_auc	 0.8263928320642941
valid_accuracy	 0.7692904560737994 	train_accuracy	 0.7750143859445362
valid_loss	 0.4672769482273628 	train_loss	 0.4569805130103118
epoch 128
valid_auc	 0.8160852677174977 	train_auc	 0.8268985168252009
valid_accuracy	 0.7692617179641923 	train_accuracy	 0.7754314463549448
valid_loss	 0.46824770772481944 	train_loss	 0.45665969767825443
epoch 129
valid_auc	 0.8155175147082778 	train_auc	 0.8269558974220583
valid_accuracy	 0.7682846222375492 	train_accuracy	 0.775151646332772
valid_loss	 0.4701953280776829 	train_loss	 0.4566793078548162
epoch 130
valid_auc	 0.8163949940575463 	train_auc	 0.8264744608795307
valid_accuracy	 0.7694341466218352 	train_accuracy	 0.77548951805766
valid_loss	 0.46734744175656956 	train_loss	 0.45694958560952254
epoch 131
valid_auc	 0.816762828673508 	train_auc	 0.8269900932787605
valid_accuracy	 0.7691467655257637 	train_accuracy	 0.7754103293721393
valid_loss	 0.46786255413782124 	train_loss	 0.4566892251991989
epoch 132
valid_auc	 0.8163714432232766 	train_auc	 0.8270164726570587
valid_accuracy	 0.7698077420467282 	train_accuracy	 0.7751041331214596
valid_loss	 0.4680848160023797 	train_loss	 0.4566132486668342
epoch 133
valid_auc	 0.817014918422859 	train_auc	 0.8268753916136165
valid_accuracy	 0.770152599362014 	train_accuracy	 0.7747979368707799
valid_loss	 0.46732663825279297 	train_loss	 0.4567978075464906
epoch 134
valid_auc	 0.8169381340122472 	train_auc	 0.8274918952685557
valid_accuracy	 0.7696927896082996 	train_accuracy	 0.7751463670870706
valid_loss	 0.4672000458487397 	train_loss	 0.45591768291253065
epoch 135
valid_auc	 0.817067121348435 	train_auc	 0.8273715016088254
valid_accuracy	 0.7698939563755496 	train_accuracy	 0.77533641993232
valid_loss	 0.4669776406427522 	train_loss	 0.4561555943656585
epoch 136
valid_auc	 0.8165825037869823 	train_auc	 0.8276577800067385
valid_accuracy	 0.7704399804580855 	train_accuracy	 0.775969929416485
valid_loss	 0.4670765653229844 	train_loss	 0.4559565879004679
epoch 137
valid_auc	 0.8169904836430673 	train_auc	 0.8276770943389329
valid_accuracy	 0.7694341466218352 	train_accuracy	 0.7761494237703317
valid_loss	 0.46777760698582566 	train_loss	 0.45598241230100167
epoch 138
valid_auc	 0.8168130891473693 	train_auc	 0.8275409696207938
valid_accuracy	 0.7693191941834067 	train_accuracy	 0.7760438388563042
valid_loss	 0.467111816325506 	train_loss	 0.4559937538365581
epoch 139
valid_auc	 0.8169278386467533 	train_auc	 0.8279472561953981
valid_accuracy	 0.7697502658275138 	train_accuracy	 0.7758537860110547
valid_loss	 0.4672257953013982 	train_loss	 0.45556456249471705
epoch 140
valid_auc	 0.8162349757766614 	train_auc	 0.8282255526959506
valid_accuracy	 0.7691467655257637 	train_accuracy	 0.7760702350848111
valid_loss	 0.4676562634417518 	train_loss	 0.45528834018989767
epoch 141
valid_auc	 0.8168965291477953 	train_auc	 0.8279935443261767
valid_accuracy	 0.7697502658275138 	train_accuracy	 0.7761230275418248
valid_loss	 0.46708021673978195 	train_loss	 0.4555085370492578
epoch 142
valid_auc	 0.8169100464575769 	train_auc	 0.8281550669738948
valid_accuracy	 0.7695778371698709 	train_accuracy	 0.776138865278929
valid_loss	 0.4671031741019361 	train_loss	 0.4553513274105624
epoch 143
valid_auc	 0.8168167586355034 	train_auc	 0.828071681787653
valid_accuracy	 0.7698939563755496 	train_accuracy	 0.7762761256671646
valid_loss	 0.4670543153150982 	train_loss	 0.4555275993757661
epoch 144
valid_auc	 0.8169726858828055 	train_auc	 0.828977359846743
valid_accuracy	 0.7704112423484784 	train_accuracy	 0.7768937974142255
valid_loss	 0.46729882042760273 	train_loss	 0.4545874613668304
epoch 145
valid_auc	 0.8168844324647461 	train_auc	 0.828418190674109
valid_accuracy	 0.7699226944851567 	train_accuracy	 0.7762286124558523
valid_loss	 0.4669584833250745 	train_loss	 0.45505157235108756
epoch 146
valid_auc	 0.816156891446164 	train_auc	 0.8288425597165708
valid_accuracy	 0.7690605511969423 	train_accuracy	 0.7764292237925046
valid_loss	 0.4688113996156431 	train_loss	 0.4546165956625888
epoch 147
valid_auc	 0.8165289210892994 	train_auc	 0.8289091503661801
valid_accuracy	 0.7700376469235853 	train_accuracy	 0.7768357257115104
valid_loss	 0.4673522702121199 	train_loss	 0.45453481072531327
epoch 148
valid_auc	 0.8170515854487741 	train_auc	 0.8290263077857651
valid_accuracy	 0.7706986234445499 	train_accuracy	 0.7767301407974828
valid_loss	 0.4668064236445486 	train_loss	 0.45432160417531214
epoch 149
valid_auc	 0.8170187494724647 	train_auc	 0.8288394163855033
valid_accuracy	 0.7695778371698709 	train_accuracy	 0.776196936981644
valid_loss	 0.4671876098441266 	train_loss	 0.4545580514960884
epoch 150
valid_auc	 0.8173176920485483 	train_auc	 0.8289611296879402
valid_accuracy	 0.7699801707043711 	train_accuracy	 0.7769624276083433
valid_loss	 0.4672188743447837 	train_loss	 0.4543911482662096
epoch 151
valid_auc	 0.8169414488079552 	train_auc	 0.8288196875786814
valid_accuracy	 0.7694916228410495 	train_accuracy	 0.7766720690947677
valid_loss	 0.46719405310394974 	train_loss	 0.4544166548670363
epoch 152
valid_auc	 0.8171235155871276 	train_auc	 0.829279669480364
valid_accuracy	 0.7701813374716211 	train_accuracy	 0.7764608992667128
valid_loss	 0.46691832644099024 	train_loss	 0.45414704485402363
epoch 153
valid_auc	 0.8173687491875965 	train_auc	 0.829325985119153
valid_accuracy	 0.770152599362014 	train_accuracy	 0.7770891295051763
valid_loss	 0.4668451978131954 	train_loss	 0.4540236430513411
epoch 154
valid_auc	 0.8167788046889016 	train_auc	 0.8294743601124345
valid_accuracy	 0.7704112423484784 	train_accuracy	 0.7765453671979348
valid_loss	 0.46728151675486806 	train_loss	 0.45378045649329873
epoch 155
valid_auc	 0.8173037086246364 	train_auc	 0.8295962651055231
valid_accuracy	 0.7704112423484784 	train_accuracy	 0.7769888238368502
valid_loss	 0.46684377857569925 	train_loss	 0.45360465744360645
epoch 156
valid_auc	 0.8172404786643741 	train_auc	 0.8299225088716795
valid_accuracy	 0.7695778371698709 	train_accuracy	 0.77714192196219
valid_loss	 0.46745600791367886 	train_loss	 0.4534668117870704
epoch 157
valid_auc	 0.8171814641585978 	train_auc	 0.8300532283585131
valid_accuracy	 0.7704112423484784 	train_accuracy	 0.7775484238811958
valid_loss	 0.4675251259317905 	train_loss	 0.4533299253210548
epoch 158
valid_auc	 0.8170804380991484 	train_auc	 0.8297348431672888
valid_accuracy	 0.7703825042388711 	train_accuracy	 0.7772739031047244
valid_loss	 0.4666998861835028 	train_loss	 0.45360491797543884
epoch 159
valid_auc	 0.8175607640679503 	train_auc	 0.829973469531637
valid_accuracy	 0.7696353133890853 	train_accuracy	 0.7773055785789327
valid_loss	 0.46688254770855664 	train_loss	 0.4532153895241426
epoch 160
valid_auc	 0.8175830354096467 	train_auc	 0.8300221225476988
valid_accuracy	 0.7696927896082996 	train_accuracy	 0.777875737114681
valid_loss	 0.46673995879790386 	train_loss	 0.45308965784875377
epoch 161
valid_auc	 0.8173884076903231 	train_auc	 0.8303228258371482
valid_accuracy	 0.7711009569790499 	train_accuracy	 0.77687268043142
valid_loss	 0.46701721816484515 	train_loss	 0.45301710250432004
epoch 162
valid_auc	 0.8169352909017545 	train_auc	 0.8305519373352639
valid_accuracy	 0.7696927896082996 	train_accuracy	 0.7770521747852667
valid_loss	 0.4669157556040641 	train_loss	 0.4527933893305636
epoch 163
valid_auc	 0.8176360238582394 	train_auc	 0.829799568464719
valid_accuracy	 0.7705261947869069 	train_accuracy	 0.7775959370925082
valid_loss	 0.4667632436596108 	train_loss	 0.45342189657533605
epoch 164
valid_auc	 0.8173009137968825 	train_auc	 0.8307820791783597
valid_accuracy	 0.7701813374716211 	train_accuracy	 0.7777384767264454
valid_loss	 0.4670413142787383 	train_loss	 0.4524982693741488
epoch 165
valid_auc	 0.8165451050918746 	train_auc	 0.8302730155683643
valid_accuracy	 0.7691180274161565 	train_accuracy	 0.7774428389671684
valid_loss	 0.4684674095265431 	train_loss	 0.452857620818662
epoch 166
valid_auc	 0.8172910492619794 	train_auc	 0.8297008067334151
valid_accuracy	 0.7700951231427997 	train_accuracy	 0.7767301407974828
valid_loss	 0.4673764932519441 	train_loss	 0.4533364298768831
epoch 167
valid_auc	 0.8178334074077205 	train_auc	 0.8304320396233243
valid_accuracy	 0.7697502658275138 	train_accuracy	 0.7778387823947714
valid_loss	 0.4665631225945383 	train_loss	 0.4525272788906341
epoch 168
valid_auc	 0.8171752022588062 	train_auc	 0.830888178254162
valid_accuracy	 0.7698939563755496 	train_accuracy	 0.7780710692056318
valid_loss	 0.4671606105805514 	train_loss	 0.4523709172074875
epoch 169
valid_auc	 0.817688434770997 	train_auc	 0.8306349898291201
valid_accuracy	 0.7708423139925855 	train_accuracy	 0.777479793687078
valid_loss	 0.46733646736311735 	train_loss	 0.45252557111780223
epoch 170
valid_auc	 0.8174703267844831 	train_auc	 0.8311277975031435
valid_accuracy	 0.7696065752794781 	train_accuracy	 0.7782664012965828
valid_loss	 0.4675915061815021 	train_loss	 0.452030251126989
epoch 171
valid_auc	 0.8177300006378522 	train_auc	 0.831488155405576
valid_accuracy	 0.7699801707043711 	train_accuracy	 0.7778598993775769
valid_loss	 0.4668757486760445 	train_loss	 0.4515767351759317
epoch 172
valid_auc	 0.8173166242572136 	train_auc	 0.8315326306039346
valid_accuracy	 0.7702962899100497 	train_accuracy	 0.777960205045903
valid_loss	 0.4670072748569298 	train_loss	 0.45150881656542613
epoch 173
valid_auc	 0.816982639555072 	train_auc	 0.831286770003765
valid_accuracy	 0.769951432594764 	train_accuracy	 0.7779126918345907
valid_loss	 0.4670957440424985 	train_loss	 0.451967856852642
epoch 174
valid_auc	 0.8173747529604394 	train_auc	 0.8313706617082915
valid_accuracy	 0.7705836710061212 	train_accuracy	 0.7784458956504294
valid_loss	 0.46707351167550176 	train_loss	 0.4516599046381771
epoch 175
valid_auc	 0.817585029858157 	train_auc	 0.8316356268998035
valid_accuracy	 0.7705549328965141 	train_accuracy	 0.7783561484735061
valid_loss	 0.46662788622816015 	train_loss	 0.45158409382092857
epoch 176
valid_auc	 0.8180225513221556 	train_auc	 0.8312211831801777
valid_accuracy	 0.7704112423484784 	train_accuracy	 0.7779918805201113
valid_loss	 0.4662365824222917 	train_loss	 0.45175703513680077
epoch 177
valid_auc	 0.817363540222912 	train_auc	 0.831700735949432
valid_accuracy	 0.7706411472253355 	train_accuracy	 0.7785250843359501
valid_loss	 0.4664688212526616 	train_loss	 0.45124009107468616
epoch 178
valid_auc	 0.8175387415680604 	train_auc	 0.8316026269306694
valid_accuracy	 0.7706411472253355 	train_accuracy	 0.7785462013187556
valid_loss	 0.4668568476064995 	train_loss	 0.4515185631966473
epoch 179
valid_auc	 0.8174276058459582 	train_auc	 0.8319517939563434
valid_accuracy	 0.7706986234445499 	train_accuracy	 0.7790002164490738
valid_loss	 0.46725973663139964 	train_loss	 0.45129849321198795
epoch 180
valid_auc	 0.8178012845303197 	train_auc	 0.8321106713225206
valid_accuracy	 0.770727361554157 	train_accuracy	 0.7781080239255416
valid_loss	 0.4667741774082409 	train_loss	 0.4509750031784242
epoch 181
valid_auc	 0.8177081081299508 	train_auc	 0.8318048153191187
valid_accuracy	 0.7702962899100497 	train_accuracy	 0.7783983824391171
valid_loss	 0.4670537275473348 	train_loss	 0.4510710255532979
epoch 182
valid_auc	 0.8177655553037508 	train_auc	 0.8319545872247989
valid_accuracy	 0.7704112423484784 	train_accuracy	 0.7788682353065394
valid_loss	 0.46692584688038574 	train_loss	 0.4510043548767456
epoch 183
valid_auc	 0.8174463154071682 	train_auc	 0.8321463776471604
valid_accuracy	 0.7698652182659425 	train_accuracy	 0.7786517862327831
valid_loss	 0.4679225466482055 	train_loss	 0.45064236192706425
epoch 184
valid_auc	 0.8175900568340573 	train_auc	 0.83247832465837
valid_accuracy	 0.7698364801563353 	train_accuracy	 0.7784247786676239
valid_loss	 0.4668767273188751 	train_loss	 0.4505476076268499
epoch 185
valid_auc	 0.817622016292958 	train_auc	 0.8322318167854452
valid_accuracy	 0.7708997902117999 	train_accuracy	 0.7786201107585748
valid_loss	 0.4663859663691428 	train_loss	 0.4508263539443378
epoch 186
valid_auc	 0.8174542319192712 	train_auc	 0.8326161922098645
valid_accuracy	 0.7700951231427997 	train_accuracy	 0.7790794051345944
valid_loss	 0.4675616339512187 	train_loss	 0.45030548572170354
epoch 187
valid_auc	 0.8178512293093517 	train_auc	 0.832800119297481
valid_accuracy	 0.7705261947869069 	train_accuracy	 0.7787996051124215
valid_loss	 0.46639696950666854 	train_loss	 0.45013868227638015
epoch 188
valid_auc	 0.8174279846797533 	train_auc	 0.8326768022471341
valid_accuracy	 0.7703250280196569 	train_accuracy	 0.7788999107807476
valid_loss	 0.46730002307064716 	train_loss	 0.4502537252515312
epoch 189
valid_auc	 0.8182378161981769 	train_auc	 0.8329963673774621
valid_accuracy	 0.7709572664310141 	train_accuracy	 0.7791849900486219
valid_loss	 0.4663180953933019 	train_loss	 0.4499570260531336
epoch 190
valid_auc	 0.8176709935601895 	train_auc	 0.8328433422323045
valid_accuracy	 0.7695778371698709 	train_accuracy	 0.7794331145965865
valid_loss	 0.46749818014453 	train_loss	 0.44996561914437844
epoch 191
valid_auc	 0.8175946604074806 	train_auc	 0.8335042209440818
valid_accuracy	 0.770152599362014 	train_accuracy	 0.779807941041384
valid_loss	 0.467309520494497 	train_loss	 0.4492471331058619
epoch 192
valid_auc	 0.8171096770114314 	train_auc	 0.8330604458966628
valid_accuracy	 0.7704687185676926 	train_accuracy	 0.7793116919454548
valid_loss	 0.46732057864552573 	train_loss	 0.4497740580767085
epoch 193
valid_auc	 0.8175092668131694 	train_auc	 0.8332788721090685
valid_accuracy	 0.7706124091157284 	train_accuracy	 0.7792219447685315
valid_loss	 0.4672563724215794 	train_loss	 0.4495451277489653
epoch 194
valid_auc	 0.8178178937924006 	train_auc	 0.8335151431077594
valid_accuracy	 0.7698939563755496 	train_accuracy	 0.779807941041384
valid_loss	 0.4667084022126478 	train_loss	 0.4492839411693191
epoch 195
valid_auc	 0.8174743713923556 	train_auc	 0.8333572222167371
valid_accuracy	 0.7699226944851567 	train_accuracy	 0.7790688466431916
valid_loss	 0.46684006323515803 	train_loss	 0.44952828898618696
epoch 196
valid_auc	 0.8173633470919578 	train_auc	 0.8331089368936349
valid_accuracy	 0.7706124091157284 	train_accuracy	 0.779031891923282
valid_loss	 0.46666168342516706 	train_loss	 0.4495042572469995
epoch 197
valid_auc	 0.8181873923058158 	train_auc	 0.8337727917866823
valid_accuracy	 0.7700376469235853 	train_accuracy	 0.7796970768816551
valid_loss	 0.4665066809806702 	train_loss	 0.4491320047138332
epoch 198
valid_auc	 0.8175380191840097 	train_auc	 0.8335926654406723
valid_accuracy	 0.7708997902117999 	train_accuracy	 0.7800877410635568
valid_loss	 0.46710414774495607 	train_loss	 0.4492828536065803
epoch 199
valid_auc	 0.8176417676471051 	train_auc	 0.8337390242513364
valid_accuracy	 0.7710722188694428 	train_accuracy	 0.7798871297269047
valid_loss	 0.46674920300793443 	train_loss	 0.4489927827117559
epoch 200
valid_auc	 0.8178832890477865 	train_auc	 0.8335662508273947
valid_accuracy	 0.7708135758829784 	train_accuracy	 0.7803992165599379
valid_loss	 0.46708043016611905 	train_loss	 0.4493115635273129
epoch 201
valid_auc	 0.8181717821250187 	train_auc	 0.8341278222838429
valid_accuracy	 0.7712159094174785 	train_accuracy	 0.7800138316237376
valid_loss	 0.4670972981531912 	train_loss	 0.4486326720005487
epoch 202
valid_auc	 0.8175669108319806 	train_auc	 0.8336571555291603
valid_accuracy	 0.7711871713078714 	train_accuracy	 0.7803305863658201
valid_loss	 0.4671749224751665 	train_loss	 0.4489034552764696
epoch 203
valid_auc	 0.8170459716518967 	train_auc	 0.8339830829841058
valid_accuracy	 0.7696640514986924 	train_accuracy	 0.7796442844246414
valid_loss	 0.467326800967517 	train_loss	 0.44882190932872323
epoch 204
valid_auc	 0.8176304453449019 	train_auc	 0.8339624150105404
valid_accuracy	 0.7700376469235853 	train_accuracy	 0.7798554542526964
valid_loss	 0.46649608412242927 	train_loss	 0.4488634848603994
epoch 205
valid_auc	 0.817318765410968 	train_auc	 0.834348206201163
valid_accuracy	 0.7706411472253355 	train_accuracy	 0.7803411448572228
valid_loss	 0.4678918913269001 	train_loss	 0.4484048977102743
epoch 206
valid_auc	 0.8180074852506818 	train_auc	 0.8341551251276833
valid_accuracy	 0.7704974566772997 	train_accuracy	 0.7801405335205706
valid_loss	 0.466405346425254 	train_loss	 0.4485048566968215
epoch 207
valid_auc	 0.8178415300499768 	train_auc	 0.8348430025497935
valid_accuracy	 0.7699801707043711 	train_accuracy	 0.7811383109581304
valid_loss	 0.4672570083492861 	train_loss	 0.44773081194895126
epoch 208
valid_auc	 0.817732516911345 	train_auc	 0.8348047539904733
valid_accuracy	 0.7697790039371211 	train_accuracy	 0.7810221675527
valid_loss	 0.4666286836718848 	train_loss	 0.4475720912909779
epoch 209
valid_auc	 0.8175085759986016 	train_auc	 0.8345335818173323
valid_accuracy	 0.7696353133890853 	train_accuracy	 0.7801510920119733
valid_loss	 0.46693327054337697 	train_loss	 0.4481733328894888
epoch 210
valid_auc	 0.818002205718918 	train_auc	 0.8347914132854384
valid_accuracy	 0.7709860045406213 	train_accuracy	 0.7799135259554115
valid_loss	 0.46812224153527926 	train_loss	 0.44793129564825074
epoch 211
valid_auc	 0.8182005103544896 	train_auc	 0.8343663450449881
valid_accuracy	 0.7706698853349426 	train_accuracy	 0.7805734316680832
valid_loss	 0.46728721421215386 	train_loss	 0.4481220611967722
epoch 212
valid_auc	 0.8175173281734882 	train_auc	 0.8348379043573357
valid_accuracy	 0.7700089088139782 	train_accuracy	 0.7804361712798475
valid_loss	 0.46703855700662156 	train_loss	 0.4476036207927243
epoch 213
valid_auc	 0.8177415569256348 	train_auc	 0.8348273921557356
valid_accuracy	 0.7706986234445499 	train_accuracy	 0.7804784052454585
valid_loss	 0.4671761457730393 	train_loss	 0.4475136610138506
epoch 214
valid_auc	 0.8175227729807802 	train_auc	 0.8349400755365266
valid_accuracy	 0.7704112423484784 	train_accuracy	 0.7811224732210261
valid_loss	 0.46760033282157004 	train_loss	 0.4473294582486435
epoch 215
valid_auc	 0.8175324778112405 	train_auc	 0.8350827419686
valid_accuracy	 0.7704399804580855 	train_accuracy	 0.7808532316902561
valid_loss	 0.46744100884748446 	train_loss	 0.44730939180019946
epoch 216
valid_auc	 0.8168670209663931 	train_auc	 0.8352325335935055
valid_accuracy	 0.7688881225392994 	train_accuracy	 0.7808849071644643
valid_loss	 0.4675599812535302 	train_loss	 0.4473328287273903
epoch 217
valid_auc	 0.8175584149270141 	train_auc	 0.8351222940985308
valid_accuracy	 0.7700951231427997 	train_accuracy	 0.7802355599431953
valid_loss	 0.4679704173605102 	train_loss	 0.44736484138090554
epoch 218
valid_auc	 0.817557803964668 	train_auc	 0.8353851555145027
valid_accuracy	 0.7698652182659425 	train_accuracy	 0.7808004392332424
valid_loss	 0.46838943874524847 	train_loss	 0.44718529524224837
epoch 219
valid_auc	 0.8169082488540779 	train_auc	 0.8354301160901583
valid_accuracy	 0.7701813374716211 	train_accuracy	 0.7819829902703501
valid_loss	 0.46755537791210505 	train_loss	 0.4467855456550251
epoch 220
valid_auc	 0.8171736274987162 	train_auc	 0.8356986639372984
valid_accuracy	 0.7700376469235853 	train_accuracy	 0.7807740430047355
valid_loss	 0.4671623140403396 	train_loss	 0.44675450760098157
epoch 221
valid_auc	 0.8177709091166507 	train_auc	 0.8358136976766706
valid_accuracy	 0.7693479322930138 	train_accuracy	 0.7813811562603935
valid_loss	 0.4670492223824203 	train_loss	 0.44655798177939177
epoch 222
valid_auc	 0.8174671921205305 	train_auc	 0.835417519090454
valid_accuracy	 0.7697502658275138 	train_accuracy	 0.7815976053341499
valid_loss	 0.46730326276361567 	train_loss	 0.44692069109769683
epoch 223
valid_auc	 0.8181769780905039 	train_auc	 0.8358795941353674
valid_accuracy	 0.7704687185676926 	train_accuracy	 0.7810591222726097
valid_loss	 0.4670607557435896 	train_loss	 0.4463750691644022
epoch 224
valid_auc	 0.8175679804803436 	train_auc	 0.8353652073853872
valid_accuracy	 0.7689168606489065 	train_accuracy	 0.7805575939309791
valid_loss	 0.4675620068631575 	train_loss	 0.4468914051344434
epoch 225
valid_auc	 0.817511500818344 	train_auc	 0.8359246494127575
valid_accuracy	 0.7699226944851567 	train_accuracy	 0.781967152533246
valid_loss	 0.46731110471986415 	train_loss	 0.4463728949828611
epoch 226
valid_auc	 0.8170316483917863 	train_auc	 0.8361202134396097
valid_accuracy	 0.7699801707043711 	train_accuracy	 0.7820093864988571
valid_loss	 0.467139994544368 	train_loss	 0.4461750147130877
epoch 227
valid_auc	 0.8180830885912264 	train_auc	 0.8359719998472608
valid_accuracy	 0.7705261947869069 	train_accuracy	 0.7814709034373168
valid_loss	 0.46682263867394264 	train_loss	 0.4462476253192672
epoch 228
valid_auc	 0.8179195382423097 	train_auc	 0.8359712157762427
valid_accuracy	 0.7710147426502285 	train_accuracy	 0.7814709034373168
valid_loss	 0.46740300771693816 	train_loss	 0.4464015955308039
epoch 229
valid_auc	 0.8183947982376146 	train_auc	 0.8358916247791376
valid_accuracy	 0.7706986234445499 	train_accuracy	 0.780668458090708
valid_loss	 0.46741591188292003 	train_loss	 0.446538982510424
epoch 230
valid_auc	 0.8176249875384107 	train_auc	 0.8365586294939067
valid_accuracy	 0.7706411472253355 	train_accuracy	 0.7818510091278158
valid_loss	 0.4668222035148922 	train_loss	 0.44577714057682755
epoch 231
valid_auc	 0.8174206401323999 	train_auc	 0.8364928639609758
valid_accuracy	 0.7701238612524068 	train_accuracy	 0.7814972996658237
valid_loss	 0.46726501306053814 	train_loss	 0.4456465955127842
epoch 232
valid_auc	 0.8176116169338736 	train_auc	 0.8365810042622432
valid_accuracy	 0.7702100755812282 	train_accuracy	 0.781106635483922
valid_loss	 0.4669226937622832 	train_loss	 0.4461108980482921
epoch 233
valid_auc	 0.8174079102026635 	train_auc	 0.8368650168037102
valid_accuracy	 0.770152599362014 	train_accuracy	 0.7810802392554151
valid_loss	 0.46816892267170457 	train_loss	 0.4454509089003705
epoch 234
valid_auc	 0.8181738211422105 	train_auc	 0.836369302120245
valid_accuracy	 0.7699801707043711 	train_accuracy	 0.7813547600318866
valid_loss	 0.46667291586942566 	train_loss	 0.44578950528509526
epoch 235
valid_auc	 0.8180499536333434 	train_auc	 0.8371949621590042
valid_accuracy	 0.7704687185676926 	train_accuracy	 0.7819777110246487
valid_loss	 0.4678471262207145 	train_loss	 0.4451798928698569
epoch 236
valid_auc	 0.8171748717077496 	train_auc	 0.8366823091554637
valid_accuracy	 0.7694628847314424 	train_accuracy	 0.7817190279852815
valid_loss	 0.46823638339514934 	train_loss	 0.44546944854639786
epoch 237
valid_auc	 0.8180631292498977 	train_auc	 0.8369130782430105
valid_accuracy	 0.7705261947869069 	train_accuracy	 0.7827590393884521
valid_loss	 0.46798452210180647 	train_loss	 0.4451779103943065
epoch 238
valid_auc	 0.8177963095512149 	train_auc	 0.8366092211138154
valid_accuracy	 0.770353766129264 	train_accuracy	 0.7817031902481774
valid_loss	 0.4677598256384517 	train_loss	 0.4452790942873239
epoch 239
valid_auc	 0.817680988087081 	train_auc	 0.8374755036222783
valid_accuracy	 0.7693766704026209 	train_accuracy	 0.7823578167151477
valid_loss	 0.4676403615672518 	train_loss	 0.44476717498121093
epoch 240
valid_auc	 0.8178507037703122 	train_auc	 0.8370043116809538
valid_accuracy	 0.7703250280196569 	train_accuracy	 0.7819513147961419
valid_loss	 0.46781727607943474 	train_loss	 0.4452957348016781
epoch 241
valid_auc	 0.817316070862748 	train_auc	 0.8372188578421409
valid_accuracy	 0.7695778371698709 	train_accuracy	 0.781317805311977
valid_loss	 0.4676620029418497 	train_loss	 0.445079373728438
epoch 242
valid_auc	 0.8174550174422879 	train_auc	 0.8376299958407147
valid_accuracy	 0.7687731701008708 	train_accuracy	 0.7825320318232931
valid_loss	 0.4677703179539515 	train_loss	 0.44446569824262616
epoch 243
valid_auc	 0.8175395660886735 	train_auc	 0.8374392369378324
valid_accuracy	 0.7701238612524068 	train_accuracy	 0.7823366997323422
valid_loss	 0.46777629197428877 	train_loss	 0.44463118206867236
epoch 244
valid_auc	 0.8176479924063285 	train_auc	 0.837522795517263
valid_accuracy	 0.7706124091157284 	train_accuracy	 0.7822891865210299
valid_loss	 0.46779483815482137 	train_loss	 0.44456410000707264
epoch 245
valid_auc	 0.818211496534551 	train_auc	 0.8374217569263087
valid_accuracy	 0.7702100755812282 	train_accuracy	 0.7823842129436546
valid_loss	 0.4666021334704459 	train_loss	 0.44462762459948324
epoch 246
valid_auc	 0.8177745043236487 	train_auc	 0.8379693418885445
valid_accuracy	 0.7708423139925855 	train_accuracy	 0.7823419789780436
valid_loss	 0.4670995522994333 	train_loss	 0.4439692901164344
epoch 247
valid_auc	 0.8176899853897176 	train_auc	 0.8376398946445924
valid_accuracy	 0.7698652182659425 	train_accuracy	 0.7825637072975014
valid_loss	 0.4668751477820467 	train_loss	 0.4445577688319053
epoch 248
valid_auc	 0.8177313042717945 	train_auc	 0.838131899393793
valid_accuracy	 0.7701238612524068 	train_accuracy	 0.7828223903368686
valid_loss	 0.46782584365277385 	train_loss	 0.44384165166329786
epoch 249
valid_auc	 0.8176659424429198 	train_auc	 0.8381915325567093
valid_accuracy	 0.7694628847314424 	train_accuracy	 0.7824792393662794
valid_loss	 0.4674075734115865 	train_loss	 0.4439699110859531
epoch 250
valid_auc	 0.8177775944189194 	train_auc	 0.8383234160341821
valid_accuracy	 0.7691180274161565 	train_accuracy	 0.7832394507472772
valid_loss	 0.46763980076245 	train_loss	 0.44375671629310787
epoch 251
valid_auc	 0.8173372279873999 	train_auc	 0.8379448753369239
valid_accuracy	 0.7700663850331925 	train_accuracy	 0.7826164997545151
valid_loss	 0.467809676359805 	train_loss	 0.44395149007474294
epoch 252
valid_auc	 0.8173021914324272 	train_auc	 0.8384037313264715
valid_accuracy	 0.7698364801563353 	train_accuracy	 0.7834875752952418
valid_loss	 0.4675712013820435 	train_loss	 0.44358973107642524
epoch 253
valid_auc	 0.8177558987560294 	train_auc	 0.8379508459351114
valid_accuracy	 0.7688019082104779 	train_accuracy	 0.7830124431821182
valid_loss	 0.4683584927393684 	train_loss	 0.4439192107766532
epoch 254
valid_auc	 0.8177346784924118 	train_auc	 0.8380837184028249
valid_accuracy	 0.7692617179641923 	train_accuracy	 0.7824581223834739
valid_loss	 0.4685343543982729 	train_loss	 0.44393736610456375
epoch 255
valid_auc	 0.8176250859609165 	train_auc	 0.8380255803775395
valid_accuracy	 0.7695203609506567 	train_accuracy	 0.7822575110468216
valid_loss	 0.46765992074529733 	train_loss	 0.4438963066035083
epoch 256
valid_auc	 0.817718765615984 	train_auc	 0.8385390279607761
valid_accuracy	 0.7692617179641923 	train_accuracy	 0.7826164997545151
valid_loss	 0.46900700925072963 	train_loss	 0.4433654518395235
epoch 257
valid_auc	 0.8170450505658065 	train_auc	 0.8382421858687401
valid_accuracy	 0.7691180274161565 	train_accuracy	 0.7828223903368686
valid_loss	 0.46824366316113386 	train_loss	 0.4435856556255103
epoch 258
valid_auc	 0.8178152679542317 	train_auc	 0.8387713934401583
valid_accuracy	 0.7700951231427997 	train_accuracy	 0.7829596507251044
valid_loss	 0.4682075953845335 	train_loss	 0.44291405634358344
epoch 259
valid_auc	 0.8177357629970019 	train_auc	 0.8383786491517613
valid_accuracy	 0.7698939563755496 	train_accuracy	 0.7834031073640199
valid_loss	 0.4675830232938635 	train_loss	 0.44327486789225584
epoch 260
valid_auc	 0.8173921421744514 	train_auc	 0.8384277785818358
valid_accuracy	 0.768830646320085 	train_accuracy	 0.7829279752508962
valid_loss	 0.4708557243235452 	train_loss	 0.44335087963590386
epoch 261
valid_auc	 0.8175560100752259 	train_auc	 0.8384247812595781
valid_accuracy	 0.7697215277179067 	train_accuracy	 0.7833714318898116
valid_loss	 0.46956713218835017 	train_loss	 0.4434074587267372
epoch 262
valid_auc	 0.8175667752689069 	train_auc	 0.8386952375444774
valid_accuracy	 0.7698077420467282 	train_accuracy	 0.7832869639585895
valid_loss	 0.46875976325567537 	train_loss	 0.44310878366893525
epoch 263
valid_auc	 0.8176776640062309 	train_auc	 0.8389576486945004
valid_accuracy	 0.7700376469235853 	train_accuracy	 0.7834400620839295
valid_loss	 0.46798166286948323 	train_loss	 0.4429102292218405
epoch 264
valid_auc	 0.8174784215713133 	train_auc	 0.8388638383432393
valid_accuracy	 0.7698364801563353 	train_accuracy	 0.783165541307458
valid_loss	 0.46781201878514406 	train_loss	 0.44304311091074877
epoch 265
valid_auc	 0.8180574875975943 	train_auc	 0.8391616118750495
valid_accuracy	 0.7695490990602638 	train_accuracy	 0.783165541307458
valid_loss	 0.46764757785706346 	train_loss	 0.4427105042903234
epoch 266
valid_auc	 0.8175358724591701 	train_auc	 0.8394385610394379
valid_accuracy	 0.7697215277179067 	train_accuracy	 0.7831285865875484
valid_loss	 0.46790389576107466 	train_loss	 0.44243064090477163
epoch 267
valid_auc	 0.81689975480614 	train_auc	 0.8391729447425937
valid_accuracy	 0.7691755036353709 	train_accuracy	 0.7835192507694501
valid_loss	 0.4683098926825326 	train_loss	 0.4425645091340058
epoch 268
valid_auc	 0.8181751340612949 	train_auc	 0.8395535234434304
valid_accuracy	 0.7696927896082996 	train_accuracy	 0.7835773224721652
valid_loss	 0.4677927637932513 	train_loss	 0.44213973027147774
epoch 269
valid_auc	 0.8173930762597406 	train_auc	 0.839274811293751
valid_accuracy	 0.7698364801563353 	train_accuracy	 0.7837832130545188
valid_loss	 0.4679267850487574 	train_loss	 0.44246242941784897
epoch 270
valid_auc	 0.818008155637937 	train_auc	 0.8393848366589554
valid_accuracy	 0.7701813374716211 	train_accuracy	 0.7840049413739765
valid_loss	 0.46760013264818995 	train_loss	 0.4424937954635671
epoch 271
valid_auc	 0.8175869240271331 	train_auc	 0.8394672960306564
valid_accuracy	 0.7698077420467282 	train_accuracy	 0.7832288922558744
valid_loss	 0.4688300255506285 	train_loss	 0.4422539483062825


Start testing ......................
 Best epoch: 229

test_auc	 0.8201973489403638
test_accuracy	 0.7710389571973694
test_loss	 0.4656255232929639
