nohup: ignoring input
	 max_iter 	 300
	 train_set 	 4
	 seed 	 224
	 wd 	 5e-05
	 optim 	 adam
	 batch_size 	 32
	 lr 	 1e-05
	 maxgradnorm 	 -1
	 final_fc_dim 	 512
	 d_model 	 256
	 d_ff 	 1024
	 dropout 	 0.05
	 n_block 	 1
	 n_head 	 8
	 kq_same 	 1
	 l2 	 1e-05
	 q_embed_dim 	 50
	 qa_embed_dim 	 256
	 memory_size 	 50
	 init_std 	 0.1
	 hidden_dim 	 512
	 lamda_r 	 0.1
	 lamda_w1 	 0.1
	 lamda_w2 	 0.1
	 model 	 akt_cid
	 dataset 	 assist2009
	 n_question 	 110
	 seqlen 	 200
	 data_dir 	 data/assist2009
	 data_name 	 assist2009
	 save 	 assist2009
	 load 	 assist2009


train_q_data.shape (2731, 200)
train_qa_data.shape (2731, 200)
valid_q_data.shape (706, 200)
valid_qa_data.shape (706, 200)




epoch 1
valid_auc	 0.6790598257411633 	train_auc	 0.5647169808267266
valid_accuracy	 0.668471417778897 	train_accuracy	 0.6319506586772086
valid_loss	 0.6093508364074698 	train_loss	 0.6507652374740734
epoch 2
valid_auc	 0.6952543912602621 	train_auc	 0.6887702404802121
valid_accuracy	 0.699404012423403 	train_accuracy	 0.6891587281809635
valid_loss	 0.5855211352196642 	train_loss	 0.5973191731165964
epoch 3
valid_auc	 0.703172887386255 	train_auc	 0.7096905531535274
valid_accuracy	 0.7010198942331907 	train_accuracy	 0.7051640746236535
valid_loss	 0.579309101966447 	train_loss	 0.5827224758949241
epoch 4
valid_auc	 0.7093271167048588 	train_auc	 0.7173370782628505
valid_accuracy	 0.7072106102577017 	train_accuracy	 0.7078429595731908
valid_loss	 0.573916578690236 	train_loss	 0.5762771131174175
epoch 5
valid_auc	 0.7151511807395876 	train_auc	 0.7232674751878423
valid_accuracy	 0.7090783178040796 	train_accuracy	 0.7109069696317525
valid_loss	 0.5699129154133131 	train_loss	 0.5713386789305478
epoch 6
valid_auc	 0.7215066164914613 	train_auc	 0.7293574852675944
valid_accuracy	 0.7133173843700159 	train_accuracy	 0.7140332793403034
valid_loss	 0.5648815408936928 	train_loss	 0.5664222621912273
epoch 7
valid_auc	 0.7298643296399551 	train_auc	 0.7362871014981691
valid_accuracy	 0.7204734323847898 	train_accuracy	 0.7197535199302244
valid_loss	 0.5578661697468654 	train_loss	 0.5606105989703414
epoch 8
valid_auc	 0.7369009204728432 	train_auc	 0.7437019549229216
valid_accuracy	 0.7254889616385461 	train_accuracy	 0.7256266778428463
valid_loss	 0.5514736130321097 	train_loss	 0.5538873010155211
epoch 9
valid_auc	 0.7440486150478783 	train_auc	 0.7501928114453235
valid_accuracy	 0.729560144380089 	train_accuracy	 0.7295685466058018
valid_loss	 0.5450105129954633 	train_loss	 0.5477051592253669
epoch 10
valid_auc	 0.7532862033052292 	train_auc	 0.7575501678596948
valid_accuracy	 0.7359817006631411 	train_accuracy	 0.73380492280507
valid_loss	 0.537172757580715 	train_loss	 0.5409144014610222
epoch 11
valid_auc	 0.761428289464047 	train_auc	 0.7641994226026423
valid_accuracy	 0.7405775203559137 	train_accuracy	 0.7374692749453462
valid_loss	 0.5292147503306447 	train_loss	 0.5344299231053584
epoch 12
valid_auc	 0.7670147197879102 	train_auc	 0.7695197724257755
valid_accuracy	 0.7438722404096365 	train_accuracy	 0.7404879761675521
valid_loss	 0.5230650045451026 	train_loss	 0.5286847710856796
epoch 13
valid_auc	 0.7711145504237318 	train_auc	 0.7745563784838962
valid_accuracy	 0.7452782674389322 	train_accuracy	 0.742911998912588
valid_loss	 0.5192475596341267 	train_loss	 0.5235495828318697
epoch 14
valid_auc	 0.7740838818376434 	train_auc	 0.7768338422971507
valid_accuracy	 0.748342147234114 	train_accuracy	 0.744922578525877
valid_loss	 0.5165995865902965 	train_loss	 0.5206155379881333
epoch 15
valid_auc	 0.7773894760306699 	train_auc	 0.7798030967571308
valid_accuracy	 0.7498321161756065 	train_accuracy	 0.7458627368802601
valid_loss	 0.5117237742826748 	train_loss	 0.5175145174686795
epoch 16
valid_auc	 0.7808695371369346 	train_auc	 0.782310898385076
valid_accuracy	 0.7518886930244271 	train_accuracy	 0.7471143934845893
valid_loss	 0.5076959658560161 	train_loss	 0.5144140526636871
epoch 17
valid_auc	 0.7848897403166237 	train_auc	 0.785245503560692
valid_accuracy	 0.7552043985561991 	train_accuracy	 0.7486492303161424
valid_loss	 0.5036955801636017 	train_loss	 0.5111676555661395
epoch 18
valid_auc	 0.7885706508134964 	train_auc	 0.7877718261147281
valid_accuracy	 0.7574078737513641 	train_accuracy	 0.7504389293521969
valid_loss	 0.5001044439879594 	train_loss	 0.5083410765356745
epoch 19
valid_auc	 0.7923443824846494 	train_auc	 0.7915380885031584
valid_accuracy	 0.7607445647611852 	train_accuracy	 0.7529025973290441
valid_loss	 0.4957005857604884 	train_loss	 0.5044363417456906
epoch 20
valid_auc	 0.7950787996626383 	train_auc	 0.7940666355946364
valid_accuracy	 0.7618987660538907 	train_accuracy	 0.7556041366967593
valid_loss	 0.491280282419916 	train_loss	 0.5010478637573281
epoch 21
valid_auc	 0.7972270866805464 	train_auc	 0.7964317068931369
valid_accuracy	 0.7636405607319735 	train_accuracy	 0.7564027049375305
valid_loss	 0.48850732629663035 	train_loss	 0.49813758148914034
epoch 22
valid_auc	 0.7981656050548593 	train_auc	 0.7977646899421318
valid_accuracy	 0.7630739528246453 	train_accuracy	 0.7569747289965225
valid_loss	 0.48678774194351426 	train_loss	 0.49606553884351806
epoch 23
valid_auc	 0.7994375685466123 	train_auc	 0.799093792732811
valid_accuracy	 0.7642071686393016 	train_accuracy	 0.7585095658280756
valid_loss	 0.4844054772199437 	train_loss	 0.49397418752768696
epoch 24
valid_auc	 0.8002191815477336 	train_auc	 0.8001218053398431
valid_accuracy	 0.7650675732393184 	train_accuracy	 0.7584869114098978
valid_loss	 0.4837332062190868 	train_loss	 0.49265755072194695
epoch 25
valid_auc	 0.8011268881320973 	train_auc	 0.8009151002588162
valid_accuracy	 0.7653403844539579 	train_accuracy	 0.7590929170961567
valid_loss	 0.4819577988460631 	train_loss	 0.49140269729501224
epoch 26
valid_auc	 0.8021963538862859 	train_auc	 0.8023622044942562
valid_accuracy	 0.7658020649710401 	train_accuracy	 0.7599254669641947
valid_loss	 0.4803216011237788 	train_loss	 0.4896133344999064
epoch 27
valid_auc	 0.8027349021609382 	train_auc	 0.803728142385154
valid_accuracy	 0.7657181230588432 	train_accuracy	 0.7605371362549981
valid_loss	 0.4799173323462373 	train_loss	 0.4877777029526911
epoch 28
valid_auc	 0.8036412470242602 	train_auc	 0.804016845497421
valid_accuracy	 0.7663896583564174 	train_accuracy	 0.7610185426412787
valid_loss	 0.4785200376357482 	train_loss	 0.4870689481070868
epoch 29
valid_auc	 0.8038424723014486 	train_auc	 0.8044572531111014
valid_accuracy	 0.7664316293125157 	train_accuracy	 0.7614886218184701
valid_loss	 0.4785357819450392 	train_loss	 0.4861681273791681
epoch 30
valid_auc	 0.8043310068334295 	train_auc	 0.8058734462229242
valid_accuracy	 0.765906992361286 	train_accuracy	 0.7615962303048152
valid_loss	 0.4769043688651151 	train_loss	 0.48456947496789393
epoch 31
valid_auc	 0.804570407905472 	train_auc	 0.8056668792711074
valid_accuracy	 0.7662637454881223 	train_accuracy	 0.7615169398411925
valid_loss	 0.47775304083148584 	train_loss	 0.48459753481258716
epoch 32
valid_auc	 0.8054879510151749 	train_auc	 0.8066053662888588
valid_accuracy	 0.7670402081759422 	train_accuracy	 0.7623494897092306
valid_loss	 0.4757304139791671 	train_loss	 0.4832220462630031
epoch 33
valid_auc	 0.8057188465375793 	train_auc	 0.8068080968194598
valid_accuracy	 0.7674809032149752 	train_accuracy	 0.761771802045694
valid_loss	 0.47543444770208715 	train_loss	 0.48305290731231065
epoch 34
valid_auc	 0.8062026819914138 	train_auc	 0.807592095999666
valid_accuracy	 0.7676907579954672 	train_accuracy	 0.7624514345910312
valid_loss	 0.47557699754738214 	train_loss	 0.4820800257680782
epoch 35
valid_auc	 0.8061884439234794 	train_auc	 0.8081749597655317
valid_accuracy	 0.7675018886930244 	train_accuracy	 0.7628875321409558
valid_loss	 0.4742968757439057 	train_loss	 0.48131625749423584
epoch 36
valid_auc	 0.8063663106762886 	train_auc	 0.8078597318684552
valid_accuracy	 0.767459917736926 	train_accuracy	 0.7624004621501308
valid_loss	 0.475194666017282 	train_loss	 0.4815015379061999
epoch 37
valid_auc	 0.8068988765027815 	train_auc	 0.808323334849855
valid_accuracy	 0.7673969613027785 	train_accuracy	 0.7635784918953819
valid_loss	 0.47341006945944314 	train_loss	 0.48072501493043246
epoch 38
valid_auc	 0.8066601944749889 	train_auc	 0.8091558521792542
valid_accuracy	 0.767564845127172 	train_accuracy	 0.763912644563506
valid_loss	 0.4746664310497189 	train_loss	 0.4797740726810895
epoch 39
valid_auc	 0.8073731174268586 	train_auc	 0.8088532979643541
valid_accuracy	 0.7680265256442542 	train_accuracy	 0.7637030911953604
valid_loss	 0.472445220896938 	train_loss	 0.4797553768002235
epoch 40
valid_auc	 0.8075606193726171 	train_auc	 0.8088579236665169
valid_accuracy	 0.7682363804247461 	train_accuracy	 0.7639466261907728
valid_loss	 0.47225992044891024 	train_loss	 0.47981309090595237
epoch 41
valid_auc	 0.8079079286549815 	train_auc	 0.8098823897313738
valid_accuracy	 0.7683203223369428 	train_accuracy	 0.7641052071180182
valid_loss	 0.4721097033067842 	train_loss	 0.47875510694267953
epoch 42
valid_auc	 0.8076978626047668 	train_auc	 0.8104101398893826
valid_accuracy	 0.7678166708637623 	train_accuracy	 0.7648811209406114
valid_loss	 0.4727600228287981 	train_loss	 0.4780461917412393
epoch 43
valid_auc	 0.808048605447398 	train_auc	 0.8106636955232089
valid_accuracy	 0.7680894820784018 	train_accuracy	 0.765124655936024
valid_loss	 0.47222993085342174 	train_loss	 0.47774599170968246
epoch 44
valid_auc	 0.8080257130620498 	train_auc	 0.8109618564365204
valid_accuracy	 0.7684882061613364 	train_accuracy	 0.7644393597861423
valid_loss	 0.47254794368321107 	train_loss	 0.47723416839621396
epoch 45
valid_auc	 0.8083673493332283 	train_auc	 0.8114242902391229
valid_accuracy	 0.7686770754637791 	train_accuracy	 0.7641165343271071
valid_loss	 0.4708623582015122 	train_loss	 0.47673936165950315
epoch 46
valid_auc	 0.8087673481946589 	train_auc	 0.811155717663159
valid_accuracy	 0.7684672206832872 	train_accuracy	 0.765232264422369
valid_loss	 0.47046157269091937 	train_loss	 0.47674281466847057
epoch 47
valid_auc	 0.8088369487026988 	train_auc	 0.8115457012440023
valid_accuracy	 0.7680475111223034 	train_accuracy	 0.7652605824450913
valid_loss	 0.47056634808237363 	train_loss	 0.47649474840873973
epoch 48
valid_auc	 0.8092582411917798 	train_auc	 0.8122042733157371
valid_accuracy	 0.7689918576345169 	train_accuracy	 0.7656230531359378
valid_loss	 0.46968479782023775 	train_loss	 0.47546399118484783
epoch 49
valid_auc	 0.809372002918189 	train_auc	 0.8122800013021196
valid_accuracy	 0.7687610173759758 	train_accuracy	 0.7653965089541588
valid_loss	 0.4702198782092409 	train_loss	 0.4754629647535204
epoch 50
valid_auc	 0.8092876029918072 	train_auc	 0.8128637636930115
valid_accuracy	 0.7688449592881725 	train_accuracy	 0.7656173895313934
valid_loss	 0.47047466422335954 	train_loss	 0.47495305335501026
epoch 51
valid_auc	 0.809579982252401 	train_auc	 0.813424321408793
valid_accuracy	 0.7683203223369428 	train_accuracy	 0.7661327775449407
valid_loss	 0.46930003146740107 	train_loss	 0.4745132518386886
epoch 52
valid_auc	 0.8099715043259637 	train_auc	 0.8135355235559272
valid_accuracy	 0.7688449592881725 	train_accuracy	 0.7666028567221322
valid_loss	 0.4686551278853738 	train_loss	 0.47409829834566547
epoch 53
valid_auc	 0.8102058919239596 	train_auc	 0.8136526224679788
valid_accuracy	 0.7692646688491563 	train_accuracy	 0.7656173895313934
valid_loss	 0.4698624275830541 	train_loss	 0.4738445223738549
epoch 54
valid_auc	 0.8105224112356486 	train_auc	 0.813797049158202
valid_accuracy	 0.7690548140686645 	train_accuracy	 0.7660874687085849
valid_loss	 0.468196217821756 	train_loss	 0.47370307918872295
epoch 55
valid_auc	 0.8101517216096312 	train_auc	 0.8139139436629006
valid_accuracy	 0.7689498866784186 	train_accuracy	 0.7670049726447901
valid_loss	 0.46829763305498684 	train_loss	 0.4734066353679425
epoch 56
valid_auc	 0.8107484499860639 	train_auc	 0.8145284067309099
valid_accuracy	 0.7693695962394024 	train_accuracy	 0.766897364158445
valid_loss	 0.4677232582880431 	train_loss	 0.4728368881164047
epoch 57
valid_auc	 0.8107509344079207 	train_auc	 0.8146235092945286
valid_accuracy	 0.7694325526735499 	train_accuracy	 0.766648165558488
valid_loss	 0.46896081020331076 	train_loss	 0.4726903549585666
epoch 58
valid_auc	 0.8110236168149916 	train_auc	 0.8151166170599058
valid_accuracy	 0.7693695962394024 	train_accuracy	 0.7672994800811028
valid_loss	 0.46779234130329 	train_loss	 0.472194657674253
epoch 59
valid_auc	 0.8112632698004678 	train_auc	 0.8150311722996593
valid_accuracy	 0.7698312767564846 	train_accuracy	 0.7671182447356796
valid_loss	 0.4673317452594273 	train_loss	 0.47224669058002444
epoch 60
valid_auc	 0.8111806947588031 	train_auc	 0.8157699114858314
valid_accuracy	 0.7699781751028288 	train_accuracy	 0.7676959323992162
valid_loss	 0.46813029162146796 	train_loss	 0.4711940225458433
epoch 61
valid_auc	 0.8114819435541933 	train_auc	 0.8156446168122944
valid_accuracy	 0.7699152186686813 	train_accuracy	 0.7677638956537499
valid_loss	 0.4680278040185631 	train_loss	 0.47151847687894943
epoch 62
valid_auc	 0.8117454916198269 	train_auc	 0.8159139108176159
valid_accuracy	 0.7699571896247797 	train_accuracy	 0.7674580610083481
valid_loss	 0.4669749574655248 	train_loss	 0.47117358132184173
epoch 63
valid_auc	 0.8116578009502432 	train_auc	 0.815934266223322
valid_accuracy	 0.7697053638881893 	train_accuracy	 0.7676676143764938
valid_loss	 0.46731293916752625 	train_loss	 0.47098827328485904
epoch 64
valid_auc	 0.8119829696204202 	train_auc	 0.8162498629346387
valid_accuracy	 0.7705447830101569 	train_accuracy	 0.7682056568082191
valid_loss	 0.4676099998082023 	train_loss	 0.47051220318694637
epoch 65
valid_auc	 0.8124181232990699 	train_auc	 0.8166985535577118
valid_accuracy	 0.7701880298833207 	train_accuracy	 0.7686983904035884
valid_loss	 0.46636772870667703 	train_loss	 0.4704186680226123
epoch 66
valid_auc	 0.8125021612238637 	train_auc	 0.8169780054077512
valid_accuracy	 0.7706706958784522 	train_accuracy	 0.7686474179626882
valid_loss	 0.466211426633845 	train_loss	 0.47008645521277476
epoch 67
valid_auc	 0.8122473835145092 	train_auc	 0.816918096575332
valid_accuracy	 0.769999160580878 	train_accuracy	 0.7682679564582082
valid_loss	 0.4660485639744377 	train_loss	 0.4699486909839326
epoch 68
valid_auc	 0.8127297223645186 	train_auc	 0.8170221350866729
valid_accuracy	 0.7707966087467473 	train_accuracy	 0.7684605190127205
valid_loss	 0.46569999393054673 	train_loss	 0.4697122642701201
epoch 69
valid_auc	 0.8127902837424978 	train_auc	 0.8175581070810712
valid_accuracy	 0.7705867539662553 	train_accuracy	 0.7688399805172004
valid_loss	 0.4661330138412714 	train_loss	 0.46928832202792603
epoch 70
valid_auc	 0.8125799042881686 	train_auc	 0.8175744418360633
valid_accuracy	 0.7706706958784522 	train_accuracy	 0.7686870631944995
valid_loss	 0.4655211370883096 	train_loss	 0.469079253189856
epoch 71
valid_auc	 0.8128231703470277 	train_auc	 0.8175427691405254
valid_accuracy	 0.770880550658944 	train_accuracy	 0.768466182617265
valid_loss	 0.46661875967833144 	train_loss	 0.46913442533220934
epoch 72
valid_auc	 0.8123901767764834 	train_auc	 0.8179398198018638
valid_accuracy	 0.7703768991857635 	train_accuracy	 0.7686304271490547
valid_loss	 0.4664437270861463 	train_loss	 0.46876315956802356
epoch 73
valid_auc	 0.8131007194439395 	train_auc	 0.8179281546571833
valid_accuracy	 0.7710694199613867 	train_accuracy	 0.7694006773671035
valid_loss	 0.46501401549704263 	train_loss	 0.46867841261008325
epoch 74
valid_auc	 0.8132527561437198 	train_auc	 0.8182979411290121
valid_accuracy	 0.7706287249223537 	train_accuracy	 0.7690438702808016
valid_loss	 0.4655067977972558 	train_loss	 0.4683745622431764
epoch 75
valid_auc	 0.8129431902378743 	train_auc	 0.8185335507635118
valid_accuracy	 0.7711953328296819 	train_accuracy	 0.7690608610944349
valid_loss	 0.4657309235792105 	train_loss	 0.4678818326408605
epoch 76
valid_auc	 0.8128642768670661 	train_auc	 0.8185529998709231
valid_accuracy	 0.77020901536137 	train_accuracy	 0.769525276667082
valid_loss	 0.46745332334116213 	train_loss	 0.4679165386340975
epoch 77
valid_auc	 0.8133133800041649 	train_auc	 0.8187120620423598
valid_accuracy	 0.7714681440443213 	train_accuracy	 0.76916846958078
valid_loss	 0.4647275240547567 	train_loss	 0.46795772034552185
epoch 78
valid_auc	 0.8133968387264181 	train_auc	 0.8188554172458641
valid_accuracy	 0.7708595651808948 	train_accuracy	 0.7695705855034378
valid_loss	 0.4648326547697848 	train_loss	 0.46742744372742545
epoch 79
valid_auc	 0.8133837045153807 	train_auc	 0.8189126677169631
valid_accuracy	 0.7701880298833207 	train_accuracy	 0.7700576554942627
valid_loss	 0.46592854288072166 	train_loss	 0.4673772664344427
epoch 80
valid_auc	 0.8131941446153896 	train_auc	 0.8192140460034313
valid_accuracy	 0.7710274490052883 	train_accuracy	 0.7699953558442735
valid_loss	 0.4657393356889922 	train_loss	 0.4671872622423928
epoch 81
valid_auc	 0.813289073333161 	train_auc	 0.8192698943267683
valid_accuracy	 0.7714051876101737 	train_accuracy	 0.769666866780694
valid_loss	 0.46475447439495665 	train_loss	 0.46727817867293586
epoch 82
valid_auc	 0.8134529221943441 	train_auc	 0.8198667393566401
valid_accuracy	 0.7712792747418786 	train_accuracy	 0.7693440413216588
valid_loss	 0.46450870104865793 	train_loss	 0.4666325371617727
epoch 83
valid_auc	 0.813285569356147 	train_auc	 0.8201255402380299
valid_accuracy	 0.770880550658944 	train_accuracy	 0.7696781939897829
valid_loss	 0.46520569113016225 	train_loss	 0.4662270602426177
epoch 84
valid_auc	 0.8137734969156027 	train_auc	 0.8198498904926435
valid_accuracy	 0.7712373037857803 	train_accuracy	 0.7697008484079607
valid_loss	 0.4649598708805891 	train_loss	 0.4665595437700162
epoch 85
valid_auc	 0.8139723587687254 	train_auc	 0.8206611885341659
valid_accuracy	 0.7711953328296819 	train_accuracy	 0.7698141204988503
valid_loss	 0.4642627332402513 	train_loss	 0.46574636512554046
epoch 86
valid_auc	 0.8135030569348064 	train_auc	 0.8202995122100372
valid_accuracy	 0.7702929572735667 	train_accuracy	 0.7703918081623868
valid_loss	 0.4673938195167809 	train_loss	 0.4661462492098923
epoch 87
valid_auc	 0.8138255160478924 	train_auc	 0.8203098233069832
valid_accuracy	 0.7718668681272559 	train_accuracy	 0.7700859735169852
valid_loss	 0.46520851429331433 	train_loss	 0.4659414168900487
epoch 88
valid_auc	 0.8139897497217224 	train_auc	 0.8203766323263029
valid_accuracy	 0.771321245697977 	train_accuracy	 0.7701596003760633
valid_loss	 0.46442135599895973 	train_loss	 0.46590511457190764
epoch 89
valid_auc	 0.8143405124000569 	train_auc	 0.8208140075068127
valid_accuracy	 0.7721816502979938 	train_accuracy	 0.7706410067623438
valid_loss	 0.4641868356867955 	train_loss	 0.46543430312663014
epoch 90
valid_auc	 0.8141466937745356 	train_auc	 0.820872626945891
valid_accuracy	 0.7720347519516495 	train_accuracy	 0.7707089700168775
valid_loss	 0.4642529224483326 	train_loss	 0.465294950801976
epoch 91
valid_auc	 0.8144335706109935 	train_auc	 0.8214156271570993
valid_accuracy	 0.7715520859565181 	train_accuracy	 0.7713659481440368
valid_loss	 0.4645036450639442 	train_loss	 0.4646520018789437
epoch 92
valid_auc	 0.8140580430569052 	train_auc	 0.8216325684392802
valid_accuracy	 0.7710064635272391 	train_accuracy	 0.7712186944258804
valid_loss	 0.46362233874049447 	train_loss	 0.4645576591819823
epoch 93
valid_auc	 0.8146232415909238 	train_auc	 0.8215707839189506
valid_accuracy	 0.7713002602199278 	train_accuracy	 0.7706410067623438
valid_loss	 0.46318239401598926 	train_loss	 0.4644200498240275
epoch 94
valid_auc	 0.81477139842711 	train_auc	 0.8213999707759013
valid_accuracy	 0.7716360278687149 	train_accuracy	 0.7703804809532979
valid_loss	 0.46344719303240733 	train_loss	 0.46466561691943037
epoch 95
valid_auc	 0.8143871134099502 	train_auc	 0.8218738683709291
valid_accuracy	 0.772097708385797 	train_accuracy	 0.7708958689668453
valid_loss	 0.46464143723515205 	train_loss	 0.46437469705511586
epoch 96
valid_auc	 0.8148801585808951 	train_auc	 0.821519135999752
valid_accuracy	 0.7716779988248132 	train_accuracy	 0.7706636611805218
valid_loss	 0.46318288172575617 	train_loss	 0.4645725588734942
epoch 97
valid_auc	 0.8149605735144543 	train_auc	 0.8224123952796174
valid_accuracy	 0.7721186938638462 	train_accuracy	 0.7712017036122469
valid_loss	 0.4635929949682512 	train_loss	 0.4638360678309373
epoch 98
valid_auc	 0.8149891012231518 	train_auc	 0.8224592293594719
valid_accuracy	 0.7722236212540922 	train_accuracy	 0.7715415198849156
valid_loss	 0.463236714216997 	train_loss	 0.46370690106835755
epoch 99
valid_auc	 0.8153004870547885 	train_auc	 0.8226206030320632
valid_accuracy	 0.7720137664736003 	train_accuracy	 0.7717227552303388
valid_loss	 0.4638592193652582 	train_loss	 0.4633731828953328
epoch 100
valid_auc	 0.8155286482254727 	train_auc	 0.8228654361487158
valid_accuracy	 0.7733358515906993 	train_accuracy	 0.7713319665167699
valid_loss	 0.4629933487304303 	train_loss	 0.46328167311621443
epoch 101
valid_auc	 0.8156601480296893 	train_auc	 0.8232536960149986
valid_accuracy	 0.7726853017711743 	train_accuracy	 0.7720569078984629
valid_loss	 0.4621971672713112 	train_loss	 0.46291706361215573
epoch 102
valid_auc	 0.8158995580277983 	train_auc	 0.8230913673756952
valid_accuracy	 0.7722236212540922 	train_accuracy	 0.7721192075484521
valid_loss	 0.4622656255131724 	train_loss	 0.4627558186187502
epoch 103
valid_auc	 0.8156533771123178 	train_auc	 0.8231285051437359
valid_accuracy	 0.7722236212540922 	train_accuracy	 0.771796382089417
valid_loss	 0.4625371551285787 	train_loss	 0.46297288237510303
epoch 104
valid_auc	 0.8157597024335046 	train_auc	 0.8233410299624244
valid_accuracy	 0.7731259968102073 	train_accuracy	 0.7727365404438
valid_loss	 0.46275743087421656 	train_loss	 0.4625619368154368
epoch 105
valid_auc	 0.8154392725128812 	train_auc	 0.8239072483480121
valid_accuracy	 0.7727272727272727 	train_accuracy	 0.7718360273212284
valid_loss	 0.46292045823001626 	train_loss	 0.46219215656156964
epoch 106
valid_auc	 0.8160106339999607 	train_auc	 0.8234294475459111
valid_accuracy	 0.7733148661126501 	train_accuracy	 0.7724080513802204
valid_loss	 0.4623213155547479 	train_loss	 0.46239028067091137
epoch 107
valid_auc	 0.8160222378864772 	train_auc	 0.8237883698060068
valid_accuracy	 0.7730000839419122 	train_accuracy	 0.7720059354575626
valid_loss	 0.46183429186991254 	train_loss	 0.46212169412621895
epoch 108
valid_auc	 0.8157531378074488 	train_auc	 0.8242077783119934
valid_accuracy	 0.7727272727272727 	train_accuracy	 0.7726062775392771
valid_loss	 0.46231807527860785 	train_loss	 0.46185629251310034
epoch 109
valid_auc	 0.81627873138418 	train_auc	 0.8237898290769914
valid_accuracy	 0.7730630403760598 	train_accuracy	 0.7728158309074227
valid_loss	 0.46264004289463684 	train_loss	 0.4619425155879003
epoch 110
valid_auc	 0.8160952362505176 	train_auc	 0.8241141529947016
valid_accuracy	 0.7726223453370268 	train_accuracy	 0.7725949503301881
valid_loss	 0.46183981365976423 	train_loss	 0.4616838345707999
epoch 111
valid_auc	 0.8161691916872494 	train_auc	 0.8242090861780182
valid_accuracy	 0.7726223453370268 	train_accuracy	 0.7730933475301021
valid_loss	 0.46156558204987985 	train_loss	 0.46140918749635085
epoch 112
valid_auc	 0.8164056402148339 	train_auc	 0.8245353777207659
valid_accuracy	 0.7730000839419122 	train_accuracy	 0.7726515863756329
valid_loss	 0.46163629531989464 	train_loss	 0.4610223226623488
epoch 113
valid_auc	 0.816393004871738 	train_auc	 0.8246450216970078
valid_accuracy	 0.7732099387224041 	train_accuracy	 0.7733935185709593
valid_loss	 0.46168408868975036 	train_loss	 0.461163201572206
epoch 114
valid_auc	 0.8163381571681367 	train_auc	 0.8246804360346832
valid_accuracy	 0.7732519096785024 	train_accuracy	 0.7735181178709378
valid_loss	 0.463294181030518 	train_loss	 0.4609278213171482
epoch 115
valid_auc	 0.8160838376635319 	train_auc	 0.8250702373753942
valid_accuracy	 0.7724334760345841 	train_accuracy	 0.7736653715890942
valid_loss	 0.4612963634144131 	train_loss	 0.46050366449723784
epoch 116
valid_auc	 0.8165185053674472 	train_auc	 0.8251570187764231
valid_accuracy	 0.7723285486443381 	train_accuracy	 0.7727138860256222
valid_loss	 0.4619604259236566 	train_loss	 0.46054484465694745
epoch 117
valid_auc	 0.8166152986413426 	train_auc	 0.8250826141447004
valid_accuracy	 0.7724544615126333 	train_accuracy	 0.7733935185709593
valid_loss	 0.4615266013206948 	train_loss	 0.4606216857481398
epoch 118
valid_auc	 0.8164976183717174 	train_auc	 0.8250939334238983
valid_accuracy	 0.7725593889028792 	train_accuracy	 0.7732066196209916
valid_loss	 0.461629588805639 	train_loss	 0.4606123623836235
epoch 119
valid_auc	 0.8166218989716645 	train_auc	 0.8253580906021014
valid_accuracy	 0.7728741710736171 	train_accuracy	 0.7734671454300375
valid_loss	 0.46183669308692865 	train_loss	 0.46005689838363906
epoch 120
valid_auc	 0.8167263835395717 	train_auc	 0.8256240408384787
valid_accuracy	 0.7730000839419122 	train_accuracy	 0.7734388274073151
valid_loss	 0.46157087051016416 	train_loss	 0.46010456581991244
epoch 121
valid_auc	 0.816426518284497 	train_auc	 0.8260237202337943
valid_accuracy	 0.7728531855955678 	train_accuracy	 0.7733878549664148
valid_loss	 0.462293404268943 	train_loss	 0.45965869804341514
epoch 122
valid_auc	 0.8167346074222208 	train_auc	 0.8262721616340157
valid_accuracy	 0.7733148661126501 	train_accuracy	 0.7744526126207764
valid_loss	 0.46086856557121636 	train_loss	 0.4592358998711668
epoch 123
valid_auc	 0.8166251083884822 	train_auc	 0.8264291042781138
valid_accuracy	 0.7733148661126501 	train_accuracy	 0.7739032429799622
valid_loss	 0.4614899329699822 	train_loss	 0.4591930147623927
epoch 124
valid_auc	 0.8166502114629797 	train_auc	 0.8257593190740651
valid_accuracy	 0.7731469822882565 	train_accuracy	 0.7735407722891157
valid_loss	 0.4609216837873363 	train_loss	 0.4596558937610603
epoch 125
valid_auc	 0.8163444669054032 	train_auc	 0.8262973203638458
valid_accuracy	 0.7723915050784856 	train_accuracy	 0.7743619949480648
valid_loss	 0.461341209885286 	train_loss	 0.45939320362388436
epoch 126
valid_auc	 0.8167673740207447 	train_auc	 0.82663559002117
valid_accuracy	 0.7729371275077647 	train_accuracy	 0.773937224607229
valid_loss	 0.46077307172160203 	train_loss	 0.45884490764202496
epoch 127
valid_auc	 0.8169791171796857 	train_auc	 0.8265419930523431
valid_accuracy	 0.7730420548980106 	train_accuracy	 0.7738805885617842
valid_loss	 0.461386564150299 	train_loss	 0.4591040969072977
epoch 128
valid_auc	 0.8165069788401741 	train_auc	 0.8264934483309048
valid_accuracy	 0.7727692436833711 	train_accuracy	 0.7746734931980109
valid_loss	 0.46205095273702246 	train_loss	 0.4586088268422445
epoch 129
valid_auc	 0.8170194391976531 	train_auc	 0.8261924022685527
valid_accuracy	 0.7731469822882565 	train_accuracy	 0.774650838779833
valid_loss	 0.4611800267122498 	train_loss	 0.45913532456208384
epoch 130
valid_auc	 0.8165371578711835 	train_auc	 0.8265844691418549
valid_accuracy	 0.7732938806346008 	train_accuracy	 0.7748207469161673
valid_loss	 0.4627357539309531 	train_loss	 0.458997599928991
epoch 131
valid_auc	 0.8170088042852497 	train_auc	 0.8266564152014392
valid_accuracy	 0.7729371275077647 	train_accuracy	 0.7738126253072506
valid_loss	 0.4614468687386491 	train_loss	 0.4587132312845859
epoch 132
valid_auc	 0.8168710730947955 	train_auc	 0.8268786097596962
valid_accuracy	 0.7734407789809452 	train_accuracy	 0.7744696034344098
valid_loss	 0.46063106660937797 	train_loss	 0.4584863453202967
epoch 133
valid_auc	 0.8170073235499875 	train_auc	 0.8273339030173603
valid_accuracy	 0.7728322001175186 	train_accuracy	 0.7746338479661996
valid_loss	 0.4612858005458211 	train_loss	 0.4580224834485652
epoch 134
valid_auc	 0.817240216527729 	train_auc	 0.8273979895893561
valid_accuracy	 0.773084025854109 	train_accuracy	 0.7747527836616336
valid_loss	 0.46082540571276226 	train_loss	 0.4579136926974392
epoch 135
valid_auc	 0.8172290252238442 	train_auc	 0.8268943125357504
valid_accuracy	 0.7726643162931252 	train_accuracy	 0.7746338479661996
valid_loss	 0.4606234397365774 	train_loss	 0.458240067221614
epoch 136
valid_auc	 0.8172429062491162 	train_auc	 0.8269693188085799
valid_accuracy	 0.7730210694199614 	train_accuracy	 0.7743110225071644
valid_loss	 0.46102841545390416 	train_loss	 0.4582855138808991
epoch 137
valid_auc	 0.8168297811109297 	train_auc	 0.8271742288316938
valid_accuracy	 0.7728951565516663 	train_accuracy	 0.7750586183070354
valid_loss	 0.46169449007724267 	train_loss	 0.4581528904090205
epoch 138
valid_auc	 0.8169454331798773 	train_auc	 0.8279627626295212
valid_accuracy	 0.7726223453370268 	train_accuracy	 0.7750812727252132
valid_loss	 0.4606270187888999 	train_loss	 0.4574151449814695
epoch 139
valid_auc	 0.8171941252954145 	train_auc	 0.8280647940127004
valid_accuracy	 0.7733358515906993 	train_accuracy	 0.7755683427160383
valid_loss	 0.4609793673336354 	train_loss	 0.4570454925219171
epoch 140
valid_auc	 0.8171109155112393 	train_auc	 0.8277291759670621
valid_accuracy	 0.7732728951565516 	train_accuracy	 0.7755966607387605
valid_loss	 0.46076376666665825 	train_loss	 0.4574035971128408
epoch 141
valid_auc	 0.8173774795955822 	train_auc	 0.8280289646080261
valid_accuracy	 0.7730420548980106 	train_accuracy	 0.7751548995842914
valid_loss	 0.46081878609338184 	train_loss	 0.4572197622035316
epoch 142
valid_auc	 0.816928316951373 	train_auc	 0.8278328795544331
valid_accuracy	 0.7730630403760598 	train_accuracy	 0.7750756091206688
valid_loss	 0.46363792107714513 	train_loss	 0.45731051791082783
epoch 143
valid_auc	 0.8167257408627799 	train_auc	 0.8280328572998792
valid_accuracy	 0.7728322001175186 	train_accuracy	 0.7747527836616336
valid_loss	 0.46093606439404056 	train_loss	 0.45701319262964674
epoch 144
valid_auc	 0.8171587463347464 	train_auc	 0.8282912385671477
valid_accuracy	 0.7732938806346008 	train_accuracy	 0.7758798409659844
valid_loss	 0.4605523680094213 	train_loss	 0.45682865688204205
epoch 145
valid_auc	 0.8173299939133152 	train_auc	 0.8282960122639285
valid_accuracy	 0.7720347519516495 	train_accuracy	 0.7753701165569815
valid_loss	 0.46114310026735855 	train_loss	 0.45688812417961244
epoch 146
valid_auc	 0.8171954572629008 	train_auc	 0.8287743007448862
valid_accuracy	 0.7725803743809284 	train_accuracy	 0.776208330029564
valid_loss	 0.46108718020522466 	train_loss	 0.45631064059608145
epoch 147
valid_auc	 0.8173106739381579 	train_auc	 0.8285819510100889
valid_accuracy	 0.772979098463863 	train_accuracy	 0.7762706296795533
valid_loss	 0.4607827652546424 	train_loss	 0.45643404509094576
epoch 148
valid_auc	 0.8172805107757113 	train_auc	 0.8287832209908271
valid_accuracy	 0.7731889532443549 	train_accuracy	 0.7755343610887714
valid_loss	 0.46139991333100694 	train_loss	 0.4562402977604166
epoch 149
valid_auc	 0.8174576664185519 	train_auc	 0.8286280034112166
valid_accuracy	 0.7732938806346008 	train_accuracy	 0.7763442565386315
valid_loss	 0.4606547480362146 	train_loss	 0.45622203669580613
epoch 150
valid_auc	 0.8172639172179926 	train_auc	 0.8289539500121154
valid_accuracy	 0.772643330815076 	train_accuracy	 0.7757778960841838
valid_loss	 0.460832320158567 	train_loss	 0.4560866583644881
epoch 151
valid_auc	 0.8174652555586905 	train_auc	 0.8286637174326648
valid_accuracy	 0.7726853017711743 	train_accuracy	 0.7754607342296932
valid_loss	 0.4609163650748221 	train_loss	 0.45626515781576277
epoch 152
valid_auc	 0.8173758411664773 	train_auc	 0.8289487969858743
valid_accuracy	 0.7732309242004533 	train_accuracy	 0.7757892232932728
valid_loss	 0.46043349891012686 	train_loss	 0.45610689967998264
epoch 153
valid_auc	 0.8171251000227744 	train_auc	 0.8286990656949705
valid_accuracy	 0.7726223453370268 	train_accuracy	 0.7752681716751809
valid_loss	 0.4607603835010026 	train_loss	 0.45635849524418864
epoch 154
valid_auc	 0.8175667915492801 	train_auc	 0.8295270578562371
valid_accuracy	 0.7732309242004533 	train_accuracy	 0.7757665688750949
valid_loss	 0.4606566227815705 	train_loss	 0.4554707718858812
epoch 155
valid_auc	 0.8174589825174755 	train_auc	 0.8294033195063243
valid_accuracy	 0.7733148661126501 	train_accuracy	 0.7760327582886852
valid_loss	 0.46141951315446894 	train_loss	 0.4556451101580447
epoch 156
valid_auc	 0.8174383841312309 	train_auc	 0.8293188164266676
valid_accuracy	 0.7730000839419122 	train_accuracy	 0.775624978761483
valid_loss	 0.46062710730118867 	train_loss	 0.45573743570859915
epoch 157
valid_auc	 0.8176848159683602 	train_auc	 0.8295079911333839
valid_accuracy	 0.7728322001175186 	train_accuracy	 0.7759308134068846
valid_loss	 0.4609087039267632 	train_loss	 0.45567092049280145
epoch 158
valid_auc	 0.8176671264880262 	train_auc	 0.8294555048385285
valid_accuracy	 0.7730420548980106 	train_accuracy	 0.7759081589887068
valid_loss	 0.4605553862055068 	train_loss	 0.45558418188548405
epoch 159
valid_auc	 0.817681501422314 	train_auc	 0.8299465465052526
valid_accuracy	 0.7739444304541258 	train_accuracy	 0.7772504332657476
valid_loss	 0.46034878454789147 	train_loss	 0.45502341585774886
epoch 160
valid_auc	 0.8175430303601211 	train_auc	 0.8298468594477661
valid_accuracy	 0.7733778225467977 	train_accuracy	 0.7761686847977527
valid_loss	 0.4604574496662162 	train_loss	 0.45508287180058077
epoch 161
valid_auc	 0.8176115498223232 	train_auc	 0.8300752685011045
valid_accuracy	 0.7731469822882565 	train_accuracy	 0.7767123908340224
valid_loss	 0.46037952747105715 	train_loss	 0.4545685128561747
epoch 162
valid_auc	 0.8174589458214241 	train_auc	 0.830155634623187
valid_accuracy	 0.7731050113321581 	train_accuracy	 0.7766840728113
valid_loss	 0.4602932701826342 	train_loss	 0.4547093269380695
epoch 163
valid_auc	 0.8175893774730101 	train_auc	 0.8298387009868925
valid_accuracy	 0.772979098463863 	train_accuracy	 0.7765708007204105
valid_loss	 0.46111377380986174 	train_loss	 0.4550074842819086
epoch 164
valid_auc	 0.8173198697702758 	train_auc	 0.8302561879785026
valid_accuracy	 0.7735876773272895 	train_accuracy	 0.7766784092067556
valid_loss	 0.46312182317655237 	train_loss	 0.45464301664991513
epoch 165
valid_auc	 0.8167882877946742 	train_auc	 0.8299954377316131
valid_accuracy	 0.7736296482833879 	train_accuracy	 0.7766670819976665
valid_loss	 0.4604394272366072 	train_loss	 0.45485172412936015
epoch 166
valid_auc	 0.8177548895579273 	train_auc	 0.830200863000512
valid_accuracy	 0.7735457063711911 	train_accuracy	 0.7772334424521142
valid_loss	 0.4609422799849223 	train_loss	 0.45459599923024374
epoch 167
valid_auc	 0.8176980533250555 	train_auc	 0.830692890042828
valid_accuracy	 0.7739654159321749 	train_accuracy	 0.7772617604748366
valid_loss	 0.4606500489909921 	train_loss	 0.45416442649113
epoch 168
valid_auc	 0.8176821560005278 	train_auc	 0.8305220843599014
valid_accuracy	 0.7741332997565684 	train_accuracy	 0.7772334424521142
valid_loss	 0.46095942523291833 	train_loss	 0.4541510339558218
epoch 169
valid_auc	 0.8174266126330203 	train_auc	 0.8308444286453295
valid_accuracy	 0.7736086628053387 	train_accuracy	 0.7773183965202813
valid_loss	 0.4604288040046785 	train_loss	 0.45392033690143774
epoch 170
valid_auc	 0.8176675103088877 	train_auc	 0.830942715260225
valid_accuracy	 0.7731469822882565 	train_accuracy	 0.7773297237293704
valid_loss	 0.4610094078491535 	train_loss	 0.4538579724598937
epoch 171
valid_auc	 0.817941195410768 	train_auc	 0.8305432512137751
valid_accuracy	 0.7736926047175354 	train_accuracy	 0.7772334424521142
valid_loss	 0.4601838238027383 	train_loss	 0.4540731157115684
epoch 172
valid_auc	 0.8176810918150381 	train_auc	 0.8312714240247184
valid_accuracy	 0.7725174179467809 	train_accuracy	 0.7780886467383301
valid_loss	 0.4602786167627647 	train_loss	 0.45330869955451636
epoch 173
valid_auc	 0.8178393152707235 	train_auc	 0.8307692895112728
valid_accuracy	 0.773524720893142 	train_accuracy	 0.7778281209292842
valid_loss	 0.4610632103197803 	train_loss	 0.45379543405068834
epoch 174
valid_auc	 0.8176004279434004 	train_auc	 0.8313626847674138
valid_accuracy	 0.7732938806346008 	train_accuracy	 0.7774769774475268
valid_loss	 0.4612403448980522 	train_loss	 0.45322705076232167
epoch 175
valid_auc	 0.8175224051956769 	train_auc	 0.8315593132731594
valid_accuracy	 0.7731679677663057 	train_accuracy	 0.7774599866338933
valid_loss	 0.46111020606957015 	train_loss	 0.4530498897989737
epoch 176
valid_auc	 0.8177729638509083 	train_auc	 0.8312358873410362
valid_accuracy	 0.7730420548980106 	train_accuracy	 0.7777205124429392
valid_loss	 0.46046745185092036 	train_loss	 0.45354061289604675
epoch 177
valid_auc	 0.8175271865919929 	train_auc	 0.8315313413667075
valid_accuracy	 0.7733988080248468 	train_accuracy	 0.7778224573247398
valid_loss	 0.46057558128801734 	train_loss	 0.45325423193427195
epoch 178
valid_auc	 0.8178540303873257 	train_auc	 0.8319016080572708
valid_accuracy	 0.7737135901955846 	train_accuracy	 0.7779187386019959
valid_loss	 0.4607794339963233 	train_loss	 0.45292165927942
epoch 179
valid_auc	 0.8175031100151489 	train_auc	 0.8316985987312395
valid_accuracy	 0.7730630403760598 	train_accuracy	 0.7781622735974083
valid_loss	 0.46057315803673626 	train_loss	 0.452964472213381
epoch 180
valid_auc	 0.8177911918705909 	train_auc	 0.8318072206707166
valid_accuracy	 0.7736506337614371 	train_accuracy	 0.7774203414020819
valid_loss	 0.460609849979814 	train_loss	 0.452845063959017
epoch 181
valid_auc	 0.8176184228935676 	train_auc	 0.8316203826874731
valid_accuracy	 0.7738185175858306 	train_accuracy	 0.7772334424521142
valid_loss	 0.4612529480945904 	train_loss	 0.45309488561418204
epoch 182
valid_auc	 0.8178717317690818 	train_auc	 0.8318410277427893
valid_accuracy	 0.7732938806346008 	train_accuracy	 0.778026347088341
valid_loss	 0.4615535027902017 	train_loss	 0.4528340860103159
epoch 183
valid_auc	 0.8176284379402378 	train_auc	 0.8318067732765206
valid_accuracy	 0.7734827499370436 	train_accuracy	 0.7774146777975375
valid_loss	 0.4604037696348727 	train_loss	 0.45271803922092385
epoch 184
valid_auc	 0.8179502999986501 	train_auc	 0.8319536767984198
valid_accuracy	 0.7727062872492235 	train_accuracy	 0.7787003160291336
valid_loss	 0.4608698266642042 	train_loss	 0.45247598245079984
epoch 185
valid_auc	 0.8178433944831374 	train_auc	 0.8318653125015214
valid_accuracy	 0.7741752707126668 	train_accuracy	 0.7772900784975589
valid_loss	 0.4603554464166517 	train_loss	 0.45284197583873764
epoch 186
valid_auc	 0.8180527851276498 	train_auc	 0.8319269277125978
valid_accuracy	 0.7729161420297155 	train_accuracy	 0.7778394481383731
valid_loss	 0.46068835210479514 	train_loss	 0.45266468893999484
epoch 187
valid_auc	 0.8173479501838605 	train_auc	 0.8322983760154958
valid_accuracy	 0.7734617644589944 	train_accuracy	 0.7783774905700984
valid_loss	 0.4606724251096819 	train_loss	 0.45213586633714586
epoch 188
valid_auc	 0.8175893576373067 	train_auc	 0.83265023098195
valid_accuracy	 0.7739444304541258 	train_accuracy	 0.7774373322157153
valid_loss	 0.4606979585190001 	train_loss	 0.4520331232400071
epoch 189
valid_auc	 0.8178718517750876 	train_auc	 0.832372479826665
valid_accuracy	 0.7737345756736338 	train_accuracy	 0.7780150198792519
valid_loss	 0.4602711908029235 	train_loss	 0.45205376836187733
epoch 190
valid_auc	 0.8179518451999488 	train_auc	 0.8328290692273044
valid_accuracy	 0.7737345756736338 	train_accuracy	 0.7782585548746644
valid_loss	 0.45993025263153414 	train_loss	 0.4518528530810301
epoch 191
valid_auc	 0.817892437268125 	train_auc	 0.8325924786932862
valid_accuracy	 0.773860488541929 	train_accuracy	 0.7785587259155217
valid_loss	 0.46090883656913106 	train_loss	 0.45172381912457665
epoch 192
valid_auc	 0.8178860739744593 	train_auc	 0.8330296014374645
valid_accuracy	 0.773524720893142 	train_accuracy	 0.7786663344018667
valid_loss	 0.4614049130516449 	train_loss	 0.45147203535455965
epoch 193
valid_auc	 0.8177539414113025 	train_auc	 0.8331349208873413
valid_accuracy	 0.7732519096785024 	train_accuracy	 0.7784397902200877
valid_loss	 0.46148672474243974 	train_loss	 0.45124813723605733
epoch 194
valid_auc	 0.8182017026630631 	train_auc	 0.832872960963847
valid_accuracy	 0.773755561151683 	train_accuracy	 0.7786663344018667
valid_loss	 0.4602410458350486 	train_loss	 0.45169234541989467
epoch 195
valid_auc	 0.8177566896480153 	train_auc	 0.832991759789116
valid_accuracy	 0.7736086628053387 	train_accuracy	 0.7792157040426809
valid_loss	 0.4605518983654367 	train_loss	 0.45133960775061716
epoch 196
valid_auc	 0.8178852418666995 	train_auc	 0.8334604362221183
valid_accuracy	 0.7732728951565516 	train_accuracy	 0.7784397902200877
valid_loss	 0.4615546481696556 	train_loss	 0.4510217875530796
epoch 197
valid_auc	 0.8171130805782707 	train_auc	 0.8327826240684961
valid_accuracy	 0.773084025854109 	train_accuracy	 0.7784567810337211
valid_loss	 0.4625310767441562 	train_loss	 0.45153300741932345
epoch 198
valid_auc	 0.8181115325305488 	train_auc	 0.8334942315000929
valid_accuracy	 0.7735037354150928 	train_accuracy	 0.7784511174291766
valid_loss	 0.46069597918681887 	train_loss	 0.45102911302894033
epoch 199
valid_auc	 0.8176558538577572 	train_auc	 0.8331204465447708
valid_accuracy	 0.7732519096785024 	train_accuracy	 0.7786550071927778
valid_loss	 0.4608093295382079 	train_loss	 0.45128144023654787
epoch 200
valid_auc	 0.8182030395894755 	train_auc	 0.8331737904695036
valid_accuracy	 0.7739234449760766 	train_accuracy	 0.7779583838338072
valid_loss	 0.460304826282226 	train_loss	 0.4510667510374061
epoch 201
valid_auc	 0.81781299725939 	train_auc	 0.8336721076028077
valid_accuracy	 0.7737135901955846 	train_accuracy	 0.7790288050927132
valid_loss	 0.46052613170957724 	train_loss	 0.4506857301279436
epoch 202
valid_auc	 0.8177943874024161 	train_auc	 0.8339486792061729
valid_accuracy	 0.7741542852346176 	train_accuracy	 0.7797480828698617
valid_loss	 0.46183466960255076 	train_loss	 0.45045995687277546
epoch 203
valid_auc	 0.8177789383647864 	train_auc	 0.8338688039601424
valid_accuracy	 0.7736086628053387 	train_accuracy	 0.778717306842767
valid_loss	 0.4602739254645108 	train_loss	 0.4502727239307374
epoch 204
valid_auc	 0.8177463721068672 	train_auc	 0.8340277214052052
valid_accuracy	 0.7736086628053387 	train_accuracy	 0.7789608418381795
valid_loss	 0.46117204737581824 	train_loss	 0.45021754273119896
epoch 205
valid_auc	 0.8183682303359969 	train_auc	 0.8340918223290554
valid_accuracy	 0.7737975321077815 	train_accuracy	 0.7789665054427239
valid_loss	 0.460006534202064 	train_loss	 0.45026926967444353
epoch 206
valid_auc	 0.8178590170831723 	train_auc	 0.8341804117795518
valid_accuracy	 0.7733148661126501 	train_accuracy	 0.7796744560107836
valid_loss	 0.4598682509159122 	train_loss	 0.44984849533558163
epoch 207
valid_auc	 0.8179306378576084 	train_auc	 0.8340708921386828
valid_accuracy	 0.7727272727272727 	train_accuracy	 0.7796291471744277
valid_loss	 0.4610943626923132 	train_loss	 0.45019986873688517
epoch 208
valid_auc	 0.8182721442049293 	train_auc	 0.8338911807748159
valid_accuracy	 0.7736296482833879 	train_accuracy	 0.7792440220654033
valid_loss	 0.4606319562093754 	train_loss	 0.450353781233895
epoch 209
valid_auc	 0.8182432842481991 	train_auc	 0.8344766483365356
valid_accuracy	 0.7733988080248468 	train_accuracy	 0.7790514595108912
valid_loss	 0.46088830937653447 	train_loss	 0.44980283872615723
epoch 210
valid_auc	 0.8180868777429493 	train_auc	 0.8344565047272557
valid_accuracy	 0.7736086628053387 	train_accuracy	 0.7800595811198079
valid_loss	 0.4598702975021629 	train_loss	 0.44963841879912386
epoch 211
valid_auc	 0.8180917186463754 	train_auc	 0.8344053439185238
valid_accuracy	 0.7737975321077815 	train_accuracy	 0.7793912757835597
valid_loss	 0.4606440155127197 	train_loss	 0.4498495426121164
epoch 212
valid_auc	 0.8182142993265372 	train_auc	 0.8348031992073466
valid_accuracy	 0.773524720893142 	train_accuracy	 0.7795668475244385
valid_loss	 0.4610370238829105 	train_loss	 0.44944565585275387
epoch 213
valid_auc	 0.8182296174485242 	train_auc	 0.8344020318373375
valid_accuracy	 0.773755561151683 	train_accuracy	 0.7796461379880611
valid_loss	 0.4603936899067568 	train_loss	 0.44973502200357146
epoch 214
valid_auc	 0.8181745475850443 	train_auc	 0.834851704070417
valid_accuracy	 0.7734407789809452 	train_accuracy	 0.7797254284516838
valid_loss	 0.4605108746337608 	train_loss	 0.44928108835551006
epoch 215
valid_auc	 0.8177779307110514 	train_auc	 0.8351024169713273
valid_accuracy	 0.7739444304541258 	train_accuracy	 0.7804673606470102
valid_loss	 0.4615937871212567 	train_loss	 0.44931020679768213
epoch 216
valid_auc	 0.8179997434648473 	train_auc	 0.8348487448174943
valid_accuracy	 0.7719508100394527 	train_accuracy	 0.780155862397064
valid_loss	 0.46116803375907167 	train_loss	 0.4492559855667079
epoch 217
valid_auc	 0.8184807701830737 	train_auc	 0.8346710277930081
valid_accuracy	 0.7739234449760766 	train_accuracy	 0.7798896729834736
valid_loss	 0.46052985261258506 	train_loss	 0.44938444937211974
epoch 218
valid_auc	 0.8180812374606741 	train_auc	 0.8349401207302695
valid_accuracy	 0.7735457063711911 	train_accuracy	 0.779799055310762
valid_loss	 0.46080973938500536 	train_loss	 0.44908407027443326
epoch 219
valid_auc	 0.8181951846509106 	train_auc	 0.8351780412264843
valid_accuracy	 0.7730630403760598 	train_accuracy	 0.7804390426242878
valid_loss	 0.46026481402275077 	train_loss	 0.44875019195500315
epoch 220
valid_auc	 0.8178310120452607 	train_auc	 0.8351594222530709
valid_accuracy	 0.7734617644589944 	train_accuracy	 0.7802408164652311
valid_loss	 0.4600195508287383 	train_loss	 0.4489828010599862
epoch 221
valid_auc	 0.8182719438643244 	train_auc	 0.8353867074567364
valid_accuracy	 0.7733778225467977 	train_accuracy	 0.7803087797197649
valid_loss	 0.4606564068105583 	train_loss	 0.4485467697611244
epoch 222
valid_auc	 0.8179934248015144 	train_auc	 0.8350227312834537
valid_accuracy	 0.7740493578443717 	train_accuracy	 0.7801162171652527
valid_loss	 0.4606574735062446 	train_loss	 0.448981531192898
epoch 223
valid_auc	 0.8179612423644568 	train_auc	 0.835550728549135
valid_accuracy	 0.7734407789809452 	train_accuracy	 0.780642932387889
valid_loss	 0.46061822477577014 	train_loss	 0.4486266852105416
epoch 224
valid_auc	 0.8181090213304923 	train_auc	 0.8356776476110317
valid_accuracy	 0.7737345756736338 	train_accuracy	 0.7799916178652742
valid_loss	 0.4606068031683524 	train_loss	 0.4482312555424805
epoch 225
valid_auc	 0.8183818267189246 	train_auc	 0.8360650503447786
valid_accuracy	 0.7730000839419122 	train_accuracy	 0.7804050609970209
valid_loss	 0.4610815433537966 	train_loss	 0.4478738455648811
epoch 226
valid_auc	 0.8184665212055027 	train_auc	 0.8358986872712969
valid_accuracy	 0.7739444304541258 	train_accuracy	 0.7798613549607513
valid_loss	 0.46079560847877726 	train_loss	 0.4482286611089121
epoch 227
valid_auc	 0.8179738519211379 	train_auc	 0.8360251325798987
valid_accuracy	 0.7735457063711911 	train_accuracy	 0.7805183330879105
valid_loss	 0.46189049301234086 	train_loss	 0.44798726001454864
epoch 228
valid_auc	 0.817989302942338 	train_auc	 0.8359489143569032
valid_accuracy	 0.7738814740199782 	train_accuracy	 0.781107347960536
valid_loss	 0.4603911089958977 	train_loss	 0.4478618642675671
epoch 229
valid_auc	 0.8182690567776878 	train_auc	 0.8356379203989917
valid_accuracy	 0.7737975321077815 	train_accuracy	 0.7804843514606437
valid_loss	 0.46063401045957336 	train_loss	 0.44838201792274224
epoch 230
valid_auc	 0.8177113015913876 	train_auc	 0.8363621994523501
valid_accuracy	 0.773860488541929 	train_accuracy	 0.7810790299378136
valid_loss	 0.46207116709356066 	train_loss	 0.44744201004675777
epoch 231
valid_auc	 0.8181751862946952 	train_auc	 0.836348587144682
valid_accuracy	 0.7733358515906993 	train_accuracy	 0.7807052320378782
valid_loss	 0.4608481470962374 	train_loss	 0.4475626246938218
epoch 232
valid_auc	 0.8179243449806899 	train_auc	 0.8364562984518882
valid_accuracy	 0.7741752707126668 	train_accuracy	 0.7800142722834521
valid_loss	 0.4612995235460215 	train_loss	 0.44753904721601984
epoch 233
valid_auc	 0.8183290984602367 	train_auc	 0.8362182165328349
valid_accuracy	 0.7737135901955846 	train_accuracy	 0.7804616970424657
valid_loss	 0.4613693526971037 	train_loss	 0.4476695749087505
epoch 234
valid_auc	 0.8184076518130275 	train_auc	 0.836286150964901
valid_accuracy	 0.7736506337614371 	train_accuracy	 0.7809487670332906
valid_loss	 0.46093559611466567 	train_loss	 0.4475670049379806
epoch 235
valid_auc	 0.8179626229294167 	train_auc	 0.8365878540864116
valid_accuracy	 0.773860488541929 	train_accuracy	 0.7815321183013717
valid_loss	 0.4613226495639917 	train_loss	 0.447320310028091
epoch 236
valid_auc	 0.8184932508076825 	train_auc	 0.8367627379695679
valid_accuracy	 0.773755561151683 	train_accuracy	 0.7811469931923474
valid_loss	 0.4612826609840997 	train_loss	 0.44728410166787813
epoch 237
valid_auc	 0.8184307802432466 	train_auc	 0.8364152770862388
valid_accuracy	 0.7743221690590112 	train_accuracy	 0.7806769140151558
valid_loss	 0.4600436781035089 	train_loss	 0.44737012312803975
epoch 238
valid_auc	 0.8181993065100868 	train_auc	 0.8368055604929527
valid_accuracy	 0.7731259968102073 	train_accuracy	 0.7809940758696465
valid_loss	 0.4602039905802103 	train_loss	 0.4469916791245545
epoch 239
valid_auc	 0.8182641960385582 	train_auc	 0.8370082287137697
valid_accuracy	 0.7733568370687485 	train_accuracy	 0.7816963628331616
valid_loss	 0.4602170751867699 	train_loss	 0.4469093129936943
epoch 240
valid_auc	 0.8178957656991633 	train_auc	 0.8369493344579927
valid_accuracy	 0.7734617644589944 	train_accuracy	 0.7821947600330754
valid_loss	 0.46031549100124614 	train_loss	 0.44681629669250134
epoch 241
valid_auc	 0.8179253724701284 	train_auc	 0.8370615913953816
valid_accuracy	 0.7728951565516663 	train_accuracy	 0.7813338921423151
valid_loss	 0.46163753091684123 	train_loss	 0.44676671840438775
epoch 242
valid_auc	 0.8183210878113996 	train_auc	 0.8371261866056254
valid_accuracy	 0.7740073868882733 	train_accuracy	 0.7817246808558839
valid_loss	 0.46019249917927674 	train_loss	 0.44667916310822936
epoch 243
valid_auc	 0.8183908926271851 	train_auc	 0.8374157158731587
valid_accuracy	 0.7742172416687653 	train_accuracy	 0.7811526567968918
valid_loss	 0.4614635070939222 	train_loss	 0.44618606041174114
epoch 244
valid_auc	 0.8180877257192716 	train_auc	 0.8370560482402648
valid_accuracy	 0.7742172416687653 	train_accuracy	 0.7807335500606005
valid_loss	 0.4613987779074733 	train_loss	 0.4467938824104051
epoch 245
valid_auc	 0.8176942904921116 	train_auc	 0.8376947294232465
valid_accuracy	 0.7736926047175354 	train_accuracy	 0.7814471642332046
valid_loss	 0.4614361760881709 	train_loss	 0.4461252877790961
epoch 246
valid_auc	 0.8179464211268412 	train_auc	 0.8376858427123319
valid_accuracy	 0.7742172416687653 	train_accuracy	 0.781096020751447
valid_loss	 0.46066955221061573 	train_loss	 0.44619610017681616
epoch 247
valid_auc	 0.8178458570857203 	train_auc	 0.8376950418247519
valid_accuracy	 0.7729581129858138 	train_accuracy	 0.7827441296738896
valid_loss	 0.4609708018367519 	train_loss	 0.4458371450426226
epoch 248
valid_auc	 0.8184092168500294 	train_auc	 0.83766199866921
valid_accuracy	 0.7738814740199782 	train_accuracy	 0.7818889253876737
valid_loss	 0.4618434958698554 	train_loss	 0.44601478878278145
epoch 249
valid_auc	 0.8175000245714776 	train_auc	 0.8374666263059742
valid_accuracy	 0.7735666918492403 	train_accuracy	 0.7813735373741264
valid_loss	 0.4612399239614922 	train_loss	 0.44612612059475365
epoch 250
valid_auc	 0.8178194944440542 	train_auc	 0.8375345374340388
valid_accuracy	 0.7732728951565516 	train_accuracy	 0.7811016843559915
valid_loss	 0.4609925437239706 	train_loss	 0.44618231636673655
epoch 251
valid_auc	 0.818368266040263 	train_auc	 0.8380757259722916
valid_accuracy	 0.7737765466297323 	train_accuracy	 0.7816340631831723
valid_loss	 0.4607188727167756 	train_loss	 0.44579890896726837
epoch 252
valid_auc	 0.8173168716036998 	train_auc	 0.8377613876770456
valid_accuracy	 0.7742801981029128 	train_accuracy	 0.7816510539968057
valid_loss	 0.4604078659940142 	train_loss	 0.44563501687474744
epoch 253
valid_auc	 0.8175436651026314 	train_auc	 0.8376003231377156
valid_accuracy	 0.7734827499370436 	train_accuracy	 0.7812885833059593
valid_loss	 0.4608696250429707 	train_loss	 0.44633554358386796
epoch 254
valid_auc	 0.8184419427853613 	train_auc	 0.8378617876380356
valid_accuracy	 0.7740493578443717 	train_accuracy	 0.7812885833059593
valid_loss	 0.461454498188985 	train_loss	 0.4457537093261432
epoch 255
valid_auc	 0.8177402071702359 	train_auc	 0.8381474458835949
valid_accuracy	 0.7735037354150928 	train_accuracy	 0.7820758243376414
valid_loss	 0.4609425289745594 	train_loss	 0.44539293415527054
epoch 256
valid_auc	 0.8180091862514731 	train_auc	 0.8380670030998738
valid_accuracy	 0.7741752707126668 	train_accuracy	 0.7826818300239005
valid_loss	 0.46138034742546563 	train_loss	 0.44518961403976165
epoch 257
valid_auc	 0.8178999847532865 	train_auc	 0.8382394302581604
valid_accuracy	 0.7740073868882733 	train_accuracy	 0.781843616551318
valid_loss	 0.4606175499605102 	train_loss	 0.4454341907190707
epoch 258
valid_auc	 0.8175326870325587 	train_auc	 0.8385535466680523
valid_accuracy	 0.7742592126248636 	train_accuracy	 0.7823816589830431
valid_loss	 0.4629113261378223 	train_loss	 0.44506265426871355
epoch 259
valid_auc	 0.8179276753952986 	train_auc	 0.8381860669371093
valid_accuracy	 0.7741542852346176 	train_accuracy	 0.7819285706194851
valid_loss	 0.4619426367034884 	train_loss	 0.4452806201706836
epoch 260
valid_auc	 0.8183864405035464 	train_auc	 0.8387457310012794
valid_accuracy	 0.7741752707126668 	train_accuracy	 0.7816510539968057
valid_loss	 0.46057820612960754 	train_loss	 0.444940119454926
epoch 261
valid_auc	 0.8182702370020429 	train_auc	 0.8384947071908884
valid_accuracy	 0.773755561151683 	train_accuracy	 0.7826705028148114
valid_loss	 0.46147536314694504 	train_loss	 0.4451470773763816
epoch 262
valid_auc	 0.8179221025544152 	train_auc	 0.838837895981855
valid_accuracy	 0.7743431545370604 	train_accuracy	 0.7821324603830863
valid_loss	 0.4607817336636216 	train_loss	 0.44471356131119477
epoch 263
valid_auc	 0.818013414231663 	train_auc	 0.8389527084019242
valid_accuracy	 0.77409132880047 	train_accuracy	 0.7830499643192914
valid_loss	 0.46059612672564915 	train_loss	 0.4444862852897979
epoch 264
valid_auc	 0.8181576108696559 	train_auc	 0.8388293986182793
valid_accuracy	 0.7739024594980274 	train_accuracy	 0.7824099770057655
valid_loss	 0.46059912250780116 	train_loss	 0.4448865691415589
epoch 265
valid_auc	 0.8175891146499396 	train_auc	 0.8397418047640269
valid_accuracy	 0.7738814740199782 	train_accuracy	 0.783140581992003
valid_loss	 0.4612264492411152 	train_loss	 0.44365781477834665
epoch 266
valid_auc	 0.8184750208044296 	train_auc	 0.8391935066581058
valid_accuracy	 0.7734617644589944 	train_accuracy	 0.7828630653693237
valid_loss	 0.4610134410627186 	train_loss	 0.44424520466944956
epoch 267
valid_auc	 0.8182387438556802 	train_auc	 0.8387268821139995
valid_accuracy	 0.7741332997565684 	train_accuracy	 0.7821267967785417
valid_loss	 0.4614105284048255 	train_loss	 0.44464032812509
epoch 268
valid_auc	 0.8182530949871241 	train_auc	 0.839343046516202
valid_accuracy	 0.7735457063711911 	train_accuracy	 0.7828064293238789
valid_loss	 0.46152517608696647 	train_loss	 0.44408905291472317
epoch 269
valid_auc	 0.8175222594032566 	train_auc	 0.8392926351300487
valid_accuracy	 0.7738185175858306 	train_accuracy	 0.7829083742056795
valid_loss	 0.4622977321444452 	train_loss	 0.44412429107988544
epoch 270
valid_auc	 0.8176501897726378 	train_auc	 0.8397105115400467
valid_accuracy	 0.7745739947956014 	train_accuracy	 0.7825742215375554
valid_loss	 0.46298405936432735 	train_loss	 0.44367036218973105
epoch 271
valid_auc	 0.8180335137499658 	train_auc	 0.8392744021646814
valid_accuracy	 0.7739444304541258 	train_accuracy	 0.7830159826920245
valid_loss	 0.46064994617735516 	train_loss	 0.4440806405680665
epoch 272
valid_auc	 0.8180360011471781 	train_auc	 0.8390468705638315
valid_accuracy	 0.774636951229749 	train_accuracy	 0.7826988208375338
valid_loss	 0.4609938637734226 	train_loss	 0.4442840663900255
epoch 273
valid_auc	 0.8181152785031448 	train_auc	 0.8398701207160753
valid_accuracy	 0.7739864014102241 	train_accuracy	 0.7830443007147468
valid_loss	 0.46148322430325933 	train_loss	 0.4435705587099262
epoch 274
valid_auc	 0.8175295361310662 	train_auc	 0.8395774945030753
valid_accuracy	 0.7741542852346176 	train_accuracy	 0.7832821721056149
valid_loss	 0.4627865179998664 	train_loss	 0.44362485144570796
epoch 275
valid_auc	 0.8179965717358662 	train_auc	 0.8390046022920146
valid_accuracy	 0.7743431545370604 	train_accuracy	 0.7823646681694097
valid_loss	 0.461254354138155 	train_loss	 0.44434207979974866
epoch 276
valid_auc	 0.8177463334272455 	train_auc	 0.8401730187360434
valid_accuracy	 0.7736506337614371 	train_accuracy	 0.783961804650952
valid_loss	 0.4610312339079453 	train_loss	 0.4430605588922297
epoch 277
valid_auc	 0.8180745200997018 	train_auc	 0.8400893710127033
valid_accuracy	 0.7743431545370604 	train_accuracy	 0.7825175854921106
valid_loss	 0.4627278356920786 	train_loss	 0.4431781635037674
epoch 278
valid_auc	 0.818066844674253 	train_auc	 0.8397191237895067
valid_accuracy	 0.7737765466297323 	train_accuracy	 0.7825005946784772
valid_loss	 0.4625683265405214 	train_loss	 0.4436548828202009


Start testing ......................
 Best epoch: 236

test_auc	 0.8195359666289291
test_accuracy	 0.770476932330234
test_loss	 0.46704584955685224
