nohup: ignoring input
	 max_iter 	 300
	 train_set 	 5
	 seed 	 224
	 wd 	 5e-05
	 optim 	 adam
	 batch_size 	 32
	 lr 	 1e-05
	 maxgradnorm 	 -1
	 final_fc_dim 	 512
	 d_model 	 256
	 d_ff 	 1024
	 dropout 	 0.05
	 n_block 	 1
	 n_head 	 8
	 kq_same 	 1
	 l2 	 1e-05
	 q_embed_dim 	 50
	 qa_embed_dim 	 256
	 memory_size 	 50
	 init_std 	 0.1
	 hidden_dim 	 512
	 lamda_r 	 0.1
	 lamda_w1 	 0.1
	 lamda_w2 	 0.1
	 model 	 akt_cid
	 dataset 	 assist2009
	 n_question 	 110
	 seqlen 	 200
	 data_dir 	 data/assist2009
	 data_name 	 assist2009
	 save 	 assist2009
	 load 	 assist2009


train_q_data.shape (2734, 200)
train_qa_data.shape (2734, 200)
valid_q_data.shape (703, 200)
valid_qa_data.shape (703, 200)




epoch 1
valid_auc	 0.6825815221049408 	train_auc	 0.5638238129094851
valid_accuracy	 0.6551493907527959 	train_accuracy	 0.6368143400079415
valid_loss	 0.6162322256182454 	train_loss	 0.6489132616931605
epoch 2
valid_auc	 0.7018967874520554 	train_auc	 0.6871761332309326
valid_accuracy	 0.7030545818728092 	train_accuracy	 0.6882126042316637
valid_loss	 0.5893452970777096 	train_loss	 0.5966104505975529
epoch 3
valid_auc	 0.711049405474254 	train_auc	 0.7068838878587815
valid_accuracy	 0.7040560841261893 	train_accuracy	 0.7049066878438935
valid_loss	 0.5819141036970595 	train_loss	 0.5821908145087225
epoch 4
valid_auc	 0.7175090115259368 	train_auc	 0.7138783007124297
valid_accuracy	 0.7079994992488733 	train_accuracy	 0.7083385330988712
valid_loss	 0.5763961200564578 	train_loss	 0.5762580612776527
epoch 5
valid_auc	 0.7232720655949846 	train_auc	 0.7207837455527
valid_accuracy	 0.7096478050408946 	train_accuracy	 0.7111464064893074
valid_loss	 0.5717814301058682 	train_loss	 0.5710316649542866
epoch 6
valid_auc	 0.7300761090360638 	train_auc	 0.7268284139726996
valid_accuracy	 0.7152603905858789 	train_accuracy	 0.7141811787395769
valid_loss	 0.5668437218917227 	train_loss	 0.5662788527605264
epoch 7
valid_auc	 0.7383210794057342 	train_auc	 0.735171705175635
valid_accuracy	 0.7224169587714906 	train_accuracy	 0.7203244653695615
valid_loss	 0.559379894209911 	train_loss	 0.5596945679536784
epoch 8
valid_auc	 0.7450928410469821 	train_auc	 0.7419605078457265
valid_accuracy	 0.7246703388415957 	train_accuracy	 0.7257416756480799
valid_loss	 0.553140164079666 	train_loss	 0.5533031822302424
epoch 9
valid_auc	 0.7536341649621959 	train_auc	 0.7493279531220411
valid_accuracy	 0.7281964613587047 	train_accuracy	 0.7294117647058823
valid_loss	 0.5466315056677075 	train_loss	 0.5465252726352804
epoch 10
valid_auc	 0.7619877251685863 	train_auc	 0.7574371214454217
valid_accuracy	 0.732369387414455 	train_accuracy	 0.7344772817516592
valid_loss	 0.538819350231488 	train_loss	 0.5389570674355051
epoch 11
valid_auc	 0.7687459344994021 	train_auc	 0.7640288880292653
valid_accuracy	 0.7378150559172092 	train_accuracy	 0.7379431618356118
valid_loss	 0.5306614261983947 	train_loss	 0.5324228140217685
epoch 12
valid_auc	 0.7735590705684959 	train_auc	 0.7697374400899157
valid_accuracy	 0.7414037723251544 	train_accuracy	 0.742458449146293
valid_loss	 0.5250881930655874 	train_loss	 0.526272713507464
epoch 13
valid_auc	 0.7772052235205914 	train_auc	 0.7740193265253753
valid_accuracy	 0.7433441829410783 	train_accuracy	 0.7436610131034092
valid_loss	 0.5209818214690383 	train_loss	 0.5218578480900122
epoch 14
valid_auc	 0.7798944378021844 	train_auc	 0.7771514549786731
valid_accuracy	 0.7460148556167585 	train_accuracy	 0.7462192977480289
valid_loss	 0.5188430516534126 	train_loss	 0.5183511587782481
epoch 15
valid_auc	 0.7831686444273285 	train_auc	 0.7799898924723849
valid_accuracy	 0.7480804540143549 	train_accuracy	 0.7477678824663906
valid_loss	 0.5142085892124415 	train_loss	 0.5151243219599977
epoch 16
valid_auc	 0.785467870230946 	train_auc	 0.7820997863575433
valid_accuracy	 0.7484142880988149 	train_accuracy	 0.7493788643712065
valid_loss	 0.5116465788692851 	train_loss	 0.5126959580310041
epoch 17
valid_auc	 0.7882999488527834 	train_auc	 0.7847691417929485
valid_accuracy	 0.750584209647805 	train_accuracy	 0.7514493164671847
valid_loss	 0.5079206315316465 	train_loss	 0.5092519288646679
epoch 18
valid_auc	 0.7905995009977302 	train_auc	 0.7870134477320971
valid_accuracy	 0.752691537305959 	train_accuracy	 0.7528957966986216
valid_loss	 0.5052825622356563 	train_loss	 0.5067261974161278
epoch 19
valid_auc	 0.7922886369805082 	train_auc	 0.7893068510758179
valid_accuracy	 0.7539642797529628 	train_accuracy	 0.7536332179930796
valid_loss	 0.503292050216236 	train_loss	 0.5038469452776725
epoch 20
valid_auc	 0.7946409572669756 	train_auc	 0.7912592383100148
valid_accuracy	 0.7556543148055417 	train_accuracy	 0.7553179420273413
valid_loss	 0.49930870526322485 	train_loss	 0.5014316792294637
epoch 21
valid_auc	 0.7967828884751014 	train_auc	 0.792547190402153
valid_accuracy	 0.7570939742947755 	train_accuracy	 0.755261217312383
valid_loss	 0.4966198174997451 	train_loss	 0.49952468564944386
epoch 22
valid_auc	 0.798686478844287 	train_auc	 0.7946360730402237
valid_accuracy	 0.757719913203138 	train_accuracy	 0.7576323103976402
valid_loss	 0.49391423961926645 	train_loss	 0.4966820362197368
epoch 23
valid_auc	 0.8010870206348145 	train_auc	 0.7967075848328643
valid_accuracy	 0.7590552495409781 	train_accuracy	 0.7581655227182483
valid_loss	 0.49114300626142715 	train_loss	 0.4945531127852409
epoch 24
valid_auc	 0.8022900890165192 	train_auc	 0.7984928318475395
valid_accuracy	 0.7592430312134869 	train_accuracy	 0.7590050484996312
valid_loss	 0.48987442447763185 	train_loss	 0.49220662248422364
epoch 25
valid_auc	 0.8036147739336768 	train_auc	 0.7988795089192939
valid_accuracy	 0.759910699382407 	train_accuracy	 0.7589369788416813
valid_loss	 0.48760642757017825 	train_loss	 0.4912648482981018
epoch 26
valid_auc	 0.8047500278169883 	train_auc	 0.8012984208626399
valid_accuracy	 0.760995660156902 	train_accuracy	 0.7608032219638097
valid_loss	 0.48570732879008005 	train_loss	 0.4886109861525427
epoch 27
valid_auc	 0.8056054242757655 	train_auc	 0.8019353338147759
valid_accuracy	 0.7618511099983308 	train_accuracy	 0.7606727551194056
valid_loss	 0.4846693151459657 	train_loss	 0.48756067642358286
epoch 28
valid_auc	 0.8063145033372222 	train_auc	 0.8027486830338357
valid_accuracy	 0.7622684026039058 	train_accuracy	 0.761966078620455
valid_loss	 0.4839017930825848 	train_loss	 0.48640094264808637
epoch 29
valid_auc	 0.8066657698280679 	train_auc	 0.8037525716476793
valid_accuracy	 0.7626648305792021 	train_accuracy	 0.7626978274434171
valid_loss	 0.48302251493927667 	train_loss	 0.4850938792140196
epoch 30
valid_auc	 0.8074882577961423 	train_auc	 0.804636830531374
valid_accuracy	 0.7630403939242196 	train_accuracy	 0.7630551931476545
valid_loss	 0.48159728422181997 	train_loss	 0.4838168329279537
epoch 31
valid_auc	 0.8075800694528281 	train_auc	 0.8047976732205475
valid_accuracy	 0.7627065598397597 	train_accuracy	 0.762799931930342
valid_loss	 0.48182639246036035 	train_loss	 0.4833289029888585
epoch 32
valid_auc	 0.8085241643297675 	train_auc	 0.8053040412532146
valid_accuracy	 0.7633324987481221 	train_accuracy	 0.763639457711725
valid_loss	 0.4801424476896495 	train_loss	 0.4823995349244231
epoch 33
valid_auc	 0.8086899370612143 	train_auc	 0.806101897871573
valid_accuracy	 0.7632073109664497 	train_accuracy	 0.764745589653412
valid_loss	 0.479920677241436 	train_loss	 0.4816630911968117
epoch 34
valid_auc	 0.8089382597091379 	train_auc	 0.8060367745499272
valid_accuracy	 0.7633116341178434 	train_accuracy	 0.7634976459243292
valid_loss	 0.47951239628193504 	train_loss	 0.4815328884718683
epoch 35
valid_auc	 0.8094126926160867 	train_auc	 0.8066498440993998
valid_accuracy	 0.7628943415122684 	train_accuracy	 0.7636451301832208
valid_loss	 0.478335358443736 	train_loss	 0.48063516336277334
epoch 36
valid_auc	 0.8092934259307378 	train_auc	 0.8075697667161581
valid_accuracy	 0.7633950926389584 	train_accuracy	 0.7648760564978161
valid_loss	 0.4793811887377676 	train_loss	 0.4796911035538706
epoch 37
valid_auc	 0.809869770710387 	train_auc	 0.8079740913534258
valid_accuracy	 0.763854114505091 	train_accuracy	 0.7651086278291451
valid_loss	 0.4778578068995755 	train_loss	 0.47921183920132043
epoch 38
valid_auc	 0.8099084127968373 	train_auc	 0.8083023526293478
valid_accuracy	 0.7630403939242196 	train_accuracy	 0.7645867604515287
valid_loss	 0.47796087995832476 	train_loss	 0.47853158880431207
epoch 39
valid_auc	 0.8104285017221733 	train_auc	 0.8089251860149356
valid_accuracy	 0.7635828743114672 	train_accuracy	 0.7661240002268989
valid_loss	 0.4772993654672901 	train_loss	 0.4778341199279939
epoch 40
valid_auc	 0.8105661754062273 	train_auc	 0.8085464067091057
valid_accuracy	 0.764187948589551 	train_accuracy	 0.7650632480571785
valid_loss	 0.4770001728020202 	train_loss	 0.47805850614353834
epoch 41
valid_auc	 0.8109921432564428 	train_auc	 0.8093017435392251
valid_accuracy	 0.7641462193289935 	train_accuracy	 0.765148335129616
valid_loss	 0.4763072129554249 	train_loss	 0.47722266966318905
epoch 42
valid_auc	 0.8111905520461551 	train_auc	 0.8098001698344017
valid_accuracy	 0.7631029878150559 	train_accuracy	 0.7659424811390323
valid_loss	 0.4765616520132344 	train_loss	 0.4767854001332648
epoch 43
valid_auc	 0.8112640558579913 	train_auc	 0.809294056679265
valid_accuracy	 0.764271407110666 	train_accuracy	 0.765749617108174
valid_loss	 0.4758697403318144 	train_loss	 0.4770694663351092
epoch 44
valid_auc	 0.8112932013154879 	train_auc	 0.810572731630342
valid_accuracy	 0.7633742280086797 	train_accuracy	 0.7662714844857904
valid_loss	 0.47692736716811934 	train_loss	 0.4756125136316557
epoch 45
valid_auc	 0.8120760200401841 	train_auc	 0.8099198666677387
valid_accuracy	 0.7645843765648472 	train_accuracy	 0.7659651710250156
valid_loss	 0.4748967359147385 	train_loss	 0.4762934640166624
epoch 46
valid_auc	 0.8122119464985358 	train_auc	 0.8114107950179803
valid_accuracy	 0.7645635119345685 	train_accuracy	 0.7667082647909694
valid_loss	 0.4745296111357769 	train_loss	 0.4748395521891611
epoch 47
valid_auc	 0.8124757804675269 	train_auc	 0.8116172379399249
valid_accuracy	 0.764939075279586 	train_accuracy	 0.7660105507969822
valid_loss	 0.47414753157396106 	train_loss	 0.47464235376458014
epoch 48
valid_auc	 0.8127629637254457 	train_auc	 0.8121306779467765
valid_accuracy	 0.7651477215823735 	train_accuracy	 0.7668160417493902
valid_loss	 0.4742453989047832 	train_loss	 0.4739510459431454
epoch 49
valid_auc	 0.8131043206067172 	train_auc	 0.8122726642104442
valid_accuracy	 0.7647304289767985 	train_accuracy	 0.7670939928526859
valid_loss	 0.4741676157835493 	train_loss	 0.4737553089297104
epoch 50
valid_auc	 0.8130105884457473 	train_auc	 0.8130225333840065
valid_accuracy	 0.7652937739943249 	train_accuracy	 0.7675364456293607
valid_loss	 0.4736621835567794 	train_loss	 0.473091294533369
epoch 51
valid_auc	 0.8137942485342249 	train_auc	 0.8130481928696403
valid_accuracy	 0.7645843765648472 	train_accuracy	 0.7679788984060355
valid_loss	 0.47273767583401266 	train_loss	 0.47285791864227644
epoch 52
valid_auc	 0.8138644196213334 	train_auc	 0.8132690721437067
valid_accuracy	 0.7652937739943249 	train_accuracy	 0.7673435815985025
valid_loss	 0.47253420501629984 	train_loss	 0.4724902722758697
epoch 53
valid_auc	 0.8139499865104549 	train_auc	 0.8133585697494805
valid_accuracy	 0.7647930228676347 	train_accuracy	 0.7666458676045153
valid_loss	 0.47335076498037193 	train_loss	 0.47247237957687077
epoch 54
valid_auc	 0.8144110336469425 	train_auc	 0.8137285351912212
valid_accuracy	 0.765272909364046 	train_accuracy	 0.7674797209144024
valid_loss	 0.47206471935119787 	train_loss	 0.4720895378566874
epoch 55
valid_auc	 0.814448259662314 	train_auc	 0.8140634413298945
valid_accuracy	 0.7660866299449174 	train_accuracy	 0.768126382664927
valid_loss	 0.4721243135240097 	train_loss	 0.47142364642292156
epoch 56
valid_auc	 0.8147276665625351 	train_auc	 0.8145774279018798
valid_accuracy	 0.7654815556668336 	train_accuracy	 0.7680015882920188
valid_loss	 0.47166891835631086 	train_loss	 0.47114377510272293
epoch 57
valid_auc	 0.8148379227616189 	train_auc	 0.8147671243173409
valid_accuracy	 0.7656067434485061 	train_accuracy	 0.7688808213738726
valid_loss	 0.4713902998103599 	train_loss	 0.47086395340217396
epoch 58
valid_auc	 0.8142763576823575 	train_auc	 0.8150945960386767
valid_accuracy	 0.7655441495576698 	train_accuracy	 0.7687616994724602
valid_loss	 0.47399320464891764 	train_loss	 0.4703367338880865
epoch 59
valid_auc	 0.8150407597817606 	train_auc	 0.8153141331773691
valid_accuracy	 0.7654398264062761 	train_accuracy	 0.7684156787112145
valid_loss	 0.47134563376549454 	train_loss	 0.47015983207423084
epoch 60
valid_auc	 0.8151249260023442 	train_auc	 0.8153884984055314
valid_accuracy	 0.7656693373393424 	train_accuracy	 0.769504793238414
valid_loss	 0.4709660082458246 	train_loss	 0.4698321454596308
epoch 61
valid_auc	 0.8154239980963076 	train_auc	 0.8157269879403796
valid_accuracy	 0.7661909530963111 	train_accuracy	 0.7689091837313518
valid_loss	 0.4709021964335175 	train_loss	 0.46945732887547564
epoch 62
valid_auc	 0.8152914216905414 	train_auc	 0.8160345374628444
valid_accuracy	 0.765272909364046 	train_accuracy	 0.7693629814510182
valid_loss	 0.4708454697544782 	train_loss	 0.4693213446664009
epoch 63
valid_auc	 0.8153844539985721 	train_auc	 0.8157808558301806
valid_accuracy	 0.7657736604907361 	train_accuracy	 0.7697373645697431
valid_loss	 0.471709423525482 	train_loss	 0.46939434750982495
epoch 64
valid_auc	 0.8156211804587228 	train_auc	 0.8164617171451479
valid_accuracy	 0.7667125688532799 	train_accuracy	 0.7693346190935391
valid_loss	 0.47057875930689885 	train_loss	 0.4687456208584306
epoch 65
valid_auc	 0.8152965853922859 	train_auc	 0.8166120470492846
valid_accuracy	 0.7662952762477049 	train_accuracy	 0.7696012252538431
valid_loss	 0.47101358721093406 	train_loss	 0.46857066814374265
epoch 66
valid_auc	 0.8157005690037362 	train_auc	 0.8167555445311725
valid_accuracy	 0.7662326823568686 	train_accuracy	 0.7692325146066141
valid_loss	 0.47034151172198296 	train_loss	 0.46830232216661455
epoch 67
valid_auc	 0.8157198847523381 	train_auc	 0.8167801656003439
valid_accuracy	 0.7664204640293774 	train_accuracy	 0.7703046117193261
valid_loss	 0.4703350813764803 	train_loss	 0.4680851237330044
epoch 68
valid_auc	 0.8159489109048356 	train_auc	 0.8174536926872589
valid_accuracy	 0.7667751627441162 	train_accuracy	 0.7698961937716263
valid_loss	 0.4708243003314503 	train_loss	 0.46767751074602887
epoch 69
valid_auc	 0.8159563089376292 	train_auc	 0.8169534243845075
valid_accuracy	 0.7671089968285763 	train_accuracy	 0.7699472460150888
valid_loss	 0.4699490064432222 	train_loss	 0.46806636407704816
epoch 70
valid_auc	 0.8159559537165362 	train_auc	 0.8173788413369623
valid_accuracy	 0.7668377566349525 	train_accuracy	 0.7702138521753928
valid_loss	 0.46992977373708444 	train_loss	 0.4674473051859458
epoch 71
valid_auc	 0.8162956769658425 	train_auc	 0.8172289076782245
valid_accuracy	 0.7665873810716074 	train_accuracy	 0.7699132111861138
valid_loss	 0.4695314718137801 	train_loss	 0.46747750163911167
epoch 72
valid_auc	 0.8161449727324204 	train_auc	 0.8175848011445994
valid_accuracy	 0.7665665164413287 	train_accuracy	 0.770877531340405
valid_loss	 0.47013724397228224 	train_loss	 0.4672078587494466
epoch 73
valid_auc	 0.8161171287896063 	train_auc	 0.8179602691909826
valid_accuracy	 0.7665456518110499 	train_accuracy	 0.7705201656361677
valid_loss	 0.47121555661893144 	train_loss	 0.46677795124234406
epoch 74
valid_auc	 0.8166421359386957 	train_auc	 0.8178122044670328
valid_accuracy	 0.7669212151560675 	train_accuracy	 0.7704861308071927
valid_loss	 0.4689681814823063 	train_loss	 0.4669274252081617
epoch 75
valid_auc	 0.8164133417869663 	train_auc	 0.8184590754749697
valid_accuracy	 0.7663787347688199 	train_accuracy	 0.7707357195530092
valid_loss	 0.4694465154079495 	train_loss	 0.4665210152062987
epoch 76
valid_auc	 0.8166575355913437 	train_auc	 0.8184802088255105
valid_accuracy	 0.7668377566349525 	train_accuracy	 0.7703726813772761
valid_loss	 0.46959760767327363 	train_loss	 0.46637784992652825
epoch 77
valid_auc	 0.8167707057585818 	train_auc	 0.8185087587612716
valid_accuracy	 0.7675262894341512 	train_accuracy	 0.7707357195530092
valid_loss	 0.4687170839917598 	train_loss	 0.4662428824621047
epoch 78
valid_auc	 0.817119551162573 	train_auc	 0.8188734765475152
valid_accuracy	 0.7673802370221999 	train_accuracy	 0.7710817403142549
valid_loss	 0.4683340701876066 	train_loss	 0.4657655352169871
epoch 79
valid_auc	 0.8169810948369236 	train_auc	 0.8189704064937933
valid_accuracy	 0.767129861458855 	train_accuracy	 0.7711611549151965
valid_loss	 0.46862911677278263 	train_loss	 0.4657554692084466
epoch 80
valid_auc	 0.8168371927505048 	train_auc	 0.8188840631675431
valid_accuracy	 0.7673385077616425 	train_accuracy	 0.7702535594758636
valid_loss	 0.4691973155401455 	train_loss	 0.4658369997213618
epoch 81
valid_auc	 0.8170249044757534 	train_auc	 0.818743731853257
valid_accuracy	 0.7665456518110499 	train_accuracy	 0.7716206251063589
valid_loss	 0.4685408795592867 	train_loss	 0.4657974547840154
epoch 82
valid_auc	 0.8174250682571288 	train_auc	 0.8195622505243122
valid_accuracy	 0.7672759138708062 	train_accuracy	 0.7716943672358046
valid_loss	 0.4684687515317907 	train_loss	 0.4649515215557446
epoch 83
valid_auc	 0.8172743755756122 	train_auc	 0.8191474004977801
valid_accuracy	 0.7674845601735937 	train_accuracy	 0.7712519144591299
valid_loss	 0.4686319773477812 	train_loss	 0.4654581479856258
epoch 84
valid_auc	 0.8173037665111 	train_auc	 0.8201176867426607
valid_accuracy	 0.7671507260891337 	train_accuracy	 0.7718702138521754
valid_loss	 0.46894504696453276 	train_loss	 0.46449856942601736
epoch 85
valid_auc	 0.817176692662972 	train_auc	 0.819820960742407
valid_accuracy	 0.7667751627441162 	train_accuracy	 0.7717454194792671
valid_loss	 0.4682842471057128 	train_loss	 0.4647060075839248
epoch 86
valid_auc	 0.8174775822567291 	train_auc	 0.8204029342305673
valid_accuracy	 0.7668586212652312 	train_accuracy	 0.7719723183391003
valid_loss	 0.4680771479494941 	train_loss	 0.4641987487659498
epoch 87
valid_auc	 0.8174178290630354 	train_auc	 0.81984624575358
valid_accuracy	 0.7665665164413287 	train_accuracy	 0.7718531964376879
valid_loss	 0.4681522353811558 	train_loss	 0.464601094574708
epoch 88
valid_auc	 0.8176691840861443 	train_auc	 0.8206559365240199
valid_accuracy	 0.7673385077616425 	train_accuracy	 0.7714391060184923
valid_loss	 0.4683822688694324 	train_loss	 0.4639743773966848
epoch 89
valid_auc	 0.8178896647165715 	train_auc	 0.8205130396049221
valid_accuracy	 0.7670046736771824 	train_accuracy	 0.7720971127120086
valid_loss	 0.4680711196748874 	train_loss	 0.46390050958768814
epoch 90
valid_auc	 0.8177768016374873 	train_auc	 0.8203751935434979
valid_accuracy	 0.7666917042230011 	train_accuracy	 0.7725792727891543
valid_loss	 0.46796647104309014 	train_loss	 0.464078009188423
epoch 91
valid_auc	 0.8179881235321956 	train_auc	 0.8209811538074082
valid_accuracy	 0.7676097479552663 	train_accuracy	 0.7717397470077713
valid_loss	 0.4678707959081569 	train_loss	 0.4634618808220561
epoch 92
valid_auc	 0.8179261629618988 	train_auc	 0.8209838367890877
valid_accuracy	 0.7667334334835587 	train_accuracy	 0.7721708548414544
valid_loss	 0.4677836354330555 	train_loss	 0.46340406771821063
epoch 93
valid_auc	 0.818314116379194 	train_auc	 0.8218656526011132
valid_accuracy	 0.7675054248038725 	train_accuracy	 0.7721935447274377
valid_loss	 0.46715321703339935 	train_loss	 0.4626334950125738
epoch 94
valid_auc	 0.8179234607786778 	train_auc	 0.821482514524278
valid_accuracy	 0.7671507260891337 	train_accuracy	 0.7722559419138919
valid_loss	 0.46815638383683933 	train_loss	 0.46290391451008145
epoch 95
valid_auc	 0.8183285562610295 	train_auc	 0.8216878863017378
valid_accuracy	 0.7676097479552663 	train_accuracy	 0.7725679278461626
valid_loss	 0.46739017285765083 	train_loss	 0.46266290638308444
epoch 96
valid_auc	 0.8183919492676046 	train_auc	 0.8217502332558376
valid_accuracy	 0.7686738440994826 	train_accuracy	 0.7720006806965795
valid_loss	 0.4682384199523333 	train_loss	 0.4628636969540069
epoch 97
valid_auc	 0.8185974403380278 	train_auc	 0.8226937224119458
valid_accuracy	 0.7680061759305625 	train_accuracy	 0.7733337114980997
valid_loss	 0.46702264687648126 	train_loss	 0.461840071872426
epoch 98
valid_auc	 0.8184969146939838 	train_auc	 0.8220291278550564
valid_accuracy	 0.7669212151560675 	train_accuracy	 0.7726983946905667
valid_loss	 0.4679028565774466 	train_loss	 0.46235695999112686
epoch 99
valid_auc	 0.8188734326875243 	train_auc	 0.8227593255536123
valid_accuracy	 0.768298280754465 	train_accuracy	 0.7728855862499291
valid_loss	 0.46696210942926103 	train_loss	 0.46177092080434795
epoch 100
valid_auc	 0.8187580763221765 	train_auc	 0.8225444893620533
valid_accuracy	 0.7682356868636288 	train_accuracy	 0.7736967496738328
valid_loss	 0.4677768267763379 	train_loss	 0.46161987661133036
epoch 101
valid_auc	 0.8189143062170476 	train_auc	 0.8230183626938556
valid_accuracy	 0.768131363712235 	train_accuracy	 0.7735946451869079
valid_loss	 0.46638452185777945 	train_loss	 0.4613155118818129
epoch 102
valid_auc	 0.8191929420275789 	train_auc	 0.8230410659152431
valid_accuracy	 0.7684234685361375 	train_accuracy	 0.7730273980373249
valid_loss	 0.466163387638045 	train_loss	 0.4611140240289425
epoch 103
valid_auc	 0.8189329067101692 	train_auc	 0.8229475402562036
valid_accuracy	 0.7689033550325488 	train_accuracy	 0.7737307845028079
valid_loss	 0.4671347112769662 	train_loss	 0.46128947509959506
epoch 104
valid_auc	 0.8193415717313106 	train_auc	 0.8228128988912126
valid_accuracy	 0.7688198965114338 	train_accuracy	 0.7735209030574621
valid_loss	 0.46641725791050226 	train_loss	 0.46136253228065316
epoch 105
valid_auc	 0.8191522032702858 	train_auc	 0.8236110401789116
valid_accuracy	 0.7684651977966951 	train_accuracy	 0.7741392024505077
valid_loss	 0.4670002455068614 	train_loss	 0.46062954078948576
epoch 106
valid_auc	 0.8192379078196141 	train_auc	 0.8237070086231604
valid_accuracy	 0.7689659489233851 	train_accuracy	 0.7740370979635828
valid_loss	 0.46679479339064167 	train_loss	 0.4603376727759733
epoch 107
valid_auc	 0.81908900183281 	train_auc	 0.8236163966174851
valid_accuracy	 0.767964446670005 	train_accuracy	 0.7745873276986783
valid_loss	 0.4663951720040619 	train_loss	 0.46038909372048037
epoch 108
valid_auc	 0.8191505985180846 	train_auc	 0.8238465099204259
valid_accuracy	 0.7690911367050576 	train_accuracy	 0.7738896137046911
valid_loss	 0.466536676157036 	train_loss	 0.46035499950201364
epoch 109
valid_auc	 0.8196664353795495 	train_auc	 0.8238133433999172
valid_accuracy	 0.76854865631781 	train_accuracy	 0.773725112031312
valid_loss	 0.4661062307556323 	train_loss	 0.4604893565196683
epoch 110
valid_auc	 0.8194562542355063 	train_auc	 0.8243274821536257
valid_accuracy	 0.7683817392755801 	train_accuracy	 0.774564637812695
valid_loss	 0.4659936914486847 	train_loss	 0.45987241077609986
epoch 111
valid_auc	 0.8196366016210188 	train_auc	 0.8239165758895886
valid_accuracy	 0.7689450842931064 	train_accuracy	 0.7745703102841909
valid_loss	 0.4657292147554696 	train_loss	 0.4600045744991628
epoch 112
valid_auc	 0.8197563207559986 	train_auc	 0.8243522765309238
valid_accuracy	 0.7685277916875313 	train_accuracy	 0.7742583243519201
valid_loss	 0.46571020490804466 	train_loss	 0.45979231049224467
epoch 113
valid_auc	 0.81930341482489 	train_auc	 0.8240680101675368
valid_accuracy	 0.7676514772158237 	train_accuracy	 0.7739406659481536
valid_loss	 0.46640658167191557 	train_loss	 0.45993676346100654
epoch 114
valid_auc	 0.8194858656198567 	train_auc	 0.8249378912085064
valid_accuracy	 0.7684651977966951 	train_accuracy	 0.7746780872426116
valid_loss	 0.46926041897089654 	train_loss	 0.45928488989243105
epoch 115
valid_auc	 0.8198098696137971 	train_auc	 0.8245834702166753
valid_accuracy	 0.7694041061592388 	train_accuracy	 0.7737988541607579
valid_loss	 0.46528662697084816 	train_loss	 0.45936300407216124
epoch 116
valid_auc	 0.8199234537243143 	train_auc	 0.8246211976771322
valid_accuracy	 0.76804790519112 	train_accuracy	 0.774763174315049
valid_loss	 0.4659051857374386 	train_loss	 0.45934273600478404
epoch 117
valid_auc	 0.819791732159553 	train_auc	 0.8249180582418363
valid_accuracy	 0.7681939576030713 	train_accuracy	 0.7744001361393159
valid_loss	 0.46571219205454734 	train_loss	 0.45897546837350583
epoch 118
valid_auc	 0.8196906375841645 	train_auc	 0.8255608830779305
valid_accuracy	 0.767797529627775 	train_accuracy	 0.7751375574337739
valid_loss	 0.46550817498275043 	train_loss	 0.45852682235690656
epoch 119
valid_auc	 0.8197324083116792 	train_auc	 0.8249253148393063
valid_accuracy	 0.7685903855783676 	train_accuracy	 0.7741675648079869
valid_loss	 0.46551754089272696 	train_loss	 0.4590710292094247
epoch 120
valid_auc	 0.8199304792081565 	train_auc	 0.8254173966963566
valid_accuracy	 0.7674428309130362 	train_accuracy	 0.7753304214646322
valid_loss	 0.4657555219542772 	train_loss	 0.4585707917878765
epoch 121
valid_auc	 0.8198933725624749 	train_auc	 0.8253367732544418
valid_accuracy	 0.7691537305958939 	train_accuracy	 0.7745135855692326
valid_loss	 0.46604519658978855 	train_loss	 0.45853261037096504
epoch 122
valid_auc	 0.8199609646866874 	train_auc	 0.8255909876305584
valid_accuracy	 0.7681522283425137 	train_accuracy	 0.7744625333257701
valid_loss	 0.4651026883508539 	train_loss	 0.4583656590085606
epoch 123
valid_auc	 0.8198420118281039 	train_auc	 0.8255331255613529
valid_accuracy	 0.7689868135536638 	train_accuracy	 0.7747801917295366
valid_loss	 0.466010146060185 	train_loss	 0.45837337852991666
epoch 124
valid_auc	 0.8198495340438812 	train_auc	 0.8260158418329052
valid_accuracy	 0.7678392588883325 	train_accuracy	 0.7751942821487322
valid_loss	 0.46528538095839256 	train_loss	 0.45782377433534704
epoch 125
valid_auc	 0.8202750581083949 	train_auc	 0.8261315775013197
valid_accuracy	 0.7691954598564513 	train_accuracy	 0.7752850416926655
valid_loss	 0.4651372596158932 	train_loss	 0.45773432599338265
epoch 126
valid_auc	 0.8202143538078176 	train_auc	 0.8256894921742683
valid_accuracy	 0.7695710232014689 	train_accuracy	 0.7750127630608656
valid_loss	 0.4655362557649171 	train_loss	 0.45826257682535804
epoch 127
valid_auc	 0.8202916976655632 	train_auc	 0.8263505898458164
valid_accuracy	 0.7686738440994826 	train_accuracy	 0.7748028816155199
valid_loss	 0.4652697926746912 	train_loss	 0.4575436890084895
epoch 128
valid_auc	 0.8198178943374623 	train_auc	 0.8264339646616675
valid_accuracy	 0.7678183942580538 	train_accuracy	 0.7753871461795905
valid_loss	 0.4657613426712489 	train_loss	 0.45754573936069304
epoch 129
valid_auc	 0.8201114032262838 	train_auc	 0.8264787016480911
valid_accuracy	 0.7684234685361375 	train_accuracy	 0.7753871461795905
valid_loss	 0.46587363617847194 	train_loss	 0.457217921451259
epoch 130
valid_auc	 0.8197210113942759 	train_auc	 0.8262853898961972
valid_accuracy	 0.7681939576030713 	train_accuracy	 0.7756253899824154
valid_loss	 0.4665952787571246 	train_loss	 0.45753769643153214
epoch 131
valid_auc	 0.8202416172673817 	train_auc	 0.8266112679705302
valid_accuracy	 0.7687573026205976 	train_accuracy	 0.7757331669408362
valid_loss	 0.4658832973268702 	train_loss	 0.45719696926509756
epoch 132
valid_auc	 0.8200205417138229 	train_auc	 0.8262865895894785
valid_accuracy	 0.7688824904022701 	train_accuracy	 0.7757672017698111
valid_loss	 0.4648288656081499 	train_loss	 0.45754277897235235
epoch 133
valid_auc	 0.8203374624643935 	train_auc	 0.8266122111391379
valid_accuracy	 0.7689868135536638 	train_accuracy	 0.7758125815417778
valid_loss	 0.4648609526332795 	train_loss	 0.4569929483158993
epoch 134
valid_auc	 0.820479089788094 	train_auc	 0.8266665986668598
valid_accuracy	 0.7692371891170089 	train_accuracy	 0.7758012365987861
valid_loss	 0.46510224874328165 	train_loss	 0.4569393759861571
epoch 135
valid_auc	 0.8204052471203641 	train_auc	 0.8270258086921861
valid_accuracy	 0.7685069270572525 	train_accuracy	 0.7763174315049067
valid_loss	 0.46482106311537486 	train_loss	 0.45652783470590075
epoch 136
valid_auc	 0.8203670266784634 	train_auc	 0.8266756641141926
valid_accuracy	 0.76921632448673 	train_accuracy	 0.7757161495263486
valid_loss	 0.4650295311288857 	train_loss	 0.4571198847643028
epoch 137
valid_auc	 0.820630205076819 	train_auc	 0.8273680897361912
valid_accuracy	 0.76788098814889 	train_accuracy	 0.7765726927222191
valid_loss	 0.46558756019933545 	train_loss	 0.45629075580481965
epoch 138
valid_auc	 0.8205202559658891 	train_auc	 0.8269715403317053
valid_accuracy	 0.768131363712235 	train_accuracy	 0.7757218219978445
valid_loss	 0.4648623347735621 	train_loss	 0.45675780841667535
epoch 139
valid_auc	 0.8206093933564591 	train_auc	 0.8277532403357456
valid_accuracy	 0.7681939576030713 	train_accuracy	 0.7768222814680357
valid_loss	 0.46462918443341367 	train_loss	 0.45580120172758515
epoch 140
valid_auc	 0.820428381736382 	train_auc	 0.8274597907184685
valid_accuracy	 0.7689868135536638 	train_accuracy	 0.7760451528731068
valid_loss	 0.4655593689120376 	train_loss	 0.45610510598746384
epoch 141
valid_auc	 0.8204191941208996 	train_auc	 0.8278418408213106
valid_accuracy	 0.7680896344516775 	train_accuracy	 0.7766861421521357
valid_loss	 0.4658051759535512 	train_loss	 0.45578321511140396
epoch 142
valid_auc	 0.8203560648828327 	train_auc	 0.8274846353694465
valid_accuracy	 0.7690076781839426 	train_accuracy	 0.775903341085711
valid_loss	 0.46503296663777666 	train_loss	 0.4561232069250607
epoch 143
valid_auc	 0.8205378629951405 	train_auc	 0.8274824115110733
valid_accuracy	 0.7692789183775663 	train_accuracy	 0.7761586023030235
valid_loss	 0.4647015956451826 	train_loss	 0.45619704295901115
epoch 144
valid_auc	 0.8203894749187648 	train_auc	 0.8281355445283538
valid_accuracy	 0.7687990318811551 	train_accuracy	 0.777077542685348
valid_loss	 0.4648850402109408 	train_loss	 0.45537550300631796
epoch 145
valid_auc	 0.8205354178418163 	train_auc	 0.828286852835643
valid_accuracy	 0.7678392588883325 	train_accuracy	 0.7774008735606104
valid_loss	 0.4648853571081003 	train_loss	 0.4552168222488928
epoch 146
valid_auc	 0.820542441400341 	train_auc	 0.8280699858595578
valid_accuracy	 0.7686738440994826 	train_accuracy	 0.776538657893244
valid_loss	 0.46494436425886443 	train_loss	 0.4554512985237209
epoch 147
valid_auc	 0.8206223247519722 	train_auc	 0.8281092033402161
valid_accuracy	 0.7688824904022701 	train_accuracy	 0.7769470758409439
valid_loss	 0.4645112116688505 	train_loss	 0.4553631898374947
epoch 148
valid_auc	 0.8207595767914764 	train_auc	 0.8281714771038589
valid_accuracy	 0.7691328659656151 	train_accuracy	 0.7762153270179817
valid_loss	 0.4649944085624899 	train_loss	 0.45547199649345493
epoch 149
valid_auc	 0.8207179523880976 	train_auc	 0.8287109198466963
valid_accuracy	 0.7684443331664162 	train_accuracy	 0.777247716830223
valid_loss	 0.464610202923306 	train_loss	 0.45463818707276893
epoch 150
valid_auc	 0.8205725543299206 	train_auc	 0.8287461858304475
valid_accuracy	 0.76821482223335 	train_accuracy	 0.7762947416189233
valid_loss	 0.46451748412656574 	train_loss	 0.45468893152485895
epoch 151
valid_auc	 0.8206070329171083 	train_auc	 0.8288945904388477
valid_accuracy	 0.7685069270572525 	train_accuracy	 0.7768563162970106
valid_loss	 0.46563185742035734 	train_loss	 0.4546739046602055
epoch 152
valid_auc	 0.8206236320426078 	train_auc	 0.8285216471767669
valid_accuracy	 0.7688407611417125 	train_accuracy	 0.7760848601735776
valid_loss	 0.46529220388409875 	train_loss	 0.4550018034094515
epoch 153
valid_auc	 0.8208193646408866 	train_auc	 0.8290720998554746
valid_accuracy	 0.7686738440994826 	train_accuracy	 0.7773554937886437
valid_loss	 0.46479143135296047 	train_loss	 0.4543839683789054
epoch 154
valid_auc	 0.8206604527786292 	train_auc	 0.8289873901373572
valid_accuracy	 0.7691745952261726 	train_accuracy	 0.7765216404787566
valid_loss	 0.4655717467084006 	train_loss	 0.45435400906962703
epoch 155
valid_auc	 0.8210396941338838 	train_auc	 0.8294783421256815
valid_accuracy	 0.7684234685361375 	train_accuracy	 0.7771909921152647
valid_loss	 0.4654412812602986 	train_loss	 0.45416655022641866
epoch 156
valid_auc	 0.8210216211777787 	train_auc	 0.8289584051409059
valid_accuracy	 0.7693623768986814 	train_accuracy	 0.7769470758409439
valid_loss	 0.4638463354603031 	train_loss	 0.45438869356191247
epoch 157
valid_auc	 0.8207963311040416 	train_auc	 0.8296314093672283
valid_accuracy	 0.7684651977966951 	train_accuracy	 0.7775370128765103
valid_loss	 0.46498903609427 	train_loss	 0.4537210900663642
epoch 158
valid_auc	 0.8207267048818074 	train_auc	 0.8292884417509043
valid_accuracy	 0.7697379402436989 	train_accuracy	 0.7771909921152647
valid_loss	 0.4660089892929629 	train_loss	 0.4541536430388622
epoch 159
valid_auc	 0.820890900778158 	train_auc	 0.8293927385816422
valid_accuracy	 0.7689659489233851 	train_accuracy	 0.7770378353848771
valid_loss	 0.4649420778442739 	train_loss	 0.4539065833849907
epoch 160
valid_auc	 0.8208712914186255 	train_auc	 0.829233904333137
valid_accuracy	 0.76921632448673 	train_accuracy	 0.7775029780475353
valid_loss	 0.46551616475785434 	train_loss	 0.45413097795024715
epoch 161
valid_auc	 0.820863116520189 	train_auc	 0.8295274557152275
valid_accuracy	 0.7694667000500751 	train_accuracy	 0.7776447898349311
valid_loss	 0.464564872696836 	train_loss	 0.45388452017780906
epoch 162
valid_auc	 0.821176257872354 	train_auc	 0.8294676901928386
valid_accuracy	 0.76854865631781 	train_accuracy	 0.7770548527993647
valid_loss	 0.4643797326780412 	train_loss	 0.4537896105833885
epoch 163
valid_auc	 0.8208531067941007 	train_auc	 0.8299763782627279
valid_accuracy	 0.7686947087297613 	train_accuracy	 0.7770321629133814
valid_loss	 0.4647159652652175 	train_loss	 0.45342435016754984
epoch 164
valid_auc	 0.8208836712106523 	train_auc	 0.829883634925167
valid_accuracy	 0.7681730929727926 	train_accuracy	 0.778183674627035
valid_loss	 0.4648705146686896 	train_loss	 0.4534541176293463
epoch 165
valid_auc	 0.8212796676421301 	train_auc	 0.8296646085441444
valid_accuracy	 0.7690911367050576 	train_accuracy	 0.7777355493788644
valid_loss	 0.46391168902057367 	train_loss	 0.4535607676711176
epoch 166
valid_auc	 0.8208460976754577 	train_auc	 0.8302577832516487
valid_accuracy	 0.7683400100150225 	train_accuracy	 0.7780361903681434
valid_loss	 0.4642812091570332 	train_loss	 0.4530694583295915
epoch 167
valid_auc	 0.8209958103703273 	train_auc	 0.8303621718211098
valid_accuracy	 0.76854865631781 	train_accuracy	 0.7779000510522435
valid_loss	 0.46451753447175814 	train_loss	 0.45285742701041004
epoch 168
valid_auc	 0.8210985183618462 	train_auc	 0.8307532269282852
valid_accuracy	 0.7693415122684026 	train_accuracy	 0.7779284134097226
valid_loss	 0.46479739801201053 	train_loss	 0.45259631718578525
epoch 169
valid_auc	 0.8208033046043091 	train_auc	 0.8305922311263947
valid_accuracy	 0.7688198965114338 	train_accuracy	 0.77808157014011
valid_loss	 0.4656436483334566 	train_loss	 0.452737612393807
epoch 170
valid_auc	 0.8209752345013706 	train_auc	 0.8305213609215853
valid_accuracy	 0.7685277916875313 	train_accuracy	 0.7780872426116059
valid_loss	 0.46535794777672546 	train_loss	 0.45270600273939726
epoch 171
valid_auc	 0.8211908171238793 	train_auc	 0.8309746317843116
valid_accuracy	 0.7694041061592388 	train_accuracy	 0.7783311588859266
valid_loss	 0.4646265677799225 	train_loss	 0.4523763677716976
epoch 172
valid_auc	 0.8214158068480744 	train_auc	 0.8313361952194166
valid_accuracy	 0.7689033550325488 	train_accuracy	 0.7785240229167848
valid_loss	 0.4639310019062535 	train_loss	 0.45208094399994125
epoch 173
valid_auc	 0.8207712798343745 	train_auc	 0.831024121280617
valid_accuracy	 0.7684443331664162 	train_accuracy	 0.7784729706733223
valid_loss	 0.46590523475564904 	train_loss	 0.45200741903339964
epoch 174
valid_auc	 0.820710900912468 	train_auc	 0.8309619358181809
valid_accuracy	 0.7683817392755801 	train_accuracy	 0.7783538487719099
valid_loss	 0.4663589664063018 	train_loss	 0.45229141295701514
epoch 175
valid_auc	 0.8211653933052612 	train_auc	 0.8308801419734905
valid_accuracy	 0.7685695209480888 	train_accuracy	 0.7786771796471723
valid_loss	 0.4639365774590331 	train_loss	 0.45233207186648866
epoch 176
valid_auc	 0.8212298259833282 	train_auc	 0.83124634505335
valid_accuracy	 0.7689033550325488 	train_accuracy	 0.7794316183561177
valid_loss	 0.4645034970089377 	train_loss	 0.451797649353517
epoch 177
valid_auc	 0.8210559794326179 	train_auc	 0.8316456111701469
valid_accuracy	 0.7689450842931064 	train_accuracy	 0.7787452493051222
valid_loss	 0.46501430440624436 	train_loss	 0.45153401837354673
epoch 178
valid_auc	 0.8210937753419926 	train_auc	 0.8310996986630583
valid_accuracy	 0.7691537305958939 	train_accuracy	 0.7786488172896932
valid_loss	 0.4641027164319053 	train_loss	 0.45224240773152413
epoch 179
valid_auc	 0.8209627834725934 	train_auc	 0.8318109367389965
valid_accuracy	 0.7688616257719914 	train_accuracy	 0.7790288728799137
valid_loss	 0.4647325560851686 	train_loss	 0.45120379618312717
epoch 180
valid_auc	 0.8211848505647048 	train_auc	 0.8321352970781509
valid_accuracy	 0.7689242196628275 	train_accuracy	 0.7790685801803846
valid_loss	 0.4649686120060198 	train_loss	 0.4510967825640271
epoch 181
valid_auc	 0.8214412903515375 	train_auc	 0.8321588875368868
valid_accuracy	 0.7690076781839426 	train_accuracy	 0.779794656531851
valid_loss	 0.46405256846672704 	train_loss	 0.45096323320697373
epoch 182
valid_auc	 0.8210212717326383 	train_auc	 0.8319047002312131
valid_accuracy	 0.7689033550325488 	train_accuracy	 0.7791082874808554
valid_loss	 0.4640462724808692 	train_loss	 0.4511177736267906
epoch 183
valid_auc	 0.8211255440446893 	train_auc	 0.8317697789234668
valid_accuracy	 0.7688616257719914 	train_accuracy	 0.7782063645130183
valid_loss	 0.4644852762938602 	train_loss	 0.4513956845318472
epoch 184
valid_auc	 0.8214975096248165 	train_auc	 0.831681172279018
valid_accuracy	 0.7691954598564513 	train_accuracy	 0.7791026150093596
valid_loss	 0.46376761665232874 	train_loss	 0.451212638046058
epoch 185
valid_auc	 0.8213679001334384 	train_auc	 0.8325519015272
valid_accuracy	 0.7692580537472876 	train_accuracy	 0.7793975835271427
valid_loss	 0.4652986192068632 	train_loss	 0.4504012629230902
epoch 186
valid_auc	 0.821329167557062 	train_auc	 0.8318879714852317
valid_accuracy	 0.7685277916875313 	train_accuracy	 0.7786147824607181
valid_loss	 0.4641731585916613 	train_loss	 0.45100043764068376
epoch 187
valid_auc	 0.8214239884851222 	train_auc	 0.8323932244018479
valid_accuracy	 0.7691120013353363 	train_accuracy	 0.7791479947813262
valid_loss	 0.4647218109447866 	train_loss	 0.4506297653489038
epoch 188
valid_auc	 0.8211778886163426 	train_auc	 0.832539085892524
valid_accuracy	 0.7691537305958939 	train_accuracy	 0.7796074649724886
valid_loss	 0.4643233389930953 	train_loss	 0.45050436505294095
epoch 189
valid_auc	 0.8210738637076004 	train_auc	 0.83264809899599
valid_accuracy	 0.76871557336004 	train_accuracy	 0.7790742526518805
valid_loss	 0.46410657968475577 	train_loss	 0.4502480581146871
epoch 190
valid_auc	 0.8216452132507933 	train_auc	 0.8327241854173427
valid_accuracy	 0.7698422633950927 	train_accuracy	 0.7796812071019343
valid_loss	 0.46411015497035585 	train_loss	 0.4503987538777752
epoch 191
valid_auc	 0.8210484937978745 	train_auc	 0.8330620226834223
valid_accuracy	 0.7689242196628275 	train_accuracy	 0.7794089284701344
valid_loss	 0.4663020970873188 	train_loss	 0.45013640593822424
epoch 192
valid_auc	 0.821507190121599 	train_auc	 0.8329855601404657
valid_accuracy	 0.7684234685361375 	train_accuracy	 0.7796868795734302
valid_loss	 0.4650893546338389 	train_loss	 0.44993676930114007
epoch 193
valid_auc	 0.8212876192037275 	train_auc	 0.8330839329843222
valid_accuracy	 0.7694249707895177 	train_accuracy	 0.7800215553916842
valid_loss	 0.4641797463373425 	train_loss	 0.4499042931272779
epoch 194
valid_auc	 0.8213993299802413 	train_auc	 0.8326542271570324
valid_accuracy	 0.7692580537472876 	train_accuracy	 0.779255771739747
valid_loss	 0.4640724105253213 	train_loss	 0.4502412372853661
epoch 195
valid_auc	 0.8211180661112161 	train_auc	 0.8336656805273831
valid_accuracy	 0.7690911367050576 	train_accuracy	 0.7803051789664757
valid_loss	 0.46450408580319946 	train_loss	 0.4494187051620525
epoch 196
valid_auc	 0.8215204083894312 	train_auc	 0.8338950413722708
valid_accuracy	 0.7687781672508763 	train_accuracy	 0.7807533042146463
valid_loss	 0.46414628029609073 	train_loss	 0.44921010661592753
epoch 197
valid_auc	 0.8214974085456439 	train_auc	 0.8332093282891306
valid_accuracy	 0.7689033550325488 	train_accuracy	 0.7798683986612968
valid_loss	 0.4641936947692067 	train_loss	 0.4497795043147689
epoch 198
valid_auc	 0.8213966277970204 	train_auc	 0.8333537084966267
valid_accuracy	 0.7691328659656151 	train_accuracy	 0.7801690396505757
valid_loss	 0.464383233335121 	train_loss	 0.44946896198986525
epoch 199
valid_auc	 0.8212457964926382 	train_auc	 0.833348166145699
valid_accuracy	 0.7701760974795526 	train_accuracy	 0.7798627261898009
valid_loss	 0.46421621330821894 	train_loss	 0.4497379094011837
epoch 200
valid_auc	 0.8213652441578394 	train_auc	 0.8332418383872051
valid_accuracy	 0.7687364379903188 	train_accuracy	 0.7799648306767258
valid_loss	 0.46521949534925705 	train_loss	 0.4494487570467135
epoch 201
valid_auc	 0.8212699746307834 	train_auc	 0.8335770426588254
valid_accuracy	 0.7696544817225839 	train_accuracy	 0.7800215553916842
valid_loss	 0.464334047152906 	train_loss	 0.44927262114510047
epoch 202
valid_auc	 0.8208863541406973 	train_auc	 0.8335968995448817
valid_accuracy	 0.7686112502086463 	train_accuracy	 0.7805264053548131
valid_loss	 0.46459123846991757 	train_loss	 0.4493569830462239
epoch 203
valid_auc	 0.8214669095898898 	train_auc	 0.8339367692426307
valid_accuracy	 0.7690911367050576 	train_accuracy	 0.7801463497645924
valid_loss	 0.4651780940796854 	train_loss	 0.44878467021842006
epoch 204
valid_auc	 0.8215711289557074 	train_auc	 0.8342570888526772
valid_accuracy	 0.7696753463528626 	train_accuracy	 0.7806795620852005
valid_loss	 0.46478077726709616 	train_loss	 0.4486154448193299
epoch 205
valid_auc	 0.8216185235358677 	train_auc	 0.8344512889877587
valid_accuracy	 0.7691745952261726 	train_accuracy	 0.7807476317431505
valid_loss	 0.46550383441021664 	train_loss	 0.4485570825725013
epoch 206
valid_auc	 0.8215325542553724 	train_auc	 0.8337047204746336
valid_accuracy	 0.7694249707895177 	train_accuracy	 0.7805888025412673
valid_loss	 0.4644601541105897 	train_loss	 0.44908879944165525
epoch 207
valid_auc	 0.8214466350331341 	train_auc	 0.8345316689389166
valid_accuracy	 0.7690702720747788 	train_accuracy	 0.7812638266492711
valid_loss	 0.4640495666965561 	train_loss	 0.4481928718400006
epoch 208
valid_auc	 0.8213330769144042 	train_auc	 0.8346495241227535
valid_accuracy	 0.7688407611417125 	train_accuracy	 0.7807873390436213
valid_loss	 0.4653651319267182 	train_loss	 0.448167685942847
epoch 209
valid_auc	 0.8213520942387813 	train_auc	 0.8344784480183793
valid_accuracy	 0.7691328659656151 	train_accuracy	 0.7818197288558625
valid_loss	 0.46433810561921407 	train_loss	 0.44794094515379396
epoch 210
valid_auc	 0.8215003802733254 	train_auc	 0.8348739171116695
valid_accuracy	 0.7695918878317476 	train_accuracy	 0.7809915480174712
valid_loss	 0.4647095418485532 	train_loss	 0.4477571164178337
epoch 211
valid_auc	 0.8214091712410414 	train_auc	 0.8342287198162255
valid_accuracy	 0.7691954598564513 	train_accuracy	 0.7807759941006296
valid_loss	 0.4649520142622455 	train_loss	 0.4485769418428768
epoch 212
valid_auc	 0.8213709257700123 	train_auc	 0.8348266109396877
valid_accuracy	 0.7701343682189952 	train_accuracy	 0.7803448862669465
valid_loss	 0.4644671629941779 	train_loss	 0.44790070811210825
epoch 213
valid_auc	 0.8213824372438114 	train_auc	 0.8347480684127488
valid_accuracy	 0.7699883158070439 	train_accuracy	 0.7810709626184128
valid_loss	 0.4645638365063347 	train_loss	 0.44797036853665884
epoch 214
valid_auc	 0.821446384741849 	train_auc	 0.8351534080483974
valid_accuracy	 0.7697588048739776 	train_accuracy	 0.7807533042146463
valid_loss	 0.4659301304865803 	train_loss	 0.44748446364031697
epoch 215
valid_auc	 0.8209226916220067 	train_auc	 0.8351684354385238
valid_accuracy	 0.7698631280253714 	train_accuracy	 0.7808724261160588
valid_loss	 0.4655298141031801 	train_loss	 0.44753974031813304
epoch 216
valid_auc	 0.821609158791168 	train_auc	 0.8354720098311553
valid_accuracy	 0.7695292939409114 	train_accuracy	 0.7805888025412673
valid_loss	 0.46453852259931216 	train_loss	 0.44727971944759004
epoch 217
valid_auc	 0.821701735761591 	train_auc	 0.8354280096191155
valid_accuracy	 0.7700300450676014 	train_accuracy	 0.781434000794146
valid_loss	 0.4643485486939621 	train_loss	 0.4470107628776131
epoch 218
valid_auc	 0.8216225541882174 	train_auc	 0.8350066870353503
valid_accuracy	 0.7695292939409114 	train_accuracy	 0.7809404957740087
valid_loss	 0.4648944604805613 	train_loss	 0.4475561641866064
epoch 219
valid_auc	 0.8216924191498309 	train_auc	 0.8353370088876084
valid_accuracy	 0.7688824904022701 	train_accuracy	 0.7810539452039253
valid_loss	 0.4644952477550632 	train_loss	 0.4471370097450139
epoch 220
valid_auc	 0.8213206855704718 	train_auc	 0.8356074716167666
valid_accuracy	 0.7695292939409114 	train_accuracy	 0.7816892620114584
valid_loss	 0.4658808596910394 	train_loss	 0.44708174111880733
epoch 221
valid_auc	 0.8213130776780622 	train_auc	 0.8360472126291352
valid_accuracy	 0.7693206476381238 	train_accuracy	 0.7815190878665834
valid_loss	 0.4650115898918764 	train_loss	 0.4466522325141829
epoch 222
valid_auc	 0.8215984867558327 	train_auc	 0.8359841801769403
valid_accuracy	 0.7705725254548489 	train_accuracy	 0.7817459867264167
valid_loss	 0.4646189137128216 	train_loss	 0.4467358760550381
epoch 223
valid_auc	 0.8217703887357892 	train_auc	 0.8357821229532141
valid_accuracy	 0.7700717743281589 	train_accuracy	 0.7817913664983833
valid_loss	 0.4651760106886906 	train_loss	 0.4467401576411338
epoch 224
valid_auc	 0.8211752066489564 	train_auc	 0.8358019472544778
valid_accuracy	 0.7695501585711901 	train_accuracy	 0.7815644676385501
valid_loss	 0.46548751759133733 	train_loss	 0.44658312680295326
epoch 225
valid_auc	 0.8216525958810463 	train_auc	 0.8355608351875956
valid_accuracy	 0.7698213987648139 	train_accuracy	 0.7815077429235918
valid_loss	 0.46485076365901945 	train_loss	 0.4469188119954659
epoch 226
valid_auc	 0.8213320218403714 	train_auc	 0.8362134044521594
valid_accuracy	 0.7697379402436989 	train_accuracy	 0.7814283283226502
valid_loss	 0.4649670387909939 	train_loss	 0.44628513314934687
epoch 227
valid_auc	 0.8215871071662877 	train_auc	 0.8364221238694497
valid_accuracy	 0.7702595560006676 	train_accuracy	 0.7810426002609336
valid_loss	 0.4650617221820993 	train_loss	 0.4463159320164914
epoch 228
valid_auc	 0.8214905659669713 	train_auc	 0.8361510155317116
valid_accuracy	 0.7691537305958939 	train_accuracy	 0.782103352430654
valid_loss	 0.4644512080346107 	train_loss	 0.44627649592841034
epoch 229
valid_auc	 0.8210394813862915 	train_auc	 0.8362376517630191
valid_accuracy	 0.7697379402436989 	train_accuracy	 0.7814396732656418
valid_loss	 0.46486970742016753 	train_loss	 0.4461235866395385
epoch 230
valid_auc	 0.8213978580749529 	train_auc	 0.8362846885912549
valid_accuracy	 0.7701969621098315 	train_accuracy	 0.7814453457371376
valid_loss	 0.464500688264554 	train_loss	 0.44618633908120114
epoch 231
valid_auc	 0.8214232289473375 	train_auc	 0.8362290057643222
valid_accuracy	 0.7694875646803538 	train_accuracy	 0.7832265017868285
valid_loss	 0.46642676501289676 	train_loss	 0.4461572918237086
epoch 232
valid_auc	 0.8215323145533339 	train_auc	 0.8362632967824375
valid_accuracy	 0.7695918878317476 	train_accuracy	 0.7831641046003743
valid_loss	 0.46493380123649614 	train_loss	 0.4460770918892035
epoch 233
valid_auc	 0.8213074124310886 	train_auc	 0.8371109864339131
valid_accuracy	 0.7696753463528626 	train_accuracy	 0.7824947529638664
valid_loss	 0.46510052901453336 	train_loss	 0.44532222164117474
epoch 234
valid_auc	 0.821665497434137 	train_auc	 0.8362680810893474
valid_accuracy	 0.7698631280253714 	train_accuracy	 0.7826705995802371
valid_loss	 0.46484924065063954 	train_loss	 0.44601735739130366
epoch 235
valid_auc	 0.8210540493017457 	train_auc	 0.8368940796399278
valid_accuracy	 0.7697588048739776 	train_accuracy	 0.7826649271087412
valid_loss	 0.4651965103593933 	train_loss	 0.4454434816835613
epoch 236
valid_auc	 0.8212355730562987 	train_auc	 0.8364516714727789
valid_accuracy	 0.7691120013353363 	train_accuracy	 0.7817176243689375
valid_loss	 0.4662993123919292 	train_loss	 0.44588800499864106
epoch 237
valid_auc	 0.8217721263349036 	train_auc	 0.8366946544080518
valid_accuracy	 0.7712401936237689 	train_accuracy	 0.7826308922797663
valid_loss	 0.4647597508522097 	train_loss	 0.4455147696929522
epoch 238
valid_auc	 0.8212727076190854 	train_auc	 0.836674276666621
valid_accuracy	 0.7701343682189952 	train_accuracy	 0.7822848715185207
valid_loss	 0.46577185205003246 	train_loss	 0.44564070556469904
epoch 239
valid_auc	 0.8214823323463488 	train_auc	 0.837271796609909
valid_accuracy	 0.7706768486062427 	train_accuracy	 0.7823472687049747
valid_loss	 0.46476059711217244 	train_loss	 0.44506082753610726
epoch 240
valid_auc	 0.8215210957278065 	train_auc	 0.8366541156319637
valid_accuracy	 0.7705516608245702 	train_accuracy	 0.7816098474105168
valid_loss	 0.46565621673305746 	train_loss	 0.44567747611938646
epoch 241
valid_auc	 0.8217710375678131 	train_auc	 0.8371508054799702
valid_accuracy	 0.7705099315640127 	train_accuracy	 0.7830620001134494
valid_loss	 0.4646131098031315 	train_loss	 0.445294139336611
epoch 242
valid_auc	 0.8218209591272945 	train_auc	 0.837282025799829
valid_accuracy	 0.7704682023034551 	train_accuracy	 0.7822678541040331
valid_loss	 0.4645990989554293 	train_loss	 0.44492257473354735
epoch 243
valid_auc	 0.8213706061672943 	train_auc	 0.8373395245665025
valid_accuracy	 0.7691120013353363 	train_accuracy	 0.7820239378297124
valid_loss	 0.4647197526499528 	train_loss	 0.44505251632056647
epoch 244
valid_auc	 0.8218617055858577 	train_auc	 0.8380858742244062
valid_accuracy	 0.7703847437823402 	train_accuracy	 0.7824096658914289
valid_loss	 0.4650329716738332 	train_loss	 0.44419107778755396
epoch 245
valid_auc	 0.821459799392074 	train_auc	 0.8373071349963528
valid_accuracy	 0.7699465865464864 	train_accuracy	 0.7825968574507913
valid_loss	 0.4647755912829928 	train_loss	 0.44498425484444337
epoch 246
valid_auc	 0.8217154488360408 	train_auc	 0.8376994608388184
valid_accuracy	 0.770489066933734 	train_accuracy	 0.7829598956265245
valid_loss	 0.4657542529500613 	train_loss	 0.44438767247815136
epoch 247
valid_auc	 0.8213916566270341 	train_auc	 0.8377439284098812
valid_accuracy	 0.7704682023034551 	train_accuracy	 0.7838731635373533
valid_loss	 0.46573075693411303 	train_loss	 0.4445467265101612
epoch 248
valid_auc	 0.8213086619621968 	train_auc	 0.8383122284597526
valid_accuracy	 0.7693623768986814 	train_accuracy	 0.7826649271087412
valid_loss	 0.4649905954652275 	train_loss	 0.44410818249353673
epoch 249
valid_auc	 0.8216847217301539 	train_auc	 0.8381609937726099
valid_accuracy	 0.7706142547154065 	train_accuracy	 0.7827273242951954
valid_loss	 0.46466681011748645 	train_loss	 0.44398820337271744
epoch 250
valid_auc	 0.8212328804996658 	train_auc	 0.8380345390681647
valid_accuracy	 0.7706142547154065 	train_accuracy	 0.7837029893924783
valid_loss	 0.4648373042990172 	train_loss	 0.4442090585738005
epoch 251
valid_auc	 0.8212847793602998 	train_auc	 0.837992316410264
valid_accuracy	 0.7711775997329328 	train_accuracy	 0.7832605366158035
valid_loss	 0.46462315566811 	train_loss	 0.44416803159773016
epoch 252
valid_auc	 0.8212733102434874 	train_auc	 0.8381199725267487
valid_accuracy	 0.7699883158070439 	train_accuracy	 0.7839298882523116
valid_loss	 0.4652142926024688 	train_loss	 0.4438276300544882
epoch 253
valid_auc	 0.8216088411137674 	train_auc	 0.8380999038037342
valid_accuracy	 0.7690702720747788 	train_accuracy	 0.7829372057405412
valid_loss	 0.4655381388574399 	train_loss	 0.44408122136851685
epoch 254
valid_auc	 0.8216931555838045 	train_auc	 0.838075069536921
valid_accuracy	 0.770405608412619 	train_accuracy	 0.7829258607975494
valid_loss	 0.46490651760442714 	train_loss	 0.44403970296487966
epoch 255
valid_auc	 0.820883786729707 	train_auc	 0.838611499081644
valid_accuracy	 0.7698005341345351 	train_accuracy	 0.7834931079471326
valid_loss	 0.4671442999398771 	train_loss	 0.44342363423389614
epoch 256
valid_auc	 0.8214148884715897 	train_auc	 0.8379837083674792
valid_accuracy	 0.7708437656484727 	train_accuracy	 0.782874808554087
valid_loss	 0.4657753397433919 	train_loss	 0.4441907155679794
epoch 257
valid_auc	 0.8217553183124471 	train_auc	 0.8382671018881183
valid_accuracy	 0.7702804206309464 	train_accuracy	 0.78351012536162
valid_loss	 0.46566453481718784 	train_loss	 0.4436421646593624
epoch 258
valid_auc	 0.8213722792682697 	train_auc	 0.838561053239584
valid_accuracy	 0.7693415122684026 	train_accuracy	 0.7832491916728118
valid_loss	 0.4650650607197995 	train_loss	 0.44333783351677003
epoch 259
valid_auc	 0.8214311651063944 	train_auc	 0.8383723085149071
valid_accuracy	 0.7701760974795526 	train_accuracy	 0.7838221112938908
valid_loss	 0.46624620417771323 	train_loss	 0.44357984637492437
epoch 260
valid_auc	 0.8216673293738125 	train_auc	 0.8390375064275688
valid_accuracy	 0.7699674511767651 	train_accuracy	 0.784014975324749
valid_loss	 0.4649408668126532 	train_loss	 0.44316555686553627
epoch 261
valid_auc	 0.8212510526096262 	train_auc	 0.8393009880618865
valid_accuracy	 0.7705933900851277 	train_accuracy	 0.7832378467298202
valid_loss	 0.4655940466717969 	train_loss	 0.44279100264757665
epoch 262
valid_auc	 0.8209805300873692 	train_auc	 0.839137905329366
valid_accuracy	 0.7702178267401102 	train_accuracy	 0.7833966759317035
valid_loss	 0.46694618467822663 	train_loss	 0.44290475320486294
epoch 263
valid_auc	 0.8201997444980353 	train_auc	 0.8390019221154607
valid_accuracy	 0.7695710232014689 	train_accuracy	 0.7842418741845822
valid_loss	 0.46586832493242825 	train_loss	 0.4426244358687779
epoch 264
valid_auc	 0.8213275762820836 	train_auc	 0.8391040344044213
valid_accuracy	 0.7708437656484727 	train_accuracy	 0.7842588915990697
valid_loss	 0.4658110329768349 	train_loss	 0.4426282096152415
epoch 265
valid_auc	 0.8212417109687377 	train_auc	 0.8397129911085528
valid_accuracy	 0.770822901018194 	train_accuracy	 0.7842588915990697
valid_loss	 0.4659810968294953 	train_loss	 0.4422152296239689
epoch 266
valid_auc	 0.8214884558189058 	train_auc	 0.8389870745504198
valid_accuracy	 0.7708646302787514 	train_accuracy	 0.7834363832321742
valid_loss	 0.46479868645736694 	train_loss	 0.4427605594202033
epoch 267
valid_auc	 0.8210540059821003 	train_auc	 0.8394100303126284
valid_accuracy	 0.7709480887998664 	train_accuracy	 0.7845595325883488
valid_loss	 0.46519588906011794 	train_loss	 0.4423861031371433
epoch 268
valid_auc	 0.8212375051124883 	train_auc	 0.8392117749106087
valid_accuracy	 0.7698005341345351 	train_accuracy	 0.7833569686312326
valid_loss	 0.4652581393359127 	train_loss	 0.442784688144729
epoch 269
valid_auc	 0.8212942240056791 	train_auc	 0.8397112089710584
valid_accuracy	 0.7698839926556501 	train_accuracy	 0.7840660275682114
valid_loss	 0.4649187682767947 	train_loss	 0.4420663862879409
epoch 270
valid_auc	 0.8203961557707605 	train_auc	 0.8397082682472514
valid_accuracy	 0.7690285428142213 	train_accuracy	 0.7843269612570197
valid_loss	 0.4661440446425486 	train_loss	 0.4421543105756952
epoch 271
valid_auc	 0.8215957056345913 	train_auc	 0.8394823109018384
valid_accuracy	 0.7707394424970789 	train_accuracy	 0.7842759090135573
valid_loss	 0.46604767301307337 	train_loss	 0.44221384672707664
epoch 272
valid_auc	 0.8210595855524415 	train_auc	 0.8397272406173262
valid_accuracy	 0.7704682023034551 	train_accuracy	 0.7845652050598446
valid_loss	 0.46638215038609626 	train_loss	 0.4419291090605872
epoch 273
valid_auc	 0.8213393351591917 	train_auc	 0.8403811387685025
valid_accuracy	 0.7705516608245702 	train_accuracy	 0.7846559646037778
valid_loss	 0.46521513586784025 	train_loss	 0.4413662860716565
epoch 274
valid_auc	 0.8213791516893644 	train_auc	 0.8404717338014396
valid_accuracy	 0.7701760974795526 	train_accuracy	 0.7847580690907028
valid_loss	 0.4662440052949593 	train_loss	 0.4413367330367892
epoch 275
valid_auc	 0.8208833487199578 	train_auc	 0.8398323533569441
valid_accuracy	 0.7709272241695877 	train_accuracy	 0.7837313517499575
valid_loss	 0.46529534689299873 	train_loss	 0.4418766227292593
epoch 276
valid_auc	 0.8208487988960198 	train_auc	 0.8402330950277266
valid_accuracy	 0.7708020363879152 	train_accuracy	 0.784451755629928
valid_loss	 0.4659806273840651 	train_loss	 0.44178834215379686
epoch 277
valid_auc	 0.8211170745726635 	train_auc	 0.8403399984270153
valid_accuracy	 0.7702595560006676 	train_accuracy	 0.7841567871121448
valid_loss	 0.4659978045054453 	train_loss	 0.44151058936833987
epoch 278
valid_auc	 0.8211026231389225 	train_auc	 0.839879926509379
valid_accuracy	 0.7716992154899015 	train_accuracy	 0.7847977763911737
valid_loss	 0.4647863493474788 	train_loss	 0.4417841624098473
epoch 279
valid_auc	 0.8209879656638556 	train_auc	 0.8405765715397322
valid_accuracy	 0.769904857285929 	train_accuracy	 0.785121107266436
valid_loss	 0.4662471361384374 	train_loss	 0.4410864573670052
epoch 280
valid_auc	 0.821339278362323 	train_auc	 0.8404916380249635
valid_accuracy	 0.7705725254548489 	train_accuracy	 0.7851778319813943
valid_loss	 0.46596925161149705 	train_loss	 0.4410580279958289
epoch 281
valid_auc	 0.8214750238408224 	train_auc	 0.8404500836775751
valid_accuracy	 0.7703430145217827 	train_accuracy	 0.7847637415621986
valid_loss	 0.46656552674424434 	train_loss	 0.4411123066120796
epoch 282
valid_auc	 0.8211442061479735 	train_auc	 0.8399721471295774
valid_accuracy	 0.7700091804373227 	train_accuracy	 0.7839242157808157
valid_loss	 0.4664324109054679 	train_loss	 0.441609340261961
epoch 283
valid_auc	 0.8209598627658274 	train_auc	 0.8408997845361179
valid_accuracy	 0.770906359539309 	train_accuracy	 0.7853366611832776
valid_loss	 0.4681296422072431 	train_loss	 0.44080607173104797
epoch 284
valid_auc	 0.8215614147658674 	train_auc	 0.8409598476901494
valid_accuracy	 0.7698422633950927 	train_accuracy	 0.7854671280276817
valid_loss	 0.4668569872774186 	train_loss	 0.4404750113361112
epoch 285
valid_auc	 0.8214793981623598 	train_auc	 0.840946726116499
valid_accuracy	 0.7706768486062427 	train_accuracy	 0.7853820409552442
valid_loss	 0.46723611346448596 	train_loss	 0.4406704531347754
epoch 286
valid_auc	 0.8210767295428154 	train_auc	 0.841259152973666
valid_accuracy	 0.7693415122684026 	train_accuracy	 0.7858131487889274
valid_loss	 0.46682621701242755 	train_loss	 0.4401973083355488


Start testing ......................
 Best epoch: 244

test_auc	 0.8191385102305987
test_accuracy	 0.770013508316982
test_loss	 0.46656839499483144
