nohup: ignoring input
	 max_iter 	 300
	 train_set 	 2
	 seed 	 224
	 wd 	 5e-05
	 optim 	 adam
	 batch_size 	 32
	 lr 	 1e-05
	 maxgradnorm 	 -1
	 final_fc_dim 	 512
	 d_model 	 256
	 d_ff 	 1024
	 dropout 	 0.05
	 n_block 	 1
	 n_head 	 8
	 kq_same 	 1
	 l2 	 1e-05
	 q_embed_dim 	 50
	 qa_embed_dim 	 256
	 memory_size 	 50
	 init_std 	 0.1
	 hidden_dim 	 512
	 lamda_r 	 0.1
	 lamda_w1 	 0.1
	 lamda_w2 	 0.1
	 model 	 akt_cid
	 dataset 	 assist2009
	 n_question 	 110
	 seqlen 	 200
	 data_dir 	 data/assist2009
	 data_name 	 assist2009
	 save 	 assist2009
	 load 	 assist2009


train_q_data.shape (2762, 200)
train_qa_data.shape (2762, 200)
valid_q_data.shape (675, 200)
valid_qa_data.shape (675, 200)




epoch 1
valid_auc	 0.6796193553812446 	train_auc	 0.572416765892746
valid_accuracy	 0.6540911741205433 	train_accuracy	 0.6394770418917324
valid_loss	 0.6161564967094878 	train_loss	 0.6473930400063644
epoch 2
valid_auc	 0.6972862778682882 	train_auc	 0.6891580477112071
valid_accuracy	 0.6952512579091714 	train_accuracy	 0.6901653073727875
valid_loss	 0.5917751186733037 	train_loss	 0.5946955161526486
epoch 3
valid_auc	 0.7062240836188354 	train_auc	 0.7085873667854626
valid_accuracy	 0.6976914937266504 	train_accuracy	 0.7066510783481629
valid_loss	 0.5851341435472125 	train_loss	 0.5810284952635947
epoch 4
valid_auc	 0.7129442639796139 	train_auc	 0.7161549148572143
valid_accuracy	 0.7020104951735159 	train_accuracy	 0.7101415876477565
valid_loss	 0.5798819276980288 	train_loss	 0.5746266503824683
epoch 5
valid_auc	 0.719251279194543 	train_auc	 0.722433292254443
valid_accuracy	 0.7059407864901635 	train_accuracy	 0.712738391667744
valid_loss	 0.5749901077625682 	train_loss	 0.5694580323527093
epoch 6
valid_auc	 0.7259593006747243 	train_auc	 0.7286231578698908
valid_accuracy	 0.7101734079080917 	train_accuracy	 0.7167909797595426
valid_loss	 0.5701000520911912 	train_loss	 0.5646031356449638
epoch 7
valid_auc	 0.7347833627226141 	train_auc	 0.7360985619978668
valid_accuracy	 0.7183363206426674 	train_accuracy	 0.721237023005885
valid_loss	 0.5625622568051372 	train_loss	 0.5586220114708678
epoch 8
valid_auc	 0.7426710653605003 	train_auc	 0.743610990542935
valid_accuracy	 0.7233463623210313 	train_accuracy	 0.7271332295361164
valid_loss	 0.5553122460608835 	train_loss	 0.5517354035578719
epoch 9
valid_auc	 0.7510819972669389 	train_auc	 0.7502756469438755
valid_accuracy	 0.7287667091368476 	train_accuracy	 0.730505702289347
valid_loss	 0.5478601279904685 	train_loss	 0.5453013802138588
epoch 10
valid_auc	 0.7596751363308053 	train_auc	 0.7590784988320212
valid_accuracy	 0.733474420713931 	train_accuracy	 0.7359859705133466
valid_loss	 0.539787607655297 	train_loss	 0.5374146817947709
epoch 11
valid_auc	 0.7669479362704165 	train_auc	 0.7666369287597536
valid_accuracy	 0.7376206621029218 	train_accuracy	 0.7395045837525505
valid_loss	 0.5332695224242756 	train_loss	 0.5299587071114003
epoch 12
valid_auc	 0.7718820079576939 	train_auc	 0.7715101956898192
valid_accuracy	 0.7391539076165591 	train_accuracy	 0.743321098751623
valid_loss	 0.5276985008261986 	train_loss	 0.524482763830545
epoch 13
valid_auc	 0.7752078447903346 	train_auc	 0.7756365662396687
valid_accuracy	 0.7418100935063813 	train_accuracy	 0.745530068404989
valid_loss	 0.5231140997650738 	train_loss	 0.520035089605527
epoch 14
valid_auc	 0.7775885289022872 	train_auc	 0.7787566578978433
valid_accuracy	 0.7425659187595828 	train_accuracy	 0.747733417270433
valid_loss	 0.5210250218845937 	train_loss	 0.5163744203563939
epoch 15
valid_auc	 0.7807038163400777 	train_auc	 0.7812341073040819
valid_accuracy	 0.7438400241864082 	train_accuracy	 0.7486327433379611
valid_loss	 0.5169740278235769 	train_loss	 0.5134043194071615
epoch 16
valid_auc	 0.7837435632574565 	train_auc	 0.7844160027643614
valid_accuracy	 0.7480078605826332 	train_accuracy	 0.7505831567469128
valid_loss	 0.513961491111764 	train_loss	 0.5101074073002757
epoch 17
valid_auc	 0.7864252357741817 	train_auc	 0.7874614117977139
valid_accuracy	 0.7499082212192542 	train_accuracy	 0.7527471600969023
valid_loss	 0.5104694505005677 	train_loss	 0.5067350455440432
epoch 18
valid_auc	 0.7897158097940082 	train_auc	 0.7911879781390958
valid_accuracy	 0.7528235471958883 	train_accuracy	 0.7549561297502684
valid_loss	 0.5059923824765522 	train_loss	 0.5025425472228183
epoch 19
valid_auc	 0.7920984665067419 	train_auc	 0.7935872679352262
valid_accuracy	 0.7543783877167599 	train_accuracy	 0.7559847339400038
valid_loss	 0.5025886507583338 	train_loss	 0.4993249558491247
epoch 20
valid_auc	 0.7945036814949002 	train_auc	 0.7958692555350461
valid_accuracy	 0.7550046429265553 	train_accuracy	 0.758115012562461
valid_loss	 0.5000804152868158 	train_loss	 0.4962170745944786
epoch 21
valid_auc	 0.7954217140434721 	train_auc	 0.797467679040303
valid_accuracy	 0.7557820631869911 	train_accuracy	 0.7589244060232363
valid_loss	 0.4981405910684018 	train_loss	 0.49378021127954586
epoch 22
valid_auc	 0.7967188452518573 	train_auc	 0.7994028125091647
valid_accuracy	 0.7560627982810374 	train_accuracy	 0.7606499879153059
valid_loss	 0.4968964880175719 	train_loss	 0.4913292205455557
epoch 23
valid_auc	 0.7979289617040768 	train_auc	 0.8002779766485244
valid_accuracy	 0.7566026734618956 	train_accuracy	 0.7607118165824486
valid_loss	 0.4958002509995222 	train_loss	 0.48971225761463205
epoch 24
valid_auc	 0.7986145104842908 	train_auc	 0.8015384163483721
valid_accuracy	 0.757552853780206 	train_accuracy	 0.7612626537988095
valid_loss	 0.4935456323891721 	train_loss	 0.488222706870349
epoch 25
valid_auc	 0.7990822320434954 	train_auc	 0.802269776487146
valid_accuracy	 0.7575312587729717 	train_accuracy	 0.7618865612581571
valid_loss	 0.49267439454260403 	train_loss	 0.48717792709390595
epoch 26
valid_auc	 0.8002150618735681 	train_auc	 0.8035710342033189
valid_accuracy	 0.7579415639104239 	train_accuracy	 0.7623137411402331
valid_loss	 0.49153051204155496 	train_loss	 0.48542368323692126
epoch 27
valid_auc	 0.8008045668220162 	train_auc	 0.804387570950122
valid_accuracy	 0.7581791089900015 	train_accuracy	 0.7633648284816565
valid_loss	 0.4910660590378851 	train_loss	 0.4842778357710824
epoch 28
valid_auc	 0.8013744435690598 	train_auc	 0.8050532371769307
valid_accuracy	 0.7596259744747015 	train_accuracy	 0.7629882356908791
valid_loss	 0.4899191133602781 	train_loss	 0.4833055343416088
epoch 29
valid_auc	 0.8018027357625479 	train_auc	 0.8056949426708288
valid_accuracy	 0.7583518690478761 	train_accuracy	 0.7640337022443806
valid_loss	 0.490272271422146 	train_loss	 0.4821774190898228
epoch 30
valid_auc	 0.8023524757148752 	train_auc	 0.806321883797277
valid_accuracy	 0.7596043794674672 	train_accuracy	 0.7643428455800935
valid_loss	 0.48843532405203743 	train_loss	 0.4813212892322738
epoch 31
valid_auc	 0.802833177728489 	train_auc	 0.8071554339186628
valid_accuracy	 0.7600794696266223 	train_accuracy	 0.7638819409704852
valid_loss	 0.48698772465393 	train_loss	 0.48050670132755724
epoch 32
valid_auc	 0.8029722100496145 	train_auc	 0.8075594633511527
valid_accuracy	 0.7605545597857776 	train_accuracy	 0.7651016519495702
valid_loss	 0.4866348045220724 	train_loss	 0.47971245247498534
epoch 33
valid_auc	 0.8033393752983352 	train_auc	 0.8080790522315571
valid_accuracy	 0.7598851145615134 	train_accuracy	 0.7647756462500913
valid_loss	 0.48619053965054526 	train_loss	 0.4791851256696964
epoch 34
valid_auc	 0.8037013084190973 	train_auc	 0.8082092288189742
valid_accuracy	 0.760057874619388 	train_accuracy	 0.7652758963751539
valid_loss	 0.486002045739137 	train_loss	 0.4785255569282314
epoch 35
valid_auc	 0.8040866656593637 	train_auc	 0.8093737233084239
valid_accuracy	 0.7607921048653551 	train_accuracy	 0.7649330283119088
valid_loss	 0.48539759778112307 	train_loss	 0.47756488742394354
epoch 36
valid_auc	 0.8044304984177395 	train_auc	 0.8097100581326869
valid_accuracy	 0.7610080549376984 	train_accuracy	 0.7658941830465795
valid_loss	 0.48543908102885397 	train_loss	 0.4770962999354745
epoch 37
valid_auc	 0.8044986684532911 	train_auc	 0.8095837721475314
valid_accuracy	 0.7614183600751506 	train_accuracy	 0.7659560117137221
valid_loss	 0.4856261454517074 	train_loss	 0.4769617495800447
epoch 38
valid_auc	 0.8043865503960582 	train_auc	 0.810468536280618
valid_accuracy	 0.759863519554279 	train_accuracy	 0.7660065988050205
valid_loss	 0.4847780531258968 	train_loss	 0.47619021014876345
epoch 39
valid_auc	 0.8049383514897028 	train_auc	 0.810889339710383
valid_accuracy	 0.7609432699159954 	train_accuracy	 0.7664787449904727
valid_loss	 0.48408679458222126 	train_loss	 0.4755989181508971
epoch 40
valid_auc	 0.8047497694136759 	train_auc	 0.8108837935147312
valid_accuracy	 0.7606841298291835 	train_accuracy	 0.7666529894160563
valid_loss	 0.4843970799492867 	train_loss	 0.4752913753337824
epoch 41
valid_auc	 0.804940299381497 	train_auc	 0.811070388372066
valid_accuracy	 0.7605545597857776 	train_accuracy	 0.7668665793570942
valid_loss	 0.4836914806574617 	train_loss	 0.47491989892794917
epoch 42
valid_auc	 0.8052258240786854 	train_auc	 0.8116950950523871
valid_accuracy	 0.7620446152849462 	train_accuracy	 0.7673050008150143
valid_loss	 0.4831541687380176 	train_loss	 0.47429754114468464
epoch 43
valid_auc	 0.8058401780315445 	train_auc	 0.8118826768926785
valid_accuracy	 0.7621309953138834 	train_accuracy	 0.7672937592391701
valid_loss	 0.4831358272086926 	train_loss	 0.4739654594819868
epoch 44
valid_auc	 0.8059897415287607 	train_auc	 0.8122134596124756
valid_accuracy	 0.7616127151402595 	train_accuracy	 0.7666417478402122
valid_loss	 0.4830416980413484 	train_loss	 0.4734491969058473
epoch 45
valid_auc	 0.8061003554264208 	train_auc	 0.8126078657676977
valid_accuracy	 0.7612887900317447 	train_accuracy	 0.7676647312420255
valid_loss	 0.4831367789051213 	train_loss	 0.47295820296071667
epoch 46
valid_auc	 0.8063546211962008 	train_auc	 0.8129202896619104
valid_accuracy	 0.7621957803355864 	train_accuracy	 0.7679851161535824
valid_loss	 0.48209964209616246 	train_loss	 0.47253935152519855
epoch 47
valid_auc	 0.8061794550704757 	train_auc	 0.8130912694232748
valid_accuracy	 0.7617422851836655 	train_accuracy	 0.7677996301521547
valid_loss	 0.482014175170558 	train_loss	 0.4724048018859346
epoch 48
valid_auc	 0.8065770978248967 	train_auc	 0.8137485537864866
valid_accuracy	 0.7631675556611311 	train_accuracy	 0.7679008043347516
valid_loss	 0.48200126574632546 	train_loss	 0.47149347784916573
epoch 49
valid_auc	 0.806598302253752 	train_auc	 0.8144287993082514
valid_accuracy	 0.7628652255598506 	train_accuracy	 0.7681874645187763
valid_loss	 0.4813323951159711 	train_loss	 0.47090603602245934
epoch 50
valid_auc	 0.8070425440982317 	train_auc	 0.8145063866778672
valid_accuracy	 0.7630595806249595 	train_accuracy	 0.7681087734878675
valid_loss	 0.4815421471009996 	train_loss	 0.4707299248687291
epoch 51
valid_auc	 0.8071678279272746 	train_auc	 0.8145055804061371
valid_accuracy	 0.762368540393461 	train_accuracy	 0.768710197795527
valid_loss	 0.48112606816107545 	train_loss	 0.47065903685827065
epoch 52
valid_auc	 0.8070400876131255 	train_auc	 0.8145848583999687
valid_accuracy	 0.7628652255598506 	train_accuracy	 0.7683055010651393
valid_loss	 0.4807172297665668 	train_loss	 0.47064643319859706
epoch 53
valid_auc	 0.8073770265641789 	train_auc	 0.8145818549639137
valid_accuracy	 0.7632971257045371 	train_accuracy	 0.7682605347617629
valid_loss	 0.48067608936106626 	train_loss	 0.4704467881193977
epoch 54
valid_auc	 0.8072901363824881 	train_auc	 0.815693231396715
valid_accuracy	 0.7630811756321938 	train_accuracy	 0.7692329310722777
valid_loss	 0.4805442258764122 	train_loss	 0.46939424271803937
epoch 55
valid_auc	 0.8077169141209924 	train_auc	 0.8150765893329567
valid_accuracy	 0.7615911201330252 	train_accuracy	 0.7689968579795515
valid_loss	 0.4823102282162164 	train_loss	 0.46968893632889797
epoch 56
valid_auc	 0.8078719362452133 	train_auc	 0.8157913803836818
valid_accuracy	 0.7636426458202864 	train_accuracy	 0.7690080995553957
valid_loss	 0.4800966116024915 	train_loss	 0.469118995580186
epoch 57
valid_auc	 0.8078401182769781 	train_auc	 0.8164228808635118
valid_accuracy	 0.763750620856458 	train_accuracy	 0.7691486192534469
valid_loss	 0.4802341958966205 	train_loss	 0.4684695424114646
epoch 58
valid_auc	 0.8078831448593591 	train_auc	 0.8170217163647595
valid_accuracy	 0.7623253503789924 	train_accuracy	 0.7701434987156499
valid_loss	 0.481095504078784 	train_loss	 0.4677210856636212
epoch 59
valid_auc	 0.8077300212089589 	train_auc	 0.8163580303643925
valid_accuracy	 0.7626708704947416 	train_accuracy	 0.7693060013152644
valid_loss	 0.4800227766401015 	train_loss	 0.46830666351250977
epoch 60
valid_auc	 0.8080425476810348 	train_auc	 0.8163487501500484
valid_accuracy	 0.7635994558058177 	train_accuracy	 0.7698512177437034
valid_loss	 0.47982747558310695 	train_loss	 0.4684382916396813
epoch 61
valid_auc	 0.8083941915678688 	train_auc	 0.8168426395586985
valid_accuracy	 0.7643336860517849 	train_accuracy	 0.769592661499289
valid_loss	 0.4793554596662037 	train_loss	 0.46792317761602337
epoch 62
valid_auc	 0.8085175100029185 	train_auc	 0.817088515154588
valid_accuracy	 0.7642041160083789 	train_accuracy	 0.769929908774612
valid_loss	 0.47946636990541175 	train_loss	 0.4675514193383313
epoch 63
valid_auc	 0.8086783490344532 	train_auc	 0.8175581523991831
valid_accuracy	 0.7636426458202864 	train_accuracy	 0.7705257122943494
valid_loss	 0.4793124072744475 	train_loss	 0.4670236990173527
epoch 64
valid_auc	 0.8084360527097048 	train_auc	 0.8172351321023219
valid_accuracy	 0.7637722158636923 	train_accuracy	 0.7703289847170777
valid_loss	 0.47886235912532676 	train_loss	 0.4673088095729377
epoch 65
valid_auc	 0.8086289670947541 	train_auc	 0.8179781823370667
valid_accuracy	 0.7626492754875073 	train_accuracy	 0.770598782537336
valid_loss	 0.47887150731457595 	train_loss	 0.46639928438445327
epoch 66
valid_auc	 0.8088809380173831 	train_auc	 0.818446061779859
valid_accuracy	 0.7624333254151641 	train_accuracy	 0.7709697545401915
valid_loss	 0.4790444884954114 	train_loss	 0.4660972078121855
epoch 67
valid_auc	 0.8090962130059622 	train_auc	 0.8183295355374358
valid_accuracy	 0.7630379856177252 	train_accuracy	 0.7712676563000601
valid_loss	 0.4784948211923362 	train_loss	 0.46617853877746523
epoch 68
valid_auc	 0.8091647557353985 	train_auc	 0.8182498369626694
valid_accuracy	 0.7621094003066491 	train_accuracy	 0.7706044033252581
valid_loss	 0.4794094407075984 	train_loss	 0.46626858326843473
epoch 69
valid_auc	 0.8087270607428847 	train_auc	 0.818943390399592
valid_accuracy	 0.7628220355453819 	train_accuracy	 0.7707898893266858
valid_loss	 0.47854137786539636 	train_loss	 0.4655730348945324
epoch 70
valid_auc	 0.8096306498591196 	train_auc	 0.8189914376387384
valid_accuracy	 0.7643336860517849 	train_accuracy	 0.7713744512705791
valid_loss	 0.47857494073361284 	train_loss	 0.4653418626899562
epoch 71
valid_auc	 0.8095542826171908 	train_auc	 0.8191307510110757
valid_accuracy	 0.763944975921567 	train_accuracy	 0.7710147208435678
valid_loss	 0.4781599225978823 	train_loss	 0.4651855357071893
epoch 72
valid_auc	 0.8096846214931205 	train_auc	 0.8194312788449462
valid_accuracy	 0.7637290258492236 	train_accuracy	 0.7710203416314899
valid_loss	 0.4780155734056948 	train_loss	 0.464980080397512
epoch 73
valid_auc	 0.8098802899006587 	train_auc	 0.8196364280814694
valid_accuracy	 0.7628220355453819 	train_accuracy	 0.7722793981260293
valid_loss	 0.47756949789745756 	train_loss	 0.46441816858329904
epoch 74
valid_auc	 0.8102292415374707 	train_auc	 0.8199355831712454
valid_accuracy	 0.764938346254346 	train_accuracy	 0.771801631152655
valid_loss	 0.47738975208841233 	train_loss	 0.4643221957512811
epoch 75
valid_auc	 0.8101702158861243 	train_auc	 0.820504363068351
valid_accuracy	 0.7644632560951908 	train_accuracy	 0.7721220160642119
valid_loss	 0.4771231460110381 	train_loss	 0.4637070878962129
epoch 76
valid_auc	 0.8104074386322455 	train_auc	 0.8205194784474856
valid_accuracy	 0.7634698857624117 	train_accuracy	 0.7717847687888888
valid_loss	 0.47705585073273665 	train_loss	 0.4638211886003576
epoch 77
valid_auc	 0.8104595601808583 	train_auc	 0.8202799933042109
valid_accuracy	 0.764938346254346 	train_accuracy	 0.771593661999539
valid_loss	 0.47692535608350684 	train_loss	 0.46389099019706165
epoch 78
valid_auc	 0.8107541005696122 	train_auc	 0.8212209221909601
valid_accuracy	 0.7642041160083789 	train_accuracy	 0.7728189937665462
valid_loss	 0.4773540890422401 	train_loss	 0.4629544220421177
epoch 79
valid_auc	 0.8112254481726325 	train_auc	 0.8209587878604394
valid_accuracy	 0.7648519662254086 	train_accuracy	 0.7729763758283636
valid_loss	 0.47676046084304696 	train_loss	 0.4630247095858568
epoch 80
valid_auc	 0.8112418405263047 	train_auc	 0.8214063313462985
valid_accuracy	 0.7644632560951908 	train_accuracy	 0.7724817464912231
valid_loss	 0.4764920134321187 	train_loss	 0.46271207719769925
epoch 81
valid_auc	 0.8114501311079431 	train_auc	 0.821473401730539
valid_accuracy	 0.7650247262832833 	train_accuracy	 0.7729314095249872
valid_loss	 0.47601412030016244 	train_loss	 0.462481857996918
epoch 82
valid_auc	 0.811277068334721 	train_auc	 0.8219403698794677
valid_accuracy	 0.7647439911892371 	train_accuracy	 0.77236370994486
valid_loss	 0.4760840427420012 	train_loss	 0.46218987414245477
epoch 83
valid_auc	 0.8118120436378827 	train_auc	 0.822849843054544
valid_accuracy	 0.7653054613773296 	train_accuracy	 0.7735328338326467
valid_loss	 0.4763099206856193 	train_loss	 0.4612767888306177
epoch 84
valid_auc	 0.8114376345378594 	train_auc	 0.8221144345341076
valid_accuracy	 0.7647871812037057 	train_accuracy	 0.7736283872273215
valid_loss	 0.4760902843892823 	train_loss	 0.46159158977080755
epoch 85
valid_auc	 0.8116217051647094 	train_auc	 0.822274977712172
valid_accuracy	 0.764938346254346 	train_accuracy	 0.7728021314027801
valid_loss	 0.47657610005172935 	train_loss	 0.4618742285247149
epoch 86
valid_auc	 0.8117828798266483 	train_auc	 0.8223398063346108
valid_accuracy	 0.7654782214352042 	train_accuracy	 0.7735609377722569
valid_loss	 0.47611980490980466 	train_loss	 0.461610969818566
epoch 87
valid_auc	 0.8115689226506994 	train_auc	 0.8227655375041694
valid_accuracy	 0.7643120910445504 	train_accuracy	 0.7736396288031656
valid_loss	 0.47567435819368464 	train_loss	 0.46093203596895554
epoch 88
valid_auc	 0.8116908007577258 	train_auc	 0.8223440705286679
valid_accuracy	 0.7648951562398774 	train_accuracy	 0.7735159714688805
valid_loss	 0.4765115649980676 	train_loss	 0.4613790969931384
epoch 89
valid_auc	 0.8118863703293169 	train_auc	 0.8227363343167803
valid_accuracy	 0.7659533115943594 	train_accuracy	 0.7736227664393994
valid_loss	 0.47608225899509715 	train_loss	 0.460703228046681
epoch 90
valid_auc	 0.811722759773094 	train_auc	 0.8234269374266303
valid_accuracy	 0.7643768760662535 	train_accuracy	 0.7728976847974549
valid_loss	 0.4754902697891476 	train_loss	 0.4602714291744622
epoch 91
valid_auc	 0.8118975418799823 	train_auc	 0.8231876737935351
valid_accuracy	 0.764938346254346 	train_accuracy	 0.7734429012258939
valid_loss	 0.4753710077558424 	train_loss	 0.4605740669121177
epoch 92
valid_auc	 0.8119867207315771 	train_auc	 0.8232978883675296
valid_accuracy	 0.7652190813483922 	train_accuracy	 0.7741567412919943
valid_loss	 0.4753948050124287 	train_loss	 0.4604359580938278
epoch 93
valid_auc	 0.8120801948287137 	train_auc	 0.8230486360251621
valid_accuracy	 0.7642689010300818 	train_accuracy	 0.7740049800180989
valid_loss	 0.4761255747515189 	train_loss	 0.46059504000064516
epoch 94
valid_auc	 0.8120745725046713 	train_auc	 0.8231940458162775
valid_accuracy	 0.765262271362861 	train_accuracy	 0.7734429012258939
valid_loss	 0.47511355830634694 	train_loss	 0.4605219637384653
epoch 95
valid_auc	 0.8118850803142967 	train_auc	 0.8236866403505596
valid_accuracy	 0.764679206167534 	train_accuracy	 0.7739375305630344
valid_loss	 0.47487800765342625 	train_loss	 0.45976075428846125
epoch 96
valid_auc	 0.8121459804470375 	train_auc	 0.8239558259360533
valid_accuracy	 0.765067916297752 	train_accuracy	 0.7744209183243307
valid_loss	 0.47521824568152465 	train_loss	 0.45947398632662634
epoch 97
valid_auc	 0.8122256236888021 	train_auc	 0.8237709044688937
valid_accuracy	 0.7644200660807221 	train_accuracy	 0.773785769289139
valid_loss	 0.47649276282458014 	train_loss	 0.4596964495070301
epoch 98
valid_auc	 0.8120663783869174 	train_auc	 0.8239417294756073
valid_accuracy	 0.765067916297752 	train_accuracy	 0.7744602638397851
valid_loss	 0.47475013997845933 	train_loss	 0.4594462840937688
epoch 99
valid_auc	 0.812224298669384 	train_auc	 0.8238977044505186
valid_accuracy	 0.7651974863411579 	train_accuracy	 0.7741679828678384
valid_loss	 0.47480675990593463 	train_loss	 0.45947050569642367
epoch 100
valid_auc	 0.812374659031425 	train_auc	 0.8239750252904201
valid_accuracy	 0.7654566264279699 	train_accuracy	 0.7746401290532907
valid_loss	 0.4754313438667802 	train_loss	 0.4596475438420517
epoch 101
valid_auc	 0.8124681135672804 	train_auc	 0.8244479263809414
valid_accuracy	 0.7656077914786101 	train_accuracy	 0.774241053110825
valid_loss	 0.4756297888729671 	train_loss	 0.45900752082478147
epoch 102
valid_auc	 0.8123743069283629 	train_auc	 0.8246835803618091
valid_accuracy	 0.7656725765003132 	train_accuracy	 0.7751516207541973
valid_loss	 0.4754329257687785 	train_loss	 0.45867044559400305
epoch 103
valid_auc	 0.8125344922012878 	train_auc	 0.8249453211231159
valid_accuracy	 0.765996501608828 	train_accuracy	 0.7755844214241953
valid_loss	 0.47462070525665095 	train_loss	 0.45844212270645324
epoch 104
valid_auc	 0.8125189183328039 	train_auc	 0.8249363215070907
valid_accuracy	 0.7664068067462803 	train_accuracy	 0.7751684831179635
valid_loss	 0.47489416581507327 	train_loss	 0.45838176922696694
epoch 105
valid_auc	 0.812460553646855 	train_auc	 0.8252751114435439
valid_accuracy	 0.7646576111602997 	train_accuracy	 0.7749998594803019
valid_loss	 0.4775603272342933 	train_loss	 0.45815062064884965
epoch 106
valid_auc	 0.8127255678259013 	train_auc	 0.8252277295790527
valid_accuracy	 0.7651111063122206 	train_accuracy	 0.7748480982064065
valid_loss	 0.47500894912812536 	train_loss	 0.4579615132515071
epoch 107
valid_auc	 0.8122666560500387 	train_auc	 0.8255689399485859
valid_accuracy	 0.7646576111602997 	train_accuracy	 0.7752415533609501
valid_loss	 0.47482249377493085 	train_loss	 0.4577750315727808
epoch 108
valid_auc	 0.8125068541699895 	train_auc	 0.825052441799928
valid_accuracy	 0.7656725765003132 	train_accuracy	 0.7752865196643265
valid_loss	 0.47454855771746696 	train_loss	 0.45818598029703667
epoch 109
valid_auc	 0.8123795143473349 	train_auc	 0.8254071139951533
valid_accuracy	 0.7646360161530654 	train_accuracy	 0.7757361826980906
valid_loss	 0.47484569652320335 	train_loss	 0.4576165614865242
epoch 110
valid_auc	 0.8127663510381872 	train_auc	 0.8253448583798113
valid_accuracy	 0.7647223961820028 	train_accuracy	 0.774898685297705
valid_loss	 0.4747365035890175 	train_loss	 0.45788466715798765
epoch 111
valid_auc	 0.8127421104925766 	train_auc	 0.8261781180548546
valid_accuracy	 0.7649815362688146 	train_accuracy	 0.7755956630000393
valid_loss	 0.4752603056680406 	train_loss	 0.45709922621387233
epoch 112
valid_auc	 0.8126534700909863 	train_auc	 0.8263167484667814
valid_accuracy	 0.7657589565292504 	train_accuracy	 0.7749773763286137
valid_loss	 0.4743160707559836 	train_loss	 0.45704839115367746
epoch 113
valid_auc	 0.8125741058548644 	train_auc	 0.8266499435302108
valid_accuracy	 0.7658669315654221 	train_accuracy	 0.7755338343328968
valid_loss	 0.47514539152355334 	train_loss	 0.45664698272735155
epoch 114
valid_auc	 0.8125558160569127 	train_auc	 0.8262262753808323
valid_accuracy	 0.7651974863411579 	train_accuracy	 0.7756912163947142
valid_loss	 0.4750069129993318 	train_loss	 0.4568677101496442
epoch 115
valid_auc	 0.8127316812410568 	train_auc	 0.825914005256468
valid_accuracy	 0.7645928261385968 	train_accuracy	 0.7753595899073132
valid_loss	 0.47442772355309015 	train_loss	 0.45736908506785695
epoch 116
valid_auc	 0.8123396731651714 	train_auc	 0.826400336518321
valid_accuracy	 0.7647871812037057 	train_accuracy	 0.7754326601502999
valid_loss	 0.47483986422237073 	train_loss	 0.45666799255514096
epoch 117
valid_auc	 0.81274968688566 	train_auc	 0.8262269655162313
valid_accuracy	 0.7650463212905176 	train_accuracy	 0.7761183962767901
valid_loss	 0.474260421485528 	train_loss	 0.45668465692085825
epoch 118
valid_auc	 0.8130246907021688 	train_auc	 0.826712678322226
valid_accuracy	 0.7654566264279699 	train_accuracy	 0.7758542192444536
valid_loss	 0.47492424159402985 	train_loss	 0.4563997693403121
epoch 119
valid_auc	 0.8128767518208361 	train_auc	 0.8269176289803951
valid_accuracy	 0.7656725765003132 	train_accuracy	 0.7760565676096475
valid_loss	 0.47411257616351443 	train_loss	 0.45613496907570866
epoch 120
valid_auc	 0.8129691253385183 	train_auc	 0.827329741037262
valid_accuracy	 0.7652406763556265 	train_accuracy	 0.7763544693695162
valid_loss	 0.4747692626935117 	train_loss	 0.4555393570276316
epoch 121
valid_auc	 0.8129403867277654 	train_auc	 0.8269442675315071
valid_accuracy	 0.7658237415509535 	train_accuracy	 0.7756743540309481
valid_loss	 0.47430604441343177 	train_loss	 0.45601110230079667
epoch 122
valid_auc	 0.8131421016302866 	train_auc	 0.8269798923334697
valid_accuracy	 0.76480877621094 	train_accuracy	 0.7765568177347101
valid_loss	 0.4741067094517199 	train_loss	 0.4559237352874294
epoch 123
valid_auc	 0.8133672910998271 	train_auc	 0.8274206768396166
valid_accuracy	 0.7657805515364847 	train_accuracy	 0.7762701575506854
valid_loss	 0.47502878272580606 	train_loss	 0.45574823953131377
epoch 124
valid_auc	 0.8133089984817563 	train_auc	 0.8271154678182486
valid_accuracy	 0.7648303712181743 	train_accuracy	 0.7762813991265296
valid_loss	 0.4758017179992792 	train_loss	 0.45600045087275765
epoch 125
valid_auc	 0.8132033016724731 	train_auc	 0.8273291030963861
valid_accuracy	 0.7657157665147818 	train_accuracy	 0.7765174722192557
valid_loss	 0.47421208902934403 	train_loss	 0.4556152342167664
epoch 126
valid_auc	 0.8131131365204879 	train_auc	 0.8275280430839221
valid_accuracy	 0.7654350314207355 	train_accuracy	 0.7760846715492578
valid_loss	 0.47411093114619607 	train_loss	 0.4555014919302436
epoch 127
valid_auc	 0.8135162409905372 	train_auc	 0.827284988594972
valid_accuracy	 0.765262271362861 	train_accuracy	 0.7765680593105542
valid_loss	 0.4740177004024268 	train_loss	 0.45567009482095966
epoch 128
valid_auc	 0.8128189307325971 	train_auc	 0.8275409938675519
valid_accuracy	 0.7656509814930788 	train_accuracy	 0.7771301381027592
valid_loss	 0.4739354946029394 	train_loss	 0.45537763989182756
epoch 129
valid_auc	 0.8132381866436972 	train_auc	 0.8283260281949147
valid_accuracy	 0.7654134364135012 	train_accuracy	 0.7771638628302916
valid_loss	 0.47424269623386367 	train_loss	 0.45462508267730967
epoch 130
valid_auc	 0.8129706017004807 	train_auc	 0.8278639435400179
valid_accuracy	 0.7653702463990325 	train_accuracy	 0.7762532951869193
valid_loss	 0.4746549196180124 	train_loss	 0.4552716301623056
epoch 131
valid_auc	 0.8131387329717503 	train_auc	 0.8280447857449281
valid_accuracy	 0.7654350314207355 	train_accuracy	 0.7765736800984762
valid_loss	 0.475145394667555 	train_loss	 0.45492752034020356
epoch 132
valid_auc	 0.8135807458597107 	train_auc	 0.8279791910166252
valid_accuracy	 0.7651974863411579 	train_accuracy	 0.7767479245240598
valid_loss	 0.47453939086488883 	train_loss	 0.45487611791646815
epoch 133
valid_auc	 0.8132935625717822 	train_auc	 0.8280773264977315
valid_accuracy	 0.764873561232643 	train_accuracy	 0.77765287137951
valid_loss	 0.47437304245130096 	train_loss	 0.45472799133699965
epoch 134
valid_auc	 0.8130775030728714 	train_auc	 0.8284717514345409
valid_accuracy	 0.7648519662254086 	train_accuracy	 0.777315624104187
valid_loss	 0.47383450896824514 	train_loss	 0.4542145302224103
epoch 135
valid_auc	 0.8135156212067844 	train_auc	 0.8286731661599709
valid_accuracy	 0.7653270563845639 	train_accuracy	 0.7776978376828864
valid_loss	 0.4745037189498399 	train_loss	 0.45413565625560326
epoch 136
valid_auc	 0.8129838920467659 	train_auc	 0.8288281497772088
valid_accuracy	 0.7658021465437191 	train_accuracy	 0.7764781267038013
valid_loss	 0.4741190987286025 	train_loss	 0.4540071368869178
epoch 137
valid_auc	 0.8133227366784277 	train_auc	 0.8287252040291575
valid_accuracy	 0.7662340466884057 	train_accuracy	 0.7773662111954854
valid_loss	 0.47348207594666714 	train_loss	 0.4540993815657417
epoch 138
valid_auc	 0.8133771541037325 	train_auc	 0.8289707708191757
valid_accuracy	 0.764873561232643 	train_accuracy	 0.7772594162249664
valid_loss	 0.47460591888072456 	train_loss	 0.4538546165946012
epoch 139
valid_auc	 0.8138285491998962 	train_auc	 0.8287261893942244
valid_accuracy	 0.7658237415509535 	train_accuracy	 0.7773830735592515
valid_loss	 0.473784187529584 	train_loss	 0.45397260821662144
epoch 140
valid_auc	 0.81330308685666 	train_auc	 0.8290930929749827
valid_accuracy	 0.764873561232643 	train_accuracy	 0.7771975875578239
valid_loss	 0.4737212271014683 	train_loss	 0.45373194968494707
epoch 141
valid_auc	 0.8137305008515746 	train_auc	 0.8289005565942065
valid_accuracy	 0.7654350314207355 	train_accuracy	 0.7776135258640556
valid_loss	 0.47439300717212063 	train_loss	 0.4536804382548559
epoch 142
valid_auc	 0.8135075743134103 	train_auc	 0.8289940696945826
valid_accuracy	 0.7657589565292504 	train_accuracy	 0.7777371831983407
valid_loss	 0.4739177301113329 	train_loss	 0.45365360631678914
epoch 143
valid_auc	 0.8134674057371714 	train_auc	 0.8293915640492024
valid_accuracy	 0.7659533115943594 	train_accuracy	 0.7774167982867839
valid_loss	 0.47408975410155446 	train_loss	 0.45342412211303507
epoch 144
valid_auc	 0.8136750765350571 	train_auc	 0.8294195399618683
valid_accuracy	 0.7658453365581878 	train_accuracy	 0.7774392814384721
valid_loss	 0.4744232798804406 	train_loss	 0.45320091337273233
epoch 145
valid_auc	 0.8138143013803716 	train_auc	 0.8294831485549157
valid_accuracy	 0.7657805515364847 	train_accuracy	 0.7777933910775613
valid_loss	 0.4737924707927495 	train_loss	 0.45306180074055774
epoch 146
valid_auc	 0.8134159080904759 	train_auc	 0.8299107222896198
valid_accuracy	 0.7658237415509535 	train_accuracy	 0.7779957394427551
valid_loss	 0.4739350164145591 	train_loss	 0.4528764252177455
epoch 147
valid_auc	 0.813863948941679 	train_auc	 0.8302715438719197
valid_accuracy	 0.7659101215798907 	train_accuracy	 0.777877702896392
valid_loss	 0.4741359253777211 	train_loss	 0.45236421708553143
epoch 148
valid_auc	 0.8134582057577457 	train_auc	 0.8297057508099157
valid_accuracy	 0.7658237415509535 	train_accuracy	 0.7778158742292495
valid_loss	 0.4739099978884762 	train_loss	 0.4529908349852339
epoch 149
valid_auc	 0.8138293048830765 	train_auc	 0.8297648664533951
valid_accuracy	 0.7659101215798907 	train_accuracy	 0.7781137759891181
valid_loss	 0.4745412286804823 	train_loss	 0.45287476375895336
epoch 150
valid_auc	 0.8139125453415056 	train_auc	 0.829988799598391
valid_accuracy	 0.7663204267173429 	train_accuracy	 0.7775741803486013
valid_loss	 0.47334121233605064 	train_loss	 0.4525519341465939
epoch 151
valid_auc	 0.8135875356833804 	train_auc	 0.8304948327451676
valid_accuracy	 0.7647871812037057 	train_accuracy	 0.7780631888978197
valid_loss	 0.4754812221441264 	train_loss	 0.45217494644812695
epoch 152
valid_auc	 0.8139121654408332 	train_auc	 0.8304597651302904
valid_accuracy	 0.7659749066015937 	train_accuracy	 0.777658492167432
valid_loss	 0.4743065569731883 	train_loss	 0.4520995412238774
epoch 153
valid_auc	 0.8137341011568624 	train_auc	 0.8305664160563946
valid_accuracy	 0.7656725765003132 	train_accuracy	 0.7784341609006751
valid_loss	 0.4736770722238821 	train_loss	 0.4518204297973059
epoch 154
valid_auc	 0.8139385700818728 	train_auc	 0.8307569238850722
valid_accuracy	 0.7662340466884057 	train_accuracy	 0.7783329867180782
valid_loss	 0.47381402739778017 	train_loss	 0.452041453982519
epoch 155
valid_auc	 0.8139484197017436 	train_auc	 0.8305718197370817
valid_accuracy	 0.7662772367028743 	train_accuracy	 0.7787882705397643
valid_loss	 0.4738697529958706 	train_loss	 0.45194601346243046
epoch 156
valid_auc	 0.8139190499822858 	train_auc	 0.8311471733303768
valid_accuracy	 0.7667739218692639 	train_accuracy	 0.7775573179848351
valid_loss	 0.47319105279512885 	train_loss	 0.4514592956191652
epoch 157
valid_auc	 0.8138582998495675 	train_auc	 0.8311680382668432
valid_accuracy	 0.7656077914786101 	train_accuracy	 0.7786983379330115
valid_loss	 0.4741150163270692 	train_loss	 0.4513985376663408
epoch 158
valid_auc	 0.8139353949770666 	train_auc	 0.8305879108442893
valid_accuracy	 0.7658453365581878 	train_accuracy	 0.7782430541113253
valid_loss	 0.4740950769599438 	train_loss	 0.45218652325973596
epoch 159
valid_auc	 0.8140977711134895 	train_auc	 0.8304683581636425
valid_accuracy	 0.7665795668041548 	train_accuracy	 0.7787039587209335
valid_loss	 0.47400479299913634 	train_loss	 0.4521570707123638
epoch 160
valid_auc	 0.8135555519590253 	train_auc	 0.8310862423445017
valid_accuracy	 0.7651758913339236 	train_accuracy	 0.7791367593909314
valid_loss	 0.47350294623026495 	train_loss	 0.4514725136177543
epoch 161
valid_auc	 0.8143602999802781 	train_auc	 0.8308872103482914
valid_accuracy	 0.7668171118837325 	train_accuracy	 0.7791648633305417
valid_loss	 0.4740581163803136 	train_loss	 0.45157879384986627
epoch 162
valid_auc	 0.8133621053012183 	train_auc	 0.8310874613890911
valid_accuracy	 0.7657373615220161 	train_accuracy	 0.7786646132054792
valid_loss	 0.4737018795898651 	train_loss	 0.45140201199913316
epoch 163
valid_auc	 0.8141388786312276 	train_auc	 0.8313089838083443
valid_accuracy	 0.7656077914786101 	train_accuracy	 0.7786646132054792
valid_loss	 0.47475503643624184 	train_loss	 0.4510712978787502
epoch 164
valid_auc	 0.814145849654134 	train_auc	 0.8319026851833691
valid_accuracy	 0.7663636167318116 	train_accuracy	 0.7789681357532698
valid_loss	 0.47380691691846016 	train_loss	 0.4507238149715526
epoch 165
valid_auc	 0.8140210991273897 	train_auc	 0.831531011571875
valid_accuracy	 0.7653918414062669 	train_accuracy	 0.7788051329035304
valid_loss	 0.47441805631983286 	train_loss	 0.4507092946071113
epoch 166
valid_auc	 0.8140648330045184 	train_auc	 0.8316384774922441
valid_accuracy	 0.7659533115943594 	train_accuracy	 0.779423419574956
valid_loss	 0.47370487281510326 	train_loss	 0.4511401839466069
epoch 167
valid_auc	 0.8138900457499245 	train_auc	 0.8317301962827883
valid_accuracy	 0.7653702463990325 	train_accuracy	 0.7789287902378156
valid_loss	 0.47404260419663813 	train_loss	 0.4505993649657906
epoch 168
valid_auc	 0.8138240562824597 	train_auc	 0.8320762927490452
valid_accuracy	 0.7653270563845639 	train_accuracy	 0.7793334869682031
valid_loss	 0.47388646492694536 	train_loss	 0.45035781016636306
epoch 169
valid_auc	 0.8136206848482804 	train_auc	 0.8318175978406361
valid_accuracy	 0.767119441985013 	train_accuracy	 0.7796370095159939
valid_loss	 0.47340878488576776 	train_loss	 0.45052663093627954
epoch 170
valid_auc	 0.8141824889634222 	train_auc	 0.8320706028425972
valid_accuracy	 0.7668171118837325 	train_accuracy	 0.7795021106058647
valid_loss	 0.4752999167507195 	train_loss	 0.45025344103879866
epoch 171
valid_auc	 0.8137012824746611 	train_auc	 0.8317923152216367
valid_accuracy	 0.7659317165871251 	train_accuracy	 0.7795920432126175
valid_loss	 0.4738180757884039 	train_loss	 0.4503654962595871
epoch 172
valid_auc	 0.8140242659958671 	train_auc	 0.8325247888201224
valid_accuracy	 0.7665147817824519 	train_accuracy	 0.7801316388531344
valid_loss	 0.4736040575038087 	train_loss	 0.4497919075342238
epoch 173
valid_auc	 0.8138013899052174 	train_auc	 0.8324259141041868
valid_accuracy	 0.7654134364135012 	train_accuracy	 0.7788332368431407
valid_loss	 0.4739055066913588 	train_loss	 0.44990050501524115
epoch 174
valid_auc	 0.8139174593412593 	train_auc	 0.8325273647112833
valid_accuracy	 0.7652406763556265 	train_accuracy	 0.7796707342435263
valid_loss	 0.47352986863480506 	train_loss	 0.44977895658393413
epoch 175
valid_auc	 0.814147935504438 	train_auc	 0.8325380313866118
valid_accuracy	 0.7653486513917982 	train_accuracy	 0.7790524475721007
valid_loss	 0.4735360410646266 	train_loss	 0.4495389520301462
epoch 176
valid_auc	 0.8142791659629753 	train_auc	 0.8324379481071973
valid_accuracy	 0.7662988317101086 	train_accuracy	 0.7797269421227467
valid_loss	 0.47347800073010277 	train_loss	 0.4497520415821508
epoch 177
valid_auc	 0.8140519410906456 	train_auc	 0.8327060211474386
valid_accuracy	 0.7654134364135012 	train_accuracy	 0.7798449786691098
valid_loss	 0.47342240174218464 	train_loss	 0.4495853734159027
epoch 178
valid_auc	 0.8142130694232343 	train_auc	 0.8330948339068405
valid_accuracy	 0.7664284017535146 	train_accuracy	 0.7799124281241745
valid_loss	 0.4744952973240158 	train_loss	 0.4490494193274185
epoch 179
valid_auc	 0.8143980892869946 	train_auc	 0.8329665473661094
valid_accuracy	 0.7665147817824519 	train_accuracy	 0.7794515235145663
valid_loss	 0.47393393174766957 	train_loss	 0.44938726988589145
epoch 180
valid_auc	 0.8145840604467475 	train_auc	 0.8333076897139394
valid_accuracy	 0.7649599412615803 	train_accuracy	 0.7799967399430052
valid_loss	 0.4764746308202264 	train_loss	 0.4487554283867749
epoch 181
valid_auc	 0.8143267925350692 	train_auc	 0.8328296739822125
valid_accuracy	 0.7671410369922473 	train_accuracy	 0.7792491751493724
valid_loss	 0.47370775932478887 	train_loss	 0.44942395307234134
epoch 182
valid_auc	 0.8141497320536879 	train_auc	 0.8332810644576589
valid_accuracy	 0.7664284017535146 	train_accuracy	 0.7800529478222257
valid_loss	 0.47475582896042723 	train_loss	 0.44897928846202295
epoch 183
valid_auc	 0.8144461348823231 	train_auc	 0.8331406621753249
valid_accuracy	 0.7655646014641415 	train_accuracy	 0.7803339872183283
valid_loss	 0.4747493780118918 	train_loss	 0.4488717716442147
epoch 184
valid_auc	 0.8144621154195485 	train_auc	 0.8332975850090221
valid_accuracy	 0.7657373615220161 	train_accuracy	 0.7805700603110544
valid_loss	 0.4748184850038068 	train_loss	 0.4490264039792568
epoch 185
valid_auc	 0.8138863291064904 	train_auc	 0.8333984284151437
valid_accuracy	 0.7650247262832833 	train_accuracy	 0.7802440546115754
valid_loss	 0.4741804752061253 	train_loss	 0.4487458317142737
epoch 186
valid_auc	 0.8138298670125266 	train_auc	 0.8334220560034971
valid_accuracy	 0.766061286630531 	train_accuracy	 0.780081051761836
valid_loss	 0.4738947121393702 	train_loss	 0.4487766612949121
epoch 187
valid_auc	 0.8144755818173649 	train_auc	 0.8336446135906774
valid_accuracy	 0.7664715917679833 	train_accuracy	 0.7802946417028739
valid_loss	 0.47362138845191065 	train_loss	 0.4485829046391627
epoch 188
valid_auc	 0.8144529803012133 	train_auc	 0.833913984670723
valid_accuracy	 0.7659749066015937 	train_accuracy	 0.7806937176453396
valid_loss	 0.4737110426601566 	train_loss	 0.448294680093828
epoch 189
valid_auc	 0.8142980199494595 	train_auc	 0.8338552393129168
valid_accuracy	 0.7655214114496728 	train_accuracy	 0.7803508495820944
valid_loss	 0.4738303979250667 	train_loss	 0.4484762419265058
epoch 190
valid_auc	 0.8145986346308063 	train_auc	 0.8337368663551097
valid_accuracy	 0.7670330619560758 	train_accuracy	 0.7801372596410565
valid_loss	 0.473559618136633 	train_loss	 0.4481609241731215
epoch 191
valid_auc	 0.8143006288066512 	train_auc	 0.8344849700326298
valid_accuracy	 0.7657805515364847 	train_accuracy	 0.7810590688602729
valid_loss	 0.4733823610643914 	train_loss	 0.4475142721897997
epoch 192
valid_auc	 0.8142738988306184 	train_auc	 0.8343496219668446
valid_accuracy	 0.7662772367028743 	train_accuracy	 0.7802834001270298
valid_loss	 0.4734598823551437 	train_loss	 0.44779036512765036
epoch 193
valid_auc	 0.8146148334307485 	train_auc	 0.8339791633200446
valid_accuracy	 0.7659533115943594 	train_accuracy	 0.7805700603110544
valid_loss	 0.4737794448649312 	train_loss	 0.44789918260282535
epoch 194
valid_auc	 0.8143563588968805 	train_auc	 0.8341928748500189
valid_accuracy	 0.7653702463990325 	train_accuracy	 0.7809410323139098
valid_loss	 0.4758036088943075 	train_loss	 0.4476818384749752
epoch 195
valid_auc	 0.814283133814442 	train_auc	 0.8344367313197749
valid_accuracy	 0.765996501608828 	train_accuracy	 0.7802834001270298
valid_loss	 0.4745506977943045 	train_loss	 0.44750276532328614
epoch 196
valid_auc	 0.8142842436597668 	train_auc	 0.8346994238221834
valid_accuracy	 0.7670978469777787 	train_accuracy	 0.780957894677676
valid_loss	 0.47408045821761075 	train_loss	 0.4473726898747884
epoch 197
valid_auc	 0.8146090299074693 	train_auc	 0.8344321004978817
valid_accuracy	 0.7670114669488415 	train_accuracy	 0.7807724086762482
valid_loss	 0.4743290177807688 	train_loss	 0.44768850775278324
epoch 198
valid_auc	 0.8143509455696849 	train_auc	 0.8345900929675873
valid_accuracy	 0.7664931867752176 	train_accuracy	 0.7806318889781969
valid_loss	 0.4733633052560349 	train_loss	 0.4475947676413131
epoch 199
valid_auc	 0.8143398419687331 	train_auc	 0.8339235806548976
valid_accuracy	 0.7663420217245773 	train_accuracy	 0.7805194732197559
valid_loss	 0.4747774178178629 	train_loss	 0.4479739335220498
epoch 200
valid_auc	 0.8143049096386177 	train_auc	 0.8346423099301108
valid_accuracy	 0.7658237415509535 	train_accuracy	 0.7809354115259877
valid_loss	 0.47352729498092533 	train_loss	 0.44715673707208853
epoch 201
valid_auc	 0.8145001085754062 	train_auc	 0.8348597445052658
valid_accuracy	 0.7659101215798907 	train_accuracy	 0.7817335634109189
valid_loss	 0.473297727971769 	train_loss	 0.447086337302702
epoch 202
valid_auc	 0.8145598816736039 	train_auc	 0.8348828784966267
valid_accuracy	 0.7674217720862937 	train_accuracy	 0.7810927935878051
valid_loss	 0.47406416550317704 	train_loss	 0.4469621484823115
epoch 203
valid_auc	 0.8143064951319384 	train_auc	 0.8349696574483776
valid_accuracy	 0.7661476666594683 	train_accuracy	 0.7813682121959856
valid_loss	 0.4735209199641787 	train_loss	 0.4467850633543218
epoch 204
valid_auc	 0.8144551804305813 	train_auc	 0.8348919753970527
valid_accuracy	 0.7665147817824519 	train_accuracy	 0.7817616673505292
valid_loss	 0.4730479288457564 	train_loss	 0.4469092189955277
epoch 205
valid_auc	 0.8146025489461349 	train_auc	 0.8350806812485092
valid_accuracy	 0.7664715917679833 	train_accuracy	 0.7811714846187139
valid_loss	 0.4731603307046926 	train_loss	 0.44668323413482103
epoch 206
valid_auc	 0.8151390366451984 	train_auc	 0.835448809853014
valid_accuracy	 0.7668387068909668 	train_accuracy	 0.7815031111061148
valid_loss	 0.47370057288220135 	train_loss	 0.44619374354145896
epoch 207
valid_auc	 0.8149177398706229 	train_auc	 0.8350850018576704
valid_accuracy	 0.7670114669488415 	train_accuracy	 0.7815312150457251
valid_loss	 0.47351579772773256 	train_loss	 0.44668268861520355
epoch 208
valid_auc	 0.8144868841197526 	train_auc	 0.8350382387304099
valid_accuracy	 0.7659533115943594 	train_accuracy	 0.7804576445526133
valid_loss	 0.474059022490312 	train_loss	 0.44703499142181874
epoch 209
valid_auc	 0.8149718947629425 	train_auc	 0.8359527808940699
valid_accuracy	 0.765996501608828 	train_accuracy	 0.7817785297142954
valid_loss	 0.47516262916612356 	train_loss	 0.4458545495797692
epoch 210
valid_auc	 0.8149435257574509 	train_auc	 0.8355921745614204
valid_accuracy	 0.765996501608828 	train_accuracy	 0.7814862487423487
valid_loss	 0.4740622950309914 	train_loss	 0.44622351548344913
epoch 211
valid_auc	 0.8140557246542522 	train_auc	 0.8360046035136061
valid_accuracy	 0.7649815362688146 	train_accuracy	 0.7824192995374092
valid_loss	 0.4736465613587261 	train_loss	 0.4457480533586179
epoch 212
valid_auc	 0.8145805332388791 	train_auc	 0.8354480844054173
valid_accuracy	 0.766061286630531 	train_accuracy	 0.7808679620709231
valid_loss	 0.47345243419070576 	train_loss	 0.44623096037631804
epoch 213
valid_auc	 0.8147821596008642 	train_auc	 0.835718613261279
valid_accuracy	 0.7672274170211847 	train_accuracy	 0.7818853246848143
valid_loss	 0.4729368931851973 	train_loss	 0.4461382866432307
epoch 214
valid_auc	 0.8147970055837781 	train_auc	 0.8358759761609285
valid_accuracy	 0.7658885265726564 	train_accuracy	 0.7818853246848143
valid_loss	 0.4737780556760786 	train_loss	 0.4459211321216381
epoch 215
valid_auc	 0.8149227465290771 	train_auc	 0.8362705745636327
valid_accuracy	 0.7660180966160623 	train_accuracy	 0.7817672881384512
valid_loss	 0.4742734276676236 	train_loss	 0.4454853749872931
epoch 216
valid_auc	 0.8148851301852684 	train_auc	 0.8363631230501337
valid_accuracy	 0.7658237415509535 	train_accuracy	 0.7816885971075426
valid_loss	 0.47356888028760014 	train_loss	 0.445403186243602
epoch 217
valid_auc	 0.8148191293928512 	train_auc	 0.8362147224847075
valid_accuracy	 0.7664499967607489 	train_accuracy	 0.7817054594713087
valid_loss	 0.47507893184179767 	train_loss	 0.44528818646320334
epoch 218
valid_auc	 0.8149350464568074 	train_auc	 0.8367816565105453
valid_accuracy	 0.7662340466884057 	train_accuracy	 0.7821101562016963
valid_loss	 0.47407434305152263 	train_loss	 0.445098184825279
epoch 219
valid_auc	 0.8147412065142936 	train_auc	 0.8363618196642597
valid_accuracy	 0.766385211739046 	train_accuracy	 0.7827003389335117
valid_loss	 0.4735784004110045 	train_loss	 0.4452070680958523
epoch 220
valid_auc	 0.8146737828960522 	train_auc	 0.8366879600259081
valid_accuracy	 0.7656941715075475 	train_accuracy	 0.7818234960176718
valid_loss	 0.4735562777008514 	train_loss	 0.44506863596432217
epoch 221
valid_auc	 0.8150825611671997 	train_auc	 0.837054111428721
valid_accuracy	 0.7677241021875743 	train_accuracy	 0.7825598192354605
valid_loss	 0.4738930678815068 	train_loss	 0.44479483245394036
epoch 222
valid_auc	 0.814838874961943 	train_auc	 0.8366308243274982
valid_accuracy	 0.7666227568186236 	train_accuracy	 0.7818459791693599
valid_loss	 0.47396174675591024 	train_loss	 0.4451692231663181
epoch 223
valid_auc	 0.8146718885403961 	train_auc	 0.8370434598067996
valid_accuracy	 0.7661692616667026 	train_accuracy	 0.7826722349939015
valid_loss	 0.474051192939928 	train_loss	 0.44440382517105814
epoch 224
valid_auc	 0.8152854497465949 	train_auc	 0.8368204791766787
valid_accuracy	 0.7661476666594683 	train_accuracy	 0.7829251704503938
valid_loss	 0.4741413579041094 	train_loss	 0.4447674829323902
epoch 225
valid_auc	 0.8144947642274655 	train_auc	 0.8371951039593615
valid_accuracy	 0.7658237415509535 	train_accuracy	 0.781964015715723
valid_loss	 0.4744709123015263 	train_loss	 0.44436400406387494
epoch 226
valid_auc	 0.8145614527533491 	train_auc	 0.8369001175378172
valid_accuracy	 0.7654350314207355 	train_accuracy	 0.7822225719601373
valid_loss	 0.47312007724120075 	train_loss	 0.4448076610808749
epoch 227
valid_auc	 0.8147908427506488 	train_auc	 0.8369062890829441
valid_accuracy	 0.7655646014641415 	train_accuracy	 0.7827621676006543
valid_loss	 0.4754128606899842 	train_loss	 0.44465765509485844
epoch 228
valid_auc	 0.8152386447483128 	train_auc	 0.8376977076727355
valid_accuracy	 0.7667307318547951 	train_accuracy	 0.782852100207407
valid_loss	 0.4740056633999398 	train_loss	 0.4439484104317852
epoch 229
valid_auc	 0.8149586775140765 	train_auc	 0.8366944716795514
valid_accuracy	 0.7659101215798907 	train_accuracy	 0.7829982406933804
valid_loss	 0.4746750623756124 	train_loss	 0.4447060761961224
epoch 230
valid_auc	 0.814948276060167 	train_auc	 0.8377991226159192
valid_accuracy	 0.7653270563845639 	train_accuracy	 0.7828239962677969
valid_loss	 0.4743991106688479 	train_loss	 0.4439836141100858
epoch 231
valid_auc	 0.8149180044626901 	train_auc	 0.8373371733713417
valid_accuracy	 0.7662772367028743 	train_accuracy	 0.7827228220851999
valid_loss	 0.4736635825305463 	train_loss	 0.44413637968691144
epoch 232
valid_auc	 0.8143912613703035 	train_auc	 0.8375794826463057
valid_accuracy	 0.7666227568186236 	train_accuracy	 0.7823181253548123
valid_loss	 0.4736965371632212 	train_loss	 0.44401867453481825
epoch 233
valid_auc	 0.8147956455599618 	train_auc	 0.837620004940562
valid_accuracy	 0.7650247262832833 	train_accuracy	 0.7827059597214338
valid_loss	 0.473811514676845 	train_loss	 0.44398441174177516
epoch 234
valid_auc	 0.8152972884399046 	train_auc	 0.8375556955903191
valid_accuracy	 0.7671410369922473 	train_accuracy	 0.782621647902603
valid_loss	 0.47455695090903377 	train_loss	 0.4439902269779326
epoch 235
valid_auc	 0.8154035576740493 	train_auc	 0.8376507003144988
valid_accuracy	 0.7667307318547951 	train_accuracy	 0.7827059597214338
valid_loss	 0.47524662599862977 	train_loss	 0.44366638465040936
epoch 236
valid_auc	 0.8150758650317718 	train_auc	 0.8375384797685161
valid_accuracy	 0.7665147817824519 	train_accuracy	 0.7830432069967568
valid_loss	 0.47337849457624465 	train_loss	 0.4438043350874339
epoch 237
valid_auc	 0.8152835945135012 	train_auc	 0.8379802631455903
valid_accuracy	 0.7668818969054355 	train_accuracy	 0.7833804542720798
valid_loss	 0.4742131436780509 	train_loss	 0.4435089728815968
epoch 238
valid_auc	 0.8149915013439836 	train_auc	 0.8384811400080916
valid_accuracy	 0.7659317165871251 	train_accuracy	 0.7829869991175363
valid_loss	 0.4733798984319329 	train_loss	 0.4430596083874516
epoch 239
valid_auc	 0.815260927106718 	train_auc	 0.8383004319473263
valid_accuracy	 0.7664715917679833 	train_accuracy	 0.7831837266948081
valid_loss	 0.47433013753658393 	train_loss	 0.44324696813693804
epoch 240
valid_auc	 0.8151767178500975 	train_auc	 0.8382561740868313
valid_accuracy	 0.7668603018982011 	train_accuracy	 0.7834254205754563
valid_loss	 0.4739699958983342 	train_loss	 0.44300958165370585
epoch 241
valid_auc	 0.815307187477749 	train_auc	 0.8384429794808341
valid_accuracy	 0.7667955168764982 	train_accuracy	 0.7831275188155876
valid_loss	 0.47443478000242206 	train_loss	 0.44300105068124734
epoch 242
valid_auc	 0.8153996526245906 	train_auc	 0.8384311546076313
valid_accuracy	 0.7666659468330922 	train_accuracy	 0.7833298671807813
valid_loss	 0.47403086377159626 	train_loss	 0.44275622446863844
epoch 243
valid_auc	 0.8153409893717176 	train_auc	 0.8385284795964261
valid_accuracy	 0.7662124516811714 	train_accuracy	 0.7834928700305209
valid_loss	 0.4738336508638409 	train_loss	 0.44284329023138536
epoch 244
valid_auc	 0.8150391629204754 	train_auc	 0.8382288693169482
valid_accuracy	 0.7657805515364847 	train_accuracy	 0.7830994148759773
valid_loss	 0.4745412660428834 	train_loss	 0.4430930305986657
epoch 245
valid_auc	 0.8147713401532608 	train_auc	 0.8383799408069595
valid_accuracy	 0.7661908566739369 	train_accuracy	 0.7834984908184429
valid_loss	 0.47362060986839005 	train_loss	 0.44303944195228795
epoch 246
valid_auc	 0.8150444310823735 	train_auc	 0.8391081292491676
valid_accuracy	 0.7667523268620295 	train_accuracy	 0.7836277689406501
valid_loss	 0.47398352906384933 	train_loss	 0.4421771203611092
epoch 247
valid_auc	 0.8146683325053763 	train_auc	 0.838779543130951
valid_accuracy	 0.7652406763556265 	train_accuracy	 0.7831500019672758
valid_loss	 0.47439904797309107 	train_loss	 0.442616473309903
epoch 248
valid_auc	 0.8151613879828584 	train_auc	 0.8390961229613083
valid_accuracy	 0.7655646014641415 	train_accuracy	 0.7826497518422132
valid_loss	 0.4751857216967642 	train_loss	 0.44219421124389074
epoch 249
valid_auc	 0.8154846865436465 	train_auc	 0.8389526480253846
valid_accuracy	 0.7667739218692639 	train_accuracy	 0.7834535245150666
valid_loss	 0.4772212753612456 	train_loss	 0.4421890794490098
epoch 250
valid_auc	 0.8153095204179214 	train_auc	 0.8393036585848883
valid_accuracy	 0.7664499967607489 	train_accuracy	 0.7835322155459752
valid_loss	 0.4737681485146424 	train_loss	 0.44187324159872726
epoch 251
valid_auc	 0.8147872074409631 	train_auc	 0.8394876920417251
valid_accuracy	 0.7667955168764982 	train_accuracy	 0.7835322155459752
valid_loss	 0.4747222579447565 	train_loss	 0.441644981805941
epoch 252
valid_auc	 0.8149315696964538 	train_auc	 0.8389856536048843
valid_accuracy	 0.7665363767896862 	train_accuracy	 0.7833579711203916
valid_loss	 0.4744991132652738 	train_loss	 0.442317176031284
epoch 253
valid_auc	 0.8151810038297694 	train_auc	 0.8392101270546402
valid_accuracy	 0.7674001770790593 	train_accuracy	 0.7848193759801249
valid_loss	 0.47433905507357604 	train_loss	 0.441769319984404
epoch 254
valid_auc	 0.8151584445248035 	train_auc	 0.8393778778602177
valid_accuracy	 0.7664715917679833 	train_accuracy	 0.7846844770699957
valid_loss	 0.47470877163941966 	train_loss	 0.44156521618863137
epoch 255
valid_auc	 0.8152317087298044 	train_auc	 0.8399653907374471
valid_accuracy	 0.7666227568186236 	train_accuracy	 0.7840437072468819
valid_loss	 0.4750622219363066 	train_loss	 0.4412441581510595
epoch 256
valid_auc	 0.8156600801979585 	train_auc	 0.8397797478322432
valid_accuracy	 0.7668387068909668 	train_accuracy	 0.7841167774898685
valid_loss	 0.4756784346673093 	train_loss	 0.44132880591905793
epoch 257
valid_auc	 0.8150173726827243 	train_auc	 0.8398717466583623
valid_accuracy	 0.7662340466884057 	train_accuracy	 0.7844427831893475
valid_loss	 0.4744463420731232 	train_loss	 0.4413160414659915
epoch 258
valid_auc	 0.8151522662485577 	train_auc	 0.8393170164435925
valid_accuracy	 0.7664068067462803 	train_accuracy	 0.7844427831893475
valid_loss	 0.47344562379290256 	train_loss	 0.44176443139478266
epoch 259
valid_auc	 0.8153463182765416 	train_auc	 0.8398700225508675
valid_accuracy	 0.7660396916232967 	train_accuracy	 0.783830117305844
valid_loss	 0.4735858593528376 	train_loss	 0.4414582030057824
epoch 260
valid_auc	 0.8147610478307095 	train_auc	 0.8401604024188615
valid_accuracy	 0.76625564169564 	train_accuracy	 0.7843640921584387
valid_loss	 0.47345658618717185 	train_loss	 0.44096193931579847
epoch 261
valid_auc	 0.8155084843865765 	train_auc	 0.8395952996329425
valid_accuracy	 0.7670546569633101 	train_accuracy	 0.7836446313044163
valid_loss	 0.474363282487637 	train_loss	 0.4415050278825751
epoch 262
valid_auc	 0.8152704936027815 	train_auc	 0.8403547883990857
valid_accuracy	 0.7666011618113892 	train_accuracy	 0.7847687888888264
valid_loss	 0.4746883568846248 	train_loss	 0.4407598771006228
epoch 263
valid_auc	 0.8153292742233419 	train_auc	 0.840323446361738
valid_accuracy	 0.7664068067462803 	train_accuracy	 0.7841729853690891
valid_loss	 0.4754631126581904 	train_loss	 0.44090820126159747
epoch 264
valid_auc	 0.8155380806050803 	train_auc	 0.8401107567048595
valid_accuracy	 0.7675513421296997 	train_accuracy	 0.7843528505825946
valid_loss	 0.47435841989701 	train_loss	 0.44112683684896703
epoch 265
valid_auc	 0.8151307756072717 	train_auc	 0.8400917195615037
valid_accuracy	 0.7654782214352042 	train_accuracy	 0.7850273451332408
valid_loss	 0.4764656298930494 	train_loss	 0.4407999888420037
epoch 266
valid_auc	 0.8150505115522133 	train_auc	 0.8395247324266837
valid_accuracy	 0.7664499967607489 	train_accuracy	 0.7840268448831157
valid_loss	 0.4736603468385903 	train_loss	 0.44148376262604505
epoch 267
valid_auc	 0.8146448816178029 	train_auc	 0.8410327993340374
valid_accuracy	 0.7661692616667026 	train_accuracy	 0.7844933702806459
valid_loss	 0.47426889276573475 	train_loss	 0.4399090877997393
epoch 268
valid_auc	 0.8150633221323378 	train_auc	 0.840403519442759
valid_accuracy	 0.7664068067462803 	train_accuracy	 0.7849036877989557
valid_loss	 0.4741640144453504 	train_loss	 0.4405577849482103
epoch 269
valid_auc	 0.8156691658983202 	train_auc	 0.8407181847470582
valid_accuracy	 0.7666659468330922 	train_accuracy	 0.7850891738003833
valid_loss	 0.47504593936754447 	train_loss	 0.4402097097022965
epoch 270
valid_auc	 0.8152378118495489 	train_auc	 0.8411446715413701
valid_accuracy	 0.7670546569633101 	train_accuracy	 0.7855388368341474
valid_loss	 0.47422628148158413 	train_loss	 0.43976111450416683
epoch 271
valid_auc	 0.8148705230558938 	train_auc	 0.8411568280819266
valid_accuracy	 0.7657589565292504 	train_accuracy	 0.7855332160462254
valid_loss	 0.47517471837349295 	train_loss	 0.4398666873304315
epoch 272
valid_auc	 0.8153524965527875 	train_auc	 0.8409588959692246
valid_accuracy	 0.764938346254346 	train_accuracy	 0.7849317917385659
valid_loss	 0.475992470973094 	train_loss	 0.4401858306804653
epoch 273
valid_auc	 0.8154419914735052 	train_auc	 0.8405211250988709
valid_accuracy	 0.7665795668041548 	train_accuracy	 0.784824996768047
valid_loss	 0.4748917310748247 	train_loss	 0.4406200954925661
epoch 274
valid_auc	 0.8149758234918468 	train_auc	 0.840988417458793
valid_accuracy	 0.7663420217245773 	train_accuracy	 0.7857524267751853
valid_loss	 0.4739338779641045 	train_loss	 0.4398652043457896
epoch 275
valid_auc	 0.8155257343479996 	train_auc	 0.8412617347824313
valid_accuracy	 0.7676593171658712 	train_accuracy	 0.7849261709506439
valid_loss	 0.47444669218022817 	train_loss	 0.43980556050573416
epoch 276
valid_auc	 0.8143966088068676 	train_auc	 0.8415041639219065
valid_accuracy	 0.7664068067462803 	train_accuracy	 0.7855107328945372
valid_loss	 0.47481736494345217 	train_loss	 0.43942152698945636
epoch 277
valid_auc	 0.8156308793232439 	train_auc	 0.8414737220642247
valid_accuracy	 0.7679616472671519 	train_accuracy	 0.7851285193158377
valid_loss	 0.4741485959593699 	train_loss	 0.4395511959991498
epoch 278
valid_auc	 0.8147543794928918 	train_auc	 0.8416340734872081
valid_accuracy	 0.7665579717969205 	train_accuracy	 0.7854376626515505
valid_loss	 0.47373893824225244 	train_loss	 0.4391241602025756
epoch 279
valid_auc	 0.8151546516953269 	train_auc	 0.8410877782450177
valid_accuracy	 0.76625564169564 	train_accuracy	 0.784712581009606
valid_loss	 0.4757088378831578 	train_loss	 0.439936586631567
epoch 280
valid_auc	 0.815192632496691 	train_auc	 0.8410712360280035
valid_accuracy	 0.7669250869199041 	train_accuracy	 0.7852802805897331
valid_loss	 0.4748689071296346 	train_loss	 0.43986815774257515
epoch 281
valid_auc	 0.8148964592557248 	train_auc	 0.8412360078065549
valid_accuracy	 0.7666011618113892 	train_accuracy	 0.7853252468931095
valid_loss	 0.47424456104788526 	train_loss	 0.4396859772823025
epoch 282
valid_auc	 0.8149775057620328 	train_auc	 0.8414973689969094
valid_accuracy	 0.7663420217245773 	train_accuracy	 0.785387075560252
valid_loss	 0.47622870896477126 	train_loss	 0.4392296580673763
epoch 283
valid_auc	 0.8151214562010765 	train_auc	 0.8416960784000161
valid_accuracy	 0.767119441985013 	train_accuracy	 0.7848643422835013
valid_loss	 0.4745341195078387 	train_loss	 0.43914343545366297
epoch 284
valid_auc	 0.8155832620170201 	train_auc	 0.8417465002085913
valid_accuracy	 0.7668171118837325 	train_accuracy	 0.785387075560252
valid_loss	 0.475593555324376 	train_loss	 0.43896122556682976
epoch 285
valid_auc	 0.8150303397530987 	train_auc	 0.842296266597597
valid_accuracy	 0.7668603018982011 	train_accuracy	 0.7857524267751853
valid_loss	 0.4740931594287027 	train_loss	 0.4385226964582915
epoch 286
valid_auc	 0.8146486219406825 	train_auc	 0.8419360261190105
valid_accuracy	 0.7663204267173429 	train_accuracy	 0.7856849773201208
valid_loss	 0.4742657575053236 	train_loss	 0.4389177675495976
epoch 287
valid_auc	 0.8151713704135333 	train_auc	 0.8424218044847025
valid_accuracy	 0.7664499967607489 	train_accuracy	 0.7859210504128469
valid_loss	 0.47571734089402623 	train_loss	 0.43845607130656006
epoch 288
valid_auc	 0.8145429199836938 	train_auc	 0.8423860195116764
valid_accuracy	 0.7655861964713758 	train_accuracy	 0.7859379127766131
valid_loss	 0.47623266825084565 	train_loss	 0.43812847283405315
epoch 289
valid_auc	 0.8153800398663029 	train_auc	 0.8419744120253138
valid_accuracy	 0.7675513421296997 	train_accuracy	 0.7856681149563546
valid_loss	 0.474486088838139 	train_loss	 0.43866000459664606
epoch 290
valid_auc	 0.8146623199852504 	train_auc	 0.8419893408547515
valid_accuracy	 0.7657373615220161 	train_accuracy	 0.7855950447133679
valid_loss	 0.4759822425267398 	train_loss	 0.43857712202963917
epoch 291
valid_auc	 0.8149955515587397 	train_auc	 0.8424386082370764
valid_accuracy	 0.7653270563845639 	train_accuracy	 0.7860896740505084
valid_loss	 0.47486281429032956 	train_loss	 0.4382913282242132
epoch 292
valid_auc	 0.8150470924461621 	train_auc	 0.8422315913932913
valid_accuracy	 0.7662772367028743 	train_accuracy	 0.7857973930785618
valid_loss	 0.4757983641272397 	train_loss	 0.43822232636198244
epoch 293
valid_auc	 0.8150772271146705 	train_auc	 0.8427563119379129
valid_accuracy	 0.7658669315654221 	train_accuracy	 0.7854489042273946
valid_loss	 0.4748180967248362 	train_loss	 0.43778665770307906
epoch 294
valid_auc	 0.8152186325280715 	train_auc	 0.8424371829467435
valid_accuracy	 0.7669034919126698 	train_accuracy	 0.7861796066572612
valid_loss	 0.47501095568717083 	train_loss	 0.43818693776088663
epoch 295
valid_auc	 0.8154056455834353 	train_auc	 0.842501030002639
valid_accuracy	 0.7675513421296997 	train_accuracy	 0.7861402611418069
valid_loss	 0.47494179333352415 	train_loss	 0.438004452743818
epoch 296
valid_auc	 0.8154726131149619 	train_auc	 0.8426021312862828
valid_accuracy	 0.7669682769343728 	train_accuracy	 0.7865505786601166
valid_loss	 0.4751182603191255 	train_loss	 0.43805995968193884
epoch 297
valid_auc	 0.8150896289669712 	train_auc	 0.8427482774985067
valid_accuracy	 0.7668387068909668 	train_accuracy	 0.7859997414437556
valid_loss	 0.4752492243693377 	train_loss	 0.4374931540941075
epoch 298
valid_auc	 0.8151506076578174 	train_auc	 0.8429677010226384
valid_accuracy	 0.7650247262832833 	train_accuracy	 0.7865899241755709
valid_loss	 0.4757421914537339 	train_loss	 0.43759927705074314
epoch 299
valid_auc	 0.8151407353880421 	train_auc	 0.8430208412373392
valid_accuracy	 0.7669034919126698 	train_accuracy	 0.7864775084171299
valid_loss	 0.4757109358417605 	train_loss	 0.4375407073576022
epoch 300
valid_auc	 0.8151682117813849 	train_auc	 0.8426999491686403
valid_accuracy	 0.7659749066015937 	train_accuracy	 0.7864775084171299
valid_loss	 0.4749855353340005 	train_loss	 0.4378852502815362


Start testing ......................
 Best epoch: 269

test_auc	 0.8191143043748593
test_accuracy	 0.7707332945503308
test_loss	 0.4685260326872075
