nohup: ignoring input
Namespace(batch_size=32, data_dir='./data/assist2009', data_name='assist2009', dataset_type='assist2009', decay_epoch=20, final_fc_dim=100, final_lr=1e-05, future_sequence_len=2, generate_files=0, gpu=0, init_lr=0.01, init_std=0.1, learning_trend_embed_dim=200, load='assist2009', lr=0.01, lr_decay=0, max_iter=300, maxgradnorm=50.0, memory_key_state_dim=50, memory_size=20, memory_value_state_dim=200, model_type='LSTMA', momentum=0.9, n_question=110, num_attention_heads=4, q_embed_dim=50, qa_embed_dim=200, read_dim=100, save='assist2009', seed=1, seqlen=200, show=True, similar_user_num=2, test=False, train_test=0, wd=1e-05)
./data/assist2009/assist2009_train1.csv
train_qa_data_shape:  (2697, 200)
valid_qa_data_shape:  (740, 200)
test_qa_data_shape:  (1481, 200)
device: 0
Epoch 1/300, loss : 0.64260, auc : 0.61689, accuracy : 0.66550
Epoch 1/300, valid auc : 0.75867, valid accuracy : 0.73575
0.0000 to 0.7587
test_auc: 0.7496	test_accuracy: 0.7321	test_loss: 0.5605	
Epoch 2/300, loss : 0.54574, auc : 0.75710, accuracy : 0.73764
Epoch 2/300, valid auc : 0.77974, valid accuracy : 0.74089
0.7587 to 0.7797
test_auc: 0.7714	test_accuracy: 0.7381	test_loss: 0.5439	
Epoch 3/300, loss : 0.53439, auc : 0.76844, accuracy : 0.74195
Epoch 3/300, valid auc : 0.78007, valid accuracy : 0.74350
0.7797 to 0.7801
test_auc: 0.7717	test_accuracy: 0.7377	test_loss: 0.5382	
Epoch 4/300, loss : 0.52778, auc : 0.77214, accuracy : 0.74481
Epoch 4/300, valid auc : 0.78485, valid accuracy : 0.74592
0.7801 to 0.7849
test_auc: 0.7780	test_accuracy: 0.7437	test_loss: 0.5340	
Epoch 5/300, loss : 0.52193, auc : 0.77586, accuracy : 0.74819
Epoch 5/300, valid auc : 0.78632, valid accuracy : 0.74792
0.7849 to 0.7863
test_auc: 0.7802	test_accuracy: 0.7460	test_loss: 0.5300	
Epoch 6/300, loss : 0.51793, auc : 0.77834, accuracy : 0.75057
Epoch 6/300, valid auc : 0.78748, valid accuracy : 0.74937
0.7863 to 0.7875
test_auc: 0.7820	test_accuracy: 0.7472	test_loss: 0.5270	
Epoch 7/300, loss : 0.51532, auc : 0.78014, accuracy : 0.75209
Epoch 7/300, valid auc : 0.78827, valid accuracy : 0.75015
0.7875 to 0.7883
test_auc: 0.7831	test_accuracy: 0.7482	test_loss: 0.5249	
Epoch 8/300, loss : 0.51350, auc : 0.78152, accuracy : 0.75333
Epoch 8/300, valid auc : 0.78889, valid accuracy : 0.75084
0.7883 to 0.7889
test_auc: 0.7838	test_accuracy: 0.7490	test_loss: 0.5235	
Epoch 9/300, loss : 0.51214, auc : 0.78260, accuracy : 0.75399
Epoch 9/300, valid auc : 0.78943, valid accuracy : 0.75133
0.7889 to 0.7894
test_auc: 0.7844	test_accuracy: 0.7494	test_loss: 0.5226	
Epoch 10/300, loss : 0.51102, auc : 0.78351, accuracy : 0.75456
Epoch 10/300, valid auc : 0.78988, valid accuracy : 0.75116
0.7894 to 0.7899
test_auc: 0.7849	test_accuracy: 0.7498	test_loss: 0.5219	
Epoch 11/300, loss : 0.51003, auc : 0.78433, accuracy : 0.75487
Epoch 11/300, valid auc : 0.79028, valid accuracy : 0.75051
0.7899 to 0.7903
test_auc: 0.7853	test_accuracy: 0.7501	test_loss: 0.5213	
Epoch 12/300, loss : 0.50911, auc : 0.78508, accuracy : 0.75552
Epoch 12/300, valid auc : 0.79064, valid accuracy : 0.75034
0.7903 to 0.7906
test_auc: 0.7858	test_accuracy: 0.7504	test_loss: 0.5208	
Epoch 13/300, loss : 0.50826, auc : 0.78578, accuracy : 0.75600
Epoch 13/300, valid auc : 0.79101, valid accuracy : 0.75034
0.7906 to 0.7910
test_auc: 0.7861	test_accuracy: 0.7505	test_loss: 0.5204	
Epoch 14/300, loss : 0.50745, auc : 0.78645, accuracy : 0.75625
Epoch 14/300, valid auc : 0.79138, valid accuracy : 0.75038
0.7910 to 0.7914
test_auc: 0.7865	test_accuracy: 0.7509	test_loss: 0.5201	
Epoch 15/300, loss : 0.50668, auc : 0.78709, accuracy : 0.75657
Epoch 15/300, valid auc : 0.79175, valid accuracy : 0.75032
0.7914 to 0.7917
test_auc: 0.7868	test_accuracy: 0.7508	test_loss: 0.5200	
Epoch 16/300, loss : 0.50593, auc : 0.78771, accuracy : 0.75687
Epoch 16/300, valid auc : 0.79211, valid accuracy : 0.75036
0.7917 to 0.7921
test_auc: 0.7870	test_accuracy: 0.7508	test_loss: 0.5198	
Epoch 17/300, loss : 0.50520, auc : 0.78830, accuracy : 0.75745
Epoch 17/300, valid auc : 0.79245, valid accuracy : 0.75074
0.7921 to 0.7925
test_auc: 0.7873	test_accuracy: 0.7508	test_loss: 0.5195	
Epoch 18/300, loss : 0.50448, auc : 0.78888, accuracy : 0.75783
Epoch 18/300, valid auc : 0.79279, valid accuracy : 0.75095
0.7925 to 0.7928
test_auc: 0.7876	test_accuracy: 0.7510	test_loss: 0.5191	
Epoch 19/300, loss : 0.50376, auc : 0.78946, accuracy : 0.75823
Epoch 19/300, valid auc : 0.79315, valid accuracy : 0.75107
0.7928 to 0.7932
test_auc: 0.7879	test_accuracy: 0.7511	test_loss: 0.5187	
Epoch 20/300, loss : 0.50303, auc : 0.79006, accuracy : 0.75840
Epoch 20/300, valid auc : 0.79354, valid accuracy : 0.75097
0.7932 to 0.7935
test_auc: 0.7882	test_accuracy: 0.7513	test_loss: 0.5182	
Epoch 21/300, loss : 0.50228, auc : 0.79068, accuracy : 0.75872
Epoch 21/300, valid auc : 0.79392, valid accuracy : 0.75147
0.7935 to 0.7939
test_auc: 0.7885	test_accuracy: 0.7513	test_loss: 0.5176	
Epoch 22/300, loss : 0.50151, auc : 0.79130, accuracy : 0.75875
Epoch 22/300, valid auc : 0.79431, valid accuracy : 0.75196
0.7939 to 0.7943
test_auc: 0.7888	test_accuracy: 0.7518	test_loss: 0.5170	
Epoch 23/300, loss : 0.50073, auc : 0.79193, accuracy : 0.75913
Epoch 23/300, valid auc : 0.79469, valid accuracy : 0.75234
0.7943 to 0.7947
test_auc: 0.7892	test_accuracy: 0.7521	test_loss: 0.5164	
Epoch 24/300, loss : 0.49995, auc : 0.79256, accuracy : 0.75923
Epoch 24/300, valid auc : 0.79507, valid accuracy : 0.75286
0.7947 to 0.7951
test_auc: 0.7896	test_accuracy: 0.7525	test_loss: 0.5156	
Epoch 25/300, loss : 0.49918, auc : 0.79317, accuracy : 0.75964
Epoch 25/300, valid auc : 0.79545, valid accuracy : 0.75303
0.7951 to 0.7954
test_auc: 0.7899	test_accuracy: 0.7527	test_loss: 0.5149	
Epoch 26/300, loss : 0.49842, auc : 0.79377, accuracy : 0.75994
Epoch 26/300, valid auc : 0.79583, valid accuracy : 0.75326
0.7954 to 0.7958
test_auc: 0.7902	test_accuracy: 0.7531	test_loss: 0.5143	
Epoch 27/300, loss : 0.49768, auc : 0.79436, accuracy : 0.76050
Epoch 27/300, valid auc : 0.79621, valid accuracy : 0.75373
0.7958 to 0.7962
test_auc: 0.7906	test_accuracy: 0.7537	test_loss: 0.5137	
Epoch 28/300, loss : 0.49696, auc : 0.79493, accuracy : 0.76093
Epoch 28/300, valid auc : 0.79657, valid accuracy : 0.75362
0.7962 to 0.7966
test_auc: 0.7909	test_accuracy: 0.7541	test_loss: 0.5133	
Epoch 29/300, loss : 0.49626, auc : 0.79549, accuracy : 0.76113
Epoch 29/300, valid auc : 0.79692, valid accuracy : 0.75389
0.7966 to 0.7969
test_auc: 0.7911	test_accuracy: 0.7542	test_loss: 0.5128	
Epoch 30/300, loss : 0.49558, auc : 0.79605, accuracy : 0.76142
Epoch 30/300, valid auc : 0.79726, valid accuracy : 0.75423
0.7969 to 0.7973
test_auc: 0.7914	test_accuracy: 0.7542	test_loss: 0.5123	
Epoch 31/300, loss : 0.49493, auc : 0.79658, accuracy : 0.76185
Epoch 31/300, valid auc : 0.79757, valid accuracy : 0.75450
0.7973 to 0.7976
test_auc: 0.7917	test_accuracy: 0.7546	test_loss: 0.5119	
Epoch 32/300, loss : 0.49429, auc : 0.79710, accuracy : 0.76214
Epoch 32/300, valid auc : 0.79788, valid accuracy : 0.75478
0.7976 to 0.7979
test_auc: 0.7919	test_accuracy: 0.7550	test_loss: 0.5115	
Epoch 33/300, loss : 0.49368, auc : 0.79760, accuracy : 0.76220
Epoch 33/300, valid auc : 0.79817, valid accuracy : 0.75505
0.7979 to 0.7982
test_auc: 0.7922	test_accuracy: 0.7552	test_loss: 0.5111	
Epoch 34/300, loss : 0.49309, auc : 0.79810, accuracy : 0.76252
Epoch 34/300, valid auc : 0.79845, valid accuracy : 0.75526
0.7982 to 0.7984
test_auc: 0.7924	test_accuracy: 0.7553	test_loss: 0.5107	
Epoch 35/300, loss : 0.49251, auc : 0.79858, accuracy : 0.76269
Epoch 35/300, valid auc : 0.79871, valid accuracy : 0.75558
0.7984 to 0.7987
test_auc: 0.7927	test_accuracy: 0.7556	test_loss: 0.5103	
Epoch 36/300, loss : 0.49195, auc : 0.79906, accuracy : 0.76289
Epoch 36/300, valid auc : 0.79897, valid accuracy : 0.75570
0.7987 to 0.7990
test_auc: 0.7929	test_accuracy: 0.7556	test_loss: 0.5099	
Epoch 37/300, loss : 0.49140, auc : 0.79952, accuracy : 0.76312
Epoch 37/300, valid auc : 0.79922, valid accuracy : 0.75566
0.7990 to 0.7992
test_auc: 0.7931	test_accuracy: 0.7557	test_loss: 0.5096	
Epoch 38/300, loss : 0.49087, auc : 0.79998, accuracy : 0.76327
Epoch 38/300, valid auc : 0.79947, valid accuracy : 0.75581
0.7992 to 0.7995
test_auc: 0.7933	test_accuracy: 0.7557	test_loss: 0.5092	
Epoch 39/300, loss : 0.49036, auc : 0.80041, accuracy : 0.76342
Epoch 39/300, valid auc : 0.79969, valid accuracy : 0.75596
0.7995 to 0.7997
test_auc: 0.7935	test_accuracy: 0.7557	test_loss: 0.5088	
Epoch 40/300, loss : 0.48986, auc : 0.80082, accuracy : 0.76366
Epoch 40/300, valid auc : 0.79989, valid accuracy : 0.75636
0.7997 to 0.7999
test_auc: 0.7937	test_accuracy: 0.7560	test_loss: 0.5085	
Epoch 41/300, loss : 0.48939, auc : 0.80121, accuracy : 0.76374
Epoch 41/300, valid auc : 0.80006, valid accuracy : 0.75661
0.7999 to 0.8001
test_auc: 0.7939	test_accuracy: 0.7563	test_loss: 0.5081	
Epoch 42/300, loss : 0.48896, auc : 0.80157, accuracy : 0.76406
Epoch 42/300, valid auc : 0.80019, valid accuracy : 0.75709
0.8001 to 0.8002
test_auc: 0.7940	test_accuracy: 0.7566	test_loss: 0.5078	
Epoch 43/300, loss : 0.48853, auc : 0.80193, accuracy : 0.76410
Epoch 43/300, valid auc : 0.80029, valid accuracy : 0.75758
0.8002 to 0.8003
test_auc: 0.7941	test_accuracy: 0.7566	test_loss: 0.5076	
Epoch 44/300, loss : 0.48810, auc : 0.80229, accuracy : 0.76437
Epoch 44/300, valid auc : 0.80055, valid accuracy : 0.75789
0.8003 to 0.8005
test_auc: 0.7943	test_accuracy: 0.7574	test_loss: 0.5076	
Epoch 45/300, loss : 0.48763, auc : 0.80265, accuracy : 0.76432
Epoch 45/300, valid auc : 0.80048, valid accuracy : 0.75758
Epoch 46/300, loss : 0.48721, auc : 0.80300, accuracy : 0.76451
Epoch 46/300, valid auc : 0.80071, valid accuracy : 0.75800
0.8005 to 0.8007
test_auc: 0.7944	test_accuracy: 0.7576	test_loss: 0.5070	
Epoch 47/300, loss : 0.48671, auc : 0.80337, accuracy : 0.76478
Epoch 47/300, valid auc : 0.80055, valid accuracy : 0.75756
Epoch 48/300, loss : 0.48630, auc : 0.80370, accuracy : 0.76504
Epoch 48/300, valid auc : 0.80068, valid accuracy : 0.75787
Epoch 49/300, loss : 0.48586, auc : 0.80405, accuracy : 0.76518
Epoch 49/300, valid auc : 0.80079, valid accuracy : 0.75783
0.8007 to 0.8008
test_auc: 0.7946	test_accuracy: 0.7576	test_loss: 0.5064	
Epoch 50/300, loss : 0.48540, auc : 0.80440, accuracy : 0.76534
Epoch 50/300, valid auc : 0.80086, valid accuracy : 0.75802
0.8008 to 0.8009
test_auc: 0.7947	test_accuracy: 0.7578	test_loss: 0.5062	
Epoch 51/300, loss : 0.48498, auc : 0.80473, accuracy : 0.76555
Epoch 51/300, valid auc : 0.80089, valid accuracy : 0.75819
0.8009 to 0.8009
test_auc: 0.7947	test_accuracy: 0.7578	test_loss: 0.5061	
Epoch 52/300, loss : 0.48457, auc : 0.80505, accuracy : 0.76583
Epoch 52/300, valid auc : 0.80094, valid accuracy : 0.75857
0.8009 to 0.8009
test_auc: 0.7947	test_accuracy: 0.7579	test_loss: 0.5060	
Epoch 53/300, loss : 0.48415, auc : 0.80538, accuracy : 0.76616
Epoch 53/300, valid auc : 0.80095, valid accuracy : 0.75844
0.8009 to 0.8010
test_auc: 0.7947	test_accuracy: 0.7577	test_loss: 0.5060	
Epoch 54/300, loss : 0.48375, auc : 0.80569, accuracy : 0.76631
Epoch 54/300, valid auc : 0.80096, valid accuracy : 0.75840
0.8010 to 0.8010
test_auc: 0.7946	test_accuracy: 0.7577	test_loss: 0.5060	
Epoch 55/300, loss : 0.48333, auc : 0.80601, accuracy : 0.76656
Epoch 55/300, valid auc : 0.80089, valid accuracy : 0.75836
Epoch 56/300, loss : 0.48292, auc : 0.80631, accuracy : 0.76679
Epoch 56/300, valid auc : 0.80087, valid accuracy : 0.75802
Epoch 57/300, loss : 0.48250, auc : 0.80663, accuracy : 0.76700
Epoch 57/300, valid auc : 0.80087, valid accuracy : 0.75794
Epoch 58/300, loss : 0.48209, auc : 0.80694, accuracy : 0.76701
Epoch 58/300, valid auc : 0.80092, valid accuracy : 0.75785
Epoch 59/300, loss : 0.48168, auc : 0.80724, accuracy : 0.76730
Epoch 59/300, valid auc : 0.80091, valid accuracy : 0.75779
Epoch 60/300, loss : 0.48128, auc : 0.80755, accuracy : 0.76748
Epoch 60/300, valid auc : 0.80098, valid accuracy : 0.75812
0.8010 to 0.8010
test_auc: 0.7946	test_accuracy: 0.7585	test_loss: 0.5057	
Epoch 61/300, loss : 0.48089, auc : 0.80783, accuracy : 0.76764
Epoch 61/300, valid auc : 0.80094, valid accuracy : 0.75800
Epoch 62/300, loss : 0.48051, auc : 0.80812, accuracy : 0.76778
Epoch 62/300, valid auc : 0.80098, valid accuracy : 0.75815
0.8010 to 0.8010
test_auc: 0.7946	test_accuracy: 0.7586	test_loss: 0.5057	
Epoch 63/300, loss : 0.48012, auc : 0.80841, accuracy : 0.76798
Epoch 63/300, valid auc : 0.80103, valid accuracy : 0.75836
0.8010 to 0.8010
test_auc: 0.7946	test_accuracy: 0.7585	test_loss: 0.5056	
Epoch 64/300, loss : 0.47974, auc : 0.80869, accuracy : 0.76826
Epoch 64/300, valid auc : 0.80103, valid accuracy : 0.75821
0.8010 to 0.8010
test_auc: 0.7946	test_accuracy: 0.7585	test_loss: 0.5057	
Epoch 65/300, loss : 0.47937, auc : 0.80898, accuracy : 0.76852
Epoch 65/300, valid auc : 0.80108, valid accuracy : 0.75825
0.8010 to 0.8011
test_auc: 0.7947	test_accuracy: 0.7583	test_loss: 0.5056	
Epoch 66/300, loss : 0.47900, auc : 0.80923, accuracy : 0.76873
Epoch 66/300, valid auc : 0.80113, valid accuracy : 0.75819
0.8011 to 0.8011
test_auc: 0.7947	test_accuracy: 0.7583	test_loss: 0.5057	
Epoch 67/300, loss : 0.47861, auc : 0.80953, accuracy : 0.76892
Epoch 67/300, valid auc : 0.80114, valid accuracy : 0.75844
0.8011 to 0.8011
test_auc: 0.7947	test_accuracy: 0.7583	test_loss: 0.5057	
Epoch 68/300, loss : 0.47845, auc : 0.80979, accuracy : 0.76909
Epoch 68/300, valid auc : 0.79599, valid accuracy : 0.75429
Epoch 69/300, loss : 0.48075, auc : 0.80812, accuracy : 0.76769
Epoch 69/300, valid auc : 0.80182, valid accuracy : 0.75838
0.8011 to 0.8018
test_auc: 0.7954	test_accuracy: 0.7588	test_loss: 0.5046	
Epoch 70/300, loss : 0.47832, auc : 0.81004, accuracy : 0.76918
Epoch 70/300, valid auc : 0.80159, valid accuracy : 0.75810
Epoch 71/300, loss : 0.47768, auc : 0.81044, accuracy : 0.76952
Epoch 71/300, valid auc : 0.80173, valid accuracy : 0.75789
Epoch 72/300, loss : 0.47721, auc : 0.81077, accuracy : 0.76974
Epoch 72/300, valid auc : 0.80174, valid accuracy : 0.75791
Epoch 73/300, loss : 0.47675, auc : 0.81107, accuracy : 0.77020
Epoch 73/300, valid auc : 0.80166, valid accuracy : 0.75775
Epoch 74/300, loss : 0.47631, auc : 0.81139, accuracy : 0.77014
Epoch 74/300, valid auc : 0.80154, valid accuracy : 0.75785
Epoch 75/300, loss : 0.47591, auc : 0.81170, accuracy : 0.77043
Epoch 75/300, valid auc : 0.80143, valid accuracy : 0.75768
Epoch 76/300, loss : 0.47815, auc : 0.81032, accuracy : 0.76969
Epoch 76/300, valid auc : 0.80294, valid accuracy : 0.75930
0.8018 to 0.8029
test_auc: 0.7960	test_accuracy: 0.7585	test_loss: 0.5040	
Epoch 77/300, loss : 0.47658, auc : 0.81151, accuracy : 0.77044
Epoch 77/300, valid auc : 0.80190, valid accuracy : 0.75846
Epoch 78/300, loss : 0.47570, auc : 0.81202, accuracy : 0.77074
Epoch 78/300, valid auc : 0.80137, valid accuracy : 0.75791
Epoch 79/300, loss : 0.47509, auc : 0.81241, accuracy : 0.77094
Epoch 79/300, valid auc : 0.80110, valid accuracy : 0.75794
Epoch 80/300, loss : 0.47460, auc : 0.81273, accuracy : 0.77110
Epoch 80/300, valid auc : 0.80093, valid accuracy : 0.75741
Epoch 81/300, loss : 0.47421, auc : 0.81303, accuracy : 0.77137
Epoch 81/300, valid auc : 0.80100, valid accuracy : 0.75726
Epoch 82/300, loss : 0.47378, auc : 0.81331, accuracy : 0.77146
Epoch 82/300, valid auc : 0.80087, valid accuracy : 0.75703
Epoch 83/300, loss : 0.47328, auc : 0.81364, accuracy : 0.77174
Epoch 83/300, valid auc : 0.80092, valid accuracy : 0.75678
Epoch 84/300, loss : 0.47289, auc : 0.81386, accuracy : 0.77192
Epoch 84/300, valid auc : 0.80067, valid accuracy : 0.75711
Epoch 85/300, loss : 0.47243, auc : 0.81421, accuracy : 0.77209
Epoch 85/300, valid auc : 0.80091, valid accuracy : 0.75682
Epoch 86/300, loss : 0.47206, auc : 0.81443, accuracy : 0.77231
Epoch 86/300, valid auc : 0.80062, valid accuracy : 0.75693
Epoch 87/300, loss : 0.47158, auc : 0.81479, accuracy : 0.77248
Epoch 87/300, valid auc : 0.80080, valid accuracy : 0.75724
Epoch 88/300, loss : 0.47143, auc : 0.81492, accuracy : 0.77245
Epoch 88/300, valid auc : 0.80117, valid accuracy : 0.75735
Epoch 89/300, loss : 0.47087, auc : 0.81522, accuracy : 0.77279
Epoch 89/300, valid auc : 0.80067, valid accuracy : 0.75644
Epoch 90/300, loss : 0.47047, auc : 0.81558, accuracy : 0.77326
Epoch 90/300, valid auc : 0.80122, valid accuracy : 0.75751
Epoch 91/300, loss : 0.47002, auc : 0.81580, accuracy : 0.77338
Epoch 91/300, valid auc : 0.80068, valid accuracy : 0.75697
Epoch 92/300, loss : 0.46974, auc : 0.81610, accuracy : 0.77355
Epoch 92/300, valid auc : 0.80116, valid accuracy : 0.75699
Epoch 93/300, loss : 0.46926, auc : 0.81630, accuracy : 0.77365
Epoch 93/300, valid auc : 0.80064, valid accuracy : 0.75699
Epoch 94/300, loss : 0.46871, auc : 0.81673, accuracy : 0.77386
Epoch 94/300, valid auc : 0.80083, valid accuracy : 0.75657
Epoch 95/300, loss : 0.46885, auc : 0.81669, accuracy : 0.77391
Epoch 95/300, valid auc : 0.80108, valid accuracy : 0.75739
Epoch 96/300, loss : 0.46839, auc : 0.81712, accuracy : 0.77419
Epoch 96/300, valid auc : 0.79978, valid accuracy : 0.75636
Epoch 97/300, loss : 0.46770, auc : 0.81742, accuracy : 0.77441
Epoch 97/300, valid auc : 0.80071, valid accuracy : 0.75627
Epoch 98/300, loss : 0.46705, auc : 0.81784, accuracy : 0.77455
Epoch 98/300, valid auc : 0.80030, valid accuracy : 0.75610
Epoch 99/300, loss : 0.46689, auc : 0.81804, accuracy : 0.77470
Epoch 99/300, valid auc : 0.80016, valid accuracy : 0.75566
Epoch 100/300, loss : 0.46651, auc : 0.81822, accuracy : 0.77496
Epoch 100/300, valid auc : 0.79988, valid accuracy : 0.75602
Epoch 101/300, loss : 0.46569, auc : 0.81872, accuracy : 0.77501
Epoch 101/300, valid auc : 0.79997, valid accuracy : 0.75566
Epoch 102/300, loss : 0.46556, auc : 0.81885, accuracy : 0.77514
Epoch 102/300, valid auc : 0.79954, valid accuracy : 0.75575
Epoch 103/300, loss : 0.46495, auc : 0.81915, accuracy : 0.77590
Epoch 103/300, valid auc : 0.80003, valid accuracy : 0.75598
Epoch 104/300, loss : 0.46454, auc : 0.81946, accuracy : 0.77601
Epoch 104/300, valid auc : 0.79912, valid accuracy : 0.75556
Epoch 105/300, loss : 0.46434, auc : 0.81978, accuracy : 0.77592
Epoch 105/300, valid auc : 0.79886, valid accuracy : 0.75505
Epoch 106/300, loss : 0.46403, auc : 0.82005, accuracy : 0.77615
Epoch 106/300, valid auc : 0.79900, valid accuracy : 0.75514
Epoch 107/300, loss : 0.46353, auc : 0.82021, accuracy : 0.77633
Epoch 107/300, valid auc : 0.79849, valid accuracy : 0.75484
Epoch 108/300, loss : 0.46252, auc : 0.82076, accuracy : 0.77660
Epoch 108/300, valid auc : 0.79842, valid accuracy : 0.75450
Epoch 109/300, loss : 0.46244, auc : 0.82081, accuracy : 0.77689
Epoch 109/300, valid auc : 0.79835, valid accuracy : 0.75591
Epoch 110/300, loss : 0.46166, auc : 0.82133, accuracy : 0.77755
Epoch 110/300, valid auc : 0.79772, valid accuracy : 0.75467
Epoch 111/300, loss : 0.46104, auc : 0.82177, accuracy : 0.77746
Epoch 111/300, valid auc : 0.79755, valid accuracy : 0.75490
Epoch 112/300, loss : 0.46125, auc : 0.82169, accuracy : 0.77748
Epoch 112/300, valid auc : 0.79728, valid accuracy : 0.75463
Epoch 113/300, loss : 0.46263, auc : 0.82089, accuracy : 0.77722
Epoch 113/300, valid auc : 0.79871, valid accuracy : 0.75562
Epoch 114/300, loss : 0.46032, auc : 0.82234, accuracy : 0.77791
Epoch 114/300, valid auc : 0.79733, valid accuracy : 0.75423
Epoch 115/300, loss : 0.45981, auc : 0.82273, accuracy : 0.77830
Epoch 115/300, valid auc : 0.79752, valid accuracy : 0.75488
Epoch 116/300, loss : 0.45967, auc : 0.82293, accuracy : 0.77820
Epoch 116/300, valid auc : 0.79741, valid accuracy : 0.75488
Epoch 117/300, loss : 0.45939, auc : 0.82315, accuracy : 0.77860
Epoch 117/300, valid auc : 0.79707, valid accuracy : 0.75459
Epoch 118/300, loss : 0.46547, auc : 0.81922, accuracy : 0.77548
Epoch 118/300, valid auc : 0.79803, valid accuracy : 0.75444
Epoch 119/300, loss : 0.46025, auc : 0.82253, accuracy : 0.77806
Epoch 119/300, valid auc : 0.79714, valid accuracy : 0.75463
Epoch 120/300, loss : 0.45851, auc : 0.82359, accuracy : 0.77884
Epoch 120/300, valid auc : 0.79658, valid accuracy : 0.75410
Epoch 121/300, loss : 0.45748, auc : 0.82421, accuracy : 0.77914
Epoch 121/300, valid auc : 0.79547, valid accuracy : 0.75345
Epoch 122/300, loss : 0.45649, auc : 0.82469, accuracy : 0.77971
Epoch 122/300, valid auc : 0.79514, valid accuracy : 0.75339
Epoch 123/300, loss : 0.45607, auc : 0.82492, accuracy : 0.78011
Epoch 123/300, valid auc : 0.79430, valid accuracy : 0.75301
Epoch 124/300, loss : 0.45584, auc : 0.82522, accuracy : 0.77957
Epoch 124/300, valid auc : 0.79476, valid accuracy : 0.75320
Epoch 125/300, loss : 0.45562, auc : 0.82554, accuracy : 0.77974
Epoch 125/300, valid auc : 0.79460, valid accuracy : 0.75309
Epoch 126/300, loss : 0.45448, auc : 0.82603, accuracy : 0.78076
Epoch 126/300, valid auc : 0.79367, valid accuracy : 0.75229
Epoch 127/300, loss : 0.45342, auc : 0.82667, accuracy : 0.78118
Epoch 127/300, valid auc : 0.79329, valid accuracy : 0.75152
Epoch 128/300, loss : 0.45311, auc : 0.82665, accuracy : 0.78120
Epoch 128/300, valid auc : 0.79278, valid accuracy : 0.75253
Epoch 129/300, loss : 0.45257, auc : 0.82710, accuracy : 0.78159
Epoch 129/300, valid auc : 0.79238, valid accuracy : 0.75107
Epoch 130/300, loss : 0.45250, auc : 0.82734, accuracy : 0.78146
Epoch 130/300, valid auc : 0.79314, valid accuracy : 0.75187
Epoch 131/300, loss : 0.45111, auc : 0.82789, accuracy : 0.78212
Epoch 131/300, valid auc : 0.79216, valid accuracy : 0.75194
Epoch 132/300, loss : 0.45040, auc : 0.82838, accuracy : 0.78248
Epoch 132/300, valid auc : 0.79136, valid accuracy : 0.75074
Epoch 133/300, loss : 0.45077, auc : 0.82835, accuracy : 0.78265
Epoch 133/300, valid auc : 0.79099, valid accuracy : 0.75105
Epoch 134/300, loss : 0.44969, auc : 0.82895, accuracy : 0.78316
Epoch 134/300, valid auc : 0.79099, valid accuracy : 0.75057
Epoch 135/300, loss : 0.44876, auc : 0.82952, accuracy : 0.78335
Epoch 135/300, valid auc : 0.79069, valid accuracy : 0.75032
Epoch 136/300, loss : 0.44963, auc : 0.82923, accuracy : 0.78263
Epoch 136/300, valid auc : 0.79133, valid accuracy : 0.75112
Epoch 137/300, loss : 0.44910, auc : 0.82953, accuracy : 0.78331
Epoch 137/300, valid auc : 0.78998, valid accuracy : 0.75006
Epoch 138/300, loss : 0.44705, auc : 0.83060, accuracy : 0.78451
Epoch 138/300, valid auc : 0.78933, valid accuracy : 0.74979
Epoch 139/300, loss : 0.44633, auc : 0.83101, accuracy : 0.78464
Epoch 139/300, valid auc : 0.78886, valid accuracy : 0.74952
Epoch 140/300, loss : 0.44802, auc : 0.83029, accuracy : 0.78385
Epoch 140/300, valid auc : 0.79058, valid accuracy : 0.75139
Epoch 141/300, loss : 0.44666, auc : 0.83106, accuracy : 0.78502
Epoch 141/300, valid auc : 0.79033, valid accuracy : 0.75048
Epoch 142/300, loss : 0.44417, auc : 0.83230, accuracy : 0.78579
Epoch 142/300, valid auc : 0.78810, valid accuracy : 0.74914
Epoch 143/300, loss : 0.44390, auc : 0.83259, accuracy : 0.78585
Epoch 143/300, valid auc : 0.78754, valid accuracy : 0.74884
Epoch 144/300, loss : 0.44328, auc : 0.83287, accuracy : 0.78601
Epoch 144/300, valid auc : 0.78780, valid accuracy : 0.74933
Epoch 145/300, loss : 0.44414, auc : 0.83268, accuracy : 0.78623
Epoch 145/300, valid auc : 0.78720, valid accuracy : 0.74766
Epoch 146/300, loss : 0.44269, auc : 0.83332, accuracy : 0.78666
Epoch 146/300, valid auc : 0.78661, valid accuracy : 0.74846
Epoch 147/300, loss : 0.44126, auc : 0.83405, accuracy : 0.78676
Epoch 147/300, valid auc : 0.78733, valid accuracy : 0.74878
Epoch 148/300, loss : 0.44008, auc : 0.83480, accuracy : 0.78769
Epoch 148/300, valid auc : 0.78561, valid accuracy : 0.74796
Epoch 149/300, loss : 0.43940, auc : 0.83522, accuracy : 0.78797
Epoch 149/300, valid auc : 0.78536, valid accuracy : 0.74665
Epoch 150/300, loss : 0.43946, auc : 0.83529, accuracy : 0.78778
Epoch 150/300, valid auc : 0.78414, valid accuracy : 0.74747
Epoch 151/300, loss : 0.43834, auc : 0.83590, accuracy : 0.78840
Epoch 151/300, valid auc : 0.78445, valid accuracy : 0.74762
Epoch 152/300, loss : 0.43697, auc : 0.83652, accuracy : 0.78917
Epoch 152/300, valid auc : 0.78451, valid accuracy : 0.74667
Epoch 153/300, loss : 0.43810, auc : 0.83636, accuracy : 0.78799
Epoch 153/300, valid auc : 0.78457, valid accuracy : 0.74758
Epoch 154/300, loss : 0.43848, auc : 0.83617, accuracy : 0.78886
Epoch 154/300, valid auc : 0.78622, valid accuracy : 0.74844
Epoch 155/300, loss : 0.43972, auc : 0.83621, accuracy : 0.78843
Epoch 155/300, valid auc : 0.78450, valid accuracy : 0.74638
Epoch 156/300, loss : 0.43478, auc : 0.83824, accuracy : 0.79007
Epoch 156/300, valid auc : 0.78164, valid accuracy : 0.74432
Epoch 157/300, loss : 0.43330, auc : 0.83892, accuracy : 0.79074
Epoch 157/300, valid auc : 0.78046, valid accuracy : 0.74419
Epoch 158/300, loss : 0.43296, auc : 0.83901, accuracy : 0.79056
Epoch 158/300, valid auc : 0.78194, valid accuracy : 0.74581
Epoch 159/300, loss : 0.43324, auc : 0.83915, accuracy : 0.79038
Epoch 159/300, valid auc : 0.78066, valid accuracy : 0.74474
Epoch 160/300, loss : 0.43279, auc : 0.83948, accuracy : 0.79144
Epoch 160/300, valid auc : 0.78143, valid accuracy : 0.74545
Epoch 161/300, loss : 0.43119, auc : 0.84052, accuracy : 0.79149
Epoch 161/300, valid auc : 0.78051, valid accuracy : 0.74592
Epoch 162/300, loss : 0.43078, auc : 0.84057, accuracy : 0.79230
Epoch 162/300, valid auc : 0.77923, valid accuracy : 0.74402
Epoch 163/300, loss : 0.42948, auc : 0.84136, accuracy : 0.79249
Epoch 163/300, valid auc : 0.77952, valid accuracy : 0.74318
Epoch 164/300, loss : 0.42903, auc : 0.84191, accuracy : 0.79263
Epoch 164/300, valid auc : 0.77860, valid accuracy : 0.74438
Epoch 165/300, loss : 0.42756, auc : 0.84239, accuracy : 0.79333
Epoch 165/300, valid auc : 0.77837, valid accuracy : 0.74331
Epoch 166/300, loss : 0.42970, auc : 0.84182, accuracy : 0.79282
Epoch 166/300, valid auc : 0.77940, valid accuracy : 0.74385
Epoch 167/300, loss : 0.42715, auc : 0.84292, accuracy : 0.79360
Epoch 167/300, valid auc : 0.77968, valid accuracy : 0.74472
Epoch 168/300, loss : 0.42680, auc : 0.84311, accuracy : 0.79376
Epoch 168/300, valid auc : 0.77707, valid accuracy : 0.74133
Epoch 169/300, loss : 0.42711, auc : 0.84317, accuracy : 0.79366
Epoch 169/300, valid auc : 0.77579, valid accuracy : 0.74137
Epoch 170/300, loss : 0.42510, auc : 0.84427, accuracy : 0.79455
Epoch 170/300, valid auc : 0.77622, valid accuracy : 0.74385
Epoch 171/300, loss : 0.42392, auc : 0.84473, accuracy : 0.79478
Epoch 171/300, valid auc : 0.77668, valid accuracy : 0.74181
Epoch 172/300, loss : 0.42474, auc : 0.84485, accuracy : 0.79472
Epoch 172/300, valid auc : 0.77541, valid accuracy : 0.74156
Epoch 173/300, loss : 0.42285, auc : 0.84556, accuracy : 0.79536
Epoch 173/300, valid auc : 0.77536, valid accuracy : 0.74295
Epoch 174/300, loss : 0.42097, auc : 0.84654, accuracy : 0.79666
Epoch 174/300, valid auc : 0.77233, valid accuracy : 0.73929
Epoch 175/300, loss : 0.42100, auc : 0.84658, accuracy : 0.79632
Epoch 175/300, valid auc : 0.77348, valid accuracy : 0.74097
Epoch 176/300, loss : 0.42056, auc : 0.84692, accuracy : 0.79682
Epoch 176/300, valid auc : 0.77373, valid accuracy : 0.73966
Epoch 177/300, loss : 0.41905, auc : 0.84763, accuracy : 0.79742
Epoch 177/300, valid auc : 0.77131, valid accuracy : 0.73977
Epoch 178/300, loss : 0.41737, auc : 0.84869, accuracy : 0.79815
Epoch 178/300, valid auc : 0.77141, valid accuracy : 0.73962
Epoch 179/300, loss : 0.41926, auc : 0.84792, accuracy : 0.79750
Epoch 179/300, valid auc : 0.77121, valid accuracy : 0.73933
Epoch 180/300, loss : 0.41900, auc : 0.84812, accuracy : 0.79729
Epoch 180/300, valid auc : 0.77077, valid accuracy : 0.73950
Epoch 181/300, loss : 0.41668, auc : 0.84936, accuracy : 0.79893
Epoch 181/300, valid auc : 0.77045, valid accuracy : 0.73912
Epoch 182/300, loss : 0.41894, auc : 0.84816, accuracy : 0.79767
Epoch 182/300, valid auc : 0.77125, valid accuracy : 0.73994
Epoch 183/300, loss : 0.41563, auc : 0.84990, accuracy : 0.79893
Epoch 183/300, valid auc : 0.76943, valid accuracy : 0.73865
Epoch 184/300, loss : 0.41437, auc : 0.85060, accuracy : 0.79963
Epoch 184/300, valid auc : 0.77012, valid accuracy : 0.73870
Epoch 185/300, loss : 0.41223, auc : 0.85184, accuracy : 0.80065
Epoch 185/300, valid auc : 0.76749, valid accuracy : 0.73722
Epoch 186/300, loss : 0.41259, auc : 0.85181, accuracy : 0.80067
Epoch 186/300, valid auc : 0.76596, valid accuracy : 0.73729
Epoch 187/300, loss : 0.41715, auc : 0.84921, accuracy : 0.79823
Epoch 187/300, valid auc : 0.77088, valid accuracy : 0.73985
Epoch 188/300, loss : 0.41287, auc : 0.85145, accuracy : 0.80001
Epoch 188/300, valid auc : 0.76890, valid accuracy : 0.73870
Epoch 189/300, loss : 0.41061, auc : 0.85280, accuracy : 0.80142
Epoch 189/300, valid auc : 0.76751, valid accuracy : 0.73868
Epoch 190/300, loss : 0.41078, auc : 0.85264, accuracy : 0.80145
Epoch 190/300, valid auc : 0.76597, valid accuracy : 0.73830
Epoch 191/300, loss : 0.41033, auc : 0.85333, accuracy : 0.80161
Epoch 191/300, valid auc : 0.76537, valid accuracy : 0.73661
Epoch 192/300, loss : 0.41241, auc : 0.85267, accuracy : 0.80164
Epoch 192/300, valid auc : 0.77545, valid accuracy : 0.74276
Epoch 193/300, loss : 0.41728, auc : 0.85010, accuracy : 0.79842
Epoch 193/300, valid auc : 0.76830, valid accuracy : 0.73767
Epoch 194/300, loss : 0.40712, auc : 0.85507, accuracy : 0.80298
Epoch 194/300, valid auc : 0.76314, valid accuracy : 0.73665
Epoch 195/300, loss : 0.40479, auc : 0.85623, accuracy : 0.80363
Epoch 195/300, valid auc : 0.76251, valid accuracy : 0.73613
Epoch 196/300, loss : 0.40611, auc : 0.85554, accuracy : 0.80299
Epoch 196/300, valid auc : 0.76361, valid accuracy : 0.73705
Epoch 197/300, loss : 0.40557, auc : 0.85583, accuracy : 0.80331
Epoch 197/300, valid auc : 0.76321, valid accuracy : 0.73543
Epoch 198/300, loss : 0.40464, auc : 0.85658, accuracy : 0.80425
Epoch 198/300, valid auc : 0.76233, valid accuracy : 0.73569
Epoch 199/300, loss : 0.40358, auc : 0.85717, accuracy : 0.80483
Epoch 199/300, valid auc : 0.76012, valid accuracy : 0.73484
Epoch 200/300, loss : 0.40275, auc : 0.85753, accuracy : 0.80480
Epoch 200/300, valid auc : 0.75927, valid accuracy : 0.73541
Epoch 201/300, loss : 0.40051, auc : 0.85854, accuracy : 0.80565
Epoch 201/300, valid auc : 0.75930, valid accuracy : 0.73396
Epoch 202/300, loss : 0.40016, auc : 0.85877, accuracy : 0.80614
Epoch 202/300, valid auc : 0.75659, valid accuracy : 0.73440
Epoch 203/300, loss : 0.40094, auc : 0.85863, accuracy : 0.80607
Epoch 203/300, valid auc : 0.76213, valid accuracy : 0.73602
Epoch 204/300, loss : 0.40162, auc : 0.85793, accuracy : 0.80545
Epoch 204/300, valid auc : 0.76193, valid accuracy : 0.73537
Epoch 205/300, loss : 0.40012, auc : 0.85881, accuracy : 0.80631
Epoch 205/300, valid auc : 0.76026, valid accuracy : 0.73343
Epoch 206/300, loss : 0.39801, auc : 0.86020, accuracy : 0.80706
Epoch 206/300, valid auc : 0.75586, valid accuracy : 0.73303
Epoch 207/300, loss : 0.40026, auc : 0.85908, accuracy : 0.80643
Epoch 207/300, valid auc : 0.76084, valid accuracy : 0.73390
Epoch 208/300, loss : 0.39920, auc : 0.85954, accuracy : 0.80652
Epoch 208/300, valid auc : 0.75537, valid accuracy : 0.73314
Epoch 209/300, loss : 0.39660, auc : 0.86087, accuracy : 0.80809
Epoch 209/300, valid auc : 0.75686, valid accuracy : 0.73226
Epoch 210/300, loss : 0.39498, auc : 0.86191, accuracy : 0.80849
Epoch 210/300, valid auc : 0.75550, valid accuracy : 0.73426
Epoch 211/300, loss : 0.39462, auc : 0.86191, accuracy : 0.80887
Epoch 211/300, valid auc : 0.75518, valid accuracy : 0.73150
Epoch 212/300, loss : 0.39536, auc : 0.86199, accuracy : 0.80917
Epoch 212/300, valid auc : 0.75762, valid accuracy : 0.73356
Epoch 213/300, loss : 0.39687, auc : 0.86141, accuracy : 0.80811
Epoch 213/300, valid auc : 0.75361, valid accuracy : 0.73369
Epoch 214/300, loss : 0.39389, auc : 0.86288, accuracy : 0.80962
Epoch 214/300, valid auc : 0.75364, valid accuracy : 0.73091
Epoch 215/300, loss : 0.39194, auc : 0.86377, accuracy : 0.81008
Epoch 215/300, valid auc : 0.75370, valid accuracy : 0.73097
Epoch 216/300, loss : 0.39336, auc : 0.86176, accuracy : 0.80856
Epoch 216/300, valid auc : 0.75131, valid accuracy : 0.72948
Epoch 217/300, loss : 0.39120, auc : 0.86387, accuracy : 0.81040
Epoch 217/300, valid auc : 0.75458, valid accuracy : 0.73236
Epoch 218/300, loss : 0.39029, auc : 0.86471, accuracy : 0.81094
Epoch 218/300, valid auc : 0.75055, valid accuracy : 0.73209
Epoch 219/300, loss : 0.38941, auc : 0.86510, accuracy : 0.81128
Epoch 219/300, valid auc : 0.75127, valid accuracy : 0.73209
Epoch 220/300, loss : 0.39689, auc : 0.86277, accuracy : 0.80952
Epoch 220/300, valid auc : 0.76329, valid accuracy : 0.73642
Epoch 221/300, loss : 0.39536, auc : 0.86260, accuracy : 0.80895
Epoch 221/300, valid auc : 0.75646, valid accuracy : 0.73177
Epoch 222/300, loss : 0.38915, auc : 0.86566, accuracy : 0.81156
Epoch 222/300, valid auc : 0.75141, valid accuracy : 0.73021
Epoch 223/300, loss : 0.38621, auc : 0.86693, accuracy : 0.81308
Epoch 223/300, valid auc : 0.75128, valid accuracy : 0.72967
Epoch 224/300, loss : 0.38561, auc : 0.86736, accuracy : 0.81330
Epoch 224/300, valid auc : 0.74648, valid accuracy : 0.72920
Epoch 225/300, loss : 0.38584, auc : 0.86733, accuracy : 0.81308
Epoch 225/300, valid auc : 0.74655, valid accuracy : 0.72607
Epoch 226/300, loss : 0.38689, auc : 0.86693, accuracy : 0.81266
Epoch 226/300, valid auc : 0.75214, valid accuracy : 0.73070
Epoch 227/300, loss : 0.38539, auc : 0.86776, accuracy : 0.81367
Epoch 227/300, valid auc : 0.74367, valid accuracy : 0.72680
Epoch 228/300, loss : 0.38360, auc : 0.86802, accuracy : 0.81393
Epoch 228/300, valid auc : 0.74788, valid accuracy : 0.73093
Epoch 229/300, loss : 0.38206, auc : 0.86888, accuracy : 0.81523
Epoch 229/300, valid auc : 0.74520, valid accuracy : 0.72891
Epoch 230/300, loss : 0.38151, auc : 0.86951, accuracy : 0.81518
Epoch 230/300, valid auc : 0.74749, valid accuracy : 0.72944
Epoch 231/300, loss : 0.38115, auc : 0.86964, accuracy : 0.81586
Epoch 231/300, valid auc : 0.74395, valid accuracy : 0.72758
Epoch 232/300, loss : 0.38074, auc : 0.86990, accuracy : 0.81542
Epoch 232/300, valid auc : 0.74647, valid accuracy : 0.72691
Epoch 233/300, loss : 0.37930, auc : 0.87069, accuracy : 0.81596
Epoch 233/300, valid auc : 0.74240, valid accuracy : 0.72853
Epoch 234/300, loss : 0.37968, auc : 0.87044, accuracy : 0.81642
Epoch 234/300, valid auc : 0.74368, valid accuracy : 0.72906
Epoch 235/300, loss : 0.38230, auc : 0.86940, accuracy : 0.81496
Epoch 235/300, valid auc : 0.74361, valid accuracy : 0.72718
Epoch 236/300, loss : 0.37967, auc : 0.87103, accuracy : 0.81638
Epoch 236/300, valid auc : 0.74074, valid accuracy : 0.72647
Epoch 237/300, loss : 0.37631, auc : 0.87240, accuracy : 0.81764
Epoch 237/300, valid auc : 0.74069, valid accuracy : 0.72733
Epoch 238/300, loss : 0.37386, auc : 0.87329, accuracy : 0.81882
Epoch 238/300, valid auc : 0.73970, valid accuracy : 0.72443
Epoch 239/300, loss : 0.37397, auc : 0.87344, accuracy : 0.81857
Epoch 239/300, valid auc : 0.74004, valid accuracy : 0.72624
Epoch 240/300, loss : 0.37544, auc : 0.87245, accuracy : 0.81781
Epoch 240/300, valid auc : 0.74315, valid accuracy : 0.72729
Epoch 241/300, loss : 0.37339, auc : 0.87382, accuracy : 0.81873
Epoch 241/300, valid auc : 0.73992, valid accuracy : 0.72605
Epoch 242/300, loss : 0.38069, auc : 0.87062, accuracy : 0.81657
Epoch 242/300, valid auc : 0.74594, valid accuracy : 0.72925
Epoch 243/300, loss : 0.37879, auc : 0.87161, accuracy : 0.81669
Epoch 243/300, valid auc : 0.74350, valid accuracy : 0.72706
Epoch 244/300, loss : 0.37696, auc : 0.87232, accuracy : 0.81746
Epoch 244/300, valid auc : 0.74405, valid accuracy : 0.72634
Epoch 245/300, loss : 0.37193, auc : 0.87475, accuracy : 0.81990
Epoch 245/300, valid auc : 0.74345, valid accuracy : 0.72859
Epoch 246/300, loss : 0.36960, auc : 0.87575, accuracy : 0.82075
Epoch 246/300, valid auc : 0.74000, valid accuracy : 0.72419
Epoch 247/300, loss : 0.37000, auc : 0.87558, accuracy : 0.82049
Epoch 247/300, valid auc : 0.73768, valid accuracy : 0.72708
Epoch 248/300, loss : 0.37442, auc : 0.87369, accuracy : 0.81823
Epoch 248/300, valid auc : 0.74129, valid accuracy : 0.72666
Epoch 249/300, loss : 0.37444, auc : 0.87415, accuracy : 0.81886
Epoch 249/300, valid auc : 0.74100, valid accuracy : 0.72501
Epoch 250/300, loss : 0.36823, auc : 0.87679, accuracy : 0.82162
Epoch 250/300, valid auc : 0.73865, valid accuracy : 0.72337
Epoch 251/300, loss : 0.36732, auc : 0.87709, accuracy : 0.82153
Epoch 251/300, valid auc : 0.73418, valid accuracy : 0.72234
Epoch 252/300, loss : 0.36958, auc : 0.87646, accuracy : 0.82108
Epoch 252/300, valid auc : 0.74039, valid accuracy : 0.72550
Epoch 253/300, loss : 0.36972, auc : 0.87613, accuracy : 0.82128
Epoch 253/300, valid auc : 0.73921, valid accuracy : 0.72552
Epoch 254/300, loss : 0.36711, auc : 0.87710, accuracy : 0.82157
Epoch 254/300, valid auc : 0.73316, valid accuracy : 0.72295
Epoch 255/300, loss : 0.36452, auc : 0.87844, accuracy : 0.82289
Epoch 255/300, valid auc : 0.73512, valid accuracy : 0.72043
Epoch 256/300, loss : 0.36398, auc : 0.87894, accuracy : 0.82325
Epoch 256/300, valid auc : 0.73916, valid accuracy : 0.72381
Epoch 257/300, loss : 0.36988, auc : 0.87608, accuracy : 0.82017
Epoch 257/300, valid auc : 0.73840, valid accuracy : 0.72630
Epoch 258/300, loss : 0.36711, auc : 0.87751, accuracy : 0.82211
Epoch 258/300, valid auc : 0.73901, valid accuracy : 0.72295
Epoch 259/300, loss : 0.36327, auc : 0.87946, accuracy : 0.82371
Epoch 259/300, valid auc : 0.73260, valid accuracy : 0.72453
Epoch 260/300, loss : 0.36260, auc : 0.87971, accuracy : 0.82382
Epoch 260/300, valid auc : 0.73104, valid accuracy : 0.71672
Epoch 261/300, loss : 0.36334, auc : 0.87935, accuracy : 0.82371
Epoch 261/300, valid auc : 0.73247, valid accuracy : 0.72369
Epoch 262/300, loss : 0.36520, auc : 0.87875, accuracy : 0.82243
Epoch 262/300, valid auc : 0.73945, valid accuracy : 0.72483
Epoch 263/300, loss : 0.36300, auc : 0.87977, accuracy : 0.82400
Epoch 263/300, valid auc : 0.73938, valid accuracy : 0.72765
Epoch 264/300, loss : 0.36300, auc : 0.87963, accuracy : 0.82330
Epoch 264/300, valid auc : 0.73289, valid accuracy : 0.72051
Epoch 265/300, loss : 0.35793, auc : 0.88200, accuracy : 0.82612
Epoch 265/300, valid auc : 0.73148, valid accuracy : 0.72093
Epoch 266/300, loss : 0.35625, auc : 0.88276, accuracy : 0.82691
Epoch 266/300, valid auc : 0.72933, valid accuracy : 0.71822
Epoch 267/300, loss : 0.35896, auc : 0.88162, accuracy : 0.82575
Epoch 267/300, valid auc : 0.73305, valid accuracy : 0.72411
Epoch 268/300, loss : 0.35851, auc : 0.88202, accuracy : 0.82619
Epoch 268/300, valid auc : 0.72936, valid accuracy : 0.72146
Epoch 269/300, loss : 0.35924, auc : 0.88171, accuracy : 0.82557
Epoch 269/300, valid auc : 0.73023, valid accuracy : 0.72169
Epoch 270/300, loss : 0.35821, auc : 0.88204, accuracy : 0.82663
Epoch 270/300, valid auc : 0.73433, valid accuracy : 0.72537
Epoch 271/300, loss : 0.35731, auc : 0.88233, accuracy : 0.82677
Epoch 271/300, valid auc : 0.73651, valid accuracy : 0.72038
Epoch 272/300, loss : 0.35690, auc : 0.88278, accuracy : 0.82608
Epoch 272/300, valid auc : 0.72999, valid accuracy : 0.72133
Epoch 273/300, loss : 0.35524, auc : 0.88353, accuracy : 0.82695
Epoch 273/300, valid auc : 0.73037, valid accuracy : 0.72381
Epoch 274/300, loss : 0.35403, auc : 0.88401, accuracy : 0.82784
Epoch 274/300, valid auc : 0.72845, valid accuracy : 0.71855
Epoch 275/300, loss : 0.35460, auc : 0.88388, accuracy : 0.82724
Epoch 275/300, valid auc : 0.73116, valid accuracy : 0.72123
Epoch 276/300, loss : 0.35449, auc : 0.88444, accuracy : 0.82819
Epoch 276/300, valid auc : 0.72671, valid accuracy : 0.71918
Epoch 277/300, loss : 0.35881, auc : 0.88197, accuracy : 0.82572
Epoch 277/300, valid auc : 0.73157, valid accuracy : 0.72377
Epoch 278/300, loss : 0.35770, auc : 0.88258, accuracy : 0.82687
Epoch 278/300, valid auc : 0.72873, valid accuracy : 0.71664
Epoch 279/300, loss : 0.35415, auc : 0.88423, accuracy : 0.82811
Epoch 279/300, valid auc : 0.73085, valid accuracy : 0.72066
Epoch 280/300, loss : 0.35017, auc : 0.88603, accuracy : 0.82966
Epoch 280/300, valid auc : 0.72807, valid accuracy : 0.72421
Epoch 281/300, loss : 0.34908, auc : 0.88659, accuracy : 0.83004
Epoch 281/300, valid auc : 0.73539, valid accuracy : 0.72464
Epoch 282/300, loss : 0.35009, auc : 0.88601, accuracy : 0.82981
Epoch 282/300, valid auc : 0.72899, valid accuracy : 0.71851
Epoch 283/300, loss : 0.34988, auc : 0.88635, accuracy : 0.82970
Epoch 283/300, valid auc : 0.72581, valid accuracy : 0.71786
Epoch 284/300, loss : 0.34928, auc : 0.88665, accuracy : 0.83068
Epoch 284/300, valid auc : 0.72940, valid accuracy : 0.72329
Epoch 285/300, loss : 0.35024, auc : 0.88620, accuracy : 0.82946
Epoch 285/300, valid auc : 0.72662, valid accuracy : 0.71961
Epoch 286/300, loss : 0.34851, auc : 0.88697, accuracy : 0.83082
Epoch 286/300, valid auc : 0.72672, valid accuracy : 0.72083
Epoch 287/300, loss : 0.34785, auc : 0.88725, accuracy : 0.83073
Epoch 287/300, valid auc : 0.73253, valid accuracy : 0.72598
Epoch 288/300, loss : 0.34742, auc : 0.88709, accuracy : 0.83045
Epoch 288/300, valid auc : 0.72600, valid accuracy : 0.71464
Epoch 289/300, loss : 0.34706, auc : 0.88786, accuracy : 0.83074
Epoch 289/300, valid auc : 0.72073, valid accuracy : 0.72078
Epoch 290/300, loss : 0.34745, auc : 0.88752, accuracy : 0.83094
Epoch 290/300, valid auc : 0.72741, valid accuracy : 0.71813
Epoch 291/300, loss : 0.34674, auc : 0.88823, accuracy : 0.83120
Epoch 291/300, valid auc : 0.72719, valid accuracy : 0.71847
Epoch 292/300, loss : 0.34552, auc : 0.88846, accuracy : 0.83152
Epoch 292/300, valid auc : 0.72433, valid accuracy : 0.71885
Epoch 293/300, loss : 0.34420, auc : 0.88888, accuracy : 0.83201
Epoch 293/300, valid auc : 0.72474, valid accuracy : 0.72135
Epoch 294/300, loss : 0.34535, auc : 0.88861, accuracy : 0.83204
Epoch 294/300, valid auc : 0.72787, valid accuracy : 0.71788
Epoch 295/300, loss : 0.34537, auc : 0.88862, accuracy : 0.83159
Epoch 295/300, valid auc : 0.72284, valid accuracy : 0.72186
Epoch 296/300, loss : 0.34383, auc : 0.88931, accuracy : 0.83291
Epoch 296/300, valid auc : 0.72985, valid accuracy : 0.72009
Epoch 297/300, loss : 0.34086, auc : 0.89078, accuracy : 0.83393
Epoch 297/300, valid auc : 0.72083, valid accuracy : 0.71862
Epoch 298/300, loss : 0.33963, auc : 0.89115, accuracy : 0.83440
Epoch 298/300, valid auc : 0.72309, valid accuracy : 0.71548
Epoch 299/300, loss : 0.33891, auc : 0.89165, accuracy : 0.83465
Epoch 299/300, valid auc : 0.72970, valid accuracy : 0.72318
Epoch 300/300, loss : 0.34311, auc : 0.88978, accuracy : 0.83275
Epoch 300/300, valid auc : 0.72308, valid accuracy : 0.71729
best outcome: best epoch: 76.0000
valid_auc: 0.8029	valid_accuracy: 0.7593	valid_loss: 0.5023	
test_auc: 0.7960	test_accuracy: 0.7585	test_loss: 0.5040	
